Cas operons file:    Unnamed: 0         Contig  ...           locus_id           sample
0           2  NZ_CP017173.1  ...  GCF_006402415.1_2  GCF_006402415.1

[1 rows x 19 columns]
The chosen contig: NZ_CP017173.1
type: CDS
location: [9061769:9061940](-)
id: cds-WP_237080072.1
qualifiers:
    Key: Dbxref, Value: ['GenBank:WP_237080072.1']
    Key: ID, Value: ['cds-WP_237080072.1']
    Key: Name, Value: ['WP_237080072.1']
    Key: Parent, Value: ['gene-BHS08_RS37385']
    Key: gbkey, Value: ['CDS']
    Key: inference, Value: ['COORDINATES: ab initio prediction:GeneMarkS-2+']
    Key: locus_tag, Value: ['BHS08_RS37385']
    Key: phase, Value: ['0']
    Key: product, Value: ['hypothetical protein']
    Key: protein_id, Value: ['WP_237080072.1']
    Key: source, Value: ['GeneMarkS-2+']
    Key: transl_table, Value: ['11']

GF(None, 3832-4003 (-1))
type: CDS
location: [9061936:9063013](-)
id: cds-WP_140800463.1
qualifiers:
    Key: Dbxref, Value: ['GenBank:WP_140800463.1']
    Key: ID, Value: ['cds-WP_140800463.1']
    Key: Name, Value: ['WP_140800463.1']
    Key: Ontology_term, Value: ['GO:0043571', 'GO:0003674']
    Key: Parent, Value: ['gene-BHS08_RS37390']
    Key: gbkey, Value: ['CDS']
    Key: gene, Value: ['cmr6']
    Key: go_function, Value: ['molecular_function|0003674||IEA']
    Key: go_process, Value: ['maintenance of CRISPR repeat elements|0043571||IEA']
    Key: inference, Value: ['COORDINATES: similar to AA sequence:RefSeq:WP_011557196.1']
    Key: locus_tag, Value: ['BHS08_RS37390']
    Key: phase, Value: ['0']
    Key: product, Value: ['type III-B CRISPR module RAMP protein Cmr6']
    Key: protein_id, Value: ['WP_140800463.1']
    Key: source, Value: ['Protein Homology']
    Key: transl_table, Value: ['11']

GF(type III-B CRISPR module RAMP protein Cmr6, 3999-5076 (-1))
type: CDS
location: [9063005:9063413](-)
id: cds-WP_140800464.1
qualifiers:
    Key: Dbxref, Value: ['GenBank:WP_140800464.1']
    Key: ID, Value: ['cds-WP_140800464.1']
    Key: Name, Value: ['WP_140800464.1']
    Key: Ontology_term, Value: ['GO:0043571', 'GO:0003674']
    Key: Parent, Value: ['gene-BHS08_RS37395']
    Key: gbkey, Value: ['CDS']
    Key: gene, Value: ['cmr5']
    Key: go_function, Value: ['molecular_function|0003674||IEA']
    Key: go_process, Value: ['maintenance of CRISPR repeat elements|0043571||IEA']
    Key: inference, Value: ['COORDINATES: similar to AA sequence:RefSeq:WP_011557197.1']
    Key: locus_tag, Value: ['BHS08_RS37395']
    Key: phase, Value: ['0']
    Key: product, Value: ['type III-B CRISPR module-associated protein Cmr5']
    Key: protein_id, Value: ['WP_140800464.1']
    Key: source, Value: ['Protein Homology']
    Key: transl_table, Value: ['11']

GF(type III-B CRISPR module-associated protein Cmr5, 5068-5476 (-1))
type: CDS
location: [9063409:9064354](-)
id: cds-WP_140800465.1
qualifiers:
    Key: Dbxref, Value: ['GenBank:WP_140800465.1']
    Key: ID, Value: ['cds-WP_140800465.1']
    Key: Name, Value: ['WP_140800465.1']
    Key: Ontology_term, Value: ['GO:0043571', 'GO:0003674']
    Key: Parent, Value: ['gene-BHS08_RS37400']
    Key: gbkey, Value: ['CDS']
    Key: gene, Value: ['cmr4']
    Key: go_function, Value: ['molecular_function|0003674||IEA']
    Key: go_process, Value: ['maintenance of CRISPR repeat elements|0043571||IEA']
    Key: inference, Value: ['COORDINATES: similar to AA sequence:RefSeq:WP_011557198.1']
    Key: locus_tag, Value: ['BHS08_RS37400']
    Key: phase, Value: ['0']
    Key: product, Value: ['type III-B CRISPR module RAMP protein Cmr4']
    Key: protein_id, Value: ['WP_140800465.1']
    Key: source, Value: ['Protein Homology']
    Key: transl_table, Value: ['11']

GF(type III-B CRISPR module RAMP protein Cmr4, 5472-6417 (-1))
type: CDS
location: [9064356:9065565](-)
id: cds-WP_140800466.1
qualifiers:
    Key: Dbxref, Value: ['GenBank:WP_140800466.1']
    Key: ID, Value: ['cds-WP_140800466.1']
    Key: Name, Value: ['WP_140800466.1']
    Key: Parent, Value: ['gene-BHS08_RS37405']
    Key: gbkey, Value: ['CDS']
    Key: inference, Value: ['COORDINATES: similar to AA sequence:RefSeq:WP_011557199.1']
    Key: locus_tag, Value: ['BHS08_RS37405']
    Key: phase, Value: ['0']
    Key: product, Value: ['type III-B CRISPR module-associated Cmr3 family protein']
    Key: protein_id, Value: ['WP_140800466.1']
    Key: source, Value: ['Protein Homology']
    Key: transl_table, Value: ['11']

GF(type III-B CRISPR module-associated Cmr3 family protein, 6419-7628 (-1))
type: CDS
location: [9065561:9067346](-)
id: cds-WP_140800467.1
qualifiers:
    Key: Dbxref, Value: ['GenBank:WP_140800467.1']
    Key: ID, Value: ['cds-WP_140800467.1']
    Key: Name, Value: ['WP_140800467.1']
    Key: Ontology_term, Value: ['GO:0043571', 'GO:0003674']
    Key: Parent, Value: ['gene-BHS08_RS37410']
    Key: gbkey, Value: ['CDS']
    Key: gene, Value: ['cas10']
    Key: go_function, Value: ['molecular_function|0003674||IEA']
    Key: go_process, Value: ['maintenance of CRISPR repeat elements|0043571||IEA']
    Key: inference, Value: ['COORDINATES: similar to AA sequence:RefSeq:WP_013937072.1']
    Key: locus_tag, Value: ['BHS08_RS37410']
    Key: phase, Value: ['0']
    Key: product, Value: ['type III-B CRISPR-associated protein Cas10/Cmr2']
    Key: protein_id, Value: ['WP_140800467.1']
    Key: source, Value: ['Protein Homology']
    Key: transl_table, Value: ['11']

GF(type III-B CRISPR-associated protein Cas10/Cmr2, 7624-9409 (-1))
type: CDS
location: [9067350:9068829](-)
id: cds-WP_140800468.1
qualifiers:
    Key: Dbxref, Value: ['GenBank:WP_140800468.1']
    Key: ID, Value: ['cds-WP_140800468.1']
    Key: Name, Value: ['WP_140800468.1']
    Key: Parent, Value: ['gene-BHS08_RS37415']
    Key: gbkey, Value: ['CDS']
    Key: inference, Value: ['COORDINATES: similar to AA sequence:RefSeq:WP_011557201.1']
    Key: locus_tag, Value: ['BHS08_RS37415']
    Key: phase, Value: ['0']
    Key: product, Value: ['RAMP superfamily CRISPR-associated protein']
    Key: protein_id, Value: ['WP_140800468.1']
    Key: source, Value: ['Protein Homology']
    Key: transl_table, Value: ['11']

GF(RAMP superfamily CRISPR-associated protein, 9413-10892 (-1))
type: CDS
location: [9068924:9070754](-)
id: cds-WP_140800469.1
qualifiers:
    Key: Dbxref, Value: ['GenBank:WP_140800469.1']
    Key: ID, Value: ['cds-WP_140800469.1']
    Key: Name, Value: ['WP_140800469.1']
    Key: Parent, Value: ['gene-BHS08_RS37420']
    Key: gbkey, Value: ['CDS']
    Key: inference, Value: ['COORDINATES: similar to AA sequence:RefSeq:WP_002640000.1']
    Key: locus_tag, Value: ['BHS08_RS37420']
    Key: phase, Value: ['0']
    Key: product, Value: ['SAVED domain-containing protein']
    Key: protein_id, Value: ['WP_140800469.1']
    Key: source, Value: ['Protein Homology']
    Key: transl_table, Value: ['11']

GF(SAVED domain-containing protein, 10987-12817 (-1))
type: CDS
location: [9070854:9071718](-)
id: cds-WP_140800470.1
qualifiers:
    Key: Dbxref, Value: ['GenBank:WP_140800470.1']
    Key: ID, Value: ['cds-WP_140800470.1']
    Key: Name, Value: ['WP_140800470.1']
    Key: Parent, Value: ['gene-BHS08_RS37425']
    Key: gbkey, Value: ['CDS']
    Key: inference, Value: ['COORDINATES: similar to AA sequence:RefSeq:WP_002639999.1']
    Key: locus_tag, Value: ['BHS08_RS37425']
    Key: phase, Value: ['0']
    Key: product, Value: ['nucleotidyltransferase']
    Key: protein_id, Value: ['WP_140800470.1']
    Key: source, Value: ['Protein Homology']
    Key: transl_table, Value: ['11']

GF(nucleotidyltransferase, 12917-13781 (-1))
type: CDS
location: [9071808:9072657](-)
id: cds-WP_140800471.1
qualifiers:
    Key: Dbxref, Value: ['GenBank:WP_140800471.1']
    Key: ID, Value: ['cds-WP_140800471.1']
    Key: Name, Value: ['WP_140800471.1']
    Key: Ontology_term, Value: ['GO:0006468', 'GO:0004674', 'GO:0005524']
    Key: Parent, Value: ['gene-BHS08_RS37430']
    Key: gbkey, Value: ['CDS']
    Key: go_function, Value: ['protein serine/threonine kinase activity|0004674||IEA', 'ATP binding|0005524||IEA']
    Key: go_process, Value: ['protein phosphorylation|0006468||IEA']
    Key: inference, Value: ['COORDINATES: similar to AA sequence:RefSeq:WP_002639998.1']
    Key: locus_tag, Value: ['BHS08_RS37430']
    Key: phase, Value: ['0']
    Key: product, Value: ['serine/threonine-protein kinase']
    Key: protein_id, Value: ['WP_140800471.1']
    Key: source, Value: ['Protein Homology']
    Key: transl_table, Value: ['11']

GF(serine/threonine-protein kinase, 13871-14720 (-1))
type: repeat_region
location: [9058232:9061371](+)
id: NZ_CP017173.1_4
qualifiers:
    Key: Dbxref, Value: ['SO:0001459']
    Key: ID, Value: ['NZ_CP017173.1_4']
    Key: Note, Value: ['GTGCTCAACGCCTTCCGGCATCACGGCGAGCGGGAC']
    Key: Ontology_term, Value: ['CRISPR']
    Key: score, Value: ['3139']
    Key: source, Value: ['CCTyper']

GF(Repeat region, 295-3434 (0))
[GF(None, 3832-4003 (-1)), GF(type III-B CRISPR module RAMP protein Cmr6, 3999-5076 (-1)), GF(type III-B CRISPR module-associated protein Cmr5, 5068-5476 (-1)), GF(type III-B CRISPR module RAMP protein Cmr4, 5472-6417 (-1)), GF(type III-B CRISPR module-associated Cmr3 family protein, 6419-7628 (-1)), GF(type III-B CRISPR-associated protein Cas10/Cmr2, 7624-9409 (-1)), GF(RAMP superfamily CRISPR-associated protein, 9413-10892 (-1)), GF(SAVED domain-containing protein, 10987-12817 (-1)), GF(nucleotidyltransferase, 12917-13781 (-1)), GF(serine/threonine-protein kinase, 13871-14720 (-1)), GF(Repeat region, 295-3434 (0)), GF(CRISPR-Cas locus, 4000-10892 (0))]
