Cas operons file:    Unnamed: 0         Contig  ...           locus_id           sample
0           0  NZ_CP097810.1  ...  GCF_000364165.2_0  GCF_000364165.2

[1 rows x 19 columns]
The chosen contig: NZ_CP097810.1
type: CDS
location: [2533093:2534290](-)
id: cds-WP_162213014.1
qualifiers:
    Key: Dbxref, Value: ['GenBank:WP_162213014.1']
    Key: ID, Value: ['cds-WP_162213014.1']
    Key: Name, Value: ['WP_162213014.1']
    Key: Parent, Value: ['gene-C820_RS12505']
    Key: gbkey, Value: ['CDS']
    Key: inference, Value: ['COORDINATES: similar to AA sequence:RefSeq:WP_004036653.1']
    Key: locus_tag, Value: ['C820_RS12505']
    Key: phase, Value: ['0']
    Key: product, Value: ['hypothetical protein']
    Key: protein_id, Value: ['WP_162213014.1']
    Key: source, Value: ['Protein Homology']
    Key: transl_table, Value: ['11']

GF(None, 354-1551 (-1))
type: CDS
location: [2534543:2535851](-)
id: cds-WP_242824472.1
qualifiers:
    Key: Dbxref, Value: ['GenBank:WP_242824472.1']
    Key: ID, Value: ['cds-WP_242824472.1']
    Key: Name, Value: ['WP_242824472.1']
    Key: Parent, Value: ['gene-C820_RS12510']
    Key: gbkey, Value: ['CDS']
    Key: inference, Value: ['COORDINATES: protein motif:HMM:NF017390.2']
    Key: locus_tag, Value: ['C820_RS12510']
    Key: phase, Value: ['0']
    Key: product, Value: ['M56 family metallopeptidase']
    Key: protein_id, Value: ['WP_242824472.1']
    Key: source, Value: ['Protein Homology']
    Key: transl_table, Value: ['11']

GF(M56 family metallopeptidase, 1804-3112 (-1))
type: CDS
location: [2535856:2536231](-)
id: cds-WP_004033282.1
qualifiers:
    Key: Dbxref, Value: ['GenBank:WP_004033282.1']
    Key: ID, Value: ['cds-WP_004033282.1']
    Key: Name, Value: ['WP_004033282.1']
    Key: Ontology_term, Value: ['GO:0045892', 'GO:0003677']
    Key: Parent, Value: ['gene-C820_RS12515']
    Key: gbkey, Value: ['CDS']
    Key: go_function, Value: ['DNA binding|0003677||IEA']
    Key: go_process, Value: ['negative regulation of DNA-templated transcription|0045892||IEA']
    Key: inference, Value: ['COORDINATES: protein motif:HMM:NF015898.2']
    Key: locus_tag, Value: ['C820_RS12515']
    Key: phase, Value: ['0']
    Key: product, Value: ['BlaI/MecI/CopY family transcriptional regulator']
    Key: protein_id, Value: ['WP_004033282.1']
    Key: source, Value: ['Protein Homology']
    Key: transl_table, Value: ['11']

GF(BlaI/MecI/CopY family transcriptional regulator, 3117-3492 (-1))
type: CDS
location: [2536738:2537497](+)
id: cds-WP_004033281.1
qualifiers:
    Key: Dbxref, Value: ['GenBank:WP_004033281.1']
    Key: ID, Value: ['cds-WP_004033281.1']
    Key: Name, Value: ['WP_004033281.1']
    Key: Parent, Value: ['gene-C820_RS12520']
    Key: gbkey, Value: ['CDS']
    Key: gene, Value: ['cas6']
    Key: inference, Value: ['COORDINATES: protein motif:HMM:NF021551.2']
    Key: locus_tag, Value: ['C820_RS12520']
    Key: phase, Value: ['0']
    Key: product, Value: ['CRISPR system precrRNA processing endoribonuclease RAMP protein Cas6']
    Key: protein_id, Value: ['WP_004033281.1']
    Key: source, Value: ['Protein Homology']
    Key: transl_table, Value: ['11']

GF(CRISPR system precrRNA processing endoribonuclease RAMP protein Cas6, 3999-4758 (1))
type: CDS
location: [2537489:2539814](+)
id: cds-WP_004033280.1
qualifiers:
    Key: Dbxref, Value: ['GenBank:WP_004033280.1']
    Key: ID, Value: ['cds-WP_004033280.1']
    Key: Name, Value: ['WP_004033280.1']
    Key: Ontology_term, Value: ['GO:0043571', 'GO:0003674']
    Key: Parent, Value: ['gene-C820_RS12525']
    Key: gbkey, Value: ['CDS']
    Key: gene, Value: ['cas10']
    Key: go_function, Value: ['molecular_function|0003674||IEA']
    Key: go_process, Value: ['maintenance of CRISPR repeat elements|0043571||IEA']
    Key: inference, Value: ['COORDINATES: similar to AA sequence:RefSeq:WP_008703381.1']
    Key: locus_tag, Value: ['C820_RS12525']
    Key: phase, Value: ['0']
    Key: product, Value: ['type III-A CRISPR-associated protein Cas10/Csm1']
    Key: protein_id, Value: ['WP_004033280.1']
    Key: source, Value: ['Protein Homology']
    Key: transl_table, Value: ['11']

GF(type III-A CRISPR-associated protein Cas10/Csm1, 4750-7075 (1))
type: CDS
location: [2539815:2540190](+)
id: cds-WP_004033278.1
qualifiers:
    Key: Dbxref, Value: ['GenBank:WP_004033278.1']
    Key: ID, Value: ['cds-WP_004033278.1']
    Key: Name, Value: ['WP_004033278.1']
    Key: Ontology_term, Value: ['GO:0043571', 'GO:0003674']
    Key: Parent, Value: ['gene-C820_RS12530']
    Key: gbkey, Value: ['CDS']
    Key: gene, Value: ['csm2']
    Key: go_function, Value: ['molecular_function|0003674||IEA']
    Key: go_process, Value: ['maintenance of CRISPR repeat elements|0043571||IEA']
    Key: inference, Value: ['COORDINATES: similar to AA sequence:RefSeq:WP_006855567.1']
    Key: locus_tag, Value: ['C820_RS12530']
    Key: phase, Value: ['0']
    Key: product, Value: ['type III-A CRISPR-associated protein Csm2']
    Key: protein_id, Value: ['WP_004033278.1']
    Key: source, Value: ['Protein Homology']
    Key: transl_table, Value: ['11']

GF(type III-A CRISPR-associated protein Csm2, 7076-7451 (1))
type: CDS
location: [2540202:2540862](+)
id: cds-WP_004033276.1
qualifiers:
    Key: Dbxref, Value: ['GenBank:WP_004033276.1']
    Key: ID, Value: ['cds-WP_004033276.1']
    Key: Name, Value: ['WP_004033276.1']
    Key: Ontology_term, Value: ['GO:0043571', 'GO:0003674']
    Key: Parent, Value: ['gene-C820_RS12535']
    Key: gbkey, Value: ['CDS']
    Key: gene, Value: ['csm3']
    Key: go_function, Value: ['molecular_function|0003674||IEA']
    Key: go_process, Value: ['maintenance of CRISPR repeat elements|0043571||IEA']
    Key: inference, Value: ['COORDINATES: similar to AA sequence:RefSeq:WP_009220638.1']
    Key: locus_tag, Value: ['C820_RS12535']
    Key: phase, Value: ['0']
    Key: product, Value: ['type III-A CRISPR-associated RAMP protein Csm3']
    Key: protein_id, Value: ['WP_004033276.1']
    Key: source, Value: ['Protein Homology']
    Key: transl_table, Value: ['11']

GF(type III-A CRISPR-associated RAMP protein Csm3, 7463-8123 (1))
type: CDS
location: [2540864:2541797](+)
id: cds-WP_004033274.1
qualifiers:
    Key: Dbxref, Value: ['GenBank:WP_004033274.1']
    Key: ID, Value: ['cds-WP_004033274.1']
    Key: Name, Value: ['WP_004033274.1']
    Key: Ontology_term, Value: ['GO:0043571', 'GO:0003674']
    Key: Parent, Value: ['gene-C820_RS12540']
    Key: gbkey, Value: ['CDS']
    Key: gene, Value: ['csm4']
    Key: go_function, Value: ['molecular_function|0003674||IEA']
    Key: go_process, Value: ['maintenance of CRISPR repeat elements|0043571||IEA']
    Key: inference, Value: ['COORDINATES: protein motif:HMM:TIGR01903.1']
    Key: locus_tag, Value: ['C820_RS12540']
    Key: phase, Value: ['0']
    Key: product, Value: ['type III-A CRISPR-associated RAMP protein Csm4']
    Key: protein_id, Value: ['WP_004033274.1']
    Key: source, Value: ['Protein Homology']
    Key: transl_table, Value: ['11']

GF(type III-A CRISPR-associated RAMP protein Csm4, 8125-9058 (1))
type: CDS
location: [2541796:2542891](+)
id: cds-WP_004033273.1
qualifiers:
    Key: Dbxref, Value: ['GenBank:WP_004033273.1']
    Key: ID, Value: ['cds-WP_004033273.1']
    Key: Name, Value: ['WP_004033273.1']
    Key: Ontology_term, Value: ['GO:0043571', 'GO:0003674']
    Key: Parent, Value: ['gene-C820_RS12545']
    Key: gbkey, Value: ['CDS']
    Key: gene, Value: ['csm5']
    Key: go_function, Value: ['molecular_function|0003674||IEA']
    Key: go_process, Value: ['maintenance of CRISPR repeat elements|0043571||IEA']
    Key: inference, Value: ['COORDINATES: protein motif:HMM:NF015728.2']
    Key: locus_tag, Value: ['C820_RS12545']
    Key: phase, Value: ['0']
    Key: product, Value: ['type III-A CRISPR-associated RAMP protein Csm5']
    Key: protein_id, Value: ['WP_004033273.1']
    Key: source, Value: ['Protein Homology']
    Key: transl_table, Value: ['11']

GF(type III-A CRISPR-associated RAMP protein Csm5, 9057-10152 (1))
type: CDS
location: [2542895:2543903](+)
id: cds-WP_004033271.1
qualifiers:
    Key: Dbxref, Value: ['GenBank:WP_004033271.1']
    Key: ID, Value: ['cds-WP_004033271.1']
    Key: Name, Value: ['WP_004033271.1']
    Key: Ontology_term, Value: ['GO:0043571', 'GO:0004520', 'GO:0046872']
    Key: Parent, Value: ['gene-C820_RS12550']
    Key: gbkey, Value: ['CDS']
    Key: gene, Value: ['cas1']
    Key: go_function, Value: ['DNA endonuclease activity|0004520||IEA', 'metal ion binding|0046872||IEA']
    Key: go_process, Value: ['maintenance of CRISPR repeat elements|0043571||IEA']
    Key: inference, Value: ['COORDINATES: similar to AA sequence:RefSeq:WP_004052209.1']
    Key: locus_tag, Value: ['C820_RS12550']
    Key: phase, Value: ['0']
    Key: product, Value: ['CRISPR-associated endonuclease Cas1']
    Key: protein_id, Value: ['WP_004033271.1']
    Key: source, Value: ['Protein Homology']
    Key: transl_table, Value: ['11']

GF(CRISPR-associated endonuclease Cas1, 10156-11164 (1))
type: CDS
location: [2543908:2544232](+)
id: cds-WP_180321621.1
qualifiers:
    Key: Dbxref, Value: ['GenBank:WP_180321621.1']
    Key: ID, Value: ['cds-WP_180321621.1']
    Key: Name, Value: ['WP_180321621.1']
    Key: Ontology_term, Value: ['GO:0043571', 'GO:0004521']
    Key: Parent, Value: ['gene-C820_RS12555']
    Key: gbkey, Value: ['CDS']
    Key: gene, Value: ['cas2']
    Key: go_function, Value: ['RNA endonuclease activity|0004521||IEA']
    Key: go_process, Value: ['maintenance of CRISPR repeat elements|0043571||IEA']
    Key: inference, Value: ['COORDINATES: protein motif:HMM:TIGR01573.1']
    Key: locus_tag, Value: ['C820_RS12555']
    Key: phase, Value: ['0']
    Key: product, Value: ['CRISPR-associated endonuclease Cas2']
    Key: protein_id, Value: ['WP_180321621.1']
    Key: source, Value: ['Protein Homology']
    Key: transl_table, Value: ['11']

GF(CRISPR-associated endonuclease Cas2, 11169-11493 (1))
type: CDS
location: [2544266:2545607](+)
id: cds-WP_004033267.1
qualifiers:
    Key: Dbxref, Value: ['GenBank:WP_004033267.1']
    Key: ID, Value: ['cds-WP_004033267.1']
    Key: Name, Value: ['WP_004033267.1']
    Key: Parent, Value: ['gene-C820_RS12560']
    Key: gbkey, Value: ['CDS']
    Key: inference, Value: ['COORDINATES: protein motif:HMM:NF021196.2']
    Key: locus_tag, Value: ['C820_RS12560']
    Key: phase, Value: ['0']
    Key: product, Value: ['CRISPR type III-a/mtube-associated protein csm6']
    Key: protein_id, Value: ['WP_004033267.1']
    Key: source, Value: ['Protein Homology']
    Key: transl_table, Value: ['11']

GF(CRISPR type III-a/mtube-associated protein csm6, 11527-12868 (1))
type: CDS
location: [2547179:2547512](-)
id: cds-WP_004033265.1
qualifiers:
    Key: Dbxref, Value: ['GenBank:WP_004033265.1']
    Key: ID, Value: ['cds-WP_004033265.1']
    Key: Name, Value: ['WP_004033265.1']
    Key: Parent, Value: ['gene-C820_RS12565']
    Key: gbkey, Value: ['CDS']
    Key: inference, Value: ['COORDINATES: protein motif:HMM:NF016370.2']
    Key: locus_tag, Value: ['C820_RS12565']
    Key: phase, Value: ['0']
    Key: product, Value: ['DUF559 domain-containing protein']
    Key: protein_id, Value: ['WP_004033265.1']
    Key: source, Value: ['Protein Homology']
    Key: transl_table, Value: ['11']

GF(DUF559 domain-containing protein, 14440-14773 (-1))
type: CDS
location: [2547505:2548048](-)
id: cds-WP_004033263.1
qualifiers:
    Key: Dbxref, Value: ['GenBank:WP_004033263.1']
    Key: ID, Value: ['cds-WP_004033263.1']
    Key: Name, Value: ['WP_004033263.1']
    Key: Parent, Value: ['gene-C820_RS12570']
    Key: gbkey, Value: ['CDS']
    Key: inference, Value: ['COORDINATES: ab initio prediction:GeneMarkS-2+']
    Key: locus_tag, Value: ['C820_RS12570']
    Key: phase, Value: ['0']
    Key: product, Value: ['hypothetical protein']
    Key: protein_id, Value: ['WP_004033263.1']
    Key: source, Value: ['GeneMarkS-2+']
    Key: transl_table, Value: ['11']

GF(None, 14766-15309 (-1))
type: CDS
location: [2549149:2549308](+)
id: cds-WP_180321619.1
qualifiers:
    Key: Dbxref, Value: ['GenBank:WP_180321619.1']
    Key: ID, Value: ['cds-WP_180321619.1']
    Key: Name, Value: ['WP_180321619.1']
    Key: Parent, Value: ['gene-C820_RS12575']
    Key: gbkey, Value: ['CDS']
    Key: inference, Value: ['COORDINATES: ab initio prediction:GeneMarkS-2+']
    Key: locus_tag, Value: ['C820_RS12575']
    Key: phase, Value: ['0']
    Key: product, Value: ['hypothetical protein']
    Key: protein_id, Value: ['WP_180321619.1']
    Key: source, Value: ['GeneMarkS-2+']
    Key: transl_table, Value: ['11']

GF(None, 16410-16569 (1))
type: repeat_region
location: [2545822:2546843](+)
id: NZ_CP097810.1_1
qualifiers:
    Key: Dbxref, Value: ['SO:0001459']
    Key: ID, Value: ['NZ_CP097810.1_1']
    Key: Note, Value: ['ATTTGCAAATACGACTCCCCGTTAGGGGACGGAAAC']
    Key: Ontology_term, Value: ['CRISPR']
    Key: score, Value: ['1021']
    Key: source, Value: ['CCTyper']

GF(Repeat region, 13083-14104 (0))
graphic feature from known effectors: GF(csm6-ca6, 11528-12868 (1))
[GF(None, 354-1551 (-1)), GF(M56 family metallopeptidase, 1804-3112 (-1)), GF(BlaI/MecI/CopY family transcriptional regulator, 3117-3492 (-1)), GF(CRISPR system precrRNA processing endoribonuclease RAMP protein Cas6, 3999-4758 (1)), GF(type III-A CRISPR-associated protein Cas10/Csm1, 4750-7075 (1)), GF(type III-A CRISPR-associated protein Csm2, 7076-7451 (1)), GF(type III-A CRISPR-associated RAMP protein Csm3, 7463-8123 (1)), GF(type III-A CRISPR-associated RAMP protein Csm4, 8125-9058 (1)), GF(type III-A CRISPR-associated RAMP protein Csm5, 9057-10152 (1)), GF(CRISPR-associated endonuclease Cas1, 10156-11164 (1)), GF(CRISPR-associated endonuclease Cas2, 11169-11493 (1)), GF(CRISPR type III-a/mtube-associated protein csm6, 11527-12868 (1)), GF(DUF559 domain-containing protein, 14440-14773 (-1)), GF(None, 14766-15309 (-1)), GF(None, 16410-16569 (1)), GF(Repeat region, 13083-14104 (0)), GF(csm6-ca6, 11528-12868 (1)), GF(CRISPR-Cas locus, 4000-12868 (0))]
