Cas operons file:    Unnamed: 0         Contig  ...           locus_id           sample
0           1  NZ_LT907978.1  ...  GCF_900209925.1_1  GCF_900209925.1

[1 rows x 19 columns]
The chosen contig: NZ_LT907978.1
type: CDS
location: [2447883:2448195](-)
id: cds-WP_096240880.1
qualifiers:
    Key: Dbxref, Value: ['GenBank:WP_096240880.1']
    Key: ID, Value: ['cds-WP_096240880.1']
    Key: Name, Value: ['WP_096240880.1']
    Key: Parent, Value: ['gene-EHLA_RS11175']
    Key: gbkey, Value: ['CDS']
    Key: inference, Value: ['COORDINATES: ab initio prediction:GeneMarkS-2+']
    Key: locus_tag, Value: ['EHLA_RS11175']
    Key: phase, Value: ['0']
    Key: product, Value: ['hypothetical protein']
    Key: protein_id, Value: ['WP_096240880.1']
    Key: source, Value: ['GeneMarkS-2+']
    Key: transl_table, Value: ['11']

GF(None, 111-423 (-1))
type: CDS
location: [2448351:2448993](-)
id: cds-WP_096240881.1
qualifiers:
    Key: Dbxref, Value: ['GenBank:WP_096240881.1']
    Key: ID, Value: ['cds-WP_096240881.1']
    Key: Name, Value: ['WP_096240881.1']
    Key: Ontology_term, Value: ['GO:0008233', 'GO:0070007']
    Key: Parent, Value: ['gene-EHLA_RS11180']
    Key: gbkey, Value: ['CDS']
    Key: go_function, Value: ['peptidase activity|0008233||IEA', 'glutamic-type endopeptidase activity|0070007||IEA']
    Key: inference, Value: ['COORDINATES: similar to AA sequence:RefSeq:WP_005348701.1']
    Key: locus_tag, Value: ['EHLA_RS11180']
    Key: phase, Value: ['0']
    Key: product, Value: ['PrsW family glutamic-type intramembrane protease']
    Key: protein_id, Value: ['WP_096240881.1']
    Key: source, Value: ['Protein Homology']
    Key: transl_table, Value: ['11']

GF(PrsW family glutamic-type intramembrane protease, 579-1221 (-1))
type: CDS
location: [2448979:2449603](-)
id: cds-WP_096240882.1
qualifiers:
    Key: Dbxref, Value: ['GenBank:WP_096240882.1']
    Key: ID, Value: ['cds-WP_096240882.1']
    Key: Name, Value: ['WP_096240882.1']
    Key: Parent, Value: ['gene-EHLA_RS11185']
    Key: gbkey, Value: ['CDS']
    Key: inference, Value: ['COORDINATES: ab initio prediction:GeneMarkS-2+']
    Key: locus_tag, Value: ['EHLA_RS11185']
    Key: phase, Value: ['0']
    Key: product, Value: ['hypothetical protein']
    Key: protein_id, Value: ['WP_096240882.1']
    Key: source, Value: ['GeneMarkS-2+']
    Key: transl_table, Value: ['11']

GF(None, 1207-1831 (-1))
type: CDS
location: [2449641:2450034](-)
id: cds-WP_096240883.1
qualifiers:
    Key: Dbxref, Value: ['GenBank:WP_096240883.1']
    Key: ID, Value: ['cds-WP_096240883.1']
    Key: Name, Value: ['WP_096240883.1']
    Key: Parent, Value: ['gene-EHLA_RS11190']
    Key: gbkey, Value: ['CDS']
    Key: inference, Value: ['COORDINATES: ab initio prediction:GeneMarkS-2+']
    Key: locus_tag, Value: ['EHLA_RS11190']
    Key: phase, Value: ['0']
    Key: product, Value: ['ABC transporter']
    Key: protein_id, Value: ['WP_096240883.1']
    Key: source, Value: ['GeneMarkS-2+']
    Key: transl_table, Value: ['11']

GF(ABC transporter, 1869-2262 (-1))
type: CDS
location: [2450020:2450602](-)
id: cds-WP_242970723.1
qualifiers:
    Key: Dbxref, Value: ['GenBank:WP_242970723.1']
    Key: ID, Value: ['cds-WP_242970723.1']
    Key: Name, Value: ['WP_242970723.1']
    Key: Ontology_term, Value: ['GO:0006352', 'GO:0003677', 'GO:0016987']
    Key: Parent, Value: ['gene-EHLA_RS11195']
    Key: gbkey, Value: ['CDS']
    Key: go_function, Value: ['DNA binding|0003677||IEA', 'sigma factor activity|0016987||IEA']
    Key: go_process, Value: ['DNA-templated transcription initiation|0006352||IEA']
    Key: inference, Value: ['COORDINATES: protein motif:HMM:TIGR02937.1']
    Key: locus_tag, Value: ['EHLA_RS11195']
    Key: phase, Value: ['0']
    Key: product, Value: ['sigma-70 family RNA polymerase sigma factor']
    Key: protein_id, Value: ['WP_242970723.1']
    Key: source, Value: ['Protein Homology']
    Key: transl_table, Value: ['11']

GF(sigma-70 family RNA polymerase sigma factor, 2248-2830 (-1))
type: CDS
location: [2450826:2451426](-)
id: cds-WP_096240885.1
qualifiers:
    Key: Dbxref, Value: ['GenBank:WP_096240885.1']
    Key: ID, Value: ['cds-WP_096240885.1']
    Key: Name, Value: ['WP_096240885.1']
    Key: Parent, Value: ['gene-EHLA_RS11200']
    Key: gbkey, Value: ['CDS']
    Key: inference, Value: ['COORDINATES: ab initio prediction:GeneMarkS-2+']
    Key: locus_tag, Value: ['EHLA_RS11200']
    Key: phase, Value: ['0']
    Key: product, Value: ['hypothetical protein']
    Key: protein_id, Value: ['WP_096240885.1']
    Key: source, Value: ['GeneMarkS-2+']
    Key: transl_table, Value: ['11']

GF(None, 3054-3654 (-1))
type: CDS
location: [2451454:2451652](-)
id: cds-WP_096240886.1
qualifiers:
    Key: Dbxref, Value: ['GenBank:WP_096240886.1']
    Key: ID, Value: ['cds-WP_096240886.1']
    Key: Name, Value: ['WP_096240886.1']
    Key: Parent, Value: ['gene-EHLA_RS11205']
    Key: gbkey, Value: ['CDS']
    Key: inference, Value: ['COORDINATES: similar to AA sequence:RefSeq:WP_012740728.1']
    Key: locus_tag, Value: ['EHLA_RS11205']
    Key: phase, Value: ['0']
    Key: product, Value: ['hypothetical protein']
    Key: protein_id, Value: ['WP_096240886.1']
    Key: source, Value: ['Protein Homology']
    Key: transl_table, Value: ['11']

GF(None, 3682-3880 (-1))
type: CDS
location: [2451771:2452533](-)
id: cds-WP_096240887.1
qualifiers:
    Key: Dbxref, Value: ['GenBank:WP_096240887.1']
    Key: ID, Value: ['cds-WP_096240887.1']
    Key: Name, Value: ['WP_096240887.1']
    Key: Parent, Value: ['gene-EHLA_RS11210']
    Key: gbkey, Value: ['CDS']
    Key: inference, Value: ['COORDINATES: protein motif:HMM:NF019884.4']
    Key: locus_tag, Value: ['EHLA_RS11210']
    Key: phase, Value: ['0']
    Key: product, Value: ['HTH domain-containing protein']
    Key: protein_id, Value: ['WP_096240887.1']
    Key: source, Value: ['Protein Homology']
    Key: transl_table, Value: ['11']

GF(HTH domain-containing protein, 3999-4761 (-1))
type: CDS
location: [2452798:2453326](+)
id: cds-WP_096240888.1
qualifiers:
    Key: Dbxref, Value: ['GenBank:WP_096240888.1']
    Key: ID, Value: ['cds-WP_096240888.1']
    Key: Name, Value: ['WP_096240888.1']
    Key: Parent, Value: ['gene-EHLA_RS11215']
    Key: gbkey, Value: ['CDS']
    Key: inference, Value: ['COORDINATES: ab initio prediction:GeneMarkS-2+']
    Key: locus_tag, Value: ['EHLA_RS11215']
    Key: phase, Value: ['0']
    Key: product, Value: ['hypothetical protein']
    Key: protein_id, Value: ['WP_096240888.1']
    Key: source, Value: ['GeneMarkS-2+']
    Key: transl_table, Value: ['11']

GF(None, 5026-5554 (1))
type: CDS
location: [2453401:2453749](+)
id: cds-WP_229097941.1-9
qualifiers:
    Key: Dbxref, Value: ['GenBank:WP_229097941.1']
    Key: ID, Value: ['cds-WP_229097941.1-9']
    Key: Name, Value: ['WP_229097941.1']
    Key: Ontology_term, Value: ['GO:0006313', 'GO:0003677', 'GO:0004803']
    Key: Parent, Value: ['gene-EHLA_RS16665']
    Key: gbkey, Value: ['CDS']
    Key: go_function, Value: ['DNA binding|0003677||IEA', 'transposase activity|0004803||IEA']
    Key: go_process, Value: ['DNA transposition|0006313||IEA']
    Key: inference, Value: ['COORDINATES: protein motif:HMM:NF013677.4']
    Key: locus_tag, Value: ['EHLA_RS16665']
    Key: phase, Value: ['0']
    Key: product, Value: ['transposase']
    Key: protein_id, Value: ['WP_229097941.1']
    Key: source, Value: ['Protein Homology']
    Key: transl_table, Value: ['11']

GF(transposase, 5629-5977 (1))
type: CDS
location: [2453738:2454557](+)
id: cds-WP_242970654.1-8
qualifiers:
    Key: Dbxref, Value: ['GenBank:WP_242970654.1']
    Key: ID, Value: ['cds-WP_242970654.1-8']
    Key: Name, Value: ['WP_242970654.1']
    Key: Ontology_term, Value: ['GO:0004803']
    Key: Parent, Value: ['gene-EHLA_RS11220']
    Key: gbkey, Value: ['CDS']
    Key: go_function, Value: ['transposase activity|0004803||IEA']
    Key: inference, Value: ['COORDINATES: protein motif:HMM:NF033516.0']
    Key: locus_tag, Value: ['EHLA_RS11220']
    Key: phase, Value: ['0']
    Key: product, Value: ['IS3 family transposase']
    Key: protein_id, Value: ['WP_242970654.1']
    Key: source, Value: ['Protein Homology']
    Key: transl_table, Value: ['11']

GF(IS3 family transposase, 5966-6785 (1))
type: CDS
location: [2454653:2455406](+)
id: cds-WP_157908591.1
qualifiers:
    Key: Dbxref, Value: ['GenBank:WP_157908591.1']
    Key: ID, Value: ['cds-WP_157908591.1']
    Key: Name, Value: ['WP_157908591.1']
    Key: Ontology_term, Value: ['GO:0003676']
    Key: Parent, Value: ['gene-EHLA_RS11225']
    Key: gbkey, Value: ['CDS']
    Key: go_function, Value: ['nucleic acid binding|0003676||IEA']
    Key: inference, Value: ['COORDINATES: protein motif:HMM:NF024676.4']
    Key: locus_tag, Value: ['EHLA_RS11225']
    Key: phase, Value: ['0']
    Key: product, Value: ['WYL domain-containing protein']
    Key: protein_id, Value: ['WP_157908591.1']
    Key: source, Value: ['Protein Homology']
    Key: transl_table, Value: ['11']

GF(WYL domain-containing protein, 6881-7634 (1))
type: CDS
location: [2455398:2456442](+)
id: cds-WP_096240890.1
qualifiers:
    Key: Dbxref, Value: ['GenBank:WP_096240890.1']
    Key: ID, Value: ['cds-WP_096240890.1']
    Key: Name, Value: ['WP_096240890.1']
    Key: Ontology_term, Value: ['GO:0003676']
    Key: Parent, Value: ['gene-EHLA_RS11230']
    Key: gbkey, Value: ['CDS']
    Key: go_function, Value: ['nucleic acid binding|0003676||IEA']
    Key: inference, Value: ['COORDINATES: protein motif:HMM:NF024676.4']
    Key: locus_tag, Value: ['EHLA_RS11230']
    Key: phase, Value: ['0']
    Key: product, Value: ['WYL domain-containing protein']
    Key: protein_id, Value: ['WP_096240890.1']
    Key: source, Value: ['Protein Homology']
    Key: transl_table, Value: ['11']

GF(WYL domain-containing protein, 7626-8670 (1))
type: CDS
location: [2456416:2457058](-)
id: cds-WP_096240891.1
qualifiers:
    Key: Dbxref, Value: ['GenBank:WP_096240891.1']
    Key: ID, Value: ['cds-WP_096240891.1']
    Key: Name, Value: ['WP_096240891.1']
    Key: Parent, Value: ['gene-EHLA_RS11235']
    Key: gbkey, Value: ['CDS']
    Key: inference, Value: ['COORDINATES: ab initio prediction:GeneMarkS-2+']
    Key: locus_tag, Value: ['EHLA_RS11235']
    Key: phase, Value: ['0']
    Key: product, Value: ['hypothetical protein']
    Key: protein_id, Value: ['WP_096240891.1']
    Key: source, Value: ['GeneMarkS-2+']
    Key: transl_table, Value: ['11']

GF(None, 8644-9286 (-1))
type: CDS
location: [2457296:2458841](-)
id: cds-WP_157908592.1
qualifiers:
    Key: Dbxref, Value: ['GenBank:WP_157908592.1']
    Key: ID, Value: ['cds-WP_157908592.1']
    Key: Name, Value: ['WP_157908592.1']
    Key: Parent, Value: ['gene-EHLA_RS11240']
    Key: gbkey, Value: ['CDS']
    Key: inference, Value: ['COORDINATES: protein motif:HMM:NF021006.4']
    Key: locus_tag, Value: ['EHLA_RS11240']
    Key: phase, Value: ['0']
    Key: product, Value: ['TM1812 family CRISPR-associated protein']
    Key: protein_id, Value: ['WP_157908592.1']
    Key: source, Value: ['Protein Homology']
    Key: transl_table, Value: ['11']

GF(TM1812 family CRISPR-associated protein, 9524-11069 (-1))
type: CDS
location: [2459007:2459370](-)
id: cds-WP_096240893.1
qualifiers:
    Key: Dbxref, Value: ['GenBank:WP_096240893.1']
    Key: ID, Value: ['cds-WP_096240893.1']
    Key: Name, Value: ['WP_096240893.1']
    Key: Parent, Value: ['gene-EHLA_RS11245']
    Key: gbkey, Value: ['CDS']
    Key: inference, Value: ['COORDINATES: ab initio prediction:GeneMarkS-2+']
    Key: locus_tag, Value: ['EHLA_RS11245']
    Key: phase, Value: ['0']
    Key: product, Value: ['CRISPR-associated protein']
    Key: protein_id, Value: ['WP_096240893.1']
    Key: source, Value: ['GeneMarkS-2+']
    Key: transl_table, Value: ['11']

GF(CRISPR-associated protein, 11235-11598 (-1))
type: CDS
location: [2459366:2459627](-)
id: cds-WP_096240894.1
qualifiers:
    Key: Dbxref, Value: ['GenBank:WP_096240894.1']
    Key: ID, Value: ['cds-WP_096240894.1']
    Key: Name, Value: ['WP_096240894.1']
    Key: Ontology_term, Value: ['GO:0043571', 'GO:0004521']
    Key: Parent, Value: ['gene-EHLA_RS11250']
    Key: gbkey, Value: ['CDS']
    Key: gene, Value: ['cas2']
    Key: go_function, Value: ['RNA endonuclease activity|0004521||IEA']
    Key: go_process, Value: ['maintenance of CRISPR repeat elements|0043571||IEA']
    Key: inference, Value: ['COORDINATES: similar to AA sequence:RefSeq:WP_007885298.1']
    Key: locus_tag, Value: ['EHLA_RS11250']
    Key: phase, Value: ['0']
    Key: product, Value: ['CRISPR-associated endonuclease Cas2']
    Key: protein_id, Value: ['WP_096240894.1']
    Key: source, Value: ['Protein Homology']
    Key: transl_table, Value: ['11']

GF(CRISPR-associated endonuclease Cas2, 11594-11855 (-1))
type: CDS
location: [2459653:2461564](-)
id: cds-WP_123864856.1
qualifiers:
    Key: Dbxref, Value: ['GenBank:WP_123864856.1']
    Key: ID, Value: ['cds-WP_123864856.1']
    Key: Name, Value: ['WP_123864856.1']
    Key: Ontology_term, Value: ['GO:0043571', 'GO:0004520', 'GO:0046872']
    Key: Parent, Value: ['gene-EHLA_RS11255']
    Key: gbkey, Value: ['CDS']
    Key: gene, Value: ['cas1']
    Key: go_function, Value: ['DNA endonuclease activity|0004520||IEA', 'metal ion binding|0046872||IEA']
    Key: go_process, Value: ['maintenance of CRISPR repeat elements|0043571||IEA']
    Key: inference, Value: ['COORDINATES: protein motif:HMM:TIGR00287.1']
    Key: locus_tag, Value: ['EHLA_RS11255']
    Key: phase, Value: ['0']
    Key: product, Value: ['CRISPR-associated endonuclease Cas1']
    Key: protein_id, Value: ['WP_123864856.1']
    Key: source, Value: ['Protein Homology']
    Key: transl_table, Value: ['11']

GF(CRISPR-associated endonuclease Cas1, 11881-13792 (-1))
type: CDS
location: [2461821:2462640](-)
id: cds-WP_242970654.1-9
qualifiers:
    Key: Dbxref, Value: ['GenBank:WP_242970654.1']
    Key: ID, Value: ['cds-WP_242970654.1-9']
    Key: Name, Value: ['WP_242970654.1']
    Key: Ontology_term, Value: ['GO:0004803']
    Key: Parent, Value: ['gene-EHLA_RS11260']
    Key: gbkey, Value: ['CDS']
    Key: go_function, Value: ['transposase activity|0004803||IEA']
    Key: inference, Value: ['COORDINATES: protein motif:HMM:NF033516.0']
    Key: locus_tag, Value: ['EHLA_RS11260']
    Key: phase, Value: ['0']
    Key: product, Value: ['IS3 family transposase']
    Key: protein_id, Value: ['WP_242970654.1']
    Key: source, Value: ['Protein Homology']
    Key: transl_table, Value: ['11']

GF(IS3 family transposase, 14049-14868 (-1))
type: CDS
location: [2462629:2462977](-)
id: cds-WP_229097941.1-10
qualifiers:
    Key: Dbxref, Value: ['GenBank:WP_229097941.1']
    Key: ID, Value: ['cds-WP_229097941.1-10']
    Key: Name, Value: ['WP_229097941.1']
    Key: Ontology_term, Value: ['GO:0006313', 'GO:0003677', 'GO:0004803']
    Key: Parent, Value: ['gene-EHLA_RS16670']
    Key: gbkey, Value: ['CDS']
    Key: go_function, Value: ['DNA binding|0003677||IEA', 'transposase activity|0004803||IEA']
    Key: go_process, Value: ['DNA transposition|0006313||IEA']
    Key: inference, Value: ['COORDINATES: protein motif:HMM:NF013677.4']
    Key: locus_tag, Value: ['EHLA_RS16670']
    Key: phase, Value: ['0']
    Key: product, Value: ['transposase']
    Key: protein_id, Value: ['WP_229097941.1']
    Key: source, Value: ['Protein Homology']
    Key: transl_table, Value: ['11']

GF(transposase, 14857-15205 (-1))
type: CDS
location: [2465846:2467769](-)
id: cds-WP_096240896.1
qualifiers:
    Key: Dbxref, Value: ['GenBank:WP_096240896.1']
    Key: ID, Value: ['cds-WP_096240896.1']
    Key: Name, Value: ['WP_096240896.1']
    Key: Parent, Value: ['gene-EHLA_RS11265']
    Key: gbkey, Value: ['CDS']
    Key: inference, Value: ['COORDINATES: protein motif:HMM:TIGR03986.1']
    Key: locus_tag, Value: ['EHLA_RS11265']
    Key: phase, Value: ['0']
    Key: product, Value: ['TIGR03986 family CRISPR-associated RAMP protein']
    Key: protein_id, Value: ['WP_096240896.1']
    Key: source, Value: ['Protein Homology']
    Key: transl_table, Value: ['11']

GF(TIGR03986 family CRISPR-associated RAMP protein, 18074-19997 (-1))
type: CDS
location: [2467781:2468285](-)
id: cds-WP_096240897.1
qualifiers:
    Key: Dbxref, Value: ['GenBank:WP_096240897.1']
    Key: ID, Value: ['cds-WP_096240897.1']
    Key: Name, Value: ['WP_096240897.1']
    Key: Parent, Value: ['gene-EHLA_RS11270']
    Key: gbkey, Value: ['CDS']
    Key: gene, Value: ['csx19']
    Key: inference, Value: ['COORDINATES: protein motif:HMM:TIGR03984.2']
    Key: locus_tag, Value: ['EHLA_RS11270']
    Key: phase, Value: ['0']
    Key: product, Value: ['CRISPR-associated protein Csx19']
    Key: protein_id, Value: ['WP_096240897.1']
    Key: source, Value: ['Protein Homology']
    Key: transl_table, Value: ['11']

GF(CRISPR-associated protein Csx19, 20009-20513 (-1))
type: CDS
location: [2468284:2469634](-)
id: cds-WP_096240898.1
qualifiers:
    Key: Dbxref, Value: ['GenBank:WP_096240898.1']
    Key: ID, Value: ['cds-WP_096240898.1']
    Key: Name, Value: ['WP_096240898.1']
    Key: Parent, Value: ['gene-EHLA_RS11275']
    Key: gbkey, Value: ['CDS']
    Key: inference, Value: ['COORDINATES: protein motif:HMM:NF015728.4']
    Key: locus_tag, Value: ['EHLA_RS11275']
    Key: phase, Value: ['0']
    Key: product, Value: ['RAMP superfamily CRISPR-associated protein']
    Key: protein_id, Value: ['WP_096240898.1']
    Key: source, Value: ['Protein Homology']
    Key: transl_table, Value: ['11']

GF(RAMP superfamily CRISPR-associated protein, 20512-21862 (-1))
type: CDS
location: [2469636:2472000](-)
id: cds-WP_096240899.1
qualifiers:
    Key: Dbxref, Value: ['GenBank:WP_096240899.1']
    Key: ID, Value: ['cds-WP_096240899.1']
    Key: Name, Value: ['WP_096240899.1']
    Key: Parent, Value: ['gene-EHLA_RS11280']
    Key: gbkey, Value: ['CDS']
    Key: inference, Value: ['COORDINATES: protein motif:HMM:NF015728.4']
    Key: locus_tag, Value: ['EHLA_RS11280']
    Key: phase, Value: ['0']
    Key: product, Value: ['RAMP superfamily CRISPR-associated protein']
    Key: protein_id, Value: ['WP_096240899.1']
    Key: source, Value: ['Protein Homology']
    Key: transl_table, Value: ['11']

GF(RAMP superfamily CRISPR-associated protein, 21864-24228 (-1))
type: CDS
location: [2471980:2473681](-)
id: cds-WP_096240900.1
qualifiers:
    Key: Dbxref, Value: ['GenBank:WP_096240900.1']
    Key: ID, Value: ['cds-WP_096240900.1']
    Key: Name, Value: ['WP_096240900.1']
    Key: Parent, Value: ['gene-EHLA_RS11285']
    Key: gbkey, Value: ['CDS']
    Key: inference, Value: ['COORDINATES: ab initio prediction:GeneMarkS-2+']
    Key: locus_tag, Value: ['EHLA_RS11285']
    Key: phase, Value: ['0']
    Key: product, Value: ['hypothetical protein']
    Key: protein_id, Value: ['WP_096240900.1']
    Key: source, Value: ['GeneMarkS-2+']
    Key: transl_table, Value: ['11']

GF(None, 24208-25909 (-1))
type: CDS
location: [2473801:2474542](+)
id: cds-WP_096240901.1
qualifiers:
    Key: Dbxref, Value: ['GenBank:WP_096240901.1']
    Key: ID, Value: ['cds-WP_096240901.1']
    Key: Name, Value: ['WP_096240901.1']
    Key: Ontology_term, Value: ['GO:0043571', 'GO:0004521']
    Key: Parent, Value: ['gene-EHLA_RS11290']
    Key: gbkey, Value: ['CDS']
    Key: gene, Value: ['cas6']
    Key: go_function, Value: ['RNA endonuclease activity|0004521||IEA']
    Key: go_process, Value: ['maintenance of CRISPR repeat elements|0043571||IEA']
    Key: inference, Value: ['COORDINATES: protein motif:HMM:TIGR01877.1']
    Key: locus_tag, Value: ['EHLA_RS11290']
    Key: phase, Value: ['0']
    Key: product, Value: ['CRISPR-associated endoribonuclease Cas6']
    Key: protein_id, Value: ['WP_096240901.1']
    Key: source, Value: ['Protein Homology']
    Key: transl_table, Value: ['11']

GF(CRISPR-associated endoribonuclease Cas6, 26029-26770 (1))
type: CDS
location: [2474600:2474741](-)
id: cds-WP_173854295.1
qualifiers:
    Key: Dbxref, Value: ['GenBank:WP_173854295.1']
    Key: ID, Value: ['cds-WP_173854295.1']
    Key: Name, Value: ['WP_173854295.1']
    Key: Parent, Value: ['gene-EHLA_RS16445']
    Key: gbkey, Value: ['CDS']
    Key: inference, Value: ['COORDINATES: similar to AA sequence:RefSeq:WP_015520847.1']
    Key: locus_tag, Value: ['EHLA_RS16445']
    Key: phase, Value: ['0']
    Key: product, Value: ['hypothetical protein']
    Key: protein_id, Value: ['WP_173854295.1']
    Key: source, Value: ['Protein Homology']
    Key: transl_table, Value: ['11']

GF(None, 26828-26969 (-1))
type: CDS
location: [2475035:2475428](-)
id: cds-WP_096240902.1
qualifiers:
    Key: Dbxref, Value: ['GenBank:WP_096240902.1']
    Key: ID, Value: ['cds-WP_096240902.1']
    Key: Name, Value: ['WP_096240902.1']
    Key: Parent, Value: ['gene-EHLA_RS11295']
    Key: gbkey, Value: ['CDS']
    Key: inference, Value: ['COORDINATES: similar to AA sequence:RefSeq:WP_009445015.1']
    Key: locus_tag, Value: ['EHLA_RS11295']
    Key: phase, Value: ['0']
    Key: product, Value: ['type II toxin-antitoxin system HicB family antitoxin']
    Key: protein_id, Value: ['WP_096240902.1']
    Key: source, Value: ['Protein Homology']
    Key: transl_table, Value: ['11']

GF(type II toxin-antitoxin system HicB family antitoxin, 27263-27656 (-1))
type: CDS
location: [2475874:2476075](+)
id: cds-WP_096240903.1
qualifiers:
    Key: Dbxref, Value: ['GenBank:WP_096240903.1']
    Key: ID, Value: ['cds-WP_096240903.1']
    Key: Name, Value: ['WP_096240903.1']
    Key: Ontology_term, Value: ['GO:0003729']
    Key: Parent, Value: ['gene-EHLA_RS11300']
    Key: gbkey, Value: ['CDS']
    Key: go_function, Value: ['mRNA binding|0003729||IEA']
    Key: inference, Value: ['COORDINATES: similar to AA sequence:RefSeq:WP_016280476.1']
    Key: locus_tag, Value: ['EHLA_RS11300']
    Key: phase, Value: ['0']
    Key: product, Value: ['type II toxin-antitoxin system HicA family toxin']
    Key: protein_id, Value: ['WP_096240903.1']
    Key: source, Value: ['Protein Homology']
    Key: transl_table, Value: ['11']

GF(type II toxin-antitoxin system HicA family toxin, 28102-28303 (1))
type: CDS
location: [2476133:2477231](-)
id: cds-WP_096240904.1
qualifiers:
    Key: Dbxref, Value: ['GenBank:WP_096240904.1']
    Key: ID, Value: ['cds-WP_096240904.1']
    Key: Name, Value: ['WP_096240904.1']
    Key: Parent, Value: ['gene-EHLA_RS11305']
    Key: gbkey, Value: ['CDS']
    Key: inference, Value: ['COORDINATES: ab initio prediction:GeneMarkS-2+']
    Key: locus_tag, Value: ['EHLA_RS11305']
    Key: phase, Value: ['0']
    Key: product, Value: ['hypothetical protein']
    Key: protein_id, Value: ['WP_096240904.1']
    Key: source, Value: ['GeneMarkS-2+']
    Key: transl_table, Value: ['11']

GF(None, 28361-29459 (-1))
type: repeat_region
location: [2463064:2465456](+)
id: NZ_LT907978.1_3
qualifiers:
    Key: Dbxref, Value: ['SO:0001459']
    Key: ID, Value: ['NZ_LT907978.1_3']
    Key: Note, Value: ['GTCTCAATCCCTCATAGGTAATGTAATCC']
    Key: Ontology_term, Value: ['CRISPR']
    Key: score, Value: ['2392']
    Key: source, Value: ['CCTyper']

GF(Repeat region, 15292-17684 (0))
graphic feature from cctyper protein table: GF(WYL, 4000-4761 (-1))
graphic feature from cctyper protein table: GF(WYL, 6882-7634 (1))
graphic feature from cctyper protein table: GF(WYL, 7627-8670 (1))
graphic feature from cctyper protein table: GF(CasR, 9525-11069 (-1))
graphic feature from cctyper protein table: GF(Csx20, 11236-11598 (-1))
graphic feature from cctyper protein table: GF(Cas2, 11595-11855 (-1))
graphic feature from cctyper protein table: GF(Cas1, 11882-13792 (-1))
graphic feature from cctyper protein table: GF(Csm3gr7, 18075-19997 (-1))
graphic feature from cctyper protein table: GF(Csx19, 20010-20513 (-1))
graphic feature from cctyper protein table: GF(Csm3gr7, 20513-21862 (-1))
graphic feature from cctyper protein table: GF(Csm3gr7, 21865-24228 (-1))
graphic feature from cctyper protein table: GF(Cas10, 24209-25909 (-1))
graphic feature from cctyper protein table: GF(Cas6, 26030-26770 (1))
Index(['protein_id', 'start', 'end', 'effector', 'locus', 'sample', 'strand',
       'sequence', 'type'],
      dtype='object')
graphic feature from known effectors: GF(csx1, 9525-11069 (-1))
Index(['protein_id', 'start', 'end', 'effector', 'locus', 'sample', 'strand',
       'sequence', 'type'],
      dtype='object')
graphic feature from ring nucleases: GF(csx20, 11236-11598 (-1))
[GF(None, 111-423 (-1)), GF(PrsW family glutamic-type intramembrane protease, 579-1221 (-1)), GF(None, 1207-1831 (-1)), GF(ABC transporter, 1869-2262 (-1)), GF(sigma-70 family RNA polymerase sigma factor, 2248-2830 (-1)), GF(None, 3054-3654 (-1)), GF(None, 3682-3880 (-1)), GF(HTH domain-containing protein, 3999-4761 (-1)), GF(None, 5026-5554 (1)), GF(transposase, 5629-5977 (1)), GF(IS3 family transposase, 5966-6785 (1)), GF(WYL domain-containing protein, 6881-7634 (1)), GF(WYL domain-containing protein, 7626-8670 (1)), GF(None, 8644-9286 (-1)), GF(TM1812 family CRISPR-associated protein, 9524-11069 (-1)), GF(CRISPR-associated protein, 11235-11598 (-1)), GF(CRISPR-associated endonuclease Cas2, 11594-11855 (-1)), GF(CRISPR-associated endonuclease Cas1, 11881-13792 (-1)), GF(IS3 family transposase, 14049-14868 (-1)), GF(transposase, 14857-15205 (-1)), GF(TIGR03986 family CRISPR-associated RAMP protein, 18074-19997 (-1)), GF(CRISPR-associated protein Csx19, 20009-20513 (-1)), GF(RAMP superfamily CRISPR-associated protein, 20512-21862 (-1)), GF(RAMP superfamily CRISPR-associated protein, 21864-24228 (-1)), GF(None, 24208-25909 (-1)), GF(CRISPR-associated endoribonuclease Cas6, 26029-26770 (1)), GF(None, 26828-26969 (-1)), GF(type II toxin-antitoxin system HicB family antitoxin, 27263-27656 (-1)), GF(type II toxin-antitoxin system HicA family toxin, 28102-28303 (1)), GF(None, 28361-29459 (-1)), GF(Repeat region, 15292-17684 (0)), GF(WYL, 4000-4761 (-1)), GF(WYL, 6882-7634 (1)), GF(WYL, 7627-8670 (1)), GF(CasR, 9525-11069 (-1)), GF(Csx20, 11236-11598 (-1)), GF(Cas2, 11595-11855 (-1)), GF(Cas1, 11882-13792 (-1)), GF(Csm3gr7, 18075-19997 (-1)), GF(Csx19, 20010-20513 (-1)), GF(Csm3gr7, 20513-21862 (-1)), GF(Csm3gr7, 21865-24228 (-1)), GF(Cas10, 24209-25909 (-1)), GF(Cas6, 26030-26770 (1)), GF(csx1, 9525-11069 (-1)), GF(csx20, 11236-11598 (-1)), GF(CRISPR-Cas locus, 4000-26770 (0))]
