Cas operons file:    Unnamed: 0         Contig  ...           locus_id           sample
0           0  NZ_CP016476.1  ...  GCF_001693255.1_0  GCF_001693255.1

[1 rows x 19 columns]
The chosen contig: NZ_CP016476.1
type: CDS
location: [114888:115764](-)
id: cds-WP_065715532.1
qualifiers:
    Key: Dbxref, Value: ['GenBank:WP_065715532.1']
    Key: ID, Value: ['cds-WP_065715532.1']
    Key: Name, Value: ['WP_065715532.1']
    Key: Parent, Value: ['gene-AWQ21_RS15165']
    Key: gbkey, Value: ['CDS']
    Key: inference, Value: ['COORDINATES: similar to AA sequence:RefSeq:WP_012308580.1']
    Key: locus_tag, Value: ['AWQ21_RS15165']
    Key: phase, Value: ['0']
    Key: product, Value: ['hypothetical protein']
    Key: protein_id, Value: ['WP_065715532.1']
    Key: source, Value: ['Protein Homology']
    Key: transl_table, Value: ['11']

GF(None, 254-1130 (-1))
type: CDS
location: [115753:116887](-)
id: cds-WP_065715533.1
qualifiers:
    Key: Dbxref, Value: ['GenBank:WP_065715533.1']
    Key: ID, Value: ['cds-WP_065715533.1']
    Key: Name, Value: ['WP_065715533.1']
    Key: Parent, Value: ['gene-AWQ21_RS15170']
    Key: gbkey, Value: ['CDS']
    Key: inference, Value: ['COORDINATES: similar to AA sequence:RefSeq:WP_012308581.1']
    Key: locus_tag, Value: ['AWQ21_RS15170']
    Key: phase, Value: ['0']
    Key: product, Value: ['hypothetical protein']
    Key: protein_id, Value: ['WP_065715533.1']
    Key: source, Value: ['Protein Homology']
    Key: transl_table, Value: ['11']

GF(None, 1119-2253 (-1))
type: CDS
location: [117026:117641](-)
id: cds-WP_065715637.1
qualifiers:
    Key: Dbxref, Value: ['GenBank:WP_065715637.1']
    Key: ID, Value: ['cds-WP_065715637.1']
    Key: Name, Value: ['WP_065715637.1']
    Key: Parent, Value: ['gene-AWQ21_RS15175']
    Key: gbkey, Value: ['CDS']
    Key: inference, Value: ['COORDINATES: similar to AA sequence:RefSeq:WP_012308536.1']
    Key: locus_tag, Value: ['AWQ21_RS15175']
    Key: phase, Value: ['0']
    Key: product, Value: ['alpha-ketoglutarate-dependent dioxygenase AlkB']
    Key: protein_id, Value: ['WP_065715637.1']
    Key: source, Value: ['Protein Homology']
    Key: transl_table, Value: ['11']

GF(alpha-ketoglutarate-dependent dioxygenase AlkB, 2392-3007 (-1))
type: CDS
location: [117672:118551](-)
id: cds-WP_065715534.1
qualifiers:
    Key: Dbxref, Value: ['GenBank:WP_065715534.1']
    Key: ID, Value: ['cds-WP_065715534.1']
    Key: Name, Value: ['WP_065715534.1']
    Key: Ontology_term, Value: ['GO:0008168', 'GO:1904047']
    Key: Parent, Value: ['gene-AWQ21_RS15180']
    Key: gbkey, Value: ['CDS']
    Key: go_function, Value: ['methyltransferase activity|0008168||IEA', 'S-adenosyl-L-methionine binding|1904047||IEA']
    Key: inference, Value: ['COORDINATES: similar to AA sequence:RefSeq:WP_012308535.1']
    Key: locus_tag, Value: ['AWQ21_RS15180']
    Key: phase, Value: ['0']
    Key: product, Value: ['class I SAM-dependent methyltransferase']
    Key: protein_id, Value: ['WP_065715534.1']
    Key: source, Value: ['Protein Homology']
    Key: transl_table, Value: ['11']

GF(class I SAM-dependent methyltransferase, 3038-3917 (-1))
type: CDS
location: [118633:120694](-)
id: cds-WP_083998094.1
qualifiers:
    Key: Dbxref, Value: ['GenBank:WP_083998094.1']
    Key: ID, Value: ['cds-WP_083998094.1']
    Key: Name, Value: ['WP_083998094.1']
    Key: Parent, Value: ['gene-AWQ21_RS15185']
    Key: gbkey, Value: ['CDS']
    Key: inference, Value: ['COORDINATES: similar to AA sequence:RefSeq:WP_012308584.1']
    Key: locus_tag, Value: ['AWQ21_RS15185']
    Key: phase, Value: ['0']
    Key: product, Value: ['WYL domain-containing protein']
    Key: protein_id, Value: ['WP_083998094.1']
    Key: source, Value: ['Protein Homology']
    Key: transl_table, Value: ['11']

GF(WYL domain-containing protein, 3999-6060 (-1))
type: CDS
location: [120744:122247](-)
id: cds-WP_065715536.1
qualifiers:
    Key: Dbxref, Value: ['GenBank:WP_065715536.1']
    Key: ID, Value: ['cds-WP_065715536.1']
    Key: Name, Value: ['WP_065715536.1']
    Key: Parent, Value: ['gene-AWQ21_RS15190']
    Key: gbkey, Value: ['CDS']
    Key: inference, Value: ['COORDINATES: ab initio prediction:GeneMarkS-2+']
    Key: locus_tag, Value: ['AWQ21_RS15190']
    Key: phase, Value: ['0']
    Key: product, Value: ['hypothetical protein']
    Key: protein_id, Value: ['WP_065715536.1']
    Key: source, Value: ['GeneMarkS-2+']
    Key: transl_table, Value: ['11']

GF(None, 6110-7613 (-1))
type: CDS
location: [122271:123975](-)
id: cds-WP_065715537.1
qualifiers:
    Key: Dbxref, Value: ['GenBank:WP_065715537.1']
    Key: ID, Value: ['cds-WP_065715537.1']
    Key: Name, Value: ['WP_065715537.1']
    Key: Parent, Value: ['gene-AWQ21_RS15195']
    Key: gbkey, Value: ['CDS']
    Key: inference, Value: ['COORDINATES: similar to AA sequence:RefSeq:WP_015217684.1']
    Key: locus_tag, Value: ['AWQ21_RS15195']
    Key: phase, Value: ['0']
    Key: product, Value: ['RAMP superfamily protein']
    Key: protein_id, Value: ['WP_065715537.1']
    Key: source, Value: ['Protein Homology']
    Key: transl_table, Value: ['11']

GF(RAMP superfamily protein, 7637-9341 (-1))
type: CDS
location: [123998:124382](-)
id: cds-WP_065715538.1
qualifiers:
    Key: Dbxref, Value: ['GenBank:WP_065715538.1']
    Key: ID, Value: ['cds-WP_065715538.1']
    Key: Name, Value: ['WP_065715538.1']
    Key: Parent, Value: ['gene-AWQ21_RS15200']
    Key: gbkey, Value: ['CDS']
    Key: inference, Value: ['COORDINATES: similar to AA sequence:RefSeq:WP_002741938.1']
    Key: locus_tag, Value: ['AWQ21_RS15200']
    Key: phase, Value: ['0']
    Key: product, Value: ['hypothetical protein']
    Key: protein_id, Value: ['WP_065715538.1']
    Key: source, Value: ['Protein Homology']
    Key: transl_table, Value: ['11']

GF(None, 9364-9748 (-1))
type: CDS
location: [124423:125290](-)
id: cds-WP_065715539.1
qualifiers:
    Key: Dbxref, Value: ['GenBank:WP_065715539.1']
    Key: ID, Value: ['cds-WP_065715539.1']
    Key: Name, Value: ['WP_065715539.1']
    Key: Ontology_term, Value: ['GO:0043571', 'GO:0003674']
    Key: Parent, Value: ['gene-AWQ21_RS15205']
    Key: gbkey, Value: ['CDS']
    Key: gene, Value: ['cmr4']
    Key: go_function, Value: ['molecular_function|0003674||IEA']
    Key: go_process, Value: ['maintenance of CRISPR repeat elements|0043571||IEA']
    Key: inference, Value: ['COORDINATES: similar to AA sequence:RefSeq:WP_017303836.1']
    Key: locus_tag, Value: ['AWQ21_RS15205']
    Key: phase, Value: ['0']
    Key: product, Value: ['type III-B CRISPR module RAMP protein Cmr4']
    Key: protein_id, Value: ['WP_065715539.1']
    Key: source, Value: ['Protein Homology']
    Key: transl_table, Value: ['11']

GF(type III-B CRISPR module RAMP protein Cmr4, 9789-10656 (-1))
type: CDS
location: [125399:126506](-)
id: cds-WP_065715540.1
qualifiers:
    Key: Dbxref, Value: ['GenBank:WP_065715540.1']
    Key: ID, Value: ['cds-WP_065715540.1']
    Key: Name, Value: ['WP_065715540.1']
    Key: Parent, Value: ['gene-AWQ21_RS15210']
    Key: gbkey, Value: ['CDS']
    Key: inference, Value: ['COORDINATES: similar to AA sequence:RefSeq:WP_015116145.1']
    Key: locus_tag, Value: ['AWQ21_RS15210']
    Key: phase, Value: ['0']
    Key: product, Value: ['type III-B CRISPR module-associated Cmr3 family protein']
    Key: protein_id, Value: ['WP_065715540.1']
    Key: source, Value: ['Protein Homology']
    Key: transl_table, Value: ['11']

GF(type III-B CRISPR module-associated Cmr3 family protein, 10765-11872 (-1))
type: CDS
location: [126542:126899](-)
id: cds-WP_065715541.1
qualifiers:
    Key: Dbxref, Value: ['GenBank:WP_065715541.1']
    Key: ID, Value: ['cds-WP_065715541.1']
    Key: Name, Value: ['WP_065715541.1']
    Key: Parent, Value: ['gene-AWQ21_RS15215']
    Key: gbkey, Value: ['CDS']
    Key: inference, Value: ['COORDINATES: similar to AA sequence:RefSeq:WP_013044311.1']
    Key: locus_tag, Value: ['AWQ21_RS15215']
    Key: phase, Value: ['0']
    Key: product, Value: ['four helix bundle protein']
    Key: protein_id, Value: ['WP_065715541.1']
    Key: source, Value: ['Protein Homology']
    Key: transl_table, Value: ['11']

GF(four helix bundle protein, 11908-12265 (-1))
type: CDS
location: [126934:129919](-)
id: cds-WP_065715542.1
qualifiers:
    Key: Dbxref, Value: ['GenBank:WP_065715542.1']
    Key: ID, Value: ['cds-WP_065715542.1']
    Key: Name, Value: ['WP_065715542.1']
    Key: Ontology_term, Value: ['GO:0043571', 'GO:0003674']
    Key: Parent, Value: ['gene-AWQ21_RS15220']
    Key: gbkey, Value: ['CDS']
    Key: gene, Value: ['cas10']
    Key: go_function, Value: ['molecular_function|0003674||IEA']
    Key: go_process, Value: ['maintenance of CRISPR repeat elements|0043571||IEA']
    Key: inference, Value: ['COORDINATES: similar to AA sequence:RefSeq:WP_012308590.1']
    Key: locus_tag, Value: ['AWQ21_RS15220']
    Key: phase, Value: ['0']
    Key: product, Value: ['type III-B CRISPR-associated protein Cas10/Cmr2']
    Key: protein_id, Value: ['WP_065715542.1']
    Key: source, Value: ['Protein Homology']
    Key: transl_table, Value: ['11']

GF(type III-B CRISPR-associated protein Cas10/Cmr2, 12300-15285 (-1))
type: CDS
location: [130215:130554](-)
id: cds-WP_065715543.1
qualifiers:
    Key: Dbxref, Value: ['GenBank:WP_065715543.1']
    Key: ID, Value: ['cds-WP_065715543.1']
    Key: Name, Value: ['WP_065715543.1']
    Key: Parent, Value: ['gene-AWQ21_RS15225']
    Key: gbkey, Value: ['CDS']
    Key: inference, Value: ['COORDINATES: similar to AA sequence:RefSeq:WP_012308591.1']
    Key: locus_tag, Value: ['AWQ21_RS15225']
    Key: phase, Value: ['0']
    Key: product, Value: ['hypothetical protein']
    Key: protein_id, Value: ['WP_065715543.1']
    Key: source, Value: ['Protein Homology']
    Key: transl_table, Value: ['11']

GF(None, 15581-15920 (-1))
type: CDS
location: [130550:130775](-)
id: cds-WP_065715544.1
qualifiers:
    Key: Dbxref, Value: ['GenBank:WP_065715544.1']
    Key: ID, Value: ['cds-WP_065715544.1']
    Key: Name, Value: ['WP_065715544.1']
    Key: Parent, Value: ['gene-AWQ21_RS15230']
    Key: gbkey, Value: ['CDS']
    Key: inference, Value: ['COORDINATES: similar to AA sequence:RefSeq:WP_012308592.1']
    Key: locus_tag, Value: ['AWQ21_RS15230']
    Key: phase, Value: ['0']
    Key: product, Value: ['hypothetical protein']
    Key: protein_id, Value: ['WP_065715544.1']
    Key: source, Value: ['Protein Homology']
    Key: transl_table, Value: ['11']

GF(None, 15916-16141 (-1))
type: CDS
location: [130777:131479](-)
id: cds-WP_065715545.1
qualifiers:
    Key: Dbxref, Value: ['GenBank:WP_065715545.1']
    Key: ID, Value: ['cds-WP_065715545.1']
    Key: Name, Value: ['WP_065715545.1']
    Key: Parent, Value: ['gene-AWQ21_RS15235']
    Key: gbkey, Value: ['CDS']
    Key: inference, Value: ['COORDINATES: similar to AA sequence:RefSeq:WP_012308593.1']
    Key: locus_tag, Value: ['AWQ21_RS15235']
    Key: phase, Value: ['0']
    Key: product, Value: ['hypothetical protein']
    Key: protein_id, Value: ['WP_065715545.1']
    Key: source, Value: ['Protein Homology']
    Key: transl_table, Value: ['11']

GF(None, 16143-16845 (-1))
type: CDS
location: [131551:131965](-)
id: cds-WP_065715546.1
qualifiers:
    Key: Dbxref, Value: ['GenBank:WP_065715546.1']
    Key: ID, Value: ['cds-WP_065715546.1']
    Key: Name, Value: ['WP_065715546.1']
    Key: Parent, Value: ['gene-AWQ21_RS15240']
    Key: gbkey, Value: ['CDS']
    Key: inference, Value: ['COORDINATES: ab initio prediction:GeneMarkS-2+']
    Key: locus_tag, Value: ['AWQ21_RS15240']
    Key: phase, Value: ['0']
    Key: product, Value: ['hypothetical protein']
    Key: protein_id, Value: ['WP_065715546.1']
    Key: source, Value: ['GeneMarkS-2+']
    Key: transl_table, Value: ['11']

GF(None, 16917-17331 (-1))
type: CDS
location: [132402:132717](-)
id: cds-WP_065715547.1
qualifiers:
    Key: Dbxref, Value: ['GenBank:WP_065715547.1']
    Key: ID, Value: ['cds-WP_065715547.1']
    Key: Name, Value: ['WP_065715547.1']
    Key: Ontology_term, Value: ['GO:0008219']
    Key: Parent, Value: ['gene-AWQ21_RS15245']
    Key: gbkey, Value: ['CDS']
    Key: go_process, Value: ['cell death|0008219||IEA']
    Key: inference, Value: ['COORDINATES: similar to AA sequence:RefSeq:WP_015215139.1']
    Key: locus_tag, Value: ['AWQ21_RS15245']
    Key: phase, Value: ['0']
    Key: product, Value: ['Txe/YoeB family addiction module toxin']
    Key: protein_id, Value: ['WP_065715547.1']
    Key: source, Value: ['Protein Homology']
    Key: transl_table, Value: ['11']

GF(Txe/YoeB family addiction module toxin, 17768-18083 (-1))
type: CDS
location: [132706:132991](-)
id: cds-WP_065715548.1
qualifiers:
    Key: Dbxref, Value: ['GenBank:WP_065715548.1']
    Key: ID, Value: ['cds-WP_065715548.1']
    Key: Name, Value: ['WP_065715548.1']
    Key: Parent, Value: ['gene-AWQ21_RS15250']
    Key: gbkey, Value: ['CDS']
    Key: inference, Value: ['COORDINATES: similar to AA sequence:RefSeq:WP_012264082.1']
    Key: locus_tag, Value: ['AWQ21_RS15250']
    Key: phase, Value: ['0']
    Key: product, Value: ['type II toxin-antitoxin system Phd/YefM family antitoxin']
    Key: protein_id, Value: ['WP_065715548.1']
    Key: source, Value: ['Protein Homology']
    Key: transl_table, Value: ['11']

GF(type II toxin-antitoxin system Phd/YefM family antitoxin, 18072-18357 (-1))
[GF(None, 254-1130 (-1)), GF(None, 1119-2253 (-1)), GF(alpha-ketoglutarate-dependent dioxygenase AlkB, 2392-3007 (-1)), GF(class I SAM-dependent methyltransferase, 3038-3917 (-1)), GF(WYL domain-containing protein, 3999-6060 (-1)), GF(None, 6110-7613 (-1)), GF(RAMP superfamily protein, 7637-9341 (-1)), GF(None, 9364-9748 (-1)), GF(type III-B CRISPR module RAMP protein Cmr4, 9789-10656 (-1)), GF(type III-B CRISPR module-associated Cmr3 family protein, 10765-11872 (-1)), GF(four helix bundle protein, 11908-12265 (-1)), GF(type III-B CRISPR-associated protein Cas10/Cmr2, 12300-15285 (-1)), GF(None, 15581-15920 (-1)), GF(None, 15916-16141 (-1)), GF(None, 16143-16845 (-1)), GF(None, 16917-17331 (-1)), GF(Txe/YoeB family addiction module toxin, 17768-18083 (-1)), GF(type II toxin-antitoxin system Phd/YefM family antitoxin, 18072-18357 (-1)), GF(CRISPR-Cas locus, 4000-15285 (0))]
