Cas operons file:    Unnamed: 0       Contig  ...           locus_id           sample
0           3  NC_014392.1  ...  GCF_000145215.1_3  GCF_000145215.1

[1 rows x 19 columns]
The chosen contig: NC_014392.1
type: CDS
location: [162593:163145](+)
id: cds-WP_237698935.1
qualifiers:
    Key: Dbxref, Value: ['GenBank:WP_237698935.1']
    Key: ID, Value: ['cds-WP_237698935.1']
    Key: Name, Value: ['WP_237698935.1']
    Key: Parent, Value: ['gene-COB47_RS12405']
    Key: gbkey, Value: ['CDS']
    Key: inference, Value: ['COORDINATES: ab initio prediction:GeneMarkS-2+']
    Key: locus_tag, Value: ['COB47_RS12405']
    Key: phase, Value: ['0']
    Key: product, Value: ['hypothetical protein']
    Key: protein_id, Value: ['WP_237698935.1']
    Key: source, Value: ['GeneMarkS-2+']
    Key: transl_table, Value: ['11']

GF(None, 578-1130 (1))
type: CDS
location: [163169:165752](+)
id: cds-WP_237698936.1
qualifiers:
    Key: Dbxref, Value: ['GenBank:WP_237698936.1']
    Key: ID, Value: ['cds-WP_237698936.1']
    Key: Name, Value: ['WP_237698936.1']
    Key: Parent, Value: ['gene-COB47_RS00625']
    Key: gbkey, Value: ['CDS']
    Key: inference, Value: ['COORDINATES: ab initio prediction:GeneMarkS-2+']
    Key: locus_tag, Value: ['COB47_RS00625']
    Key: phase, Value: ['0']
    Key: product, Value: ['hypothetical protein']
    Key: protein_id, Value: ['WP_237698936.1']
    Key: source, Value: ['GeneMarkS-2+']
    Key: transl_table, Value: ['11']

GF(None, 1154-3737 (1))
type: CDS
location: [166014:167085](-)
id: cds-WP_013289500.1
qualifiers:
    Key: Dbxref, Value: ['GenBank:WP_013289500.1']
    Key: ID, Value: ['cds-WP_013289500.1']
    Key: Name, Value: ['WP_013289500.1']
    Key: Ontology_term, Value: ['GO:0043571', 'GO:0003674']
    Key: Parent, Value: ['gene-COB47_RS00630']
    Key: gbkey, Value: ['CDS']
    Key: gene, Value: ['cmr6']
    Key: go_function, Value: ['molecular_function|0003674||IEA']
    Key: go_process, Value: ['maintenance of CRISPR repeat elements|0043571||IEA']
    Key: inference, Value: ['COORDINATES: similar to AA sequence:RefSeq:WP_013431317.1']
    Key: locus_tag, Value: ['COB47_RS00630']
    Key: phase, Value: ['0']
    Key: product, Value: ['type III-B CRISPR module RAMP protein Cmr6']
    Key: protein_id, Value: ['WP_013289500.1']
    Key: source, Value: ['Protein Homology']
    Key: transl_table, Value: ['11']

GF(type III-B CRISPR module RAMP protein Cmr6, 3999-5070 (-1))
type: CDS
location: [167062:167434](-)
id: cds-WP_013289501.1
qualifiers:
    Key: Dbxref, Value: ['GenBank:WP_013289501.1']
    Key: ID, Value: ['cds-WP_013289501.1']
    Key: Name, Value: ['WP_013289501.1']
    Key: Ontology_term, Value: ['GO:0043571', 'GO:0003674']
    Key: Parent, Value: ['gene-COB47_RS00635']
    Key: gbkey, Value: ['CDS']
    Key: gene, Value: ['cmr5']
    Key: go_function, Value: ['molecular_function|0003674||IEA']
    Key: go_process, Value: ['maintenance of CRISPR repeat elements|0043571||IEA']
    Key: inference, Value: ['COORDINATES: similar to AA sequence:RefSeq:WP_013431316.1']
    Key: locus_tag, Value: ['COB47_RS00635']
    Key: phase, Value: ['0']
    Key: product, Value: ['type III-B CRISPR module-associated protein Cmr5']
    Key: protein_id, Value: ['WP_013289501.1']
    Key: source, Value: ['Protein Homology']
    Key: transl_table, Value: ['11']

GF(type III-B CRISPR module-associated protein Cmr5, 5047-5419 (-1))
type: CDS
location: [167453:168509](-)
id: cds-WP_013289502.1
qualifiers:
    Key: Dbxref, Value: ['GenBank:WP_013289502.1']
    Key: ID, Value: ['cds-WP_013289502.1']
    Key: Name, Value: ['WP_013289502.1']
    Key: Ontology_term, Value: ['GO:0043571', 'GO:0003674']
    Key: Parent, Value: ['gene-COB47_RS00640']
    Key: gbkey, Value: ['CDS']
    Key: gene, Value: ['cmr4']
    Key: go_function, Value: ['molecular_function|0003674||IEA']
    Key: go_process, Value: ['maintenance of CRISPR repeat elements|0043571||IEA']
    Key: inference, Value: ['COORDINATES: protein motif:HMM:TIGR02580.1']
    Key: locus_tag, Value: ['COB47_RS00640']
    Key: phase, Value: ['0']
    Key: product, Value: ['type III-B CRISPR module RAMP protein Cmr4']
    Key: protein_id, Value: ['WP_013289502.1']
    Key: source, Value: ['Protein Homology']
    Key: transl_table, Value: ['11']

GF(type III-B CRISPR module RAMP protein Cmr4, 5438-6494 (-1))
type: CDS
location: [168537:169773](-)
id: cds-WP_013289503.1
qualifiers:
    Key: Dbxref, Value: ['GenBank:WP_013289503.1']
    Key: ID, Value: ['cds-WP_013289503.1']
    Key: Name, Value: ['WP_013289503.1']
    Key: Ontology_term, Value: ['GO:0043571', 'GO:0003674']
    Key: Parent, Value: ['gene-COB47_RS00645']
    Key: gbkey, Value: ['CDS']
    Key: gene, Value: ['cmr1']
    Key: go_function, Value: ['molecular_function|0003674||IEA']
    Key: go_process, Value: ['maintenance of CRISPR repeat elements|0043571||IEA']
    Key: inference, Value: ['COORDINATES: similar to AA sequence:RefSeq:WP_013431314.1']
    Key: locus_tag, Value: ['COB47_RS00645']
    Key: phase, Value: ['0']
    Key: product, Value: ['type III-B CRISPR module RAMP protein Cmr1']
    Key: protein_id, Value: ['WP_013289503.1']
    Key: source, Value: ['Protein Homology']
    Key: transl_table, Value: ['11']

GF(type III-B CRISPR module RAMP protein Cmr1, 6522-7758 (-1))
type: CDS
location: [169775:171032](-)
id: cds-WP_237698938.1
qualifiers:
    Key: Dbxref, Value: ['GenBank:WP_237698938.1']
    Key: ID, Value: ['cds-WP_237698938.1']
    Key: Name, Value: ['WP_237698938.1']
    Key: Parent, Value: ['gene-COB47_RS00650']
    Key: gbkey, Value: ['CDS']
    Key: inference, Value: ['COORDINATES: similar to AA sequence:RefSeq:WP_013431313.1']
    Key: locus_tag, Value: ['COB47_RS00650']
    Key: phase, Value: ['0']
    Key: product, Value: ['type III-B CRISPR module-associated Cmr3 family protein']
    Key: protein_id, Value: ['WP_237698938.1']
    Key: source, Value: ['Protein Homology']
    Key: transl_table, Value: ['11']

GF(type III-B CRISPR module-associated Cmr3 family protein, 7760-9017 (-1))
type: CDS
location: [171057:174015](-)
id: cds-WP_013289505.1
qualifiers:
    Key: Dbxref, Value: ['GenBank:WP_013289505.1']
    Key: ID, Value: ['cds-WP_013289505.1']
    Key: Name, Value: ['WP_013289505.1']
    Key: Ontology_term, Value: ['GO:0043571', 'GO:0003674']
    Key: Parent, Value: ['gene-COB47_RS00655']
    Key: gbkey, Value: ['CDS']
    Key: gene, Value: ['cas10']
    Key: go_function, Value: ['molecular_function|0003674||IEA']
    Key: go_process, Value: ['maintenance of CRISPR repeat elements|0043571||IEA']
    Key: inference, Value: ['COORDINATES: similar to AA sequence:RefSeq:WP_013431312.1']
    Key: locus_tag, Value: ['COB47_RS00655']
    Key: phase, Value: ['0']
    Key: product, Value: ['type III-B CRISPR-associated protein Cas10/Cmr2']
    Key: protein_id, Value: ['WP_013289505.1']
    Key: source, Value: ['Protein Homology']
    Key: transl_table, Value: ['11']

GF(type III-B CRISPR-associated protein Cas10/Cmr2, 9042-12000 (-1))
type: CDS
location: [174144:175557](+)
id: cds-WP_013289506.1
qualifiers:
    Key: Dbxref, Value: ['GenBank:WP_013289506.1']
    Key: ID, Value: ['cds-WP_013289506.1']
    Key: Name, Value: ['WP_013289506.1']
    Key: Ontology_term, Value: ['GO:0043571', 'GO:0003674']
    Key: Parent, Value: ['gene-COB47_RS00660']
    Key: gbkey, Value: ['CDS']
    Key: gene, Value: ['csx1']
    Key: go_function, Value: ['molecular_function|0003674||IEA']
    Key: go_process, Value: ['maintenance of CRISPR repeat elements|0043571||IEA']
    Key: inference, Value: ['COORDINATES: protein motif:HMM:TIGR01897.1']
    Key: locus_tag, Value: ['COB47_RS00660']
    Key: phase, Value: ['0']
    Key: product, Value: ['CRISPR-associated CARF protein Csx1']
    Key: protein_id, Value: ['WP_013289506.1']
    Key: source, Value: ['Protein Homology']
    Key: transl_table, Value: ['11']

GF(CRISPR-associated CARF protein Csx1, 12129-13542 (1))
type: CDS
location: [175844:177869](+)
id: cds-WP_013289507.1
qualifiers:
    Key: Dbxref, Value: ['GenBank:WP_013289507.1']
    Key: ID, Value: ['cds-WP_013289507.1']
    Key: Name, Value: ['WP_013289507.1']
    Key: Parent, Value: ['gene-COB47_RS00665']
    Key: gbkey, Value: ['CDS']
    Key: inference, Value: ['COORDINATES: similar to AA sequence:RefSeq:WP_013411103.1']
    Key: locus_tag, Value: ['COB47_RS00665']
    Key: phase, Value: ['0']
    Key: product, Value: ['SPFH domain-containing protein']
    Key: protein_id, Value: ['WP_013289507.1']
    Key: source, Value: ['Protein Homology']
    Key: transl_table, Value: ['11']

GF(SPFH domain-containing protein, 13829-15854 (1))
graphic feature from cctyper protein table: GF(Cmr6gr7, 4000-5070 (-1))
graphic feature from cctyper protein table: GF(Cmr5gr11, 5048-5419 (-1))
graphic feature from cctyper protein table: GF(Cmr4gr7, 5439-6494 (-1))
graphic feature from cctyper protein table: GF(Cmr1gr7, 6523-7758 (-1))
graphic feature from cctyper protein table: GF(Cmr3gr5, 7761-9017 (-1))
graphic feature from cctyper protein table: GF(Cas10, 9043-12000 (-1))
graphic feature from cctyper protein table: GF(Csx1, 12130-13542 (1))
Index(['protein_id', 'start', 'end', 'effector', 'locus', 'sample', 'strand',
       'sequence'],
      dtype='object')
Index(['protein_id', 'start', 'end', 'effector', 'locus', 'sample', 'strand',
       'sequence'],
      dtype='object')
[GF(None, 578-1130 (1)), GF(None, 1154-3737 (1)), GF(type III-B CRISPR module RAMP protein Cmr6, 3999-5070 (-1)), GF(type III-B CRISPR module-associated protein Cmr5, 5047-5419 (-1)), GF(type III-B CRISPR module RAMP protein Cmr4, 5438-6494 (-1)), GF(type III-B CRISPR module RAMP protein Cmr1, 6522-7758 (-1)), GF(type III-B CRISPR module-associated Cmr3 family protein, 7760-9017 (-1)), GF(type III-B CRISPR-associated protein Cas10/Cmr2, 9042-12000 (-1)), GF(CRISPR-associated CARF protein Csx1, 12129-13542 (1)), GF(SPFH domain-containing protein, 13829-15854 (1)), GF(Cmr6gr7, 4000-5070 (-1)), GF(Cmr5gr11, 5048-5419 (-1)), GF(Cmr4gr7, 5439-6494 (-1)), GF(Cmr1gr7, 6523-7758 (-1)), GF(Cmr3gr5, 7761-9017 (-1)), GF(Cas10, 9043-12000 (-1)), GF(Csx1, 12130-13542 (1)), GF(CRISPR-Cas locus, 4000-13542 (0))]
