Cas operons file:    Unnamed: 0       Contig  ...           locus_id           sample
0           1  NC_008554.1  ...  GCF_000014965.1_1  GCF_000014965.1

[1 rows x 19 columns]
The chosen contig: NC_008554.1
type: CDS
location: [1666247:1667198](-)
id: cds-WP_150109454.1
qualifiers:
    Key: Dbxref, Value: ['GenBank:WP_150109454.1']
    Key: ID, Value: ['cds-WP_150109454.1']
    Key: Name, Value: ['WP_150109454.1']
    Key: Parent, Value: ['gene-SFUM_RS06985']
    Key: gbkey, Value: ['CDS']
    Key: inference, Value: ['COORDINATES: ab initio prediction:GeneMarkS-2+']
    Key: locus_tag, Value: ['SFUM_RS06985']
    Key: phase, Value: ['0']
    Key: product, Value: ['hypothetical protein']
    Key: protein_id, Value: ['WP_150109454.1']
    Key: source, Value: ['GeneMarkS-2+']
    Key: transl_table, Value: ['11']

GF(None, 882-1833 (-1))
type: CDS
location: [1667431:1668496](-)
id: cds-WP_011698205.1
qualifiers:
    Key: Dbxref, Value: ['GenBank:WP_011698205.1']
    Key: ID, Value: ['cds-WP_011698205.1']
    Key: Name, Value: ['WP_011698205.1']
    Key: Parent, Value: ['gene-SFUM_RS06990']
    Key: gbkey, Value: ['CDS']
    Key: inference, Value: ['COORDINATES: ab initio prediction:GeneMarkS-2+']
    Key: locus_tag, Value: ['SFUM_RS06990']
    Key: phase, Value: ['0']
    Key: product, Value: ['hypothetical protein']
    Key: protein_id, Value: ['WP_011698205.1']
    Key: source, Value: ['GeneMarkS-2+']
    Key: transl_table, Value: ['11']

GF(None, 2066-3131 (-1))
type: CDS
location: [1668495:1668957](-)
id: cds-WP_011698206.1
qualifiers:
    Key: Dbxref, Value: ['GenBank:WP_011698206.1']
    Key: ID, Value: ['cds-WP_011698206.1']
    Key: Name, Value: ['WP_011698206.1']
    Key: Parent, Value: ['gene-SFUM_RS06995']
    Key: gbkey, Value: ['CDS']
    Key: inference, Value: ['COORDINATES: ab initio prediction:GeneMarkS-2+']
    Key: locus_tag, Value: ['SFUM_RS06995']
    Key: phase, Value: ['0']
    Key: product, Value: ['hypothetical protein']
    Key: protein_id, Value: ['WP_011698206.1']
    Key: source, Value: ['GeneMarkS-2+']
    Key: transl_table, Value: ['11']

GF(None, 3130-3592 (-1))
type: CDS
location: [1669364:1670537](-)
id: cds-WP_011698207.1
qualifiers:
    Key: Dbxref, Value: ['GenBank:WP_011698207.1']
    Key: ID, Value: ['cds-WP_011698207.1']
    Key: Name, Value: ['WP_011698207.1']
    Key: Ontology_term, Value: ['GO:0043571', 'GO:0003674']
    Key: Parent, Value: ['gene-SFUM_RS07000']
    Key: gbkey, Value: ['CDS']
    Key: gene, Value: ['csm5']
    Key: go_function, Value: ['molecular_function|0003674||IEA']
    Key: go_process, Value: ['maintenance of CRISPR repeat elements|0043571||IEA']
    Key: inference, Value: ['COORDINATES: protein motif:HMM:TIGR01899.1']
    Key: locus_tag, Value: ['SFUM_RS07000']
    Key: phase, Value: ['0']
    Key: product, Value: ['type III-A CRISPR-associated RAMP protein Csm5']
    Key: protein_id, Value: ['WP_011698207.1']
    Key: source, Value: ['Protein Homology']
    Key: transl_table, Value: ['11']

GF(type III-A CRISPR-associated RAMP protein Csm5, 3999-5172 (-1))
type: CDS
location: [1670533:1671472](-)
id: cds-WP_011698208.1
qualifiers:
    Key: Dbxref, Value: ['GenBank:WP_011698208.1']
    Key: ID, Value: ['cds-WP_011698208.1']
    Key: Name, Value: ['WP_011698208.1']
    Key: Parent, Value: ['gene-SFUM_RS07005']
    Key: gbkey, Value: ['CDS']
    Key: inference, Value: ['COORDINATES: ab initio prediction:GeneMarkS-2+']
    Key: locus_tag, Value: ['SFUM_RS07005']
    Key: phase, Value: ['0']
    Key: product, Value: ['hypothetical protein']
    Key: protein_id, Value: ['WP_011698208.1']
    Key: source, Value: ['GeneMarkS-2+']
    Key: transl_table, Value: ['11']

GF(None, 5168-6107 (-1))
type: CDS
location: [1671476:1672202](-)
id: cds-WP_011698209.1
qualifiers:
    Key: Dbxref, Value: ['GenBank:WP_011698209.1']
    Key: ID, Value: ['cds-WP_011698209.1']
    Key: Name, Value: ['WP_011698209.1']
    Key: Ontology_term, Value: ['GO:0043571', 'GO:0003674']
    Key: Parent, Value: ['gene-SFUM_RS07010']
    Key: gbkey, Value: ['CDS']
    Key: gene, Value: ['csm3']
    Key: go_function, Value: ['molecular_function|0003674||IEA']
    Key: go_process, Value: ['maintenance of CRISPR repeat elements|0043571||IEA']
    Key: inference, Value: ['COORDINATES: protein motif:HMM:TIGR02582.1']
    Key: locus_tag, Value: ['SFUM_RS07010']
    Key: phase, Value: ['0']
    Key: product, Value: ['type III-A CRISPR-associated RAMP protein Csm3']
    Key: protein_id, Value: ['WP_011698209.1']
    Key: source, Value: ['Protein Homology']
    Key: transl_table, Value: ['11']

GF(type III-A CRISPR-associated RAMP protein Csm3, 6111-6837 (-1))
type: CDS
location: [1672216:1672729](-)
id: cds-WP_011698210.1
qualifiers:
    Key: Dbxref, Value: ['GenBank:WP_011698210.1']
    Key: ID, Value: ['cds-WP_011698210.1']
    Key: Name, Value: ['WP_011698210.1']
    Key: Ontology_term, Value: ['GO:0043571', 'GO:0003674']
    Key: Parent, Value: ['gene-SFUM_RS07015']
    Key: gbkey, Value: ['CDS']
    Key: gene, Value: ['csm2']
    Key: go_function, Value: ['molecular_function|0003674||IEA']
    Key: go_process, Value: ['maintenance of CRISPR repeat elements|0043571||IEA']
    Key: inference, Value: ['COORDINATES: protein motif:HMM:NF015695.4']
    Key: locus_tag, Value: ['SFUM_RS07015']
    Key: phase, Value: ['0']
    Key: product, Value: ['type III-A CRISPR-associated protein Csm2']
    Key: protein_id, Value: ['WP_011698210.1']
    Key: source, Value: ['Protein Homology']
    Key: transl_table, Value: ['11']

GF(type III-A CRISPR-associated protein Csm2, 6851-7364 (-1))
type: CDS
location: [1672746:1675293](-)
id: cds-WP_011698211.1
qualifiers:
    Key: Dbxref, Value: ['GenBank:WP_011698211.1']
    Key: ID, Value: ['cds-WP_011698211.1']
    Key: Name, Value: ['WP_011698211.1']
    Key: Ontology_term, Value: ['GO:0043571', 'GO:0003674']
    Key: Parent, Value: ['gene-SFUM_RS07020']
    Key: gbkey, Value: ['CDS']
    Key: gene, Value: ['cas10']
    Key: go_function, Value: ['molecular_function|0003674||IEA']
    Key: go_process, Value: ['maintenance of CRISPR repeat elements|0043571||IEA']
    Key: inference, Value: ['COORDINATES: protein motif:HMM:TIGR02578.1']
    Key: locus_tag, Value: ['SFUM_RS07020']
    Key: phase, Value: ['0']
    Key: product, Value: ['type III-A CRISPR-associated protein Cas10/Csm1']
    Key: protein_id, Value: ['WP_011698211.1']
    Key: source, Value: ['Protein Homology']
    Key: transl_table, Value: ['11']

GF(type III-A CRISPR-associated protein Cas10/Csm1, 7381-9928 (-1))
type: CDS
location: [1675312:1676344](-)
id: cds-WP_049766313.1
qualifiers:
    Key: Dbxref, Value: ['GenBank:WP_049766313.1']
    Key: ID, Value: ['cds-WP_049766313.1']
    Key: Name, Value: ['WP_049766313.1']
    Key: Parent, Value: ['gene-SFUM_RS07025']
    Key: gbkey, Value: ['CDS']
    Key: gene, Value: ['cas6']
    Key: inference, Value: ['COORDINATES: protein motif:HMM:NF021551.4']
    Key: locus_tag, Value: ['SFUM_RS07025']
    Key: phase, Value: ['0']
    Key: product, Value: ['CRISPR system precrRNA processing endoribonuclease RAMP protein Cas6']
    Key: protein_id, Value: ['WP_049766313.1']
    Key: source, Value: ['Protein Homology']
    Key: transl_table, Value: ['11']

GF(CRISPR system precrRNA processing endoribonuclease RAMP protein Cas6, 9947-10979 (-1))
type: CDS
location: [1676856:1677249](+)
id: cds-WP_011698213.1
qualifiers:
    Key: Dbxref, Value: ['GenBank:WP_011698213.1']
    Key: ID, Value: ['cds-WP_011698213.1']
    Key: Name, Value: ['WP_011698213.1']
    Key: Parent, Value: ['gene-SFUM_RS07035']
    Key: gbkey, Value: ['CDS']
    Key: gene, Value: ['csx20']
    Key: inference, Value: ['COORDINATES: protein motif:HMM:NF040559.1']
    Key: locus_tag, Value: ['SFUM_RS07035']
    Key: phase, Value: ['0']
    Key: product, Value: ['CRISPR-associated protein Csx20']
    Key: protein_id, Value: ['WP_011698213.1']
    Key: source, Value: ['Protein Homology']
    Key: transl_table, Value: ['11']

GF(CRISPR-associated protein Csx20, 11491-11884 (1))
type: CDS
location: [1677238:1678585](+)
id: cds-WP_041440094.1
qualifiers:
    Key: Dbxref, Value: ['GenBank:WP_041440094.1']
    Key: ID, Value: ['cds-WP_041440094.1']
    Key: Name, Value: ['WP_041440094.1']
    Key: Ontology_term, Value: ['GO:0043571', 'GO:0003674']
    Key: Parent, Value: ['gene-SFUM_RS07040']
    Key: gbkey, Value: ['CDS']
    Key: gene, Value: ['csx2']
    Key: go_function, Value: ['molecular_function|0003674||IEA']
    Key: go_process, Value: ['maintenance of CRISPR repeat elements|0043571||IEA']
    Key: inference, Value: ['COORDINATES: protein motif:HMM:NF021006.4']
    Key: locus_tag, Value: ['SFUM_RS07040']
    Key: phase, Value: ['0']
    Key: product, Value: ['TIGR02221 family CRISPR-associated protein']
    Key: protein_id, Value: ['WP_041440094.1']
    Key: source, Value: ['Protein Homology']
    Key: transl_table, Value: ['11']

GF(TIGR02221 family CRISPR-associated protein, 11873-13220 (1))
type: CDS
location: [1678883:1680341](+)
id: cds-WP_011698215.1
qualifiers:
    Key: Dbxref, Value: ['GenBank:WP_011698215.1']
    Key: ID, Value: ['cds-WP_011698215.1']
    Key: Name, Value: ['WP_011698215.1']
    Key: Ontology_term, Value: ['GO:0005515']
    Key: Parent, Value: ['gene-SFUM_RS07045']
    Key: gbkey, Value: ['CDS']
    Key: go_function, Value: ['protein binding|0005515||IEA']
    Key: inference, Value: ['COORDINATES: protein motif:HMM:NF024824.4']
    Key: locus_tag, Value: ['SFUM_RS07045']
    Key: phase, Value: ['0']
    Key: product, Value: ['tetratricopeptide repeat protein']
    Key: protein_id, Value: ['WP_011698215.1']
    Key: source, Value: ['Protein Homology']
    Key: transl_table, Value: ['11']

GF(tetratricopeptide repeat protein, 13518-14976 (1))
type: CDS
location: [1680405:1682031](+)
id: cds-WP_011698216.1
qualifiers:
    Key: Dbxref, Value: ['GenBank:WP_011698216.1']
    Key: ID, Value: ['cds-WP_011698216.1']
    Key: Name, Value: ['WP_011698216.1']
    Key: Parent, Value: ['gene-SFUM_RS07050']
    Key: gbkey, Value: ['CDS']
    Key: inference, Value: ['COORDINATES: protein motif:HMM:NF040561.1']
    Key: locus_tag, Value: ['SFUM_RS07050']
    Key: phase, Value: ['0']
    Key: product, Value: ['CRISPR-associated primase-polymerase type A1']
    Key: protein_id, Value: ['WP_011698216.1']
    Key: source, Value: ['Protein Homology']
    Key: transl_table, Value: ['11']

GF(CRISPR-associated primase-polymerase type A1, 15040-16666 (1))
type: CDS
location: [1682180:1683233](+)
id: cds-WP_011698217.1
qualifiers:
    Key: Dbxref, Value: ['GenBank:WP_011698217.1']
    Key: ID, Value: ['cds-WP_011698217.1']
    Key: Name, Value: ['WP_011698217.1']
    Key: Ontology_term, Value: ['GO:0043571', 'GO:0004520', 'GO:0046872']
    Key: Parent, Value: ['gene-SFUM_RS07055']
    Key: gbkey, Value: ['CDS']
    Key: gene, Value: ['cas1']
    Key: go_function, Value: ['DNA endonuclease activity|0004520||IEA', 'metal ion binding|0046872||IEA']
    Key: go_process, Value: ['maintenance of CRISPR repeat elements|0043571||IEA']
    Key: inference, Value: ['COORDINATES: protein motif:HMM:TIGR00287.1']
    Key: locus_tag, Value: ['SFUM_RS07055']
    Key: phase, Value: ['0']
    Key: product, Value: ['CRISPR-associated endonuclease Cas1']
    Key: protein_id, Value: ['WP_011698217.1']
    Key: source, Value: ['Protein Homology']
    Key: transl_table, Value: ['11']

GF(CRISPR-associated endonuclease Cas1, 16815-17868 (1))
type: CDS
location: [1683280:1683559](+)
id: cds-WP_011698218.1
qualifiers:
    Key: Dbxref, Value: ['GenBank:WP_011698218.1']
    Key: ID, Value: ['cds-WP_011698218.1']
    Key: Name, Value: ['WP_011698218.1']
    Key: Ontology_term, Value: ['GO:0043571', 'GO:0004521']
    Key: Parent, Value: ['gene-SFUM_RS07060']
    Key: gbkey, Value: ['CDS']
    Key: gene, Value: ['cas2']
    Key: go_function, Value: ['RNA endonuclease activity|0004521||IEA']
    Key: go_process, Value: ['maintenance of CRISPR repeat elements|0043571||IEA']
    Key: inference, Value: ['COORDINATES: protein motif:HMM:TIGR01573.1']
    Key: locus_tag, Value: ['SFUM_RS07060']
    Key: phase, Value: ['0']
    Key: product, Value: ['CRISPR-associated endonuclease Cas2']
    Key: protein_id, Value: ['WP_011698218.1']
    Key: source, Value: ['Protein Homology']
    Key: transl_table, Value: ['11']

GF(CRISPR-associated endonuclease Cas2, 17915-18194 (1))
graphic feature from known effectors: GF(csx1, 11874-13220 (1))
[GF(None, 882-1833 (-1)), GF(None, 2066-3131 (-1)), GF(None, 3130-3592 (-1)), GF(type III-A CRISPR-associated RAMP protein Csm5, 3999-5172 (-1)), GF(None, 5168-6107 (-1)), GF(type III-A CRISPR-associated RAMP protein Csm3, 6111-6837 (-1)), GF(type III-A CRISPR-associated protein Csm2, 6851-7364 (-1)), GF(type III-A CRISPR-associated protein Cas10/Csm1, 7381-9928 (-1)), GF(CRISPR system precrRNA processing endoribonuclease RAMP protein Cas6, 9947-10979 (-1)), GF(CRISPR-associated protein Csx20, 11491-11884 (1)), GF(TIGR02221 family CRISPR-associated protein, 11873-13220 (1)), GF(tetratricopeptide repeat protein, 13518-14976 (1)), GF(CRISPR-associated primase-polymerase type A1, 15040-16666 (1)), GF(CRISPR-associated endonuclease Cas1, 16815-17868 (1)), GF(CRISPR-associated endonuclease Cas2, 17915-18194 (1)), GF(csx1, 11874-13220 (1)), GF(CRISPR-Cas locus, 4000-18194 (0))]
