Cas operons file:    Unnamed: 0         Contig  ...           locus_id           sample
0           1  NZ_CP025197.1  ...  GCF_002844395.1_1  GCF_002844395.1

[1 rows x 19 columns]
The chosen contig: NZ_CP025197.1
type: CDS
location: [3043127:3043706](-)
id: cds-WP_159063461.1
qualifiers:
    Key: Dbxref, Value: ['GenBank:WP_159063461.1']
    Key: ID, Value: ['cds-WP_159063461.1']
    Key: Name, Value: ['WP_159063461.1']
    Key: Ontology_term, Value: ['GO:0009986']
    Key: Parent, Value: ['gene-HVS_RS13615']
    Key: gbkey, Value: ['CDS']
    Key: go_component, Value: ['cell surface|0009986||IEA']
    Key: inference, Value: ['COORDINATES: ab initio prediction:GeneMarkS-2+']
    Key: locus_tag, Value: ['HVS_RS13615']
    Key: phase, Value: ['0']
    Key: product, Value: ['LPXTG cell wall anchor domain-containing protein']
    Key: protein_id, Value: ['WP_159063461.1']
    Key: source, Value: ['GeneMarkS-2+']
    Key: transl_table, Value: ['11']

GF(LPXTG cell wall anchor domain-containing protein, 380-959 (-1))
type: CDS
location: [3043905:3045131](+)
id: cds-HVS_RS13620
qualifiers:
    Key: ID, Value: ['cds-HVS_RS13620']
    Key: Note, Value: ['frameshifted']
    Key: Ontology_term, Value: ['GO:0004803']
    Key: Parent, Value: ['gene-HVS_RS13620']
    Key: gbkey, Value: ['CDS']
    Key: gene, Value: ['istA']
    Key: go_function, Value: ['transposase activity|0004803||IEA']
    Key: inference, Value: ['COORDINATES: similar to AA sequence:RefSeq:WP_008409492.1']
    Key: locus_tag, Value: ['HVS_RS13620']
    Key: phase, Value: ['0']
    Key: product, Value: ['IS21 family transposase']
    Key: pseudo, Value: ['true']
    Key: source, Value: ['Protein Homology']
    Key: transl_table, Value: ['11']

GF(IS21 family transposase, 1158-2384 (1))
type: CDS
location: [3045123:3045753](+)
id: cds-WP_101303208.1
qualifiers:
    Key: Dbxref, Value: ['GenBank:WP_101303208.1']
    Key: ID, Value: ['cds-WP_101303208.1']
    Key: Name, Value: ['WP_101303208.1']
    Key: Ontology_term, Value: ['GO:0005524']
    Key: Parent, Value: ['gene-HVS_RS13625']
    Key: gbkey, Value: ['CDS']
    Key: gene, Value: ['istB']
    Key: go_function, Value: ['ATP binding|0005524||IEA']
    Key: inference, Value: ['COORDINATES: similar to AA sequence:RefSeq:WP_006903168.1']
    Key: locus_tag, Value: ['HVS_RS13625']
    Key: phase, Value: ['0']
    Key: product, Value: ['IS21-like element helper ATPase IstB']
    Key: protein_id, Value: ['WP_101303208.1']
    Key: source, Value: ['Protein Homology']
    Key: transl_table, Value: ['11']

GF(IS21-like element helper ATPase IstB, 2376-3006 (1))
type: CDS
location: [3046746:3049071](+)
id: cds-WP_101303210.1
qualifiers:
    Key: Dbxref, Value: ['GenBank:WP_101303210.1']
    Key: ID, Value: ['cds-WP_101303210.1']
    Key: Name, Value: ['WP_101303210.1']
    Key: Ontology_term, Value: ['GO:0043571', 'GO:0003674']
    Key: Parent, Value: ['gene-HVS_RS13630']
    Key: gbkey, Value: ['CDS']
    Key: gene, Value: ['cas10']
    Key: go_function, Value: ['molecular_function|0003674||IEA']
    Key: go_process, Value: ['maintenance of CRISPR repeat elements|0043571||IEA']
    Key: inference, Value: ['COORDINATES: protein motif:HMM:TIGR02578.1']
    Key: locus_tag, Value: ['HVS_RS13630']
    Key: phase, Value: ['0']
    Key: product, Value: ['type III-A CRISPR-associated protein Cas10/Csm1']
    Key: protein_id, Value: ['WP_101303210.1']
    Key: source, Value: ['Protein Homology']
    Key: transl_table, Value: ['11']

GF(type III-A CRISPR-associated protein Cas10/Csm1, 3999-6324 (1))
type: CDS
location: [3049075:3049621](+)
id: cds-WP_101303212.1
qualifiers:
    Key: Dbxref, Value: ['GenBank:WP_101303212.1']
    Key: ID, Value: ['cds-WP_101303212.1']
    Key: Name, Value: ['WP_101303212.1']
    Key: Ontology_term, Value: ['GO:0043571', 'GO:0003674']
    Key: Parent, Value: ['gene-HVS_RS13635']
    Key: gbkey, Value: ['CDS']
    Key: gene, Value: ['csm2']
    Key: go_function, Value: ['molecular_function|0003674||IEA']
    Key: go_process, Value: ['maintenance of CRISPR repeat elements|0043571||IEA']
    Key: inference, Value: ['COORDINATES: protein motif:HMM:NF015695.2']
    Key: locus_tag, Value: ['HVS_RS13635']
    Key: phase, Value: ['0']
    Key: product, Value: ['type III-A CRISPR-associated protein Csm2']
    Key: protein_id, Value: ['WP_101303212.1']
    Key: source, Value: ['Protein Homology']
    Key: transl_table, Value: ['11']

GF(type III-A CRISPR-associated protein Csm2, 6328-6874 (1))
type: CDS
location: [3049639:3050317](+)
id: cds-WP_101303214.1
qualifiers:
    Key: Dbxref, Value: ['GenBank:WP_101303214.1']
    Key: ID, Value: ['cds-WP_101303214.1']
    Key: Name, Value: ['WP_101303214.1']
    Key: Ontology_term, Value: ['GO:0043571', 'GO:0003674']
    Key: Parent, Value: ['gene-HVS_RS13640']
    Key: gbkey, Value: ['CDS']
    Key: gene, Value: ['csm3']
    Key: go_function, Value: ['molecular_function|0003674||IEA']
    Key: go_process, Value: ['maintenance of CRISPR repeat elements|0043571||IEA']
    Key: inference, Value: ['COORDINATES: protein motif:HMM:TIGR02582.1']
    Key: locus_tag, Value: ['HVS_RS13640']
    Key: phase, Value: ['0']
    Key: product, Value: ['type III-A CRISPR-associated RAMP protein Csm3']
    Key: protein_id, Value: ['WP_101303214.1']
    Key: source, Value: ['Protein Homology']
    Key: transl_table, Value: ['11']

GF(type III-A CRISPR-associated RAMP protein Csm3, 6892-7570 (1))
type: CDS
location: [3050462:3051269](+)
id: cds-WP_207654775.1
qualifiers:
    Key: Dbxref, Value: ['GenBank:WP_207654775.1']
    Key: ID, Value: ['cds-WP_207654775.1']
    Key: Name, Value: ['WP_207654775.1']
    Key: Parent, Value: ['gene-HVS_RS13645']
    Key: gbkey, Value: ['CDS']
    Key: inference, Value: ['COORDINATES: ab initio prediction:GeneMarkS-2+']
    Key: locus_tag, Value: ['HVS_RS13645']
    Key: phase, Value: ['0']
    Key: product, Value: ['hypothetical protein']
    Key: protein_id, Value: ['WP_207654775.1']
    Key: source, Value: ['GeneMarkS-2+']
    Key: transl_table, Value: ['11']

GF(None, 7715-8522 (1))
type: CDS
location: [3051272:3052085](+)
id: cds-WP_101303218.1
qualifiers:
    Key: Dbxref, Value: ['GenBank:WP_101303218.1']
    Key: ID, Value: ['cds-WP_101303218.1']
    Key: Name, Value: ['WP_101303218.1']
    Key: Parent, Value: ['gene-HVS_RS13650']
    Key: gbkey, Value: ['CDS']
    Key: gene, Value: ['cas6']
    Key: inference, Value: ['COORDINATES: protein motif:HMM:NF021551.2']
    Key: locus_tag, Value: ['HVS_RS13650']
    Key: phase, Value: ['0']
    Key: product, Value: ['CRISPR system precrRNA processing endoribonuclease RAMP protein Cas6']
    Key: protein_id, Value: ['WP_101303218.1']
    Key: source, Value: ['Protein Homology']
    Key: transl_table, Value: ['11']

GF(CRISPR system precrRNA processing endoribonuclease RAMP protein Cas6, 8525-9338 (1))
type: CDS
location: [3052548:3054117](-)
id: cds-WP_207654776.1
qualifiers:
    Key: Dbxref, Value: ['GenBank:WP_207654776.1']
    Key: ID, Value: ['cds-WP_207654776.1']
    Key: Name, Value: ['WP_207654776.1']
    Key: Parent, Value: ['gene-HVS_RS13655']
    Key: gbkey, Value: ['CDS']
    Key: inference, Value: ['COORDINATES: ab initio prediction:GeneMarkS-2+']
    Key: locus_tag, Value: ['HVS_RS13655']
    Key: phase, Value: ['0']
    Key: product, Value: ['hypothetical protein']
    Key: protein_id, Value: ['WP_207654776.1']
    Key: source, Value: ['GeneMarkS-2+']
    Key: transl_table, Value: ['11']

GF(None, 9801-11370 (-1))
type: CDS
location: [3055081:3056380](+)
id: cds-WP_101303222.1
qualifiers:
    Key: Dbxref, Value: ['GenBank:WP_101303222.1']
    Key: ID, Value: ['cds-WP_101303222.1']
    Key: Name, Value: ['WP_101303222.1']
    Key: Ontology_term, Value: ['GO:0006313', 'GO:0003677', 'GO:0004803']
    Key: Parent, Value: ['gene-HVS_RS13660']
    Key: gbkey, Value: ['CDS']
    Key: go_function, Value: ['DNA binding|0003677||IEA', 'transposase activity|0004803||IEA']
    Key: go_process, Value: ['transposition, DNA-mediated|0006313||IEA']
    Key: inference, Value: ['COORDINATES: protein motif:HMM:NF016847.2']
    Key: locus_tag, Value: ['HVS_RS13660']
    Key: phase, Value: ['0']
    Key: product, Value: ['transposase']
    Key: protein_id, Value: ['WP_101303222.1']
    Key: source, Value: ['Protein Homology']
    Key: transl_table, Value: ['11']

GF(transposase, 12334-13633 (1))
type: CDS
location: [3056567:3057221](+)
id: cds-WP_242971581.1
qualifiers:
    Key: Dbxref, Value: ['GenBank:WP_242971581.1']
    Key: ID, Value: ['cds-WP_242971581.1']
    Key: Name, Value: ['WP_242971581.1']
    Key: Parent, Value: ['gene-HVS_RS13665']
    Key: gbkey, Value: ['CDS']
    Key: inference, Value: ['COORDINATES: protein motif:HMM:NF022633.2']
    Key: locus_tag, Value: ['HVS_RS13665']
    Key: phase, Value: ['0']
    Key: product, Value: ['DUF2971 domain-containing protein']
    Key: protein_id, Value: ['WP_242971581.1']
    Key: source, Value: ['Protein Homology']
    Key: transl_table, Value: ['11']

GF(DUF2971 domain-containing protein, 13820-14474 (1))
type: repeat_region
location: [3054529:3054836](+)
id: NZ_CP025197.1-37_5
qualifiers:
    Key: Dbxref, Value: ['SO:0001459']
    Key: ID, Value: ['NZ_CP025197.1-37_5']
    Key: Note, Value: ['GTTGAACTTCCCCACGCAGTACGGGAATTGAAAT']
    Key: Ontology_term, Value: ['CRISPR']
    Key: score, Value: ['307']
    Key: source, Value: ['CCTyper']

GF(Repeat region, 11782-12089 (0))
graphic feature from cctyper protein table: GF(Cas10, 4000-6324 (1))
graphic feature from cctyper protein table: GF(Csm2gr11, 6329-6874 (1))
graphic feature from cctyper protein table: GF(Csm3gr7, 6893-7570 (1))
graphic feature from cctyper protein table: GF(Csm4gr5, 7716-8522 (1))
graphic feature from cctyper protein table: GF(Csx1, 9802-11370 (-1))
Index(['protein_id', 'start', 'end', 'effector', 'locus', 'sample', 'strand',
       'sequence', 'type'],
      dtype='object')
graphic feature from known effectors: GF(csx1, 9802-11370 (-1))
Index(['protein_id', 'start', 'end', 'effector', 'locus', 'sample', 'strand',
       'sequence'],
      dtype='object')
[GF(LPXTG cell wall anchor domain-containing protein, 380-959 (-1)), GF(IS21 family transposase, 1158-2384 (1)), GF(IS21-like element helper ATPase IstB, 2376-3006 (1)), GF(type III-A CRISPR-associated protein Cas10/Csm1, 3999-6324 (1)), GF(type III-A CRISPR-associated protein Csm2, 6328-6874 (1)), GF(type III-A CRISPR-associated RAMP protein Csm3, 6892-7570 (1)), GF(None, 7715-8522 (1)), GF(CRISPR system precrRNA processing endoribonuclease RAMP protein Cas6, 8525-9338 (1)), GF(None, 9801-11370 (-1)), GF(transposase, 12334-13633 (1)), GF(DUF2971 domain-containing protein, 13820-14474 (1)), GF(Repeat region, 11782-12089 (0)), GF(Cas10, 4000-6324 (1)), GF(Csm2gr11, 6329-6874 (1)), GF(Csm3gr7, 6893-7570 (1)), GF(Csm4gr5, 7716-8522 (1)), GF(Csx1, 9802-11370 (-1)), GF(csx1, 9802-11370 (-1)), GF(CRISPR-Cas locus, 4000-11442 (0))]
