Cas operons file:    Unnamed: 0         Contig  ...           locus_id           sample
0           2  NZ_AP013044.1  ...  GCF_001547875.1_2  GCF_001547875.1

[1 rows x 19 columns]
The chosen contig: NZ_AP013044.1
type: CDS
location: [2407385:2408018](+)
id: cds-WP_060828635.1
qualifiers:
    Key: Dbxref, Value: ['GenBank:WP_060828635.1']
    Key: ID, Value: ['cds-WP_060828635.1']
    Key: Name, Value: ['WP_060828635.1']
    Key: Parent, Value: ['gene-TF3313_RS09860']
    Key: gbkey, Value: ['CDS']
    Key: inference, Value: ['COORDINATES: similar to AA sequence:RefSeq:WP_014225616.1']
    Key: locus_tag, Value: ['TF3313_RS09860']
    Key: phase, Value: ['0']
    Key: product, Value: ['epoxyqueuosine reductase QueH']
    Key: protein_id, Value: ['WP_060828635.1']
    Key: source, Value: ['Protein Homology']
    Key: transl_table, Value: ['11']

GF(epoxyqueuosine reductase QueH, 709-1342 (1))
type: CDS
location: [2408014:2409049](+)
id: cds-WP_060828051.1
qualifiers:
    Key: Dbxref, Value: ['GenBank:WP_060828051.1']
    Key: ID, Value: ['cds-WP_060828051.1']
    Key: Name, Value: ['WP_060828051.1']
    Key: Parent, Value: ['gene-TF3313_RS09865']
    Key: gbkey, Value: ['CDS']
    Key: inference, Value: ['COORDINATES: similar to AA sequence:RefSeq:WP_014225617.1']
    Key: locus_tag, Value: ['TF3313_RS09865']
    Key: phase, Value: ['0']
    Key: product, Value: ['agmatine deiminase family protein']
    Key: protein_id, Value: ['WP_060828051.1']
    Key: source, Value: ['Protein Homology']
    Key: transl_table, Value: ['11']

GF(agmatine deiminase family protein, 1338-2373 (1))
type: CDS
location: [2409054:2409933](+)
id: cds-WP_014225618.1
qualifiers:
    Key: Dbxref, Value: ['GenBank:WP_014225618.1']
    Key: ID, Value: ['cds-WP_014225618.1']
    Key: Name, Value: ['WP_014225618.1']
    Key: Parent, Value: ['gene-TF3313_RS09870']
    Key: gbkey, Value: ['CDS']
    Key: inference, Value: ['COORDINATES: similar to AA sequence:RefSeq:WP_006800101.1']
    Key: locus_tag, Value: ['TF3313_RS09870']
    Key: phase, Value: ['0']
    Key: product, Value: ['carbon-nitrogen hydrolase']
    Key: protein_id, Value: ['WP_014225618.1']
    Key: source, Value: ['Protein Homology']
    Key: transl_table, Value: ['11']

GF(carbon-nitrogen hydrolase, 2378-3257 (1))
type: CDS
location: [2409958:2410543](+)
id: cds-WP_014225619.1
qualifiers:
    Key: Dbxref, Value: ['GenBank:WP_014225619.1']
    Key: ID, Value: ['cds-WP_014225619.1']
    Key: Name, Value: ['WP_014225619.1']
    Key: Parent, Value: ['gene-TF3313_RS09875']
    Key: gbkey, Value: ['CDS']
    Key: inference, Value: ['COORDINATES: similar to AA sequence:RefSeq:WP_008772119.1']
    Key: locus_tag, Value: ['TF3313_RS09875']
    Key: phase, Value: ['0']
    Key: product, Value: ['RNA polymerase sigma-70 factor']
    Key: protein_id, Value: ['WP_014225619.1']
    Key: source, Value: ['Protein Homology']
    Key: transl_table, Value: ['11']

GF(RNA polymerase sigma-70 factor, 3282-3867 (1))
type: CDS
location: [2410675:2411476](+)
id: cds-WP_060828052.1
qualifiers:
    Key: Dbxref, Value: ['GenBank:WP_060828052.1']
    Key: ID, Value: ['cds-WP_060828052.1']
    Key: Name, Value: ['WP_060828052.1']
    Key: Ontology_term, Value: ['GO:0043571', 'GO:0004521']
    Key: Parent, Value: ['gene-TF3313_RS09880']
    Key: gbkey, Value: ['CDS']
    Key: gene, Value: ['cas6']
    Key: go_function, Value: ['RNA endonuclease activity|0004521||IEA']
    Key: go_process, Value: ['maintenance of CRISPR repeat elements|0043571||IEA']
    Key: inference, Value: ['COORDINATES: similar to AA sequence:RefSeq:WP_014225621.1']
    Key: locus_tag, Value: ['TF3313_RS09880']
    Key: phase, Value: ['0']
    Key: product, Value: ['CRISPR-associated endoribonuclease Cas6']
    Key: protein_id, Value: ['WP_060828052.1']
    Key: source, Value: ['Protein Homology']
    Key: transl_table, Value: ['11']

GF(CRISPR-associated endoribonuclease Cas6, 3999-4800 (1))
type: CDS
location: [2411502:2412126](+)
id: cds-WP_060828053.1
qualifiers:
    Key: Dbxref, Value: ['GenBank:WP_060828053.1']
    Key: ID, Value: ['cds-WP_060828053.1']
    Key: Name, Value: ['WP_060828053.1']
    Key: Parent, Value: ['gene-TF3313_RS09885']
    Key: gbkey, Value: ['CDS']
    Key: inference, Value: ['COORDINATES: protein motif:HMM:NF019542.3']
    Key: locus_tag, Value: ['TF3313_RS09885']
    Key: phase, Value: ['0']
    Key: product, Value: ['plasmid pRiA4b ORF-3 family protein']
    Key: protein_id, Value: ['WP_060828053.1']
    Key: source, Value: ['Protein Homology']
    Key: transl_table, Value: ['11']

GF(plasmid pRiA4b ORF-3 family protein, 4826-5450 (1))
type: CDS
location: [2412193:2412919](+)
id: cds-WP_060828054.1
qualifiers:
    Key: Dbxref, Value: ['GenBank:WP_060828054.1']
    Key: ID, Value: ['cds-WP_060828054.1']
    Key: Name, Value: ['WP_060828054.1']
    Key: Parent, Value: ['gene-TF3313_RS09890']
    Key: gbkey, Value: ['CDS']
    Key: gene, Value: ['cas5p']
    Key: inference, Value: ['COORDINATES: protein motif:HMM:TIGR03488.1']
    Key: locus_tag, Value: ['TF3313_RS09890']
    Key: phase, Value: ['0']
    Key: product, Value: ['type I-PGING CRISPR-associated protein Cas5p']
    Key: protein_id, Value: ['WP_060828054.1']
    Key: source, Value: ['Protein Homology']
    Key: transl_table, Value: ['11']

GF(type I-PGING CRISPR-associated protein Cas5p, 5517-6243 (1))
type: CDS
location: [2412911:2414453](+)
id: cds-WP_060828055.1
qualifiers:
    Key: Dbxref, Value: ['GenBank:WP_060828055.1']
    Key: ID, Value: ['cds-WP_060828055.1']
    Key: Name, Value: ['WP_060828055.1']
    Key: Parent, Value: ['gene-TF3313_RS09895']
    Key: gbkey, Value: ['CDS']
    Key: gene, Value: ['cas8c']
    Key: inference, Value: ['COORDINATES: protein motif:HMM:TIGR03487.1']
    Key: locus_tag, Value: ['TF3313_RS09895']
    Key: phase, Value: ['0']
    Key: product, Value: ['type I-PGING CRISPR-associated protein Cas8c/Csp2']
    Key: protein_id, Value: ['WP_060828055.1']
    Key: source, Value: ['Protein Homology']
    Key: transl_table, Value: ['11']

GF(type I-PGING CRISPR-associated protein Cas8c/Csp2, 6235-7777 (1))
type: CDS
location: [2414472:2415390](+)
id: cds-WP_014225625.1
qualifiers:
    Key: Dbxref, Value: ['GenBank:WP_014225625.1']
    Key: ID, Value: ['cds-WP_014225625.1']
    Key: Name, Value: ['WP_014225625.1']
    Key: Parent, Value: ['gene-TF3313_RS09900']
    Key: gbkey, Value: ['CDS']
    Key: gene, Value: ['cas7p']
    Key: inference, Value: ['COORDINATES: similar to AA sequence:RefSeq:WP_019968533.1']
    Key: locus_tag, Value: ['TF3313_RS09900']
    Key: phase, Value: ['0']
    Key: product, Value: ['type I-PGING CRISPR-associated protein Cas7/Csp1']
    Key: protein_id, Value: ['WP_014225625.1']
    Key: source, Value: ['Protein Homology']
    Key: transl_table, Value: ['11']

GF(type I-PGING CRISPR-associated protein Cas7/Csp1, 7796-8714 (1))
type: CDS
location: [2415382:2417662](+)
id: cds-WP_172794533.1
qualifiers:
    Key: Dbxref, Value: ['GenBank:WP_172794533.1']
    Key: ID, Value: ['cds-WP_172794533.1']
    Key: Name, Value: ['WP_172794533.1']
    Key: Ontology_term, Value: ['GO:0043571', 'GO:0004386']
    Key: Parent, Value: ['gene-TF3313_RS09905']
    Key: gbkey, Value: ['CDS']
    Key: gene, Value: ['cas3']
    Key: go_function, Value: ['helicase activity|0004386||IEA']
    Key: go_process, Value: ['maintenance of CRISPR repeat elements|0043571||IEA']
    Key: inference, Value: ['COORDINATES: similar to AA sequence:RefSeq:WP_019968532.1']
    Key: locus_tag, Value: ['TF3313_RS09905']
    Key: phase, Value: ['0']
    Key: product, Value: ["CRISPR-associated helicase Cas3'"]
    Key: protein_id, Value: ['WP_172794533.1']
    Key: source, Value: ['Protein Homology']
    Key: transl_table, Value: ['11']

GF(CRISPR-associated helicase Cas3', 8706-10986 (1))
type: CDS
location: [2417692:2418247](+)
id: cds-WP_060828056.1
qualifiers:
    Key: Dbxref, Value: ['GenBank:WP_060828056.1']
    Key: ID, Value: ['cds-WP_060828056.1']
    Key: Name, Value: ['WP_060828056.1']
    Key: Parent, Value: ['gene-TF3313_RS09910']
    Key: gbkey, Value: ['CDS']
    Key: inference, Value: ['COORDINATES: protein motif:HMM:NF039671.2']
    Key: locus_tag, Value: ['TF3313_RS09910']
    Key: phase, Value: ['0']
    Key: product, Value: ['DUF6155 family protein']
    Key: protein_id, Value: ['WP_060828056.1']
    Key: source, Value: ['Protein Homology']
    Key: transl_table, Value: ['11']

GF(DUF6155 family protein, 11016-11571 (1))
type: CDS
location: [2418269:2419268](+)
id: cds-WP_060828057.1
qualifiers:
    Key: Dbxref, Value: ['GenBank:WP_060828057.1']
    Key: ID, Value: ['cds-WP_060828057.1']
    Key: Name, Value: ['WP_060828057.1']
    Key: Parent, Value: ['gene-TF3313_RS09915']
    Key: gbkey, Value: ['CDS']
    Key: inference, Value: ['COORDINATES: similar to AA sequence:RefSeq:WP_014225628.1']
    Key: locus_tag, Value: ['TF3313_RS09915']
    Key: phase, Value: ['0']
    Key: product, Value: ['Fic family protein']
    Key: protein_id, Value: ['WP_060828057.1']
    Key: source, Value: ['Protein Homology']
    Key: transl_table, Value: ['11']

GF(Fic family protein, 11593-12592 (1))
type: CDS
location: [2419301:2419538](+)
id: cds-WP_052299275.1
qualifiers:
    Key: Dbxref, Value: ['GenBank:WP_052299275.1']
    Key: ID, Value: ['cds-WP_052299275.1']
    Key: Name, Value: ['WP_052299275.1']
    Key: Parent, Value: ['gene-TF3313_RS09920']
    Key: gbkey, Value: ['CDS']
    Key: inference, Value: ['COORDINATES: ab initio prediction:GeneMarkS-2+']
    Key: locus_tag, Value: ['TF3313_RS09920']
    Key: phase, Value: ['0']
    Key: product, Value: ['hypothetical protein']
    Key: protein_id, Value: ['WP_052299275.1']
    Key: source, Value: ['GeneMarkS-2+']
    Key: transl_table, Value: ['11']

GF(None, 12625-12862 (1))
type: CDS
location: [2419542:2420073](+)
id: cds-WP_060828058.1
qualifiers:
    Key: Dbxref, Value: ['GenBank:WP_060828058.1']
    Key: ID, Value: ['cds-WP_060828058.1']
    Key: Name, Value: ['WP_060828058.1']
    Key: Ontology_term, Value: ['GO:0043571', 'GO:0004518']
    Key: Parent, Value: ['gene-TF3313_RS09925']
    Key: gbkey, Value: ['CDS']
    Key: gene, Value: ['cas4']
    Key: go_function, Value: ['nuclease activity|0004518||IEA']
    Key: go_process, Value: ['maintenance of CRISPR repeat elements|0043571||IEA']
    Key: inference, Value: ['COORDINATES: similar to AA sequence:RefSeq:WP_014225629.1']
    Key: locus_tag, Value: ['TF3313_RS09925']
    Key: phase, Value: ['0']
    Key: product, Value: ['CRISPR-associated protein Cas4']
    Key: protein_id, Value: ['WP_060828058.1']
    Key: source, Value: ['Protein Homology']
    Key: transl_table, Value: ['11']

GF(CRISPR-associated protein Cas4, 12866-13397 (1))
type: CDS
location: [2420119:2421562](+)
id: cds-WP_060828059.1
qualifiers:
    Key: Dbxref, Value: ['GenBank:WP_060828059.1']
    Key: ID, Value: ['cds-WP_060828059.1']
    Key: Name, Value: ['WP_060828059.1']
    Key: Parent, Value: ['gene-TF3313_RS09930']
    Key: gbkey, Value: ['CDS']
    Key: inference, Value: ['COORDINATES: protein motif:HMM:NF037066.3']
    Key: locus_tag, Value: ['TF3313_RS09930']
    Key: phase, Value: ['0']
    Key: product, Value: ['diguanylate cyclase']
    Key: protein_id, Value: ['WP_060828059.1']
    Key: source, Value: ['Protein Homology']
    Key: transl_table, Value: ['11']

GF(diguanylate cyclase, 13443-14886 (1))
type: CDS
location: [2421567:2422038](+)
id: cds-WP_060828060.1
qualifiers:
    Key: Dbxref, Value: ['GenBank:WP_060828060.1']
    Key: ID, Value: ['cds-WP_060828060.1']
    Key: Name, Value: ['WP_060828060.1']
    Key: Ontology_term, Value: ['GO:0043571', 'GO:0003674']
    Key: Parent, Value: ['gene-TF3313_RS09935']
    Key: gbkey, Value: ['CDS']
    Key: gene, Value: ['csm2']
    Key: go_function, Value: ['molecular_function|0003674||IEA']
    Key: go_process, Value: ['maintenance of CRISPR repeat elements|0043571||IEA']
    Key: inference, Value: ['COORDINATES: protein motif:HMM:NF015695.3']
    Key: locus_tag, Value: ['TF3313_RS09935']
    Key: phase, Value: ['0']
    Key: product, Value: ['type III-A CRISPR-associated protein Csm2']
    Key: protein_id, Value: ['WP_060828060.1']
    Key: source, Value: ['Protein Homology']
    Key: transl_table, Value: ['11']

GF(type III-A CRISPR-associated protein Csm2, 14891-15362 (1))
type: CDS
location: [2422047:2422686](+)
id: cds-WP_060828061.1
qualifiers:
    Key: Dbxref, Value: ['GenBank:WP_060828061.1']
    Key: ID, Value: ['cds-WP_060828061.1']
    Key: Name, Value: ['WP_060828061.1']
    Key: Ontology_term, Value: ['GO:0043571', 'GO:0003674']
    Key: Parent, Value: ['gene-TF3313_RS09940']
    Key: gbkey, Value: ['CDS']
    Key: gene, Value: ['csm3']
    Key: go_function, Value: ['molecular_function|0003674||IEA']
    Key: go_process, Value: ['maintenance of CRISPR repeat elements|0043571||IEA']
    Key: inference, Value: ['COORDINATES: similar to AA sequence:RefSeq:WP_014225632.1']
    Key: locus_tag, Value: ['TF3313_RS09940']
    Key: phase, Value: ['0']
    Key: product, Value: ['type III-A CRISPR-associated RAMP protein Csm3']
    Key: protein_id, Value: ['WP_060828061.1']
    Key: source, Value: ['Protein Homology']
    Key: transl_table, Value: ['11']

GF(type III-A CRISPR-associated RAMP protein Csm3, 15371-16010 (1))
type: CDS
location: [2422685:2423681](+)
id: cds-WP_070098957.1
qualifiers:
    Key: Dbxref, Value: ['GenBank:WP_070098957.1']
    Key: ID, Value: ['cds-WP_070098957.1']
    Key: Name, Value: ['WP_070098957.1']
    Key: Ontology_term, Value: ['GO:0043571', 'GO:0003674']
    Key: Parent, Value: ['gene-TF3313_RS09945']
    Key: gbkey, Value: ['CDS']
    Key: gene, Value: ['csm4']
    Key: go_function, Value: ['molecular_function|0003674||IEA']
    Key: go_process, Value: ['maintenance of CRISPR repeat elements|0043571||IEA']
    Key: inference, Value: ['COORDINATES: protein motif:HMM:TIGR01903.1']
    Key: locus_tag, Value: ['TF3313_RS09945']
    Key: phase, Value: ['0']
    Key: product, Value: ['type III-A CRISPR-associated RAMP protein Csm4']
    Key: protein_id, Value: ['WP_070098957.1']
    Key: source, Value: ['Protein Homology']
    Key: transl_table, Value: ['11']

GF(type III-A CRISPR-associated RAMP protein Csm4, 16009-17005 (1))
type: CDS
location: [2423863:2425033](+)
id: cds-WP_060827268.1-4
qualifiers:
    Key: Dbxref, Value: ['GenBank:WP_060827268.1']
    Key: ID, Value: ['cds-WP_060827268.1-4']
    Key: Name, Value: ['WP_060827268.1']
    Key: Parent, Value: ['gene-TF3313_RS09950']
    Key: gbkey, Value: ['CDS']
    Key: inference, Value: ['COORDINATES: similar to AA sequence:RefSeq:WP_014223573.1']
    Key: locus_tag, Value: ['TF3313_RS09950']
    Key: phase, Value: ['0']
    Key: product, Value: ['helix-turn-helix domain-containing protein']
    Key: protein_id, Value: ['WP_060827268.1']
    Key: source, Value: ['Protein Homology']
    Key: transl_table, Value: ['11']

GF(helix-turn-helix domain-containing protein, 17187-18357 (1))
type: CDS
location: [2425524:2425770](+)
id: cds-WP_060828063.1
qualifiers:
    Key: Dbxref, Value: ['GenBank:WP_060828063.1']
    Key: ID, Value: ['cds-WP_060828063.1']
    Key: Name, Value: ['WP_060828063.1']
    Key: Parent, Value: ['gene-TF3313_RS09955']
    Key: gbkey, Value: ['CDS']
    Key: inference, Value: ['COORDINATES: ab initio prediction:GeneMarkS-2+']
    Key: locus_tag, Value: ['TF3313_RS09955']
    Key: phase, Value: ['0']
    Key: product, Value: ['hypothetical protein']
    Key: protein_id, Value: ['WP_060828063.1']
    Key: source, Value: ['GeneMarkS-2+']
    Key: transl_table, Value: ['11']

GF(None, 18848-19094 (1))
type: CDS
location: [2425880:2426009](-)
id: cds-WP_262509327.1
qualifiers:
    Key: Dbxref, Value: ['GenBank:WP_262509327.1']
    Key: ID, Value: ['cds-WP_262509327.1']
    Key: Name, Value: ['WP_262509327.1']
    Key: Parent, Value: ['gene-TF3313_RS15500']
    Key: gbkey, Value: ['CDS']
    Key: inference, Value: ['COORDINATES: ab initio prediction:GeneMarkS-2+']
    Key: locus_tag, Value: ['TF3313_RS15500']
    Key: phase, Value: ['0']
    Key: product, Value: ['hypothetical protein']
    Key: protein_id, Value: ['WP_262509327.1']
    Key: source, Value: ['GeneMarkS-2+']
    Key: transl_table, Value: ['11']

GF(None, 19204-19333 (-1))
type: CDS
location: [2426028:2426208](-)
id: cds-WP_231964022.1
qualifiers:
    Key: Dbxref, Value: ['GenBank:WP_231964022.1']
    Key: ID, Value: ['cds-WP_231964022.1']
    Key: Name, Value: ['WP_231964022.1']
    Key: Parent, Value: ['gene-TF3313_RS14370']
    Key: gbkey, Value: ['CDS']
    Key: inference, Value: ['COORDINATES: ab initio prediction:GeneMarkS-2+']
    Key: locus_tag, Value: ['TF3313_RS14370']
    Key: phase, Value: ['0']
    Key: product, Value: ['hypothetical protein']
    Key: protein_id, Value: ['WP_231964022.1']
    Key: source, Value: ['GeneMarkS-2+']
    Key: transl_table, Value: ['11']

GF(None, 19352-19532 (-1))
[GF(epoxyqueuosine reductase QueH, 709-1342 (1)), GF(agmatine deiminase family protein, 1338-2373 (1)), GF(carbon-nitrogen hydrolase, 2378-3257 (1)), GF(RNA polymerase sigma-70 factor, 3282-3867 (1)), GF(CRISPR-associated endoribonuclease Cas6, 3999-4800 (1)), GF(plasmid pRiA4b ORF-3 family protein, 4826-5450 (1)), GF(type I-PGING CRISPR-associated protein Cas5p, 5517-6243 (1)), GF(type I-PGING CRISPR-associated protein Cas8c/Csp2, 6235-7777 (1)), GF(type I-PGING CRISPR-associated protein Cas7/Csp1, 7796-8714 (1)), GF(CRISPR-associated helicase Cas3', 8706-10986 (1)), GF(DUF6155 family protein, 11016-11571 (1)), GF(Fic family protein, 11593-12592 (1)), GF(None, 12625-12862 (1)), GF(CRISPR-associated protein Cas4, 12866-13397 (1)), GF(diguanylate cyclase, 13443-14886 (1)), GF(type III-A CRISPR-associated protein Csm2, 14891-15362 (1)), GF(type III-A CRISPR-associated RAMP protein Csm3, 15371-16010 (1)), GF(type III-A CRISPR-associated RAMP protein Csm4, 16009-17005 (1)), GF(helix-turn-helix domain-containing protein, 17187-18357 (1)), GF(None, 18848-19094 (1)), GF(None, 19204-19333 (-1)), GF(None, 19352-19532 (-1)), GF(CRISPR-Cas locus, 4000-17005 (0))]
