Cas operons file:    Unnamed: 0         Contig  ...           locus_id           sample
0           1  NZ_CP011403.1  ...  GCF_001011095.1_1  GCF_001011095.1

[1 rows x 19 columns]
The chosen contig: NZ_CP011403.1
type: CDS
location: [758864:760175](+)
id: cds-WP_003700111.1
qualifiers:
    Key: Dbxref, Value: ['GenBank:WP_003700111.1']
    Key: ID, Value: ['cds-WP_003700111.1']
    Key: Name, Value: ['WP_003700111.1']
    Key: Ontology_term, Value: ['GO:0008033', 'GO:0047151', 'GO:0050660']
    Key: Parent, Value: ['gene-lsr_RS03905']
    Key: gbkey, Value: ['CDS']
    Key: gene, Value: ['trmFO']
    Key: go_function, Value: ['tRNA (uracil(54)-C5)-methyltransferase activity, 5,10-methylenetetrahydrofolate-dependent|0047151||IEA', 'flavin adenine dinucleotide binding|0050660||IEA']
    Key: go_process, Value: ['tRNA processing|0008033||IEA']
    Key: inference, Value: ['COORDINATES: similar to AA sequence:RefSeq:WP_003706175.1']
    Key: locus_tag, Value: ['lsr_RS03905']
    Key: phase, Value: ['0']
    Key: product, Value: ['FADH(2)-oxidizing methylenetetrahydrofolate--tRNA-(uracil(54)-C(5))-methyltransferase TrmFO']
    Key: protein_id, Value: ['WP_003700111.1']
    Key: source, Value: ['Protein Homology']
    Key: transl_table, Value: ['11']

GF(FADH(2)-oxidizing methylenetetrahydrofolate--tRNA-(uracil(54)-C(5))-methyltransferase TrmFO, 337-1648 (1))
type: CDS
location: [760296:761700](+)
id: cds-WP_047035566.1
qualifiers:
    Key: Dbxref, Value: ['GenBank:WP_047035566.1']
    Key: ID, Value: ['cds-WP_047035566.1']
    Key: Name, Value: ['WP_047035566.1']
    Key: Ontology_term, Value: ['GO:0009401', 'GO:0016020']
    Key: Parent, Value: ['gene-lsr_RS03910']
    Key: gbkey, Value: ['CDS']
    Key: go_component, Value: ['membrane|0016020||IEA']
    Key: go_process, Value: ['phosphoenolpyruvate-dependent sugar phosphotransferase system|0009401||IEA']
    Key: inference, Value: ['COORDINATES: similar to AA sequence:RefSeq:WP_003700112.1']
    Key: locus_tag, Value: ['lsr_RS03910']
    Key: phase, Value: ['0']
    Key: product, Value: ['PTS transporter subunit IIC']
    Key: protein_id, Value: ['WP_047035566.1']
    Key: source, Value: ['Protein Homology']
    Key: transl_table, Value: ['11']

GF(PTS transporter subunit IIC, 1769-3173 (1))
type: CDS
location: [761741:762359](-)
id: cds-WP_047035568.1
qualifiers:
    Key: Dbxref, Value: ['GenBank:WP_047035568.1']
    Key: ID, Value: ['cds-WP_047035568.1']
    Key: Name, Value: ['WP_047035568.1']
    Key: Ontology_term, Value: ['GO:0006355', 'GO:0003677', 'GO:0003700']
    Key: Parent, Value: ['gene-lsr_RS03915']
    Key: gbkey, Value: ['CDS']
    Key: go_function, Value: ['DNA binding|0003677||IEA', 'DNA-binding transcription factor activity|0003700||IEA']
    Key: go_process, Value: ['regulation of DNA-templated transcription|0006355||IEA']
    Key: inference, Value: ['COORDINATES: similar to AA sequence:RefSeq:WP_014568356.1']
    Key: locus_tag, Value: ['lsr_RS03915']
    Key: phase, Value: ['0']
    Key: product, Value: ['TetR/AcrR family transcriptional regulator']
    Key: protein_id, Value: ['WP_047035568.1']
    Key: source, Value: ['Protein Homology']
    Key: transl_table, Value: ['11']

GF(TetR/AcrR family transcriptional regulator, 3214-3832 (-1))
type: CDS
location: [762526:763417](+)
id: cds-WP_047035570.1
qualifiers:
    Key: Dbxref, Value: ['GenBank:WP_047035570.1']
    Key: ID, Value: ['cds-WP_047035570.1']
    Key: Name, Value: ['WP_047035570.1']
    Key: Ontology_term, Value: ['GO:0005524']
    Key: Parent, Value: ['gene-lsr_RS03920']
    Key: gbkey, Value: ['CDS']
    Key: go_function, Value: ['ATP binding|0005524||IEA']
    Key: inference, Value: ['COORDINATES: similar to AA sequence:RefSeq:WP_016250752.1']
    Key: locus_tag, Value: ['lsr_RS03920']
    Key: phase, Value: ['0']
    Key: product, Value: ['ABC transporter ATP-binding protein']
    Key: protein_id, Value: ['WP_047035570.1']
    Key: source, Value: ['Protein Homology']
    Key: transl_table, Value: ['11']

GF(ABC transporter ATP-binding protein, 3999-4890 (1))
type: CDS
location: [763430:765035](+)
id: cds-WP_047035572.1
qualifiers:
    Key: Dbxref, Value: ['GenBank:WP_047035572.1']
    Key: ID, Value: ['cds-WP_047035572.1']
    Key: Name, Value: ['WP_047035572.1']
    Key: Parent, Value: ['gene-lsr_RS03925']
    Key: gbkey, Value: ['CDS']
    Key: inference, Value: ['COORDINATES: similar to AA sequence:RefSeq:WP_011475890.1']
    Key: locus_tag, Value: ['lsr_RS03925']
    Key: phase, Value: ['0']
    Key: product, Value: ['ABC transporter permease']
    Key: protein_id, Value: ['WP_047035572.1']
    Key: source, Value: ['Protein Homology']
    Key: transl_table, Value: ['11']

GF(ABC transporter permease, 4903-6508 (1))
type: CDS
location: [765239:765974](+)
id: cds-WP_180376504.1
qualifiers:
    Key: Dbxref, Value: ['GenBank:WP_180376504.1']
    Key: ID, Value: ['cds-WP_180376504.1']
    Key: Name, Value: ['WP_180376504.1']
    Key: Ontology_term, Value: ['GO:0043571', 'GO:0004521']
    Key: Parent, Value: ['gene-lsr_RS03930']
    Key: gbkey, Value: ['CDS']
    Key: gene, Value: ['cas6']
    Key: go_function, Value: ['RNA endonuclease activity|0004521||IEA']
    Key: go_process, Value: ['maintenance of CRISPR repeat elements|0043571||IEA']
    Key: inference, Value: ['COORDINATES: protein motif:HMM:TIGR01877.1']
    Key: locus_tag, Value: ['lsr_RS03930']
    Key: phase, Value: ['0']
    Key: product, Value: ['CRISPR-associated endoribonuclease Cas6']
    Key: protein_id, Value: ['WP_180376504.1']
    Key: source, Value: ['Protein Homology']
    Key: transl_table, Value: ['11']

GF(CRISPR-associated endoribonuclease Cas6, 6712-7447 (1))
type: CDS
location: [765994:768298](+)
id: cds-WP_225356218.1
qualifiers:
    Key: Dbxref, Value: ['GenBank:WP_225356218.1']
    Key: ID, Value: ['cds-WP_225356218.1']
    Key: Name, Value: ['WP_225356218.1']
    Key: Ontology_term, Value: ['GO:0043571', 'GO:0003674']
    Key: Parent, Value: ['gene-lsr_RS03935']
    Key: gbkey, Value: ['CDS']
    Key: gene, Value: ['cas10']
    Key: go_function, Value: ['molecular_function|0003674||IEA']
    Key: go_process, Value: ['maintenance of CRISPR repeat elements|0043571||IEA']
    Key: inference, Value: ['COORDINATES: similar to AA sequence:RefSeq:WP_003706181.1']
    Key: locus_tag, Value: ['lsr_RS03935']
    Key: phase, Value: ['0']
    Key: product, Value: ['type III-A CRISPR-associated protein Cas10/Csm1']
    Key: protein_id, Value: ['WP_225356218.1']
    Key: source, Value: ['Protein Homology']
    Key: transl_table, Value: ['11']

GF(type III-A CRISPR-associated protein Cas10/Csm1, 7467-9771 (1))
type: CDS
location: [768299:768740](+)
id: cds-WP_049176028.1
qualifiers:
    Key: Dbxref, Value: ['GenBank:WP_049176028.1']
    Key: ID, Value: ['cds-WP_049176028.1']
    Key: Name, Value: ['WP_049176028.1']
    Key: Ontology_term, Value: ['GO:0043571', 'GO:0003674']
    Key: Parent, Value: ['gene-lsr_RS03940']
    Key: gbkey, Value: ['CDS']
    Key: gene, Value: ['csm2']
    Key: go_function, Value: ['molecular_function|0003674||IEA']
    Key: go_process, Value: ['maintenance of CRISPR repeat elements|0043571||IEA']
    Key: inference, Value: ['COORDINATES: similar to AA sequence:RefSeq:WP_003706183.1']
    Key: locus_tag, Value: ['lsr_RS03940']
    Key: phase, Value: ['0']
    Key: product, Value: ['type III-A CRISPR-associated protein Csm2']
    Key: protein_id, Value: ['WP_049176028.1']
    Key: source, Value: ['Protein Homology']
    Key: transl_table, Value: ['11']

GF(type III-A CRISPR-associated protein Csm2, 9772-10213 (1))
type: CDS
location: [768759:769425](+)
id: cds-WP_047035574.1
qualifiers:
    Key: Dbxref, Value: ['GenBank:WP_047035574.1']
    Key: ID, Value: ['cds-WP_047035574.1']
    Key: Name, Value: ['WP_047035574.1']
    Key: Ontology_term, Value: ['GO:0043571', 'GO:0003674']
    Key: Parent, Value: ['gene-lsr_RS03945']
    Key: gbkey, Value: ['CDS']
    Key: gene, Value: ['csm3']
    Key: go_function, Value: ['molecular_function|0003674||IEA']
    Key: go_process, Value: ['maintenance of CRISPR repeat elements|0043571||IEA']
    Key: inference, Value: ['COORDINATES: similar to AA sequence:RefSeq:WP_003702074.1']
    Key: locus_tag, Value: ['lsr_RS03945']
    Key: phase, Value: ['0']
    Key: product, Value: ['type III-A CRISPR-associated RAMP protein Csm3']
    Key: protein_id, Value: ['WP_047035574.1']
    Key: source, Value: ['Protein Homology']
    Key: transl_table, Value: ['11']

GF(type III-A CRISPR-associated RAMP protein Csm3, 10232-10898 (1))
type: CDS
location: [769428:770331](+)
id: cds-WP_034983391.1
qualifiers:
    Key: Dbxref, Value: ['GenBank:WP_034983391.1']
    Key: ID, Value: ['cds-WP_034983391.1']
    Key: Name, Value: ['WP_034983391.1']
    Key: Ontology_term, Value: ['GO:0043571', 'GO:0003674']
    Key: Parent, Value: ['gene-lsr_RS03950']
    Key: gbkey, Value: ['CDS']
    Key: gene, Value: ['csm4']
    Key: go_function, Value: ['molecular_function|0003674||IEA']
    Key: go_process, Value: ['maintenance of CRISPR repeat elements|0043571||IEA']
    Key: inference, Value: ['COORDINATES: similar to AA sequence:RefSeq:WP_003700120.1']
    Key: locus_tag, Value: ['lsr_RS03950']
    Key: phase, Value: ['0']
    Key: product, Value: ['type III-A CRISPR-associated RAMP protein Csm4']
    Key: protein_id, Value: ['WP_034983391.1']
    Key: source, Value: ['Protein Homology']
    Key: transl_table, Value: ['11']

GF(type III-A CRISPR-associated RAMP protein Csm4, 10901-11804 (1))
type: CDS
location: [770347:771340](+)
id: cds-WP_052757133.1
qualifiers:
    Key: Dbxref, Value: ['GenBank:WP_052757133.1']
    Key: ID, Value: ['cds-WP_052757133.1']
    Key: Name, Value: ['WP_052757133.1']
    Key: Ontology_term, Value: ['GO:0043571', 'GO:0003674']
    Key: Parent, Value: ['gene-lsr_RS03955']
    Key: gbkey, Value: ['CDS']
    Key: gene, Value: ['csm5']
    Key: go_function, Value: ['molecular_function|0003674||IEA']
    Key: go_process, Value: ['maintenance of CRISPR repeat elements|0043571||IEA']
    Key: inference, Value: ['COORDINATES: similar to AA sequence:RefSeq:WP_003706189.1']
    Key: locus_tag, Value: ['lsr_RS03955']
    Key: phase, Value: ['0']
    Key: product, Value: ['type III-A CRISPR-associated RAMP protein Csm5']
    Key: protein_id, Value: ['WP_052757133.1']
    Key: source, Value: ['Protein Homology']
    Key: transl_table, Value: ['11']

GF(type III-A CRISPR-associated RAMP protein Csm5, 11820-12813 (1))
type: CDS
location: [771364:772273](+)
id: cds-WP_047035578.1
qualifiers:
    Key: Dbxref, Value: ['GenBank:WP_047035578.1']
    Key: ID, Value: ['cds-WP_047035578.1']
    Key: Name, Value: ['WP_047035578.1']
    Key: Ontology_term, Value: ['GO:0043571', 'GO:0051607', 'GO:0003676', 'GO:0004520', 'GO:0046872']
    Key: Parent, Value: ['gene-lsr_RS03960']
    Key: gbkey, Value: ['CDS']
    Key: gene, Value: ['cas1']
    Key: go_function, Value: ['nucleic acid binding|0003676||IEA', 'DNA endonuclease activity|0004520||IEA', 'metal ion binding|0046872||IEA']
    Key: go_process, Value: ['maintenance of CRISPR repeat elements|0043571||IEA', 'defense response to virus|0051607||IEA']
    Key: inference, Value: ['COORDINATES: similar to AA sequence:RefSeq:WP_003706191.1']
    Key: locus_tag, Value: ['lsr_RS03960']
    Key: phase, Value: ['0']
    Key: product, Value: ['type II CRISPR-associated endonuclease Cas1']
    Key: protein_id, Value: ['WP_047035578.1']
    Key: source, Value: ['Protein Homology']
    Key: transl_table, Value: ['11']

GF(type II CRISPR-associated endonuclease Cas1, 12837-13746 (1))
type: CDS
location: [772275:772581](+)
id: cds-WP_003704026.1
qualifiers:
    Key: Dbxref, Value: ['GenBank:WP_003704026.1']
    Key: ID, Value: ['cds-WP_003704026.1']
    Key: Name, Value: ['WP_003704026.1']
    Key: Ontology_term, Value: ['GO:0043571', 'GO:0004521']
    Key: Parent, Value: ['gene-lsr_RS03965']
    Key: gbkey, Value: ['CDS']
    Key: gene, Value: ['cas2']
    Key: go_function, Value: ['RNA endonuclease activity|0004521||IEA']
    Key: go_process, Value: ['maintenance of CRISPR repeat elements|0043571||IEA']
    Key: inference, Value: ['COORDINATES: similar to AA sequence:RefSeq:WP_003704026.1']
    Key: locus_tag, Value: ['lsr_RS03965']
    Key: phase, Value: ['0']
    Key: product, Value: ['CRISPR-associated endonuclease Cas2']
    Key: protein_id, Value: ['WP_003704026.1']
    Key: source, Value: ['Protein Homology']
    Key: transl_table, Value: ['11']

GF(CRISPR-associated endonuclease Cas2, 13748-14054 (1))
type: CDS
location: [774104:775340](+)
id: cds-WP_047035581.1
qualifiers:
    Key: Dbxref, Value: ['GenBank:WP_047035581.1']
    Key: ID, Value: ['cds-WP_047035581.1']
    Key: Name, Value: ['WP_047035581.1']
    Key: Parent, Value: ['gene-lsr_RS03970']
    Key: gbkey, Value: ['CDS']
    Key: inference, Value: ['COORDINATES: similar to AA sequence:RefSeq:WP_003700128.1']
    Key: locus_tag, Value: ['lsr_RS03970']
    Key: phase, Value: ['0']
    Key: product, Value: ['CRISPR-associated protein Csm6']
    Key: protein_id, Value: ['WP_047035581.1']
    Key: source, Value: ['Protein Homology']
    Key: transl_table, Value: ['11']

GF(CRISPR-associated protein Csm6, 15577-16813 (1))
type: CDS
location: [775492:776149](+)
id: cds-WP_003700129.1
qualifiers:
    Key: Dbxref, Value: ['GenBank:WP_003700129.1']
    Key: ID, Value: ['cds-WP_003700129.1']
    Key: Name, Value: ['WP_003700129.1']
    Key: Parent, Value: ['gene-lsr_RS03975']
    Key: gbkey, Value: ['CDS']
    Key: inference, Value: ['COORDINATES: similar to AA sequence:RefSeq:WP_014568359.1']
    Key: locus_tag, Value: ['lsr_RS03975']
    Key: phase, Value: ['0']
    Key: product, Value: ['histidine phosphatase family protein']
    Key: protein_id, Value: ['WP_003700129.1']
    Key: source, Value: ['Protein Homology']
    Key: transl_table, Value: ['11']

GF(histidine phosphatase family protein, 16965-17622 (1))
type: CDS
location: [776164:776833](+)
id: cds-WP_047035582.1
qualifiers:
    Key: Dbxref, Value: ['GenBank:WP_047035582.1']
    Key: ID, Value: ['cds-WP_047035582.1']
    Key: Name, Value: ['WP_047035582.1']
    Key: Parent, Value: ['gene-lsr_RS03980']
    Key: gbkey, Value: ['CDS']
    Key: inference, Value: ['COORDINATES: similar to AA sequence:RefSeq:WP_003707874.1']
    Key: locus_tag, Value: ['lsr_RS03980']
    Key: phase, Value: ['0']
    Key: product, Value: ['tetratricopeptide repeat protein']
    Key: protein_id, Value: ['WP_047035582.1']
    Key: source, Value: ['Protein Homology']
    Key: transl_table, Value: ['11']

GF(tetratricopeptide repeat protein, 17637-18306 (1))
type: CDS
location: [776825:779300](+)
id: cds-WP_047035584.1
qualifiers:
    Key: Dbxref, Value: ['GenBank:WP_047035584.1']
    Key: ID, Value: ['cds-WP_047035584.1']
    Key: Name, Value: ['WP_047035584.1']
    Key: Ontology_term, Value: ['GO:0004386']
    Key: Parent, Value: ['gene-lsr_RS03985']
    Key: gbkey, Value: ['CDS']
    Key: go_function, Value: ['helicase activity|0004386||IEA']
    Key: inference, Value: ['COORDINATES: similar to AA sequence:RefSeq:WP_003702933.1']
    Key: locus_tag, Value: ['lsr_RS03985']
    Key: phase, Value: ['0']
    Key: product, Value: ['ATP-dependent RecD-like DNA helicase']
    Key: protein_id, Value: ['WP_047035584.1']
    Key: source, Value: ['Protein Homology']
    Key: transl_table, Value: ['11']

GF(ATP-dependent RecD-like DNA helicase, 18298-20773 (1))
type: CDS
location: [779693:779936](-)
id: cds-lsr_RS09960
qualifiers:
    Key: ID, Value: ['cds-lsr_RS09960']
    Key: Note, Value: ['frameshifted; internal stop; incomplete; partial in the middle of a contig; missing N-terminus']
    Key: Ontology_term, Value: ['GO:0006310', 'GO:0015074', 'GO:0003677']
    Key: Parent, Value: ['gene-lsr_RS09960']
    Key: end_range, Value: ['779936', '.']
    Key: gbkey, Value: ['CDS']
    Key: go_function, Value: ['DNA binding|0003677||IEA']
    Key: go_process, Value: ['DNA recombination|0006310||IEA', 'DNA integration|0015074||IEA']
    Key: inference, Value: ['COORDINATES: similar to AA sequence:RefSeq:WP_003702937.1']
    Key: locus_tag, Value: ['lsr_RS09960']
    Key: partial, Value: ['true']
    Key: phase, Value: ['0']
    Key: product, Value: ['tyrosine-type recombinase/integrase']
    Key: pseudo, Value: ['true']
    Key: source, Value: ['Protein Homology']
    Key: transl_table, Value: ['11']

GF(tyrosine-type recombinase/integrase, 21166-21409 (-1))
type: CDS
location: [780184:780394](-)
id: cds-WP_003710043.1
qualifiers:
    Key: Dbxref, Value: ['GenBank:WP_003710043.1']
    Key: ID, Value: ['cds-WP_003710043.1']
    Key: Name, Value: ['WP_003710043.1']
    Key: Parent, Value: ['gene-lsr_RS03995']
    Key: gbkey, Value: ['CDS']
    Key: inference, Value: ['COORDINATES: similar to AA sequence:RefSeq:WP_010053451.1']
    Key: locus_tag, Value: ['lsr_RS03995']
    Key: phase, Value: ['0']
    Key: product, Value: ['helix-turn-helix domain-containing protein']
    Key: protein_id, Value: ['WP_003710043.1']
    Key: source, Value: ['Protein Homology']
    Key: transl_table, Value: ['11']

GF(helix-turn-helix domain-containing protein, 21657-21867 (-1))
type: CDS
location: [781271:781457](+)
id: cds-WP_047035587.1
qualifiers:
    Key: Dbxref, Value: ['GenBank:WP_047035587.1']
    Key: ID, Value: ['cds-WP_047035587.1']
    Key: Name, Value: ['WP_047035587.1']
    Key: Parent, Value: ['gene-lsr_RS04000']
    Key: gbkey, Value: ['CDS']
    Key: inference, Value: ['COORDINATES: similar to AA sequence:RefSeq:WP_003704429.1']
    Key: locus_tag, Value: ['lsr_RS04000']
    Key: phase, Value: ['0']
    Key: product, Value: ['hypothetical protein']
    Key: protein_id, Value: ['WP_047035587.1']
    Key: source, Value: ['Protein Homology']
    Key: transl_table, Value: ['11']

GF(None, 22744-22930 (1))
type: CDS
location: [781453:781939](-)
id: cds-WP_080517778.1
qualifiers:
    Key: Dbxref, Value: ['GenBank:WP_080517778.1']
    Key: ID, Value: ['cds-WP_080517778.1']
    Key: Name, Value: ['WP_080517778.1']
    Key: Parent, Value: ['gene-lsr_RS04005']
    Key: gbkey, Value: ['CDS']
    Key: inference, Value: ['COORDINATES: similar to AA sequence:RefSeq:WP_003710044.1']
    Key: locus_tag, Value: ['lsr_RS04005']
    Key: phase, Value: ['0']
    Key: product, Value: ['hypothetical protein']
    Key: protein_id, Value: ['WP_080517778.1']
    Key: source, Value: ['Protein Homology']
    Key: transl_table, Value: ['11']

GF(None, 22926-23412 (-1))
type: CDS
location: [782076:782838](+)
id: cds-WP_014568369.1
qualifiers:
    Key: Dbxref, Value: ['GenBank:WP_014568369.1']
    Key: ID, Value: ['cds-WP_014568369.1']
    Key: Name, Value: ['WP_014568369.1']
    Key: Ontology_term, Value: ['GO:0001510', 'GO:0008173', 'GO:0016740']
    Key: Parent, Value: ['gene-lsr_RS04010']
    Key: gbkey, Value: ['CDS']
    Key: go_function, Value: ['RNA methyltransferase activity|0008173||IEA', 'transferase activity|0016740||IEA']
    Key: go_process, Value: ['RNA methylation|0001510||IEA']
    Key: inference, Value: ['COORDINATES: similar to AA sequence:RefSeq:WP_003707872.1']
    Key: locus_tag, Value: ['lsr_RS04010']
    Key: phase, Value: ['0']
    Key: product, Value: ['RNA methyltransferase']
    Key: protein_id, Value: ['WP_014568369.1']
    Key: source, Value: ['Protein Homology']
    Key: transl_table, Value: ['11']

GF(RNA methyltransferase, 23549-24311 (1))
type: repeat_region
location: [772732:774023](+)
id: NZ_CP011403.1_2
qualifiers:
    Key: Dbxref, Value: ['SO:0001459']
    Key: ID, Value: ['NZ_CP011403.1_2']
    Key: Note, Value: ['AGTAAGAACATATCTCCGAATATAGGAGACGAAAAC']
    Key: Ontology_term, Value: ['CRISPR']
    Key: score, Value: ['1291']
    Key: source, Value: ['CCTyper']

GF(Repeat region, 14205-15496 (0))
graphic feature from cctyper protein table: GF(AbiEii, 4000-4890 (1))
graphic feature from cctyper protein table: GF(Cas10, 7468-9771 (1))
graphic feature from cctyper protein table: GF(Csm2gr11, 9773-10213 (1))
graphic feature from cctyper protein table: GF(Csm3gr7, 10233-10898 (1))
graphic feature from cctyper protein table: GF(Csm4gr5, 10902-11804 (1))
graphic feature from cctyper protein table: GF(Csm5gr7, 11821-12813 (1))
graphic feature from cctyper protein table: GF(Cas1, 12838-13746 (1))
graphic feature from cctyper protein table: GF(Cas2, 13749-14054 (1))
graphic feature from cctyper protein table: GF(Csm6, 15578-16813 (1))
graphic feature from cctyper protein table: GF(Cas4, 17638-18306 (1))
graphic feature from cctyper protein table: GF(RecD, 18299-20773 (1))
Index(['protein_id', 'start', 'end', 'effector', 'locus', 'sample', 'strand',
       'sequence', 'type'],
      dtype='object')
graphic feature from known effectors: GF(csm6-ca6, 15578-16813 (1))
Index(['protein_id', 'start', 'end', 'effector', 'locus', 'sample', 'strand',
       'sequence'],
      dtype='object')
[GF(FADH(2)-oxidizing methylenetetrahydrofolate--tRNA-(uracil(54)-C(5))-methyltransferase TrmFO, 337-1648 (1)), GF(PTS transporter subunit IIC, 1769-3173 (1)), GF(TetR/AcrR family transcriptional regulator, 3214-3832 (-1)), GF(ABC transporter ATP-binding protein, 3999-4890 (1)), GF(ABC transporter permease, 4903-6508 (1)), GF(CRISPR-associated endoribonuclease Cas6, 6712-7447 (1)), GF(type III-A CRISPR-associated protein Cas10/Csm1, 7467-9771 (1)), GF(type III-A CRISPR-associated protein Csm2, 9772-10213 (1)), GF(type III-A CRISPR-associated RAMP protein Csm3, 10232-10898 (1)), GF(type III-A CRISPR-associated RAMP protein Csm4, 10901-11804 (1)), GF(type III-A CRISPR-associated RAMP protein Csm5, 11820-12813 (1)), GF(type II CRISPR-associated endonuclease Cas1, 12837-13746 (1)), GF(CRISPR-associated endonuclease Cas2, 13748-14054 (1)), GF(CRISPR-associated protein Csm6, 15577-16813 (1)), GF(histidine phosphatase family protein, 16965-17622 (1)), GF(tetratricopeptide repeat protein, 17637-18306 (1)), GF(ATP-dependent RecD-like DNA helicase, 18298-20773 (1)), GF(tyrosine-type recombinase/integrase, 21166-21409 (-1)), GF(helix-turn-helix domain-containing protein, 21657-21867 (-1)), GF(None, 22744-22930 (1)), GF(None, 22926-23412 (-1)), GF(RNA methyltransferase, 23549-24311 (1)), GF(Repeat region, 14205-15496 (0)), GF(AbiEii, 4000-4890 (1)), GF(Cas10, 7468-9771 (1)), GF(Csm2gr11, 9773-10213 (1)), GF(Csm3gr7, 10233-10898 (1)), GF(Csm4gr5, 10902-11804 (1)), GF(Csm5gr7, 11821-12813 (1)), GF(Cas1, 12838-13746 (1)), GF(Cas2, 13749-14054 (1)), GF(Csm6, 15578-16813 (1)), GF(Cas4, 17638-18306 (1)), GF(RecD, 18299-20773 (1)), GF(csm6-ca6, 15578-16813 (1)), GF(CRISPR-Cas locus, 4000-20773 (0))]
