Cas operons file:    Unnamed: 0       Contig  ...           locus_id           sample
0           0  NC_015682.1  ...  GCF_000215975.1_0  GCF_000215975.1

[1 rows x 19 columns]
The chosen contig: NC_015682.1
type: CDS
location: [1098576:1099059](+)
id: cds-WP_013909887.1
qualifiers:
    Key: Dbxref, Value: ['GenBank:WP_013909887.1']
    Key: ID, Value: ['cds-WP_013909887.1']
    Key: Name, Value: ['WP_013909887.1']
    Key: Parent, Value: ['gene-TOPB45_RS05685']
    Key: gbkey, Value: ['CDS']
    Key: inference, Value: ['COORDINATES: similar to AA sequence:RefSeq:WP_013909848.1']
    Key: locus_tag, Value: ['TOPB45_RS05685']
    Key: phase, Value: ['0']
    Key: product, Value: ['hypothetical protein']
    Key: protein_id, Value: ['WP_013909887.1']
    Key: source, Value: ['Protein Homology']
    Key: transl_table, Value: ['11']

GF(None, 812-1295 (1))
type: CDS
location: [1099163:1099508](-)
id: cds-TOPB45_RS05690
qualifiers:
    Key: ID, Value: ['cds-TOPB45_RS05690']
    Key: Note, Value: ['incomplete; partial in the middle of a contig; missing N-terminus']
    Key: Parent, Value: ['gene-TOPB45_RS05690']
    Key: end_range, Value: ['1099508', '.']
    Key: gbkey, Value: ['CDS']
    Key: inference, Value: ['COORDINATES: protein motif:HMM:NF045163.1']
    Key: locus_tag, Value: ['TOPB45_RS05690']
    Key: partial, Value: ['true']
    Key: phase, Value: ['0']
    Key: product, Value: ['hypothetical protein']
    Key: pseudo, Value: ['true']
    Key: source, Value: ['Protein Homology']
    Key: transl_table, Value: ['11']

GF(None, 1399-1744 (-1))
type: CDS
location: [1100023:1100293](+)
id: cds-WP_013909889.1
qualifiers:
    Key: Dbxref, Value: ['GenBank:WP_013909889.1']
    Key: ID, Value: ['cds-WP_013909889.1']
    Key: Name, Value: ['WP_013909889.1']
    Key: Parent, Value: ['gene-TOPB45_RS05695']
    Key: gbkey, Value: ['CDS']
    Key: inference, Value: ['COORDINATES: protein motif:HMM:NF015947.4']
    Key: locus_tag, Value: ['TOPB45_RS05695']
    Key: phase, Value: ['0']
    Key: product, Value: ['AbrB/MazE/SpoVT family DNA-binding domain-containing protein']
    Key: protein_id, Value: ['WP_013909889.1']
    Key: source, Value: ['Protein Homology']
    Key: transl_table, Value: ['11']

GF(AbrB/MazE/SpoVT family DNA-binding domain-containing protein, 2259-2529 (1))
type: CDS
location: [1100289:1100694](+)
id: cds-WP_013909890.1
qualifiers:
    Key: Dbxref, Value: ['GenBank:WP_013909890.1']
    Key: ID, Value: ['cds-WP_013909890.1']
    Key: Name, Value: ['WP_013909890.1']
    Key: Parent, Value: ['gene-TOPB45_RS05700']
    Key: gbkey, Value: ['CDS']
    Key: inference, Value: ['COORDINATES: protein motif:HMM:NF013970.4']
    Key: locus_tag, Value: ['TOPB45_RS05700']
    Key: phase, Value: ['0']
    Key: product, Value: ['PIN domain-containing protein']
    Key: protein_id, Value: ['WP_013909890.1']
    Key: source, Value: ['Protein Homology']
    Key: transl_table, Value: ['11']

GF(PIN domain-containing protein, 2525-2930 (1))
type: CDS
location: [1100841:1101000](+)
id: cds-TOPB45_RS08805
qualifiers:
    Key: ID, Value: ['cds-TOPB45_RS08805']
    Key: Note, Value: ['incomplete; partial in the middle of a contig; missing N-terminus']
    Key: Ontology_term, Value: ['GO:0003677', 'GO:0030527']
    Key: Parent, Value: ['gene-TOPB45_RS08805']
    Key: gbkey, Value: ['CDS']
    Key: go_function, Value: ['DNA binding|0003677||IEA', 'structural constituent of chromatin|0030527||IEA']
    Key: inference, Value: ['COORDINATES: protein motif:HMM:NF012442.4']
    Key: locus_tag, Value: ['TOPB45_RS08805']
    Key: partial, Value: ['true']
    Key: phase, Value: ['0']
    Key: product, Value: ['HU family DNA-binding protein']
    Key: pseudo, Value: ['true']
    Key: source, Value: ['Protein Homology']
    Key: start_range, Value: ['.', '1100842']
    Key: transl_table, Value: ['11']

GF(HU family DNA-binding protein, 3077-3236 (1))
type: CDS
location: [1101326:1101752](+)
id: cds-WP_144011492.1
qualifiers:
    Key: Dbxref, Value: ['GenBank:WP_144011492.1']
    Key: ID, Value: ['cds-WP_144011492.1']
    Key: Name, Value: ['WP_144011492.1']
    Key: Parent, Value: ['gene-TOPB45_RS05710']
    Key: gbkey, Value: ['CDS']
    Key: inference, Value: ['COORDINATES: ab initio prediction:GeneMarkS-2+']
    Key: locus_tag, Value: ['TOPB45_RS05710']
    Key: phase, Value: ['0']
    Key: product, Value: ['hypothetical protein']
    Key: protein_id, Value: ['WP_144011492.1']
    Key: source, Value: ['GeneMarkS-2+']
    Key: transl_table, Value: ['11']

GF(None, 3562-3988 (1))
type: CDS
location: [1101763:1102465](+)
id: cds-WP_013909892.1
qualifiers:
    Key: Dbxref, Value: ['GenBank:WP_013909892.1']
    Key: ID, Value: ['cds-WP_013909892.1']
    Key: Name, Value: ['WP_013909892.1']
    Key: Parent, Value: ['gene-TOPB45_RS05715']
    Key: gbkey, Value: ['CDS']
    Key: inference, Value: ['COORDINATES: ab initio prediction:GeneMarkS-2+']
    Key: locus_tag, Value: ['TOPB45_RS05715']
    Key: phase, Value: ['0']
    Key: product, Value: ['hypothetical protein']
    Key: protein_id, Value: ['WP_013909892.1']
    Key: source, Value: ['GeneMarkS-2+']
    Key: transl_table, Value: ['11']

GF(None, 3999-4701 (1))
type: CDS
location: [1102510:1103344](+)
id: cds-WP_013909893.1
qualifiers:
    Key: Dbxref, Value: ['GenBank:WP_013909893.1']
    Key: ID, Value: ['cds-WP_013909893.1']
    Key: Name, Value: ['WP_013909893.1']
    Key: Parent, Value: ['gene-TOPB45_RS05720']
    Key: gbkey, Value: ['CDS']
    Key: inference, Value: ['COORDINATES: ab initio prediction:GeneMarkS-2+']
    Key: locus_tag, Value: ['TOPB45_RS05720']
    Key: phase, Value: ['0']
    Key: product, Value: ['hypothetical protein']
    Key: protein_id, Value: ['WP_013909893.1']
    Key: source, Value: ['GeneMarkS-2+']
    Key: transl_table, Value: ['11']

GF(None, 4746-5580 (1))
type: CDS
location: [1103324:1104797](+)
id: cds-WP_013909894.1
qualifiers:
    Key: Dbxref, Value: ['GenBank:WP_013909894.1']
    Key: ID, Value: ['cds-WP_013909894.1']
    Key: Name, Value: ['WP_013909894.1']
    Key: Parent, Value: ['gene-TOPB45_RS05725']
    Key: gbkey, Value: ['CDS']
    Key: inference, Value: ['COORDINATES: protein motif:HMM:NF033611.0']
    Key: locus_tag, Value: ['TOPB45_RS05725']
    Key: phase, Value: ['0']
    Key: product, Value: ['SAVED domain-containing protein']
    Key: protein_id, Value: ['WP_013909894.1']
    Key: source, Value: ['Protein Homology']
    Key: transl_table, Value: ['11']

GF(SAVED domain-containing protein, 5560-7033 (1))
type: CDS
location: [1104848:1107260](+)
id: cds-WP_013909895.1
qualifiers:
    Key: Dbxref, Value: ['GenBank:WP_013909895.1']
    Key: ID, Value: ['cds-WP_013909895.1']
    Key: Name, Value: ['WP_013909895.1']
    Key: Ontology_term, Value: ['GO:0043571', 'GO:0003674']
    Key: Parent, Value: ['gene-TOPB45_RS05730']
    Key: gbkey, Value: ['CDS']
    Key: gene, Value: ['cas10']
    Key: go_function, Value: ['molecular_function|0003674||IEA']
    Key: go_process, Value: ['maintenance of CRISPR repeat elements|0043571||IEA']
    Key: inference, Value: ['COORDINATES: protein motif:HMM:TIGR02578.1']
    Key: locus_tag, Value: ['TOPB45_RS05730']
    Key: phase, Value: ['0']
    Key: product, Value: ['type III-A CRISPR-associated protein Cas10/Csm1']
    Key: protein_id, Value: ['WP_013909895.1']
    Key: source, Value: ['Protein Homology']
    Key: transl_table, Value: ['11']

GF(type III-A CRISPR-associated protein Cas10/Csm1, 7084-9496 (1))
type: CDS
location: [1107279:1107699](+)
id: cds-WP_013909896.1
qualifiers:
    Key: Dbxref, Value: ['GenBank:WP_013909896.1']
    Key: ID, Value: ['cds-WP_013909896.1']
    Key: Name, Value: ['WP_013909896.1']
    Key: Ontology_term, Value: ['GO:0043571', 'GO:0003674']
    Key: Parent, Value: ['gene-TOPB45_RS05735']
    Key: gbkey, Value: ['CDS']
    Key: gene, Value: ['csm2']
    Key: go_function, Value: ['molecular_function|0003674||IEA']
    Key: go_process, Value: ['maintenance of CRISPR repeat elements|0043571||IEA']
    Key: inference, Value: ['COORDINATES: protein motif:HMM:NF015695.4']
    Key: locus_tag, Value: ['TOPB45_RS05735']
    Key: phase, Value: ['0']
    Key: product, Value: ['type III-A CRISPR-associated protein Csm2']
    Key: protein_id, Value: ['WP_013909896.1']
    Key: source, Value: ['Protein Homology']
    Key: transl_table, Value: ['11']

GF(type III-A CRISPR-associated protein Csm2, 9515-9935 (1))
type: CDS
location: [1107739:1108600](+)
id: cds-WP_013909897.1
qualifiers:
    Key: Dbxref, Value: ['GenBank:WP_013909897.1']
    Key: ID, Value: ['cds-WP_013909897.1']
    Key: Name, Value: ['WP_013909897.1']
    Key: Ontology_term, Value: ['GO:0043571', 'GO:0003674']
    Key: Parent, Value: ['gene-TOPB45_RS05740']
    Key: gbkey, Value: ['CDS']
    Key: gene, Value: ['csm3']
    Key: go_function, Value: ['molecular_function|0003674||IEA']
    Key: go_process, Value: ['maintenance of CRISPR repeat elements|0043571||IEA']
    Key: inference, Value: ['COORDINATES: protein motif:HMM:TIGR02582.1']
    Key: locus_tag, Value: ['TOPB45_RS05740']
    Key: phase, Value: ['0']
    Key: product, Value: ['type III-A CRISPR-associated RAMP protein Csm3']
    Key: protein_id, Value: ['WP_013909897.1']
    Key: source, Value: ['Protein Homology']
    Key: transl_table, Value: ['11']

GF(type III-A CRISPR-associated RAMP protein Csm3, 9975-10836 (1))
type: CDS
location: [1108617:1109583](+)
id: cds-WP_013909898.1
qualifiers:
    Key: Dbxref, Value: ['GenBank:WP_013909898.1']
    Key: ID, Value: ['cds-WP_013909898.1']
    Key: Name, Value: ['WP_013909898.1']
    Key: Ontology_term, Value: ['GO:0043571', 'GO:0003674']
    Key: Parent, Value: ['gene-TOPB45_RS05745']
    Key: gbkey, Value: ['CDS']
    Key: gene, Value: ['csm4']
    Key: go_function, Value: ['molecular_function|0003674||IEA']
    Key: go_process, Value: ['maintenance of CRISPR repeat elements|0043571||IEA']
    Key: inference, Value: ['COORDINATES: protein motif:HMM:TIGR01903.1']
    Key: locus_tag, Value: ['TOPB45_RS05745']
    Key: phase, Value: ['0']
    Key: product, Value: ['type III-A CRISPR-associated RAMP protein Csm4']
    Key: protein_id, Value: ['WP_013909898.1']
    Key: source, Value: ['Protein Homology']
    Key: transl_table, Value: ['11']

GF(type III-A CRISPR-associated RAMP protein Csm4, 10853-11819 (1))
type: CDS
location: [1109594:1110785](+)
id: cds-WP_013909899.1
qualifiers:
    Key: Dbxref, Value: ['GenBank:WP_013909899.1']
    Key: ID, Value: ['cds-WP_013909899.1']
    Key: Name, Value: ['WP_013909899.1']
    Key: Ontology_term, Value: ['GO:0043571', 'GO:0003674']
    Key: Parent, Value: ['gene-TOPB45_RS05750']
    Key: gbkey, Value: ['CDS']
    Key: gene, Value: ['csm5']
    Key: go_function, Value: ['molecular_function|0003674||IEA']
    Key: go_process, Value: ['maintenance of CRISPR repeat elements|0043571||IEA']
    Key: inference, Value: ['COORDINATES: protein motif:HMM:TIGR01899.1']
    Key: locus_tag, Value: ['TOPB45_RS05750']
    Key: phase, Value: ['0']
    Key: product, Value: ['type III-A CRISPR-associated RAMP protein Csm5']
    Key: protein_id, Value: ['WP_013909899.1']
    Key: source, Value: ['Protein Homology']
    Key: transl_table, Value: ['11']

GF(type III-A CRISPR-associated RAMP protein Csm5, 11830-13021 (1))
type: CDS
location: [1110786:1111638](+)
id: cds-WP_013909900.1
qualifiers:
    Key: Dbxref, Value: ['GenBank:WP_013909900.1']
    Key: ID, Value: ['cds-WP_013909900.1']
    Key: Name, Value: ['WP_013909900.1']
    Key: Parent, Value: ['gene-TOPB45_RS05755']
    Key: gbkey, Value: ['CDS']
    Key: gene, Value: ['cas6']
    Key: inference, Value: ['COORDINATES: protein motif:HMM:NF021551.4']
    Key: locus_tag, Value: ['TOPB45_RS05755']
    Key: phase, Value: ['0']
    Key: product, Value: ['CRISPR system precrRNA processing endoribonuclease RAMP protein Cas6']
    Key: protein_id, Value: ['WP_013909900.1']
    Key: source, Value: ['Protein Homology']
    Key: transl_table, Value: ['11']

GF(CRISPR system precrRNA processing endoribonuclease RAMP protein Cas6, 13022-13874 (1))
type: CDS
location: [1111606:1112977](+)
id: cds-WP_041430352.1
qualifiers:
    Key: Dbxref, Value: ['GenBank:WP_041430352.1']
    Key: ID, Value: ['cds-WP_041430352.1']
    Key: Name, Value: ['WP_041430352.1']
    Key: Ontology_term, Value: ['GO:0043571', 'GO:0003674']
    Key: Parent, Value: ['gene-TOPB45_RS05760']
    Key: gbkey, Value: ['CDS']
    Key: gene, Value: ['csx1']
    Key: go_function, Value: ['molecular_function|0003674||IEA']
    Key: go_process, Value: ['maintenance of CRISPR repeat elements|0043571||IEA']
    Key: inference, Value: ['COORDINATES: protein motif:HMM:TIGR01897.1']
    Key: locus_tag, Value: ['TOPB45_RS05760']
    Key: phase, Value: ['0']
    Key: product, Value: ['CRISPR-associated CARF protein Csx1']
    Key: protein_id, Value: ['WP_041430352.1']
    Key: source, Value: ['Protein Homology']
    Key: transl_table, Value: ['11']

GF(CRISPR-associated CARF protein Csx1, 13842-15213 (1))
type: CDS
location: [1112982:1113660](+)
id: cds-WP_013909902.1
qualifiers:
    Key: Dbxref, Value: ['GenBank:WP_013909902.1']
    Key: ID, Value: ['cds-WP_013909902.1']
    Key: Name, Value: ['WP_013909902.1']
    Key: Parent, Value: ['gene-TOPB45_RS05765']
    Key: gbkey, Value: ['CDS']
    Key: inference, Value: ['COORDINATES: ab initio prediction:GeneMarkS-2+']
    Key: locus_tag, Value: ['TOPB45_RS05765']
    Key: phase, Value: ['0']
    Key: product, Value: ['hypothetical protein']
    Key: protein_id, Value: ['WP_013909902.1']
    Key: source, Value: ['GeneMarkS-2+']
    Key: transl_table, Value: ['11']

GF(None, 15218-15896 (1))
type: CDS
location: [1113644:1113905](+)
id: cds-WP_013909903.1
qualifiers:
    Key: Dbxref, Value: ['GenBank:WP_013909903.1']
    Key: ID, Value: ['cds-WP_013909903.1']
    Key: Name, Value: ['WP_013909903.1']
    Key: Ontology_term, Value: ['GO:0043571', 'GO:0004521']
    Key: Parent, Value: ['gene-TOPB45_RS05770']
    Key: gbkey, Value: ['CDS']
    Key: gene, Value: ['cas2']
    Key: go_function, Value: ['RNA endonuclease activity|0004521||IEA']
    Key: go_process, Value: ['maintenance of CRISPR repeat elements|0043571||IEA']
    Key: inference, Value: ['COORDINATES: protein motif:HMM:TIGR01573.1']
    Key: locus_tag, Value: ['TOPB45_RS05770']
    Key: phase, Value: ['0']
    Key: product, Value: ['CRISPR-associated endonuclease Cas2']
    Key: protein_id, Value: ['WP_013909903.1']
    Key: source, Value: ['Protein Homology']
    Key: transl_table, Value: ['11']

GF(CRISPR-associated endonuclease Cas2, 15880-16141 (1))
type: CDS
location: [1113921:1114797](+)
id: cds-WP_013909904.1
qualifiers:
    Key: Dbxref, Value: ['GenBank:WP_013909904.1']
    Key: ID, Value: ['cds-WP_013909904.1']
    Key: Name, Value: ['WP_013909904.1']
    Key: Ontology_term, Value: ['GO:0043571', 'GO:0004520', 'GO:0046872']
    Key: Parent, Value: ['gene-TOPB45_RS05775']
    Key: gbkey, Value: ['CDS']
    Key: gene, Value: ['cas1']
    Key: go_function, Value: ['DNA endonuclease activity|0004520||IEA', 'metal ion binding|0046872||IEA']
    Key: go_process, Value: ['maintenance of CRISPR repeat elements|0043571||IEA']
    Key: inference, Value: ['COORDINATES: protein motif:HMM:TIGR00287.1']
    Key: locus_tag, Value: ['TOPB45_RS05775']
    Key: phase, Value: ['0']
    Key: product, Value: ['CRISPR-associated endonuclease Cas1']
    Key: protein_id, Value: ['WP_013909904.1']
    Key: source, Value: ['Protein Homology']
    Key: transl_table, Value: ['11']

GF(CRISPR-associated endonuclease Cas1, 16157-17033 (1))
type: CDS
location: [1114811:1115057](+)
id: cds-WP_013909905.1
qualifiers:
    Key: Dbxref, Value: ['GenBank:WP_013909905.1']
    Key: ID, Value: ['cds-WP_013909905.1']
    Key: Name, Value: ['WP_013909905.1']
    Key: Ontology_term, Value: ['GO:0043571', 'GO:0004521']
    Key: Parent, Value: ['gene-TOPB45_RS05780']
    Key: gbkey, Value: ['CDS']
    Key: gene, Value: ['cas2']
    Key: go_function, Value: ['RNA endonuclease activity|0004521||IEA']
    Key: go_process, Value: ['maintenance of CRISPR repeat elements|0043571||IEA']
    Key: inference, Value: ['COORDINATES: protein motif:HMM:TIGR01573.1']
    Key: locus_tag, Value: ['TOPB45_RS05780']
    Key: phase, Value: ['0']
    Key: product, Value: ['CRISPR-associated endonuclease Cas2']
    Key: protein_id, Value: ['WP_013909905.1']
    Key: source, Value: ['Protein Homology']
    Key: transl_table, Value: ['11']

GF(CRISPR-associated endonuclease Cas2, 17047-17293 (1))
type: CDS
location: [1118589:1118991](-)
id: cds-WP_013909906.1
qualifiers:
    Key: Dbxref, Value: ['GenBank:WP_013909906.1']
    Key: ID, Value: ['cds-WP_013909906.1']
    Key: Name, Value: ['WP_013909906.1']
    Key: Parent, Value: ['gene-TOPB45_RS05785']
    Key: gbkey, Value: ['CDS']
    Key: inference, Value: ['COORDINATES: protein motif:HMM:NF017868.4']
    Key: locus_tag, Value: ['TOPB45_RS05785']
    Key: phase, Value: ['0']
    Key: product, Value: ['gamma-glutamylcyclotransferase family protein']
    Key: protein_id, Value: ['WP_013909906.1']
    Key: source, Value: ['Protein Homology']
    Key: transl_table, Value: ['11']

GF(gamma-glutamylcyclotransferase family protein, 20825-21227 (-1))
type: repeat_region
location: [1115342:1118448](+)
id: NC_015682.1_1
qualifiers:
    Key: Dbxref, Value: ['SO:0001459']
    Key: ID, Value: ['NC_015682.1_1']
    Key: Note, Value: ['GTTGAAACCTGCCCTGGATTAAAAGGGATTGCGA']
    Key: Ontology_term, Value: ['CRISPR']
    Key: score, Value: ['3106']
    Key: source, Value: ['CCTyper']

GF(Repeat region, 17578-20684 (0))
graphic feature from cctyper protein table: GF(HTH, 4000-4701 (1))
graphic feature from cctyper protein table: GF(Unk, 4747-5580 (1))
graphic feature from cctyper protein table: GF(CasR, 5561-7033 (1))
graphic feature from cctyper protein table: GF(Cas10, 7085-9496 (1))
graphic feature from cctyper protein table: GF(Csm2gr11, 9516-9935 (1))
graphic feature from cctyper protein table: GF(Csm3gr7, 9976-10836 (1))
graphic feature from cctyper protein table: GF(Csm4gr5, 10854-11819 (1))
graphic feature from cctyper protein table: GF(Csm5gr7, 11831-13021 (1))
graphic feature from cctyper protein table: GF(Cas6, 13023-13874 (1))
graphic feature from cctyper protein table: GF(Csx1, 13843-15213 (1))
graphic feature from cctyper protein table: GF(Cas2, 15881-16141 (1))
graphic feature from cctyper protein table: GF(Cas1, 16158-17033 (1))
graphic feature from cctyper protein table: GF(Cas2, 17048-17293 (1))
Index(['protein_id', 'start', 'end', 'effector', 'locus', 'sample', 'strand',
       'sequence', 'type'],
      dtype='object')
graphic feature from known effectors: GF(calpl, 5561-7033 (1))
graphic feature from known effectors: GF(csx1, 13843-15213 (1))
Index(['protein_id', 'start', 'end', 'effector', 'locus', 'sample', 'strand',
       'sequence'],
      dtype='object')
[GF(None, 812-1295 (1)), GF(None, 1399-1744 (-1)), GF(AbrB/MazE/SpoVT family DNA-binding domain-containing protein, 2259-2529 (1)), GF(PIN domain-containing protein, 2525-2930 (1)), GF(HU family DNA-binding protein, 3077-3236 (1)), GF(None, 3562-3988 (1)), GF(None, 3999-4701 (1)), GF(None, 4746-5580 (1)), GF(SAVED domain-containing protein, 5560-7033 (1)), GF(type III-A CRISPR-associated protein Cas10/Csm1, 7084-9496 (1)), GF(type III-A CRISPR-associated protein Csm2, 9515-9935 (1)), GF(type III-A CRISPR-associated RAMP protein Csm3, 9975-10836 (1)), GF(type III-A CRISPR-associated RAMP protein Csm4, 10853-11819 (1)), GF(type III-A CRISPR-associated RAMP protein Csm5, 11830-13021 (1)), GF(CRISPR system precrRNA processing endoribonuclease RAMP protein Cas6, 13022-13874 (1)), GF(CRISPR-associated CARF protein Csx1, 13842-15213 (1)), GF(None, 15218-15896 (1)), GF(CRISPR-associated endonuclease Cas2, 15880-16141 (1)), GF(CRISPR-associated endonuclease Cas1, 16157-17033 (1)), GF(CRISPR-associated endonuclease Cas2, 17047-17293 (1)), GF(gamma-glutamylcyclotransferase family protein, 20825-21227 (-1)), GF(Repeat region, 17578-20684 (0)), GF(HTH, 4000-4701 (1)), GF(Unk, 4747-5580 (1)), GF(CasR, 5561-7033 (1)), GF(Cas10, 7085-9496 (1)), GF(Csm2gr11, 9516-9935 (1)), GF(Csm3gr7, 9976-10836 (1)), GF(Csm4gr5, 10854-11819 (1)), GF(Csm5gr7, 11831-13021 (1)), GF(Cas6, 13023-13874 (1)), GF(Csx1, 13843-15213 (1)), GF(Cas2, 15881-16141 (1)), GF(Cas1, 16158-17033 (1)), GF(Cas2, 17048-17293 (1)), GF(calpl, 5561-7033 (1)), GF(csx1, 13843-15213 (1)), GF(CRISPR-Cas locus, 4000-17293 (0))]
