Cas operons file:    Unnamed: 0       Contig  ...           locus_id           sample
0           0  NC_014652.1  ...  GCF_000166355.1_0  GCF_000166355.1

[1 rows x 19 columns]
The chosen contig: NC_014652.1
type: CDS
location: [2693846:2695697](-)
id: cds-WP_013404379.1
qualifiers:
    Key: Dbxref, Value: ['GenBank:WP_013404379.1']
    Key: ID, Value: ['cds-WP_013404379.1']
    Key: Name, Value: ['WP_013404379.1']
    Key: Parent, Value: ['gene-CALHY_RS12920']
    Key: gbkey, Value: ['CDS']
    Key: inference, Value: ['COORDINATES: similar to AA sequence:RefSeq:WP_013433679.1']
    Key: locus_tag, Value: ['CALHY_RS12920']
    Key: phase, Value: ['0']
    Key: product, Value: ['hypothetical protein']
    Key: protein_id, Value: ['WP_013404379.1']
    Key: source, Value: ['Protein Homology']
    Key: transl_table, Value: ['11']

GF(None, 1418-3269 (-1))
type: CDS
location: [2696152:2696296](-)
id: cds-WP_013404380.1
qualifiers:
    Key: Dbxref, Value: ['GenBank:WP_013404380.1']
    Key: ID, Value: ['cds-WP_013404380.1']
    Key: Name, Value: ['WP_013404380.1']
    Key: Parent, Value: ['gene-CALHY_RS13775']
    Key: gbkey, Value: ['CDS']
    Key: inference, Value: ['COORDINATES: similar to AA sequence:RefSeq:WP_013291502.1']
    Key: locus_tag, Value: ['CALHY_RS13775']
    Key: phase, Value: ['0']
    Key: product, Value: ['hypothetical protein']
    Key: protein_id, Value: ['WP_013404380.1']
    Key: source, Value: ['Protein Homology']
    Key: transl_table, Value: ['11']

GF(None, 3724-3868 (-1))
type: CDS
location: [2696427:2697048](-)
id: cds-WP_238524544.1
qualifiers:
    Key: Dbxref, Value: ['GenBank:WP_238524544.1']
    Key: ID, Value: ['cds-WP_238524544.1']
    Key: Name, Value: ['WP_238524544.1']
    Key: Parent, Value: ['gene-CALHY_RS12925']
    Key: gbkey, Value: ['CDS']
    Key: inference, Value: ['COORDINATES: similar to AA sequence:RefSeq:WP_013433681.1']
    Key: locus_tag, Value: ['CALHY_RS12925']
    Key: phase, Value: ['0']
    Key: product, Value: ['hypothetical protein']
    Key: protein_id, Value: ['WP_238524544.1']
    Key: source, Value: ['Protein Homology']
    Key: transl_table, Value: ['11']

GF(None, 3999-4620 (-1))
type: CDS
location: [2697047:2698214](-)
id: cds-WP_013404382.1
qualifiers:
    Key: Dbxref, Value: ['GenBank:WP_013404382.1']
    Key: ID, Value: ['cds-WP_013404382.1']
    Key: Name, Value: ['WP_013404382.1']
    Key: Ontology_term, Value: ['GO:0043571', 'GO:0003674']
    Key: Parent, Value: ['gene-CALHY_RS12930']
    Key: gbkey, Value: ['CDS']
    Key: gene, Value: ['csm5']
    Key: go_function, Value: ['molecular_function|0003674||IEA']
    Key: go_process, Value: ['maintenance of CRISPR repeat elements|0043571||IEA']
    Key: inference, Value: ['COORDINATES: similar to AA sequence:RefSeq:WP_011915696.1']
    Key: locus_tag, Value: ['CALHY_RS12930']
    Key: phase, Value: ['0']
    Key: product, Value: ['type III-A CRISPR-associated RAMP protein Csm5']
    Key: protein_id, Value: ['WP_013404382.1']
    Key: source, Value: ['Protein Homology']
    Key: transl_table, Value: ['11']

GF(type III-A CRISPR-associated RAMP protein Csm5, 4619-5786 (-1))
type: CDS
location: [2698203:2699214](-)
id: cds-WP_013404383.1
qualifiers:
    Key: Dbxref, Value: ['GenBank:WP_013404383.1']
    Key: ID, Value: ['cds-WP_013404383.1']
    Key: Name, Value: ['WP_013404383.1']
    Key: Ontology_term, Value: ['GO:0043571', 'GO:0003674']
    Key: Parent, Value: ['gene-CALHY_RS12935']
    Key: gbkey, Value: ['CDS']
    Key: gene, Value: ['csm4']
    Key: go_function, Value: ['molecular_function|0003674||IEA']
    Key: go_process, Value: ['maintenance of CRISPR repeat elements|0043571||IEA']
    Key: inference, Value: ['COORDINATES: similar to AA sequence:RefSeq:WP_011915695.1']
    Key: locus_tag, Value: ['CALHY_RS12935']
    Key: phase, Value: ['0']
    Key: product, Value: ['type III-A CRISPR-associated RAMP protein Csm4']
    Key: protein_id, Value: ['WP_013404383.1']
    Key: source, Value: ['Protein Homology']
    Key: transl_table, Value: ['11']

GF(type III-A CRISPR-associated RAMP protein Csm4, 5775-6786 (-1))
type: CDS
location: [2699241:2700069](-)
id: cds-WP_013404384.1
qualifiers:
    Key: Dbxref, Value: ['GenBank:WP_013404384.1']
    Key: ID, Value: ['cds-WP_013404384.1']
    Key: Name, Value: ['WP_013404384.1']
    Key: Ontology_term, Value: ['GO:0043571', 'GO:0003674']
    Key: Parent, Value: ['gene-CALHY_RS12940']
    Key: gbkey, Value: ['CDS']
    Key: gene, Value: ['csm3']
    Key: go_function, Value: ['molecular_function|0003674||IEA']
    Key: go_process, Value: ['maintenance of CRISPR repeat elements|0043571||IEA']
    Key: inference, Value: ['COORDINATES: similar to AA sequence:RefSeq:WP_014043386.1']
    Key: locus_tag, Value: ['CALHY_RS12940']
    Key: phase, Value: ['0']
    Key: product, Value: ['type III-A CRISPR-associated RAMP protein Csm3']
    Key: protein_id, Value: ['WP_013404384.1']
    Key: source, Value: ['Protein Homology']
    Key: transl_table, Value: ['11']

GF(type III-A CRISPR-associated RAMP protein Csm3, 6813-7641 (-1))
type: CDS
location: [2700097:2700508](-)
id: cds-WP_013404385.1
qualifiers:
    Key: Dbxref, Value: ['GenBank:WP_013404385.1']
    Key: ID, Value: ['cds-WP_013404385.1']
    Key: Name, Value: ['WP_013404385.1']
    Key: Ontology_term, Value: ['GO:0043571', 'GO:0003674']
    Key: Parent, Value: ['gene-CALHY_RS12945']
    Key: gbkey, Value: ['CDS']
    Key: gene, Value: ['csm2']
    Key: go_function, Value: ['molecular_function|0003674||IEA']
    Key: go_process, Value: ['maintenance of CRISPR repeat elements|0043571||IEA']
    Key: inference, Value: ['COORDINATES: similar to AA sequence:RefSeq:WP_011915693.1']
    Key: locus_tag, Value: ['CALHY_RS12945']
    Key: phase, Value: ['0']
    Key: product, Value: ['type III-A CRISPR-associated protein Csm2']
    Key: protein_id, Value: ['WP_013404385.1']
    Key: source, Value: ['Protein Homology']
    Key: transl_table, Value: ['11']

GF(type III-A CRISPR-associated protein Csm2, 7669-8080 (-1))
type: CDS
location: [2700539:2703035](-)
id: cds-WP_013404386.1
qualifiers:
    Key: Dbxref, Value: ['GenBank:WP_013404386.1']
    Key: ID, Value: ['cds-WP_013404386.1']
    Key: Name, Value: ['WP_013404386.1']
    Key: Ontology_term, Value: ['GO:0043571', 'GO:0003674']
    Key: Parent, Value: ['gene-CALHY_RS12950']
    Key: gbkey, Value: ['CDS']
    Key: gene, Value: ['cas10']
    Key: go_function, Value: ['molecular_function|0003674||IEA']
    Key: go_process, Value: ['maintenance of CRISPR repeat elements|0043571||IEA']
    Key: inference, Value: ['COORDINATES: similar to AA sequence:RefSeq:WP_011915692.1']
    Key: locus_tag, Value: ['CALHY_RS12950']
    Key: phase, Value: ['0']
    Key: product, Value: ['type III-A CRISPR-associated protein Cas10/Csm1']
    Key: protein_id, Value: ['WP_013404386.1']
    Key: source, Value: ['Protein Homology']
    Key: transl_table, Value: ['11']

GF(type III-A CRISPR-associated protein Cas10/Csm1, 8111-10607 (-1))
type: CDS
location: [2703251:2704637](-)
id: cds-WP_013404387.1
qualifiers:
    Key: Dbxref, Value: ['GenBank:WP_013404387.1']
    Key: ID, Value: ['cds-WP_013404387.1']
    Key: Name, Value: ['WP_013404387.1']
    Key: Ontology_term, Value: ['GO:0005524']
    Key: Parent, Value: ['gene-CALHY_RS12955']
    Key: gbkey, Value: ['CDS']
    Key: go_function, Value: ['ATP binding|0005524||IEA']
    Key: inference, Value: ['COORDINATES: similar to AA sequence:RefSeq:WP_013291503.1']
    Key: locus_tag, Value: ['CALHY_RS12955']
    Key: phase, Value: ['0']
    Key: product, Value: ['ATP-binding protein']
    Key: protein_id, Value: ['WP_013404387.1']
    Key: source, Value: ['Protein Homology']
    Key: transl_table, Value: ['11']

GF(ATP-binding protein, 10823-12209 (-1))
type: CDS
location: [2705534:2705939](+)
id: cds-WP_041723235.1
qualifiers:
    Key: Dbxref, Value: ['GenBank:WP_041723235.1']
    Key: ID, Value: ['cds-WP_041723235.1']
    Key: Name, Value: ['WP_041723235.1']
    Key: Parent, Value: ['gene-CALHY_RS12965']
    Key: gbkey, Value: ['CDS']
    Key: inference, Value: ['COORDINATES: ab initio prediction:GeneMarkS-2+']
    Key: locus_tag, Value: ['CALHY_RS12965']
    Key: phase, Value: ['0']
    Key: product, Value: ['hypothetical protein']
    Key: protein_id, Value: ['WP_041723235.1']
    Key: source, Value: ['GeneMarkS-2+']
    Key: transl_table, Value: ['11']

GF(None, 13106-13511 (1))
type: CDS
location: [2706043:2707465](-)
id: cds-WP_013404389.1
qualifiers:
    Key: Dbxref, Value: ['GenBank:WP_013404389.1']
    Key: ID, Value: ['cds-WP_013404389.1']
    Key: Name, Value: ['WP_013404389.1']
    Key: Ontology_term, Value: ['GO:0043571', 'GO:0003674']
    Key: Parent, Value: ['gene-CALHY_RS12970']
    Key: gbkey, Value: ['CDS']
    Key: gene, Value: ['csx1']
    Key: go_function, Value: ['molecular_function|0003674||IEA']
    Key: go_process, Value: ['maintenance of CRISPR repeat elements|0043571||IEA']
    Key: inference, Value: ['COORDINATES: similar to AA sequence:RefSeq:WP_013433688.1']
    Key: locus_tag, Value: ['CALHY_RS12970']
    Key: phase, Value: ['0']
    Key: product, Value: ['CRISPR-associated CARF protein Csx1']
    Key: protein_id, Value: ['WP_013404389.1']
    Key: source, Value: ['Protein Homology']
    Key: transl_table, Value: ['11']

GF(CRISPR-associated CARF protein Csx1, 13615-15037 (-1))
type: CDS
location: [2707596:2708694](-)
id: cds-WP_041723512.1
qualifiers:
    Key: Dbxref, Value: ['GenBank:WP_041723512.1']
    Key: ID, Value: ['cds-WP_041723512.1']
    Key: Name, Value: ['WP_041723512.1']
    Key: Parent, Value: ['gene-CALHY_RS12975']
    Key: gbkey, Value: ['CDS']
    Key: inference, Value: ['COORDINATES: similar to AA sequence:RefSeq:WP_014043392.1']
    Key: locus_tag, Value: ['CALHY_RS12975']
    Key: phase, Value: ['0']
    Key: product, Value: ['DUF1848 domain-containing protein']
    Key: protein_id, Value: ['WP_041723512.1']
    Key: source, Value: ['Protein Homology']
    Key: transl_table, Value: ['11']

GF(DUF1848 domain-containing protein, 15168-16266 (-1))
type: CDS
location: [2708712:2709168](-)
id: cds-WP_238524545.1
qualifiers:
    Key: Dbxref, Value: ['GenBank:WP_238524545.1']
    Key: ID, Value: ['cds-WP_238524545.1']
    Key: Name, Value: ['WP_238524545.1']
    Key: Parent, Value: ['gene-CALHY_RS12980']
    Key: gbkey, Value: ['CDS']
    Key: inference, Value: ['COORDINATES: ab initio prediction:GeneMarkS-2+']
    Key: locus_tag, Value: ['CALHY_RS12980']
    Key: phase, Value: ['0']
    Key: product, Value: ['hypothetical protein']
    Key: protein_id, Value: ['WP_238524545.1']
    Key: source, Value: ['GeneMarkS-2+']
    Key: transl_table, Value: ['11']

GF(None, 16284-16740 (-1))
type: CDS
location: [2709551:2709788](+)
id: cds-WP_013404392.1
qualifiers:
    Key: Dbxref, Value: ['GenBank:WP_013404392.1']
    Key: ID, Value: ['cds-WP_013404392.1']
    Key: Name, Value: ['WP_013404392.1']
    Key: Parent, Value: ['gene-CALHY_RS12985']
    Key: gbkey, Value: ['CDS']
    Key: inference, Value: ['COORDINATES: similar to AA sequence:RefSeq:WP_013404392.1']
    Key: locus_tag, Value: ['CALHY_RS12985']
    Key: phase, Value: ['0']
    Key: product, Value: ['hypothetical protein']
    Key: protein_id, Value: ['WP_013404392.1']
    Key: source, Value: ['Protein Homology']
    Key: transl_table, Value: ['11']

GF(None, 17123-17360 (1))
type: CDS
location: [2710216:2710573](-)
id: cds-WP_013404393.1
qualifiers:
    Key: Dbxref, Value: ['GenBank:WP_013404393.1']
    Key: ID, Value: ['cds-WP_013404393.1']
    Key: Name, Value: ['WP_013404393.1']
    Key: Parent, Value: ['gene-CALHY_RS13980']
    Key: gbkey, Value: ['CDS']
    Key: inference, Value: ['COORDINATES: ab initio prediction:GeneMarkS-2+']
    Key: locus_tag, Value: ['CALHY_RS13980']
    Key: phase, Value: ['0']
    Key: product, Value: ['hypothetical protein']
    Key: protein_id, Value: ['WP_013404393.1']
    Key: source, Value: ['GeneMarkS-2+']
    Key: transl_table, Value: ['11']

GF(None, 17788-18145 (-1))
type: CDS
location: [2710556:2711060](-)
id: cds-WP_013404394.1
qualifiers:
    Key: Dbxref, Value: ['GenBank:WP_013404394.1']
    Key: ID, Value: ['cds-WP_013404394.1']
    Key: Name, Value: ['WP_013404394.1']
    Key: Parent, Value: ['gene-CALHY_RS13985']
    Key: gbkey, Value: ['CDS']
    Key: inference, Value: ['COORDINATES: ab initio prediction:GeneMarkS-2+']
    Key: locus_tag, Value: ['CALHY_RS13985']
    Key: phase, Value: ['0']
    Key: product, Value: ['hypothetical protein']
    Key: protein_id, Value: ['WP_013404394.1']
    Key: source, Value: ['GeneMarkS-2+']
    Key: transl_table, Value: ['11']

GF(None, 18128-18632 (-1))
type: repeat_region
location: [2705173:2705533](+)
id: NC_014652.1_3
qualifiers:
    Key: Dbxref, Value: ['SO:0001459']
    Key: ID, Value: ['NC_014652.1_3']
    Key: Note, Value: ['GTTTGTAGCCTCCCCTTTGGGGATTGAAACA']
    Key: Ontology_term, Value: ['CRISPR']
    Key: score, Value: ['360']
    Key: source, Value: ['CCTyper']

GF(Repeat region, 12745-13105 (0))
graphic feature from cctyper protein table: GF(Cas6, 4000-4620 (-1))
graphic feature from cctyper protein table: GF(Csm5, 4620-5786 (-1))
graphic feature from cctyper protein table: GF(Csm4gr5, 5776-6786 (-1))
graphic feature from cctyper protein table: GF(Csm3gr7, 6814-7641 (-1))
graphic feature from cctyper protein table: GF(Csm2gr11, 7670-8080 (-1))
graphic feature from cctyper protein table: GF(Cas10, 8112-10607 (-1))
graphic feature from cctyper protein table: GF(Csx1, 13616-15037 (-1))
Index(['protein_id', 'start', 'end', 'effector', 'locus', 'sample', 'strand',
       'sequence', 'type'],
      dtype='object')
graphic feature from known effectors: GF(csx1, 13616-15037 (-1))
Index(['protein_id', 'start', 'end', 'effector', 'locus', 'sample', 'strand',
       'sequence'],
      dtype='object')
[GF(None, 1418-3269 (-1)), GF(None, 3724-3868 (-1)), GF(None, 3999-4620 (-1)), GF(type III-A CRISPR-associated RAMP protein Csm5, 4619-5786 (-1)), GF(type III-A CRISPR-associated RAMP protein Csm4, 5775-6786 (-1)), GF(type III-A CRISPR-associated RAMP protein Csm3, 6813-7641 (-1)), GF(type III-A CRISPR-associated protein Csm2, 7669-8080 (-1)), GF(type III-A CRISPR-associated protein Cas10/Csm1, 8111-10607 (-1)), GF(ATP-binding protein, 10823-12209 (-1)), GF(None, 13106-13511 (1)), GF(CRISPR-associated CARF protein Csx1, 13615-15037 (-1)), GF(DUF1848 domain-containing protein, 15168-16266 (-1)), GF(None, 16284-16740 (-1)), GF(None, 17123-17360 (1)), GF(None, 17788-18145 (-1)), GF(None, 18128-18632 (-1)), GF(Repeat region, 12745-13105 (0)), GF(Cas6, 4000-4620 (-1)), GF(Csm5, 4620-5786 (-1)), GF(Csm4gr5, 5776-6786 (-1)), GF(Csm3gr7, 6814-7641 (-1)), GF(Csm2gr11, 7670-8080 (-1)), GF(Cas10, 8112-10607 (-1)), GF(Csx1, 13616-15037 (-1)), GF(csx1, 13616-15037 (-1)), GF(CRISPR-Cas locus, 4000-15037 (0))]
