Cas operons file:    Unnamed: 0         Contig  ...           locus_id           sample
0           1  NZ_CP109430.1  ...  GCF_036250735.1_1  GCF_036250735.1

[1 rows x 19 columns]
The chosen contig: NZ_CP109430.1
type: CDS
location: [5546895:5547549](-)
id: cds-WP_329079935.1
qualifiers:
    Key: Dbxref, Value: ['GenBank:WP_329079935.1']
    Key: ID, Value: ['cds-WP_329079935.1']
    Key: Name, Value: ['WP_329079935.1']
    Key: Ontology_term, Value: ['GO:0006355', 'GO:0003677', 'GO:0003700']
    Key: Parent, Value: ['gene-OG339_RS24120']
    Key: gbkey, Value: ['CDS']
    Key: go_function, Value: ['DNA binding|0003677||IEA', 'DNA-binding transcription factor activity|0003700||IEA']
    Key: go_process, Value: ['regulation of DNA-templated transcription|0006355||IEA']
    Key: inference, Value: ['COORDINATES: protein motif:HMM:NF025605.4']
    Key: locus_tag, Value: ['OG339_RS24120']
    Key: phase, Value: ['0']
    Key: product, Value: ['TetR/AcrR family transcriptional regulator']
    Key: protein_id, Value: ['WP_329079935.1']
    Key: source, Value: ['Protein Homology']
    Key: transl_table, Value: ['11']

GF(TetR/AcrR family transcriptional regulator, 224-878 (-1))
type: CDS
location: [5547640:5548282](+)
id: cds-WP_329079933.1
qualifiers:
    Key: Dbxref, Value: ['GenBank:WP_329079933.1']
    Key: ID, Value: ['cds-WP_329079933.1']
    Key: Name, Value: ['WP_329079933.1']
    Key: Parent, Value: ['gene-OG339_RS24125']
    Key: gbkey, Value: ['CDS']
    Key: inference, Value: ['COORDINATES: similar to AA sequence:RefSeq:WP_017539182.1']
    Key: locus_tag, Value: ['OG339_RS24125']
    Key: phase, Value: ['0']
    Key: product, Value: ['SDR family oxidoreductase']
    Key: protein_id, Value: ['WP_329079933.1']
    Key: source, Value: ['Protein Homology']
    Key: transl_table, Value: ['11']

GF(SDR family oxidoreductase, 969-1611 (1))
type: CDS
location: [5548432:5549323](-)
id: cds-WP_329079931.1
qualifiers:
    Key: Dbxref, Value: ['GenBank:WP_329079931.1']
    Key: ID, Value: ['cds-WP_329079931.1']
    Key: Name, Value: ['WP_329079931.1']
    Key: Parent, Value: ['gene-OG339_RS24130']
    Key: gbkey, Value: ['CDS']
    Key: inference, Value: ['COORDINATES: similar to AA sequence:RefSeq:WP_018656781.1']
    Key: locus_tag, Value: ['OG339_RS24130']
    Key: phase, Value: ['0']
    Key: product, Value: ['TIGR02452 family protein']
    Key: protein_id, Value: ['WP_329079931.1']
    Key: source, Value: ['Protein Homology']
    Key: transl_table, Value: ['11']

GF(TIGR02452 family protein, 1761-2652 (-1))
type: CDS
location: [5549418:5550507](-)
id: cds-WP_329423560.1
qualifiers:
    Key: Dbxref, Value: ['GenBank:WP_329423560.1']
    Key: ID, Value: ['cds-WP_329423560.1']
    Key: Name, Value: ['WP_329423560.1']
    Key: Parent, Value: ['gene-OG339_RS24135']
    Key: gbkey, Value: ['CDS']
    Key: inference, Value: ['COORDINATES: ab initio prediction:GeneMarkS-2+']
    Key: locus_tag, Value: ['OG339_RS24135']
    Key: phase, Value: ['0']
    Key: product, Value: ['hypothetical protein']
    Key: protein_id, Value: ['WP_329423560.1']
    Key: source, Value: ['GeneMarkS-2+']
    Key: transl_table, Value: ['11']

GF(None, 2747-3836 (-1))
type: CDS
location: [5550670:5552803](-)
id: cds-WP_329423562.1
qualifiers:
    Key: Dbxref, Value: ['GenBank:WP_329423562.1']
    Key: ID, Value: ['cds-WP_329423562.1']
    Key: Name, Value: ['WP_329423562.1']
    Key: Parent, Value: ['gene-OG339_RS24140']
    Key: gbkey, Value: ['CDS']
    Key: inference, Value: ['COORDINATES: ab initio prediction:GeneMarkS-2+']
    Key: locus_tag, Value: ['OG339_RS24140']
    Key: phase, Value: ['0']
    Key: product, Value: ['hypothetical protein']
    Key: protein_id, Value: ['WP_329423562.1']
    Key: source, Value: ['GeneMarkS-2+']
    Key: transl_table, Value: ['11']

GF(None, 3999-6132 (-1))
type: CDS
location: [5553102:5555355](-)
id: cds-WP_329423564.1
qualifiers:
    Key: Dbxref, Value: ['GenBank:WP_329423564.1']
    Key: ID, Value: ['cds-WP_329423564.1']
    Key: Name, Value: ['WP_329423564.1']
    Key: Parent, Value: ['gene-OG339_RS24145']
    Key: gbkey, Value: ['CDS']
    Key: inference, Value: ['COORDINATES: protein motif:HMM:TIGR03986.1']
    Key: locus_tag, Value: ['OG339_RS24145']
    Key: phase, Value: ['0']
    Key: product, Value: ['TIGR03986 family CRISPR-associated RAMP protein']
    Key: protein_id, Value: ['WP_329423564.1']
    Key: source, Value: ['Protein Homology']
    Key: transl_table, Value: ['11']

GF(TIGR03986 family CRISPR-associated RAMP protein, 6431-8684 (-1))
type: CDS
location: [5555354:5555930](-)
id: cds-WP_329423565.1
qualifiers:
    Key: Dbxref, Value: ['GenBank:WP_329423565.1']
    Key: ID, Value: ['cds-WP_329423565.1']
    Key: Name, Value: ['WP_329423565.1']
    Key: Parent, Value: ['gene-OG339_RS24150']
    Key: gbkey, Value: ['CDS']
    Key: gene, Value: ['csx19']
    Key: inference, Value: ['COORDINATES: protein motif:HMM:TIGR03984.2']
    Key: locus_tag, Value: ['OG339_RS24150']
    Key: phase, Value: ['0']
    Key: product, Value: ['CRISPR-associated protein Csx19']
    Key: protein_id, Value: ['WP_329423565.1']
    Key: source, Value: ['Protein Homology']
    Key: transl_table, Value: ['11']

GF(CRISPR-associated protein Csx19, 8683-9259 (-1))
type: CDS
location: [5555961:5557590](-)
id: cds-WP_329423567.1
qualifiers:
    Key: Dbxref, Value: ['GenBank:WP_329423567.1']
    Key: ID, Value: ['cds-WP_329423567.1']
    Key: Name, Value: ['WP_329423567.1']
    Key: Parent, Value: ['gene-OG339_RS24155']
    Key: gbkey, Value: ['CDS']
    Key: inference, Value: ['COORDINATES: similar to AA sequence:RefSeq:WP_019632760.1']
    Key: locus_tag, Value: ['OG339_RS24155']
    Key: phase, Value: ['0']
    Key: product, Value: ['RAMP superfamily CRISPR-associated protein']
    Key: protein_id, Value: ['WP_329423567.1']
    Key: source, Value: ['Protein Homology']
    Key: transl_table, Value: ['11']

GF(RAMP superfamily CRISPR-associated protein, 9290-10919 (-1))
type: CDS
location: [5557586:5560136](-)
id: cds-WP_329423569.1
qualifiers:
    Key: Dbxref, Value: ['GenBank:WP_329423569.1']
    Key: ID, Value: ['cds-WP_329423569.1']
    Key: Name, Value: ['WP_329423569.1']
    Key: Parent, Value: ['gene-OG339_RS24160']
    Key: gbkey, Value: ['CDS']
    Key: inference, Value: ['COORDINATES: protein motif:HMM:NF015728.4']
    Key: locus_tag, Value: ['OG339_RS24160']
    Key: phase, Value: ['0']
    Key: product, Value: ['RAMP superfamily CRISPR-associated protein']
    Key: protein_id, Value: ['WP_329423569.1']
    Key: source, Value: ['Protein Homology']
    Key: transl_table, Value: ['11']

GF(RAMP superfamily CRISPR-associated protein, 10915-13465 (-1))
type: CDS
location: [5560132:5561728](-)
id: cds-WP_329423571.1
qualifiers:
    Key: Dbxref, Value: ['GenBank:WP_329423571.1']
    Key: ID, Value: ['cds-WP_329423571.1']
    Key: Name, Value: ['WP_329423571.1']
    Key: Parent, Value: ['gene-OG339_RS24165']
    Key: gbkey, Value: ['CDS']
    Key: inference, Value: ['COORDINATES: ab initio prediction:GeneMarkS-2+']
    Key: locus_tag, Value: ['OG339_RS24165']
    Key: phase, Value: ['0']
    Key: product, Value: ['hypothetical protein']
    Key: protein_id, Value: ['WP_329423571.1']
    Key: source, Value: ['GeneMarkS-2+']
    Key: transl_table, Value: ['11']

GF(None, 13461-15057 (-1))
type: CDS
location: [5561712:5562957](-)
id: cds-WP_329423573.1
qualifiers:
    Key: Dbxref, Value: ['GenBank:WP_329423573.1']
    Key: ID, Value: ['cds-WP_329423573.1']
    Key: Name, Value: ['WP_329423573.1']
    Key: Parent, Value: ['gene-OG339_RS24170']
    Key: gbkey, Value: ['CDS']
    Key: inference, Value: ['COORDINATES: ab initio prediction:GeneMarkS-2+']
    Key: locus_tag, Value: ['OG339_RS24170']
    Key: phase, Value: ['0']
    Key: product, Value: ['hypothetical protein']
    Key: protein_id, Value: ['WP_329423573.1']
    Key: source, Value: ['GeneMarkS-2+']
    Key: transl_table, Value: ['11']

GF(None, 15041-16286 (-1))
type: CDS
location: [5563236:5563836](-)
id: cds-WP_329423575.1
qualifiers:
    Key: Dbxref, Value: ['GenBank:WP_329423575.1']
    Key: ID, Value: ['cds-WP_329423575.1']
    Key: Name, Value: ['WP_329423575.1']
    Key: Parent, Value: ['gene-OG339_RS24175']
    Key: gbkey, Value: ['CDS']
    Key: inference, Value: ['COORDINATES: ab initio prediction:GeneMarkS-2+']
    Key: locus_tag, Value: ['OG339_RS24175']
    Key: phase, Value: ['0']
    Key: product, Value: ['hypothetical protein']
    Key: protein_id, Value: ['WP_329423575.1']
    Key: source, Value: ['GeneMarkS-2+']
    Key: transl_table, Value: ['11']

GF(None, 16565-17165 (-1))
type: CDS
location: [5563829:5564444](-)
id: cds-WP_329423577.1
qualifiers:
    Key: Dbxref, Value: ['GenBank:WP_329423577.1']
    Key: ID, Value: ['cds-WP_329423577.1']
    Key: Name, Value: ['WP_329423577.1']
    Key: Ontology_term, Value: ['GO:0003677', 'GO:0008408']
    Key: Parent, Value: ['gene-OG339_RS24180']
    Key: gbkey, Value: ['CDS']
    Key: go_function, Value: ['DNA binding|0003677||IEA', "3'-5' exonuclease activity|0008408||IEA"]
    Key: inference, Value: ['COORDINATES: protein motif:HMM:NF013122.4']
    Key: locus_tag, Value: ['OG339_RS24180']
    Key: phase, Value: ['0']
    Key: product, Value: ["3'-5' exonuclease"]
    Key: protein_id, Value: ['WP_329423577.1']
    Key: source, Value: ['Protein Homology']
    Key: transl_table, Value: ['11']

GF(3'-5' exonuclease, 17158-17773 (-1))
type: CDS
location: [5564455:5565421](-)
id: cds-WP_329423579.1
qualifiers:
    Key: Dbxref, Value: ['GenBank:WP_329423579.1']
    Key: ID, Value: ['cds-WP_329423579.1']
    Key: Name, Value: ['WP_329423579.1']
    Key: Parent, Value: ['gene-OG339_RS24185']
    Key: gbkey, Value: ['CDS']
    Key: inference, Value: ['COORDINATES: ab initio prediction:GeneMarkS-2+']
    Key: locus_tag, Value: ['OG339_RS24185']
    Key: phase, Value: ['0']
    Key: product, Value: ['hypothetical protein']
    Key: protein_id, Value: ['WP_329423579.1']
    Key: source, Value: ['GeneMarkS-2+']
    Key: transl_table, Value: ['11']

GF(None, 17784-18750 (-1))
type: CDS
location: [5565602:5565860](-)
id: cds-WP_329423580.1
qualifiers:
    Key: Dbxref, Value: ['GenBank:WP_329423580.1']
    Key: ID, Value: ['cds-WP_329423580.1']
    Key: Name, Value: ['WP_329423580.1']
    Key: Ontology_term, Value: ['GO:0008080']
    Key: Parent, Value: ['gene-OG339_RS24190']
    Key: gbkey, Value: ['CDS']
    Key: go_function, Value: ['N-acetyltransferase activity|0008080||IEA']
    Key: inference, Value: ['COORDINATES: protein motif:HMM:NF012792.4']
    Key: locus_tag, Value: ['OG339_RS24190']
    Key: phase, Value: ['0']
    Key: product, Value: ['GNAT family N-acetyltransferase']
    Key: protein_id, Value: ['WP_329423580.1']
    Key: source, Value: ['Protein Homology']
    Key: transl_table, Value: ['11']

GF(GNAT family N-acetyltransferase, 18931-19189 (-1))
type: CDS
location: [5565950:5566145](-)
id: cds-WP_329423582.1
qualifiers:
    Key: Dbxref, Value: ['GenBank:WP_329423582.1']
    Key: ID, Value: ['cds-WP_329423582.1']
    Key: Name, Value: ['WP_329423582.1']
    Key: Parent, Value: ['gene-OG339_RS24195']
    Key: gbkey, Value: ['CDS']
    Key: inference, Value: ['COORDINATES: ab initio prediction:GeneMarkS-2+']
    Key: locus_tag, Value: ['OG339_RS24195']
    Key: phase, Value: ['0']
    Key: product, Value: ['hypothetical protein']
    Key: protein_id, Value: ['WP_329423582.1']
    Key: source, Value: ['GeneMarkS-2+']
    Key: transl_table, Value: ['11']

GF(None, 19279-19474 (-1))
type: CDS
location: [5566141:5567461](-)
id: cds-WP_329423585.1
qualifiers:
    Key: Dbxref, Value: ['GenBank:WP_329423585.1']
    Key: ID, Value: ['cds-WP_329423585.1']
    Key: Name, Value: ['WP_329423585.1']
    Key: Ontology_term, Value: ['GO:0003677']
    Key: Parent, Value: ['gene-OG339_RS24200']
    Key: gbkey, Value: ['CDS']
    Key: go_function, Value: ['DNA binding|0003677||IEA']
    Key: inference, Value: ['COORDINATES: protein motif:HMM:NF024949.4']
    Key: locus_tag, Value: ['OG339_RS24200']
    Key: phase, Value: ['0']
    Key: product, Value: ['helix-turn-helix transcriptional regulator']
    Key: protein_id, Value: ['WP_329423585.1']
    Key: source, Value: ['Protein Homology']
    Key: transl_table, Value: ['11']

GF(helix-turn-helix transcriptional regulator, 19470-20790 (-1))
type: CDS
location: [5567695:5568037](+)
id: cds-WP_329423587.1
qualifiers:
    Key: Dbxref, Value: ['GenBank:WP_329423587.1']
    Key: ID, Value: ['cds-WP_329423587.1']
    Key: Name, Value: ['WP_329423587.1']
    Key: Parent, Value: ['gene-OG339_RS24205']
    Key: gbkey, Value: ['CDS']
    Key: inference, Value: ['COORDINATES: ab initio prediction:GeneMarkS-2+']
    Key: locus_tag, Value: ['OG339_RS24205']
    Key: phase, Value: ['0']
    Key: product, Value: ['hypothetical protein']
    Key: protein_id, Value: ['WP_329423587.1']
    Key: source, Value: ['GeneMarkS-2+']
    Key: transl_table, Value: ['11']

GF(None, 21024-21366 (1))
type: CDS
location: [5568233:5568419](+)
id: cds-WP_329423589.1
qualifiers:
    Key: Dbxref, Value: ['GenBank:WP_329423589.1']
    Key: ID, Value: ['cds-WP_329423589.1']
    Key: Name, Value: ['WP_329423589.1']
    Key: Parent, Value: ['gene-OG339_RS24210']
    Key: gbkey, Value: ['CDS']
    Key: inference, Value: ['COORDINATES: similar to AA sequence:RefSeq:WP_017573280.1']
    Key: locus_tag, Value: ['OG339_RS24210']
    Key: phase, Value: ['0']
    Key: product, Value: ['FxLD family lanthipeptide']
    Key: protein_id, Value: ['WP_329423589.1']
    Key: source, Value: ['Protein Homology']
    Key: transl_table, Value: ['11']

GF(FxLD family lanthipeptide, 21562-21748 (1))
graphic feature from validated effectors: GF(can3, 4000-6132 (-1))
graphic feature from known effectors: GF(cora, 15042-16286 (-1))
[GF(TetR/AcrR family transcriptional regulator, 224-878 (-1)), GF(SDR family oxidoreductase, 969-1611 (1)), GF(TIGR02452 family protein, 1761-2652 (-1)), GF(None, 2747-3836 (-1)), GF(None, 3999-6132 (-1)), GF(TIGR03986 family CRISPR-associated RAMP protein, 6431-8684 (-1)), GF(CRISPR-associated protein Csx19, 8683-9259 (-1)), GF(RAMP superfamily CRISPR-associated protein, 9290-10919 (-1)), GF(RAMP superfamily CRISPR-associated protein, 10915-13465 (-1)), GF(None, 13461-15057 (-1)), GF(None, 15041-16286 (-1)), GF(None, 16565-17165 (-1)), GF(3'-5' exonuclease, 17158-17773 (-1)), GF(None, 17784-18750 (-1)), GF(GNAT family N-acetyltransferase, 18931-19189 (-1)), GF(None, 19279-19474 (-1)), GF(helix-turn-helix transcriptional regulator, 19470-20790 (-1)), GF(None, 21024-21366 (1)), GF(FxLD family lanthipeptide, 21562-21748 (1)), GF(can3, 4000-6132 (-1)), GF(cora, 15042-16286 (-1)), GF(CRISPR-Cas locus, 4000-17773 (0))]
