Cas operons file:    Unnamed: 0         Contig  ...           locus_id           sample
0           3  NZ_CP077715.1  ...  GCF_019175325.1_3  GCF_019175325.1

[1 rows x 19 columns]
The chosen contig: NZ_CP077715.1
type: CDS
location: [1317009:1317177](+)
id: cds-WP_218261504.1
qualifiers:
    Key: Dbxref, Value: ['GenBank:WP_218261504.1', 'GeneID:65560008']
    Key: ID, Value: ['cds-WP_218261504.1']
    Key: Name, Value: ['WP_218261504.1']
    Key: Parent, Value: ['gene-J5U21_RS07495']
    Key: gbkey, Value: ['CDS']
    Key: inference, Value: ['COORDINATES: similar to AA sequence:RefSeq:WP_012717777.1']
    Key: locus_tag, Value: ['J5U21_RS07495']
    Key: phase, Value: ['0']
    Key: product, Value: ['hypothetical protein']
    Key: protein_id, Value: ['WP_218261504.1']
    Key: source, Value: ['Protein Homology']
    Key: transl_table, Value: ['11']

GF(None, 466-634 (1))
type: CDS
location: [1317160:1318255](+)
id: cds-WP_218261567.1
qualifiers:
    Key: Dbxref, Value: ['GenBank:WP_218261567.1', 'GeneID:65560009']
    Key: ID, Value: ['cds-WP_218261567.1']
    Key: Name, Value: ['WP_218261567.1']
    Key: Parent, Value: ['gene-J5U21_RS07500']
    Key: gbkey, Value: ['CDS']
    Key: inference, Value: ['COORDINATES: similar to AA sequence:RefSeq:WP_010923775.1']
    Key: locus_tag, Value: ['J5U21_RS07500']
    Key: phase, Value: ['0']
    Key: product, Value: ['hypothetical protein']
    Key: protein_id, Value: ['WP_218261567.1']
    Key: source, Value: ['Protein Homology']
    Key: transl_table, Value: ['11']

GF(None, 617-1712 (1))
type: CDS
location: [1318632:1319217](+)
id: cds-WP_218261505.1
qualifiers:
    Key: Dbxref, Value: ['GenBank:WP_218261505.1', 'GeneID:65560010']
    Key: ID, Value: ['cds-WP_218261505.1']
    Key: Name, Value: ['WP_218261505.1']
    Key: Ontology_term, Value: ['GO:0004803']
    Key: Parent, Value: ['gene-J5U21_RS07505']
    Key: gbkey, Value: ['CDS']
    Key: go_function, Value: ['transposase activity|0004803||IEA']
    Key: inference, Value: ['COORDINATES: similar to AA sequence:RefSeq:WP_012717888.1']
    Key: locus_tag, Value: ['J5U21_RS07505']
    Key: phase, Value: ['0']
    Key: product, Value: ['IS607 family transposase']
    Key: protein_id, Value: ['WP_218261505.1']
    Key: source, Value: ['Protein Homology']
    Key: transl_table, Value: ['11']

GF(IS607 family transposase, 2089-2674 (1))
type: CDS
location: [1319194:1320490](+)
id: cds-WP_218261506.1
qualifiers:
    Key: Dbxref, Value: ['GenBank:WP_218261506.1', 'GeneID:65560011']
    Key: ID, Value: ['cds-WP_218261506.1']
    Key: Name, Value: ['WP_218261506.1']
    Key: Parent, Value: ['gene-J5U21_RS07510']
    Key: gbkey, Value: ['CDS']
    Key: inference, Value: ['COORDINATES: similar to AA sequence:RefSeq:WP_010923187.1']
    Key: locus_tag, Value: ['J5U21_RS07510']
    Key: phase, Value: ['0']
    Key: product, Value: ['RNA-guided endonuclease TnpB family protein']
    Key: protein_id, Value: ['WP_218261506.1']
    Key: source, Value: ['Protein Homology']
    Key: transl_table, Value: ['11']

GF(RNA-guided endonuclease TnpB family protein, 2651-3947 (1))
type: CDS
location: [1320542:1321640](+)
id: cds-WP_218260084.1
qualifiers:
    Key: Dbxref, Value: ['GenBank:WP_218260084.1', 'GeneID:65560012']
    Key: ID, Value: ['cds-WP_218260084.1']
    Key: Name, Value: ['WP_218260084.1']
    Key: Parent, Value: ['gene-J5U21_RS07515']
    Key: gbkey, Value: ['CDS']
    Key: inference, Value: ['COORDINATES: similar to AA sequence:RefSeq:WP_009992984.1']
    Key: locus_tag, Value: ['J5U21_RS07515']
    Key: phase, Value: ['0']
    Key: product, Value: ['ATP/GTP-binding protein']
    Key: protein_id, Value: ['WP_218260084.1']
    Key: source, Value: ['Protein Homology']
    Key: transl_table, Value: ['11']

GF(ATP/GTP-binding protein, 3999-5097 (1))
type: CDS
location: [1321648:1322137](+)
id: cds-WP_218261507.1
qualifiers:
    Key: Dbxref, Value: ['GenBank:WP_218261507.1', 'GeneID:65560013']
    Key: ID, Value: ['cds-WP_218261507.1']
    Key: Name, Value: ['WP_218261507.1']
    Key: Parent, Value: ['gene-J5U21_RS07520']
    Key: gbkey, Value: ['CDS']
    Key: inference, Value: ['COORDINATES: similar to AA sequence:RefSeq:WP_009992986.1']
    Key: locus_tag, Value: ['J5U21_RS07520']
    Key: phase, Value: ['0']
    Key: product, Value: ['hypothetical protein']
    Key: protein_id, Value: ['WP_218261507.1']
    Key: source, Value: ['Protein Homology']
    Key: transl_table, Value: ['11']

GF(None, 5105-5594 (1))
type: CDS
location: [1322657:1323629](-)
id: cds-WP_218261508.1
qualifiers:
    Key: Dbxref, Value: ['GenBank:WP_218261508.1', 'GeneID:65560014']
    Key: ID, Value: ['cds-WP_218261508.1']
    Key: Name, Value: ['WP_218261508.1']
    Key: Ontology_term, Value: ['GO:0043571', 'GO:0003674', 'GO:0005575']
    Key: Parent, Value: ['gene-J5U21_RS07525']
    Key: gbkey, Value: ['CDS']
    Key: gene, Value: ['cmr3']
    Key: go_component, Value: ['cellular_component|0005575||IEA']
    Key: go_function, Value: ['molecular_function|0003674||IEA']
    Key: go_process, Value: ['maintenance of CRISPR repeat elements|0043571||IEA']
    Key: inference, Value: ['COORDINATES: similar to AA sequence:RefSeq:WP_012715835.1']
    Key: locus_tag, Value: ['J5U21_RS07525']
    Key: phase, Value: ['0']
    Key: product, Value: ['type III-B CRISPR module-associated protein Cmr3']
    Key: protein_id, Value: ['WP_218261508.1']
    Key: source, Value: ['Protein Homology']
    Key: transl_table, Value: ['11']

GF(type III-B CRISPR module-associated protein Cmr3, 6114-7086 (-1))
type: CDS
location: [1323628:1326682](-)
id: cds-WP_218261568.1
qualifiers:
    Key: Dbxref, Value: ['GenBank:WP_218261568.1', 'GeneID:65560015']
    Key: ID, Value: ['cds-WP_218261568.1']
    Key: Name, Value: ['WP_218261568.1']
    Key: Ontology_term, Value: ['GO:0043571', 'GO:0003674']
    Key: Parent, Value: ['gene-J5U21_RS07530']
    Key: gbkey, Value: ['CDS']
    Key: gene, Value: ['cas10']
    Key: go_function, Value: ['molecular_function|0003674||IEA']
    Key: go_process, Value: ['maintenance of CRISPR repeat elements|0043571||IEA']
    Key: inference, Value: ['COORDINATES: similar to AA sequence:RefSeq:WP_016732229.1']
    Key: locus_tag, Value: ['J5U21_RS07530']
    Key: phase, Value: ['0']
    Key: product, Value: ['type III-B CRISPR-associated protein Cas10/Cmr2']
    Key: protein_id, Value: ['WP_218261568.1']
    Key: source, Value: ['Protein Homology']
    Key: transl_table, Value: ['11']

GF(type III-B CRISPR-associated protein Cas10/Cmr2, 7085-10139 (-1))
type: CDS
location: [1326741:1327593](-)
id: cds-WP_218261509.1
qualifiers:
    Key: Dbxref, Value: ['GenBank:WP_218261509.1', 'GeneID:65560016']
    Key: ID, Value: ['cds-WP_218261509.1']
    Key: Name, Value: ['WP_218261509.1']
    Key: Ontology_term, Value: ['GO:0043571', 'GO:0003674']
    Key: Parent, Value: ['gene-J5U21_RS07535']
    Key: gbkey, Value: ['CDS']
    Key: gene, Value: ['cmr6']
    Key: go_function, Value: ['molecular_function|0003674||IEA']
    Key: go_process, Value: ['maintenance of CRISPR repeat elements|0043571||IEA']
    Key: inference, Value: ['COORDINATES: similar to AA sequence:RefSeq:WP_012715833.1']
    Key: locus_tag, Value: ['J5U21_RS07535']
    Key: phase, Value: ['0']
    Key: product, Value: ['type III-B CRISPR module RAMP protein Cmr6']
    Key: protein_id, Value: ['WP_218261509.1']
    Key: source, Value: ['Protein Homology']
    Key: transl_table, Value: ['11']

GF(type III-B CRISPR module RAMP protein Cmr6, 10198-11050 (-1))
type: CDS
location: [1327589:1329002](-)
id: cds-WP_218261510.1
qualifiers:
    Key: Dbxref, Value: ['GenBank:WP_218261510.1', 'GeneID:65560017']
    Key: ID, Value: ['cds-WP_218261510.1']
    Key: Name, Value: ['WP_218261510.1']
    Key: Ontology_term, Value: ['GO:0043571', 'GO:0003674']
    Key: Parent, Value: ['gene-J5U21_RS07540']
    Key: gbkey, Value: ['CDS']
    Key: gene, Value: ['cmr1']
    Key: go_function, Value: ['molecular_function|0003674||IEA']
    Key: go_process, Value: ['maintenance of CRISPR repeat elements|0043571||IEA']
    Key: inference, Value: ['COORDINATES: similar to AA sequence:RefSeq:WP_012713266.1']
    Key: locus_tag, Value: ['J5U21_RS07540']
    Key: phase, Value: ['0']
    Key: product, Value: ['type III-B CRISPR module RAMP protein Cmr1']
    Key: protein_id, Value: ['WP_218261510.1']
    Key: source, Value: ['Protein Homology']
    Key: transl_table, Value: ['11']

GF(type III-B CRISPR module RAMP protein Cmr1, 11046-12459 (-1))
type: CDS
location: [1329003:1329465](-)
id: cds-WP_218261511.1
qualifiers:
    Key: Dbxref, Value: ['GenBank:WP_218261511.1', 'GeneID:65560018']
    Key: ID, Value: ['cds-WP_218261511.1']
    Key: Name, Value: ['WP_218261511.1']
    Key: Ontology_term, Value: ['GO:0043571', 'GO:0003674']
    Key: Parent, Value: ['gene-J5U21_RS07545']
    Key: gbkey, Value: ['CDS']
    Key: gene, Value: ['cmr5']
    Key: go_function, Value: ['molecular_function|0003674||IEA']
    Key: go_process, Value: ['maintenance of CRISPR repeat elements|0043571||IEA']
    Key: inference, Value: ['COORDINATES: similar to AA sequence:RefSeq:WP_012715831.1']
    Key: locus_tag, Value: ['J5U21_RS07545']
    Key: phase, Value: ['0']
    Key: product, Value: ['type III-B CRISPR module-associated protein Cmr5']
    Key: protein_id, Value: ['WP_218261511.1']
    Key: source, Value: ['Protein Homology']
    Key: transl_table, Value: ['11']

GF(type III-B CRISPR module-associated protein Cmr5, 12460-12922 (-1))
type: CDS
location: [1329454:1330312](-)
id: cds-WP_218261512.1
qualifiers:
    Key: Dbxref, Value: ['GenBank:WP_218261512.1', 'GeneID:65560019']
    Key: ID, Value: ['cds-WP_218261512.1']
    Key: Name, Value: ['WP_218261512.1']
    Key: Ontology_term, Value: ['GO:0043571', 'GO:0003674']
    Key: Parent, Value: ['gene-J5U21_RS07550']
    Key: gbkey, Value: ['CDS']
    Key: gene, Value: ['cmr4']
    Key: go_function, Value: ['molecular_function|0003674||IEA']
    Key: go_process, Value: ['maintenance of CRISPR repeat elements|0043571||IEA']
    Key: inference, Value: ['COORDINATES: similar to AA sequence:RefSeq:WP_016732225.1']
    Key: locus_tag, Value: ['J5U21_RS07550']
    Key: phase, Value: ['0']
    Key: product, Value: ['type III-B CRISPR module RAMP protein Cmr4']
    Key: protein_id, Value: ['WP_218261512.1']
    Key: source, Value: ['Protein Homology']
    Key: transl_table, Value: ['11']

GF(type III-B CRISPR module RAMP protein Cmr4, 12911-13769 (-1))
type: CDS
location: [1330322:1330934](-)
id: cds-WP_218261513.1
qualifiers:
    Key: Dbxref, Value: ['GenBank:WP_218261513.1', 'GeneID:65560020']
    Key: ID, Value: ['cds-WP_218261513.1']
    Key: Name, Value: ['WP_218261513.1']
    Key: Ontology_term, Value: ['GO:0051607', 'GO:0099048']
    Key: Parent, Value: ['gene-J5U21_RS07555']
    Key: gbkey, Value: ['CDS']
    Key: go_process, Value: ['defense response to virus|0051607||IEA', 'CRISPR-cas system|0099048||IEA']
    Key: inference, Value: ['COORDINATES: protein motif:HMM:NF040176.2']
    Key: locus_tag, Value: ['J5U21_RS07555']
    Key: phase, Value: ['0']
    Key: product, Value: ['type III-B CRISPR system CMR subunit Cmr7']
    Key: protein_id, Value: ['WP_218261513.1']
    Key: source, Value: ['Protein Homology']
    Key: transl_table, Value: ['11']

GF(type III-B CRISPR system CMR subunit Cmr7, 13779-14391 (-1))
type: CDS
location: [1331783:1332696](-)
id: cds-J5U21_RS07560
qualifiers:
    Key: Dbxref, Value: ['GeneID:65560021']
    Key: ID, Value: ['cds-J5U21_RS07560']
    Key: Note, Value: ['frameshifted']
    Key: Parent, Value: ['gene-J5U21_RS07560']
    Key: gbkey, Value: ['CDS']
    Key: inference, Value: ['COORDINATES: similar to AA sequence:RefSeq:WP_010923140.1']
    Key: locus_tag, Value: ['J5U21_RS07560']
    Key: phase, Value: ['0']
    Key: product, Value: ['IS5/IS1182 family transposase']
    Key: pseudo, Value: ['true']
    Key: source, Value: ['Protein Homology']
    Key: transl_table, Value: ['11']

GF(IS5/IS1182 family transposase, 15240-16153 (-1))
type: CDS
location: [1333034:1333565](+)
id: cds-WP_218261514.1
qualifiers:
    Key: Dbxref, Value: ['GenBank:WP_218261514.1', 'GeneID:65560022']
    Key: ID, Value: ['cds-WP_218261514.1']
    Key: Name, Value: ['WP_218261514.1']
    Key: Ontology_term, Value: ['GO:0009243', 'GO:0019305', 'GO:0008830']
    Key: Parent, Value: ['gene-J5U21_RS07565']
    Key: gbkey, Value: ['CDS']
    Key: gene, Value: ['rfbC']
    Key: go_function, Value: ['dTDP-4-dehydrorhamnose 3,5-epimerase activity|0008830||IEA']
    Key: go_process, Value: ['O antigen biosynthetic process|0009243||IEA', 'dTDP-rhamnose biosynthetic process|0019305||IEA']
    Key: inference, Value: ['COORDINATES: similar to AA sequence:RefSeq:WP_012952548.1']
    Key: locus_tag, Value: ['J5U21_RS07565']
    Key: phase, Value: ['0']
    Key: product, Value: ['dTDP-4-dehydrorhamnose 3,5-epimerase']
    Key: protein_id, Value: ['WP_218261514.1']
    Key: source, Value: ['Protein Homology']
    Key: transl_table, Value: ['11']

GF(dTDP-4-dehydrorhamnose 3,5-epimerase, 16491-17022 (1))
type: CDS
location: [1333829:1334612](+)
id: cds-WP_218261515.1
qualifiers:
    Key: Dbxref, Value: ['GenBank:WP_218261515.1', 'GeneID:65560023']
    Key: ID, Value: ['cds-WP_218261515.1']
    Key: Name, Value: ['WP_218261515.1']
    Key: Ontology_term, Value: ['GO:0016757']
    Key: Parent, Value: ['gene-J5U21_RS07570']
    Key: gbkey, Value: ['CDS']
    Key: go_function, Value: ['glycosyltransferase activity|0016757||IEA']
    Key: inference, Value: ['COORDINATES: similar to AA sequence:RefSeq:WP_010980039.1']
    Key: locus_tag, Value: ['J5U21_RS07570']
    Key: phase, Value: ['0']
    Key: product, Value: ['glycosyltransferase family 2 protein']
    Key: protein_id, Value: ['WP_218261515.1']
    Key: source, Value: ['Protein Homology']
    Key: transl_table, Value: ['11']

GF(glycosyltransferase family 2 protein, 17286-18069 (1))
[GF(None, 466-634 (1)), GF(None, 617-1712 (1)), GF(IS607 family transposase, 2089-2674 (1)), GF(RNA-guided endonuclease TnpB family protein, 2651-3947 (1)), GF(ATP/GTP-binding protein, 3999-5097 (1)), GF(None, 5105-5594 (1)), GF(type III-B CRISPR module-associated protein Cmr3, 6114-7086 (-1)), GF(type III-B CRISPR-associated protein Cas10/Cmr2, 7085-10139 (-1)), GF(type III-B CRISPR module RAMP protein Cmr6, 10198-11050 (-1)), GF(type III-B CRISPR module RAMP protein Cmr1, 11046-12459 (-1)), GF(type III-B CRISPR module-associated protein Cmr5, 12460-12922 (-1)), GF(type III-B CRISPR module RAMP protein Cmr4, 12911-13769 (-1)), GF(type III-B CRISPR system CMR subunit Cmr7, 13779-14391 (-1)), GF(IS5/IS1182 family transposase, 15240-16153 (-1)), GF(dTDP-4-dehydrorhamnose 3,5-epimerase, 16491-17022 (1)), GF(glycosyltransferase family 2 protein, 17286-18069 (1)), GF(CRISPR-Cas locus, 4000-14391 (0))]
