Cas operons file:    Unnamed: 0         Contig  ...           locus_id           sample
0           2  NZ_CP072600.1  ...  GCF_019891175.1_2  GCF_019891175.1

[1 rows x 19 columns]
The chosen contig: NZ_CP072600.1
type: CDS
location: [2641516:2641657](+)
id: cds-WP_223050061.1
qualifiers:
    Key: Dbxref, Value: ['GenBank:WP_223050061.1']
    Key: ID, Value: ['cds-WP_223050061.1']
    Key: Name, Value: ['WP_223050061.1']
    Key: Parent, Value: ['gene-J5X98_RS11280']
    Key: gbkey, Value: ['CDS']
    Key: inference, Value: ['COORDINATES: ab initio prediction:GeneMarkS-2+']
    Key: locus_tag, Value: ['J5X98_RS11280']
    Key: phase, Value: ['0']
    Key: product, Value: ['hypothetical protein']
    Key: protein_id, Value: ['WP_223050061.1']
    Key: source, Value: ['GeneMarkS-2+']
    Key: transl_table, Value: ['11']

GF(None, 581-722 (1))
type: CDS
location: [2641702:2643154](+)
id: cds-WP_223050062.1
qualifiers:
    Key: Dbxref, Value: ['GenBank:WP_223050062.1']
    Key: ID, Value: ['cds-WP_223050062.1']
    Key: Name, Value: ['WP_223050062.1']
    Key: Parent, Value: ['gene-J5X98_RS11285']
    Key: gbkey, Value: ['CDS']
    Key: inference, Value: ['COORDINATES: similar to AA sequence:RefSeq:WP_009756785.1']
    Key: locus_tag, Value: ['J5X98_RS11285']
    Key: phase, Value: ['0']
    Key: product, Value: ['Ni/Fe hydrogenase subunit alpha']
    Key: protein_id, Value: ['WP_223050062.1']
    Key: source, Value: ['Protein Homology']
    Key: transl_table, Value: ['11']

GF(Ni/Fe hydrogenase subunit alpha, 767-2219 (1))
type: CDS
location: [2643185:2643454](-)
id: cds-J5X98_RS29355
qualifiers:
    Key: ID, Value: ['cds-J5X98_RS29355']
    Key: Note, Value: ['frameshifted; incomplete; partial in the middle of a contig; missing C-terminus']
    Key: Parent, Value: ['gene-J5X98_RS29355']
    Key: gbkey, Value: ['CDS']
    Key: inference, Value: ['COORDINATES: similar to AA sequence:RefSeq:WP_011997934.1']
    Key: locus_tag, Value: ['J5X98_RS29355']
    Key: partial, Value: ['true']
    Key: phase, Value: ['0']
    Key: product, Value: ['four helix bundle protein']
    Key: pseudo, Value: ['true']
    Key: source, Value: ['Protein Homology']
    Key: start_range, Value: ['.', '2643186']
    Key: transl_table, Value: ['11']

GF(four helix bundle protein, 2250-2519 (-1))
type: CDS
location: [2643734:2643998](+)
id: cds-WP_223049049.1-2
qualifiers:
    Key: Dbxref, Value: ['GenBank:WP_223049049.1']
    Key: ID, Value: ['cds-WP_223049049.1-2']
    Key: Name, Value: ['WP_223049049.1']
    Key: Parent, Value: ['gene-J5X98_RS11295']
    Key: gbkey, Value: ['CDS']
    Key: inference, Value: ['COORDINATES: ab initio prediction:GeneMarkS-2+']
    Key: locus_tag, Value: ['J5X98_RS11295']
    Key: phase, Value: ['0']
    Key: product, Value: ['hypothetical protein']
    Key: protein_id, Value: ['WP_223049049.1']
    Key: source, Value: ['GeneMarkS-2+']
    Key: transl_table, Value: ['11']

GF(None, 2799-3063 (1))
type: CDS
location: [2643994:2644318](+)
id: cds-WP_223049048.1-2
qualifiers:
    Key: Dbxref, Value: ['GenBank:WP_223049048.1']
    Key: ID, Value: ['cds-WP_223049048.1-2']
    Key: Name, Value: ['WP_223049048.1']
    Key: Ontology_term, Value: ['GO:0006313', 'GO:0003677', 'GO:0004803']
    Key: Parent, Value: ['gene-J5X98_RS11300']
    Key: gbkey, Value: ['CDS']
    Key: go_function, Value: ['DNA binding|0003677||IEA', 'transposase activity|0004803||IEA']
    Key: go_process, Value: ['DNA transposition|0006313||IEA']
    Key: inference, Value: ['COORDINATES: protein motif:HMM:NF014430.3']
    Key: locus_tag, Value: ['J5X98_RS11300']
    Key: phase, Value: ['0']
    Key: product, Value: ['transposase']
    Key: protein_id, Value: ['WP_223049048.1']
    Key: source, Value: ['Protein Homology']
    Key: transl_table, Value: ['11']

GF(transposase, 3059-3383 (1))
type: CDS
location: [2644782:2644908](+)
id: cds-J5X98_RS29360
qualifiers:
    Key: ID, Value: ['cds-J5X98_RS29360']
    Key: Note, Value: ['incomplete; partial in the middle of a contig; missing N-terminus and C-terminus']
    Key: Parent, Value: ['gene-J5X98_RS29360']
    Key: end_range, Value: ['2644908', '.']
    Key: gbkey, Value: ['CDS']
    Key: inference, Value: ['COORDINATES: similar to AA sequence:RefSeq:WP_016864716.1']
    Key: locus_tag, Value: ['J5X98_RS29360']
    Key: partial, Value: ['true']
    Key: phase, Value: ['0']
    Key: product, Value: ['CRISPR-associated endoribonuclease Cas6']
    Key: pseudo, Value: ['true']
    Key: source, Value: ['Protein Homology']
    Key: start_range, Value: ['.', '2644783']
    Key: transl_table, Value: ['11']

GF(CRISPR-associated endoribonuclease Cas6, 3847-3973 (1))
type: CDS
location: [2644934:2646242](-)
id: cds-WP_223050063.1
qualifiers:
    Key: Dbxref, Value: ['GenBank:WP_223050063.1']
    Key: ID, Value: ['cds-WP_223050063.1']
    Key: Name, Value: ['WP_223050063.1']
    Key: Ontology_term, Value: ['GO:0043571', 'GO:0003674']
    Key: Parent, Value: ['gene-J5X98_RS11305']
    Key: gbkey, Value: ['CDS']
    Key: go_function, Value: ['molecular_function|0003674||IEA']
    Key: go_process, Value: ['maintenance of CRISPR repeat elements|0043571||IEA']
    Key: inference, Value: ['COORDINATES: similar to AA sequence:RefSeq:WP_016864709.1']
    Key: locus_tag, Value: ['J5X98_RS11305']
    Key: phase, Value: ['0']
    Key: product, Value: ['TIGR02710 family CRISPR-associated CARF protein']
    Key: protein_id, Value: ['WP_223050063.1']
    Key: source, Value: ['Protein Homology']
    Key: transl_table, Value: ['11']

GF(TIGR02710 family CRISPR-associated CARF protein, 3999-5307 (-1))
type: CDS
location: [2646540:2647161](-)
id: cds-WP_223050064.1
qualifiers:
    Key: Dbxref, Value: ['GenBank:WP_223050064.1']
    Key: ID, Value: ['cds-WP_223050064.1']
    Key: Name, Value: ['WP_223050064.1']
    Key: Parent, Value: ['gene-J5X98_RS11310']
    Key: gbkey, Value: ['CDS']
    Key: inference, Value: ['COORDINATES: similar to AA sequence:RefSeq:WP_006197828.1']
    Key: locus_tag, Value: ['J5X98_RS11310']
    Key: phase, Value: ['0']
    Key: product, Value: ['hypothetical protein']
    Key: protein_id, Value: ['WP_223050064.1']
    Key: source, Value: ['Protein Homology']
    Key: transl_table, Value: ['11']

GF(None, 5605-6226 (-1))
type: CDS
location: [2647507:2648062](-)
id: cds-WP_223050065.1
qualifiers:
    Key: Dbxref, Value: ['GenBank:WP_223050065.1']
    Key: ID, Value: ['cds-WP_223050065.1']
    Key: Name, Value: ['WP_223050065.1']
    Key: Ontology_term, Value: ['GO:0003676', 'GO:0004519']
    Key: Parent, Value: ['gene-J5X98_RS11315']
    Key: gbkey, Value: ['CDS']
    Key: go_function, Value: ['nucleic acid binding|0003676||IEA', 'endonuclease activity|0004519||IEA']
    Key: inference, Value: ['COORDINATES: similar to AA sequence:RefSeq:WP_019506235.1']
    Key: locus_tag, Value: ['J5X98_RS11315']
    Key: phase, Value: ['0']
    Key: product, Value: ['Uma2 family endonuclease']
    Key: protein_id, Value: ['WP_223050065.1']
    Key: source, Value: ['Protein Homology']
    Key: transl_table, Value: ['11']

GF(Uma2 family endonuclease, 6572-7127 (-1))
type: CDS
location: [2648269:2649493](-)
id: cds-WP_223050066.1
qualifiers:
    Key: Dbxref, Value: ['GenBank:WP_223050066.1']
    Key: ID, Value: ['cds-WP_223050066.1']
    Key: Name, Value: ['WP_223050066.1']
    Key: Ontology_term, Value: ['GO:0043571', 'GO:0003674']
    Key: Parent, Value: ['gene-J5X98_RS11320']
    Key: gbkey, Value: ['CDS']
    Key: gene, Value: ['csx2']
    Key: go_function, Value: ['molecular_function|0003674||IEA']
    Key: go_process, Value: ['maintenance of CRISPR repeat elements|0043571||IEA']
    Key: inference, Value: ['COORDINATES: similar to AA sequence:RefSeq:WP_015225412.1']
    Key: locus_tag, Value: ['J5X98_RS11320']
    Key: phase, Value: ['0']
    Key: product, Value: ['TIGR02221 family CRISPR-associated protein']
    Key: protein_id, Value: ['WP_223050066.1']
    Key: source, Value: ['Protein Homology']
    Key: transl_table, Value: ['11']

GF(TIGR02221 family CRISPR-associated protein, 7334-8558 (-1))
type: CDS
location: [2649523:2650207](-)
id: cds-WP_223050067.1
qualifiers:
    Key: Dbxref, Value: ['GenBank:WP_223050067.1']
    Key: ID, Value: ['cds-WP_223050067.1']
    Key: Name, Value: ['WP_223050067.1']
    Key: Parent, Value: ['gene-J5X98_RS11325']
    Key: gbkey, Value: ['CDS']
    Key: inference, Value: ['COORDINATES: similar to AA sequence:RefSeq:WP_017311119.1']
    Key: locus_tag, Value: ['J5X98_RS11325']
    Key: phase, Value: ['0']
    Key: product, Value: ['hypothetical protein']
    Key: protein_id, Value: ['WP_223050067.1']
    Key: source, Value: ['Protein Homology']
    Key: transl_table, Value: ['11']

GF(None, 8588-9272 (-1))
type: CDS
location: [2650223:2650703](-)
id: cds-WP_223050068.1
qualifiers:
    Key: Dbxref, Value: ['GenBank:WP_223050068.1']
    Key: ID, Value: ['cds-WP_223050068.1']
    Key: Name, Value: ['WP_223050068.1']
    Key: Parent, Value: ['gene-J5X98_RS11330']
    Key: gbkey, Value: ['CDS']
    Key: inference, Value: ['COORDINATES: ab initio prediction:GeneMarkS-2+']
    Key: locus_tag, Value: ['J5X98_RS11330']
    Key: phase, Value: ['0']
    Key: product, Value: ['hypothetical protein']
    Key: protein_id, Value: ['WP_223050068.1']
    Key: source, Value: ['GeneMarkS-2+']
    Key: transl_table, Value: ['11']

GF(None, 9288-9768 (-1))
type: CDS
location: [2650699:2651062](-)
id: cds-WP_223050069.1
qualifiers:
    Key: Dbxref, Value: ['GenBank:WP_223050069.1']
    Key: ID, Value: ['cds-WP_223050069.1']
    Key: Name, Value: ['WP_223050069.1']
    Key: Ontology_term, Value: ['GO:0016779']
    Key: Parent, Value: ['gene-J5X98_RS11335']
    Key: gbkey, Value: ['CDS']
    Key: go_function, Value: ['nucleotidyltransferase activity|0016779||IEA']
    Key: inference, Value: ['COORDINATES: similar to AA sequence:RefSeq:WP_012630720.1']
    Key: locus_tag, Value: ['J5X98_RS11335']
    Key: phase, Value: ['0']
    Key: product, Value: ['nucleotidyltransferase domain-containing protein']
    Key: protein_id, Value: ['WP_223050069.1']
    Key: source, Value: ['Protein Homology']
    Key: transl_table, Value: ['11']

GF(nucleotidyltransferase domain-containing protein, 9764-10127 (-1))
type: CDS
location: [2651323:2652379](-)
id: cds-WP_223050070.1
qualifiers:
    Key: Dbxref, Value: ['GenBank:WP_223050070.1']
    Key: ID, Value: ['cds-WP_223050070.1']
    Key: Name, Value: ['WP_223050070.1']
    Key: Parent, Value: ['gene-J5X98_RS11340']
    Key: gbkey, Value: ['CDS']
    Key: inference, Value: ['COORDINATES: similar to AA sequence:RefSeq:WP_016864714.1']
    Key: locus_tag, Value: ['J5X98_RS11340']
    Key: phase, Value: ['0']
    Key: product, Value: ['RAMP superfamily CRISPR-associated protein']
    Key: protein_id, Value: ['WP_223050070.1']
    Key: source, Value: ['Protein Homology']
    Key: transl_table, Value: ['11']

GF(RAMP superfamily CRISPR-associated protein, 10388-11444 (-1))
type: CDS
location: [2652375:2652828](-)
id: cds-WP_223050071.1
qualifiers:
    Key: Dbxref, Value: ['GenBank:WP_223050071.1']
    Key: ID, Value: ['cds-WP_223050071.1']
    Key: Name, Value: ['WP_223050071.1']
    Key: Parent, Value: ['gene-J5X98_RS11345']
    Key: gbkey, Value: ['CDS']
    Key: inference, Value: ['COORDINATES: similar to AA sequence:RefSeq:WP_015186227.1']
    Key: locus_tag, Value: ['J5X98_RS11345']
    Key: phase, Value: ['0']
    Key: product, Value: ['hypothetical protein']
    Key: protein_id, Value: ['WP_223050071.1']
    Key: source, Value: ['Protein Homology']
    Key: transl_table, Value: ['11']

GF(None, 11440-11893 (-1))
type: CDS
location: [2652824:2653790](-)
id: cds-WP_223050072.1
qualifiers:
    Key: Dbxref, Value: ['GenBank:WP_223050072.1']
    Key: ID, Value: ['cds-WP_223050072.1']
    Key: Name, Value: ['WP_223050072.1']
    Key: Parent, Value: ['gene-J5X98_RS11350']
    Key: gbkey, Value: ['CDS']
    Key: inference, Value: ['COORDINATES: similar to AA sequence:RefSeq:WP_009768159.1']
    Key: locus_tag, Value: ['J5X98_RS11350']
    Key: phase, Value: ['0']
    Key: product, Value: ['RAMP superfamily CRISPR-associated protein']
    Key: protein_id, Value: ['WP_223050072.1']
    Key: source, Value: ['Protein Homology']
    Key: transl_table, Value: ['11']

GF(RAMP superfamily CRISPR-associated protein, 11889-12855 (-1))
type: CDS
location: [2653806:2654043](-)
id: cds-WP_223050073.1
qualifiers:
    Key: Dbxref, Value: ['GenBank:WP_223050073.1']
    Key: ID, Value: ['cds-WP_223050073.1']
    Key: Name, Value: ['WP_223050073.1']
    Key: Parent, Value: ['gene-J5X98_RS11355']
    Key: gbkey, Value: ['CDS']
    Key: inference, Value: ['COORDINATES: similar to AA sequence:RefSeq:WP_006514211.1']
    Key: locus_tag, Value: ['J5X98_RS11355']
    Key: phase, Value: ['0']
    Key: product, Value: ['DUF2283 domain-containing protein']
    Key: protein_id, Value: ['WP_223050073.1']
    Key: source, Value: ['Protein Homology']
    Key: transl_table, Value: ['11']

GF(DUF2283 domain-containing protein, 12871-13108 (-1))
type: CDS
location: [2654027:2654351](-)
id: cds-WP_223050074.1
qualifiers:
    Key: Dbxref, Value: ['GenBank:WP_223050074.1']
    Key: ID, Value: ['cds-WP_223050074.1']
    Key: Name, Value: ['WP_223050074.1']
    Key: Parent, Value: ['gene-J5X98_RS11360']
    Key: gbkey, Value: ['CDS']
    Key: inference, Value: ['COORDINATES: similar to AA sequence:RefSeq:WP_002754126.1']
    Key: locus_tag, Value: ['J5X98_RS11360']
    Key: phase, Value: ['0']
    Key: product, Value: ['hypothetical protein']
    Key: protein_id, Value: ['WP_223050074.1']
    Key: source, Value: ['Protein Homology']
    Key: transl_table, Value: ['11']

GF(None, 13092-13416 (-1))
type: CDS
location: [2654362:2655250](-)
id: cds-WP_223050075.1
qualifiers:
    Key: Dbxref, Value: ['GenBank:WP_223050075.1']
    Key: ID, Value: ['cds-WP_223050075.1']
    Key: Name, Value: ['WP_223050075.1']
    Key: Ontology_term, Value: ['GO:0043571', 'GO:0003674']
    Key: Parent, Value: ['gene-J5X98_RS11365']
    Key: gbkey, Value: ['CDS']
    Key: gene, Value: ['csx7']
    Key: go_function, Value: ['molecular_function|0003674||IEA']
    Key: go_process, Value: ['maintenance of CRISPR repeat elements|0043571||IEA']
    Key: inference, Value: ['COORDINATES: similar to AA sequence:RefSeq:WP_015146802.1']
    Key: locus_tag, Value: ['J5X98_RS11365']
    Key: phase, Value: ['0']
    Key: product, Value: ['CRISPR-associated RAMP protein Csx7']
    Key: protein_id, Value: ['WP_223050075.1']
    Key: source, Value: ['Protein Homology']
    Key: transl_table, Value: ['11']

GF(CRISPR-associated RAMP protein Csx7, 13427-14315 (-1))
type: CDS
location: [2655242:2655494](-)
id: cds-WP_223050076.1
qualifiers:
    Key: Dbxref, Value: ['GenBank:WP_223050076.1']
    Key: ID, Value: ['cds-WP_223050076.1']
    Key: Name, Value: ['WP_223050076.1']
    Key: Parent, Value: ['gene-J5X98_RS11370']
    Key: gbkey, Value: ['CDS']
    Key: inference, Value: ['COORDINATES: similar to AA sequence:RefSeq:WP_009768154.1']
    Key: locus_tag, Value: ['J5X98_RS11370']
    Key: phase, Value: ['0']
    Key: product, Value: ['AbrB/MazE/SpoVT family DNA-binding domain-containing protein']
    Key: protein_id, Value: ['WP_223050076.1']
    Key: source, Value: ['Protein Homology']
    Key: transl_table, Value: ['11']

GF(AbrB/MazE/SpoVT family DNA-binding domain-containing protein, 14307-14559 (-1))
type: CDS
location: [2655510:2656683](-)
id: cds-WP_223050077.1
qualifiers:
    Key: Dbxref, Value: ['GenBank:WP_223050077.1']
    Key: ID, Value: ['cds-WP_223050077.1']
    Key: Name, Value: ['WP_223050077.1']
    Key: Parent, Value: ['gene-J5X98_RS11375']
    Key: gbkey, Value: ['CDS']
    Key: inference, Value: ['COORDINATES: protein motif:HMM:NF020571.3']
    Key: locus_tag, Value: ['J5X98_RS11375']
    Key: phase, Value: ['0']
    Key: product, Value: ['DUF1887 family CARF protein']
    Key: protein_id, Value: ['WP_223050077.1']
    Key: source, Value: ['Protein Homology']
    Key: transl_table, Value: ['11']

GF(DUF1887 family CARF protein, 14575-15748 (-1))
type: CDS
location: [2656727:2657270](-)
id: cds-WP_223050078.1
qualifiers:
    Key: Dbxref, Value: ['GenBank:WP_223050078.1']
    Key: ID, Value: ['cds-WP_223050078.1']
    Key: Name, Value: ['WP_223050078.1']
    Key: Parent, Value: ['gene-J5X98_RS11380']
    Key: gbkey, Value: ['CDS']
    Key: inference, Value: ['COORDINATES: similar to AA sequence:RefSeq:WP_009768152.1']
    Key: locus_tag, Value: ['J5X98_RS11380']
    Key: phase, Value: ['0']
    Key: product, Value: ['hypothetical protein']
    Key: protein_id, Value: ['WP_223050078.1']
    Key: source, Value: ['Protein Homology']
    Key: transl_table, Value: ['11']

GF(None, 15792-16335 (-1))
type: CDS
location: [2657266:2658511](-)
id: cds-WP_223050079.1
qualifiers:
    Key: Dbxref, Value: ['GenBank:WP_223050079.1']
    Key: ID, Value: ['cds-WP_223050079.1']
    Key: Name, Value: ['WP_223050079.1']
    Key: Ontology_term, Value: ['GO:0043571', 'GO:0003674']
    Key: Parent, Value: ['gene-J5X98_RS11385']
    Key: gbkey, Value: ['CDS']
    Key: gene, Value: ['csx10']
    Key: go_function, Value: ['molecular_function|0003674||IEA']
    Key: go_process, Value: ['maintenance of CRISPR repeat elements|0043571||IEA']
    Key: inference, Value: ['COORDINATES: similar to AA sequence:RefSeq:WP_009768151.1']
    Key: locus_tag, Value: ['J5X98_RS11385']
    Key: phase, Value: ['0']
    Key: product, Value: ['CRISPR-associated RAMP protein Csx10']
    Key: protein_id, Value: ['WP_223050079.1']
    Key: source, Value: ['Protein Homology']
    Key: transl_table, Value: ['11']

GF(CRISPR-associated RAMP protein Csx10, 16331-17576 (-1))
type: CDS
location: [2658507:2659254](-)
id: cds-WP_223050080.1
qualifiers:
    Key: Dbxref, Value: ['GenBank:WP_223050080.1']
    Key: ID, Value: ['cds-WP_223050080.1']
    Key: Name, Value: ['WP_223050080.1']
    Key: Parent, Value: ['gene-J5X98_RS11390']
    Key: gbkey, Value: ['CDS']
    Key: inference, Value: ['COORDINATES: similar to AA sequence:RefSeq:WP_015216198.1']
    Key: locus_tag, Value: ['J5X98_RS11390']
    Key: phase, Value: ['0']
    Key: product, Value: ['RAMP superfamily CRISPR-associated protein']
    Key: protein_id, Value: ['WP_223050080.1']
    Key: source, Value: ['Protein Homology']
    Key: transl_table, Value: ['11']

GF(RAMP superfamily CRISPR-associated protein, 17572-18319 (-1))
type: CDS
location: [2659256:2661701](-)
id: cds-WP_225938421.1
qualifiers:
    Key: Dbxref, Value: ['GenBank:WP_225938421.1']
    Key: ID, Value: ['cds-WP_225938421.1']
    Key: Name, Value: ['WP_225938421.1']
    Key: Ontology_term, Value: ['GO:0043571', 'GO:0003674']
    Key: Parent, Value: ['gene-J5X98_RS11395']
    Key: gbkey, Value: ['CDS']
    Key: gene, Value: ['cas10']
    Key: go_function, Value: ['molecular_function|0003674||IEA']
    Key: go_process, Value: ['maintenance of CRISPR repeat elements|0043571||IEA']
    Key: inference, Value: ['COORDINATES: similar to AA sequence:RefSeq:WP_016864705.1']
    Key: locus_tag, Value: ['J5X98_RS11395']
    Key: phase, Value: ['0']
    Key: product, Value: ['type III-B CRISPR-associated protein Cas10/Cmr2']
    Key: protein_id, Value: ['WP_225938421.1']
    Key: source, Value: ['Protein Homology']
    Key: transl_table, Value: ['11']

GF(type III-B CRISPR-associated protein Cas10/Cmr2, 18321-20766 (-1))
type: CDS
location: [2661794:2662349](-)
id: cds-WP_223050081.1
qualifiers:
    Key: Dbxref, Value: ['GenBank:WP_223050081.1']
    Key: ID, Value: ['cds-WP_223050081.1']
    Key: Name, Value: ['WP_223050081.1']
    Key: Ontology_term, Value: ['GO:0003676', 'GO:0004519']
    Key: Parent, Value: ['gene-J5X98_RS11400']
    Key: gbkey, Value: ['CDS']
    Key: go_function, Value: ['nucleic acid binding|0003676||IEA', 'endonuclease activity|0004519||IEA']
    Key: inference, Value: ['COORDINATES: similar to AA sequence:RefSeq:WP_019506235.1']
    Key: locus_tag, Value: ['J5X98_RS11400']
    Key: phase, Value: ['0']
    Key: product, Value: ['Uma2 family endonuclease']
    Key: protein_id, Value: ['WP_223050081.1']
    Key: source, Value: ['Protein Homology']
    Key: transl_table, Value: ['11']

GF(Uma2 family endonuclease, 20859-21414 (-1))
type: CDS
location: [2662531:2663773](-)
id: cds-WP_223050082.1
qualifiers:
    Key: Dbxref, Value: ['GenBank:WP_223050082.1']
    Key: ID, Value: ['cds-WP_223050082.1']
    Key: Name, Value: ['WP_223050082.1']
    Key: Ontology_term, Value: ['GO:0043571', 'GO:0003674']
    Key: Parent, Value: ['gene-J5X98_RS11405']
    Key: gbkey, Value: ['CDS']
    Key: gene, Value: ['csx2']
    Key: go_function, Value: ['molecular_function|0003674||IEA']
    Key: go_process, Value: ['maintenance of CRISPR repeat elements|0043571||IEA']
    Key: inference, Value: ['COORDINATES: similar to AA sequence:RefSeq:WP_015225412.1']
    Key: locus_tag, Value: ['J5X98_RS11405']
    Key: phase, Value: ['0']
    Key: product, Value: ['TIGR02221 family CRISPR-associated protein']
    Key: protein_id, Value: ['WP_223050082.1']
    Key: source, Value: ['Protein Homology']
    Key: transl_table, Value: ['11']

GF(TIGR02221 family CRISPR-associated protein, 21596-22838 (-1))
type: CDS
location: [2664861:2665536](+)
id: cds-WP_223050083.1
qualifiers:
    Key: Dbxref, Value: ['GenBank:WP_223050083.1']
    Key: ID, Value: ['cds-WP_223050083.1']
    Key: Name, Value: ['WP_223050083.1']
    Key: Ontology_term, Value: ['GO:0003676', 'GO:0004519']
    Key: Parent, Value: ['gene-J5X98_RS11410']
    Key: gbkey, Value: ['CDS']
    Key: go_function, Value: ['nucleic acid binding|0003676||IEA', 'endonuclease activity|0004519||IEA']
    Key: inference, Value: ['COORDINATES: similar to AA sequence:RefSeq:WP_015128532.1']
    Key: locus_tag, Value: ['J5X98_RS11410']
    Key: phase, Value: ['0']
    Key: product, Value: ['Uma2 family endonuclease']
    Key: protein_id, Value: ['WP_223050083.1']
    Key: source, Value: ['Protein Homology']
    Key: transl_table, Value: ['11']

GF(Uma2 family endonuclease, 23926-24601 (1))
type: CDS
location: [2665671:2666805](+)
id: cds-WP_225938422.1
qualifiers:
    Key: Dbxref, Value: ['GenBank:WP_225938422.1']
    Key: ID, Value: ['cds-WP_225938422.1']
    Key: Name, Value: ['WP_225938422.1']
    Key: Ontology_term, Value: ['GO:0004803']
    Key: Parent, Value: ['gene-J5X98_RS11415']
    Key: gbkey, Value: ['CDS']
    Key: go_function, Value: ['transposase activity|0004803||IEA']
    Key: inference, Value: ['COORDINATES: similar to AA sequence:RefSeq:WP_014801227.1']
    Key: locus_tag, Value: ['J5X98_RS11415']
    Key: phase, Value: ['0']
    Key: product, Value: ['IS481 family transposase']
    Key: protein_id, Value: ['WP_225938422.1']
    Key: source, Value: ['Protein Homology']
    Key: transl_table, Value: ['11']

GF(IS481 family transposase, 24736-25870 (1))
type: CDS
location: [2666866:2667163](-)
id: cds-WP_223050084.1
qualifiers:
    Key: Dbxref, Value: ['GenBank:WP_223050084.1']
    Key: ID, Value: ['cds-WP_223050084.1']
    Key: Name, Value: ['WP_223050084.1']
    Key: Parent, Value: ['gene-J5X98_RS11420']
    Key: gbkey, Value: ['CDS']
    Key: inference, Value: ['COORDINATES: ab initio prediction:GeneMarkS-2+']
    Key: locus_tag, Value: ['J5X98_RS11420']
    Key: phase, Value: ['0']
    Key: product, Value: ['hypothetical protein']
    Key: protein_id, Value: ['WP_223050084.1']
    Key: source, Value: ['GeneMarkS-2+']
    Key: transl_table, Value: ['11']

GF(None, 25931-26228 (-1))
type: CDS
location: [2667155:2667341](-)
id: cds-WP_223050085.1
qualifiers:
    Key: Dbxref, Value: ['GenBank:WP_223050085.1']
    Key: ID, Value: ['cds-WP_223050085.1']
    Key: Name, Value: ['WP_223050085.1']
    Key: Parent, Value: ['gene-J5X98_RS11425']
    Key: gbkey, Value: ['CDS']
    Key: inference, Value: ['COORDINATES: ab initio prediction:GeneMarkS-2+']
    Key: locus_tag, Value: ['J5X98_RS11425']
    Key: phase, Value: ['0']
    Key: product, Value: ['hypothetical protein']
    Key: protein_id, Value: ['WP_223050085.1']
    Key: source, Value: ['GeneMarkS-2+']
    Key: transl_table, Value: ['11']

GF(None, 26220-26406 (-1))
graphic feature from cctyper protein table: GF(Csx1, 4000-5307 (-1))
graphic feature from cctyper protein table: GF(PD, 5606-6226 (-1))
graphic feature from cctyper protein table: GF(Csx1, 7335-8558 (-1))
graphic feature from cctyper protein table: GF(Csx21, 8589-9272 (-1))
graphic feature from cctyper protein table: GF(Csm3gr7, 10389-11444 (-1))
graphic feature from cctyper protein table: GF(Csx19, 11441-11893 (-1))
graphic feature from cctyper protein table: GF(Csm3, 11890-12855 (-1))
graphic feature from cctyper protein table: GF(Csm3gr7, 13428-14315 (-1))
graphic feature from cctyper protein table: GF(Can2, 14576-15748 (-1))
graphic feature from cctyper protein table: GF(Csm2, 15793-16335 (-1))
graphic feature from cctyper protein table: GF(Csx10, 16332-17576 (-1))
graphic feature from cctyper protein table: GF(Csm3gr7, 17573-18319 (-1))
graphic feature from cctyper protein table: GF(Cas10, 18322-20766 (-1))
graphic feature from cctyper protein table: GF(Csx1, 21597-22838 (-1))
Index(['protein_id', 'start', 'end', 'effector', 'locus', 'sample', 'strand',
       'sequence', 'type'],
      dtype='object')
graphic feature from known effectors: GF(csx1, 4000-5307 (-1))
graphic feature from known effectors: GF(csx1, 7335-8558 (-1))
graphic feature from known effectors: GF(csx1, 21597-22838 (-1))
Index(['protein_id', 'start', 'end', 'effector', 'locus', 'sample', 'strand',
       'sequence'],
      dtype='object')
[GF(None, 581-722 (1)), GF(Ni/Fe hydrogenase subunit alpha, 767-2219 (1)), GF(four helix bundle protein, 2250-2519 (-1)), GF(None, 2799-3063 (1)), GF(transposase, 3059-3383 (1)), GF(CRISPR-associated endoribonuclease Cas6, 3847-3973 (1)), GF(TIGR02710 family CRISPR-associated CARF protein, 3999-5307 (-1)), GF(None, 5605-6226 (-1)), GF(Uma2 family endonuclease, 6572-7127 (-1)), GF(TIGR02221 family CRISPR-associated protein, 7334-8558 (-1)), GF(None, 8588-9272 (-1)), GF(None, 9288-9768 (-1)), GF(nucleotidyltransferase domain-containing protein, 9764-10127 (-1)), GF(RAMP superfamily CRISPR-associated protein, 10388-11444 (-1)), GF(None, 11440-11893 (-1)), GF(RAMP superfamily CRISPR-associated protein, 11889-12855 (-1)), GF(DUF2283 domain-containing protein, 12871-13108 (-1)), GF(None, 13092-13416 (-1)), GF(CRISPR-associated RAMP protein Csx7, 13427-14315 (-1)), GF(AbrB/MazE/SpoVT family DNA-binding domain-containing protein, 14307-14559 (-1)), GF(DUF1887 family CARF protein, 14575-15748 (-1)), GF(None, 15792-16335 (-1)), GF(CRISPR-associated RAMP protein Csx10, 16331-17576 (-1)), GF(RAMP superfamily CRISPR-associated protein, 17572-18319 (-1)), GF(type III-B CRISPR-associated protein Cas10/Cmr2, 18321-20766 (-1)), GF(Uma2 family endonuclease, 20859-21414 (-1)), GF(TIGR02221 family CRISPR-associated protein, 21596-22838 (-1)), GF(Uma2 family endonuclease, 23926-24601 (1)), GF(IS481 family transposase, 24736-25870 (1)), GF(None, 25931-26228 (-1)), GF(None, 26220-26406 (-1)), GF(Csx1, 4000-5307 (-1)), GF(PD, 5606-6226 (-1)), GF(Csx1, 7335-8558 (-1)), GF(Csx21, 8589-9272 (-1)), GF(Csm3gr7, 10389-11444 (-1)), GF(Csx19, 11441-11893 (-1)), GF(Csm3, 11890-12855 (-1)), GF(Csm3gr7, 13428-14315 (-1)), GF(Can2, 14576-15748 (-1)), GF(Csm2, 15793-16335 (-1)), GF(Csx10, 16332-17576 (-1)), GF(Csm3gr7, 17573-18319 (-1)), GF(Cas10, 18322-20766 (-1)), GF(Csx1, 21597-22838 (-1)), GF(csx1, 4000-5307 (-1)), GF(csx1, 7335-8558 (-1)), GF(csx1, 21597-22838 (-1)), GF(CRISPR-Cas locus, 4000-22838 (0))]
