Cas operons file:    Unnamed: 0         Contig  ...           locus_id           sample
0           2  NZ_CP035758.1  ...  GCF_004208415.1_2  GCF_004208415.1

[1 rows x 19 columns]
The chosen contig: NZ_CP035758.1
type: CDS
location: [5220080:5220863](+)
id: cds-WP_129889710.1
qualifiers:
    Key: Dbxref, Value: ['GenBank:WP_129889710.1']
    Key: ID, Value: ['cds-WP_129889710.1']
    Key: Name, Value: ['WP_129889710.1']
    Key: Ontology_term, Value: ['GO:0005524', 'GO:0016887']
    Key: Parent, Value: ['gene-EPA93_RS22780']
    Key: gbkey, Value: ['CDS']
    Key: go_function, Value: ['ATP binding|0005524||IEA', 'ATP hydrolysis activity|0016887||IEA']
    Key: inference, Value: ['COORDINATES: similar to AA sequence:RefSeq:WP_016291521.1']
    Key: locus_tag, Value: ['EPA93_RS22780']
    Key: phase, Value: ['0']
    Key: product, Value: ['ABC transporter ATP-binding protein']
    Key: protein_id, Value: ['WP_129889710.1']
    Key: source, Value: ['Protein Homology']
    Key: transl_table, Value: ['11']

GF(ABC transporter ATP-binding protein, 441-1224 (1))
type: CDS
location: [5220873:5221674](-)
id: cds-WP_129889711.1
qualifiers:
    Key: Dbxref, Value: ['GenBank:WP_129889711.1']
    Key: ID, Value: ['cds-WP_129889711.1']
    Key: Name, Value: ['WP_129889711.1']
    Key: Ontology_term, Value: ['GO:0003700']
    Key: Parent, Value: ['gene-EPA93_RS22785']
    Key: gbkey, Value: ['CDS']
    Key: go_function, Value: ['DNA-binding transcription factor activity|0003700||IEA']
    Key: inference, Value: ['COORDINATES: protein motif:HMM:NF012669.2']
    Key: locus_tag, Value: ['EPA93_RS22785']
    Key: phase, Value: ['0']
    Key: product, Value: ['DeoR/GlpR family DNA-binding transcription regulator']
    Key: protein_id, Value: ['WP_129889711.1']
    Key: source, Value: ['Protein Homology']
    Key: transl_table, Value: ['11']

GF(DeoR/GlpR family DNA-binding transcription regulator, 1234-2035 (-1))
type: CDS
location: [5221731:5222505](-)
id: cds-WP_129889712.1
qualifiers:
    Key: Dbxref, Value: ['GenBank:WP_129889712.1']
    Key: ID, Value: ['cds-WP_129889712.1']
    Key: Name, Value: ['WP_129889712.1']
    Key: Ontology_term, Value: ['GO:0004807']
    Key: Parent, Value: ['gene-EPA93_RS22790']
    Key: gbkey, Value: ['CDS']
    Key: go_function, Value: ['triose-phosphate isomerase activity|0004807||IEA']
    Key: inference, Value: ['COORDINATES: protein motif:HMM:NF000722.0']
    Key: locus_tag, Value: ['EPA93_RS22790']
    Key: phase, Value: ['0']
    Key: product, Value: ['triose-phosphate isomerase']
    Key: protein_id, Value: ['WP_129889712.1']
    Key: source, Value: ['Protein Homology']
    Key: transl_table, Value: ['11']

GF(triose-phosphate isomerase, 2092-2866 (-1))
type: CDS
location: [5222546:5223014](-)
id: cds-WP_129889713.1
qualifiers:
    Key: Dbxref, Value: ['GenBank:WP_129889713.1']
    Key: ID, Value: ['cds-WP_129889713.1']
    Key: Name, Value: ['WP_129889713.1']
    Key: Ontology_term, Value: ['GO:0009052', 'GO:0004751']
    Key: Parent, Value: ['gene-EPA93_RS22795']
    Key: gbkey, Value: ['CDS']
    Key: gene, Value: ['rpiB']
    Key: go_function, Value: ['ribose-5-phosphate isomerase activity|0004751||IEA']
    Key: go_process, Value: ['pentose-phosphate shunt, non-oxidative branch|0009052||IEA']
    Key: inference, Value: ['COORDINATES: protein motif:HMM:TIGR00689.1']
    Key: locus_tag, Value: ['EPA93_RS22795']
    Key: phase, Value: ['0']
    Key: product, Value: ['ribose 5-phosphate isomerase B']
    Key: protein_id, Value: ['WP_129889713.1']
    Key: source, Value: ['Protein Homology']
    Key: transl_table, Value: ['11']

GF(ribose 5-phosphate isomerase B, 2907-3375 (-1))
type: CDS
location: [5223638:5225327](-)
id: cds-WP_129889714.1
qualifiers:
    Key: Dbxref, Value: ['GenBank:WP_129889714.1']
    Key: ID, Value: ['cds-WP_129889714.1']
    Key: Name, Value: ['WP_129889714.1']
    Key: Parent, Value: ['gene-EPA93_RS22800']
    Key: gbkey, Value: ['CDS']
    Key: inference, Value: ['COORDINATES: protein motif:HMM:NF021162.2']
    Key: locus_tag, Value: ['EPA93_RS22800']
    Key: phase, Value: ['0']
    Key: product, Value: ['CRISPR-associated ring nuclease']
    Key: protein_id, Value: ['WP_129889714.1']
    Key: source, Value: ['Protein Homology']
    Key: transl_table, Value: ['11']

GF(CRISPR-associated ring nuclease, 3999-5688 (-1))
type: CDS
location: [5225396:5225768](-)
id: cds-WP_129889715.1
qualifiers:
    Key: Dbxref, Value: ['GenBank:WP_129889715.1']
    Key: ID, Value: ['cds-WP_129889715.1']
    Key: Name, Value: ['WP_129889715.1']
    Key: Parent, Value: ['gene-EPA93_RS22805']
    Key: gbkey, Value: ['CDS']
    Key: inference, Value: ['COORDINATES: ab initio prediction:GeneMarkS-2+']
    Key: locus_tag, Value: ['EPA93_RS22805']
    Key: phase, Value: ['0']
    Key: product, Value: ['hypothetical protein']
    Key: protein_id, Value: ['WP_129889715.1']
    Key: source, Value: ['GeneMarkS-2+']
    Key: transl_table, Value: ['11']

GF(None, 5757-6129 (-1))
type: CDS
location: [5225764:5226523](-)
id: cds-WP_129889716.1
qualifiers:
    Key: Dbxref, Value: ['GenBank:WP_129889716.1']
    Key: ID, Value: ['cds-WP_129889716.1']
    Key: Name, Value: ['WP_129889716.1']
    Key: Parent, Value: ['gene-EPA93_RS22810']
    Key: gbkey, Value: ['CDS']
    Key: inference, Value: ['COORDINATES: protein motif:HMM:NF015728.2']
    Key: locus_tag, Value: ['EPA93_RS22810']
    Key: phase, Value: ['0']
    Key: product, Value: ['RAMP superfamily CRISPR-associated protein']
    Key: protein_id, Value: ['WP_129889716.1']
    Key: source, Value: ['Protein Homology']
    Key: transl_table, Value: ['11']

GF(RAMP superfamily CRISPR-associated protein, 6125-6884 (-1))
type: CDS
location: [5226965:5227796](-)
id: cds-WP_207229629.1
qualifiers:
    Key: Dbxref, Value: ['GenBank:WP_207229629.1']
    Key: ID, Value: ['cds-WP_207229629.1']
    Key: Name, Value: ['WP_207229629.1']
    Key: Parent, Value: ['gene-EPA93_RS22815']
    Key: gbkey, Value: ['CDS']
    Key: gene, Value: ['iscB']
    Key: inference, Value: ['COORDINATES: protein motif:HMM:NF040563.1']
    Key: locus_tag, Value: ['EPA93_RS22815']
    Key: phase, Value: ['0']
    Key: product, Value: ['RNA-guided endonuclease IscB']
    Key: protein_id, Value: ['WP_207229629.1']
    Key: source, Value: ['Protein Homology']
    Key: transl_table, Value: ['11']

GF(RNA-guided endonuclease IscB, 7326-8157 (-1))
type: CDS
location: [5227991:5228690](-)
id: cds-WP_129889717.1
qualifiers:
    Key: Dbxref, Value: ['GenBank:WP_129889717.1']
    Key: ID, Value: ['cds-WP_129889717.1']
    Key: Name, Value: ['WP_129889717.1']
    Key: Parent, Value: ['gene-EPA93_RS22820']
    Key: gbkey, Value: ['CDS']
    Key: inference, Value: ['COORDINATES: ab initio prediction:GeneMarkS-2+']
    Key: locus_tag, Value: ['EPA93_RS22820']
    Key: phase, Value: ['0']
    Key: product, Value: ['hypothetical protein']
    Key: protein_id, Value: ['WP_129889717.1']
    Key: source, Value: ['GeneMarkS-2+']
    Key: transl_table, Value: ['11']

GF(None, 8352-9051 (-1))
type: CDS
location: [5228686:5229766](-)
id: cds-WP_129889718.1
qualifiers:
    Key: Dbxref, Value: ['GenBank:WP_129889718.1']
    Key: ID, Value: ['cds-WP_129889718.1']
    Key: Name, Value: ['WP_129889718.1']
    Key: Ontology_term, Value: ['GO:0043571', 'GO:0003674']
    Key: Parent, Value: ['gene-EPA93_RS22825']
    Key: gbkey, Value: ['CDS']
    Key: gene, Value: ['csx7']
    Key: go_function, Value: ['molecular_function|0003674||IEA']
    Key: go_process, Value: ['maintenance of CRISPR repeat elements|0043571||IEA']
    Key: inference, Value: ['COORDINATES: protein motif:HMM:NF015728.2']
    Key: locus_tag, Value: ['EPA93_RS22825']
    Key: phase, Value: ['0']
    Key: product, Value: ['CRISPR-associated RAMP protein Csx7']
    Key: protein_id, Value: ['WP_129889718.1']
    Key: source, Value: ['Protein Homology']
    Key: transl_table, Value: ['11']

GF(CRISPR-associated RAMP protein Csx7, 9047-10127 (-1))
type: CDS
location: [5229811:5230711](-)
id: cds-WP_129889719.1
qualifiers:
    Key: Dbxref, Value: ['GenBank:WP_129889719.1']
    Key: ID, Value: ['cds-WP_129889719.1']
    Key: Name, Value: ['WP_129889719.1']
    Key: Ontology_term, Value: ['GO:0043571', 'GO:0003674']
    Key: Parent, Value: ['gene-EPA93_RS22830']
    Key: gbkey, Value: ['CDS']
    Key: gene, Value: ['csx7']
    Key: go_function, Value: ['molecular_function|0003674||IEA']
    Key: go_process, Value: ['maintenance of CRISPR repeat elements|0043571||IEA']
    Key: inference, Value: ['COORDINATES: protein motif:HMM:TIGR02581.1']
    Key: locus_tag, Value: ['EPA93_RS22830']
    Key: phase, Value: ['0']
    Key: product, Value: ['CRISPR-associated RAMP protein Csx7']
    Key: protein_id, Value: ['WP_129889719.1']
    Key: source, Value: ['Protein Homology']
    Key: transl_table, Value: ['11']

GF(CRISPR-associated RAMP protein Csx7, 10172-11072 (-1))
type: CDS
location: [5230719:5231172](-)
id: cds-WP_129889720.1
qualifiers:
    Key: Dbxref, Value: ['GenBank:WP_129889720.1']
    Key: ID, Value: ['cds-WP_129889720.1']
    Key: Name, Value: ['WP_129889720.1']
    Key: Parent, Value: ['gene-EPA93_RS22835']
    Key: gbkey, Value: ['CDS']
    Key: inference, Value: ['COORDINATES: ab initio prediction:GeneMarkS-2+']
    Key: locus_tag, Value: ['EPA93_RS22835']
    Key: phase, Value: ['0']
    Key: product, Value: ['hypothetical protein']
    Key: protein_id, Value: ['WP_129889720.1']
    Key: source, Value: ['GeneMarkS-2+']
    Key: transl_table, Value: ['11']

GF(None, 11080-11533 (-1))
type: CDS
location: [5231179:5231641](-)
id: cds-WP_129889721.1
qualifiers:
    Key: Dbxref, Value: ['GenBank:WP_129889721.1']
    Key: ID, Value: ['cds-WP_129889721.1']
    Key: Name, Value: ['WP_129889721.1']
    Key: Parent, Value: ['gene-EPA93_RS22840']
    Key: gbkey, Value: ['CDS']
    Key: inference, Value: ['COORDINATES: ab initio prediction:GeneMarkS-2+']
    Key: locus_tag, Value: ['EPA93_RS22840']
    Key: phase, Value: ['0']
    Key: product, Value: ['hypothetical protein']
    Key: protein_id, Value: ['WP_129889721.1']
    Key: source, Value: ['GeneMarkS-2+']
    Key: transl_table, Value: ['11']

GF(None, 11540-12002 (-1))
type: CDS
location: [5231637:5233011](-)
id: cds-WP_129889722.1
qualifiers:
    Key: Dbxref, Value: ['GenBank:WP_129889722.1']
    Key: ID, Value: ['cds-WP_129889722.1']
    Key: Name, Value: ['WP_129889722.1']
    Key: Parent, Value: ['gene-EPA93_RS22845']
    Key: gbkey, Value: ['CDS']
    Key: inference, Value: ['COORDINATES: ab initio prediction:GeneMarkS-2+']
    Key: locus_tag, Value: ['EPA93_RS22845']
    Key: phase, Value: ['0']
    Key: product, Value: ['hypothetical protein']
    Key: protein_id, Value: ['WP_129889722.1']
    Key: source, Value: ['GeneMarkS-2+']
    Key: transl_table, Value: ['11']

GF(None, 11998-13372 (-1))
type: CDS
location: [5233007:5233796](-)
id: cds-WP_129889723.1
qualifiers:
    Key: Dbxref, Value: ['GenBank:WP_129889723.1']
    Key: ID, Value: ['cds-WP_129889723.1']
    Key: Name, Value: ['WP_129889723.1']
    Key: Parent, Value: ['gene-EPA93_RS22850']
    Key: gbkey, Value: ['CDS']
    Key: inference, Value: ['COORDINATES: protein motif:HMM:NF015728.2']
    Key: locus_tag, Value: ['EPA93_RS22850']
    Key: phase, Value: ['0']
    Key: product, Value: ['RAMP superfamily CRISPR-associated protein']
    Key: protein_id, Value: ['WP_129889723.1']
    Key: source, Value: ['Protein Homology']
    Key: transl_table, Value: ['11']

GF(RAMP superfamily CRISPR-associated protein, 13368-14157 (-1))
type: CDS
location: [5233782:5235606](-)
id: cds-WP_129889724.1
qualifiers:
    Key: Dbxref, Value: ['GenBank:WP_129889724.1']
    Key: ID, Value: ['cds-WP_129889724.1']
    Key: Name, Value: ['WP_129889724.1']
    Key: Parent, Value: ['gene-EPA93_RS22855']
    Key: gbkey, Value: ['CDS']
    Key: inference, Value: ['COORDINATES: ab initio prediction:GeneMarkS-2+']
    Key: locus_tag, Value: ['EPA93_RS22855']
    Key: phase, Value: ['0']
    Key: product, Value: ['hypothetical protein']
    Key: protein_id, Value: ['WP_129889724.1']
    Key: source, Value: ['GeneMarkS-2+']
    Key: transl_table, Value: ['11']

GF(None, 14143-15967 (-1))
type: CDS
location: [5236517:5236970](+)
id: cds-WP_129889725.1
qualifiers:
    Key: Dbxref, Value: ['GenBank:WP_129889725.1']
    Key: ID, Value: ['cds-WP_129889725.1']
    Key: Name, Value: ['WP_129889725.1']
    Key: Parent, Value: ['gene-EPA93_RS22860']
    Key: gbkey, Value: ['CDS']
    Key: inference, Value: ['COORDINATES: ab initio prediction:GeneMarkS-2+']
    Key: locus_tag, Value: ['EPA93_RS22860']
    Key: phase, Value: ['0']
    Key: product, Value: ['hypothetical protein']
    Key: protein_id, Value: ['WP_129889725.1']
    Key: source, Value: ['GeneMarkS-2+']
    Key: transl_table, Value: ['11']

GF(None, 16878-17331 (1))
type: CDS
location: [5237247:5238510](+)
id: cds-WP_129889726.1
qualifiers:
    Key: Dbxref, Value: ['GenBank:WP_129889726.1']
    Key: ID, Value: ['cds-WP_129889726.1']
    Key: Name, Value: ['WP_129889726.1']
    Key: Parent, Value: ['gene-EPA93_RS22865']
    Key: gbkey, Value: ['CDS']
    Key: inference, Value: ['COORDINATES: protein motif:HMM:NF024592.2']
    Key: locus_tag, Value: ['EPA93_RS22865']
    Key: phase, Value: ['0']
    Key: product, Value: ['DUF4010 domain-containing protein']
    Key: protein_id, Value: ['WP_129889726.1']
    Key: source, Value: ['Protein Homology']
    Key: transl_table, Value: ['11']

GF(DUF4010 domain-containing protein, 17608-18871 (1))
[GF(ABC transporter ATP-binding protein, 441-1224 (1)), GF(DeoR/GlpR family DNA-binding transcription regulator, 1234-2035 (-1)), GF(triose-phosphate isomerase, 2092-2866 (-1)), GF(ribose 5-phosphate isomerase B, 2907-3375 (-1)), GF(CRISPR-associated ring nuclease, 3999-5688 (-1)), GF(None, 5757-6129 (-1)), GF(RAMP superfamily CRISPR-associated protein, 6125-6884 (-1)), GF(RNA-guided endonuclease IscB, 7326-8157 (-1)), GF(None, 8352-9051 (-1)), GF(CRISPR-associated RAMP protein Csx7, 9047-10127 (-1)), GF(CRISPR-associated RAMP protein Csx7, 10172-11072 (-1)), GF(None, 11080-11533 (-1)), GF(None, 11540-12002 (-1)), GF(None, 11998-13372 (-1)), GF(RAMP superfamily CRISPR-associated protein, 13368-14157 (-1)), GF(None, 14143-15967 (-1)), GF(None, 16878-17331 (1)), GF(DUF4010 domain-containing protein, 17608-18871 (1)), GF(CRISPR-Cas locus, 4000-15967 (0))]
