Cas operons file:    Unnamed: 0         Contig  ...           locus_id           sample
0           4  NZ_CP091914.1  ...  GCF_022063185.1_4  GCF_022063185.1

[1 rows x 19 columns]
The chosen contig: NZ_CP091914.1
type: CDS
location: [58948:59338](-)
id: cds-WP_237996821.1
qualifiers:
    Key: Dbxref, Value: ['GenBank:WP_237996821.1']
    Key: ID, Value: ['cds-WP_237996821.1']
    Key: Name, Value: ['WP_237996821.1']
    Key: Parent, Value: ['gene-L6494_RS27365']
    Key: gbkey, Value: ['CDS']
    Key: inference, Value: ['COORDINATES: similar to AA sequence:RefSeq:WP_017655861.1']
    Key: locus_tag, Value: ['L6494_RS27365']
    Key: phase, Value: ['0']
    Key: product, Value: ['hypothetical protein']
    Key: protein_id, Value: ['WP_237996821.1']
    Key: source, Value: ['Protein Homology']
    Key: transl_table, Value: ['11']

GF(None, 1816-2206 (-1))
type: CDS
location: [61131:63270](-)
id: cds-WP_237996823.1
qualifiers:
    Key: Dbxref, Value: ['GenBank:WP_237996823.1']
    Key: ID, Value: ['cds-WP_237996823.1']
    Key: Name, Value: ['WP_237996823.1']
    Key: Parent, Value: ['gene-L6494_RS27370']
    Key: gbkey, Value: ['CDS']
    Key: inference, Value: ['COORDINATES: similar to AA sequence:RefSeq:WP_016953595.1']
    Key: locus_tag, Value: ['L6494_RS27370']
    Key: phase, Value: ['0']
    Key: product, Value: ['WYL domain-containing protein']
    Key: protein_id, Value: ['WP_237996823.1']
    Key: source, Value: ['Protein Homology']
    Key: transl_table, Value: ['11']

GF(WYL domain-containing protein, 3999-6138 (-1))
type: CDS
location: [63582:64701](-)
id: cds-WP_237996825.1
qualifiers:
    Key: Dbxref, Value: ['GenBank:WP_237996825.1']
    Key: ID, Value: ['cds-WP_237996825.1']
    Key: Name, Value: ['WP_237996825.1']
    Key: Parent, Value: ['gene-L6494_RS27375']
    Key: gbkey, Value: ['CDS']
    Key: inference, Value: ['COORDINATES: similar to AA sequence:RefSeq:WP_017804394.1']
    Key: locus_tag, Value: ['L6494_RS27375']
    Key: phase, Value: ['0']
    Key: product, Value: ['transposase']
    Key: protein_id, Value: ['WP_237996825.1']
    Key: source, Value: ['Protein Homology']
    Key: transl_table, Value: ['11']

GF(transposase, 6450-7569 (-1))
type: CDS
location: [65176:66853](-)
id: cds-WP_237996828.1
qualifiers:
    Key: Dbxref, Value: ['GenBank:WP_237996828.1']
    Key: ID, Value: ['cds-WP_237996828.1']
    Key: Name, Value: ['WP_237996828.1']
    Key: Parent, Value: ['gene-L6494_RS27380']
    Key: gbkey, Value: ['CDS']
    Key: inference, Value: ['COORDINATES: ab initio prediction:GeneMarkS-2+']
    Key: locus_tag, Value: ['L6494_RS27380']
    Key: phase, Value: ['0']
    Key: product, Value: ['hypothetical protein']
    Key: protein_id, Value: ['WP_237996828.1']
    Key: source, Value: ['GeneMarkS-2+']
    Key: transl_table, Value: ['11']

GF(None, 8044-9721 (-1))
type: CDS
location: [67112:68981](-)
id: cds-WP_237996830.1
qualifiers:
    Key: Dbxref, Value: ['GenBank:WP_237996830.1']
    Key: ID, Value: ['cds-WP_237996830.1']
    Key: Name, Value: ['WP_237996830.1']
    Key: Parent, Value: ['gene-L6494_RS27385']
    Key: gbkey, Value: ['CDS']
    Key: inference, Value: ['COORDINATES: protein motif:HMM:NF015728.4']
    Key: locus_tag, Value: ['L6494_RS27385']
    Key: phase, Value: ['0']
    Key: product, Value: ['RAMP superfamily CRISPR-associated protein']
    Key: protein_id, Value: ['WP_237996830.1']
    Key: source, Value: ['Protein Homology']
    Key: transl_table, Value: ['11']

GF(RAMP superfamily CRISPR-associated protein, 9980-11849 (-1))
type: CDS
location: [69312:69762](-)
id: cds-WP_237996832.1
qualifiers:
    Key: Dbxref, Value: ['GenBank:WP_237996832.1']
    Key: ID, Value: ['cds-WP_237996832.1']
    Key: Name, Value: ['WP_237996832.1']
    Key: Parent, Value: ['gene-L6494_RS27390']
    Key: gbkey, Value: ['CDS']
    Key: inference, Value: ['COORDINATES: similar to AA sequence:RefSeq:WP_018396720.1']
    Key: locus_tag, Value: ['L6494_RS27390']
    Key: phase, Value: ['0']
    Key: product, Value: ['hypothetical protein']
    Key: protein_id, Value: ['WP_237996832.1']
    Key: source, Value: ['Protein Homology']
    Key: transl_table, Value: ['11']

GF(None, 12180-12630 (-1))
type: CDS
location: [70146:71049](-)
id: cds-WP_237996834.1
qualifiers:
    Key: Dbxref, Value: ['GenBank:WP_237996834.1']
    Key: ID, Value: ['cds-WP_237996834.1']
    Key: Name, Value: ['WP_237996834.1']
    Key: Ontology_term, Value: ['GO:0043571', 'GO:0003674']
    Key: Parent, Value: ['gene-L6494_RS27395']
    Key: gbkey, Value: ['CDS']
    Key: gene, Value: ['cmr4']
    Key: go_function, Value: ['molecular_function|0003674||IEA']
    Key: go_process, Value: ['maintenance of CRISPR repeat elements|0043571||IEA']
    Key: inference, Value: ['COORDINATES: similar to AA sequence:RefSeq:WP_017743758.1']
    Key: locus_tag, Value: ['L6494_RS27395']
    Key: phase, Value: ['0']
    Key: product, Value: ['type III-B CRISPR module RAMP protein Cmr4']
    Key: protein_id, Value: ['WP_237996834.1']
    Key: source, Value: ['Protein Homology']
    Key: transl_table, Value: ['11']

GF(type III-B CRISPR module RAMP protein Cmr4, 13014-13917 (-1))
type: CDS
location: [71051:72245](-)
id: cds-WP_237996836.1
qualifiers:
    Key: Dbxref, Value: ['GenBank:WP_237996836.1']
    Key: ID, Value: ['cds-WP_237996836.1']
    Key: Name, Value: ['WP_237996836.1']
    Key: Parent, Value: ['gene-L6494_RS27400']
    Key: gbkey, Value: ['CDS']
    Key: inference, Value: ['COORDINATES: similar to AA sequence:RefSeq:WP_006618684.1']
    Key: locus_tag, Value: ['L6494_RS27400']
    Key: phase, Value: ['0']
    Key: product, Value: ['type III-B CRISPR module-associated protein Cmr3']
    Key: protein_id, Value: ['WP_237996836.1']
    Key: source, Value: ['Protein Homology']
    Key: transl_table, Value: ['11']

GF(type III-B CRISPR module-associated protein Cmr3, 13919-15113 (-1))
type: CDS
location: [72255:75447](-)
id: cds-WP_237996838.1
qualifiers:
    Key: Dbxref, Value: ['GenBank:WP_237996838.1']
    Key: ID, Value: ['cds-WP_237996838.1']
    Key: Name, Value: ['WP_237996838.1']
    Key: Ontology_term, Value: ['GO:0043571', 'GO:0003674']
    Key: Parent, Value: ['gene-L6494_RS27405']
    Key: gbkey, Value: ['CDS']
    Key: gene, Value: ['cas10']
    Key: go_function, Value: ['molecular_function|0003674||IEA']
    Key: go_process, Value: ['maintenance of CRISPR repeat elements|0043571||IEA']
    Key: inference, Value: ['COORDINATES: similar to AA sequence:RefSeq:WP_006618685.1']
    Key: locus_tag, Value: ['L6494_RS27405']
    Key: phase, Value: ['0']
    Key: product, Value: ['type III-B CRISPR-associated protein Cas10/Cmr2']
    Key: protein_id, Value: ['WP_237996838.1']
    Key: source, Value: ['Protein Homology']
    Key: transl_table, Value: ['11']

GF(type III-B CRISPR-associated protein Cas10/Cmr2, 15123-18315 (-1))
type: CDS
location: [75640:76138](-)
id: cds-WP_237996840.1
qualifiers:
    Key: Dbxref, Value: ['GenBank:WP_237996840.1']
    Key: ID, Value: ['cds-WP_237996840.1']
    Key: Name, Value: ['WP_237996840.1']
    Key: Parent, Value: ['gene-L6494_RS27410']
    Key: gbkey, Value: ['CDS']
    Key: inference, Value: ['COORDINATES: similar to AA sequence:RefSeq:WP_016948799.1']
    Key: locus_tag, Value: ['L6494_RS27410']
    Key: phase, Value: ['0']
    Key: product, Value: ['hypothetical protein']
    Key: protein_id, Value: ['WP_237996840.1']
    Key: source, Value: ['Protein Homology']
    Key: transl_table, Value: ['11']

GF(None, 18508-19006 (-1))
type: CDS
location: [76548:77196](+)
id: cds-WP_237996842.1
qualifiers:
    Key: Dbxref, Value: ['GenBank:WP_237996842.1']
    Key: ID, Value: ['cds-WP_237996842.1']
    Key: Name, Value: ['WP_237996842.1']
    Key: Ontology_term, Value: ['GO:0006310', 'GO:0015074', 'GO:0003677']
    Key: Parent, Value: ['gene-L6494_RS27415']
    Key: gbkey, Value: ['CDS']
    Key: go_function, Value: ['DNA binding|0003677||IEA']
    Key: go_process, Value: ['DNA recombination|0006310||IEA', 'DNA integration|0015074||IEA']
    Key: inference, Value: ['COORDINATES: similar to AA sequence:RefSeq:WP_009630625.1']
    Key: locus_tag, Value: ['L6494_RS27415']
    Key: phase, Value: ['0']
    Key: product, Value: ['tyrosine-type recombinase/integrase']
    Key: protein_id, Value: ['WP_237996842.1']
    Key: source, Value: ['Protein Homology']
    Key: transl_table, Value: ['11']

GF(tyrosine-type recombinase/integrase, 19416-20064 (1))
type: repeat_region
location: [59592:60842](+)
id: NZ_CP091914.1_10
qualifiers:
    Key: Dbxref, Value: ['SO:0001459']
    Key: ID, Value: ['NZ_CP091914.1_10']
    Key: Note, Value: ['GTTTCCATTAATTCAACTTCCGAAGAAGTTTAAAG']
    Key: Ontology_term, Value: ['CRISPR']
    Key: score, Value: ['1250']
    Key: source, Value: ['CCTyper']

GF(Repeat region, 2460-3710 (0))
graphic feature from cctyper protein table: GF(WYL, 4000-6138 (-1))
graphic feature from cctyper protein table: GF(Csx1, 8045-9721 (-1))
graphic feature from cctyper protein table: GF(Cmr6gr7, 9981-11849 (-1))
graphic feature from cctyper protein table: GF(Cmr5gr11, 12181-12630 (-1))
graphic feature from cctyper protein table: GF(Cmr4, 13015-13917 (-1))
graphic feature from cctyper protein table: GF(Cmr3gr5, 13920-15113 (-1))
graphic feature from cctyper protein table: GF(Cas10, 15124-18315 (-1))
Index(['protein_id', 'start', 'end', 'effector', 'locus', 'sample', 'strand',
       'sequence', 'type'],
      dtype='object')
graphic feature from known effectors: GF(csx1, 8045-9721 (-1))
Index(['protein_id', 'start', 'end', 'effector', 'locus', 'sample', 'strand',
       'sequence'],
      dtype='object')
[GF(None, 1816-2206 (-1)), GF(WYL domain-containing protein, 3999-6138 (-1)), GF(transposase, 6450-7569 (-1)), GF(None, 8044-9721 (-1)), GF(RAMP superfamily CRISPR-associated protein, 9980-11849 (-1)), GF(None, 12180-12630 (-1)), GF(type III-B CRISPR module RAMP protein Cmr4, 13014-13917 (-1)), GF(type III-B CRISPR module-associated protein Cmr3, 13919-15113 (-1)), GF(type III-B CRISPR-associated protein Cas10/Cmr2, 15123-18315 (-1)), GF(None, 18508-19006 (-1)), GF(tyrosine-type recombinase/integrase, 19416-20064 (1)), GF(Repeat region, 2460-3710 (0)), GF(WYL, 4000-6138 (-1)), GF(Csx1, 8045-9721 (-1)), GF(Cmr6gr7, 9981-11849 (-1)), GF(Cmr5gr11, 12181-12630 (-1)), GF(Cmr4, 13015-13917 (-1)), GF(Cmr3gr5, 13920-15113 (-1)), GF(Cas10, 15124-18315 (-1)), GF(csx1, 8045-9721 (-1)), GF(CRISPR-Cas locus, 4000-18315 (0))]
