Cas operons file:    Unnamed: 0         Contig  ...           locus_id           sample
0           3  NZ_CP084098.1  ...  GCF_036345015.1_3  GCF_036345015.1

[1 rows x 19 columns]
The chosen contig: NZ_CP084098.1
type: CDS
location: [4023235:4023487](+)
id: cds-WP_330203582.1
qualifiers:
    Key: Dbxref, Value: ['GenBank:WP_330203582.1']
    Key: ID, Value: ['cds-WP_330203582.1']
    Key: Name, Value: ['WP_330203582.1']
    Key: Parent, Value: ['gene-Dongsha4_RS17595']
    Key: gbkey, Value: ['CDS']
    Key: inference, Value: ['COORDINATES: protein motif:HMM:NF017691.4']
    Key: locus_tag, Value: ['Dongsha4_RS17595']
    Key: phase, Value: ['0']
    Key: product, Value: ['excalibur calcium-binding domain-containing protein']
    Key: protein_id, Value: ['WP_330203582.1']
    Key: source, Value: ['Protein Homology']
    Key: transl_table, Value: ['11']

GF(excalibur calcium-binding domain-containing protein, 360-612 (1))
type: CDS
location: [4023512:4023734](-)
id: cds-WP_330203583.1
qualifiers:
    Key: Dbxref, Value: ['GenBank:WP_330203583.1']
    Key: ID, Value: ['cds-WP_330203583.1']
    Key: Name, Value: ['WP_330203583.1']
    Key: Parent, Value: ['gene-Dongsha4_RS17600']
    Key: gbkey, Value: ['CDS']
    Key: inference, Value: ['COORDINATES: similar to AA sequence:RefSeq:WP_017295822.1']
    Key: locus_tag, Value: ['Dongsha4_RS17600']
    Key: phase, Value: ['0']
    Key: product, Value: ['hypothetical protein']
    Key: protein_id, Value: ['WP_330203583.1']
    Key: source, Value: ['Protein Homology']
    Key: transl_table, Value: ['11']

GF(None, 637-859 (-1))
type: CDS
location: [4023799:4024288](-)
id: cds-WP_330203584.1
qualifiers:
    Key: Dbxref, Value: ['GenBank:WP_330203584.1']
    Key: ID, Value: ['cds-WP_330203584.1']
    Key: Name, Value: ['WP_330203584.1']
    Key: Parent, Value: ['gene-Dongsha4_RS17605']
    Key: gbkey, Value: ['CDS']
    Key: inference, Value: ['COORDINATES: ab initio prediction:GeneMarkS-2+']
    Key: locus_tag, Value: ['Dongsha4_RS17605']
    Key: phase, Value: ['0']
    Key: product, Value: ['hypothetical protein']
    Key: protein_id, Value: ['WP_330203584.1']
    Key: source, Value: ['GeneMarkS-2+']
    Key: transl_table, Value: ['11']

GF(None, 924-1413 (-1))
type: CDS
location: [4024325:4025909](-)
id: cds-WP_330203585.1
qualifiers:
    Key: Dbxref, Value: ['GenBank:WP_330203585.1']
    Key: ID, Value: ['cds-WP_330203585.1']
    Key: Name, Value: ['WP_330203585.1']
    Key: Parent, Value: ['gene-Dongsha4_RS17610']
    Key: gbkey, Value: ['CDS']
    Key: inference, Value: ['COORDINATES: ab initio prediction:GeneMarkS-2+']
    Key: locus_tag, Value: ['Dongsha4_RS17610']
    Key: phase, Value: ['0']
    Key: product, Value: ['hypothetical protein']
    Key: protein_id, Value: ['WP_330203585.1']
    Key: source, Value: ['GeneMarkS-2+']
    Key: transl_table, Value: ['11']

GF(None, 1450-3034 (-1))
type: CDS
location: [4026278:4026809](+)
id: cds-WP_330203586.1
qualifiers:
    Key: Dbxref, Value: ['GenBank:WP_330203586.1']
    Key: ID, Value: ['cds-WP_330203586.1']
    Key: Name, Value: ['WP_330203586.1']
    Key: Parent, Value: ['gene-Dongsha4_RS17615']
    Key: gbkey, Value: ['CDS']
    Key: inference, Value: ['COORDINATES: similar to AA sequence:RefSeq:WP_015221258.1']
    Key: locus_tag, Value: ['Dongsha4_RS17615']
    Key: phase, Value: ['0']
    Key: product, Value: ['hypothetical protein']
    Key: protein_id, Value: ['WP_330203586.1']
    Key: source, Value: ['Protein Homology']
    Key: transl_table, Value: ['11']

GF(None, 3403-3934 (1))
type: CDS
location: [4026874:4029022](-)
id: cds-WP_330203587.1
qualifiers:
    Key: Dbxref, Value: ['GenBank:WP_330203587.1']
    Key: ID, Value: ['cds-WP_330203587.1']
    Key: Name, Value: ['WP_330203587.1']
    Key: Parent, Value: ['gene-Dongsha4_RS17620']
    Key: gbkey, Value: ['CDS']
    Key: inference, Value: ['COORDINATES: similar to AA sequence:RefSeq:WP_015221259.1']
    Key: locus_tag, Value: ['Dongsha4_RS17620']
    Key: phase, Value: ['0']
    Key: product, Value: ['AAA family ATPase']
    Key: protein_id, Value: ['WP_330203587.1']
    Key: source, Value: ['Protein Homology']
    Key: transl_table, Value: ['11']

GF(AAA family ATPase, 3999-6147 (-1))
type: CDS
location: [4029018:4030257](-)
id: cds-WP_330203588.1
qualifiers:
    Key: Dbxref, Value: ['GenBank:WP_330203588.1']
    Key: ID, Value: ['cds-WP_330203588.1']
    Key: Name, Value: ['WP_330203588.1']
    Key: Parent, Value: ['gene-Dongsha4_RS17625']
    Key: gbkey, Value: ['CDS']
    Key: inference, Value: ['COORDINATES: protein motif:HMM:NF021196.4']
    Key: locus_tag, Value: ['Dongsha4_RS17625']
    Key: phase, Value: ['0']
    Key: product, Value: ['hypothetical protein']
    Key: protein_id, Value: ['WP_330203588.1']
    Key: source, Value: ['Protein Homology']
    Key: transl_table, Value: ['11']

GF(None, 6143-7382 (-1))
type: CDS
location: [4030283:4031921](-)
id: cds-WP_330203589.1
qualifiers:
    Key: Dbxref, Value: ['GenBank:WP_330203589.1']
    Key: ID, Value: ['cds-WP_330203589.1']
    Key: Name, Value: ['WP_330203589.1']
    Key: Parent, Value: ['gene-Dongsha4_RS17630']
    Key: gbkey, Value: ['CDS']
    Key: inference, Value: ['COORDINATES: similar to AA sequence:RefSeq:WP_013334239.1']
    Key: locus_tag, Value: ['Dongsha4_RS17630']
    Key: phase, Value: ['0']
    Key: product, Value: ['hypothetical protein']
    Key: protein_id, Value: ['WP_330203589.1']
    Key: source, Value: ['Protein Homology']
    Key: transl_table, Value: ['11']

GF(None, 7408-9046 (-1))
type: CDS
location: [4031973:4032366](-)
id: cds-WP_330203590.1
qualifiers:
    Key: Dbxref, Value: ['GenBank:WP_330203590.1']
    Key: ID, Value: ['cds-WP_330203590.1']
    Key: Name, Value: ['WP_330203590.1']
    Key: Parent, Value: ['gene-Dongsha4_RS17635']
    Key: gbkey, Value: ['CDS']
    Key: inference, Value: ['COORDINATES: similar to AA sequence:RefSeq:WP_015222372.1']
    Key: locus_tag, Value: ['Dongsha4_RS17635']
    Key: phase, Value: ['0']
    Key: product, Value: ['hypothetical protein']
    Key: protein_id, Value: ['WP_330203590.1']
    Key: source, Value: ['Protein Homology']
    Key: transl_table, Value: ['11']

GF(None, 9098-9491 (-1))
type: CDS
location: [4032464:4033271](-)
id: cds-WP_330203591.1
qualifiers:
    Key: Dbxref, Value: ['GenBank:WP_330203591.1']
    Key: ID, Value: ['cds-WP_330203591.1']
    Key: Name, Value: ['WP_330203591.1']
    Key: Parent, Value: ['gene-Dongsha4_RS17640']
    Key: gbkey, Value: ['CDS']
    Key: inference, Value: ['COORDINATES: similar to AA sequence:RefSeq:WP_015222371.1']
    Key: locus_tag, Value: ['Dongsha4_RS17640']
    Key: phase, Value: ['0']
    Key: product, Value: ['RAMP superfamily CRISPR-associated protein']
    Key: protein_id, Value: ['WP_330203591.1']
    Key: source, Value: ['Protein Homology']
    Key: transl_table, Value: ['11']

GF(RAMP superfamily CRISPR-associated protein, 9589-10396 (-1))
type: CDS
location: [4033273:4034254](-)
id: cds-WP_330203592.1
qualifiers:
    Key: Dbxref, Value: ['GenBank:WP_330203592.1']
    Key: ID, Value: ['cds-WP_330203592.1']
    Key: Name, Value: ['WP_330203592.1']
    Key: Parent, Value: ['gene-Dongsha4_RS17645']
    Key: gbkey, Value: ['CDS']
    Key: inference, Value: ['COORDINATES: similar to AA sequence:RefSeq:WP_015222370.1']
    Key: locus_tag, Value: ['Dongsha4_RS17645']
    Key: phase, Value: ['0']
    Key: product, Value: ['type III-B CRISPR module-associated Cmr3 family protein']
    Key: protein_id, Value: ['WP_330203592.1']
    Key: source, Value: ['Protein Homology']
    Key: transl_table, Value: ['11']

GF(type III-B CRISPR module-associated Cmr3 family protein, 10398-11379 (-1))
type: CDS
location: [4034333:4035881](-)
id: cds-WP_330203593.1
qualifiers:
    Key: Dbxref, Value: ['GenBank:WP_330203593.1']
    Key: ID, Value: ['cds-WP_330203593.1']
    Key: Name, Value: ['WP_330203593.1']
    Key: Parent, Value: ['gene-Dongsha4_RS17650']
    Key: gbkey, Value: ['CDS']
    Key: inference, Value: ['COORDINATES: similar to AA sequence:RefSeq:WP_015222369.1']
    Key: locus_tag, Value: ['Dongsha4_RS17650']
    Key: phase, Value: ['0']
    Key: product, Value: ['type III-B CRISPR-associated protein Cas10/Cmr2']
    Key: protein_id, Value: ['WP_330203593.1']
    Key: source, Value: ['Protein Homology']
    Key: transl_table, Value: ['11']

GF(type III-B CRISPR-associated protein Cas10/Cmr2, 11458-13006 (-1))
type: CDS
location: [4036149:4036449](+)
id: cds-WP_330203594.1
qualifiers:
    Key: Dbxref, Value: ['GenBank:WP_330203594.1']
    Key: ID, Value: ['cds-WP_330203594.1']
    Key: Name, Value: ['WP_330203594.1']
    Key: Parent, Value: ['gene-Dongsha4_RS17655']
    Key: gbkey, Value: ['CDS']
    Key: gene, Value: ['csx18']
    Key: inference, Value: ['COORDINATES: protein motif:HMM:NF040558.1']
    Key: locus_tag, Value: ['Dongsha4_RS17655']
    Key: phase, Value: ['0']
    Key: product, Value: ['CRISPR-associated protein Csx18']
    Key: protein_id, Value: ['WP_330203594.1']
    Key: source, Value: ['Protein Homology']
    Key: transl_table, Value: ['11']

GF(CRISPR-associated protein Csx18, 13274-13574 (1))
type: CDS
location: [4036445:4037438](+)
id: cds-WP_330203595.1
qualifiers:
    Key: Dbxref, Value: ['GenBank:WP_330203595.1']
    Key: ID, Value: ['cds-WP_330203595.1']
    Key: Name, Value: ['WP_330203595.1']
    Key: Ontology_term, Value: ['GO:0043571', 'GO:0004520', 'GO:0046872']
    Key: Parent, Value: ['gene-Dongsha4_RS17660']
    Key: gbkey, Value: ['CDS']
    Key: gene, Value: ['cas1']
    Key: go_function, Value: ['DNA endonuclease activity|0004520||IEA', 'metal ion binding|0046872||IEA']
    Key: go_process, Value: ['maintenance of CRISPR repeat elements|0043571||IEA']
    Key: inference, Value: ['COORDINATES: similar to AA sequence:RefSeq:WP_002751421.1']
    Key: locus_tag, Value: ['Dongsha4_RS17660']
    Key: phase, Value: ['0']
    Key: product, Value: ['CRISPR-associated endonuclease Cas1']
    Key: protein_id, Value: ['WP_330203595.1']
    Key: source, Value: ['Protein Homology']
    Key: transl_table, Value: ['11']

GF(CRISPR-associated endonuclease Cas1, 13570-14563 (1))
type: CDS
location: [4037437:4037719](+)
id: cds-WP_330203596.1
qualifiers:
    Key: Dbxref, Value: ['GenBank:WP_330203596.1']
    Key: ID, Value: ['cds-WP_330203596.1']
    Key: Name, Value: ['WP_330203596.1']
    Key: Ontology_term, Value: ['GO:0043571', 'GO:0004521']
    Key: Parent, Value: ['gene-Dongsha4_RS17665']
    Key: gbkey, Value: ['CDS']
    Key: gene, Value: ['cas2']
    Key: go_function, Value: ['RNA endonuclease activity|0004521||IEA']
    Key: go_process, Value: ['maintenance of CRISPR repeat elements|0043571||IEA']
    Key: inference, Value: ['COORDINATES: similar to AA sequence:RefSeq:WP_002741946.1']
    Key: locus_tag, Value: ['Dongsha4_RS17665']
    Key: phase, Value: ['0']
    Key: product, Value: ['CRISPR-associated endonuclease Cas2']
    Key: protein_id, Value: ['WP_330203596.1']
    Key: source, Value: ['Protein Homology']
    Key: transl_table, Value: ['11']

GF(CRISPR-associated endonuclease Cas2, 14562-14844 (1))
type: CDS
location: [4039954:4040491](+)
id: cds-WP_330203597.1
qualifiers:
    Key: Dbxref, Value: ['GenBank:WP_330203597.1']
    Key: ID, Value: ['cds-WP_330203597.1']
    Key: Name, Value: ['WP_330203597.1']
    Key: Parent, Value: ['gene-Dongsha4_RS17670']
    Key: gbkey, Value: ['CDS']
    Key: inference, Value: ['COORDINATES: ab initio prediction:GeneMarkS-2+']
    Key: locus_tag, Value: ['Dongsha4_RS17670']
    Key: phase, Value: ['0']
    Key: product, Value: ['hypothetical protein']
    Key: protein_id, Value: ['WP_330203597.1']
    Key: source, Value: ['GeneMarkS-2+']
    Key: transl_table, Value: ['11']

GF(None, 17079-17616 (1))
type: CDS
location: [4040534:4041692](+)
id: cds-WP_330203598.1
qualifiers:
    Key: Dbxref, Value: ['GenBank:WP_330203598.1']
    Key: ID, Value: ['cds-WP_330203598.1']
    Key: Name, Value: ['WP_330203598.1']
    Key: Ontology_term, Value: ['GO:0009294']
    Key: Parent, Value: ['gene-Dongsha4_RS17675']
    Key: gbkey, Value: ['CDS']
    Key: gene, Value: ['dprA']
    Key: go_process, Value: ['DNA-mediated transformation|0009294||IEA']
    Key: inference, Value: ['COORDINATES: protein motif:HMM:TIGR00732.1']
    Key: locus_tag, Value: ['Dongsha4_RS17675']
    Key: phase, Value: ['0']
    Key: product, Value: ['DNA-processing protein DprA']
    Key: protein_id, Value: ['WP_330203598.1']
    Key: source, Value: ['Protein Homology']
    Key: transl_table, Value: ['11']

GF(DNA-processing protein DprA, 17659-18817 (1))
type: repeat_region
location: [4037900:4039707](+)
id: NZ_CP084098.1_3
qualifiers:
    Key: Dbxref, Value: ['SO:0001459']
    Key: ID, Value: ['NZ_CP084098.1_3']
    Key: Note, Value: ['ATCGCTATCTTTTTAGGTAGTGGAATTAATGGAAAC']
    Key: Ontology_term, Value: ['CRISPR']
    Key: score, Value: ['1807']
    Key: source, Value: ['CCTyper']

GF(Repeat region, 15025-16832 (0))
[GF(excalibur calcium-binding domain-containing protein, 360-612 (1)), GF(None, 637-859 (-1)), GF(None, 924-1413 (-1)), GF(None, 1450-3034 (-1)), GF(None, 3403-3934 (1)), GF(AAA family ATPase, 3999-6147 (-1)), GF(None, 6143-7382 (-1)), GF(None, 7408-9046 (-1)), GF(None, 9098-9491 (-1)), GF(RAMP superfamily CRISPR-associated protein, 9589-10396 (-1)), GF(type III-B CRISPR module-associated Cmr3 family protein, 10398-11379 (-1)), GF(type III-B CRISPR-associated protein Cas10/Cmr2, 11458-13006 (-1)), GF(CRISPR-associated protein Csx18, 13274-13574 (1)), GF(CRISPR-associated endonuclease Cas1, 13570-14563 (1)), GF(CRISPR-associated endonuclease Cas2, 14562-14844 (1)), GF(None, 17079-17616 (1)), GF(DNA-processing protein DprA, 17659-18817 (1)), GF(Repeat region, 15025-16832 (0)), GF(CRISPR-Cas locus, 4000-14844 (0))]
