Cas operons file:    Unnamed: 0         Contig  ...           locus_id           sample
0           0  NZ_CP027860.1  ...  GCF_003015185.1_0  GCF_003015185.1

[1 rows x 19 columns]
The chosen contig: NZ_CP027860.1
type: CDS
location: [3595718:3597086](-)
id: cds-WP_146151924.1
qualifiers:
    Key: Dbxref, Value: ['GenBank:WP_146151924.1']
    Key: ID, Value: ['cds-WP_146151924.1']
    Key: Name, Value: ['WP_146151924.1']
    Key: Parent, Value: ['gene-C7S18_RS13940']
    Key: gbkey, Value: ['CDS']
    Key: inference, Value: ['COORDINATES: protein motif:HMM:NF024685.4']
    Key: locus_tag, Value: ['C7S18_RS13940']
    Key: phase, Value: ['0']
    Key: product, Value: ['toll/interleukin-1 receptor domain-containing protein']
    Key: protein_id, Value: ['WP_146151924.1']
    Key: source, Value: ['Protein Homology']
    Key: transl_table, Value: ['11']

GF(toll/interleukin-1 receptor domain-containing protein, 61-1429 (-1))
type: CDS
location: [3599656:3600820](-)
id: cds-WP_106892144.1
qualifiers:
    Key: Dbxref, Value: ['GenBank:WP_106892144.1']
    Key: ID, Value: ['cds-WP_106892144.1']
    Key: Name, Value: ['WP_106892144.1']
    Key: Ontology_term, Value: ['GO:0043571', 'GO:0003674']
    Key: Parent, Value: ['gene-C7S18_RS13945']
    Key: gbkey, Value: ['CDS']
    Key: gene, Value: ['csm6']
    Key: go_function, Value: ['molecular_function|0003674||IEA']
    Key: go_process, Value: ['maintenance of CRISPR repeat elements|0043571||IEA']
    Key: inference, Value: ['COORDINATES: protein motif:HMM:TIGR02584.1']
    Key: locus_tag, Value: ['C7S18_RS13945']
    Key: phase, Value: ['0']
    Key: product, Value: ['CRISPR-associated ring nuclease Csm6']
    Key: protein_id, Value: ['WP_106892144.1']
    Key: source, Value: ['Protein Homology']
    Key: transl_table, Value: ['11']

GF(CRISPR-associated ring nuclease Csm6, 3999-5163 (-1))
type: CDS
location: [3601468:3602578](+)
id: cds-WP_106892145.1
qualifiers:
    Key: Dbxref, Value: ['GenBank:WP_106892145.1']
    Key: ID, Value: ['cds-WP_106892145.1']
    Key: Name, Value: ['WP_106892145.1']
    Key: Parent, Value: ['gene-C7S18_RS13950']
    Key: gbkey, Value: ['CDS']
    Key: inference, Value: ['COORDINATES: protein motif:HMM:NF037207.4']
    Key: locus_tag, Value: ['C7S18_RS13950']
    Key: phase, Value: ['0']
    Key: product, Value: ['SLATT domain-containing protein']
    Key: protein_id, Value: ['WP_106892145.1']
    Key: source, Value: ['Protein Homology']
    Key: transl_table, Value: ['11']

GF(SLATT domain-containing protein, 5811-6921 (1))
type: CDS
location: [3602617:3604276](+)
id: cds-WP_106892146.1
qualifiers:
    Key: Dbxref, Value: ['GenBank:WP_106892146.1']
    Key: ID, Value: ['cds-WP_106892146.1']
    Key: Name, Value: ['WP_106892146.1']
    Key: Ontology_term, Value: ['GO:0043571', 'GO:0003674']
    Key: Parent, Value: ['gene-C7S18_RS13955']
    Key: gbkey, Value: ['CDS']
    Key: gene, Value: ['cmr1']
    Key: go_function, Value: ['molecular_function|0003674||IEA']
    Key: go_process, Value: ['maintenance of CRISPR repeat elements|0043571||IEA']
    Key: inference, Value: ['COORDINATES: protein motif:HMM:NF015728.4']
    Key: locus_tag, Value: ['C7S18_RS13955']
    Key: phase, Value: ['0']
    Key: product, Value: ['type III-B CRISPR module RAMP protein Cmr1']
    Key: protein_id, Value: ['WP_106892146.1']
    Key: source, Value: ['Protein Homology']
    Key: transl_table, Value: ['11']

GF(type III-B CRISPR module RAMP protein Cmr1, 6960-8619 (1))
type: CDS
location: [3604272:3606237](+)
id: cds-WP_106892147.1
qualifiers:
    Key: Dbxref, Value: ['GenBank:WP_106892147.1']
    Key: ID, Value: ['cds-WP_106892147.1']
    Key: Name, Value: ['WP_106892147.1']
    Key: Ontology_term, Value: ['GO:0043571', 'GO:0003674']
    Key: Parent, Value: ['gene-C7S18_RS13960']
    Key: gbkey, Value: ['CDS']
    Key: gene, Value: ['cas10']
    Key: go_function, Value: ['molecular_function|0003674||IEA']
    Key: go_process, Value: ['maintenance of CRISPR repeat elements|0043571||IEA']
    Key: inference, Value: ['COORDINATES: protein motif:HMM:TIGR02577.1']
    Key: locus_tag, Value: ['C7S18_RS13960']
    Key: phase, Value: ['0']
    Key: product, Value: ['type III-B CRISPR-associated protein Cas10/Cmr2']
    Key: protein_id, Value: ['WP_106892147.1']
    Key: source, Value: ['Protein Homology']
    Key: transl_table, Value: ['11']

GF(type III-B CRISPR-associated protein Cas10/Cmr2, 8615-10580 (1))
type: CDS
location: [3606238:3607393](+)
id: cds-WP_106892148.1
qualifiers:
    Key: Dbxref, Value: ['GenBank:WP_106892148.1']
    Key: ID, Value: ['cds-WP_106892148.1']
    Key: Name, Value: ['WP_106892148.1']
    Key: Parent, Value: ['gene-C7S18_RS13965']
    Key: gbkey, Value: ['CDS']
    Key: inference, Value: ['COORDINATES: protein motif:HMM:NF021236.4']
    Key: locus_tag, Value: ['C7S18_RS13965']
    Key: phase, Value: ['0']
    Key: product, Value: ['type III-B CRISPR module-associated Cmr3 family protein']
    Key: protein_id, Value: ['WP_106892148.1']
    Key: source, Value: ['Protein Homology']
    Key: transl_table, Value: ['11']

GF(type III-B CRISPR module-associated Cmr3 family protein, 10581-11736 (1))
type: CDS
location: [3607389:3608295](+)
id: cds-WP_106892149.1
qualifiers:
    Key: Dbxref, Value: ['GenBank:WP_106892149.1']
    Key: ID, Value: ['cds-WP_106892149.1']
    Key: Name, Value: ['WP_106892149.1']
    Key: Ontology_term, Value: ['GO:0043571', 'GO:0003674']
    Key: Parent, Value: ['gene-C7S18_RS13970']
    Key: gbkey, Value: ['CDS']
    Key: gene, Value: ['cmr4']
    Key: go_function, Value: ['molecular_function|0003674||IEA']
    Key: go_process, Value: ['maintenance of CRISPR repeat elements|0043571||IEA']
    Key: inference, Value: ['COORDINATES: protein motif:HMM:TIGR02580.1']
    Key: locus_tag, Value: ['C7S18_RS13970']
    Key: phase, Value: ['0']
    Key: product, Value: ['type III-B CRISPR module RAMP protein Cmr4']
    Key: protein_id, Value: ['WP_106892149.1']
    Key: source, Value: ['Protein Homology']
    Key: transl_table, Value: ['11']

GF(type III-B CRISPR module RAMP protein Cmr4, 11732-12638 (1))
type: CDS
location: [3608309:3608750](+)
id: cds-WP_106892150.1
qualifiers:
    Key: Dbxref, Value: ['GenBank:WP_106892150.1']
    Key: ID, Value: ['cds-WP_106892150.1']
    Key: Name, Value: ['WP_106892150.1']
    Key: Ontology_term, Value: ['GO:0043571', 'GO:0003674']
    Key: Parent, Value: ['gene-C7S18_RS13975']
    Key: gbkey, Value: ['CDS']
    Key: gene, Value: ['cmr5']
    Key: go_function, Value: ['molecular_function|0003674||IEA']
    Key: go_process, Value: ['maintenance of CRISPR repeat elements|0043571||IEA']
    Key: inference, Value: ['COORDINATES: protein motif:HMM:TIGR01881.1']
    Key: locus_tag, Value: ['C7S18_RS13975']
    Key: phase, Value: ['0']
    Key: product, Value: ['type III-B CRISPR module-associated protein Cmr5']
    Key: protein_id, Value: ['WP_106892150.1']
    Key: source, Value: ['Protein Homology']
    Key: transl_table, Value: ['11']

GF(type III-B CRISPR module-associated protein Cmr5, 12652-13093 (1))
type: CDS
location: [3608742:3609612](+)
id: cds-WP_106892151.1
qualifiers:
    Key: Dbxref, Value: ['GenBank:WP_106892151.1']
    Key: ID, Value: ['cds-WP_106892151.1']
    Key: Name, Value: ['WP_106892151.1']
    Key: Ontology_term, Value: ['GO:0043571', 'GO:0003674']
    Key: Parent, Value: ['gene-C7S18_RS13980']
    Key: gbkey, Value: ['CDS']
    Key: gene, Value: ['cmr6']
    Key: go_function, Value: ['molecular_function|0003674||IEA']
    Key: go_process, Value: ['maintenance of CRISPR repeat elements|0043571||IEA']
    Key: inference, Value: ['COORDINATES: protein motif:HMM:TIGR01898.1']
    Key: locus_tag, Value: ['C7S18_RS13980']
    Key: phase, Value: ['0']
    Key: product, Value: ['type III-B CRISPR module RAMP protein Cmr6']
    Key: protein_id, Value: ['WP_106892151.1']
    Key: source, Value: ['Protein Homology']
    Key: transl_table, Value: ['11']

GF(type III-B CRISPR module RAMP protein Cmr6, 13085-13955 (1))
type: CDS
location: [3609598:3612553](+)
id: cds-WP_146151925.1
qualifiers:
    Key: Dbxref, Value: ['GenBank:WP_146151925.1']
    Key: ID, Value: ['cds-WP_146151925.1']
    Key: Name, Value: ['WP_146151925.1']
    Key: Ontology_term, Value: ['GO:0043571', 'GO:0004520', 'GO:0046872']
    Key: Parent, Value: ['gene-C7S18_RS13985']
    Key: gbkey, Value: ['CDS']
    Key: gene, Value: ['cas1']
    Key: go_function, Value: ['DNA endonuclease activity|0004520||IEA', 'metal ion binding|0046872||IEA']
    Key: go_process, Value: ['maintenance of CRISPR repeat elements|0043571||IEA']
    Key: inference, Value: ['COORDINATES: protein motif:HMM:TIGR00287.1']
    Key: locus_tag, Value: ['C7S18_RS13985']
    Key: phase, Value: ['0']
    Key: product, Value: ['CRISPR-associated endonuclease Cas1']
    Key: protein_id, Value: ['WP_146151925.1']
    Key: source, Value: ['Protein Homology']
    Key: transl_table, Value: ['11']

GF(CRISPR-associated endonuclease Cas1, 13941-16896 (1))
type: CDS
location: [3612549:3612837](+)
id: cds-WP_106892153.1
qualifiers:
    Key: Dbxref, Value: ['GenBank:WP_106892153.1']
    Key: ID, Value: ['cds-WP_106892153.1']
    Key: Name, Value: ['WP_106892153.1']
    Key: Ontology_term, Value: ['GO:0043571', 'GO:0004521']
    Key: Parent, Value: ['gene-C7S18_RS13990']
    Key: gbkey, Value: ['CDS']
    Key: gene, Value: ['cas2']
    Key: go_function, Value: ['RNA endonuclease activity|0004521||IEA']
    Key: go_process, Value: ['maintenance of CRISPR repeat elements|0043571||IEA']
    Key: inference, Value: ['COORDINATES: protein motif:HMM:TIGR01573.1']
    Key: locus_tag, Value: ['C7S18_RS13990']
    Key: phase, Value: ['0']
    Key: product, Value: ['CRISPR-associated endonuclease Cas2']
    Key: protein_id, Value: ['WP_106892153.1']
    Key: source, Value: ['Protein Homology']
    Key: transl_table, Value: ['11']

GF(CRISPR-associated endonuclease Cas2, 16892-17180 (1))
type: CDS
location: [3615869:3616232](-)
id: cds-WP_106892154.1
qualifiers:
    Key: Dbxref, Value: ['GenBank:WP_106892154.1']
    Key: ID, Value: ['cds-WP_106892154.1']
    Key: Name, Value: ['WP_106892154.1']
    Key: Parent, Value: ['gene-C7S18_RS13995']
    Key: gbkey, Value: ['CDS']
    Key: inference, Value: ['COORDINATES: ab initio prediction:GeneMarkS-2+']
    Key: locus_tag, Value: ['C7S18_RS13995']
    Key: phase, Value: ['0']
    Key: product, Value: ['hypothetical protein']
    Key: protein_id, Value: ['WP_106892154.1']
    Key: source, Value: ['GeneMarkS-2+']
    Key: transl_table, Value: ['11']

GF(None, 20212-20575 (-1))
type: repeat_region
location: [3597398:3598702](+)
id: NZ_CP027860.1_2
qualifiers:
    Key: Dbxref, Value: ['SO:0001459']
    Key: ID, Value: ['NZ_CP027860.1_2']
    Key: Note, Value: ['GTCTCAATGGCCTCTGCGGCCAGTGCGCTGCGAC']
    Key: Ontology_term, Value: ['CRISPR']
    Key: score, Value: ['1304']
    Key: source, Value: ['CCTyper']

GF(Repeat region, 1741-3045 (0))
type: repeat_region
location: [3613208:3615633](+)
id: NZ_CP027860.1_3
qualifiers:
    Key: Dbxref, Value: ['SO:0001459']
    Key: ID, Value: ['NZ_CP027860.1_3']
    Key: Note, Value: ['GTCGCAGCGCACTGGCCGCAGAGGCCATTGAGAC']
    Key: Ontology_term, Value: ['CRISPR']
    Key: score, Value: ['2425']
    Key: source, Value: ['CCTyper']

GF(Repeat region, 17551-19976 (0))
[GF(toll/interleukin-1 receptor domain-containing protein, 61-1429 (-1)), GF(CRISPR-associated ring nuclease Csm6, 3999-5163 (-1)), GF(SLATT domain-containing protein, 5811-6921 (1)), GF(type III-B CRISPR module RAMP protein Cmr1, 6960-8619 (1)), GF(type III-B CRISPR-associated protein Cas10/Cmr2, 8615-10580 (1)), GF(type III-B CRISPR module-associated Cmr3 family protein, 10581-11736 (1)), GF(type III-B CRISPR module RAMP protein Cmr4, 11732-12638 (1)), GF(type III-B CRISPR module-associated protein Cmr5, 12652-13093 (1)), GF(type III-B CRISPR module RAMP protein Cmr6, 13085-13955 (1)), GF(CRISPR-associated endonuclease Cas1, 13941-16896 (1)), GF(CRISPR-associated endonuclease Cas2, 16892-17180 (1)), GF(None, 20212-20575 (-1)), GF(Repeat region, 1741-3045 (0)), GF(Repeat region, 17551-19976 (0)), GF(CRISPR-Cas locus, 4000-17180 (0))]
