Cas operons file:    Unnamed: 0         Contig  ...           locus_id           sample
0           0  NZ_CP128650.1  ...  GCF_030644225.1_0  GCF_030644225.1

[1 rows x 19 columns]
The chosen contig: NZ_CP128650.1
type: CDS
location: [862473:863163](+)
id: cds-WP_304988078.1
qualifiers:
    Key: Dbxref, Value: ['GenBank:WP_304988078.1']
    Key: ID, Value: ['cds-WP_304988078.1']
    Key: Name, Value: ['WP_304988078.1']
    Key: Parent, Value: ['gene-QU667_RS04220']
    Key: gbkey, Value: ['CDS']
    Key: inference, Value: ['COORDINATES: similar to AA sequence:RefSeq:WP_009655158.1']
    Key: locus_tag, Value: ['QU667_RS04220']
    Key: phase, Value: ['0']
    Key: product, Value: ['MotA/TolQ/ExbB proton channel family protein']
    Key: protein_id, Value: ['WP_304988078.1']
    Key: source, Value: ['Protein Homology']
    Key: transl_table, Value: ['11']

GF(MotA/TolQ/ExbB proton channel family protein, 46-736 (1))
type: CDS
location: [863159:863558](+)
id: cds-WP_304988079.1
qualifiers:
    Key: Dbxref, Value: ['GenBank:WP_304988079.1']
    Key: ID, Value: ['cds-WP_304988079.1']
    Key: Name, Value: ['WP_304988079.1']
    Key: Ontology_term, Value: ['GO:0022857', 'GO:0016020']
    Key: Parent, Value: ['gene-QU667_RS04225']
    Key: gbkey, Value: ['CDS']
    Key: go_component, Value: ['membrane|0016020||IEA']
    Key: go_function, Value: ['transmembrane transporter activity|0022857||IEA']
    Key: inference, Value: ['COORDINATES: similar to AA sequence:RefSeq:WP_006695516.1']
    Key: locus_tag, Value: ['QU667_RS04225']
    Key: phase, Value: ['0']
    Key: product, Value: ['biopolymer transporter ExbD']
    Key: protein_id, Value: ['WP_304988079.1']
    Key: source, Value: ['Protein Homology']
    Key: transl_table, Value: ['11']

GF(biopolymer transporter ExbD, 732-1131 (1))
type: CDS
location: [863604:865299](-)
id: cds-WP_304988080.1
qualifiers:
    Key: Dbxref, Value: ['GenBank:WP_304988080.1']
    Key: ID, Value: ['cds-WP_304988080.1']
    Key: Name, Value: ['WP_304988080.1']
    Key: Parent, Value: ['gene-QU667_RS04230']
    Key: gbkey, Value: ['CDS']
    Key: inference, Value: ['COORDINATES: similar to AA sequence:RefSeq:WP_006692567.1']
    Key: locus_tag, Value: ['QU667_RS04230']
    Key: phase, Value: ['0']
    Key: product, Value: ['DUF4127 family protein']
    Key: protein_id, Value: ['WP_304988080.1']
    Key: source, Value: ['Protein Homology']
    Key: transl_table, Value: ['11']

GF(DUF4127 family protein, 1177-2872 (-1))
type: CDS
location: [865500:866343](+)
id: cds-WP_304988081.1
qualifiers:
    Key: Dbxref, Value: ['GenBank:WP_304988081.1']
    Key: ID, Value: ['cds-WP_304988081.1']
    Key: Name, Value: ['WP_304988081.1']
    Key: Parent, Value: ['gene-QU667_RS04235']
    Key: gbkey, Value: ['CDS']
    Key: inference, Value: ['COORDINATES: protein motif:HMM:NF038283.1']
    Key: locus_tag, Value: ['QU667_RS04235']
    Key: phase, Value: ['0']
    Key: product, Value: ['viperin family antiviral radical SAM protein']
    Key: protein_id, Value: ['WP_304988081.1']
    Key: source, Value: ['Protein Homology']
    Key: transl_table, Value: ['11']

GF(viperin family antiviral radical SAM protein, 3073-3916 (1))
type: CDS
location: [866426:867989](+)
id: cds-WP_304988082.1
qualifiers:
    Key: Dbxref, Value: ['GenBank:WP_304988082.1']
    Key: ID, Value: ['cds-WP_304988082.1']
    Key: Name, Value: ['WP_304988082.1']
    Key: Parent, Value: ['gene-QU667_RS04240']
    Key: gbkey, Value: ['CDS']
    Key: inference, Value: ['COORDINATES: protein motif:HMM:NF021006.2']
    Key: locus_tag, Value: ['QU667_RS04240']
    Key: phase, Value: ['0']
    Key: product, Value: ['TM1812 family CRISPR-associated protein']
    Key: protein_id, Value: ['WP_304988082.1']
    Key: source, Value: ['Protein Homology']
    Key: transl_table, Value: ['11']

GF(TM1812 family CRISPR-associated protein, 3999-5562 (1))
type: CDS
location: [868005:870228](+)
id: cds-WP_304988403.1
qualifiers:
    Key: Dbxref, Value: ['GenBank:WP_304988403.1']
    Key: ID, Value: ['cds-WP_304988403.1']
    Key: Name, Value: ['WP_304988403.1']
    Key: Parent, Value: ['gene-QU667_RS04245']
    Key: gbkey, Value: ['CDS']
    Key: inference, Value: ['COORDINATES: protein motif:HMM:NF021006.2']
    Key: locus_tag, Value: ['QU667_RS04245']
    Key: phase, Value: ['0']
    Key: product, Value: ['TM1812 family CRISPR-associated protein']
    Key: protein_id, Value: ['WP_304988403.1']
    Key: source, Value: ['Protein Homology']
    Key: transl_table, Value: ['11']

GF(TM1812 family CRISPR-associated protein, 5578-7801 (1))
type: CDS
location: [870221:871406](-)
id: cds-WP_304988083.1
qualifiers:
    Key: Dbxref, Value: ['GenBank:WP_304988083.1']
    Key: ID, Value: ['cds-WP_304988083.1']
    Key: Name, Value: ['WP_304988083.1']
    Key: Ontology_term, Value: ['GO:0003676']
    Key: Parent, Value: ['gene-QU667_RS04250']
    Key: gbkey, Value: ['CDS']
    Key: go_function, Value: ['nucleic acid binding|0003676||IEA']
    Key: inference, Value: ['COORDINATES: protein motif:HMM:NF024676.2']
    Key: locus_tag, Value: ['QU667_RS04250']
    Key: phase, Value: ['0']
    Key: product, Value: ['WYL domain-containing protein']
    Key: protein_id, Value: ['WP_304988083.1']
    Key: source, Value: ['Protein Homology']
    Key: transl_table, Value: ['11']

GF(WYL domain-containing protein, 7794-8979 (-1))
type: CDS
location: [871535:871874](+)
id: cds-WP_304988084.1
qualifiers:
    Key: Dbxref, Value: ['GenBank:WP_304988084.1']
    Key: ID, Value: ['cds-WP_304988084.1']
    Key: Name, Value: ['WP_304988084.1']
    Key: Parent, Value: ['gene-QU667_RS04255']
    Key: gbkey, Value: ['CDS']
    Key: inference, Value: ['COORDINATES: ab initio prediction:GeneMarkS-2+']
    Key: locus_tag, Value: ['QU667_RS04255']
    Key: phase, Value: ['0']
    Key: product, Value: ['hypothetical protein']
    Key: protein_id, Value: ['WP_304988084.1']
    Key: source, Value: ['GeneMarkS-2+']
    Key: transl_table, Value: ['11']

GF(None, 9108-9447 (1))
type: CDS
location: [872799:873621](+)
id: cds-WP_304988085.1
qualifiers:
    Key: Dbxref, Value: ['GenBank:WP_304988085.1']
    Key: ID, Value: ['cds-WP_304988085.1']
    Key: Name, Value: ['WP_304988085.1']
    Key: Parent, Value: ['gene-QU667_RS04260']
    Key: gbkey, Value: ['CDS']
    Key: gene, Value: ['cas6']
    Key: inference, Value: ['COORDINATES: similar to AA sequence:RefSeq:WP_009655202.1']
    Key: locus_tag, Value: ['QU667_RS04260']
    Key: phase, Value: ['0']
    Key: product, Value: ['CRISPR system precrRNA processing endoribonuclease RAMP protein Cas6']
    Key: protein_id, Value: ['WP_304988085.1']
    Key: source, Value: ['Protein Homology']
    Key: transl_table, Value: ['11']

GF(CRISPR system precrRNA processing endoribonuclease RAMP protein Cas6, 10372-11194 (1))
type: CDS
location: [873749:875471](+)
id: cds-WP_304988086.1
qualifiers:
    Key: Dbxref, Value: ['GenBank:WP_304988086.1']
    Key: ID, Value: ['cds-WP_304988086.1']
    Key: Name, Value: ['WP_304988086.1']
    Key: Parent, Value: ['gene-QU667_RS04265']
    Key: gbkey, Value: ['CDS']
    Key: inference, Value: ['COORDINATES: similar to AA sequence:RefSeq:WP_009655185.1']
    Key: locus_tag, Value: ['QU667_RS04265']
    Key: phase, Value: ['0']
    Key: product, Value: ['hypothetical protein']
    Key: protein_id, Value: ['WP_304988086.1']
    Key: source, Value: ['Protein Homology']
    Key: transl_table, Value: ['11']

GF(None, 11322-13044 (1))
type: CDS
location: [875467:876334](+)
id: cds-WP_304988087.1
qualifiers:
    Key: Dbxref, Value: ['GenBank:WP_304988087.1']
    Key: ID, Value: ['cds-WP_304988087.1']
    Key: Name, Value: ['WP_304988087.1']
    Key: Parent, Value: ['gene-QU667_RS04270']
    Key: gbkey, Value: ['CDS']
    Key: inference, Value: ['COORDINATES: similar to AA sequence:RefSeq:WP_009441689.1']
    Key: locus_tag, Value: ['QU667_RS04270']
    Key: phase, Value: ['0']
    Key: product, Value: ['RAMP superfamily CRISPR-associated protein']
    Key: protein_id, Value: ['WP_304988087.1']
    Key: source, Value: ['Protein Homology']
    Key: transl_table, Value: ['11']

GF(RAMP superfamily CRISPR-associated protein, 13040-13907 (1))
type: CDS
location: [876333:877896](+)
id: cds-WP_304988088.1
qualifiers:
    Key: Dbxref, Value: ['GenBank:WP_304988088.1']
    Key: ID, Value: ['cds-WP_304988088.1']
    Key: Name, Value: ['WP_304988088.1']
    Key: Parent, Value: ['gene-QU667_RS04275']
    Key: gbkey, Value: ['CDS']
    Key: inference, Value: ['COORDINATES: similar to AA sequence:RefSeq:WP_009441688.1']
    Key: locus_tag, Value: ['QU667_RS04275']
    Key: phase, Value: ['0']
    Key: product, Value: ['hypothetical protein']
    Key: protein_id, Value: ['WP_304988088.1']
    Key: source, Value: ['Protein Homology']
    Key: transl_table, Value: ['11']

GF(None, 13906-15469 (1))
type: CDS
location: [877876:879223](+)
id: cds-WP_304988089.1
qualifiers:
    Key: Dbxref, Value: ['GenBank:WP_304988089.1']
    Key: ID, Value: ['cds-WP_304988089.1']
    Key: Name, Value: ['WP_304988089.1']
    Key: Parent, Value: ['gene-QU667_RS04280']
    Key: gbkey, Value: ['CDS']
    Key: inference, Value: ['COORDINATES: similar to AA sequence:RefSeq:WP_009442449.1']
    Key: locus_tag, Value: ['QU667_RS04280']
    Key: phase, Value: ['0']
    Key: product, Value: ['RAMP superfamily CRISPR-associated protein']
    Key: protein_id, Value: ['WP_304988089.1']
    Key: source, Value: ['Protein Homology']
    Key: transl_table, Value: ['11']

GF(RAMP superfamily CRISPR-associated protein, 15449-16796 (1))
type: CDS
location: [879219:879816](+)
id: cds-WP_304988090.1
qualifiers:
    Key: Dbxref, Value: ['GenBank:WP_304988090.1']
    Key: ID, Value: ['cds-WP_304988090.1']
    Key: Name, Value: ['WP_304988090.1']
    Key: Parent, Value: ['gene-QU667_RS04285']
    Key: gbkey, Value: ['CDS']
    Key: gene, Value: ['csx19']
    Key: inference, Value: ['COORDINATES: protein motif:HMM:TIGR03984.2']
    Key: locus_tag, Value: ['QU667_RS04285']
    Key: phase, Value: ['0']
    Key: product, Value: ['CRISPR-associated protein Csx19']
    Key: protein_id, Value: ['WP_304988090.1']
    Key: source, Value: ['Protein Homology']
    Key: transl_table, Value: ['11']

GF(CRISPR-associated protein Csx19, 16792-17389 (1))
type: CDS
location: [879799:881023](+)
id: cds-WP_304988091.1
qualifiers:
    Key: Dbxref, Value: ['GenBank:WP_304988091.1']
    Key: ID, Value: ['cds-WP_304988091.1']
    Key: Name, Value: ['WP_304988091.1']
    Key: Parent, Value: ['gene-QU667_RS04290']
    Key: gbkey, Value: ['CDS']
    Key: inference, Value: ['COORDINATES: similar to AA sequence:RefSeq:WP_009655212.1']
    Key: locus_tag, Value: ['QU667_RS04290']
    Key: phase, Value: ['0']
    Key: product, Value: ['TIGR03986 family CRISPR-associated RAMP protein']
    Key: protein_id, Value: ['WP_304988091.1']
    Key: source, Value: ['Protein Homology']
    Key: transl_table, Value: ['11']

GF(TIGR03986 family CRISPR-associated RAMP protein, 17372-18596 (1))
type: CDS
location: [882470:882746](+)
id: cds-WP_304988092.1
qualifiers:
    Key: Dbxref, Value: ['GenBank:WP_304988092.1']
    Key: ID, Value: ['cds-WP_304988092.1']
    Key: Name, Value: ['WP_304988092.1']
    Key: Ontology_term, Value: ['GO:0043571', 'GO:0004521']
    Key: Parent, Value: ['gene-QU667_RS04295']
    Key: gbkey, Value: ['CDS']
    Key: gene, Value: ['cas2']
    Key: go_function, Value: ['RNA endonuclease activity|0004521||IEA']
    Key: go_process, Value: ['maintenance of CRISPR repeat elements|0043571||IEA']
    Key: inference, Value: ['COORDINATES: protein motif:HMM:TIGR01573.1']
    Key: locus_tag, Value: ['QU667_RS04295']
    Key: phase, Value: ['0']
    Key: product, Value: ['CRISPR-associated endonuclease Cas2']
    Key: protein_id, Value: ['WP_304988092.1']
    Key: source, Value: ['Protein Homology']
    Key: transl_table, Value: ['11']

GF(CRISPR-associated endonuclease Cas2, 20043-20319 (1))
type: CDS
location: [882758:883721](+)
id: cds-WP_304988093.1
qualifiers:
    Key: Dbxref, Value: ['GenBank:WP_304988093.1']
    Key: ID, Value: ['cds-WP_304988093.1']
    Key: Name, Value: ['WP_304988093.1']
    Key: Ontology_term, Value: ['GO:0043571', 'GO:0004520', 'GO:0046872']
    Key: Parent, Value: ['gene-QU667_RS04300']
    Key: gbkey, Value: ['CDS']
    Key: gene, Value: ['cas1']
    Key: go_function, Value: ['DNA endonuclease activity|0004520||IEA', 'metal ion binding|0046872||IEA']
    Key: go_process, Value: ['maintenance of CRISPR repeat elements|0043571||IEA']
    Key: inference, Value: ['COORDINATES: protein motif:HMM:TIGR00287.1']
    Key: locus_tag, Value: ['QU667_RS04300']
    Key: phase, Value: ['0']
    Key: product, Value: ['CRISPR-associated endonuclease Cas1']
    Key: protein_id, Value: ['WP_304988093.1']
    Key: source, Value: ['Protein Homology']
    Key: transl_table, Value: ['11']

GF(CRISPR-associated endonuclease Cas1, 20331-21294 (1))
type: CDS
location: [883935:884148](+)
id: cds-WP_304988094.1
qualifiers:
    Key: Dbxref, Value: ['GenBank:WP_304988094.1']
    Key: ID, Value: ['cds-WP_304988094.1']
    Key: Name, Value: ['WP_304988094.1']
    Key: Parent, Value: ['gene-QU667_RS04305']
    Key: gbkey, Value: ['CDS']
    Key: inference, Value: ['COORDINATES: ab initio prediction:GeneMarkS-2+']
    Key: locus_tag, Value: ['QU667_RS04305']
    Key: phase, Value: ['0']
    Key: product, Value: ['hypothetical protein']
    Key: protein_id, Value: ['WP_304988094.1']
    Key: source, Value: ['GeneMarkS-2+']
    Key: transl_table, Value: ['11']

GF(None, 21508-21721 (1))
type: CDS
location: [884237:885098](+)
id: cds-WP_304988095.1
qualifiers:
    Key: Dbxref, Value: ['GenBank:WP_304988095.1']
    Key: ID, Value: ['cds-WP_304988095.1']
    Key: Name, Value: ['WP_304988095.1']
    Key: Parent, Value: ['gene-QU667_RS04310']
    Key: gbkey, Value: ['CDS']
    Key: inference, Value: ['COORDINATES: ab initio prediction:GeneMarkS-2+']
    Key: locus_tag, Value: ['QU667_RS04310']
    Key: phase, Value: ['0']
    Key: product, Value: ['hypothetical protein']
    Key: protein_id, Value: ['WP_304988095.1']
    Key: source, Value: ['GeneMarkS-2+']
    Key: transl_table, Value: ['11']

GF(None, 21810-22671 (1))
type: CDS
location: [885254:885809](+)
id: cds-WP_304988096.1
qualifiers:
    Key: Dbxref, Value: ['GenBank:WP_304988096.1']
    Key: ID, Value: ['cds-WP_304988096.1']
    Key: Name, Value: ['WP_304988096.1']
    Key: Ontology_term, Value: ['GO:0031167', 'GO:0052913']
    Key: Parent, Value: ['gene-QU667_RS04315']
    Key: gbkey, Value: ['CDS']
    Key: gene, Value: ['rsmD']
    Key: go_function, Value: ['16S rRNA (guanine(966)-N(2))-methyltransferase activity|0052913||IEA']
    Key: go_process, Value: ['rRNA methylation|0031167||IEA']
    Key: inference, Value: ['COORDINATES: similar to AA sequence:RefSeq:WP_009441680.1']
    Key: locus_tag, Value: ['QU667_RS04315']
    Key: phase, Value: ['0']
    Key: product, Value: ['16S rRNA (guanine(966)-N(2))-methyltransferase RsmD']
    Key: protein_id, Value: ['WP_304988096.1']
    Key: source, Value: ['Protein Homology']
    Key: transl_table, Value: ['11']

GF(16S rRNA (guanine(966)-N(2))-methyltransferase RsmD, 22827-23382 (1))
type: CDS
location: [885805:886300](+)
id: cds-WP_304988097.1
qualifiers:
    Key: Dbxref, Value: ['GenBank:WP_304988097.1']
    Key: ID, Value: ['cds-WP_304988097.1']
    Key: Name, Value: ['WP_304988097.1']
    Key: Ontology_term, Value: ['GO:0015937', 'GO:0004595']
    Key: Parent, Value: ['gene-QU667_RS04320']
    Key: gbkey, Value: ['CDS']
    Key: gene, Value: ['coaD']
    Key: go_function, Value: ['pantetheine-phosphate adenylyltransferase activity|0004595||IEA']
    Key: go_process, Value: ['coenzyme A biosynthetic process|0015937||IEA']
    Key: inference, Value: ['COORDINATES: similar to AA sequence:RefSeq:WP_006689552.1']
    Key: locus_tag, Value: ['QU667_RS04320']
    Key: phase, Value: ['0']
    Key: product, Value: ['pantetheine-phosphate adenylyltransferase']
    Key: protein_id, Value: ['WP_304988097.1']
    Key: source, Value: ['Protein Homology']
    Key: transl_table, Value: ['11']

GF(pantetheine-phosphate adenylyltransferase, 23378-23873 (1))
type: CDS
location: [886335:886875](+)
id: cds-WP_304988098.1
qualifiers:
    Key: Dbxref, Value: ['GenBank:WP_304988098.1']
    Key: ID, Value: ['cds-WP_304988098.1']
    Key: Name, Value: ['WP_304988098.1']
    Key: Parent, Value: ['gene-QU667_RS04325']
    Key: gbkey, Value: ['CDS']
    Key: inference, Value: ['COORDINATES: similar to AA sequence:RefSeq:WP_006695512.1']
    Key: locus_tag, Value: ['QU667_RS04325']
    Key: phase, Value: ['0']
    Key: product, Value: ['ATPase']
    Key: protein_id, Value: ['WP_304988098.1']
    Key: source, Value: ['Protein Homology']
    Key: transl_table, Value: ['11']

GF(ATPase, 23908-24448 (1))
type: CDS
location: [886943:887444](+)
id: cds-WP_304988099.1
qualifiers:
    Key: Dbxref, Value: ['GenBank:WP_304988099.1']
    Key: ID, Value: ['cds-WP_304988099.1']
    Key: Name, Value: ['WP_304988099.1']
    Key: Parent, Value: ['gene-QU667_RS04330']
    Key: gbkey, Value: ['CDS']
    Key: inference, Value: ['COORDINATES: similar to AA sequence:RefSeq:WP_009441677.1']
    Key: locus_tag, Value: ['QU667_RS04330']
    Key: phase, Value: ['0']
    Key: product, Value: ['DUF177 domain-containing protein']
    Key: protein_id, Value: ['WP_304988099.1']
    Key: source, Value: ['Protein Homology']
    Key: transl_table, Value: ['11']

GF(DUF177 domain-containing protein, 24516-25017 (1))
type: CDS
location: [887459:887639](+)
id: cds-WP_304988100.1
qualifiers:
    Key: Dbxref, Value: ['GenBank:WP_304988100.1']
    Key: ID, Value: ['cds-WP_304988100.1']
    Key: Name, Value: ['WP_304988100.1']
    Key: Ontology_term, Value: ['GO:0006412', 'GO:0003735', 'GO:0000315', 'GO:0022625']
    Key: Parent, Value: ['gene-QU667_RS04335']
    Key: gbkey, Value: ['CDS']
    Key: gene, Value: ['rpmF']
    Key: go_component, Value: ['organellar large ribosomal subunit|0000315||IEA', 'cytosolic large ribosomal subunit|0022625||IEA']
    Key: go_function, Value: ['structural constituent of ribosome|0003735||IEA']
    Key: go_process, Value: ['translation|0006412||IEA']
    Key: inference, Value: ['COORDINATES: similar to AA sequence:RefSeq:WP_006697063.1']
    Key: locus_tag, Value: ['QU667_RS04335']
    Key: phase, Value: ['0']
    Key: product, Value: ['50S ribosomal protein L32']
    Key: protein_id, Value: ['WP_304988100.1']
    Key: source, Value: ['Protein Homology']
    Key: transl_table, Value: ['11']

GF(50S ribosomal protein L32, 25032-25212 (1))
type: repeat_region
location: [881289:882470](+)
id: NZ_CP128650.1_1
qualifiers:
    Key: Dbxref, Value: ['SO:0001459']
    Key: ID, Value: ['NZ_CP128650.1_1']
    Key: Note, Value: ['ATTGCACCAGCAAATTGCCGCGTGCGGCATTGAAAC']
    Key: Ontology_term, Value: ['CRISPR']
    Key: score, Value: ['1181']
    Key: source, Value: ['CCTyper']

GF(Repeat region, 18862-20043 (0))
graphic feature from cctyper protein table: GF(CasR, 4000-5562 (1))
graphic feature from cctyper protein table: GF(WYL, 9109-9447 (1))
graphic feature from cctyper protein table: GF(Cas6, 10373-11194 (1))
graphic feature from cctyper protein table: GF(Cas10, 11323-13044 (1))
graphic feature from cctyper protein table: GF(Csm3gr7, 13041-13907 (1))
graphic feature from cctyper protein table: GF(Csx10gr5, 13907-15469 (1))
graphic feature from cctyper protein table: GF(Csm3gr7, 15450-16796 (1))
graphic feature from cctyper protein table: GF(Csx19, 16793-17389 (1))
graphic feature from cctyper protein table: GF(Csm3gr7, 17373-18596 (1))
graphic feature from cctyper protein table: GF(Cas2, 20044-20319 (1))
graphic feature from cctyper protein table: GF(Cas1, 20332-21294 (1))
Index(['protein_id', 'start', 'end', 'effector', 'locus', 'sample', 'strand',
       'sequence', 'type'],
      dtype='object')
graphic feature from known effectors: GF(csx1, 4000-5562 (1))
graphic feature from known effectors: GF(csx1, 5579-7801 (1))
Index(['protein_id', 'start', 'end', 'effector', 'locus', 'sample', 'strand',
       'sequence', 'type'],
      dtype='object')
graphic feature from ring nucleases: GF(csx20, 5579-7801 (1))
[GF(MotA/TolQ/ExbB proton channel family protein, 46-736 (1)), GF(biopolymer transporter ExbD, 732-1131 (1)), GF(DUF4127 family protein, 1177-2872 (-1)), GF(viperin family antiviral radical SAM protein, 3073-3916 (1)), GF(TM1812 family CRISPR-associated protein, 3999-5562 (1)), GF(TM1812 family CRISPR-associated protein, 5578-7801 (1)), GF(WYL domain-containing protein, 7794-8979 (-1)), GF(None, 9108-9447 (1)), GF(CRISPR system precrRNA processing endoribonuclease RAMP protein Cas6, 10372-11194 (1)), GF(None, 11322-13044 (1)), GF(RAMP superfamily CRISPR-associated protein, 13040-13907 (1)), GF(None, 13906-15469 (1)), GF(RAMP superfamily CRISPR-associated protein, 15449-16796 (1)), GF(CRISPR-associated protein Csx19, 16792-17389 (1)), GF(TIGR03986 family CRISPR-associated RAMP protein, 17372-18596 (1)), GF(CRISPR-associated endonuclease Cas2, 20043-20319 (1)), GF(CRISPR-associated endonuclease Cas1, 20331-21294 (1)), GF(None, 21508-21721 (1)), GF(None, 21810-22671 (1)), GF(16S rRNA (guanine(966)-N(2))-methyltransferase RsmD, 22827-23382 (1)), GF(pantetheine-phosphate adenylyltransferase, 23378-23873 (1)), GF(ATPase, 23908-24448 (1)), GF(DUF177 domain-containing protein, 24516-25017 (1)), GF(50S ribosomal protein L32, 25032-25212 (1)), GF(Repeat region, 18862-20043 (0)), GF(CasR, 4000-5562 (1)), GF(WYL, 9109-9447 (1)), GF(Cas6, 10373-11194 (1)), GF(Cas10, 11323-13044 (1)), GF(Csm3gr7, 13041-13907 (1)), GF(Csx10gr5, 13907-15469 (1)), GF(Csm3gr7, 15450-16796 (1)), GF(Csx19, 16793-17389 (1)), GF(Csm3gr7, 17373-18596 (1)), GF(Cas2, 20044-20319 (1)), GF(Cas1, 20332-21294 (1)), GF(csx1, 4000-5562 (1)), GF(csx1, 5579-7801 (1)), GF(csx20, 5579-7801 (1)), GF(CRISPR-Cas locus, 4000-21294 (0))]
