Cas operons file:    Unnamed: 0         Contig  ...           locus_id           sample
0           1  NZ_LR134442.1  ...  GCF_900637915.1_1  GCF_900637915.1

[1 rows x 19 columns]
The chosen contig: NZ_LR134442.1
type: CDS
location: [2747765:2750258](+)
id: cds-WP_119161353.1
qualifiers:
    Key: Dbxref, Value: ['GenBank:WP_119161353.1']
    Key: ID, Value: ['cds-WP_119161353.1']
    Key: Name, Value: ['WP_119161353.1']
    Key: Parent, Value: ['gene-EL282_RS12170']
    Key: gbkey, Value: ['CDS']
    Key: inference, Value: ['COORDINATES: protein motif:HMM:TIGR03986.1']
    Key: locus_tag, Value: ['EL282_RS12170']
    Key: phase, Value: ['0']
    Key: product, Value: ['TIGR03986 family CRISPR-associated RAMP protein']
    Key: protein_id, Value: ['WP_119161353.1']
    Key: source, Value: ['Protein Homology']
    Key: transl_table, Value: ['11']

GF(TIGR03986 family CRISPR-associated RAMP protein, 3984-6477 (1))
type: CDS
location: [2750254:2751814](+)
id: cds-WP_119161352.1
qualifiers:
    Key: Dbxref, Value: ['GenBank:WP_119161352.1']
    Key: ID, Value: ['cds-WP_119161352.1']
    Key: Name, Value: ['WP_119161352.1']
    Key: Parent, Value: ['gene-EL282_RS12175']
    Key: gbkey, Value: ['CDS']
    Key: inference, Value: ['COORDINATES: ab initio prediction:GeneMarkS-2+']
    Key: locus_tag, Value: ['EL282_RS12175']
    Key: phase, Value: ['0']
    Key: product, Value: ['hypothetical protein']
    Key: protein_id, Value: ['WP_119161352.1']
    Key: source, Value: ['GeneMarkS-2+']
    Key: transl_table, Value: ['11']

GF(None, 6473-8033 (1))
type: CDS
location: [2751810:2752533](+)
id: cds-WP_126464283.1
qualifiers:
    Key: Dbxref, Value: ['GenBank:WP_126464283.1']
    Key: ID, Value: ['cds-WP_126464283.1']
    Key: Name, Value: ['WP_126464283.1']
    Key: Parent, Value: ['gene-EL282_RS12180']
    Key: gbkey, Value: ['CDS']
    Key: inference, Value: ['COORDINATES: protein motif:HMM:NF015728.4']
    Key: locus_tag, Value: ['EL282_RS12180']
    Key: phase, Value: ['0']
    Key: product, Value: ['RAMP superfamily CRISPR-associated protein']
    Key: protein_id, Value: ['WP_126464283.1']
    Key: source, Value: ['Protein Homology']
    Key: transl_table, Value: ['11']

GF(RAMP superfamily CRISPR-associated protein, 8029-8752 (1))
type: CDS
location: [2752525:2753893](+)
id: cds-WP_119161350.1
qualifiers:
    Key: Dbxref, Value: ['GenBank:WP_119161350.1']
    Key: ID, Value: ['cds-WP_119161350.1']
    Key: Name, Value: ['WP_119161350.1']
    Key: Parent, Value: ['gene-EL282_RS12185']
    Key: gbkey, Value: ['CDS']
    Key: inference, Value: ['COORDINATES: ab initio prediction:GeneMarkS-2+']
    Key: locus_tag, Value: ['EL282_RS12185']
    Key: phase, Value: ['0']
    Key: product, Value: ['hypothetical protein']
    Key: protein_id, Value: ['WP_119161350.1']
    Key: source, Value: ['GeneMarkS-2+']
    Key: transl_table, Value: ['11']

GF(None, 8744-10112 (1))
type: CDS
location: [2753889:2755368](+)
id: cds-WP_119161349.1
qualifiers:
    Key: Dbxref, Value: ['GenBank:WP_119161349.1']
    Key: ID, Value: ['cds-WP_119161349.1']
    Key: Name, Value: ['WP_119161349.1']
    Key: Parent, Value: ['gene-EL282_RS12190']
    Key: gbkey, Value: ['CDS']
    Key: inference, Value: ['COORDINATES: protein motif:HMM:NF015728.4']
    Key: locus_tag, Value: ['EL282_RS12190']
    Key: phase, Value: ['0']
    Key: product, Value: ['RAMP superfamily CRISPR-associated protein']
    Key: protein_id, Value: ['WP_119161349.1']
    Key: source, Value: ['Protein Homology']
    Key: transl_table, Value: ['11']

GF(RAMP superfamily CRISPR-associated protein, 10108-11587 (1))
type: CDS
location: [2755364:2755814](+)
id: cds-WP_119161348.1
qualifiers:
    Key: Dbxref, Value: ['GenBank:WP_119161348.1']
    Key: ID, Value: ['cds-WP_119161348.1']
    Key: Name, Value: ['WP_119161348.1']
    Key: Parent, Value: ['gene-EL282_RS12195']
    Key: gbkey, Value: ['CDS']
    Key: inference, Value: ['COORDINATES: ab initio prediction:GeneMarkS-2+']
    Key: locus_tag, Value: ['EL282_RS12195']
    Key: phase, Value: ['0']
    Key: product, Value: ['hypothetical protein']
    Key: protein_id, Value: ['WP_119161348.1']
    Key: source, Value: ['GeneMarkS-2+']
    Key: transl_table, Value: ['11']

GF(None, 11583-12033 (1))
type: CDS
location: [2756418:2757726](-)
id: cds-WP_119161347.1
qualifiers:
    Key: Dbxref, Value: ['GenBank:WP_119161347.1']
    Key: ID, Value: ['cds-WP_119161347.1']
    Key: Name, Value: ['WP_119161347.1']
    Key: Ontology_term, Value: ['GO:0006782', 'GO:0008483', 'GO:0030170', 'GO:0042286']
    Key: Parent, Value: ['gene-EL282_RS12200']
    Key: gbkey, Value: ['CDS']
    Key: go_function, Value: ['transaminase activity|0008483||IEA', 'pyridoxal phosphate binding|0030170||IEA', 'glutamate-1-semialdehyde 2,1-aminomutase activity|0042286||IEA']
    Key: go_process, Value: ['protoporphyrinogen IX biosynthetic process|0006782||IEA']
    Key: inference, Value: ['COORDINATES: similar to AA sequence:RefSeq:WP_002513024.1']
    Key: locus_tag, Value: ['EL282_RS12200']
    Key: phase, Value: ['0']
    Key: product, Value: ['glutamate-1-semialdehyde 2,1-aminomutase']
    Key: protein_id, Value: ['WP_119161347.1']
    Key: source, Value: ['Protein Homology']
    Key: transl_table, Value: ['11']

GF(glutamate-1-semialdehyde 2,1-aminomutase, 12637-13945 (-1))
type: CDS
location: [2758078:2759065](-)
id: cds-WP_119161346.1
qualifiers:
    Key: Dbxref, Value: ['GenBank:WP_119161346.1']
    Key: ID, Value: ['cds-WP_119161346.1']
    Key: Name, Value: ['WP_119161346.1']
    Key: Ontology_term, Value: ['GO:0033014', 'GO:0003824', 'GO:0004655', 'GO:0046872']
    Key: Parent, Value: ['gene-EL282_RS12205']
    Key: gbkey, Value: ['CDS']
    Key: gene, Value: ['hemB']
    Key: go_function, Value: ['catalytic activity|0003824||IEA', 'porphobilinogen synthase activity|0004655||IEA', 'metal ion binding|0046872||IEA']
    Key: go_process, Value: ['tetrapyrrole biosynthetic process|0033014||IEA']
    Key: inference, Value: ['COORDINATES: similar to AA sequence:RefSeq:WP_008356343.1']
    Key: locus_tag, Value: ['EL282_RS12205']
    Key: phase, Value: ['0']
    Key: product, Value: ['porphobilinogen synthase']
    Key: protein_id, Value: ['WP_119161346.1']
    Key: source, Value: ['Protein Homology']
    Key: transl_table, Value: ['11']

GF(porphobilinogen synthase, 14297-15284 (-1))
graphic feature from cctyper protein table: GF(Cas10, 6474-8033 (1))
graphic feature from cctyper protein table: GF(Csm3gr7, 8030-8752 (1))
graphic feature from cctyper protein table: GF(Csx10gr5, 8745-10112 (1))
graphic feature from cctyper protein table: GF(Csm3gr7, 10109-11587 (1))
graphic feature from cctyper protein table: GF(Cas11, 11584-12033 (1))
Index(['protein_id', 'start', 'end', 'effector', 'locus', 'sample', 'strand',
       'sequence'],
      dtype='object')
Index(['protein_id', 'start', 'end', 'effector', 'locus', 'sample', 'strand',
       'sequence'],
      dtype='object')
[GF(TIGR03986 family CRISPR-associated RAMP protein, 3984-6477 (1)), GF(None, 6473-8033 (1)), GF(RAMP superfamily CRISPR-associated protein, 8029-8752 (1)), GF(None, 8744-10112 (1)), GF(RAMP superfamily CRISPR-associated protein, 10108-11587 (1)), GF(None, 11583-12033 (1)), GF(glutamate-1-semialdehyde 2,1-aminomutase, 12637-13945 (-1)), GF(porphobilinogen synthase, 14297-15284 (-1)), GF(Cas10, 6474-8033 (1)), GF(Csm3gr7, 8030-8752 (1)), GF(Csx10gr5, 8745-10112 (1)), GF(Csm3gr7, 10109-11587 (1)), GF(Cas11, 11584-12033 (1)), GF(CRISPR-Cas locus, 4000-12033 (0))]
