Cas operons file:    Unnamed: 0         Contig  ...           locus_id           sample
0           1  NZ_CP049055.1  ...  GCF_011066545.1_1  GCF_011066545.1

[1 rows x 19 columns]
The chosen contig: NZ_CP049055.1
type: CDS
location: [2041538:2041943](+)
id: cds-WP_099323581.1
qualifiers:
    Key: Dbxref, Value: ['GenBank:WP_099323581.1']
    Key: ID, Value: ['cds-WP_099323581.1']
    Key: Name, Value: ['WP_099323581.1']
    Key: Ontology_term, Value: ['GO:0015986', 'GO:0046933', 'GO:0000275', 'GO:0045261', 'GO:0045262']
    Key: Parent, Value: ['gene-KsCSTR_RS09115']
    Key: gbkey, Value: ['CDS']
    Key: gene, Value: ['atpC']
    Key: go_component, Value: ['mitochondrial proton-transporting ATP synthase complex, catalytic sector F(1)|0000275||IEA', 'proton-transporting ATP synthase complex, catalytic core F(1)|0045261||IEA', 'plasma membrane proton-transporting ATP synthase complex, catalytic core F(1)|0045262||IEA']
    Key: go_function, Value: ['proton-transporting ATP synthase activity, rotational mechanism|0046933||IEA']
    Key: go_process, Value: ['proton motive force-driven ATP synthesis|0015986||IEA']
    Key: inference, Value: ['COORDINATES: protein motif:HMM:TIGR01216.1']
    Key: locus_tag, Value: ['KsCSTR_RS09115']
    Key: phase, Value: ['0']
    Key: product, Value: ['ATP synthase F1 subunit epsilon']
    Key: protein_id, Value: ['WP_099323581.1']
    Key: source, Value: ['Protein Homology']
    Key: transl_table, Value: ['11']

GF(ATP synthase F1 subunit epsilon, 567-972 (1))
type: CDS
location: [2042074:2043097](+)
id: cds-WP_164994915.1
qualifiers:
    Key: Dbxref, Value: ['GenBank:WP_164994915.1']
    Key: ID, Value: ['cds-WP_164994915.1']
    Key: Name, Value: ['WP_164994915.1']
    Key: Ontology_term, Value: ['GO:0009243', 'GO:0019305', 'GO:0008460']
    Key: Parent, Value: ['gene-KsCSTR_RS09120']
    Key: gbkey, Value: ['CDS']
    Key: gene, Value: ['rfbB']
    Key: go_function, Value: ['dTDP-glucose 4,6-dehydratase activity|0008460||IEA']
    Key: go_process, Value: ['O antigen biosynthetic process|0009243||IEA', 'dTDP-rhamnose biosynthetic process|0019305||IEA']
    Key: inference, Value: ['COORDINATES: similar to AA sequence:RefSeq:WP_007221624.1']
    Key: locus_tag, Value: ['KsCSTR_RS09120']
    Key: phase, Value: ['0']
    Key: product, Value: ['dTDP-glucose 4,6-dehydratase']
    Key: protein_id, Value: ['WP_164994915.1']
    Key: source, Value: ['Protein Homology']
    Key: transl_table, Value: ['11']

GF(dTDP-glucose 4,6-dehydratase, 1103-2126 (1))
type: CDS
location: [2043120:2043573](+)
id: cds-WP_164994916.1
qualifiers:
    Key: Dbxref, Value: ['GenBank:WP_164994916.1']
    Key: ID, Value: ['cds-WP_164994916.1']
    Key: Name, Value: ['WP_164994916.1']
    Key: Parent, Value: ['gene-KsCSTR_RS09125']
    Key: gbkey, Value: ['CDS']
    Key: inference, Value: ['COORDINATES: ab initio prediction:GeneMarkS-2+']
    Key: locus_tag, Value: ['KsCSTR_RS09125']
    Key: phase, Value: ['0']
    Key: product, Value: ['hypothetical protein']
    Key: protein_id, Value: ['WP_164994916.1']
    Key: source, Value: ['GeneMarkS-2+']
    Key: transl_table, Value: ['11']

GF(None, 2149-2602 (1))
type: CDS
location: [2043630:2044308](-)
id: cds-WP_164994917.1
qualifiers:
    Key: Dbxref, Value: ['GenBank:WP_164994917.1']
    Key: ID, Value: ['cds-WP_164994917.1']
    Key: Name, Value: ['WP_164994917.1']
    Key: Ontology_term, Value: ['GO:0006400', 'GO:0003725']
    Key: Parent, Value: ['gene-KsCSTR_RS09130']
    Key: gbkey, Value: ['CDS']
    Key: gene, Value: ['tsaB']
    Key: go_function, Value: ['double-stranded RNA binding|0003725||IEA']
    Key: go_process, Value: ['tRNA modification|0006400||IEA']
    Key: inference, Value: ['COORDINATES: protein motif:HMM:TIGR03725.1']
    Key: locus_tag, Value: ['KsCSTR_RS09130']
    Key: phase, Value: ['0']
    Key: product, Value: ['tRNA (adenosine(37)-N6)-threonylcarbamoyltransferase complex dimerization subunit type 1 TsaB']
    Key: protein_id, Value: ['WP_164994917.1']
    Key: source, Value: ['Protein Homology']
    Key: transl_table, Value: ['11']

GF(tRNA (adenosine(37)-N6)-threonylcarbamoyltransferase complex dimerization subunit type 1 TsaB, 2659-3337 (-1))
type: CDS
location: [2044390:2044528](+)
id: cds-WP_164994918.1
qualifiers:
    Key: Dbxref, Value: ['GenBank:WP_164994918.1']
    Key: ID, Value: ['cds-WP_164994918.1']
    Key: Name, Value: ['WP_164994918.1']
    Key: Parent, Value: ['gene-KsCSTR_RS09135']
    Key: gbkey, Value: ['CDS']
    Key: inference, Value: ['COORDINATES: ab initio prediction:GeneMarkS-2+']
    Key: locus_tag, Value: ['KsCSTR_RS09135']
    Key: phase, Value: ['0']
    Key: product, Value: ['hypothetical protein']
    Key: protein_id, Value: ['WP_164994918.1']
    Key: source, Value: ['GeneMarkS-2+']
    Key: transl_table, Value: ['11']

GF(None, 3419-3557 (1))
type: CDS
location: [2044970:2045933](+)
id: cds-WP_164994919.1
qualifiers:
    Key: Dbxref, Value: ['GenBank:WP_164994919.1']
    Key: ID, Value: ['cds-WP_164994919.1']
    Key: Name, Value: ['WP_164994919.1']
    Key: Parent, Value: ['gene-KsCSTR_RS09145']
    Key: gbkey, Value: ['CDS']
    Key: gene, Value: ['cas6']
    Key: inference, Value: ['COORDINATES: protein motif:HMM:NF021551.3']
    Key: locus_tag, Value: ['KsCSTR_RS09145']
    Key: phase, Value: ['0']
    Key: product, Value: ['CRISPR system precrRNA processing endoribonuclease RAMP protein Cas6']
    Key: protein_id, Value: ['WP_164994919.1']
    Key: source, Value: ['Protein Homology']
    Key: transl_table, Value: ['11']

GF(CRISPR system precrRNA processing endoribonuclease RAMP protein Cas6, 3999-4962 (1))
type: CDS
location: [2046544:2046928](+)
id: cds-KsCSTR_RS19995
qualifiers:
    Key: ID, Value: ['cds-KsCSTR_RS19995']
    Key: Note, Value: ['internal stop']
    Key: Parent, Value: ['gene-KsCSTR_RS19995']
    Key: gbkey, Value: ['CDS']
    Key: inference, Value: ['COORDINATES: protein motif:HMM:TIGR02436.1']
    Key: locus_tag, Value: ['KsCSTR_RS19995']
    Key: phase, Value: ['0']
    Key: product, Value: ['four helix bundle protein']
    Key: pseudo, Value: ['true']
    Key: source, Value: ['Protein Homology']
    Key: transl_table, Value: ['11']

GF(four helix bundle protein, 5573-5957 (1))
type: CDS
location: [2047188:2049687](+)
id: cds-WP_164994920.1
qualifiers:
    Key: Dbxref, Value: ['GenBank:WP_164994920.1']
    Key: ID, Value: ['cds-WP_164994920.1']
    Key: Name, Value: ['WP_164994920.1']
    Key: Ontology_term, Value: ['GO:0043571', 'GO:0003674']
    Key: Parent, Value: ['gene-KsCSTR_RS09160']
    Key: gbkey, Value: ['CDS']
    Key: gene, Value: ['cas10']
    Key: go_function, Value: ['molecular_function|0003674||IEA']
    Key: go_process, Value: ['maintenance of CRISPR repeat elements|0043571||IEA']
    Key: inference, Value: ['COORDINATES: protein motif:HMM:TIGR02578.1']
    Key: locus_tag, Value: ['KsCSTR_RS09160']
    Key: phase, Value: ['0']
    Key: product, Value: ['type III-A CRISPR-associated protein Cas10/Csm1']
    Key: protein_id, Value: ['WP_164994920.1']
    Key: source, Value: ['Protein Homology']
    Key: transl_table, Value: ['11']

GF(type III-A CRISPR-associated protein Cas10/Csm1, 6217-8716 (1))
type: CDS
location: [2049708:2050143](+)
id: cds-WP_099323571.1
qualifiers:
    Key: Dbxref, Value: ['GenBank:WP_099323571.1']
    Key: ID, Value: ['cds-WP_099323571.1']
    Key: Name, Value: ['WP_099323571.1']
    Key: Ontology_term, Value: ['GO:0043571', 'GO:0003674']
    Key: Parent, Value: ['gene-KsCSTR_RS09165']
    Key: gbkey, Value: ['CDS']
    Key: gene, Value: ['csm2']
    Key: go_function, Value: ['molecular_function|0003674||IEA']
    Key: go_process, Value: ['maintenance of CRISPR repeat elements|0043571||IEA']
    Key: inference, Value: ['COORDINATES: protein motif:HMM:NF015695.3']
    Key: locus_tag, Value: ['KsCSTR_RS09165']
    Key: phase, Value: ['0']
    Key: product, Value: ['type III-A CRISPR-associated protein Csm2']
    Key: protein_id, Value: ['WP_099323571.1']
    Key: source, Value: ['Protein Homology']
    Key: transl_table, Value: ['11']

GF(type III-A CRISPR-associated protein Csm2, 8737-9172 (1))
type: CDS
location: [2050161:2050959](+)
id: cds-WP_164994921.1
qualifiers:
    Key: Dbxref, Value: ['GenBank:WP_164994921.1']
    Key: ID, Value: ['cds-WP_164994921.1']
    Key: Name, Value: ['WP_164994921.1']
    Key: Ontology_term, Value: ['GO:0043571', 'GO:0003674']
    Key: Parent, Value: ['gene-KsCSTR_RS09170']
    Key: gbkey, Value: ['CDS']
    Key: gene, Value: ['csm3']
    Key: go_function, Value: ['molecular_function|0003674||IEA']
    Key: go_process, Value: ['maintenance of CRISPR repeat elements|0043571||IEA']
    Key: inference, Value: ['COORDINATES: protein motif:HMM:TIGR02582.1']
    Key: locus_tag, Value: ['KsCSTR_RS09170']
    Key: phase, Value: ['0']
    Key: product, Value: ['type III-A CRISPR-associated RAMP protein Csm3']
    Key: protein_id, Value: ['WP_164994921.1']
    Key: source, Value: ['Protein Homology']
    Key: transl_table, Value: ['11']

GF(type III-A CRISPR-associated RAMP protein Csm3, 9190-9988 (1))
type: CDS
location: [2050968:2051943](+)
id: cds-WP_099323569.1
qualifiers:
    Key: Dbxref, Value: ['GenBank:WP_099323569.1']
    Key: ID, Value: ['cds-WP_099323569.1']
    Key: Name, Value: ['WP_099323569.1']
    Key: Ontology_term, Value: ['GO:0043571', 'GO:0003674']
    Key: Parent, Value: ['gene-KsCSTR_RS09175']
    Key: gbkey, Value: ['CDS']
    Key: gene, Value: ['csm4']
    Key: go_function, Value: ['molecular_function|0003674||IEA']
    Key: go_process, Value: ['maintenance of CRISPR repeat elements|0043571||IEA']
    Key: inference, Value: ['COORDINATES: protein motif:HMM:TIGR01903.1']
    Key: locus_tag, Value: ['KsCSTR_RS09175']
    Key: phase, Value: ['0']
    Key: product, Value: ['type III-A CRISPR-associated RAMP protein Csm4']
    Key: protein_id, Value: ['WP_099323569.1']
    Key: source, Value: ['Protein Homology']
    Key: transl_table, Value: ['11']

GF(type III-A CRISPR-associated RAMP protein Csm4, 9997-10972 (1))
type: CDS
location: [2051953:2053123](+)
id: cds-WP_099323568.1
qualifiers:
    Key: Dbxref, Value: ['GenBank:WP_099323568.1']
    Key: ID, Value: ['cds-WP_099323568.1']
    Key: Name, Value: ['WP_099323568.1']
    Key: Ontology_term, Value: ['GO:0043571', 'GO:0003674']
    Key: Parent, Value: ['gene-KsCSTR_RS09180']
    Key: gbkey, Value: ['CDS']
    Key: gene, Value: ['csm5']
    Key: go_function, Value: ['molecular_function|0003674||IEA']
    Key: go_process, Value: ['maintenance of CRISPR repeat elements|0043571||IEA']
    Key: inference, Value: ['COORDINATES: protein motif:HMM:TIGR01899.1']
    Key: locus_tag, Value: ['KsCSTR_RS09180']
    Key: phase, Value: ['0']
    Key: product, Value: ['type III-A CRISPR-associated RAMP protein Csm5']
    Key: protein_id, Value: ['WP_099323568.1']
    Key: source, Value: ['Protein Homology']
    Key: transl_table, Value: ['11']

GF(type III-A CRISPR-associated RAMP protein Csm5, 10982-12152 (1))
type: CDS
location: [2053145:2053541](+)
id: cds-WP_099323567.1
qualifiers:
    Key: Dbxref, Value: ['GenBank:WP_099323567.1']
    Key: ID, Value: ['cds-WP_099323567.1']
    Key: Name, Value: ['WP_099323567.1']
    Key: Parent, Value: ['gene-KsCSTR_RS09185']
    Key: gbkey, Value: ['CDS']
    Key: inference, Value: ['COORDINATES: ab initio prediction:GeneMarkS-2+']
    Key: locus_tag, Value: ['KsCSTR_RS09185']
    Key: phase, Value: ['0']
    Key: product, Value: ['hypothetical protein']
    Key: protein_id, Value: ['WP_099323567.1']
    Key: source, Value: ['GeneMarkS-2+']
    Key: transl_table, Value: ['11']

GF(None, 12174-12570 (1))
type: CDS
location: [2053548:2054934](+)
id: cds-WP_099323566.1
qualifiers:
    Key: Dbxref, Value: ['GenBank:WP_099323566.1']
    Key: ID, Value: ['cds-WP_099323566.1']
    Key: Name, Value: ['WP_099323566.1']
    Key: Parent, Value: ['gene-KsCSTR_RS09190']
    Key: gbkey, Value: ['CDS']
    Key: inference, Value: ['COORDINATES: protein motif:HMM:NF021196.3']
    Key: locus_tag, Value: ['KsCSTR_RS09190']
    Key: phase, Value: ['0']
    Key: product, Value: ['hypothetical protein']
    Key: protein_id, Value: ['WP_099323566.1']
    Key: source, Value: ['Protein Homology']
    Key: transl_table, Value: ['11']

GF(None, 12577-13963 (1))
type: CDS
location: [2055216:2055348](+)
id: cds-WP_261341074.1
qualifiers:
    Key: Dbxref, Value: ['GenBank:WP_261341074.1']
    Key: ID, Value: ['cds-WP_261341074.1']
    Key: Name, Value: ['WP_261341074.1']
    Key: Parent, Value: ['gene-KsCSTR_RS20185']
    Key: gbkey, Value: ['CDS']
    Key: inference, Value: ['COORDINATES: ab initio prediction:GeneMarkS-2+']
    Key: locus_tag, Value: ['KsCSTR_RS20185']
    Key: phase, Value: ['0']
    Key: product, Value: ['hypothetical protein']
    Key: protein_id, Value: ['WP_261341074.1']
    Key: source, Value: ['GeneMarkS-2+']
    Key: transl_table, Value: ['11']

GF(None, 14245-14377 (1))
type: CDS
location: [2055597:2056503](+)
id: cds-WP_164994922.1
qualifiers:
    Key: Dbxref, Value: ['GenBank:WP_164994922.1']
    Key: ID, Value: ['cds-WP_164994922.1']
    Key: Name, Value: ['WP_164994922.1']
    Key: Parent, Value: ['gene-KsCSTR_RS09195']
    Key: gbkey, Value: ['CDS']
    Key: inference, Value: ['COORDINATES: ab initio prediction:GeneMarkS-2+']
    Key: locus_tag, Value: ['KsCSTR_RS09195']
    Key: phase, Value: ['0']
    Key: product, Value: ['hypothetical protein']
    Key: protein_id, Value: ['WP_164994922.1']
    Key: source, Value: ['GeneMarkS-2+']
    Key: transl_table, Value: ['11']

GF(None, 14626-15532 (1))
type: CDS
location: [2056499:2056739](+)
id: cds-WP_197705297.1
qualifiers:
    Key: Dbxref, Value: ['GenBank:WP_197705297.1']
    Key: ID, Value: ['cds-WP_197705297.1']
    Key: Name, Value: ['WP_197705297.1']
    Key: Parent, Value: ['gene-KsCSTR_RS09200']
    Key: gbkey, Value: ['CDS']
    Key: inference, Value: ['COORDINATES: protein motif:HMM:NF021159.3']
    Key: locus_tag, Value: ['KsCSTR_RS09200']
    Key: phase, Value: ['0']
    Key: product, Value: ['CRISPR-associated protein Csx3']
    Key: protein_id, Value: ['WP_197705297.1']
    Key: source, Value: ['Protein Homology']
    Key: transl_table, Value: ['11']

GF(CRISPR-associated protein Csx3, 15528-15768 (1))
type: CDS
location: [2056741:2057686](+)
id: cds-WP_099323564.1
qualifiers:
    Key: Dbxref, Value: ['GenBank:WP_099323564.1']
    Key: ID, Value: ['cds-WP_099323564.1']
    Key: Name, Value: ['WP_099323564.1']
    Key: Parent, Value: ['gene-KsCSTR_RS09205']
    Key: gbkey, Value: ['CDS']
    Key: inference, Value: ['COORDINATES: protein motif:HMM:NF012307.3']
    Key: locus_tag, Value: ['KsCSTR_RS09205']
    Key: phase, Value: ['0']
    Key: product, Value: ['reverse transcriptase domain-containing protein']
    Key: protein_id, Value: ['WP_099323564.1']
    Key: source, Value: ['Protein Homology']
    Key: transl_table, Value: ['11']

GF(reverse transcriptase domain-containing protein, 15770-16715 (1))
type: CDS
location: [2057667:2058669](+)
id: cds-WP_099323563.1
qualifiers:
    Key: Dbxref, Value: ['GenBank:WP_099323563.1']
    Key: ID, Value: ['cds-WP_099323563.1']
    Key: Name, Value: ['WP_099323563.1']
    Key: Ontology_term, Value: ['GO:0043571', 'GO:0004520', 'GO:0046872']
    Key: Parent, Value: ['gene-KsCSTR_RS09210']
    Key: gbkey, Value: ['CDS']
    Key: gene, Value: ['cas1']
    Key: go_function, Value: ['DNA endonuclease activity|0004520||IEA', 'metal ion binding|0046872||IEA']
    Key: go_process, Value: ['maintenance of CRISPR repeat elements|0043571||IEA']
    Key: inference, Value: ['COORDINATES: protein motif:HMM:TIGR00287.1']
    Key: locus_tag, Value: ['KsCSTR_RS09210']
    Key: phase, Value: ['0']
    Key: product, Value: ['CRISPR-associated endonuclease Cas1']
    Key: protein_id, Value: ['WP_099323563.1']
    Key: source, Value: ['Protein Homology']
    Key: transl_table, Value: ['11']

GF(CRISPR-associated endonuclease Cas1, 16696-17698 (1))
type: CDS
location: [2058672:2058948](+)
id: cds-WP_099323562.1
qualifiers:
    Key: Dbxref, Value: ['GenBank:WP_099323562.1']
    Key: ID, Value: ['cds-WP_099323562.1']
    Key: Name, Value: ['WP_099323562.1']
    Key: Ontology_term, Value: ['GO:0043571', 'GO:0004521']
    Key: Parent, Value: ['gene-KsCSTR_RS09215']
    Key: gbkey, Value: ['CDS']
    Key: gene, Value: ['cas2']
    Key: go_function, Value: ['RNA endonuclease activity|0004521||IEA']
    Key: go_process, Value: ['maintenance of CRISPR repeat elements|0043571||IEA']
    Key: inference, Value: ['COORDINATES: protein motif:HMM:TIGR01573.1']
    Key: locus_tag, Value: ['KsCSTR_RS09215']
    Key: phase, Value: ['0']
    Key: product, Value: ['CRISPR-associated endonuclease Cas2']
    Key: protein_id, Value: ['WP_099323562.1']
    Key: source, Value: ['Protein Homology']
    Key: transl_table, Value: ['11']

GF(CRISPR-associated endonuclease Cas2, 17701-17977 (1))
type: CDS
location: [2060319:2060745](-)
id: cds-WP_164994924.1
qualifiers:
    Key: Dbxref, Value: ['GenBank:WP_164994924.1']
    Key: ID, Value: ['cds-WP_164994924.1']
    Key: Name, Value: ['WP_164994924.1']
    Key: Ontology_term, Value: ['GO:0004803']
    Key: Parent, Value: ['gene-KsCSTR_RS09225']
    Key: gbkey, Value: ['CDS']
    Key: gene, Value: ['tnpA']
    Key: go_function, Value: ['transposase activity|0004803||IEA']
    Key: inference, Value: ['COORDINATES: similar to AA sequence:RefSeq:WP_011758714.1']
    Key: locus_tag, Value: ['KsCSTR_RS09225']
    Key: phase, Value: ['0']
    Key: product, Value: ['IS200/IS605 family transposase']
    Key: protein_id, Value: ['WP_164994924.1']
    Key: source, Value: ['Protein Homology']
    Key: transl_table, Value: ['11']

GF(IS200/IS605 family transposase, 19348-19774 (-1))
type: CDS
location: [2062115:2062316](+)
id: cds-WP_164994925.1
qualifiers:
    Key: Dbxref, Value: ['GenBank:WP_164994925.1']
    Key: ID, Value: ['cds-WP_164994925.1']
    Key: Name, Value: ['WP_164994925.1']
    Key: Parent, Value: ['gene-KsCSTR_RS09230']
    Key: gbkey, Value: ['CDS']
    Key: inference, Value: ['COORDINATES: ab initio prediction:GeneMarkS-2+']
    Key: locus_tag, Value: ['KsCSTR_RS09230']
    Key: phase, Value: ['0']
    Key: product, Value: ['hypothetical protein']
    Key: protein_id, Value: ['WP_164994925.1']
    Key: source, Value: ['GeneMarkS-2+']
    Key: transl_table, Value: ['11']

GF(None, 21144-21345 (1))
type: repeat_region
location: [2046224:2046488](+)
id: NZ_CP049055.1_2
qualifiers:
    Key: Dbxref, Value: ['SO:0001459']
    Key: ID, Value: ['NZ_CP049055.1_2']
    Key: Note, Value: ['GTGGAAATCATTGACCTGATGTAGAAGGGATTGAGAC']
    Key: Ontology_term, Value: ['CRISPR']
    Key: score, Value: ['264']
    Key: source, Value: ['CCTyper']

GF(Repeat region, 5253-5517 (0))
type: repeat_region
location: [2059153:2059926](+)
id: NZ_CP049055.1_3
qualifiers:
    Key: Dbxref, Value: ['SO:0001459']
    Key: ID, Value: ['NZ_CP049055.1_3']
    Key: Note, Value: ['GTGGAAATCATTGACCTGATGTAGAAGGGATTGAGAC']
    Key: Ontology_term, Value: ['CRISPR']
    Key: score, Value: ['773']
    Key: source, Value: ['CCTyper']

GF(Repeat region, 18182-18955 (0))
graphic feature from known effectors: GF(csx1, 12578-13963 (1))
graphic feature from known effectors: GF(cam1, 14627-15532 (1))
[GF(ATP synthase F1 subunit epsilon, 567-972 (1)), GF(dTDP-glucose 4,6-dehydratase, 1103-2126 (1)), GF(None, 2149-2602 (1)), GF(tRNA (adenosine(37)-N6)-threonylcarbamoyltransferase complex dimerization subunit type 1 TsaB, 2659-3337 (-1)), GF(None, 3419-3557 (1)), GF(CRISPR system precrRNA processing endoribonuclease RAMP protein Cas6, 3999-4962 (1)), GF(four helix bundle protein, 5573-5957 (1)), GF(type III-A CRISPR-associated protein Cas10/Csm1, 6217-8716 (1)), GF(type III-A CRISPR-associated protein Csm2, 8737-9172 (1)), GF(type III-A CRISPR-associated RAMP protein Csm3, 9190-9988 (1)), GF(type III-A CRISPR-associated RAMP protein Csm4, 9997-10972 (1)), GF(type III-A CRISPR-associated RAMP protein Csm5, 10982-12152 (1)), GF(None, 12174-12570 (1)), GF(None, 12577-13963 (1)), GF(None, 14245-14377 (1)), GF(None, 14626-15532 (1)), GF(CRISPR-associated protein Csx3, 15528-15768 (1)), GF(reverse transcriptase domain-containing protein, 15770-16715 (1)), GF(CRISPR-associated endonuclease Cas1, 16696-17698 (1)), GF(CRISPR-associated endonuclease Cas2, 17701-17977 (1)), GF(IS200/IS605 family transposase, 19348-19774 (-1)), GF(None, 21144-21345 (1)), GF(Repeat region, 5253-5517 (0)), GF(Repeat region, 18182-18955 (0)), GF(csx1, 12578-13963 (1)), GF(cam1, 14627-15532 (1)), GF(CRISPR-Cas locus, 4000-17977 (0))]
