Cas operons file:    Unnamed: 0       Contig  ...           locus_id           sample
0           2  NC_010424.1  ...  GCF_000018425.1_2  GCF_000018425.1

[1 rows x 19 columns]
The chosen contig: NC_010424.1
type: CDS
location: [1912285:1913680](+)
id: cds-WP_012301814.1-4
qualifiers:
    Key: Dbxref, Value: ['GenBank:WP_012301814.1']
    Key: ID, Value: ['cds-WP_012301814.1-4']
    Key: Name, Value: ['WP_012301814.1']
    Key: Ontology_term, Value: ['GO:0006313', 'GO:0004803']
    Key: Parent, Value: ['gene-DAUD_RS09145']
    Key: gbkey, Value: ['CDS']
    Key: go_function, Value: ['transposase activity|0004803||IEA']
    Key: go_process, Value: ['DNA transposition|0006313||IEA']
    Key: inference, Value: ['COORDINATES: similar to AA sequence:RefSeq:WP_012301814.1']
    Key: locus_tag, Value: ['DAUD_RS09145']
    Key: phase, Value: ['0']
    Key: product, Value: ['ISNCY-like element ISCde2 family transposase']
    Key: protein_id, Value: ['WP_012301814.1']
    Key: source, Value: ['Protein Homology']
    Key: transl_table, Value: ['11']

GF(ISNCY-like element ISCde2 family transposase, 2248-3643 (1))
type: CDS
location: [1914036:1914300](-)
id: cds-WP_012302882.1
qualifiers:
    Key: Dbxref, Value: ['GenBank:WP_012302882.1']
    Key: ID, Value: ['cds-WP_012302882.1']
    Key: Name, Value: ['WP_012302882.1']
    Key: Ontology_term, Value: ['GO:0043571', 'GO:0004521']
    Key: Parent, Value: ['gene-DAUD_RS09150']
    Key: gbkey, Value: ['CDS']
    Key: gene, Value: ['cas2']
    Key: go_function, Value: ['RNA endonuclease activity|0004521||IEA']
    Key: go_process, Value: ['maintenance of CRISPR repeat elements|0043571||IEA']
    Key: inference, Value: ['COORDINATES: similar to AA sequence:RefSeq:WP_013821597.1']
    Key: locus_tag, Value: ['DAUD_RS09150']
    Key: phase, Value: ['0']
    Key: product, Value: ['CRISPR-associated endonuclease Cas2']
    Key: protein_id, Value: ['WP_012302882.1']
    Key: source, Value: ['Protein Homology']
    Key: transl_table, Value: ['11']

GF(CRISPR-associated endonuclease Cas2, 3999-4263 (-1))
type: CDS
location: [1914302:1915298](-)
id: cds-WP_012302883.1
qualifiers:
    Key: Dbxref, Value: ['GenBank:WP_012302883.1']
    Key: ID, Value: ['cds-WP_012302883.1']
    Key: Name, Value: ['WP_012302883.1']
    Key: Ontology_term, Value: ['GO:0043571', 'GO:0004520']
    Key: Parent, Value: ['gene-DAUD_RS09155']
    Key: gbkey, Value: ['CDS']
    Key: gene, Value: ['cas1b']
    Key: go_function, Value: ['DNA endonuclease activity|0004520||IEA']
    Key: go_process, Value: ['maintenance of CRISPR repeat elements|0043571||IEA']
    Key: inference, Value: ['COORDINATES: similar to AA sequence:RefSeq:WP_018212760.1']
    Key: locus_tag, Value: ['DAUD_RS09155']
    Key: phase, Value: ['0']
    Key: product, Value: ['type I-B CRISPR-associated endonuclease Cas1b']
    Key: protein_id, Value: ['WP_012302883.1']
    Key: source, Value: ['Protein Homology']
    Key: transl_table, Value: ['11']

GF(type I-B CRISPR-associated endonuclease Cas1b, 4265-5261 (-1))
type: CDS
location: [1915322:1915859](-)
id: cds-WP_012302884.1
qualifiers:
    Key: Dbxref, Value: ['GenBank:WP_012302884.1']
    Key: ID, Value: ['cds-WP_012302884.1']
    Key: Name, Value: ['WP_012302884.1']
    Key: Ontology_term, Value: ['GO:0043571', 'GO:0004518']
    Key: Parent, Value: ['gene-DAUD_RS09160']
    Key: gbkey, Value: ['CDS']
    Key: gene, Value: ['cas4']
    Key: go_function, Value: ['nuclease activity|0004518||IEA']
    Key: go_process, Value: ['maintenance of CRISPR repeat elements|0043571||IEA']
    Key: inference, Value: ['COORDINATES: similar to AA sequence:RefSeq:WP_012033071.1']
    Key: locus_tag, Value: ['DAUD_RS09160']
    Key: phase, Value: ['0']
    Key: product, Value: ['CRISPR-associated protein Cas4']
    Key: protein_id, Value: ['WP_012302884.1']
    Key: source, Value: ['Protein Homology']
    Key: transl_table, Value: ['11']

GF(CRISPR-associated protein Cas4, 5285-5822 (-1))
type: CDS
location: [1915913:1918103](-)
id: cds-WP_012302885.1
qualifiers:
    Key: Dbxref, Value: ['GenBank:WP_012302885.1']
    Key: ID, Value: ['cds-WP_012302885.1']
    Key: Name, Value: ['WP_012302885.1']
    Key: Parent, Value: ['gene-DAUD_RS09165']
    Key: gbkey, Value: ['CDS']
    Key: inference, Value: ['COORDINATES: protein motif:HMM:TIGR01587.1']
    Key: locus_tag, Value: ['DAUD_RS09165']
    Key: phase, Value: ['0']
    Key: product, Value: ['CRISPR-associated helicase/endonuclease Cas3']
    Key: protein_id, Value: ['WP_012302885.1']
    Key: source, Value: ['Protein Homology']
    Key: transl_table, Value: ['11']

GF(CRISPR-associated helicase/endonuclease Cas3, 5876-8066 (-1))
type: CDS
location: [1918057:1918807](-)
id: cds-WP_041570922.1
qualifiers:
    Key: Dbxref, Value: ['GenBank:WP_041570922.1']
    Key: ID, Value: ['cds-WP_041570922.1']
    Key: Name, Value: ['WP_041570922.1']
    Key: Ontology_term, Value: ['GO:0043571', 'GO:0003674']
    Key: Parent, Value: ['gene-DAUD_RS09170']
    Key: gbkey, Value: ['CDS']
    Key: gene, Value: ['cas5']
    Key: go_function, Value: ['molecular_function|0003674||IEA']
    Key: go_process, Value: ['maintenance of CRISPR repeat elements|0043571||IEA']
    Key: inference, Value: ['COORDINATES: protein motif:HMM:NF021240.4']
    Key: locus_tag, Value: ['DAUD_RS09170']
    Key: phase, Value: ['0']
    Key: product, Value: ['CRISPR-associated protein Cas5']
    Key: protein_id, Value: ['WP_041570922.1']
    Key: source, Value: ['Protein Homology']
    Key: transl_table, Value: ['11']

GF(CRISPR-associated protein Cas5, 8020-8770 (-1))
type: CDS
location: [1918803:1919778](-)
id: cds-WP_012302887.1
qualifiers:
    Key: Dbxref, Value: ['GenBank:WP_012302887.1']
    Key: ID, Value: ['cds-WP_012302887.1']
    Key: Name, Value: ['WP_012302887.1']
    Key: Ontology_term, Value: ['GO:0043571', 'GO:0003674']
    Key: Parent, Value: ['gene-DAUD_RS09175']
    Key: gbkey, Value: ['CDS']
    Key: gene, Value: ['cas7i']
    Key: go_function, Value: ['molecular_function|0003674||IEA']
    Key: go_process, Value: ['maintenance of CRISPR repeat elements|0043571||IEA']
    Key: inference, Value: ['COORDINATES: protein motif:HMM:TIGR02585.1']
    Key: locus_tag, Value: ['DAUD_RS09175']
    Key: phase, Value: ['0']
    Key: product, Value: ['type I-B CRISPR-associated protein Cas7/Cst2/DevR']
    Key: protein_id, Value: ['WP_012302887.1']
    Key: source, Value: ['Protein Homology']
    Key: transl_table, Value: ['11']

GF(type I-B CRISPR-associated protein Cas7/Cst2/DevR, 8766-9741 (-1))
type: CDS
location: [1919755:1921300](-)
id: cds-WP_012302888.1
qualifiers:
    Key: Dbxref, Value: ['GenBank:WP_012302888.1']
    Key: ID, Value: ['cds-WP_012302888.1']
    Key: Name, Value: ['WP_012302888.1']
    Key: Parent, Value: ['gene-DAUD_RS09180']
    Key: gbkey, Value: ['CDS']
    Key: inference, Value: ['COORDINATES: ab initio prediction:GeneMarkS-2+']
    Key: locus_tag, Value: ['DAUD_RS09180']
    Key: phase, Value: ['0']
    Key: product, Value: ['hypothetical protein']
    Key: protein_id, Value: ['WP_012302888.1']
    Key: source, Value: ['GeneMarkS-2+']
    Key: transl_table, Value: ['11']

GF(None, 9718-11263 (-1))
type: CDS
location: [1921460:1922255](-)
id: cds-WP_012302889.1
qualifiers:
    Key: Dbxref, Value: ['GenBank:WP_012302889.1']
    Key: ID, Value: ['cds-WP_012302889.1']
    Key: Name, Value: ['WP_012302889.1']
    Key: Ontology_term, Value: ['GO:0043571', 'GO:0004521']
    Key: Parent, Value: ['gene-DAUD_RS09185']
    Key: gbkey, Value: ['CDS']
    Key: gene, Value: ['cas6']
    Key: go_function, Value: ['RNA endonuclease activity|0004521||IEA']
    Key: go_process, Value: ['maintenance of CRISPR repeat elements|0043571||IEA']
    Key: inference, Value: ['COORDINATES: similar to AA sequence:RefSeq:WP_013821590.1']
    Key: locus_tag, Value: ['DAUD_RS09185']
    Key: phase, Value: ['0']
    Key: product, Value: ['CRISPR-associated endoribonuclease Cas6']
    Key: protein_id, Value: ['WP_012302889.1']
    Key: source, Value: ['Protein Homology']
    Key: transl_table, Value: ['11']

GF(CRISPR-associated endoribonuclease Cas6, 11423-12218 (-1))
type: CDS
location: [1922302:1923274](-)
id: cds-WP_012302890.1
qualifiers:
    Key: Dbxref, Value: ['GenBank:WP_012302890.1']
    Key: ID, Value: ['cds-WP_012302890.1']
    Key: Name, Value: ['WP_012302890.1']
    Key: Ontology_term, Value: ['GO:0043571', 'GO:0003674']
    Key: Parent, Value: ['gene-DAUD_RS09190']
    Key: gbkey, Value: ['CDS']
    Key: gene, Value: ['cmr6']
    Key: go_function, Value: ['molecular_function|0003674||IEA']
    Key: go_process, Value: ['maintenance of CRISPR repeat elements|0043571||IEA']
    Key: inference, Value: ['COORDINATES: similar to AA sequence:RefSeq:WP_013821589.1']
    Key: locus_tag, Value: ['DAUD_RS09190']
    Key: phase, Value: ['0']
    Key: product, Value: ['type III-B CRISPR module RAMP protein Cmr6']
    Key: protein_id, Value: ['WP_012302890.1']
    Key: source, Value: ['Protein Homology']
    Key: transl_table, Value: ['11']

GF(type III-B CRISPR module RAMP protein Cmr6, 12265-13237 (-1))
type: CDS
location: [1923270:1923648](-)
id: cds-WP_012302891.1
qualifiers:
    Key: Dbxref, Value: ['GenBank:WP_012302891.1']
    Key: ID, Value: ['cds-WP_012302891.1']
    Key: Name, Value: ['WP_012302891.1']
    Key: Ontology_term, Value: ['GO:0043571', 'GO:0003674']
    Key: Parent, Value: ['gene-DAUD_RS09195']
    Key: gbkey, Value: ['CDS']
    Key: gene, Value: ['cmr5']
    Key: go_function, Value: ['molecular_function|0003674||IEA']
    Key: go_process, Value: ['maintenance of CRISPR repeat elements|0043571||IEA']
    Key: inference, Value: ['COORDINATES: similar to AA sequence:RefSeq:WP_013821588.1']
    Key: locus_tag, Value: ['DAUD_RS09195']
    Key: phase, Value: ['0']
    Key: product, Value: ['type III-B CRISPR module-associated protein Cmr5']
    Key: protein_id, Value: ['WP_012302891.1']
    Key: source, Value: ['Protein Homology']
    Key: transl_table, Value: ['11']

GF(type III-B CRISPR module-associated protein Cmr5, 13233-13611 (-1))
type: CDS
location: [1923650:1924511](-)
id: cds-WP_200858704.1
qualifiers:
    Key: Dbxref, Value: ['GenBank:WP_200858704.1']
    Key: ID, Value: ['cds-WP_200858704.1']
    Key: Name, Value: ['WP_200858704.1']
    Key: Ontology_term, Value: ['GO:0043571', 'GO:0003674']
    Key: Parent, Value: ['gene-DAUD_RS09200']
    Key: gbkey, Value: ['CDS']
    Key: gene, Value: ['cmr4']
    Key: go_function, Value: ['molecular_function|0003674||IEA']
    Key: go_process, Value: ['maintenance of CRISPR repeat elements|0043571||IEA']
    Key: inference, Value: ['COORDINATES: similar to AA sequence:RefSeq:WP_013821587.1']
    Key: locus_tag, Value: ['DAUD_RS09200']
    Key: phase, Value: ['0']
    Key: product, Value: ['type III-B CRISPR module RAMP protein Cmr4']
    Key: protein_id, Value: ['WP_200858704.1']
    Key: source, Value: ['Protein Homology']
    Key: transl_table, Value: ['11']

GF(type III-B CRISPR module RAMP protein Cmr4, 13613-14474 (-1))
type: CDS
location: [1924527:1925796](-)
id: cds-WP_242647842.1
qualifiers:
    Key: Dbxref, Value: ['GenBank:WP_242647842.1']
    Key: ID, Value: ['cds-WP_242647842.1']
    Key: Name, Value: ['WP_242647842.1']
    Key: Ontology_term, Value: ['GO:0043571', 'GO:0003674']
    Key: Parent, Value: ['gene-DAUD_RS09205']
    Key: gbkey, Value: ['CDS']
    Key: gene, Value: ['cmr1']
    Key: go_function, Value: ['molecular_function|0003674||IEA']
    Key: go_process, Value: ['maintenance of CRISPR repeat elements|0043571||IEA']
    Key: inference, Value: ['COORDINATES: similar to AA sequence:RefSeq:WP_013821586.1']
    Key: locus_tag, Value: ['DAUD_RS09205']
    Key: phase, Value: ['0']
    Key: product, Value: ['type III-B CRISPR module RAMP protein Cmr1']
    Key: protein_id, Value: ['WP_242647842.1']
    Key: source, Value: ['Protein Homology']
    Key: transl_table, Value: ['11']

GF(type III-B CRISPR module RAMP protein Cmr1, 14490-15759 (-1))
type: CDS
location: [1925894:1927070](-)
id: cds-WP_012302894.1
qualifiers:
    Key: Dbxref, Value: ['GenBank:WP_012302894.1']
    Key: ID, Value: ['cds-WP_012302894.1']
    Key: Name, Value: ['WP_012302894.1']
    Key: Parent, Value: ['gene-DAUD_RS09210']
    Key: gbkey, Value: ['CDS']
    Key: inference, Value: ['COORDINATES: similar to AA sequence:RefSeq:WP_013821585.1']
    Key: locus_tag, Value: ['DAUD_RS09210']
    Key: phase, Value: ['0']
    Key: product, Value: ['type III-B CRISPR module-associated protein Cmr3']
    Key: protein_id, Value: ['WP_012302894.1']
    Key: source, Value: ['Protein Homology']
    Key: transl_table, Value: ['11']

GF(type III-B CRISPR module-associated protein Cmr3, 15857-17033 (-1))
type: CDS
location: [1927050:1928874](-)
id: cds-WP_012302895.1
qualifiers:
    Key: Dbxref, Value: ['GenBank:WP_012302895.1']
    Key: ID, Value: ['cds-WP_012302895.1']
    Key: Name, Value: ['WP_012302895.1']
    Key: Ontology_term, Value: ['GO:0043571', 'GO:0003674']
    Key: Parent, Value: ['gene-DAUD_RS09215']
    Key: gbkey, Value: ['CDS']
    Key: gene, Value: ['cas10']
    Key: go_function, Value: ['molecular_function|0003674||IEA']
    Key: go_process, Value: ['maintenance of CRISPR repeat elements|0043571||IEA']
    Key: inference, Value: ['COORDINATES: similar to AA sequence:RefSeq:WP_013821584.1']
    Key: locus_tag, Value: ['DAUD_RS09215']
    Key: phase, Value: ['0']
    Key: product, Value: ['type III-B CRISPR-associated protein Cas10/Cmr2']
    Key: protein_id, Value: ['WP_012302895.1']
    Key: source, Value: ['Protein Homology']
    Key: transl_table, Value: ['11']

GF(type III-B CRISPR-associated protein Cas10/Cmr2, 17013-18837 (-1))
type: CDS
location: [1928929:1929844](-)
id: cds-WP_012302896.1
qualifiers:
    Key: Dbxref, Value: ['GenBank:WP_012302896.1']
    Key: ID, Value: ['cds-WP_012302896.1']
    Key: Name, Value: ['WP_012302896.1']
    Key: Parent, Value: ['gene-DAUD_RS09220']
    Key: gbkey, Value: ['CDS']
    Key: gene, Value: ['csx15']
    Key: inference, Value: ['COORDINATES: protein motif:HMM:NF016232.4']
    Key: locus_tag, Value: ['DAUD_RS09220']
    Key: phase, Value: ['0']
    Key: product, Value: ['CRISPR-associated protein Csx15']
    Key: protein_id, Value: ['WP_012302896.1']
    Key: source, Value: ['Protein Homology']
    Key: transl_table, Value: ['11']

GF(CRISPR-associated protein Csx15, 18892-19807 (-1))
type: CDS
location: [1930022:1930403](-)
id: cds-WP_012302897.1
qualifiers:
    Key: Dbxref, Value: ['GenBank:WP_012302897.1']
    Key: ID, Value: ['cds-WP_012302897.1']
    Key: Name, Value: ['WP_012302897.1']
    Key: Parent, Value: ['gene-DAUD_RS09225']
    Key: gbkey, Value: ['CDS']
    Key: gene, Value: ['csx15']
    Key: inference, Value: ['COORDINATES: similar to AA sequence:RefSeq:WP_012033085.1']
    Key: locus_tag, Value: ['DAUD_RS09225']
    Key: phase, Value: ['0']
    Key: product, Value: ['CRISPR-associated protein Csx15']
    Key: protein_id, Value: ['WP_012302897.1']
    Key: source, Value: ['Protein Homology']
    Key: transl_table, Value: ['11']

GF(CRISPR-associated protein Csx15, 19985-20366 (-1))
type: CDS
location: [1930409:1930592](-)
id: cds-WP_041570923.1
qualifiers:
    Key: Dbxref, Value: ['GenBank:WP_041570923.1']
    Key: ID, Value: ['cds-WP_041570923.1']
    Key: Name, Value: ['WP_041570923.1']
    Key: Parent, Value: ['gene-DAUD_RS09230']
    Key: gbkey, Value: ['CDS']
    Key: inference, Value: ['COORDINATES: ab initio prediction:GeneMarkS-2+']
    Key: locus_tag, Value: ['DAUD_RS09230']
    Key: phase, Value: ['0']
    Key: product, Value: ['hypothetical protein']
    Key: protein_id, Value: ['WP_041570923.1']
    Key: source, Value: ['GeneMarkS-2+']
    Key: transl_table, Value: ['11']

GF(None, 20372-20555 (-1))
type: CDS
location: [1930593:1931487](-)
id: cds-WP_166485173.1
qualifiers:
    Key: Dbxref, Value: ['GenBank:WP_166485173.1']
    Key: ID, Value: ['cds-WP_166485173.1']
    Key: Name, Value: ['WP_166485173.1']
    Key: Parent, Value: ['gene-DAUD_RS09235']
    Key: gbkey, Value: ['CDS']
    Key: inference, Value: ['COORDINATES: similar to AA sequence:RefSeq:WP_012033087.1']
    Key: locus_tag, Value: ['DAUD_RS09235']
    Key: phase, Value: ['0']
    Key: product, Value: ['CRISPR-associated ring nuclease']
    Key: protein_id, Value: ['WP_166485173.1']
    Key: source, Value: ['Protein Homology']
    Key: transl_table, Value: ['11']

GF(CRISPR-associated ring nuclease, 20556-21450 (-1))
type: CDS
location: [1931737:1931947](-)
id: cds-WP_041570924.1
qualifiers:
    Key: Dbxref, Value: ['GenBank:WP_041570924.1']
    Key: ID, Value: ['cds-WP_041570924.1']
    Key: Name, Value: ['WP_041570924.1']
    Key: Parent, Value: ['gene-DAUD_RS09240']
    Key: gbkey, Value: ['CDS']
    Key: inference, Value: ['COORDINATES: protein motif:HMM:NF024585.4']
    Key: locus_tag, Value: ['DAUD_RS09240']
    Key: phase, Value: ['0']
    Key: product, Value: ['4Fe-4S dicluster domain-containing protein']
    Key: protein_id, Value: ['WP_041570924.1']
    Key: source, Value: ['Protein Homology']
    Key: transl_table, Value: ['11']

GF(4Fe-4S dicluster domain-containing protein, 21700-21910 (-1))
type: CDS
location: [1931946:1932126](-)
id: cds-WP_166485174.1
qualifiers:
    Key: Dbxref, Value: ['GenBank:WP_166485174.1']
    Key: ID, Value: ['cds-WP_166485174.1']
    Key: Name, Value: ['WP_166485174.1']
    Key: Parent, Value: ['gene-DAUD_RS12560']
    Key: gbkey, Value: ['CDS']
    Key: inference, Value: ['COORDINATES: ab initio prediction:GeneMarkS-2+']
    Key: locus_tag, Value: ['DAUD_RS12560']
    Key: phase, Value: ['0']
    Key: product, Value: ['hypothetical protein']
    Key: protein_id, Value: ['WP_166485174.1']
    Key: source, Value: ['GeneMarkS-2+']
    Key: transl_table, Value: ['11']

GF(None, 21909-22089 (-1))
type: CDS
location: [1932247:1932415](-)
id: cds-WP_166485175.1
qualifiers:
    Key: Dbxref, Value: ['GenBank:WP_166485175.1']
    Key: ID, Value: ['cds-WP_166485175.1']
    Key: Name, Value: ['WP_166485175.1']
    Key: Parent, Value: ['gene-DAUD_RS12565']
    Key: gbkey, Value: ['CDS']
    Key: inference, Value: ['COORDINATES: ab initio prediction:GeneMarkS-2+']
    Key: locus_tag, Value: ['DAUD_RS12565']
    Key: phase, Value: ['0']
    Key: product, Value: ['hypothetical protein']
    Key: protein_id, Value: ['WP_166485175.1']
    Key: source, Value: ['GeneMarkS-2+']
    Key: transl_table, Value: ['11']

GF(None, 22210-22378 (-1))
type: CDS
location: [1932411:1932741](-)
id: cds-WP_012302899.1
qualifiers:
    Key: Dbxref, Value: ['GenBank:WP_012302899.1']
    Key: ID, Value: ['cds-WP_012302899.1']
    Key: Name, Value: ['WP_012302899.1']
    Key: Ontology_term, Value: ['GO:0003677']
    Key: Parent, Value: ['gene-DAUD_RS09245']
    Key: gbkey, Value: ['CDS']
    Key: go_function, Value: ['DNA binding|0003677||IEA']
    Key: inference, Value: ['COORDINATES: protein motif:HMM:NF024139.4']
    Key: locus_tag, Value: ['DAUD_RS09245']
    Key: phase, Value: ['0']
    Key: product, Value: ['helix-turn-helix domain-containing protein']
    Key: protein_id, Value: ['WP_012302899.1']
    Key: source, Value: ['Protein Homology']
    Key: transl_table, Value: ['11']

GF(helix-turn-helix domain-containing protein, 22374-22704 (-1))
type: CDS
location: [1932730:1933288](-)
id: cds-WP_083756654.1
qualifiers:
    Key: Dbxref, Value: ['GenBank:WP_083756654.1']
    Key: ID, Value: ['cds-WP_083756654.1']
    Key: Name, Value: ['WP_083756654.1']
    Key: Parent, Value: ['gene-DAUD_RS09250']
    Key: gbkey, Value: ['CDS']
    Key: inference, Value: ['COORDINATES: protein motif:HMM:NF014433.4']
    Key: locus_tag, Value: ['DAUD_RS09250']
    Key: phase, Value: ['0']
    Key: product, Value: ['ArsA-related P-loop ATPase']
    Key: protein_id, Value: ['WP_083756654.1']
    Key: source, Value: ['Protein Homology']
    Key: transl_table, Value: ['11']

GF(ArsA-related P-loop ATPase, 22693-23251 (-1))
type: CDS
location: [1933296:1933653](-)
id: cds-WP_012302900.1
qualifiers:
    Key: Dbxref, Value: ['GenBank:WP_012302900.1']
    Key: ID, Value: ['cds-WP_012302900.1']
    Key: Name, Value: ['WP_012302900.1']
    Key: Ontology_term, Value: ['GO:0003677', 'GO:0003723', 'GO:0004521']
    Key: Parent, Value: ['gene-DAUD_RS09255']
    Key: gbkey, Value: ['CDS']
    Key: go_function, Value: ['DNA binding|0003677||IEA', 'RNA binding|0003723||IEA', 'RNA endonuclease activity|0004521||IEA']
    Key: inference, Value: ['COORDINATES: similar to AA sequence:RefSeq:WP_013494693.1']
    Key: locus_tag, Value: ['DAUD_RS09255']
    Key: phase, Value: ['0']
    Key: product, Value: ['type II toxin-antitoxin system PemK/MazF family toxin']
    Key: protein_id, Value: ['WP_012302900.1']
    Key: source, Value: ['Protein Homology']
    Key: transl_table, Value: ['11']

GF(type II toxin-antitoxin system PemK/MazF family toxin, 23259-23616 (-1))
type: CDS
location: [1933642:1933879](-)
id: cds-WP_200858705.1
qualifiers:
    Key: Dbxref, Value: ['GenBank:WP_200858705.1']
    Key: ID, Value: ['cds-WP_200858705.1']
    Key: Name, Value: ['WP_200858705.1']
    Key: Parent, Value: ['gene-DAUD_RS09260']
    Key: gbkey, Value: ['CDS']
    Key: inference, Value: ['COORDINATES: ab initio prediction:GeneMarkS-2+']
    Key: locus_tag, Value: ['DAUD_RS09260']
    Key: phase, Value: ['0']
    Key: product, Value: ['ribbon-helix-helix domain-containing protein']
    Key: protein_id, Value: ['WP_200858705.1']
    Key: source, Value: ['GeneMarkS-2+']
    Key: transl_table, Value: ['11']

GF(ribbon-helix-helix domain-containing protein, 23605-23842 (-1))
type: CDS
location: [1934073:1934550](+)
id: cds-WP_012302902.1
qualifiers:
    Key: Dbxref, Value: ['GenBank:WP_012302902.1']
    Key: ID, Value: ['cds-WP_012302902.1']
    Key: Name, Value: ['WP_012302902.1']
    Key: Parent, Value: ['gene-DAUD_RS09265']
    Key: gbkey, Value: ['CDS']
    Key: inference, Value: ['COORDINATES: ab initio prediction:GeneMarkS-2+']
    Key: locus_tag, Value: ['DAUD_RS09265']
    Key: phase, Value: ['0']
    Key: product, Value: ['hypothetical protein']
    Key: protein_id, Value: ['WP_012302902.1']
    Key: source, Value: ['GeneMarkS-2+']
    Key: transl_table, Value: ['11']

GF(None, 24036-24513 (1))
type: CDS
location: [1934555:1935149](+)
id: cds-WP_041570925.1
qualifiers:
    Key: Dbxref, Value: ['GenBank:WP_041570925.1']
    Key: ID, Value: ['cds-WP_041570925.1']
    Key: Name, Value: ['WP_041570925.1']
    Key: Parent, Value: ['gene-DAUD_RS09270']
    Key: gbkey, Value: ['CDS']
    Key: inference, Value: ['COORDINATES: similar to AA sequence:RefSeq:WP_012302914.1']
    Key: locus_tag, Value: ['DAUD_RS09270']
    Key: phase, Value: ['0']
    Key: product, Value: ['hypothetical protein']
    Key: protein_id, Value: ['WP_041570925.1']
    Key: source, Value: ['Protein Homology']
    Key: transl_table, Value: ['11']

GF(None, 24518-25112 (1))
graphic feature from cctyper protein table: GF(Cas2, 4000-4263 (-1))
graphic feature from cctyper protein table: GF(Cas1, 4266-5261 (-1))
graphic feature from cctyper protein table: GF(Cas4, 5286-5822 (-1))
graphic feature from cctyper protein table: GF(Cas3, 5877-8066 (-1))
graphic feature from cctyper protein table: GF(Cas5, 8021-8770 (-1))
graphic feature from cctyper protein table: GF(Cas7, 8767-9741 (-1))
graphic feature from cctyper protein table: GF(Cas8b1, 9719-11263 (-1))
graphic feature from cctyper protein table: GF(Cas6, 11424-12218 (-1))
graphic feature from cctyper protein table: GF(Cmr6gr7, 12266-13237 (-1))
graphic feature from cctyper protein table: GF(Cmr5gr11, 13234-13611 (-1))
graphic feature from cctyper protein table: GF(Cmr4gr7, 13614-14474 (-1))
graphic feature from cctyper protein table: GF(Cmr1gr7, 14491-15759 (-1))
graphic feature from cctyper protein table: GF(Cas10, 17014-18837 (-1))
graphic feature from cctyper protein table: GF(Csx15, 18893-19807 (-1))
graphic feature from cctyper protein table: GF(Csx15, 19986-20366 (-1))
graphic feature from cctyper protein table: GF(Csx1, 20557-21450 (-1))
Index(['protein_id', 'start', 'end', 'effector', 'locus', 'sample', 'strand',
       'sequence'],
      dtype='object')
Index(['protein_id', 'start', 'end', 'effector', 'locus', 'sample', 'strand',
       'sequence', 'type'],
      dtype='object')
graphic feature from ring nucleases: GF(csx15, 19986-20366 (-1))
graphic feature from ring nucleases: GF(crn1, 20557-21450 (-1))
[GF(ISNCY-like element ISCde2 family transposase, 2248-3643 (1)), GF(CRISPR-associated endonuclease Cas2, 3999-4263 (-1)), GF(type I-B CRISPR-associated endonuclease Cas1b, 4265-5261 (-1)), GF(CRISPR-associated protein Cas4, 5285-5822 (-1)), GF(CRISPR-associated helicase/endonuclease Cas3, 5876-8066 (-1)), GF(CRISPR-associated protein Cas5, 8020-8770 (-1)), GF(type I-B CRISPR-associated protein Cas7/Cst2/DevR, 8766-9741 (-1)), GF(None, 9718-11263 (-1)), GF(CRISPR-associated endoribonuclease Cas6, 11423-12218 (-1)), GF(type III-B CRISPR module RAMP protein Cmr6, 12265-13237 (-1)), GF(type III-B CRISPR module-associated protein Cmr5, 13233-13611 (-1)), GF(type III-B CRISPR module RAMP protein Cmr4, 13613-14474 (-1)), GF(type III-B CRISPR module RAMP protein Cmr1, 14490-15759 (-1)), GF(type III-B CRISPR module-associated protein Cmr3, 15857-17033 (-1)), GF(type III-B CRISPR-associated protein Cas10/Cmr2, 17013-18837 (-1)), GF(CRISPR-associated protein Csx15, 18892-19807 (-1)), GF(CRISPR-associated protein Csx15, 19985-20366 (-1)), GF(None, 20372-20555 (-1)), GF(CRISPR-associated ring nuclease, 20556-21450 (-1)), GF(4Fe-4S dicluster domain-containing protein, 21700-21910 (-1)), GF(None, 21909-22089 (-1)), GF(None, 22210-22378 (-1)), GF(helix-turn-helix domain-containing protein, 22374-22704 (-1)), GF(ArsA-related P-loop ATPase, 22693-23251 (-1)), GF(type II toxin-antitoxin system PemK/MazF family toxin, 23259-23616 (-1)), GF(ribbon-helix-helix domain-containing protein, 23605-23842 (-1)), GF(None, 24036-24513 (1)), GF(None, 24518-25112 (1)), GF(Cas2, 4000-4263 (-1)), GF(Cas1, 4266-5261 (-1)), GF(Cas4, 5286-5822 (-1)), GF(Cas3, 5877-8066 (-1)), GF(Cas5, 8021-8770 (-1)), GF(Cas7, 8767-9741 (-1)), GF(Cas8b1, 9719-11263 (-1)), GF(Cas6, 11424-12218 (-1)), GF(Cmr6gr7, 12266-13237 (-1)), GF(Cmr5gr11, 13234-13611 (-1)), GF(Cmr4gr7, 13614-14474 (-1)), GF(Cmr1gr7, 14491-15759 (-1)), GF(Cas10, 17014-18837 (-1)), GF(Csx15, 18893-19807 (-1)), GF(Csx15, 19986-20366 (-1)), GF(Csx1, 20557-21450 (-1)), GF(csx15, 19986-20366 (-1)), GF(crn1, 20557-21450 (-1)), GF(CRISPR-Cas locus, 4000-21444 (0))]
