Cas operons file:    Unnamed: 0         Contig  ...           locus_id           sample
0           0  NZ_CP048104.1  ...  GCF_013265585.1_0  GCF_013265585.1

[1 rows x 19 columns]
The chosen contig: NZ_CP048104.1
type: CDS
location: [322685:323411](+)
id: cds-WP_173219754.1
qualifiers:
    Key: Dbxref, Value: ['GenBank:WP_173219754.1']
    Key: ID, Value: ['cds-WP_173219754.1']
    Key: Name, Value: ['WP_173219754.1']
    Key: Parent, Value: ['gene-GXN76_RS01620']
    Key: gbkey, Value: ['CDS']
    Key: inference, Value: ['COORDINATES: similar to AA sequence:RefSeq:WP_009711046.1']
    Key: locus_tag, Value: ['GXN76_RS01620']
    Key: phase, Value: ['0']
    Key: product, Value: ['D-Ala-D-Ala carboxypeptidase family metallohydrolase']
    Key: protein_id, Value: ['WP_173219754.1']
    Key: source, Value: ['Protein Homology']
    Key: transl_table, Value: ['11']

GF(D-Ala-D-Ala carboxypeptidase family metallohydrolase, 485-1211 (1))
type: CDS
location: [323562:324171](-)
id: cds-WP_173219757.1
qualifiers:
    Key: Dbxref, Value: ['GenBank:WP_173219757.1']
    Key: ID, Value: ['cds-WP_173219757.1']
    Key: Name, Value: ['WP_173219757.1']
    Key: Ontology_term, Value: ['GO:0055085']
    Key: Parent, Value: ['gene-GXN76_RS01625']
    Key: gbkey, Value: ['CDS']
    Key: go_process, Value: ['transmembrane transport|0055085||IEA']
    Key: inference, Value: ['COORDINATES: similar to AA sequence:RefSeq:WP_006208147.1']
    Key: locus_tag, Value: ['GXN76_RS01625']
    Key: phase, Value: ['0']
    Key: product, Value: ['DedA family protein']
    Key: protein_id, Value: ['WP_173219757.1']
    Key: source, Value: ['Protein Homology']
    Key: transl_table, Value: ['11']

GF(DedA family protein, 1362-1971 (-1))
type: CDS
location: [324312:325266](+)
id: cds-WP_173219760.1
qualifiers:
    Key: Dbxref, Value: ['GenBank:WP_173219760.1']
    Key: ID, Value: ['cds-WP_173219760.1']
    Key: Name, Value: ['WP_173219760.1']
    Key: Parent, Value: ['gene-GXN76_RS01630']
    Key: gbkey, Value: ['CDS']
    Key: inference, Value: ['COORDINATES: similar to AA sequence:RefSeq:WP_009709968.1']
    Key: locus_tag, Value: ['GXN76_RS01630']
    Key: phase, Value: ['0']
    Key: product, Value: ['ABC transporter permease']
    Key: protein_id, Value: ['WP_173219760.1']
    Key: source, Value: ['Protein Homology']
    Key: transl_table, Value: ['11']

GF(ABC transporter permease, 2112-3066 (1))
type: CDS
location: [325255:326206](+)
id: cds-WP_173219763.1
qualifiers:
    Key: Dbxref, Value: ['GenBank:WP_173219763.1']
    Key: ID, Value: ['cds-WP_173219763.1']
    Key: Name, Value: ['WP_173219763.1']
    Key: Parent, Value: ['gene-GXN76_RS01635']
    Key: gbkey, Value: ['CDS']
    Key: inference, Value: ['COORDINATES: similar to AA sequence:RefSeq:WP_004430269.1']
    Key: locus_tag, Value: ['GXN76_RS01635']
    Key: phase, Value: ['0']
    Key: product, Value: ['iron chelate uptake ABC transporter family permease subunit']
    Key: protein_id, Value: ['WP_173219763.1']
    Key: source, Value: ['Protein Homology']
    Key: transl_table, Value: ['11']

GF(iron chelate uptake ABC transporter family permease subunit, 3055-4006 (1))
type: CDS
location: [326199:326958](+)
id: cds-WP_173219766.1
qualifiers:
    Key: Dbxref, Value: ['GenBank:WP_173219766.1']
    Key: ID, Value: ['cds-WP_173219766.1']
    Key: Name, Value: ['WP_173219766.1']
    Key: Parent, Value: ['gene-GXN76_RS01640']
    Key: gbkey, Value: ['CDS']
    Key: inference, Value: ['COORDINATES: similar to AA sequence:RefSeq:WP_011983477.1']
    Key: locus_tag, Value: ['GXN76_RS01640']
    Key: phase, Value: ['0']
    Key: product, Value: ['ABC transporter ATP-binding protein']
    Key: protein_id, Value: ['WP_173219766.1']
    Key: source, Value: ['Protein Homology']
    Key: transl_table, Value: ['11']

GF(ABC transporter ATP-binding protein, 3999-4758 (1))
type: CDS
location: [327167:328100](+)
id: cds-WP_173219769.1
qualifiers:
    Key: Dbxref, Value: ['GenBank:WP_173219769.1']
    Key: ID, Value: ['cds-WP_173219769.1']
    Key: Name, Value: ['WP_173219769.1']
    Key: Parent, Value: ['gene-GXN76_RS01645']
    Key: gbkey, Value: ['CDS']
    Key: inference, Value: ['COORDINATES: similar to AA sequence:RefSeq:WP_011983478.1']
    Key: locus_tag, Value: ['GXN76_RS01645']
    Key: phase, Value: ['0']
    Key: product, Value: ['siderophore ABC transporter substrate-binding protein']
    Key: protein_id, Value: ['WP_173219769.1']
    Key: source, Value: ['Protein Homology']
    Key: transl_table, Value: ['11']

GF(siderophore ABC transporter substrate-binding protein, 4967-5900 (1))
type: CDS
location: [328468:329554](+)
id: cds-WP_173219772.1
qualifiers:
    Key: Dbxref, Value: ['GenBank:WP_173219772.1']
    Key: ID, Value: ['cds-WP_173219772.1']
    Key: Name, Value: ['WP_173219772.1']
    Key: Ontology_term, Value: ['GO:0043571', 'GO:0003674']
    Key: Parent, Value: ['gene-GXN76_RS01650']
    Key: gbkey, Value: ['CDS']
    Key: gene, Value: ['cmr1']
    Key: go_function, Value: ['molecular_function|0003674||IEA']
    Key: go_process, Value: ['maintenance of CRISPR repeat elements|0043571||IEA']
    Key: inference, Value: ['COORDINATES: protein motif:HMM:NF015728.2']
    Key: locus_tag, Value: ['GXN76_RS01650']
    Key: phase, Value: ['0']
    Key: product, Value: ['type III-B CRISPR module RAMP protein Cmr1']
    Key: protein_id, Value: ['WP_173219772.1']
    Key: source, Value: ['Protein Homology']
    Key: transl_table, Value: ['11']

GF(type III-B CRISPR module RAMP protein Cmr1, 6268-7354 (1))
type: CDS
location: [329558:331427](+)
id: cds-WP_173219775.1
qualifiers:
    Key: Dbxref, Value: ['GenBank:WP_173219775.1']
    Key: ID, Value: ['cds-WP_173219775.1']
    Key: Name, Value: ['WP_173219775.1']
    Key: Ontology_term, Value: ['GO:0043571', 'GO:0003674']
    Key: Parent, Value: ['gene-GXN76_RS01655']
    Key: gbkey, Value: ['CDS']
    Key: gene, Value: ['cas10']
    Key: go_function, Value: ['molecular_function|0003674||IEA']
    Key: go_process, Value: ['maintenance of CRISPR repeat elements|0043571||IEA']
    Key: inference, Value: ['COORDINATES: protein motif:HMM:TIGR02577.1']
    Key: locus_tag, Value: ['GXN76_RS01655']
    Key: phase, Value: ['0']
    Key: product, Value: ['type III-B CRISPR-associated protein Cas10/Cmr2']
    Key: protein_id, Value: ['WP_173219775.1']
    Key: source, Value: ['Protein Homology']
    Key: transl_table, Value: ['11']

GF(type III-B CRISPR-associated protein Cas10/Cmr2, 7358-9227 (1))
type: CDS
location: [331423:332527](+)
id: cds-WP_173219778.1
qualifiers:
    Key: Dbxref, Value: ['GenBank:WP_173219778.1']
    Key: ID, Value: ['cds-WP_173219778.1']
    Key: Name, Value: ['WP_173219778.1']
    Key: Parent, Value: ['gene-GXN76_RS01660']
    Key: gbkey, Value: ['CDS']
    Key: inference, Value: ['COORDINATES: protein motif:HMM:NF021236.2']
    Key: locus_tag, Value: ['GXN76_RS01660']
    Key: phase, Value: ['0']
    Key: product, Value: ['type III-B CRISPR module-associated Cmr3 family protein']
    Key: protein_id, Value: ['WP_173219778.1']
    Key: source, Value: ['Protein Homology']
    Key: transl_table, Value: ['11']

GF(type III-B CRISPR module-associated Cmr3 family protein, 9223-10327 (1))
type: CDS
location: [332523:333342](+)
id: cds-WP_173219781.1
qualifiers:
    Key: Dbxref, Value: ['GenBank:WP_173219781.1']
    Key: ID, Value: ['cds-WP_173219781.1']
    Key: Name, Value: ['WP_173219781.1']
    Key: Ontology_term, Value: ['GO:0043571', 'GO:0003674']
    Key: Parent, Value: ['gene-GXN76_RS01665']
    Key: gbkey, Value: ['CDS']
    Key: gene, Value: ['cmr4']
    Key: go_function, Value: ['molecular_function|0003674||IEA']
    Key: go_process, Value: ['maintenance of CRISPR repeat elements|0043571||IEA']
    Key: inference, Value: ['COORDINATES: similar to AA sequence:RefSeq:WP_009708810.1']
    Key: locus_tag, Value: ['GXN76_RS01665']
    Key: phase, Value: ['0']
    Key: product, Value: ['type III-B CRISPR module RAMP protein Cmr4']
    Key: protein_id, Value: ['WP_173219781.1']
    Key: source, Value: ['Protein Homology']
    Key: transl_table, Value: ['11']

GF(type III-B CRISPR module RAMP protein Cmr4, 10323-11142 (1))
type: CDS
location: [333342:333804](+)
id: cds-WP_173219784.1
qualifiers:
    Key: Dbxref, Value: ['GenBank:WP_173219784.1']
    Key: ID, Value: ['cds-WP_173219784.1']
    Key: Name, Value: ['WP_173219784.1']
    Key: Ontology_term, Value: ['GO:0043571', 'GO:0003674']
    Key: Parent, Value: ['gene-GXN76_RS01670']
    Key: gbkey, Value: ['CDS']
    Key: gene, Value: ['cmr5']
    Key: go_function, Value: ['molecular_function|0003674||IEA']
    Key: go_process, Value: ['maintenance of CRISPR repeat elements|0043571||IEA']
    Key: inference, Value: ['COORDINATES: protein motif:HMM:NF021237.2']
    Key: locus_tag, Value: ['GXN76_RS01670']
    Key: phase, Value: ['0']
    Key: product, Value: ['type III-B CRISPR module-associated protein Cmr5']
    Key: protein_id, Value: ['WP_173219784.1']
    Key: source, Value: ['Protein Homology']
    Key: transl_table, Value: ['11']

GF(type III-B CRISPR module-associated protein Cmr5, 11142-11604 (1))
type: CDS
location: [333800:334865](+)
id: cds-WP_173219787.1
qualifiers:
    Key: Dbxref, Value: ['GenBank:WP_173219787.1']
    Key: ID, Value: ['cds-WP_173219787.1']
    Key: Name, Value: ['WP_173219787.1']
    Key: Ontology_term, Value: ['GO:0043571', 'GO:0003674']
    Key: Parent, Value: ['gene-GXN76_RS01675']
    Key: gbkey, Value: ['CDS']
    Key: gene, Value: ['cmr6']
    Key: go_function, Value: ['molecular_function|0003674||IEA']
    Key: go_process, Value: ['maintenance of CRISPR repeat elements|0043571||IEA']
    Key: inference, Value: ['COORDINATES: protein motif:HMM:TIGR01898.1']
    Key: locus_tag, Value: ['GXN76_RS01675']
    Key: phase, Value: ['0']
    Key: product, Value: ['type III-B CRISPR module RAMP protein Cmr6']
    Key: protein_id, Value: ['WP_173219787.1']
    Key: source, Value: ['Protein Homology']
    Key: transl_table, Value: ['11']

GF(type III-B CRISPR module RAMP protein Cmr6, 11600-12665 (1))
type: CDS
location: [334916:335885](+)
id: cds-WP_173219789.1
qualifiers:
    Key: Dbxref, Value: ['GenBank:WP_173219789.1']
    Key: ID, Value: ['cds-WP_173219789.1']
    Key: Name, Value: ['WP_173219789.1']
    Key: Parent, Value: ['gene-GXN76_RS01680']
    Key: gbkey, Value: ['CDS']
    Key: inference, Value: ['COORDINATES: ab initio prediction:GeneMarkS-2+']
    Key: locus_tag, Value: ['GXN76_RS01680']
    Key: phase, Value: ['0']
    Key: product, Value: ['hypothetical protein']
    Key: protein_id, Value: ['WP_173219789.1']
    Key: source, Value: ['GeneMarkS-2+']
    Key: transl_table, Value: ['11']

GF(None, 12716-13685 (1))
type: CDS
location: [336496:337450](-)
id: cds-WP_173219792.1
qualifiers:
    Key: Dbxref, Value: ['GenBank:WP_173219792.1']
    Key: ID, Value: ['cds-WP_173219792.1']
    Key: Name, Value: ['WP_173219792.1']
    Key: Parent, Value: ['gene-GXN76_RS01690']
    Key: gbkey, Value: ['CDS']
    Key: inference, Value: ['COORDINATES: similar to AA sequence:RefSeq:WP_010899638.1']
    Key: locus_tag, Value: ['GXN76_RS01690']
    Key: phase, Value: ['0']
    Key: product, Value: ['HaeIII family restriction endonuclease']
    Key: protein_id, Value: ['WP_173219792.1']
    Key: source, Value: ['Protein Homology']
    Key: transl_table, Value: ['11']

GF(HaeIII family restriction endonuclease, 14296-15250 (-1))
type: CDS
location: [337449:338406](-)
id: cds-WP_173219795.1
qualifiers:
    Key: Dbxref, Value: ['GenBank:WP_173219795.1']
    Key: ID, Value: ['cds-WP_173219795.1']
    Key: Name, Value: ['WP_173219795.1']
    Key: Ontology_term, Value: ['GO:0006304', 'GO:0003886', 'GO:0008168', 'GO:1904047']
    Key: Parent, Value: ['gene-GXN76_RS01695']
    Key: gbkey, Value: ['CDS']
    Key: go_function, Value: ['DNA (cytosine-5-)-methyltransferase activity|0003886||IEA', 'methyltransferase activity|0008168||IEA', 'S-adenosyl-L-methionine binding|1904047||IEA']
    Key: go_process, Value: ['DNA modification|0006304||IEA']
    Key: inference, Value: ['COORDINATES: similar to AA sequence:RefSeq:WP_005543053.1']
    Key: locus_tag, Value: ['GXN76_RS01695']
    Key: phase, Value: ['0']
    Key: product, Value: ['DNA cytosine methyltransferase']
    Key: protein_id, Value: ['WP_173219795.1']
    Key: source, Value: ['Protein Homology']
    Key: transl_table, Value: ['11']

GF(DNA cytosine methyltransferase, 15249-16206 (-1))
[GF(D-Ala-D-Ala carboxypeptidase family metallohydrolase, 485-1211 (1)), GF(DedA family protein, 1362-1971 (-1)), GF(ABC transporter permease, 2112-3066 (1)), GF(iron chelate uptake ABC transporter family permease subunit, 3055-4006 (1)), GF(ABC transporter ATP-binding protein, 3999-4758 (1)), GF(siderophore ABC transporter substrate-binding protein, 4967-5900 (1)), GF(type III-B CRISPR module RAMP protein Cmr1, 6268-7354 (1)), GF(type III-B CRISPR-associated protein Cas10/Cmr2, 7358-9227 (1)), GF(type III-B CRISPR module-associated Cmr3 family protein, 9223-10327 (1)), GF(type III-B CRISPR module RAMP protein Cmr4, 10323-11142 (1)), GF(type III-B CRISPR module-associated protein Cmr5, 11142-11604 (1)), GF(type III-B CRISPR module RAMP protein Cmr6, 11600-12665 (1)), GF(None, 12716-13685 (1)), GF(HaeIII family restriction endonuclease, 14296-15250 (-1)), GF(DNA cytosine methyltransferase, 15249-16206 (-1)), GF(CRISPR-Cas locus, 4000-13685 (0))]
