Cas operons file:    Unnamed: 0       Contig  ...           locus_id           sample
0           1  NC_014664.1  ...  GCF_000166055.1_1  GCF_000166055.1

[1 rows x 19 columns]
The chosen contig: NC_014664.1
type: CDS
location: [2041582:2041879](+)
id: cds-WP_013419495.1
qualifiers:
    Key: Dbxref, Value: ['GenBank:WP_013419495.1']
    Key: ID, Value: ['cds-WP_013419495.1']
    Key: Name, Value: ['WP_013419495.1']
    Key: Parent, Value: ['gene-RVAN_RS09375']
    Key: gbkey, Value: ['CDS']
    Key: inference, Value: ['COORDINATES: ab initio prediction:GeneMarkS-2+']
    Key: locus_tag, Value: ['RVAN_RS09375']
    Key: phase, Value: ['0']
    Key: product, Value: ['toxin-antitoxin system HicB family antitoxin']
    Key: protein_id, Value: ['WP_013419495.1']
    Key: source, Value: ['GeneMarkS-2+']
    Key: transl_table, Value: ['11']

GF(toxin-antitoxin system HicB family antitoxin, 378-675 (1))
type: CDS
location: [2041853:2042039](+)
id: cds-WP_013419496.1
qualifiers:
    Key: Dbxref, Value: ['GenBank:WP_013419496.1']
    Key: ID, Value: ['cds-WP_013419496.1']
    Key: Name, Value: ['WP_013419496.1']
    Key: Parent, Value: ['gene-RVAN_RS09380']
    Key: gbkey, Value: ['CDS']
    Key: inference, Value: ['COORDINATES: ab initio prediction:GeneMarkS-2+']
    Key: locus_tag, Value: ['RVAN_RS09380']
    Key: phase, Value: ['0']
    Key: product, Value: ['hypothetical protein']
    Key: protein_id, Value: ['WP_013419496.1']
    Key: source, Value: ['GeneMarkS-2+']
    Key: transl_table, Value: ['11']

GF(None, 649-835 (1))
type: CDS
location: [2042745:2043036](+)
id: cds-WP_013419497.1
qualifiers:
    Key: Dbxref, Value: ['GenBank:WP_013419497.1']
    Key: ID, Value: ['cds-WP_013419497.1']
    Key: Name, Value: ['WP_013419497.1']
    Key: Parent, Value: ['gene-RVAN_RS20170']
    Key: gbkey, Value: ['CDS']
    Key: inference, Value: ['COORDINATES: ab initio prediction:GeneMarkS-2+']
    Key: locus_tag, Value: ['RVAN_RS20170']
    Key: phase, Value: ['0']
    Key: product, Value: ['hypothetical protein']
    Key: protein_id, Value: ['WP_013419497.1']
    Key: source, Value: ['GeneMarkS-2+']
    Key: transl_table, Value: ['11']

GF(None, 1541-1832 (1))
type: CDS
location: [2043123:2043294](-)
id: cds-WP_013419498.1
qualifiers:
    Key: Dbxref, Value: ['GenBank:WP_013419498.1']
    Key: ID, Value: ['cds-WP_013419498.1']
    Key: Name, Value: ['WP_013419498.1']
    Key: Parent, Value: ['gene-RVAN_RS20175']
    Key: gbkey, Value: ['CDS']
    Key: inference, Value: ['COORDINATES: ab initio prediction:GeneMarkS-2+']
    Key: locus_tag, Value: ['RVAN_RS20175']
    Key: phase, Value: ['0']
    Key: product, Value: ['hypothetical protein']
    Key: protein_id, Value: ['WP_013419498.1']
    Key: source, Value: ['GeneMarkS-2+']
    Key: transl_table, Value: ['11']

GF(None, 1919-2090 (-1))
type: CDS
location: [2043376:2043523](+)
id: cds-WP_013419499.1
qualifiers:
    Key: Dbxref, Value: ['GenBank:WP_013419499.1']
    Key: ID, Value: ['cds-WP_013419499.1']
    Key: Name, Value: ['WP_013419499.1']
    Key: Parent, Value: ['gene-RVAN_RS20180']
    Key: gbkey, Value: ['CDS']
    Key: inference, Value: ['COORDINATES: ab initio prediction:GeneMarkS-2+']
    Key: locus_tag, Value: ['RVAN_RS20180']
    Key: phase, Value: ['0']
    Key: product, Value: ['hypothetical protein']
    Key: protein_id, Value: ['WP_013419499.1']
    Key: source, Value: ['GeneMarkS-2+']
    Key: transl_table, Value: ['11']

GF(None, 2172-2319 (1))
type: CDS
location: [2043624:2043906](+)
id: cds-WP_013419500.1
qualifiers:
    Key: Dbxref, Value: ['GenBank:WP_013419500.1']
    Key: ID, Value: ['cds-WP_013419500.1']
    Key: Name, Value: ['WP_013419500.1']
    Key: Parent, Value: ['gene-RVAN_RS09395']
    Key: gbkey, Value: ['CDS']
    Key: inference, Value: ['COORDINATES: ab initio prediction:GeneMarkS-2+']
    Key: locus_tag, Value: ['RVAN_RS09395']
    Key: phase, Value: ['0']
    Key: product, Value: ['hypothetical protein']
    Key: protein_id, Value: ['WP_013419500.1']
    Key: source, Value: ['GeneMarkS-2+']
    Key: transl_table, Value: ['11']

GF(None, 2420-2702 (1))
type: CDS
location: [2043902:2044736](+)
id: cds-WP_013419501.1
qualifiers:
    Key: Dbxref, Value: ['GenBank:WP_013419501.1']
    Key: ID, Value: ['cds-WP_013419501.1']
    Key: Name, Value: ['WP_013419501.1']
    Key: Ontology_term, Value: ['GO:0005524', 'GO:0016301']
    Key: Parent, Value: ['gene-RVAN_RS09400']
    Key: gbkey, Value: ['CDS']
    Key: go_function, Value: ['ATP binding|0005524||IEA', 'kinase activity|0016301||IEA']
    Key: inference, Value: ['COORDINATES: protein motif:HMM:NF018154.2']
    Key: locus_tag, Value: ['RVAN_RS09400']
    Key: phase, Value: ['0']
    Key: product, Value: ['zeta toxin family protein']
    Key: protein_id, Value: ['WP_013419501.1']
    Key: source, Value: ['Protein Homology']
    Key: transl_table, Value: ['11']

GF(zeta toxin family protein, 2698-3532 (1))
type: CDS
location: [2044940:2045174](-)
id: cds-RVAN_RS09405
qualifiers:
    Key: ID, Value: ['cds-RVAN_RS09405']
    Key: Note, Value: ['incomplete; partial in the middle of a contig; missing N-terminus']
    Key: Parent, Value: ['gene-RVAN_RS09405']
    Key: end_range, Value: ['2045174', '.']
    Key: gbkey, Value: ['CDS']
    Key: inference, Value: ['COORDINATES: protein motif:HMM:NF014691.2']
    Key: locus_tag, Value: ['RVAN_RS09405']
    Key: partial, Value: ['true']
    Key: phase, Value: ['0']
    Key: product, Value: ['Fic family protein']
    Key: pseudo, Value: ['true']
    Key: source, Value: ['Protein Homology']
    Key: transl_table, Value: ['11']

GF(Fic family protein, 3736-3970 (-1))
type: CDS
location: [2045203:2045956](-)
id: cds-WP_081449440.1
qualifiers:
    Key: Dbxref, Value: ['GenBank:WP_081449440.1']
    Key: ID, Value: ['cds-WP_081449440.1']
    Key: Name, Value: ['WP_081449440.1']
    Key: Ontology_term, Value: ['GO:0043571', 'GO:0003674']
    Key: Parent, Value: ['gene-RVAN_RS09410']
    Key: gbkey, Value: ['CDS']
    Key: gene, Value: ['csb2']
    Key: go_function, Value: ['molecular_function|0003674||IEA']
    Key: go_process, Value: ['maintenance of CRISPR repeat elements|0043571||IEA']
    Key: inference, Value: ['COORDINATES: protein motif:HMM:TIGR02165.1']
    Key: locus_tag, Value: ['RVAN_RS09410']
    Key: phase, Value: ['0']
    Key: product, Value: ['type I-U CRISPR-associated protein Csb2']
    Key: protein_id, Value: ['WP_081449440.1']
    Key: source, Value: ['Protein Homology']
    Key: transl_table, Value: ['11']

GF(type I-U CRISPR-associated protein Csb2, 3999-4752 (-1))
type: CDS
location: [2045952:2046834](-)
id: cds-WP_013419502.1
qualifiers:
    Key: Dbxref, Value: ['GenBank:WP_013419502.1']
    Key: ID, Value: ['cds-WP_013419502.1']
    Key: Name, Value: ['WP_013419502.1']
    Key: Parent, Value: ['gene-RVAN_RS09415']
    Key: gbkey, Value: ['CDS']
    Key: inference, Value: ['COORDINATES: protein motif:HMM:NF012307.2']
    Key: locus_tag, Value: ['RVAN_RS09415']
    Key: phase, Value: ['0']
    Key: product, Value: ['reverse transcriptase domain-containing protein']
    Key: protein_id, Value: ['WP_013419502.1']
    Key: source, Value: ['Protein Homology']
    Key: transl_table, Value: ['11']

GF(reverse transcriptase domain-containing protein, 4748-5630 (-1))
type: CDS
location: [2046848:2047142](-)
id: cds-WP_013419503.1
qualifiers:
    Key: Dbxref, Value: ['GenBank:WP_013419503.1']
    Key: ID, Value: ['cds-WP_013419503.1']
    Key: Name, Value: ['WP_013419503.1']
    Key: Ontology_term, Value: ['GO:0043571', 'GO:0004521']
    Key: Parent, Value: ['gene-RVAN_RS09420']
    Key: gbkey, Value: ['CDS']
    Key: gene, Value: ['cas2']
    Key: go_function, Value: ['endoribonuclease activity|0004521||IEA']
    Key: go_process, Value: ['maintenance of CRISPR repeat elements|0043571||IEA']
    Key: inference, Value: ['COORDINATES: protein motif:HMM:TIGR01573.1']
    Key: locus_tag, Value: ['RVAN_RS09420']
    Key: phase, Value: ['0']
    Key: product, Value: ['CRISPR-associated endonuclease Cas2']
    Key: protein_id, Value: ['WP_013419503.1']
    Key: source, Value: ['Protein Homology']
    Key: transl_table, Value: ['11']

GF(CRISPR-associated endonuclease Cas2, 5644-5938 (-1))
type: CDS
location: [2047138:2048239](-)
id: cds-WP_013419504.1
qualifiers:
    Key: Dbxref, Value: ['GenBank:WP_013419504.1']
    Key: ID, Value: ['cds-WP_013419504.1']
    Key: Name, Value: ['WP_013419504.1']
    Key: Ontology_term, Value: ['GO:0043571', 'GO:0004520', 'GO:0046872']
    Key: Parent, Value: ['gene-RVAN_RS18950']
    Key: gbkey, Value: ['CDS']
    Key: gene, Value: ['cas1']
    Key: go_function, Value: ['endodeoxyribonuclease activity|0004520||IEA', 'metal ion binding|0046872||IEA']
    Key: go_process, Value: ['maintenance of CRISPR repeat elements|0043571||IEA']
    Key: inference, Value: ['COORDINATES: protein motif:HMM:TIGR00287.1']
    Key: locus_tag, Value: ['RVAN_RS18950']
    Key: phase, Value: ['0']
    Key: product, Value: ['CRISPR-associated endonuclease Cas1']
    Key: protein_id, Value: ['WP_013419504.1']
    Key: source, Value: ['Protein Homology']
    Key: transl_table, Value: ['11']

GF(CRISPR-associated endonuclease Cas1, 5934-7035 (-1))
type: CDS
location: [2049501:2051802](-)
id: cds-WP_013419505.1
qualifiers:
    Key: Dbxref, Value: ['GenBank:WP_013419505.1']
    Key: ID, Value: ['cds-WP_013419505.1']
    Key: Name, Value: ['WP_013419505.1']
    Key: Parent, Value: ['gene-RVAN_RS09430']
    Key: gbkey, Value: ['CDS']
    Key: inference, Value: ['COORDINATES: protein motif:HMM:TIGR03986.1']
    Key: locus_tag, Value: ['RVAN_RS09430']
    Key: phase, Value: ['0']
    Key: product, Value: ['TIGR03986 family CRISPR-associated RAMP protein']
    Key: protein_id, Value: ['WP_013419505.1']
    Key: source, Value: ['Protein Homology']
    Key: transl_table, Value: ['11']

GF(TIGR03986 family CRISPR-associated RAMP protein, 8297-10598 (-1))
type: CDS
location: [2051798:2052440](-)
id: cds-WP_013419506.1
qualifiers:
    Key: Dbxref, Value: ['GenBank:WP_013419506.1']
    Key: ID, Value: ['cds-WP_013419506.1']
    Key: Name, Value: ['WP_013419506.1']
    Key: Parent, Value: ['gene-RVAN_RS09435']
    Key: gbkey, Value: ['CDS']
    Key: gene, Value: ['csx19']
    Key: inference, Value: ['COORDINATES: protein motif:HMM:TIGR03984.2']
    Key: locus_tag, Value: ['RVAN_RS09435']
    Key: phase, Value: ['0']
    Key: product, Value: ['CRISPR-associated protein Csx19']
    Key: protein_id, Value: ['WP_013419506.1']
    Key: source, Value: ['Protein Homology']
    Key: transl_table, Value: ['11']

GF(CRISPR-associated protein Csx19, 10594-11236 (-1))
type: CDS
location: [2052436:2054125](-)
id: cds-WP_013419507.1
qualifiers:
    Key: Dbxref, Value: ['GenBank:WP_013419507.1']
    Key: ID, Value: ['cds-WP_013419507.1']
    Key: Name, Value: ['WP_013419507.1']
    Key: Parent, Value: ['gene-RVAN_RS09440']
    Key: gbkey, Value: ['CDS']
    Key: inference, Value: ['COORDINATES: protein motif:HMM:NF015728.2']
    Key: locus_tag, Value: ['RVAN_RS09440']
    Key: phase, Value: ['0']
    Key: product, Value: ['RAMP superfamily CRISPR-associated protein']
    Key: protein_id, Value: ['WP_013419507.1']
    Key: source, Value: ['Protein Homology']
    Key: transl_table, Value: ['11']

GF(RAMP superfamily CRISPR-associated protein, 11232-12921 (-1))
type: CDS
location: [2054121:2056515](-)
id: cds-WP_013419508.1
qualifiers:
    Key: Dbxref, Value: ['GenBank:WP_013419508.1']
    Key: ID, Value: ['cds-WP_013419508.1']
    Key: Name, Value: ['WP_013419508.1']
    Key: Parent, Value: ['gene-RVAN_RS09445']
    Key: gbkey, Value: ['CDS']
    Key: inference, Value: ['COORDINATES: protein motif:HMM:NF015728.2']
    Key: locus_tag, Value: ['RVAN_RS09445']
    Key: phase, Value: ['0']
    Key: product, Value: ['RAMP superfamily CRISPR-associated protein']
    Key: protein_id, Value: ['WP_013419508.1']
    Key: source, Value: ['Protein Homology']
    Key: transl_table, Value: ['11']

GF(RAMP superfamily CRISPR-associated protein, 12917-15311 (-1))
type: CDS
location: [2056511:2058245](-)
id: cds-WP_155942411.1
qualifiers:
    Key: Dbxref, Value: ['GenBank:WP_155942411.1']
    Key: ID, Value: ['cds-WP_155942411.1']
    Key: Name, Value: ['WP_155942411.1']
    Key: Parent, Value: ['gene-RVAN_RS09450']
    Key: gbkey, Value: ['CDS']
    Key: inference, Value: ['COORDINATES: ab initio prediction:GeneMarkS-2+']
    Key: locus_tag, Value: ['RVAN_RS09450']
    Key: phase, Value: ['0']
    Key: product, Value: ['hypothetical protein']
    Key: protein_id, Value: ['WP_155942411.1']
    Key: source, Value: ['GeneMarkS-2+']
    Key: transl_table, Value: ['11']

GF(None, 15307-17041 (-1))
type: CDS
location: [2059368:2059824](+)
id: cds-WP_013419510.1
qualifiers:
    Key: Dbxref, Value: ['GenBank:WP_013419510.1']
    Key: ID, Value: ['cds-WP_013419510.1']
    Key: Name, Value: ['WP_013419510.1']
    Key: Parent, Value: ['gene-RVAN_RS19645']
    Key: gbkey, Value: ['CDS']
    Key: inference, Value: ['COORDINATES: ab initio prediction:GeneMarkS-2+']
    Key: locus_tag, Value: ['RVAN_RS19645']
    Key: phase, Value: ['0']
    Key: product, Value: ['hypothetical protein']
    Key: protein_id, Value: ['WP_013419510.1']
    Key: source, Value: ['GeneMarkS-2+']
    Key: transl_table, Value: ['11']

GF(None, 18164-18620 (1))
type: CDS
location: [2059759:2060842](-)
id: cds-WP_013419511.1
qualifiers:
    Key: Dbxref, Value: ['GenBank:WP_013419511.1']
    Key: ID, Value: ['cds-WP_013419511.1']
    Key: Name, Value: ['WP_013419511.1']
    Key: Ontology_term, Value: ['GO:0043571', 'GO:0003674']
    Key: Parent, Value: ['gene-RVAN_RS18960']
    Key: gbkey, Value: ['CDS']
    Key: go_function, Value: ['molecular_function|0003674||IEA']
    Key: go_process, Value: ['maintenance of CRISPR repeat elements|0043571||IEA']
    Key: inference, Value: ['COORDINATES: protein motif:HMM:NF021189.2']
    Key: locus_tag, Value: ['RVAN_RS18960']
    Key: phase, Value: ['0']
    Key: product, Value: ['putative CRISPR-associated protein']
    Key: protein_id, Value: ['WP_013419511.1']
    Key: source, Value: ['Protein Homology']
    Key: transl_table, Value: ['11']

GF(putative CRISPR-associated protein, 18555-19638 (-1))
type: CDS
location: [2060853:2062020](-)
id: cds-WP_013419512.1
qualifiers:
    Key: Dbxref, Value: ['GenBank:WP_013419512.1']
    Key: ID, Value: ['cds-WP_013419512.1']
    Key: Name, Value: ['WP_013419512.1']
    Key: Ontology_term, Value: ['GO:0043571', 'GO:0003674']
    Key: Parent, Value: ['gene-RVAN_RS18965']
    Key: gbkey, Value: ['CDS']
    Key: gene, Value: ['csm6']
    Key: go_function, Value: ['molecular_function|0003674||IEA']
    Key: go_process, Value: ['maintenance of CRISPR repeat elements|0043571||IEA']
    Key: inference, Value: ['COORDINATES: protein motif:HMM:NF021162.2']
    Key: locus_tag, Value: ['RVAN_RS18965']
    Key: phase, Value: ['0']
    Key: product, Value: ['CRISPR-associated ring nuclease Csm6']
    Key: protein_id, Value: ['WP_013419512.1']
    Key: source, Value: ['Protein Homology']
    Key: transl_table, Value: ['11']

GF(CRISPR-associated ring nuclease Csm6, 19649-20816 (-1))
type: CDS
location: [2062012:2062384](-)
id: cds-WP_013419513.1
qualifiers:
    Key: Dbxref, Value: ['GenBank:WP_013419513.1']
    Key: ID, Value: ['cds-WP_013419513.1']
    Key: Name, Value: ['WP_013419513.1']
    Key: Parent, Value: ['gene-RVAN_RS09470']
    Key: gbkey, Value: ['CDS']
    Key: inference, Value: ['COORDINATES: ab initio prediction:GeneMarkS-2+']
    Key: locus_tag, Value: ['RVAN_RS09470']
    Key: phase, Value: ['0']
    Key: product, Value: ['hypothetical protein']
    Key: protein_id, Value: ['WP_013419513.1']
    Key: source, Value: ['GeneMarkS-2+']
    Key: transl_table, Value: ['11']

GF(None, 20808-21180 (-1))
type: CDS
location: [2062431:2062728](-)
id: cds-WP_013419514.1
qualifiers:
    Key: Dbxref, Value: ['GenBank:WP_013419514.1']
    Key: ID, Value: ['cds-WP_013419514.1']
    Key: Name, Value: ['WP_013419514.1']
    Key: Ontology_term, Value: ['GO:0043571', 'GO:0003674']
    Key: Parent, Value: ['gene-RVAN_RS09475']
    Key: gbkey, Value: ['CDS']
    Key: gene, Value: ['csx16']
    Key: go_function, Value: ['molecular_function|0003674||IEA']
    Key: go_process, Value: ['maintenance of CRISPR repeat elements|0043571||IEA']
    Key: inference, Value: ['COORDINATES: protein motif:HMM:TIGR02620.1']
    Key: locus_tag, Value: ['RVAN_RS09475']
    Key: phase, Value: ['0']
    Key: product, Value: ['CRISPR-associated protein Csx16']
    Key: protein_id, Value: ['WP_013419514.1']
    Key: source, Value: ['Protein Homology']
    Key: transl_table, Value: ['11']

GF(CRISPR-associated protein Csx16, 21227-21524 (-1))
type: CDS
location: [2063022:2063286](+)
id: cds-WP_210160473.1
qualifiers:
    Key: Dbxref, Value: ['GenBank:WP_210160473.1']
    Key: ID, Value: ['cds-WP_210160473.1']
    Key: Name, Value: ['WP_210160473.1']
    Key: Parent, Value: ['gene-RVAN_RS09480']
    Key: gbkey, Value: ['CDS']
    Key: inference, Value: ['COORDINATES: similar to AA sequence:RefSeq:WP_015684160.1']
    Key: locus_tag, Value: ['RVAN_RS09480']
    Key: phase, Value: ['0']
    Key: product, Value: ['BrnT family toxin']
    Key: protein_id, Value: ['WP_210160473.1']
    Key: source, Value: ['Protein Homology']
    Key: transl_table, Value: ['11']

GF(BrnT family toxin, 21818-22082 (1))
type: CDS
location: [2063263:2063563](+)
id: cds-WP_013419516.1
qualifiers:
    Key: Dbxref, Value: ['GenBank:WP_013419516.1']
    Key: ID, Value: ['cds-WP_013419516.1']
    Key: Name, Value: ['WP_013419516.1']
    Key: Parent, Value: ['gene-RVAN_RS09485']
    Key: gbkey, Value: ['CDS']
    Key: inference, Value: ['COORDINATES: similar to AA sequence:RefSeq:WP_002964097.1']
    Key: locus_tag, Value: ['RVAN_RS09485']
    Key: phase, Value: ['0']
    Key: product, Value: ['BrnA antitoxin family protein']
    Key: protein_id, Value: ['WP_013419516.1']
    Key: source, Value: ['Protein Homology']
    Key: transl_table, Value: ['11']

GF(BrnA antitoxin family protein, 22059-22359 (1))
type: CDS
location: [2064018:2065854](-)
id: cds-WP_013419517.1
qualifiers:
    Key: Dbxref, Value: ['GenBank:WP_013419517.1']
    Key: ID, Value: ['cds-WP_013419517.1']
    Key: Name, Value: ['WP_013419517.1']
    Key: Parent, Value: ['gene-RVAN_RS09495']
    Key: gbkey, Value: ['CDS']
    Key: inference, Value: ['COORDINATES: ab initio prediction:GeneMarkS-2+']
    Key: locus_tag, Value: ['RVAN_RS09495']
    Key: phase, Value: ['0']
    Key: product, Value: ['hypothetical protein']
    Key: protein_id, Value: ['WP_013419517.1']
    Key: source, Value: ['GeneMarkS-2+']
    Key: transl_table, Value: ['11']

GF(None, 22814-24650 (-1))
type: repeat_region
location: [2048646:2049436](+)
id: NC_014664.1_3
qualifiers:
    Key: Dbxref, Value: ['SO:0001459']
    Key: ID, Value: ['NC_014664.1_3']
    Key: Note, Value: ['CTCTCAGGCCGCTTCGGCGGCTTGCCCGCGTGAAAC']
    Key: Ontology_term, Value: ['CRISPR']
    Key: score, Value: ['790']
    Key: source, Value: ['CCTyper']

GF(Repeat region, 7442-8232 (0))
type: repeat_region
location: [2058648:2059300](+)
id: NC_014664.1_4
qualifiers:
    Key: Dbxref, Value: ['SO:0001459']
    Key: ID, Value: ['NC_014664.1_4']
    Key: Note, Value: ['CTTTCAGGCCGCTTCGGCGGCTTGCCCGCGTGAAAC']
    Key: Ontology_term, Value: ['CRISPR']
    Key: score, Value: ['652']
    Key: source, Value: ['CCTyper']

GF(Repeat region, 17444-18096 (0))
graphic feature from known effectors: GF(cami1, 18556-19638 (-1))
[GF(toxin-antitoxin system HicB family antitoxin, 378-675 (1)), GF(None, 649-835 (1)), GF(None, 1541-1832 (1)), GF(None, 1919-2090 (-1)), GF(None, 2172-2319 (1)), GF(None, 2420-2702 (1)), GF(zeta toxin family protein, 2698-3532 (1)), GF(Fic family protein, 3736-3970 (-1)), GF(type I-U CRISPR-associated protein Csb2, 3999-4752 (-1)), GF(reverse transcriptase domain-containing protein, 4748-5630 (-1)), GF(CRISPR-associated endonuclease Cas2, 5644-5938 (-1)), GF(CRISPR-associated endonuclease Cas1, 5934-7035 (-1)), GF(TIGR03986 family CRISPR-associated RAMP protein, 8297-10598 (-1)), GF(CRISPR-associated protein Csx19, 10594-11236 (-1)), GF(RAMP superfamily CRISPR-associated protein, 11232-12921 (-1)), GF(RAMP superfamily CRISPR-associated protein, 12917-15311 (-1)), GF(None, 15307-17041 (-1)), GF(None, 18164-18620 (1)), GF(putative CRISPR-associated protein, 18555-19638 (-1)), GF(CRISPR-associated ring nuclease Csm6, 19649-20816 (-1)), GF(None, 20808-21180 (-1)), GF(CRISPR-associated protein Csx16, 21227-21524 (-1)), GF(BrnT family toxin, 21818-22082 (1)), GF(BrnA antitoxin family protein, 22059-22359 (1)), GF(None, 22814-24650 (-1)), GF(Repeat region, 7442-8232 (0)), GF(Repeat region, 17444-18096 (0)), GF(cami1, 18556-19638 (-1)), GF(CRISPR-Cas locus, 4000-21524 (0))]
