Cas operons file:    Unnamed: 0       Contig  ...           locus_id           sample
0           0  NC_006300.1  ...  GCF_000007745.1_0  GCF_000007745.1

[1 rows x 19 columns]
The chosen contig: NC_006300.1
type: CDS
location: [1627529:1628642](+)
id: cds-WP_011200800.1
qualifiers:
    Key: Dbxref, Value: ['GenBank:WP_011200800.1']
    Key: ID, Value: ['cds-WP_011200800.1']
    Key: Name, Value: ['WP_011200800.1']
    Key: Ontology_term, Value: ['GO:0016226', 'GO:0005524', 'GO:0016887', 'GO:0051536']
    Key: Parent, Value: ['gene-MS_RS07465']
    Key: gbkey, Value: ['CDS']
    Key: gene, Value: ['apbC']
    Key: go_function, Value: ['ATP binding|0005524||IEA', 'ATP hydrolysis activity|0016887||IEA', 'iron-sulfur cluster binding|0051536||IEA']
    Key: go_process, Value: ['iron-sulfur cluster assembly|0016226||IEA']
    Key: inference, Value: ['COORDINATES: similar to AA sequence:RefSeq:WP_005650273.1']
    Key: locus_tag, Value: ['MS_RS07465']
    Key: phase, Value: ['0']
    Key: product, Value: ['iron-sulfur cluster carrier protein ApbC']
    Key: protein_id, Value: ['WP_011200800.1']
    Key: source, Value: ['Protein Homology']
    Key: transl_table, Value: ['11']

GF(iron-sulfur cluster carrier protein ApbC, 322-1435 (1))
type: CDS
location: [1628727:1629699](-)
id: cds-WP_011200801.1
qualifiers:
    Key: Dbxref, Value: ['GenBank:WP_011200801.1']
    Key: ID, Value: ['cds-WP_011200801.1']
    Key: Name, Value: ['WP_011200801.1']
    Key: Ontology_term, Value: ['GO:0006418', 'GO:0004812']
    Key: Parent, Value: ['gene-MS_RS07470']
    Key: gbkey, Value: ['CDS']
    Key: gene, Value: ['epmA']
    Key: go_function, Value: ['aminoacyl-tRNA ligase activity|0004812||IEA']
    Key: go_process, Value: ['tRNA aminoacylation for protein translation|0006418||IEA']
    Key: inference, Value: ['COORDINATES: similar to AA sequence:RefSeq:WP_005720696.1']
    Key: locus_tag, Value: ['MS_RS07470']
    Key: phase, Value: ['0']
    Key: product, Value: ['elongation factor P--(R)-beta-lysine ligase']
    Key: protein_id, Value: ['WP_011200801.1']
    Key: source, Value: ['Protein Homology']
    Key: transl_table, Value: ['11']

GF(elongation factor P--(R)-beta-lysine ligase, 1520-2492 (-1))
type: CDS
location: [1631206:1631482](-)
id: cds-WP_011200802.1
qualifiers:
    Key: Dbxref, Value: ['GenBank:WP_011200802.1']
    Key: ID, Value: ['cds-WP_011200802.1']
    Key: Name, Value: ['WP_011200802.1']
    Key: Ontology_term, Value: ['GO:0043571', 'GO:0004521']
    Key: Parent, Value: ['gene-MS_RS07475']
    Key: gbkey, Value: ['CDS']
    Key: gene, Value: ['cas2']
    Key: go_function, Value: ['RNA endonuclease activity|0004521||IEA']
    Key: go_process, Value: ['maintenance of CRISPR repeat elements|0043571||IEA']
    Key: inference, Value: ['COORDINATES: similar to AA sequence:RefSeq:WP_013747064.1']
    Key: locus_tag, Value: ['MS_RS07475']
    Key: phase, Value: ['0']
    Key: product, Value: ['CRISPR-associated endonuclease Cas2']
    Key: protein_id, Value: ['WP_011200802.1']
    Key: source, Value: ['Protein Homology']
    Key: transl_table, Value: ['11']

GF(CRISPR-associated endonuclease Cas2, 3999-4275 (-1))
type: CDS
location: [1631469:1632471](-)
id: cds-WP_011200803.1
qualifiers:
    Key: Dbxref, Value: ['GenBank:WP_011200803.1']
    Key: ID, Value: ['cds-WP_011200803.1']
    Key: Name, Value: ['WP_011200803.1']
    Key: Ontology_term, Value: ['GO:0043571', 'GO:0004520', 'GO:0046872']
    Key: Parent, Value: ['gene-MS_RS07480']
    Key: gbkey, Value: ['CDS']
    Key: gene, Value: ['cas1']
    Key: go_function, Value: ['DNA endonuclease activity|0004520||IEA', 'metal ion binding|0046872||IEA']
    Key: go_process, Value: ['maintenance of CRISPR repeat elements|0043571||IEA']
    Key: inference, Value: ['COORDINATES: protein motif:HMM:TIGR00287.1']
    Key: locus_tag, Value: ['MS_RS07480']
    Key: phase, Value: ['0']
    Key: product, Value: ['CRISPR-associated endonuclease Cas1']
    Key: protein_id, Value: ['WP_011200803.1']
    Key: source, Value: ['Protein Homology']
    Key: transl_table, Value: ['11']

GF(CRISPR-associated endonuclease Cas1, 4262-5264 (-1))
type: CDS
location: [1632480:1632759](-)
id: cds-WP_011200804.1
qualifiers:
    Key: Dbxref, Value: ['GenBank:WP_011200804.1']
    Key: ID, Value: ['cds-WP_011200804.1']
    Key: Name, Value: ['WP_011200804.1']
    Key: Ontology_term, Value: ['GO:0043571', 'GO:0004521']
    Key: Parent, Value: ['gene-MS_RS07485']
    Key: gbkey, Value: ['CDS']
    Key: gene, Value: ['cas2']
    Key: go_function, Value: ['RNA endonuclease activity|0004521||IEA']
    Key: go_process, Value: ['maintenance of CRISPR repeat elements|0043571||IEA']
    Key: inference, Value: ['COORDINATES: similar to AA sequence:RefSeq:WP_006719566.1']
    Key: locus_tag, Value: ['MS_RS07485']
    Key: phase, Value: ['0']
    Key: product, Value: ['CRISPR-associated endonuclease Cas2']
    Key: protein_id, Value: ['WP_011200804.1']
    Key: source, Value: ['Protein Homology']
    Key: transl_table, Value: ['11']

GF(CRISPR-associated endonuclease Cas2, 5273-5552 (-1))
type: CDS
location: [1633526:1634681](-)
id: cds-WP_011200806.1
qualifiers:
    Key: Dbxref, Value: ['GenBank:WP_011200806.1']
    Key: ID, Value: ['cds-WP_011200806.1']
    Key: Name, Value: ['WP_011200806.1']
    Key: Ontology_term, Value: ['GO:0043571', 'GO:0003674']
    Key: Parent, Value: ['gene-MS_RS07490']
    Key: gbkey, Value: ['CDS']
    Key: gene, Value: ['csm6']
    Key: go_function, Value: ['molecular_function|0003674||IEA']
    Key: go_process, Value: ['maintenance of CRISPR repeat elements|0043571||IEA']
    Key: inference, Value: ['COORDINATES: similar to AA sequence:RefSeq:WP_006719560.1']
    Key: locus_tag, Value: ['MS_RS07490']
    Key: phase, Value: ['0']
    Key: product, Value: ['CRISPR-associated ring nuclease Csm6']
    Key: protein_id, Value: ['WP_011200806.1']
    Key: source, Value: ['Protein Homology']
    Key: transl_table, Value: ['11']

GF(CRISPR-associated ring nuclease Csm6, 6319-7474 (-1))
type: CDS
location: [1634680:1635826](-)
id: cds-WP_041639894.1
qualifiers:
    Key: Dbxref, Value: ['GenBank:WP_041639894.1']
    Key: ID, Value: ['cds-WP_041639894.1']
    Key: Name, Value: ['WP_041639894.1']
    Key: Parent, Value: ['gene-MS_RS07495']
    Key: gbkey, Value: ['CDS']
    Key: inference, Value: ['COORDINATES: similar to AA sequence:RefSeq:WP_006719559.1']
    Key: locus_tag, Value: ['MS_RS07495']
    Key: phase, Value: ['0']
    Key: product, Value: ['DUF1887 family CARF protein']
    Key: protein_id, Value: ['WP_041639894.1']
    Key: source, Value: ['Protein Homology']
    Key: transl_table, Value: ['11']

GF(DUF1887 family CARF protein, 7473-8619 (-1))
type: CDS
location: [1635836:1636127](-)
id: cds-WP_041639896.1
qualifiers:
    Key: Dbxref, Value: ['GenBank:WP_041639896.1']
    Key: ID, Value: ['cds-WP_041639896.1']
    Key: Name, Value: ['WP_041639896.1']
    Key: Ontology_term, Value: ['GO:0043571', 'GO:0003674']
    Key: Parent, Value: ['gene-MS_RS07500']
    Key: gbkey, Value: ['CDS']
    Key: gene, Value: ['csx16']
    Key: go_function, Value: ['molecular_function|0003674||IEA']
    Key: go_process, Value: ['maintenance of CRISPR repeat elements|0043571||IEA']
    Key: inference, Value: ['COORDINATES: similar to AA sequence:RefSeq:WP_005634018.1']
    Key: locus_tag, Value: ['MS_RS07500']
    Key: phase, Value: ['0']
    Key: product, Value: ['CRISPR-associated protein Csx16']
    Key: protein_id, Value: ['WP_041639896.1']
    Key: source, Value: ['Protein Homology']
    Key: transl_table, Value: ['11']

GF(CRISPR-associated protein Csx16, 8629-8920 (-1))
type: CDS
location: [1636186:1637059](-)
id: cds-WP_011200810.1
qualifiers:
    Key: Dbxref, Value: ['GenBank:WP_011200810.1']
    Key: ID, Value: ['cds-WP_011200810.1']
    Key: Name, Value: ['WP_011200810.1']
    Key: Parent, Value: ['gene-MS_RS07505']
    Key: gbkey, Value: ['CDS']
    Key: gene, Value: ['cas6']
    Key: inference, Value: ['COORDINATES: similar to AA sequence:RefSeq:WP_006719557.1']
    Key: locus_tag, Value: ['MS_RS07505']
    Key: phase, Value: ['0']
    Key: product, Value: ['CRISPR system precrRNA processing endoribonuclease RAMP protein Cas6']
    Key: protein_id, Value: ['WP_011200810.1']
    Key: source, Value: ['Protein Homology']
    Key: transl_table, Value: ['11']

GF(CRISPR system precrRNA processing endoribonuclease RAMP protein Cas6, 8979-9852 (-1))
type: CDS
location: [1637359:1637548](+)
id: cds-WP_011200812.1
qualifiers:
    Key: Dbxref, Value: ['GenBank:WP_011200812.1']
    Key: ID, Value: ['cds-WP_011200812.1']
    Key: Name, Value: ['WP_011200812.1']
    Key: Parent, Value: ['gene-MS_RS07510']
    Key: gbkey, Value: ['CDS']
    Key: inference, Value: ['COORDINATES: similar to AA sequence:RefSeq:WP_011200812.1']
    Key: locus_tag, Value: ['MS_RS07510']
    Key: phase, Value: ['0']
    Key: product, Value: ['hypothetical protein']
    Key: protein_id, Value: ['WP_011200812.1']
    Key: source, Value: ['Protein Homology']
    Key: transl_table, Value: ['11']

GF(None, 10152-10341 (1))
type: CDS
location: [1637588:1637891](+)
id: cds-WP_011200813.1
qualifiers:
    Key: Dbxref, Value: ['GenBank:WP_011200813.1']
    Key: ID, Value: ['cds-WP_011200813.1']
    Key: Name, Value: ['WP_011200813.1']
    Key: Parent, Value: ['gene-MS_RS07515']
    Key: gbkey, Value: ['CDS']
    Key: inference, Value: ['COORDINATES: similar to AA sequence:RefSeq:WP_011200813.1']
    Key: locus_tag, Value: ['MS_RS07515']
    Key: phase, Value: ['0']
    Key: product, Value: ['hypothetical protein']
    Key: protein_id, Value: ['WP_011200813.1']
    Key: source, Value: ['Protein Homology']
    Key: transl_table, Value: ['11']

GF(None, 10381-10684 (1))
type: CDS
location: [1637890:1639201](+)
id: cds-WP_011200814.1
qualifiers:
    Key: Dbxref, Value: ['GenBank:WP_011200814.1']
    Key: ID, Value: ['cds-WP_011200814.1']
    Key: Name, Value: ['WP_011200814.1']
    Key: Ontology_term, Value: ['GO:0004803']
    Key: Parent, Value: ['gene-MS_RS07520']
    Key: gbkey, Value: ['CDS']
    Key: go_function, Value: ['transposase activity|0004803||IEA']
    Key: inference, Value: ['COORDINATES: similar to AA sequence:RefSeq:WP_011200814.1']
    Key: locus_tag, Value: ['MS_RS07520']
    Key: phase, Value: ['0']
    Key: product, Value: ['ISL3 family transposase']
    Key: protein_id, Value: ['WP_011200814.1']
    Key: source, Value: ['Protein Homology']
    Key: transl_table, Value: ['11']

GF(ISL3 family transposase, 10683-11994 (1))
type: CDS
location: [1639146:1640688](-)
id: cds-WP_011200815.1
qualifiers:
    Key: Dbxref, Value: ['GenBank:WP_011200815.1']
    Key: ID, Value: ['cds-WP_011200815.1']
    Key: Name, Value: ['WP_011200815.1']
    Key: Parent, Value: ['gene-MS_RS07525']
    Key: gbkey, Value: ['CDS']
    Key: inference, Value: ['COORDINATES: similar to AA sequence:RefSeq:WP_005634022.1']
    Key: locus_tag, Value: ['MS_RS07525']
    Key: phase, Value: ['0']
    Key: product, Value: ['RAMP superfamily CRISPR-associated protein']
    Key: protein_id, Value: ['WP_011200815.1']
    Key: source, Value: ['Protein Homology']
    Key: transl_table, Value: ['11']

GF(RAMP superfamily CRISPR-associated protein, 11939-13481 (-1))
type: CDS
location: [1640687:1641635](-)
id: cds-WP_011200816.1
qualifiers:
    Key: Dbxref, Value: ['GenBank:WP_011200816.1']
    Key: ID, Value: ['cds-WP_011200816.1']
    Key: Name, Value: ['WP_011200816.1']
    Key: Parent, Value: ['gene-MS_RS07530']
    Key: gbkey, Value: ['CDS']
    Key: inference, Value: ['COORDINATES: similar to AA sequence:RefSeq:WP_007526964.1']
    Key: locus_tag, Value: ['MS_RS07530']
    Key: phase, Value: ['0']
    Key: product, Value: ['CRISPR-associated protein Csm4']
    Key: protein_id, Value: ['WP_011200816.1']
    Key: source, Value: ['Protein Homology']
    Key: transl_table, Value: ['11']

GF(CRISPR-associated protein Csm4, 13480-14428 (-1))
type: CDS
location: [1641643:1642339](-)
id: cds-WP_011200817.1
qualifiers:
    Key: Dbxref, Value: ['GenBank:WP_011200817.1']
    Key: ID, Value: ['cds-WP_011200817.1']
    Key: Name, Value: ['WP_011200817.1']
    Key: Ontology_term, Value: ['GO:0043571', 'GO:0003674']
    Key: Parent, Value: ['gene-MS_RS07535']
    Key: gbkey, Value: ['CDS']
    Key: gene, Value: ['csm3']
    Key: go_function, Value: ['molecular_function|0003674||IEA']
    Key: go_process, Value: ['maintenance of CRISPR repeat elements|0043571||IEA']
    Key: inference, Value: ['COORDINATES: similar to AA sequence:RefSeq:WP_013747053.1']
    Key: locus_tag, Value: ['MS_RS07535']
    Key: phase, Value: ['0']
    Key: product, Value: ['type III-A CRISPR-associated RAMP protein Csm3']
    Key: protein_id, Value: ['WP_011200817.1']
    Key: source, Value: ['Protein Homology']
    Key: transl_table, Value: ['11']

GF(type III-A CRISPR-associated RAMP protein Csm3, 14436-15132 (-1))
type: CDS
location: [1642350:1642734](-)
id: cds-WP_011200818.1
qualifiers:
    Key: Dbxref, Value: ['GenBank:WP_011200818.1']
    Key: ID, Value: ['cds-WP_011200818.1']
    Key: Name, Value: ['WP_011200818.1']
    Key: Ontology_term, Value: ['GO:0043571', 'GO:0003674']
    Key: Parent, Value: ['gene-MS_RS07540']
    Key: gbkey, Value: ['CDS']
    Key: gene, Value: ['csm2']
    Key: go_function, Value: ['molecular_function|0003674||IEA']
    Key: go_process, Value: ['maintenance of CRISPR repeat elements|0043571||IEA']
    Key: inference, Value: ['COORDINATES: similar to AA sequence:RefSeq:WP_005634028.1']
    Key: locus_tag, Value: ['MS_RS07540']
    Key: phase, Value: ['0']
    Key: product, Value: ['type III-A CRISPR-associated protein Csm2']
    Key: protein_id, Value: ['WP_011200818.1']
    Key: source, Value: ['Protein Homology']
    Key: transl_table, Value: ['11']

GF(type III-A CRISPR-associated protein Csm2, 15143-15527 (-1))
type: CDS
location: [1642743:1644879](-)
id: cds-WP_041639902.1
qualifiers:
    Key: Dbxref, Value: ['GenBank:WP_041639902.1']
    Key: ID, Value: ['cds-WP_041639902.1']
    Key: Name, Value: ['WP_041639902.1']
    Key: Ontology_term, Value: ['GO:0043571', 'GO:0003674']
    Key: Parent, Value: ['gene-MS_RS07545']
    Key: gbkey, Value: ['CDS']
    Key: gene, Value: ['cas10']
    Key: go_function, Value: ['molecular_function|0003674||IEA']
    Key: go_process, Value: ['maintenance of CRISPR repeat elements|0043571||IEA']
    Key: inference, Value: ['COORDINATES: similar to AA sequence:RefSeq:WP_006719552.1']
    Key: locus_tag, Value: ['MS_RS07545']
    Key: phase, Value: ['0']
    Key: product, Value: ['type III-A CRISPR-associated protein Cas10/Csm1']
    Key: protein_id, Value: ['WP_041639902.1']
    Key: source, Value: ['Protein Homology']
    Key: transl_table, Value: ['11']

GF(type III-A CRISPR-associated protein Cas10/Csm1, 15536-17672 (-1))
type: CDS
location: [1645155:1646955](+)
id: cds-WP_011200820.1
qualifiers:
    Key: Dbxref, Value: ['GenBank:WP_011200820.1']
    Key: ID, Value: ['cds-WP_011200820.1']
    Key: Name, Value: ['WP_011200820.1']
    Key: Ontology_term, Value: ['GO:0009061', 'GO:0022900', 'GO:0016491', 'GO:0050660']
    Key: Parent, Value: ['gene-MS_RS07550']
    Key: gbkey, Value: ['CDS']
    Key: gene, Value: ['frdA']
    Key: go_function, Value: ['oxidoreductase activity|0016491||IEA', 'flavin adenine dinucleotide binding|0050660||IEA']
    Key: go_process, Value: ['anaerobic respiration|0009061||IEA', 'electron transport chain|0022900||IEA']
    Key: inference, Value: ['COORDINATES: similar to AA sequence:RefSeq:WP_005699801.1']
    Key: locus_tag, Value: ['MS_RS07550']
    Key: phase, Value: ['0']
    Key: product, Value: ['fumarate reductase (quinol) flavoprotein subunit']
    Key: protein_id, Value: ['WP_011200820.1']
    Key: source, Value: ['Protein Homology']
    Key: transl_table, Value: ['11']

GF(fumarate reductase (quinol) flavoprotein subunit, 17948-19748 (1))
type: CDS
location: [1646947:1647718](+)
id: cds-WP_011200821.1
qualifiers:
    Key: Dbxref, Value: ['GenBank:WP_011200821.1']
    Key: ID, Value: ['cds-WP_011200821.1']
    Key: Name, Value: ['WP_011200821.1']
    Key: Ontology_term, Value: ['GO:0006099', 'GO:0009055', 'GO:0016491', 'GO:0051536']
    Key: Parent, Value: ['gene-MS_RS07555']
    Key: gbkey, Value: ['CDS']
    Key: go_function, Value: ['electron transfer activity|0009055||IEA', 'oxidoreductase activity|0016491||IEA', 'iron-sulfur cluster binding|0051536||IEA']
    Key: go_process, Value: ['tricarboxylic acid cycle|0006099||IEA']
    Key: inference, Value: ['COORDINATES: similar to AA sequence:RefSeq:WP_005542716.1']
    Key: locus_tag, Value: ['MS_RS07555']
    Key: phase, Value: ['0']
    Key: product, Value: ['succinate dehydrogenase/fumarate reductase iron-sulfur subunit']
    Key: protein_id, Value: ['WP_011200821.1']
    Key: source, Value: ['Protein Homology']
    Key: transl_table, Value: ['11']

GF(succinate dehydrogenase/fumarate reductase iron-sulfur subunit, 19740-20511 (1))
type: CDS
location: [1647726:1648116](+)
id: cds-WP_011200822.1
qualifiers:
    Key: Dbxref, Value: ['GenBank:WP_011200822.1']
    Key: ID, Value: ['cds-WP_011200822.1']
    Key: Name, Value: ['WP_011200822.1']
    Key: Ontology_term, Value: ['GO:0016020']
    Key: Parent, Value: ['gene-MS_RS07560']
    Key: gbkey, Value: ['CDS']
    Key: gene, Value: ['frdC']
    Key: go_component, Value: ['membrane|0016020||IEA']
    Key: inference, Value: ['COORDINATES: similar to AA sequence:RefSeq:WP_005761483.1']
    Key: locus_tag, Value: ['MS_RS07560']
    Key: phase, Value: ['0']
    Key: product, Value: ['fumarate reductase subunit FrdC']
    Key: protein_id, Value: ['WP_011200822.1']
    Key: source, Value: ['Protein Homology']
    Key: transl_table, Value: ['11']

GF(fumarate reductase subunit FrdC, 20519-20909 (1))
type: CDS
location: [1648128:1648473](+)
id: cds-WP_011200823.1
qualifiers:
    Key: Dbxref, Value: ['GenBank:WP_011200823.1']
    Key: ID, Value: ['cds-WP_011200823.1']
    Key: Name, Value: ['WP_011200823.1']
    Key: Parent, Value: ['gene-MS_RS07565']
    Key: gbkey, Value: ['CDS']
    Key: gene, Value: ['frdD']
    Key: inference, Value: ['COORDINATES: similar to AA sequence:RefSeq:WP_011200823.1']
    Key: locus_tag, Value: ['MS_RS07565']
    Key: phase, Value: ['0']
    Key: product, Value: ['fumarate reductase subunit FrdD']
    Key: protein_id, Value: ['WP_011200823.1']
    Key: source, Value: ['Protein Homology']
    Key: transl_table, Value: ['11']

GF(fumarate reductase subunit FrdD, 20921-21266 (1))
type: repeat_region
location: [1629946:1630988](+)
id: NC_006300.1_3
qualifiers:
    Key: Dbxref, Value: ['SO:0001459']
    Key: ID, Value: ['NC_006300.1_3']
    Key: Note, Value: ['GTTTCAATCCCTTTAAGACAGGGCAAGGTCTTTCGAC']
    Key: Ontology_term, Value: ['CRISPR']
    Key: score, Value: ['1042']
    Key: source, Value: ['CCTyper']

GF(Repeat region, 2739-3781 (0))
graphic feature from known effectors: GF(can1-2, 7474-8619 (-1))
[GF(iron-sulfur cluster carrier protein ApbC, 322-1435 (1)), GF(elongation factor P--(R)-beta-lysine ligase, 1520-2492 (-1)), GF(CRISPR-associated endonuclease Cas2, 3999-4275 (-1)), GF(CRISPR-associated endonuclease Cas1, 4262-5264 (-1)), GF(CRISPR-associated endonuclease Cas2, 5273-5552 (-1)), GF(CRISPR-associated ring nuclease Csm6, 6319-7474 (-1)), GF(DUF1887 family CARF protein, 7473-8619 (-1)), GF(CRISPR-associated protein Csx16, 8629-8920 (-1)), GF(CRISPR system precrRNA processing endoribonuclease RAMP protein Cas6, 8979-9852 (-1)), GF(None, 10152-10341 (1)), GF(None, 10381-10684 (1)), GF(ISL3 family transposase, 10683-11994 (1)), GF(RAMP superfamily CRISPR-associated protein, 11939-13481 (-1)), GF(CRISPR-associated protein Csm4, 13480-14428 (-1)), GF(type III-A CRISPR-associated RAMP protein Csm3, 14436-15132 (-1)), GF(type III-A CRISPR-associated protein Csm2, 15143-15527 (-1)), GF(type III-A CRISPR-associated protein Cas10/Csm1, 15536-17672 (-1)), GF(fumarate reductase (quinol) flavoprotein subunit, 17948-19748 (1)), GF(succinate dehydrogenase/fumarate reductase iron-sulfur subunit, 19740-20511 (1)), GF(fumarate reductase subunit FrdC, 20519-20909 (1)), GF(fumarate reductase subunit FrdD, 20921-21266 (1)), GF(Repeat region, 2739-3781 (0)), GF(can1-2, 7474-8619 (-1)), GF(CRISPR-Cas locus, 4000-17672 (0))]
