Cas operons file:    Unnamed: 0       Contig  ...           locus_id           sample
0           0  NC_015636.1  ...  GCF_000179575.2_0  GCF_000179575.2

[1 rows x 19 columns]
The chosen contig: NC_015636.1
type: CDS
location: [1311108:1312140](-)
id: cds-WP_013867432.1
qualifiers:
    Key: Dbxref, Value: ['GenBank:WP_013867432.1', 'GeneID:10773438']
    Key: ID, Value: ['cds-WP_013867432.1']
    Key: Name, Value: ['WP_013867432.1']
    Key: Ontology_term, Value: ['GO:1905887', 'GO:0015562']
    Key: Parent, Value: ['gene-METOK_RS06535']
    Key: gbkey, Value: ['CDS']
    Key: go_function, Value: ['efflux transmembrane transporter activity|0015562||IEA']
    Key: go_process, Value: ['autoinducer AI-2 transmembrane transport|1905887||IEA']
    Key: inference, Value: ['COORDINATES: similar to AA sequence:RefSeq:WP_013798854.1']
    Key: locus_tag, Value: ['METOK_RS06535']
    Key: phase, Value: ['0']
    Key: product, Value: ['AI-2E family transporter']
    Key: protein_id, Value: ['WP_013867432.1']
    Key: source, Value: ['Protein Homology']
    Key: transl_table, Value: ['11']

GF(AI-2E family transporter, 401-1433 (-1))
type: CDS
location: [1312419:1314351](+)
id: cds-WP_013867433.1
qualifiers:
    Key: Dbxref, Value: ['GenBank:WP_013867433.1', 'GeneID:10773439']
    Key: ID, Value: ['cds-WP_013867433.1']
    Key: Name, Value: ['WP_013867433.1']
    Key: Ontology_term, Value: ['GO:0016491', 'GO:0016625', 'GO:0051536']
    Key: Parent, Value: ['gene-METOK_RS06540']
    Key: gbkey, Value: ['CDS']
    Key: go_function, Value: ['oxidoreductase activity|0016491||IEA', 'oxidoreductase activity, acting on the aldehyde or oxo group of donors, iron-sulfur protein as acceptor|0016625||IEA', 'iron-sulfur cluster binding|0051536||IEA']
    Key: inference, Value: ['COORDINATES: similar to AA sequence:RefSeq:WP_011976599.1']
    Key: locus_tag, Value: ['METOK_RS06540']
    Key: phase, Value: ['0']
    Key: product, Value: ['aldehyde ferredoxin oxidoreductase N-terminal domain-containing protein']
    Key: protein_id, Value: ['WP_013867433.1']
    Key: source, Value: ['Protein Homology']
    Key: transl_table, Value: ['11']

GF(aldehyde ferredoxin oxidoreductase N-terminal domain-containing protein, 1712-3644 (1))
type: CDS
location: [1314706:1317520](+)
id: cds-WP_013867434.1
qualifiers:
    Key: Dbxref, Value: ['GenBank:WP_013867434.1', 'GeneID:10773440']
    Key: ID, Value: ['cds-WP_013867434.1']
    Key: Name, Value: ['WP_013867434.1']
    Key: Ontology_term, Value: ['GO:0043571', 'GO:0003674']
    Key: Parent, Value: ['gene-METOK_RS06545']
    Key: gbkey, Value: ['CDS']
    Key: gene, Value: ['cas10']
    Key: go_function, Value: ['molecular_function|0003674||IEA']
    Key: go_process, Value: ['maintenance of CRISPR repeat elements|0043571||IEA']
    Key: inference, Value: ['COORDINATES: similar to AA sequence:RefSeq:WP_018153859.1']
    Key: locus_tag, Value: ['METOK_RS06545']
    Key: phase, Value: ['0']
    Key: product, Value: ['type III-A CRISPR-associated protein Cas10/Csm1']
    Key: protein_id, Value: ['WP_013867434.1']
    Key: source, Value: ['Protein Homology']
    Key: transl_table, Value: ['11']

GF(type III-A CRISPR-associated protein Cas10/Csm1, 3999-6813 (1))
type: CDS
location: [1317491:1317986](+)
id: cds-WP_013867435.1
qualifiers:
    Key: Dbxref, Value: ['GenBank:WP_013867435.1', 'GeneID:10773441']
    Key: ID, Value: ['cds-WP_013867435.1']
    Key: Name, Value: ['WP_013867435.1']
    Key: Ontology_term, Value: ['GO:0043571', 'GO:0003674']
    Key: Parent, Value: ['gene-METOK_RS06550']
    Key: gbkey, Value: ['CDS']
    Key: gene, Value: ['csm2']
    Key: go_function, Value: ['molecular_function|0003674||IEA']
    Key: go_process, Value: ['maintenance of CRISPR repeat elements|0043571||IEA']
    Key: inference, Value: ['COORDINATES: protein motif:HMM:NF015695.4']
    Key: locus_tag, Value: ['METOK_RS06550']
    Key: phase, Value: ['0']
    Key: product, Value: ['type III-A CRISPR-associated protein Csm2']
    Key: protein_id, Value: ['WP_013867435.1']
    Key: source, Value: ['Protein Homology']
    Key: transl_table, Value: ['11']

GF(type III-A CRISPR-associated protein Csm2, 6784-7279 (1))
type: CDS
location: [1318050:1318779](+)
id: cds-WP_013867436.1
qualifiers:
    Key: Dbxref, Value: ['GenBank:WP_013867436.1', 'GeneID:10773442']
    Key: ID, Value: ['cds-WP_013867436.1']
    Key: Name, Value: ['WP_013867436.1']
    Key: Ontology_term, Value: ['GO:0043571', 'GO:0003674']
    Key: Parent, Value: ['gene-METOK_RS06555']
    Key: gbkey, Value: ['CDS']
    Key: gene, Value: ['csm3']
    Key: go_function, Value: ['molecular_function|0003674||IEA']
    Key: go_process, Value: ['maintenance of CRISPR repeat elements|0043571||IEA']
    Key: inference, Value: ['COORDINATES: similar to AA sequence:RefSeq:WP_010871193.1']
    Key: locus_tag, Value: ['METOK_RS06555']
    Key: phase, Value: ['0']
    Key: product, Value: ['type III-A CRISPR-associated RAMP protein Csm3']
    Key: protein_id, Value: ['WP_013867436.1']
    Key: source, Value: ['Protein Homology']
    Key: transl_table, Value: ['11']

GF(type III-A CRISPR-associated RAMP protein Csm3, 7343-8072 (1))
type: CDS
location: [1318830:1319982](+)
id: cds-WP_013867437.1
qualifiers:
    Key: Dbxref, Value: ['GenBank:WP_013867437.1', 'GeneID:10773443']
    Key: ID, Value: ['cds-WP_013867437.1']
    Key: Name, Value: ['WP_013867437.1']
    Key: Ontology_term, Value: ['GO:0043571', 'GO:0003674']
    Key: Parent, Value: ['gene-METOK_RS06560']
    Key: gbkey, Value: ['CDS']
    Key: gene, Value: ['csm4']
    Key: go_function, Value: ['molecular_function|0003674||IEA']
    Key: go_process, Value: ['maintenance of CRISPR repeat elements|0043571||IEA']
    Key: inference, Value: ['COORDINATES: similar to AA sequence:RefSeq:WP_011973789.1']
    Key: locus_tag, Value: ['METOK_RS06560']
    Key: phase, Value: ['0']
    Key: product, Value: ['type III-A CRISPR-associated RAMP protein Csm4']
    Key: protein_id, Value: ['WP_013867437.1']
    Key: source, Value: ['Protein Homology']
    Key: transl_table, Value: ['11']

GF(type III-A CRISPR-associated RAMP protein Csm4, 8123-9275 (1))
type: CDS
location: [1319984:1321136](+)
id: cds-WP_013867438.1
qualifiers:
    Key: Dbxref, Value: ['GenBank:WP_013867438.1', 'GeneID:10773444']
    Key: ID, Value: ['cds-WP_013867438.1']
    Key: Name, Value: ['WP_013867438.1']
    Key: Ontology_term, Value: ['GO:0043571', 'GO:0003674']
    Key: Parent, Value: ['gene-METOK_RS06565']
    Key: gbkey, Value: ['CDS']
    Key: gene, Value: ['csm5']
    Key: go_function, Value: ['molecular_function|0003674||IEA']
    Key: go_process, Value: ['maintenance of CRISPR repeat elements|0043571||IEA']
    Key: inference, Value: ['COORDINATES: similar to AA sequence:RefSeq:WP_011973788.1']
    Key: locus_tag, Value: ['METOK_RS06565']
    Key: phase, Value: ['0']
    Key: product, Value: ['type III-A CRISPR-associated RAMP protein Csm5']
    Key: protein_id, Value: ['WP_013867438.1']
    Key: source, Value: ['Protein Homology']
    Key: transl_table, Value: ['11']

GF(type III-A CRISPR-associated RAMP protein Csm5, 9277-10429 (1))
type: CDS
location: [1321128:1322616](+)
id: cds-WP_013867439.1
qualifiers:
    Key: Dbxref, Value: ['GenBank:WP_013867439.1', 'GeneID:10773445']
    Key: ID, Value: ['cds-WP_013867439.1']
    Key: Name, Value: ['WP_013867439.1']
    Key: Parent, Value: ['gene-METOK_RS06570']
    Key: gbkey, Value: ['CDS']
    Key: inference, Value: ['COORDINATES: protein motif:HMM:NF021207.4']
    Key: locus_tag, Value: ['METOK_RS06570']
    Key: phase, Value: ['0']
    Key: product, Value: ['hypothetical protein']
    Key: protein_id, Value: ['WP_013867439.1']
    Key: source, Value: ['Protein Homology']
    Key: transl_table, Value: ['11']

GF(None, 10421-11909 (1))
type: CDS
location: [1322651:1324211](+)
id: cds-WP_013867440.1
qualifiers:
    Key: Dbxref, Value: ['GenBank:WP_013867440.1', 'GeneID:10773446']
    Key: ID, Value: ['cds-WP_013867440.1']
    Key: Name, Value: ['WP_013867440.1']
    Key: Parent, Value: ['gene-METOK_RS06575']
    Key: gbkey, Value: ['CDS']
    Key: inference, Value: ['COORDINATES: similar to AA sequence:RefSeq:WP_011973786.1']
    Key: locus_tag, Value: ['METOK_RS06575']
    Key: phase, Value: ['0']
    Key: product, Value: ['hypothetical protein']
    Key: protein_id, Value: ['WP_013867440.1']
    Key: source, Value: ['Protein Homology']
    Key: transl_table, Value: ['11']

GF(None, 11944-13504 (1))
type: CDS
location: [1324337:1325510](+)
id: cds-WP_013867441.1
qualifiers:
    Key: Dbxref, Value: ['GenBank:WP_013867441.1', 'GeneID:10773447']
    Key: ID, Value: ['cds-WP_013867441.1']
    Key: Name, Value: ['WP_013867441.1']
    Key: Parent, Value: ['gene-METOK_RS06580']
    Key: gbkey, Value: ['CDS']
    Key: inference, Value: ['COORDINATES: similar to AA sequence:RefSeq:WP_015791622.1']
    Key: locus_tag, Value: ['METOK_RS06580']
    Key: phase, Value: ['0']
    Key: product, Value: ['chromate transporter']
    Key: protein_id, Value: ['WP_013867441.1']
    Key: source, Value: ['Protein Homology']
    Key: transl_table, Value: ['11']

GF(chromate transporter, 13630-14803 (1))
type: CDS
location: [1325616:1327173](-)
id: cds-WP_013867442.1
qualifiers:
    Key: Dbxref, Value: ['GenBank:WP_013867442.1', 'GeneID:10773448']
    Key: ID, Value: ['cds-WP_013867442.1']
    Key: Name, Value: ['WP_013867442.1']
    Key: Ontology_term, Value: ['GO:0006434', 'GO:0004828']
    Key: Parent, Value: ['gene-METOK_RS06585']
    Key: gbkey, Value: ['CDS']
    Key: gene, Value: ['serS']
    Key: go_function, Value: ['serine-tRNA ligase activity|0004828||IEA']
    Key: go_process, Value: ['seryl-tRNA aminoacylation|0006434||IEA']
    Key: inference, Value: ['COORDINATES: similar to AA sequence:RefSeq:WP_011170823.1']
    Key: locus_tag, Value: ['METOK_RS06585']
    Key: phase, Value: ['0']
    Key: product, Value: ['serine--tRNA ligase']
    Key: protein_id, Value: ['WP_013867442.1']
    Key: source, Value: ['Protein Homology']
    Key: transl_table, Value: ['11']

GF(serine--tRNA ligase, 14909-16466 (-1))
graphic feature from cctyper protein table: GF(Cas10, 4000-6813 (1))
graphic feature from cctyper protein table: GF(Csm2gr11, 6785-7279 (1))
graphic feature from cctyper protein table: GF(Csm3gr7, 7344-8072 (1))
graphic feature from cctyper protein table: GF(Csm4gr5, 8124-9275 (1))
graphic feature from cctyper protein table: GF(Csm5, 9278-10429 (1))
graphic feature from cctyper protein table: GF(Csx1, 10422-11909 (1))
graphic feature from cctyper protein table: GF(Csx1, 11945-13504 (1))
Index(['protein_id', 'start', 'end', 'effector', 'locus', 'sample', 'strand',
       'sequence', 'type'],
      dtype='object')
graphic feature from known effectors: GF(csx1, 10422-11909 (1))
Index(['protein_id', 'start', 'end', 'effector', 'locus', 'sample', 'strand',
       'sequence'],
      dtype='object')
[GF(AI-2E family transporter, 401-1433 (-1)), GF(aldehyde ferredoxin oxidoreductase N-terminal domain-containing protein, 1712-3644 (1)), GF(type III-A CRISPR-associated protein Cas10/Csm1, 3999-6813 (1)), GF(type III-A CRISPR-associated protein Csm2, 6784-7279 (1)), GF(type III-A CRISPR-associated RAMP protein Csm3, 7343-8072 (1)), GF(type III-A CRISPR-associated RAMP protein Csm4, 8123-9275 (1)), GF(type III-A CRISPR-associated RAMP protein Csm5, 9277-10429 (1)), GF(None, 10421-11909 (1)), GF(None, 11944-13504 (1)), GF(chromate transporter, 13630-14803 (1)), GF(serine--tRNA ligase, 14909-16466 (-1)), GF(Cas10, 4000-6813 (1)), GF(Csm2gr11, 6785-7279 (1)), GF(Csm3gr7, 7344-8072 (1)), GF(Csm4gr5, 8124-9275 (1)), GF(Csm5, 9278-10429 (1)), GF(Csx1, 10422-11909 (1)), GF(Csx1, 11945-13504 (1)), GF(csx1, 10422-11909 (1)), GF(CRISPR-Cas locus, 4000-13504 (0))]
