Cas operons file:    Unnamed: 0         Contig  ...           locus_id           sample
0           4  NZ_CP051167.1  ...  GCF_012295525.1_4  GCF_012295525.1

[1 rows x 19 columns]
The chosen contig: NZ_CP051167.1
type: CDS
location: [4399575:4399896](+)
id: cds-WP_168570337.1
qualifiers:
    Key: Dbxref, Value: ['GenBank:WP_168570337.1']
    Key: ID, Value: ['cds-WP_168570337.1']
    Key: Name, Value: ['WP_168570337.1']
    Key: Parent, Value: ['gene-HCG48_RS17745']
    Key: gbkey, Value: ['CDS']
    Key: inference, Value: ['COORDINATES: ab initio prediction:GeneMarkS-2+']
    Key: locus_tag, Value: ['HCG48_RS17745']
    Key: phase, Value: ['0']
    Key: product, Value: ['hypothetical protein']
    Key: protein_id, Value: ['WP_168570337.1']
    Key: source, Value: ['GeneMarkS-2+']
    Key: transl_table, Value: ['11']

GF(None, 857-1178 (1))
type: CDS
location: [4400319:4401711](+)
id: cds-WP_168570338.1
qualifiers:
    Key: Dbxref, Value: ['GenBank:WP_168570338.1']
    Key: ID, Value: ['cds-WP_168570338.1']
    Key: Name, Value: ['WP_168570338.1']
    Key: Ontology_term, Value: ['GO:0051287']
    Key: Parent, Value: ['gene-HCG48_RS17750']
    Key: gbkey, Value: ['CDS']
    Key: go_function, Value: ['NAD binding|0051287||IEA']
    Key: inference, Value: ['COORDINATES: similar to AA sequence:RefSeq:WP_007357254.1']
    Key: locus_tag, Value: ['HCG48_RS17750']
    Key: phase, Value: ['0']
    Key: product, Value: ['malic enzyme-like NAD(P)-binding protein']
    Key: protein_id, Value: ['WP_168570338.1']
    Key: source, Value: ['Protein Homology']
    Key: transl_table, Value: ['11']

GF(malic enzyme-like NAD(P)-binding protein, 1601-2993 (1))
type: CDS
location: [4401777:4402347](+)
id: cds-WP_168570339.1
qualifiers:
    Key: Dbxref, Value: ['GenBank:WP_168570339.1']
    Key: ID, Value: ['cds-WP_168570339.1']
    Key: Name, Value: ['WP_168570339.1']
    Key: Ontology_term, Value: ['GO:0003676', 'GO:0004519']
    Key: Parent, Value: ['gene-HCG48_RS17755']
    Key: gbkey, Value: ['CDS']
    Key: go_function, Value: ['nucleic acid binding|0003676||IEA', 'endonuclease activity|0004519||IEA']
    Key: inference, Value: ['COORDINATES: similar to AA sequence:RefSeq:WP_008179785.1']
    Key: locus_tag, Value: ['HCG48_RS17755']
    Key: phase, Value: ['0']
    Key: product, Value: ['Uma2 family endonuclease']
    Key: protein_id, Value: ['WP_168570339.1']
    Key: source, Value: ['Protein Homology']
    Key: transl_table, Value: ['11']

GF(Uma2 family endonuclease, 3059-3629 (1))
type: CDS
location: [4402356:4402518](-)
id: cds-WP_210437074.1
qualifiers:
    Key: Dbxref, Value: ['GenBank:WP_210437074.1']
    Key: ID, Value: ['cds-WP_210437074.1']
    Key: Name, Value: ['WP_210437074.1']
    Key: Parent, Value: ['gene-HCG48_RS17760']
    Key: gbkey, Value: ['CDS']
    Key: inference, Value: ['COORDINATES: ab initio prediction:GeneMarkS-2+']
    Key: locus_tag, Value: ['HCG48_RS17760']
    Key: phase, Value: ['0']
    Key: product, Value: ['hypothetical protein']
    Key: protein_id, Value: ['WP_210437074.1']
    Key: source, Value: ['GeneMarkS-2+']
    Key: transl_table, Value: ['11']

GF(None, 3638-3800 (-1))
type: CDS
location: [4402717:4404928](-)
id: cds-WP_168570341.1
qualifiers:
    Key: Dbxref, Value: ['GenBank:WP_168570341.1']
    Key: ID, Value: ['cds-WP_168570341.1']
    Key: Name, Value: ['WP_168570341.1']
    Key: Parent, Value: ['gene-HCG48_RS17765']
    Key: gbkey, Value: ['CDS']
    Key: inference, Value: ['COORDINATES: similar to AA sequence:RefSeq:WP_009784427.1']
    Key: locus_tag, Value: ['HCG48_RS17765']
    Key: phase, Value: ['0']
    Key: product, Value: ['TIGR03986 family CRISPR-associated RAMP protein']
    Key: protein_id, Value: ['WP_168570341.1']
    Key: source, Value: ['Protein Homology']
    Key: transl_table, Value: ['11']

GF(TIGR03986 family CRISPR-associated RAMP protein, 3999-6210 (-1))
type: CDS
location: [4404924:4405521](-)
id: cds-WP_168570342.1
qualifiers:
    Key: Dbxref, Value: ['GenBank:WP_168570342.1']
    Key: ID, Value: ['cds-WP_168570342.1']
    Key: Name, Value: ['WP_168570342.1']
    Key: Parent, Value: ['gene-HCG48_RS17770']
    Key: gbkey, Value: ['CDS']
    Key: gene, Value: ['csx19']
    Key: inference, Value: ['COORDINATES: similar to AA sequence:RefSeq:WP_009784429.1']
    Key: locus_tag, Value: ['HCG48_RS17770']
    Key: phase, Value: ['0']
    Key: product, Value: ['CRISPR-associated protein Csx19']
    Key: protein_id, Value: ['WP_168570342.1']
    Key: source, Value: ['Protein Homology']
    Key: transl_table, Value: ['11']

GF(CRISPR-associated protein Csx19, 6206-6803 (-1))
type: CDS
location: [4405517:4406981](-)
id: cds-WP_168570343.1
qualifiers:
    Key: Dbxref, Value: ['GenBank:WP_168570343.1']
    Key: ID, Value: ['cds-WP_168570343.1']
    Key: Name, Value: ['WP_168570343.1']
    Key: Parent, Value: ['gene-HCG48_RS17775']
    Key: gbkey, Value: ['CDS']
    Key: inference, Value: ['COORDINATES: similar to AA sequence:RefSeq:WP_017662274.1']
    Key: locus_tag, Value: ['HCG48_RS17775']
    Key: phase, Value: ['0']
    Key: product, Value: ['RAMP superfamily CRISPR-associated protein']
    Key: protein_id, Value: ['WP_168570343.1']
    Key: source, Value: ['Protein Homology']
    Key: transl_table, Value: ['11']

GF(RAMP superfamily CRISPR-associated protein, 6799-8263 (-1))
type: CDS
location: [4406980:4408564](-)
id: cds-WP_168570344.1
qualifiers:
    Key: Dbxref, Value: ['GenBank:WP_168570344.1']
    Key: ID, Value: ['cds-WP_168570344.1']
    Key: Name, Value: ['WP_168570344.1']
    Key: Parent, Value: ['gene-HCG48_RS17780']
    Key: gbkey, Value: ['CDS']
    Key: inference, Value: ['COORDINATES: similar to AA sequence:RefSeq:WP_009784431.1']
    Key: locus_tag, Value: ['HCG48_RS17780']
    Key: phase, Value: ['0']
    Key: product, Value: ['type III-B CRISPR module-associated Cmr3 family protein']
    Key: protein_id, Value: ['WP_168570344.1']
    Key: source, Value: ['Protein Homology']
    Key: transl_table, Value: ['11']

GF(type III-B CRISPR module-associated Cmr3 family protein, 8262-9846 (-1))
type: CDS
location: [4408560:4409238](-)
id: cds-WP_168570345.1
qualifiers:
    Key: Dbxref, Value: ['GenBank:WP_168570345.1']
    Key: ID, Value: ['cds-WP_168570345.1']
    Key: Name, Value: ['WP_168570345.1']
    Key: Parent, Value: ['gene-HCG48_RS17785']
    Key: gbkey, Value: ['CDS']
    Key: inference, Value: ['COORDINATES: similar to AA sequence:RefSeq:WP_009784432.1']
    Key: locus_tag, Value: ['HCG48_RS17785']
    Key: phase, Value: ['0']
    Key: product, Value: ['RAMP superfamily CRISPR-associated protein']
    Key: protein_id, Value: ['WP_168570345.1']
    Key: source, Value: ['Protein Homology']
    Key: transl_table, Value: ['11']

GF(RAMP superfamily CRISPR-associated protein, 9842-10520 (-1))
type: CDS
location: [4409200:4410850](-)
id: cds-WP_168570346.1
qualifiers:
    Key: Dbxref, Value: ['GenBank:WP_168570346.1']
    Key: ID, Value: ['cds-WP_168570346.1']
    Key: Name, Value: ['WP_168570346.1']
    Key: Parent, Value: ['gene-HCG48_RS17790']
    Key: gbkey, Value: ['CDS']
    Key: inference, Value: ['COORDINATES: similar to AA sequence:RefSeq:WP_007357726.1']
    Key: locus_tag, Value: ['HCG48_RS17790']
    Key: phase, Value: ['0']
    Key: product, Value: ['hypothetical protein']
    Key: protein_id, Value: ['WP_168570346.1']
    Key: source, Value: ['Protein Homology']
    Key: transl_table, Value: ['11']

GF(None, 10482-12132 (-1))
type: CDS
location: [4410846:4412115](-)
id: cds-WP_168570347.1
qualifiers:
    Key: Dbxref, Value: ['GenBank:WP_168570347.1']
    Key: ID, Value: ['cds-WP_168570347.1']
    Key: Name, Value: ['WP_168570347.1']
    Key: Parent, Value: ['gene-HCG48_RS17795']
    Key: gbkey, Value: ['CDS']
    Key: inference, Value: ['COORDINATES: protein motif:HMM:NF020571.3']
    Key: locus_tag, Value: ['HCG48_RS17795']
    Key: phase, Value: ['0']
    Key: product, Value: ['DUF1887 family CARF protein']
    Key: protein_id, Value: ['WP_168570347.1']
    Key: source, Value: ['Protein Homology']
    Key: transl_table, Value: ['11']

GF(DUF1887 family CARF protein, 12128-13397 (-1))
type: CDS
location: [4412297:4413203](-)
id: cds-WP_168570348.1
qualifiers:
    Key: Dbxref, Value: ['GenBank:WP_168570348.1']
    Key: ID, Value: ['cds-WP_168570348.1']
    Key: Name, Value: ['WP_168570348.1']
    Key: Ontology_term, Value: ['GO:0043571', 'GO:0003674']
    Key: Parent, Value: ['gene-HCG48_RS17800']
    Key: gbkey, Value: ['CDS']
    Key: gene, Value: ['crn3']
    Key: go_function, Value: ['molecular_function|0003674||IEA']
    Key: go_process, Value: ['maintenance of CRISPR repeat elements|0043571||IEA']
    Key: inference, Value: ['COORDINATES: similar to AA sequence:RefSeq:WP_006624309.1']
    Key: locus_tag, Value: ['HCG48_RS17800']
    Key: phase, Value: ['0']
    Key: product, Value: ['CRISPR-associated ring nuclease Crn3/Csx3']
    Key: protein_id, Value: ['WP_168570348.1']
    Key: source, Value: ['Protein Homology']
    Key: transl_table, Value: ['11']

GF(CRISPR-associated ring nuclease Crn3/Csx3, 13579-14485 (-1))
type: CDS
location: [4413277:4414729](+)
id: cds-WP_246259613.1
qualifiers:
    Key: Dbxref, Value: ['GenBank:WP_246259613.1']
    Key: ID, Value: ['cds-WP_246259613.1']
    Key: Name, Value: ['WP_246259613.1']
    Key: Parent, Value: ['gene-HCG48_RS17805']
    Key: gbkey, Value: ['CDS']
    Key: inference, Value: ['COORDINATES: similar to AA sequence:RefSeq:WP_009785613.1']
    Key: locus_tag, Value: ['HCG48_RS17805']
    Key: phase, Value: ['0']
    Key: product, Value: ['TIGR03985 family CRISPR-associated protein']
    Key: protein_id, Value: ['WP_246259613.1']
    Key: source, Value: ['Protein Homology']
    Key: transl_table, Value: ['11']

GF(TIGR03985 family CRISPR-associated protein, 14559-16011 (1))
type: CDS
location: [4414806:4415976](+)
id: cds-WP_168570350.1
qualifiers:
    Key: Dbxref, Value: ['GenBank:WP_168570350.1']
    Key: ID, Value: ['cds-WP_168570350.1']
    Key: Name, Value: ['WP_168570350.1']
    Key: Ontology_term, Value: ['GO:0043571', 'GO:0004521']
    Key: Parent, Value: ['gene-HCG48_RS17810']
    Key: gbkey, Value: ['CDS']
    Key: gene, Value: ['cas6']
    Key: go_function, Value: ['RNA endonuclease activity|0004521||IEA']
    Key: go_process, Value: ['maintenance of CRISPR repeat elements|0043571||IEA']
    Key: inference, Value: ['COORDINATES: similar to AA sequence:RefSeq:WP_007355488.1']
    Key: locus_tag, Value: ['HCG48_RS17810']
    Key: phase, Value: ['0']
    Key: product, Value: ['CRISPR-associated endoribonuclease Cas6']
    Key: protein_id, Value: ['WP_168570350.1']
    Key: source, Value: ['Protein Homology']
    Key: transl_table, Value: ['11']

GF(CRISPR-associated endoribonuclease Cas6, 16088-17258 (1))
type: CDS
location: [4416369:4416906](-)
id: cds-WP_168570351.1
qualifiers:
    Key: Dbxref, Value: ['GenBank:WP_168570351.1']
    Key: ID, Value: ['cds-WP_168570351.1']
    Key: Name, Value: ['WP_168570351.1']
    Key: Parent, Value: ['gene-HCG48_RS17815']
    Key: gbkey, Value: ['CDS']
    Key: inference, Value: ['COORDINATES: similar to AA sequence:RefSeq:WP_007356714.1']
    Key: locus_tag, Value: ['HCG48_RS17815']
    Key: phase, Value: ['0']
    Key: product, Value: ['P-loop NTPase family protein']
    Key: protein_id, Value: ['WP_168570351.1']
    Key: source, Value: ['Protein Homology']
    Key: transl_table, Value: ['11']

GF(P-loop NTPase family protein, 17651-18188 (-1))
type: CDS
location: [4417474:4418176](+)
id: cds-WP_168570352.1
qualifiers:
    Key: Dbxref, Value: ['GenBank:WP_168570352.1']
    Key: ID, Value: ['cds-WP_168570352.1']
    Key: Name, Value: ['WP_168570352.1']
    Key: Parent, Value: ['gene-HCG48_RS17820']
    Key: gbkey, Value: ['CDS']
    Key: gene, Value: ['iscB']
    Key: inference, Value: ['COORDINATES: similar to AA sequence:RefSeq:WP_006622497.1']
    Key: locus_tag, Value: ['HCG48_RS17820']
    Key: phase, Value: ['0']
    Key: product, Value: ['RNA-guided endonuclease IscB']
    Key: protein_id, Value: ['WP_168570352.1']
    Key: source, Value: ['Protein Homology']
    Key: transl_table, Value: ['11']

GF(RNA-guided endonuclease IscB, 18756-19458 (1))
type: CDS
location: [4418207:4418771](+)
id: cds-WP_168570353.1
qualifiers:
    Key: Dbxref, Value: ['GenBank:WP_168570353.1']
    Key: ID, Value: ['cds-WP_168570353.1']
    Key: Name, Value: ['WP_168570353.1']
    Key: Ontology_term, Value: ['GO:0006139', 'GO:0005524', 'GO:0019205']
    Key: Parent, Value: ['gene-HCG48_RS17825']
    Key: gbkey, Value: ['CDS']
    Key: go_function, Value: ['ATP binding|0005524||IEA', 'nucleobase-containing compound kinase activity|0019205||IEA']
    Key: go_process, Value: ['nucleobase-containing compound metabolic process|0006139||IEA']
    Key: inference, Value: ['COORDINATES: similar to AA sequence:RefSeq:WP_007356715.1']
    Key: locus_tag, Value: ['HCG48_RS17825']
    Key: phase, Value: ['0']
    Key: product, Value: ['adenylate kinase']
    Key: protein_id, Value: ['WP_168570353.1']
    Key: source, Value: ['Protein Homology']
    Key: transl_table, Value: ['11']

GF(adenylate kinase, 19489-20053 (1))
type: CDS
location: [4418840:4419560](+)
id: cds-WP_168570354.1
qualifiers:
    Key: Dbxref, Value: ['GenBank:WP_168570354.1']
    Key: ID, Value: ['cds-WP_168570354.1']
    Key: Name, Value: ['WP_168570354.1']
    Key: Ontology_term, Value: ['GO:0008033', 'GO:0004549']
    Key: Parent, Value: ['gene-HCG48_RS17830']
    Key: gbkey, Value: ['CDS']
    Key: gene, Value: ['rph']
    Key: go_function, Value: ['tRNA-specific ribonuclease activity|0004549||IEA']
    Key: go_process, Value: ['tRNA processing|0008033||IEA']
    Key: inference, Value: ['COORDINATES: similar to AA sequence:RefSeq:WP_015150901.1']
    Key: locus_tag, Value: ['HCG48_RS17830']
    Key: phase, Value: ['0']
    Key: product, Value: ['ribonuclease PH']
    Key: protein_id, Value: ['WP_168570354.1']
    Key: source, Value: ['Protein Homology']
    Key: transl_table, Value: ['11']

GF(ribonuclease PH, 20122-20842 (1))
graphic feature from cctyper protein table: GF(Csm3, 4000-6210 (-1))
graphic feature from cctyper protein table: GF(Csx19, 6207-6803 (-1))
graphic feature from cctyper protein table: GF(Csm3, 6800-8263 (-1))
graphic feature from cctyper protein table: GF(Csx10gr5, 8263-9846 (-1))
graphic feature from cctyper protein table: GF(Csm3gr7, 9843-10520 (-1))
graphic feature from cctyper protein table: GF(Cas10, 10483-12132 (-1))
graphic feature from cctyper protein table: GF(Csx1, 12129-13397 (-1))
graphic feature from cctyper protein table: GF(Csx3, 13580-14485 (-1))
graphic feature from cctyper protein table: GF(WYL, 14560-16011 (1))
graphic feature from cctyper protein table: GF(Cas6, 16089-17258 (1))
Index(['protein_id', 'start', 'end', 'effector', 'locus', 'sample', 'strand',
       'sequence', 'type'],
      dtype='object')
graphic feature from known effectors: GF(can1-2, 12129-13397 (-1))
Index(['protein_id', 'start', 'end', 'effector', 'locus', 'sample', 'strand',
       'sequence'],
      dtype='object')
[GF(None, 857-1178 (1)), GF(malic enzyme-like NAD(P)-binding protein, 1601-2993 (1)), GF(Uma2 family endonuclease, 3059-3629 (1)), GF(None, 3638-3800 (-1)), GF(TIGR03986 family CRISPR-associated RAMP protein, 3999-6210 (-1)), GF(CRISPR-associated protein Csx19, 6206-6803 (-1)), GF(RAMP superfamily CRISPR-associated protein, 6799-8263 (-1)), GF(type III-B CRISPR module-associated Cmr3 family protein, 8262-9846 (-1)), GF(RAMP superfamily CRISPR-associated protein, 9842-10520 (-1)), GF(None, 10482-12132 (-1)), GF(DUF1887 family CARF protein, 12128-13397 (-1)), GF(CRISPR-associated ring nuclease Crn3/Csx3, 13579-14485 (-1)), GF(TIGR03985 family CRISPR-associated protein, 14559-16011 (1)), GF(CRISPR-associated endoribonuclease Cas6, 16088-17258 (1)), GF(P-loop NTPase family protein, 17651-18188 (-1)), GF(RNA-guided endonuclease IscB, 18756-19458 (1)), GF(adenylate kinase, 19489-20053 (1)), GF(ribonuclease PH, 20122-20842 (1)), GF(Csm3, 4000-6210 (-1)), GF(Csx19, 6207-6803 (-1)), GF(Csm3, 6800-8263 (-1)), GF(Csx10gr5, 8263-9846 (-1)), GF(Csm3gr7, 9843-10520 (-1)), GF(Cas10, 10483-12132 (-1)), GF(Csx1, 12129-13397 (-1)), GF(Csx3, 13580-14485 (-1)), GF(WYL, 14560-16011 (1)), GF(Cas6, 16089-17258 (1)), GF(can1-2, 12129-13397 (-1)), GF(CRISPR-Cas locus, 4000-17258 (0))]
