Cas operons file:    Unnamed: 0         Contig  ...           locus_id           sample
0           0  NZ_CP118735.1  ...  GCF_032595075.1_0  GCF_032595075.1

[1 rows x 19 columns]
The chosen contig: NZ_CP118735.1
type: CDS
location: [2072907:2073366](-)
id: cds-WP_172097756.1
qualifiers:
    Key: Dbxref, Value: ['GenBank:WP_172097756.1']
    Key: ID, Value: ['cds-WP_172097756.1']
    Key: Name, Value: ['WP_172097756.1']
    Key: Parent, Value: ['gene-PW252_RS10035']
    Key: gbkey, Value: ['CDS']
    Key: inference, Value: ['COORDINATES: similar to AA sequence:RefSeq:WP_012027859.1']
    Key: locus_tag, Value: ['PW252_RS10035']
    Key: phase, Value: ['0']
    Key: product, Value: ['CtsR family transcriptional regulator']
    Key: protein_id, Value: ['WP_172097756.1']
    Key: source, Value: ['Protein Homology']
    Key: transl_table, Value: ['11']

GF(CtsR family transcriptional regulator, 344-803 (-1))
type: CDS
location: [2073641:2073980](+)
id: cds-WP_248049462.1
qualifiers:
    Key: Dbxref, Value: ['GenBank:WP_248049462.1']
    Key: ID, Value: ['cds-WP_248049462.1']
    Key: Name, Value: ['WP_248049462.1']
    Key: Parent, Value: ['gene-PW252_RS10040']
    Key: gbkey, Value: ['CDS']
    Key: inference, Value: ['COORDINATES: similar to AA sequence:RefSeq:WP_002940146.1']
    Key: locus_tag, Value: ['PW252_RS10040']
    Key: phase, Value: ['0']
    Key: product, Value: ['thioredoxin domain-containing protein']
    Key: protein_id, Value: ['WP_248049462.1']
    Key: source, Value: ['Protein Homology']
    Key: transl_table, Value: ['11']

GF(thioredoxin domain-containing protein, 1078-1417 (1))
type: CDS
location: [2076562:2078485](-)
id: cds-WP_248049461.1
qualifiers:
    Key: Dbxref, Value: ['GenBank:WP_248049461.1']
    Key: ID, Value: ['cds-WP_248049461.1']
    Key: Name, Value: ['WP_248049461.1']
    Key: Ontology_term, Value: ['GO:0043571', 'GO:0004520', 'GO:0046872']
    Key: Parent, Value: ['gene-PW252_RS10045']
    Key: gbkey, Value: ['CDS']
    Key: gene, Value: ['cas1']
    Key: go_function, Value: ['DNA endonuclease activity|0004520||IEA', 'metal ion binding|0046872||IEA']
    Key: go_process, Value: ['maintenance of CRISPR repeat elements|0043571||IEA']
    Key: inference, Value: ['COORDINATES: protein motif:HMM:TIGR00287.1']
    Key: locus_tag, Value: ['PW252_RS10045']
    Key: phase, Value: ['0']
    Key: product, Value: ['CRISPR-associated endonuclease Cas1']
    Key: protein_id, Value: ['WP_248049461.1']
    Key: source, Value: ['Protein Homology']
    Key: transl_table, Value: ['11']

GF(CRISPR-associated endonuclease Cas1, 3999-5922 (-1))
type: CDS
location: [2078481:2078742](-)
id: cds-WP_248049460.1
qualifiers:
    Key: Dbxref, Value: ['GenBank:WP_248049460.1']
    Key: ID, Value: ['cds-WP_248049460.1']
    Key: Name, Value: ['WP_248049460.1']
    Key: Ontology_term, Value: ['GO:0043571', 'GO:0004521']
    Key: Parent, Value: ['gene-PW252_RS10050']
    Key: gbkey, Value: ['CDS']
    Key: gene, Value: ['cas2']
    Key: go_function, Value: ['RNA endonuclease activity|0004521||IEA']
    Key: go_process, Value: ['maintenance of CRISPR repeat elements|0043571||IEA']
    Key: inference, Value: ['COORDINATES: protein motif:HMM:TIGR01573.1']
    Key: locus_tag, Value: ['PW252_RS10050']
    Key: phase, Value: ['0']
    Key: product, Value: ['CRISPR-associated endonuclease Cas2']
    Key: protein_id, Value: ['WP_248049460.1']
    Key: source, Value: ['Protein Homology']
    Key: transl_table, Value: ['11']

GF(CRISPR-associated endonuclease Cas2, 5918-6179 (-1))
type: CDS
location: [2078752:2079898](-)
id: cds-WP_316716741.1
qualifiers:
    Key: Dbxref, Value: ['GenBank:WP_316716741.1']
    Key: ID, Value: ['cds-WP_316716741.1']
    Key: Name, Value: ['WP_316716741.1']
    Key: Parent, Value: ['gene-PW252_RS10055']
    Key: gbkey, Value: ['CDS']
    Key: inference, Value: ['COORDINATES: similar to AA sequence:RefSeq:WP_000202642.1']
    Key: locus_tag, Value: ['PW252_RS10055']
    Key: phase, Value: ['0']
    Key: product, Value: ['hypothetical protein']
    Key: protein_id, Value: ['WP_316716741.1']
    Key: source, Value: ['Protein Homology']
    Key: transl_table, Value: ['11']

GF(None, 6189-7335 (-1))
type: CDS
location: [2079875:2080244](-)
id: cds-WP_248044823.1
qualifiers:
    Key: Dbxref, Value: ['GenBank:WP_248044823.1']
    Key: ID, Value: ['cds-WP_248044823.1']
    Key: Name, Value: ['WP_248044823.1']
    Key: Parent, Value: ['gene-PW252_RS10060']
    Key: gbkey, Value: ['CDS']
    Key: inference, Value: ['COORDINATES: similar to AA sequence:RefSeq:WP_000401854.1']
    Key: locus_tag, Value: ['PW252_RS10060']
    Key: phase, Value: ['0']
    Key: product, Value: ['hypothetical protein']
    Key: protein_id, Value: ['WP_248044823.1']
    Key: source, Value: ['Protein Homology']
    Key: transl_table, Value: ['11']

GF(None, 7312-7681 (-1))
type: CDS
location: [2080240:2081971](-)
id: cds-WP_248044825.1
qualifiers:
    Key: Dbxref, Value: ['GenBank:WP_248044825.1']
    Key: ID, Value: ['cds-WP_248044825.1']
    Key: Name, Value: ['WP_248044825.1']
    Key: Parent, Value: ['gene-PW252_RS10065']
    Key: gbkey, Value: ['CDS']
    Key: inference, Value: ['COORDINATES: ab initio prediction:GeneMarkS-2+']
    Key: locus_tag, Value: ['PW252_RS10065']
    Key: phase, Value: ['0']
    Key: product, Value: ['hypothetical protein']
    Key: protein_id, Value: ['WP_248044825.1']
    Key: source, Value: ['GeneMarkS-2+']
    Key: transl_table, Value: ['11']

GF(None, 7677-9408 (-1))
type: CDS
location: [2081991:2083191](-)
id: cds-WP_248049457.1
qualifiers:
    Key: Dbxref, Value: ['GenBank:WP_248049457.1']
    Key: ID, Value: ['cds-WP_248049457.1']
    Key: Name, Value: ['WP_248049457.1']
    Key: Ontology_term, Value: ['GO:0043571', 'GO:0003674']
    Key: Parent, Value: ['gene-PW252_RS10070']
    Key: gbkey, Value: ['CDS']
    Key: gene, Value: ['cmr6']
    Key: go_function, Value: ['molecular_function|0003674||IEA']
    Key: go_process, Value: ['maintenance of CRISPR repeat elements|0043571||IEA']
    Key: inference, Value: ['COORDINATES: protein motif:HMM:TIGR01898.1']
    Key: locus_tag, Value: ['PW252_RS10070']
    Key: phase, Value: ['0']
    Key: product, Value: ['type III-B CRISPR module RAMP protein Cmr6']
    Key: protein_id, Value: ['WP_248049457.1']
    Key: source, Value: ['Protein Homology']
    Key: transl_table, Value: ['11']

GF(type III-B CRISPR module RAMP protein Cmr6, 9428-10628 (-1))
type: CDS
location: [2083203:2084019](-)
id: cds-WP_248049455.1
qualifiers:
    Key: Dbxref, Value: ['GenBank:WP_248049455.1']
    Key: ID, Value: ['cds-WP_248049455.1']
    Key: Name, Value: ['WP_248049455.1']
    Key: Ontology_term, Value: ['GO:0043571', 'GO:0003674']
    Key: Parent, Value: ['gene-PW252_RS10075']
    Key: gbkey, Value: ['CDS']
    Key: gene, Value: ['cmr4']
    Key: go_function, Value: ['molecular_function|0003674||IEA']
    Key: go_process, Value: ['maintenance of CRISPR repeat elements|0043571||IEA']
    Key: inference, Value: ['COORDINATES: protein motif:HMM:TIGR02580.1']
    Key: locus_tag, Value: ['PW252_RS10075']
    Key: phase, Value: ['0']
    Key: product, Value: ['type III-B CRISPR module RAMP protein Cmr4']
    Key: protein_id, Value: ['WP_248049455.1']
    Key: source, Value: ['Protein Homology']
    Key: transl_table, Value: ['11']

GF(type III-B CRISPR module RAMP protein Cmr4, 10640-11456 (-1))
type: CDS
location: [2084025:2085114](-)
id: cds-WP_248049454.1
qualifiers:
    Key: Dbxref, Value: ['GenBank:WP_248049454.1']
    Key: ID, Value: ['cds-WP_248049454.1']
    Key: Name, Value: ['WP_248049454.1']
    Key: Parent, Value: ['gene-PW252_RS10080']
    Key: gbkey, Value: ['CDS']
    Key: inference, Value: ['COORDINATES: protein motif:HMM:NF021236.3']
    Key: locus_tag, Value: ['PW252_RS10080']
    Key: phase, Value: ['0']
    Key: product, Value: ['type III-B CRISPR module-associated Cmr3 family protein']
    Key: protein_id, Value: ['WP_248049454.1']
    Key: source, Value: ['Protein Homology']
    Key: transl_table, Value: ['11']

GF(type III-B CRISPR module-associated Cmr3 family protein, 11462-12551 (-1))
type: CDS
location: [2085115:2086630](-)
id: cds-WP_248049453.1
qualifiers:
    Key: Dbxref, Value: ['GenBank:WP_248049453.1']
    Key: ID, Value: ['cds-WP_248049453.1']
    Key: Name, Value: ['WP_248049453.1']
    Key: Ontology_term, Value: ['GO:0043571', 'GO:0003674']
    Key: Parent, Value: ['gene-PW252_RS10085']
    Key: gbkey, Value: ['CDS']
    Key: gene, Value: ['cas10']
    Key: go_function, Value: ['molecular_function|0003674||IEA']
    Key: go_process, Value: ['maintenance of CRISPR repeat elements|0043571||IEA']
    Key: inference, Value: ['COORDINATES: protein motif:HMM:TIGR02577.1']
    Key: locus_tag, Value: ['PW252_RS10085']
    Key: phase, Value: ['0']
    Key: product, Value: ['type III-B CRISPR-associated protein Cas10/Cmr2']
    Key: protein_id, Value: ['WP_248049453.1']
    Key: source, Value: ['Protein Homology']
    Key: transl_table, Value: ['11']

GF(type III-B CRISPR-associated protein Cas10/Cmr2, 12552-14067 (-1))
type: CDS
location: [2086629:2087787](-)
id: cds-WP_248049452.1
qualifiers:
    Key: Dbxref, Value: ['GenBank:WP_248049452.1']
    Key: ID, Value: ['cds-WP_248049452.1']
    Key: Name, Value: ['WP_248049452.1']
    Key: Parent, Value: ['gene-PW252_RS10090']
    Key: gbkey, Value: ['CDS']
    Key: inference, Value: ['COORDINATES: ab initio prediction:GeneMarkS-2+']
    Key: locus_tag, Value: ['PW252_RS10090']
    Key: phase, Value: ['0']
    Key: product, Value: ['hypothetical protein']
    Key: protein_id, Value: ['WP_248049452.1']
    Key: source, Value: ['GeneMarkS-2+']
    Key: transl_table, Value: ['11']

GF(None, 14066-15224 (-1))
type: CDS
location: [2087779:2088493](-)
id: cds-WP_248049451.1
qualifiers:
    Key: Dbxref, Value: ['GenBank:WP_248049451.1']
    Key: ID, Value: ['cds-WP_248049451.1']
    Key: Name, Value: ['WP_248049451.1']
    Key: Ontology_term, Value: ['GO:0043571', 'GO:0004521']
    Key: Parent, Value: ['gene-PW252_RS10095']
    Key: gbkey, Value: ['CDS']
    Key: gene, Value: ['cas6']
    Key: go_function, Value: ['RNA endonuclease activity|0004521||IEA']
    Key: go_process, Value: ['maintenance of CRISPR repeat elements|0043571||IEA']
    Key: inference, Value: ['COORDINATES: protein motif:HMM:TIGR01877.1']
    Key: locus_tag, Value: ['PW252_RS10095']
    Key: phase, Value: ['0']
    Key: product, Value: ['CRISPR-associated endoribonuclease Cas6']
    Key: protein_id, Value: ['WP_248049451.1']
    Key: source, Value: ['Protein Homology']
    Key: transl_table, Value: ['11']

GF(CRISPR-associated endoribonuclease Cas6, 15216-15930 (-1))
type: CDS
location: [2089082:2090123](-)
id: cds-WP_248049450.1
qualifiers:
    Key: Dbxref, Value: ['GenBank:WP_248049450.1']
    Key: ID, Value: ['cds-WP_248049450.1']
    Key: Name, Value: ['WP_248049450.1']
    Key: Ontology_term, Value: ['GO:0006414', 'GO:0003746']
    Key: Parent, Value: ['gene-PW252_RS10100']
    Key: gbkey, Value: ['CDS']
    Key: gene, Value: ['tsf']
    Key: go_function, Value: ['translation elongation factor activity|0003746||IEA']
    Key: go_process, Value: ['translational elongation|0006414||IEA']
    Key: inference, Value: ['COORDINATES: similar to AA sequence:RefSeq:WP_000808079.1']
    Key: locus_tag, Value: ['PW252_RS10100']
    Key: phase, Value: ['0']
    Key: product, Value: ['translation elongation factor Ts']
    Key: protein_id, Value: ['WP_248049450.1']
    Key: source, Value: ['Protein Homology']
    Key: transl_table, Value: ['11']

GF(translation elongation factor Ts, 16519-17560 (-1))
type: CDS
location: [2090253:2091030](-)
id: cds-WP_105108254.1
qualifiers:
    Key: Dbxref, Value: ['GenBank:WP_105108254.1']
    Key: ID, Value: ['cds-WP_105108254.1']
    Key: Name, Value: ['WP_105108254.1']
    Key: Ontology_term, Value: ['GO:0006412', 'GO:0003735', 'GO:0000314', 'GO:0022627']
    Key: Parent, Value: ['gene-PW252_RS10105']
    Key: gbkey, Value: ['CDS']
    Key: gene, Value: ['rpsB']
    Key: go_component, Value: ['organellar small ribosomal subunit|0000314||IEA', 'cytosolic small ribosomal subunit|0022627||IEA']
    Key: go_function, Value: ['structural constituent of ribosome|0003735||IEA']
    Key: go_process, Value: ['translation|0006412||IEA']
    Key: inference, Value: ['COORDINATES: similar to AA sequence:RefSeq:WP_002937818.1']
    Key: locus_tag, Value: ['PW252_RS10105']
    Key: phase, Value: ['0']
    Key: product, Value: ['30S ribosomal protein S2']
    Key: protein_id, Value: ['WP_105108254.1']
    Key: source, Value: ['Protein Homology']
    Key: transl_table, Value: ['11']

GF(30S ribosomal protein S2, 17690-18467 (-1))
type: CDS
location: [2091215:2092205](-)
id: cds-WP_248049449.1
qualifiers:
    Key: Dbxref, Value: ['GenBank:WP_248049449.1']
    Key: ID, Value: ['cds-WP_248049449.1']
    Key: Name, Value: ['WP_248049449.1']
    Key: Parent, Value: ['gene-PW252_RS10110']
    Key: gbkey, Value: ['CDS']
    Key: inference, Value: ['COORDINATES: protein motif:HMM:NF027313.3']
    Key: locus_tag, Value: ['PW252_RS10110']
    Key: phase, Value: ['0']
    Key: product, Value: ['DUF4767 domain-containing protein']
    Key: protein_id, Value: ['WP_248049449.1']
    Key: source, Value: ['Protein Homology']
    Key: transl_table, Value: ['11']

GF(DUF4767 domain-containing protein, 18652-19642 (-1))
type: repeat_region
location: [2074304:2075524](+)
id: NZ_CP118735.1_3
qualifiers:
    Key: Dbxref, Value: ['SO:0001459']
    Key: ID, Value: ['NZ_CP118735.1_3']
    Key: Note, Value: ['GTTTCAATTCCTTATAGGGTTTCTGCAAT']
    Key: Ontology_term, Value: ['CRISPR']
    Key: score, Value: ['1220']
    Key: source, Value: ['CCTyper']

GF(Repeat region, 1741-2961 (0))
type: repeat_region
location: [2075612:2076361](+)
id: NZ_CP118735.1_4
qualifiers:
    Key: Dbxref, Value: ['SO:0001459']
    Key: ID, Value: ['NZ_CP118735.1_4']
    Key: Note, Value: ['GTTTCAATTCCTTATAGGGTTTCTGCAAT']
    Key: Ontology_term, Value: ['CRISPR']
    Key: score, Value: ['749']
    Key: source, Value: ['CCTyper']

GF(Repeat region, 3049-3798 (0))
graphic feature from known effectors: GF(cora, 7678-9408 (-1))
[GF(CtsR family transcriptional regulator, 344-803 (-1)), GF(thioredoxin domain-containing protein, 1078-1417 (1)), GF(CRISPR-associated endonuclease Cas1, 3999-5922 (-1)), GF(CRISPR-associated endonuclease Cas2, 5918-6179 (-1)), GF(None, 6189-7335 (-1)), GF(None, 7312-7681 (-1)), GF(None, 7677-9408 (-1)), GF(type III-B CRISPR module RAMP protein Cmr6, 9428-10628 (-1)), GF(type III-B CRISPR module RAMP protein Cmr4, 10640-11456 (-1)), GF(type III-B CRISPR module-associated Cmr3 family protein, 11462-12551 (-1)), GF(type III-B CRISPR-associated protein Cas10/Cmr2, 12552-14067 (-1)), GF(None, 14066-15224 (-1)), GF(CRISPR-associated endoribonuclease Cas6, 15216-15930 (-1)), GF(translation elongation factor Ts, 16519-17560 (-1)), GF(30S ribosomal protein S2, 17690-18467 (-1)), GF(DUF4767 domain-containing protein, 18652-19642 (-1)), GF(Repeat region, 1741-2961 (0)), GF(Repeat region, 3049-3798 (0)), GF(cora, 7678-9408 (-1)), GF(CRISPR-Cas locus, 4000-15930 (0))]
