Cas operons file:    Unnamed: 0       Contig  ...           locus_id           sample
0           6  NC_019772.1  ...  GCF_000317695.1_6  GCF_000317695.1

[1 rows x 19 columns]
The chosen contig: NC_019772.1
type: CDS
location: [155584:155932](-)
id: cds-WP_015217674.1
qualifiers:
    Key: Dbxref, Value: ['GenBank:WP_015217674.1']
    Key: ID, Value: ['cds-WP_015217674.1']
    Key: Name, Value: ['WP_015217674.1']
    Key: Parent, Value: ['gene-ANACY_RS28330']
    Key: gbkey, Value: ['CDS']
    Key: inference, Value: ['COORDINATES: similar to AA sequence:RefSeq:WP_015153043.1']
    Key: locus_tag, Value: ['ANACY_RS28330']
    Key: phase, Value: ['0']
    Key: product, Value: ['four helix bundle protein']
    Key: protein_id, Value: ['WP_015217674.1']
    Key: source, Value: ['Protein Homology']
    Key: transl_table, Value: ['11']

GF(four helix bundle protein, 624-972 (-1))
type: CDS
location: [156118:156397](+)
id: cds-WP_015217675.1
qualifiers:
    Key: Dbxref, Value: ['GenBank:WP_015217675.1']
    Key: ID, Value: ['cds-WP_015217675.1']
    Key: Name, Value: ['WP_015217675.1']
    Key: Ontology_term, Value: ['GO:0043571', 'GO:0004521']
    Key: Parent, Value: ['gene-ANACY_RS28335']
    Key: gbkey, Value: ['CDS']
    Key: gene, Value: ['cas2']
    Key: go_function, Value: ['endoribonuclease activity|0004521||IEA']
    Key: go_process, Value: ['maintenance of CRISPR repeat elements|0043571||IEA']
    Key: inference, Value: ['COORDINATES: similar to AA sequence:RefSeq:WP_015113650.1']
    Key: locus_tag, Value: ['ANACY_RS28335']
    Key: phase, Value: ['0']
    Key: product, Value: ['CRISPR-associated endonuclease Cas2']
    Key: protein_id, Value: ['WP_015217675.1']
    Key: source, Value: ['Protein Homology']
    Key: transl_table, Value: ['11']

GF(CRISPR-associated endonuclease Cas2, 1158-1437 (1))
type: CDS
location: [156579:156840](+)
id: cds-WP_015217676.1
qualifiers:
    Key: Dbxref, Value: ['GenBank:WP_015217676.1']
    Key: ID, Value: ['cds-WP_015217676.1']
    Key: Name, Value: ['WP_015217676.1']
    Key: Parent, Value: ['gene-ANACY_RS28340']
    Key: gbkey, Value: ['CDS']
    Key: inference, Value: ['COORDINATES: similar to AA sequence:RefSeq:WP_017741223.1']
    Key: locus_tag, Value: ['ANACY_RS28340']
    Key: phase, Value: ['0']
    Key: product, Value: ['hypothetical protein']
    Key: protein_id, Value: ['WP_015217676.1']
    Key: source, Value: ['Protein Homology']
    Key: transl_table, Value: ['11']

GF(None, 1619-1880 (1))
type: CDS
location: [157181:157478](+)
id: cds-WP_015217677.1
qualifiers:
    Key: Dbxref, Value: ['GenBank:WP_015217677.1']
    Key: ID, Value: ['cds-WP_015217677.1']
    Key: Name, Value: ['WP_015217677.1']
    Key: Parent, Value: ['gene-ANACY_RS28345']
    Key: gbkey, Value: ['CDS']
    Key: inference, Value: ['COORDINATES: similar to AA sequence:RefSeq:WP_015186221.1']
    Key: locus_tag, Value: ['ANACY_RS28345']
    Key: phase, Value: ['0']
    Key: product, Value: ['hypothetical protein']
    Key: protein_id, Value: ['WP_015217677.1']
    Key: source, Value: ['Protein Homology']
    Key: transl_table, Value: ['11']

GF(None, 2221-2518 (1))
type: CDS
location: [157617:157791](+)
id: cds-WP_015217678.1
qualifiers:
    Key: Dbxref, Value: ['GenBank:WP_015217678.1']
    Key: ID, Value: ['cds-WP_015217678.1']
    Key: Name, Value: ['WP_015217678.1']
    Key: Parent, Value: ['gene-ANACY_RS33140']
    Key: gbkey, Value: ['CDS']
    Key: inference, Value: ['COORDINATES: similar to AA sequence:RefSeq:WP_015196026.1']
    Key: locus_tag, Value: ['ANACY_RS33140']
    Key: phase, Value: ['0']
    Key: product, Value: ['hypothetical protein']
    Key: protein_id, Value: ['WP_015217678.1']
    Key: source, Value: ['Protein Homology']
    Key: transl_table, Value: ['11']

GF(None, 2657-2831 (1))
type: CDS
location: [158095:158887](+)
id: cds-WP_042466342.1
qualifiers:
    Key: Dbxref, Value: ['GenBank:WP_042466342.1']
    Key: ID, Value: ['cds-WP_042466342.1']
    Key: Name, Value: ['WP_042466342.1']
    Key: Parent, Value: ['gene-ANACY_RS28350']
    Key: gbkey, Value: ['CDS']
    Key: inference, Value: ['COORDINATES: similar to AA sequence:RefSeq:WP_009628459.1']
    Key: locus_tag, Value: ['ANACY_RS28350']
    Key: phase, Value: ['0']
    Key: product, Value: ['Rpn family recombination-promoting nuclease/putative transposase']
    Key: protein_id, Value: ['WP_042466342.1']
    Key: source, Value: ['Protein Homology']
    Key: transl_table, Value: ['11']

GF(Rpn family recombination-promoting nuclease/putative transposase, 3135-3927 (1))
type: CDS
location: [158959:162091](+)
id: cds-WP_015217680.1
qualifiers:
    Key: Dbxref, Value: ['GenBank:WP_015217680.1']
    Key: ID, Value: ['cds-WP_015217680.1']
    Key: Name, Value: ['WP_015217680.1']
    Key: Parent, Value: ['gene-ANACY_RS28355']
    Key: gbkey, Value: ['CDS']
    Key: inference, Value: ['COORDINATES: similar to AA sequence:RefSeq:WP_006618685.1']
    Key: locus_tag, Value: ['ANACY_RS28355']
    Key: phase, Value: ['0']
    Key: product, Value: ['type III-B CRISPR-associated protein Cas10/Cmr2']
    Key: protein_id, Value: ['WP_015217680.1']
    Key: source, Value: ['Protein Homology']
    Key: transl_table, Value: ['11']

GF(type III-B CRISPR-associated protein Cas10/Cmr2, 3999-7131 (1))
type: CDS
location: [162094:163306](+)
id: cds-WP_015217681.1
qualifiers:
    Key: Dbxref, Value: ['GenBank:WP_015217681.1']
    Key: ID, Value: ['cds-WP_015217681.1']
    Key: Name, Value: ['WP_015217681.1']
    Key: Parent, Value: ['gene-ANACY_RS28360']
    Key: gbkey, Value: ['CDS']
    Key: inference, Value: ['COORDINATES: similar to AA sequence:RefSeq:WP_006669912.1']
    Key: locus_tag, Value: ['ANACY_RS28360']
    Key: phase, Value: ['0']
    Key: product, Value: ['type III-B CRISPR module-associated Cmr3 family protein']
    Key: protein_id, Value: ['WP_015217681.1']
    Key: source, Value: ['Protein Homology']
    Key: transl_table, Value: ['11']

GF(type III-B CRISPR module-associated Cmr3 family protein, 7134-8346 (1))
type: CDS
location: [163298:164198](+)
id: cds-WP_015217682.1
qualifiers:
    Key: Dbxref, Value: ['GenBank:WP_015217682.1']
    Key: ID, Value: ['cds-WP_015217682.1']
    Key: Name, Value: ['WP_015217682.1']
    Key: Parent, Value: ['gene-ANACY_RS28365']
    Key: gbkey, Value: ['CDS']
    Key: inference, Value: ['COORDINATES: similar to AA sequence:RefSeq:WP_015221262.1']
    Key: locus_tag, Value: ['ANACY_RS28365']
    Key: phase, Value: ['0']
    Key: product, Value: ['RAMP superfamily CRISPR-associated protein']
    Key: protein_id, Value: ['WP_015217682.1']
    Key: source, Value: ['Protein Homology']
    Key: transl_table, Value: ['11']

GF(RAMP superfamily CRISPR-associated protein, 8338-9238 (1))
type: CDS
location: [164200:164662](+)
id: cds-WP_015217683.1
qualifiers:
    Key: Dbxref, Value: ['GenBank:WP_015217683.1']
    Key: ID, Value: ['cds-WP_015217683.1']
    Key: Name, Value: ['WP_015217683.1']
    Key: Parent, Value: ['gene-ANACY_RS28370']
    Key: gbkey, Value: ['CDS']
    Key: inference, Value: ['COORDINATES: similar to AA sequence:RefSeq:WP_017303837.1']
    Key: locus_tag, Value: ['ANACY_RS28370']
    Key: phase, Value: ['0']
    Key: product, Value: ['hypothetical protein']
    Key: protein_id, Value: ['WP_015217683.1']
    Key: source, Value: ['Protein Homology']
    Key: transl_table, Value: ['11']

GF(None, 9240-9702 (1))
type: CDS
location: [164696:166421](+)
id: cds-WP_015217684.1
qualifiers:
    Key: Dbxref, Value: ['GenBank:WP_015217684.1']
    Key: ID, Value: ['cds-WP_015217684.1']
    Key: Name, Value: ['WP_015217684.1']
    Key: Parent, Value: ['gene-ANACY_RS28375']
    Key: gbkey, Value: ['CDS']
    Key: inference, Value: ['COORDINATES: similar to AA sequence:RefSeq:WP_009546847.1']
    Key: locus_tag, Value: ['ANACY_RS28375']
    Key: phase, Value: ['0']
    Key: product, Value: ['hypothetical protein']
    Key: protein_id, Value: ['WP_015217684.1']
    Key: source, Value: ['Protein Homology']
    Key: transl_table, Value: ['11']

GF(None, 9736-11461 (1))
type: CDS
location: [166464:167319](-)
id: cds-WP_015217685.1
qualifiers:
    Key: Dbxref, Value: ['GenBank:WP_015217685.1']
    Key: ID, Value: ['cds-WP_015217685.1']
    Key: Name, Value: ['WP_015217685.1']
    Key: Parent, Value: ['gene-ANACY_RS28380']
    Key: gbkey, Value: ['CDS']
    Key: inference, Value: ['COORDINATES: similar to AA sequence:RefSeq:WP_017749288.1']
    Key: locus_tag, Value: ['ANACY_RS28380']
    Key: phase, Value: ['0']
    Key: product, Value: ['hypothetical protein']
    Key: protein_id, Value: ['WP_015217685.1']
    Key: source, Value: ['Protein Homology']
    Key: transl_table, Value: ['11']

GF(None, 11504-12359 (-1))
type: CDS
location: [167479:167614](+)
id: cds-WP_015217686.1
qualifiers:
    Key: Dbxref, Value: ['GenBank:WP_015217686.1']
    Key: ID, Value: ['cds-WP_015217686.1']
    Key: Name, Value: ['WP_015217686.1']
    Key: Parent, Value: ['gene-ANACY_RS34190']
    Key: gbkey, Value: ['CDS']
    Key: inference, Value: ['COORDINATES: ab initio prediction:GeneMarkS-2+']
    Key: locus_tag, Value: ['ANACY_RS34190']
    Key: phase, Value: ['0']
    Key: product, Value: ['hypothetical protein']
    Key: protein_id, Value: ['WP_015217686.1']
    Key: source, Value: ['GeneMarkS-2+']
    Key: transl_table, Value: ['11']

GF(None, 12519-12654 (1))
type: CDS
location: [167867:168599](+)
id: cds-WP_015217687.1
qualifiers:
    Key: Dbxref, Value: ['GenBank:WP_015217687.1']
    Key: ID, Value: ['cds-WP_015217687.1']
    Key: Name, Value: ['WP_015217687.1']
    Key: Parent, Value: ['gene-ANACY_RS28385']
    Key: gbkey, Value: ['CDS']
    Key: inference, Value: ['COORDINATES: similar to AA sequence:RefSeq:WP_015211705.1']
    Key: locus_tag, Value: ['ANACY_RS28385']
    Key: phase, Value: ['0']
    Key: product, Value: ['hypothetical protein']
    Key: protein_id, Value: ['WP_015217687.1']
    Key: source, Value: ['Protein Homology']
    Key: transl_table, Value: ['11']

GF(None, 12907-13639 (1))
graphic feature from validated effectors: GF(cam2, 11505-12359 (-1))
[GF(four helix bundle protein, 624-972 (-1)), GF(CRISPR-associated endonuclease Cas2, 1158-1437 (1)), GF(None, 1619-1880 (1)), GF(None, 2221-2518 (1)), GF(None, 2657-2831 (1)), GF(Rpn family recombination-promoting nuclease/putative transposase, 3135-3927 (1)), GF(type III-B CRISPR-associated protein Cas10/Cmr2, 3999-7131 (1)), GF(type III-B CRISPR module-associated Cmr3 family protein, 7134-8346 (1)), GF(RAMP superfamily CRISPR-associated protein, 8338-9238 (1)), GF(None, 9240-9702 (1)), GF(None, 9736-11461 (1)), GF(None, 11504-12359 (-1)), GF(None, 12519-12654 (1)), GF(None, 12907-13639 (1)), GF(cam2, 11505-12359 (-1)), GF(CRISPR-Cas locus, 4000-12359 (0))]
