Cas operons file:    Unnamed: 0         Contig  ...           locus_id           sample
0           2  NZ_AP025585.1  ...  GCF_022846135.1_2  GCF_022846135.1

[1 rows x 19 columns]
The chosen contig: NZ_AP025585.1
type: CDS
location: [2433540:2433750](-)
id: cds-WP_120371752.1
qualifiers:
    Key: Dbxref, Value: ['GenBank:WP_120371752.1']
    Key: ID, Value: ['cds-WP_120371752.1']
    Key: Name, Value: ['WP_120371752.1']
    Key: Parent, Value: ['gene-MWL86_RS11685']
    Key: gbkey, Value: ['CDS']
    Key: inference, Value: ['COORDINATES: similar to AA sequence:RefSeq:WP_009164041.1']
    Key: locus_tag, Value: ['MWL86_RS11685']
    Key: phase, Value: ['0']
    Key: product, Value: ['TOBE domain-containing protein']
    Key: protein_id, Value: ['WP_120371752.1']
    Key: source, Value: ['Protein Homology']
    Key: transl_table, Value: ['11']

GF(TOBE domain-containing protein, 868-1078 (-1))
type: CDS
location: [2433954:2434269](-)
id: cds-WP_244388734.1
qualifiers:
    Key: Dbxref, Value: ['GenBank:WP_244388734.1']
    Key: ID, Value: ['cds-WP_244388734.1']
    Key: Name, Value: ['WP_244388734.1']
    Key: Parent, Value: ['gene-MWL86_RS11690']
    Key: gbkey, Value: ['CDS']
    Key: inference, Value: ['COORDINATES: protein motif:HMM:NF025386.2']
    Key: locus_tag, Value: ['MWL86_RS11690']
    Key: phase, Value: ['0']
    Key: product, Value: ['DUF4236 domain-containing protein']
    Key: protein_id, Value: ['WP_244388734.1']
    Key: source, Value: ['Protein Homology']
    Key: transl_table, Value: ['11']

GF(DUF4236 domain-containing protein, 1282-1597 (-1))
type: CDS
location: [2434687:2434852](+)
id: cds-WP_244388735.1
qualifiers:
    Key: Dbxref, Value: ['GenBank:WP_244388735.1']
    Key: ID, Value: ['cds-WP_244388735.1']
    Key: Name, Value: ['WP_244388735.1']
    Key: Parent, Value: ['gene-MWL86_RS11695']
    Key: gbkey, Value: ['CDS']
    Key: inference, Value: ['COORDINATES: protein motif:HMM:NF039402.1']
    Key: locus_tag, Value: ['MWL86_RS11695']
    Key: phase, Value: ['0']
    Key: product, Value: ['DUF6290 family protein']
    Key: protein_id, Value: ['WP_244388735.1']
    Key: source, Value: ['Protein Homology']
    Key: transl_table, Value: ['11']

GF(DUF6290 family protein, 2015-2180 (1))
type: CDS
location: [2436671:2437784](-)
id: cds-WP_009164037.1
qualifiers:
    Key: Dbxref, Value: ['GenBank:WP_009164037.1']
    Key: ID, Value: ['cds-WP_009164037.1']
    Key: Name, Value: ['WP_009164037.1']
    Key: Ontology_term, Value: ['GO:0043571', 'GO:0003674']
    Key: Parent, Value: ['gene-MWL86_RS11700']
    Key: gbkey, Value: ['CDS']
    Key: gene, Value: ['cmr6']
    Key: go_function, Value: ['molecular_function|0003674||IEA']
    Key: go_process, Value: ['maintenance of CRISPR repeat elements|0043571||IEA']
    Key: inference, Value: ['COORDINATES: protein motif:HMM:TIGR01898.1']
    Key: locus_tag, Value: ['MWL86_RS11700']
    Key: phase, Value: ['0']
    Key: product, Value: ['type III-B CRISPR module RAMP protein Cmr6']
    Key: protein_id, Value: ['WP_009164037.1']
    Key: source, Value: ['Protein Homology']
    Key: transl_table, Value: ['11']

GF(type III-B CRISPR module RAMP protein Cmr6, 3999-5112 (-1))
type: CDS
location: [2437780:2438164](-)
id: cds-WP_009164036.1
qualifiers:
    Key: Dbxref, Value: ['GenBank:WP_009164036.1']
    Key: ID, Value: ['cds-WP_009164036.1']
    Key: Name, Value: ['WP_009164036.1']
    Key: Parent, Value: ['gene-MWL86_RS11705']
    Key: gbkey, Value: ['CDS']
    Key: inference, Value: ['COORDINATES: protein motif:HMM:NF021237.2']
    Key: locus_tag, Value: ['MWL86_RS11705']
    Key: phase, Value: ['0']
    Key: product, Value: ['type III-B CRISPR module-associated protein Cmr5']
    Key: protein_id, Value: ['WP_009164036.1']
    Key: source, Value: ['Protein Homology']
    Key: transl_table, Value: ['11']

GF(type III-B CRISPR module-associated protein Cmr5, 5108-5492 (-1))
type: CDS
location: [2438156:2439077](-)
id: cds-WP_244388736.1
qualifiers:
    Key: Dbxref, Value: ['GenBank:WP_244388736.1']
    Key: ID, Value: ['cds-WP_244388736.1']
    Key: Name, Value: ['WP_244388736.1']
    Key: Ontology_term, Value: ['GO:0043571', 'GO:0003674']
    Key: Parent, Value: ['gene-MWL86_RS11710']
    Key: gbkey, Value: ['CDS']
    Key: gene, Value: ['cmr4']
    Key: go_function, Value: ['molecular_function|0003674||IEA']
    Key: go_process, Value: ['maintenance of CRISPR repeat elements|0043571||IEA']
    Key: inference, Value: ['COORDINATES: similar to AA sequence:RefSeq:WP_009164035.1']
    Key: locus_tag, Value: ['MWL86_RS11710']
    Key: phase, Value: ['0']
    Key: product, Value: ['type III-B CRISPR module RAMP protein Cmr4']
    Key: protein_id, Value: ['WP_244388736.1']
    Key: source, Value: ['Protein Homology']
    Key: transl_table, Value: ['11']

GF(type III-B CRISPR module RAMP protein Cmr4, 5484-6405 (-1))
type: CDS
location: [2439089:2440238](-)
id: cds-WP_244388737.1
qualifiers:
    Key: Dbxref, Value: ['GenBank:WP_244388737.1']
    Key: ID, Value: ['cds-WP_244388737.1']
    Key: Name, Value: ['WP_244388737.1']
    Key: Parent, Value: ['gene-MWL86_RS11715']
    Key: gbkey, Value: ['CDS']
    Key: inference, Value: ['COORDINATES: protein motif:HMM:NF021236.2']
    Key: locus_tag, Value: ['MWL86_RS11715']
    Key: phase, Value: ['0']
    Key: product, Value: ['type III-B CRISPR module-associated protein Cmr3']
    Key: protein_id, Value: ['WP_244388737.1']
    Key: source, Value: ['Protein Homology']
    Key: transl_table, Value: ['11']

GF(type III-B CRISPR module-associated protein Cmr3, 6417-7566 (-1))
type: CDS
location: [2440234:2442124](-)
id: cds-WP_244388738.1
qualifiers:
    Key: Dbxref, Value: ['GenBank:WP_244388738.1']
    Key: ID, Value: ['cds-WP_244388738.1']
    Key: Name, Value: ['WP_244388738.1']
    Key: Ontology_term, Value: ['GO:0043571', 'GO:0003674']
    Key: Parent, Value: ['gene-MWL86_RS11720']
    Key: gbkey, Value: ['CDS']
    Key: gene, Value: ['cas10']
    Key: go_function, Value: ['molecular_function|0003674||IEA']
    Key: go_process, Value: ['maintenance of CRISPR repeat elements|0043571||IEA']
    Key: inference, Value: ['COORDINATES: protein motif:HMM:TIGR02577.1']
    Key: locus_tag, Value: ['MWL86_RS11720']
    Key: phase, Value: ['0']
    Key: product, Value: ['type III-B CRISPR-associated protein Cas10/Cmr2']
    Key: protein_id, Value: ['WP_244388738.1']
    Key: source, Value: ['Protein Homology']
    Key: transl_table, Value: ['11']

GF(type III-B CRISPR-associated protein Cas10/Cmr2, 7562-9452 (-1))
type: CDS
location: [2442120:2443362](-)
id: cds-WP_244389532.1
qualifiers:
    Key: Dbxref, Value: ['GenBank:WP_244389532.1']
    Key: ID, Value: ['cds-WP_244389532.1']
    Key: Name, Value: ['WP_244389532.1']
    Key: Ontology_term, Value: ['GO:0043571', 'GO:0003674']
    Key: Parent, Value: ['gene-MWL86_RS11725']
    Key: gbkey, Value: ['CDS']
    Key: gene, Value: ['cmr1']
    Key: go_function, Value: ['molecular_function|0003674||IEA']
    Key: go_process, Value: ['maintenance of CRISPR repeat elements|0043571||IEA']
    Key: inference, Value: ['COORDINATES: protein motif:HMM:NF015728.2']
    Key: locus_tag, Value: ['MWL86_RS11725']
    Key: phase, Value: ['0']
    Key: product, Value: ['type III-B CRISPR module RAMP protein Cmr1']
    Key: protein_id, Value: ['WP_244389532.1']
    Key: source, Value: ['Protein Homology']
    Key: transl_table, Value: ['11']

GF(type III-B CRISPR module RAMP protein Cmr1, 9448-10690 (-1))
type: CDS
location: [2443633:2445802](-)
id: cds-WP_244388739.1
qualifiers:
    Key: Dbxref, Value: ['GenBank:WP_244388739.1']
    Key: ID, Value: ['cds-WP_244388739.1']
    Key: Name, Value: ['WP_244388739.1']
    Key: Parent, Value: ['gene-MWL86_RS11730']
    Key: gbkey, Value: ['CDS']
    Key: inference, Value: ['COORDINATES: protein motif:HMM:NF021189.2']
    Key: locus_tag, Value: ['MWL86_RS11730']
    Key: phase, Value: ['0']
    Key: product, Value: ['hypothetical protein']
    Key: protein_id, Value: ['WP_244388739.1']
    Key: source, Value: ['Protein Homology']
    Key: transl_table, Value: ['11']

GF(None, 10961-13130 (-1))
type: CDS
location: [2446052:2447171](+)
id: cds-WP_244388740.1
qualifiers:
    Key: Dbxref, Value: ['GenBank:WP_244388740.1']
    Key: ID, Value: ['cds-WP_244388740.1']
    Key: Name, Value: ['WP_244388740.1']
    Key: Ontology_term, Value: ['GO:0043571', 'GO:0003674']
    Key: Parent, Value: ['gene-MWL86_RS11735']
    Key: gbkey, Value: ['CDS']
    Key: go_function, Value: ['molecular_function|0003674||IEA']
    Key: go_process, Value: ['maintenance of CRISPR repeat elements|0043571||IEA']
    Key: inference, Value: ['COORDINATES: similar to AA sequence:RefSeq:WP_015556893.1']
    Key: locus_tag, Value: ['MWL86_RS11735']
    Key: phase, Value: ['0']
    Key: product, Value: ['putative CRISPR-associated protein']
    Key: protein_id, Value: ['WP_244388740.1']
    Key: source, Value: ['Protein Homology']
    Key: transl_table, Value: ['11']

GF(putative CRISPR-associated protein, 13380-14499 (1))
type: CDS
location: [2447712:2448057](-)
id: cds-WP_244388741.1
qualifiers:
    Key: Dbxref, Value: ['GenBank:WP_244388741.1']
    Key: ID, Value: ['cds-WP_244388741.1']
    Key: Name, Value: ['WP_244388741.1']
    Key: Parent, Value: ['gene-MWL86_RS11740']
    Key: gbkey, Value: ['CDS']
    Key: inference, Value: ['COORDINATES: protein motif:HMM:NF024908.2']
    Key: locus_tag, Value: ['MWL86_RS11740']
    Key: phase, Value: ['0']
    Key: product, Value: ['helix-turn-helix domain-containing protein']
    Key: protein_id, Value: ['WP_244388741.1']
    Key: source, Value: ['Protein Homology']
    Key: transl_table, Value: ['11']

GF(helix-turn-helix domain-containing protein, 15040-15385 (-1))
type: CDS
location: [2448548:2449505](-)
id: cds-WP_244388742.1
qualifiers:
    Key: Dbxref, Value: ['GenBank:WP_244388742.1']
    Key: ID, Value: ['cds-WP_244388742.1']
    Key: Name, Value: ['WP_244388742.1']
    Key: Ontology_term, Value: ['GO:0015074']
    Key: Parent, Value: ['gene-MWL86_RS11745']
    Key: gbkey, Value: ['CDS']
    Key: go_process, Value: ['DNA integration|0015074||IEA']
    Key: inference, Value: ['COORDINATES: similar to AA sequence:RefSeq:WP_053338614.1']
    Key: locus_tag, Value: ['MWL86_RS11745']
    Key: phase, Value: ['0']
    Key: product, Value: ['DDE-type integrase/transposase/recombinase']
    Key: protein_id, Value: ['WP_244388742.1']
    Key: source, Value: ['Protein Homology']
    Key: transl_table, Value: ['11']

GF(DDE-type integrase/transposase/recombinase, 15876-16833 (-1))
type: CDS
location: [2449735:2450473](+)
id: cds-WP_009165652.1
qualifiers:
    Key: Dbxref, Value: ['GenBank:WP_009165652.1']
    Key: ID, Value: ['cds-WP_009165652.1']
    Key: Name, Value: ['WP_009165652.1']
    Key: Ontology_term, Value: ['GO:0005524', 'GO:0016887', 'GO:0042626', 'GO:0140359']
    Key: Parent, Value: ['gene-MWL86_RS11750']
    Key: gbkey, Value: ['CDS']
    Key: go_function, Value: ['ATP binding|0005524||IEA', 'ATP hydrolysis activity|0016887||IEA', 'ATPase-coupled transmembrane transporter activity|0042626||IEA', 'ABC-type transporter activity|0140359||IEA']
    Key: inference, Value: ['COORDINATES: similar to AA sequence:RefSeq:WP_009165381.1']
    Key: locus_tag, Value: ['MWL86_RS11750']
    Key: phase, Value: ['0']
    Key: product, Value: ['amino acid ABC transporter ATP-binding protein']
    Key: protein_id, Value: ['WP_009165652.1']
    Key: source, Value: ['Protein Homology']
    Key: transl_table, Value: ['11']

GF(amino acid ABC transporter ATP-binding protein, 17063-17801 (1))
type: CDS
location: [2450487:2451153](+)
id: cds-WP_009165651.1
qualifiers:
    Key: Dbxref, Value: ['GenBank:WP_009165651.1']
    Key: ID, Value: ['cds-WP_009165651.1']
    Key: Name, Value: ['WP_009165651.1']
    Key: Ontology_term, Value: ['GO:0006865', 'GO:0042626', 'GO:0140359']
    Key: Parent, Value: ['gene-MWL86_RS11755']
    Key: gbkey, Value: ['CDS']
    Key: go_function, Value: ['ATPase-coupled transmembrane transporter activity|0042626||IEA', 'ABC-type transporter activity|0140359||IEA']
    Key: go_process, Value: ['amino acid transport|0006865||IEA']
    Key: inference, Value: ['COORDINATES: protein motif:HMM:NF012738.2']
    Key: locus_tag, Value: ['MWL86_RS11755']
    Key: phase, Value: ['0']
    Key: product, Value: ['amino acid ABC transporter permease']
    Key: protein_id, Value: ['WP_009165651.1']
    Key: source, Value: ['Protein Homology']
    Key: transl_table, Value: ['11']

GF(amino acid ABC transporter permease, 17815-18481 (1))
type: CDS
location: [2451201:2452011](+)
id: cds-WP_009165650.1
qualifiers:
    Key: Dbxref, Value: ['GenBank:WP_009165650.1']
    Key: ID, Value: ['cds-WP_009165650.1']
    Key: Name, Value: ['WP_009165650.1']
    Key: Parent, Value: ['gene-MWL86_RS11760']
    Key: gbkey, Value: ['CDS']
    Key: inference, Value: ['COORDINATES: protein motif:HMM:NF012707.2']
    Key: locus_tag, Value: ['MWL86_RS11760']
    Key: phase, Value: ['0']
    Key: product, Value: ['transporter substrate-binding domain-containing protein']
    Key: protein_id, Value: ['WP_009165650.1']
    Key: source, Value: ['Protein Homology']
    Key: transl_table, Value: ['11']

GF(transporter substrate-binding domain-containing protein, 18529-19339 (1))
type: CDS
location: [2452148:2453189](+)
id: cds-WP_244388743.1
qualifiers:
    Key: Dbxref, Value: ['GenBank:WP_244388743.1']
    Key: ID, Value: ['cds-WP_244388743.1']
    Key: Name, Value: ['WP_244388743.1']
    Key: Ontology_term, Value: ['GO:0009058', 'GO:0030170']
    Key: Parent, Value: ['gene-MWL86_RS11765']
    Key: gbkey, Value: ['CDS']
    Key: go_function, Value: ['pyridoxal phosphate binding|0030170||IEA']
    Key: go_process, Value: ['biosynthetic process|0009058||IEA']
    Key: inference, Value: ['COORDINATES: protein motif:HMM:NF012382.2']
    Key: locus_tag, Value: ['MWL86_RS11765']
    Key: phase, Value: ['0']
    Key: product, Value: ['aminotransferase class I/II-fold pyridoxal phosphate-dependent enzyme']
    Key: protein_id, Value: ['WP_244388743.1']
    Key: source, Value: ['Protein Homology']
    Key: transl_table, Value: ['11']

GF(aminotransferase class I/II-fold pyridoxal phosphate-dependent enzyme, 19476-20517 (1))
type: CDS
location: [2453226:2453850](+)
id: cds-WP_009165032.1
qualifiers:
    Key: Dbxref, Value: ['GenBank:WP_009165032.1']
    Key: ID, Value: ['cds-WP_009165032.1']
    Key: Name, Value: ['WP_009165032.1']
    Key: Ontology_term, Value: ['GO:0030163']
    Key: Parent, Value: ['gene-MWL86_RS11770']
    Key: gbkey, Value: ['CDS']
    Key: gene, Value: ['pcp']
    Key: go_process, Value: ['protein catabolic process|0030163||IEA']
    Key: inference, Value: ['COORDINATES: protein motif:HMM:TIGR00504.1']
    Key: locus_tag, Value: ['MWL86_RS11770']
    Key: phase, Value: ['0']
    Key: product, Value: ['pyroglutamyl-peptidase I']
    Key: protein_id, Value: ['WP_009165032.1']
    Key: source, Value: ['Protein Homology']
    Key: transl_table, Value: ['11']

GF(pyroglutamyl-peptidase I, 20554-21178 (1))
type: repeat_region
location: [2435262:2436144](+)
id: NZ_AP025585.1_1
qualifiers:
    Key: Dbxref, Value: ['SO:0001459']
    Key: ID, Value: ['NZ_AP025585.1_1']
    Key: Note, Value: ['GGTCCATCTCCGCGTGAGCGGAGGTTTG']
    Key: Ontology_term, Value: ['CRISPR']
    Key: score, Value: ['882']
    Key: source, Value: ['CCTyper']

GF(Repeat region, 2590-3472 (0))
graphic feature from known effectors: GF(cami1, 10962-13130 (-1))
graphic feature from known effectors: GF(cami1, 13381-14499 (1))
[GF(TOBE domain-containing protein, 868-1078 (-1)), GF(DUF4236 domain-containing protein, 1282-1597 (-1)), GF(DUF6290 family protein, 2015-2180 (1)), GF(type III-B CRISPR module RAMP protein Cmr6, 3999-5112 (-1)), GF(type III-B CRISPR module-associated protein Cmr5, 5108-5492 (-1)), GF(type III-B CRISPR module RAMP protein Cmr4, 5484-6405 (-1)), GF(type III-B CRISPR module-associated protein Cmr3, 6417-7566 (-1)), GF(type III-B CRISPR-associated protein Cas10/Cmr2, 7562-9452 (-1)), GF(type III-B CRISPR module RAMP protein Cmr1, 9448-10690 (-1)), GF(None, 10961-13130 (-1)), GF(putative CRISPR-associated protein, 13380-14499 (1)), GF(helix-turn-helix domain-containing protein, 15040-15385 (-1)), GF(DDE-type integrase/transposase/recombinase, 15876-16833 (-1)), GF(amino acid ABC transporter ATP-binding protein, 17063-17801 (1)), GF(amino acid ABC transporter permease, 17815-18481 (1)), GF(transporter substrate-binding domain-containing protein, 18529-19339 (1)), GF(aminotransferase class I/II-fold pyridoxal phosphate-dependent enzyme, 19476-20517 (1)), GF(pyroglutamyl-peptidase I, 20554-21178 (1)), GF(Repeat region, 2590-3472 (0)), GF(cami1, 10962-13130 (-1)), GF(cami1, 13381-14499 (1)), GF(CRISPR-Cas locus, 4000-17801 (0))]
