Cas operons file:    Unnamed: 0         Contig  ...           locus_id           sample
0           0  NZ_CP013334.1  ...  GCF_001455105.1_0  GCF_001455105.1

[1 rows x 19 columns]
The chosen contig: NZ_CP013334.1
type: CDS
location: [1297638:1299000](+)
id: cds-WP_029491195.1
qualifiers:
    Key: Dbxref, Value: ['GenBank:WP_029491195.1']
    Key: ID, Value: ['cds-WP_029491195.1']
    Key: Name, Value: ['WP_029491195.1']
    Key: Ontology_term, Value: ['GO:0015813', 'GO:0015501', 'GO:0016020']
    Key: Parent, Value: ['gene-RN97_RS06565']
    Key: gbkey, Value: ['CDS']
    Key: go_component, Value: ['membrane|0016020||IEA']
    Key: go_function, Value: ['glutamate:sodium symporter activity|0015501||IEA']
    Key: go_process, Value: ['L-glutamate transmembrane transport|0015813||IEA']
    Key: inference, Value: ['COORDINATES: similar to AA sequence:RefSeq:WP_005898452.1']
    Key: locus_tag, Value: ['RN97_RS06565']
    Key: phase, Value: ['0']
    Key: product, Value: ['sodium/glutamate symporter']
    Key: protein_id, Value: ['WP_029491195.1']
    Key: source, Value: ['Protein Homology']
    Key: transl_table, Value: ['11']

GF(sodium/glutamate symporter, 51-1413 (1))
type: CDS
location: [1299045:1299375](+)
id: cds-WP_029491194.1
qualifiers:
    Key: Dbxref, Value: ['GenBank:WP_029491194.1']
    Key: ID, Value: ['cds-WP_029491194.1']
    Key: Name, Value: ['WP_029491194.1']
    Key: Parent, Value: ['gene-RN97_RS06570']
    Key: gbkey, Value: ['CDS']
    Key: inference, Value: ['COORDINATES: similar to AA sequence:RefSeq:WP_005915512.1']
    Key: locus_tag, Value: ['RN97_RS06570']
    Key: phase, Value: ['0']
    Key: product, Value: ['hypothetical protein']
    Key: protein_id, Value: ['WP_029491194.1']
    Key: source, Value: ['Protein Homology']
    Key: transl_table, Value: ['11']

GF(None, 1458-1788 (1))
type: CDS
location: [1299478:1299946](-)
id: cds-WP_029491193.1
qualifiers:
    Key: Dbxref, Value: ['GenBank:WP_029491193.1']
    Key: ID, Value: ['cds-WP_029491193.1']
    Key: Name, Value: ['WP_029491193.1']
    Key: Parent, Value: ['gene-RN97_RS06575']
    Key: gbkey, Value: ['CDS']
    Key: inference, Value: ['COORDINATES: similar to AA sequence:RefSeq:WP_005915514.1']
    Key: locus_tag, Value: ['RN97_RS06575']
    Key: phase, Value: ['0']
    Key: product, Value: ['cupin domain-containing protein']
    Key: protein_id, Value: ['WP_029491193.1']
    Key: source, Value: ['Protein Homology']
    Key: transl_table, Value: ['11']

GF(cupin domain-containing protein, 1891-2359 (-1))
type: CDS
location: [1301586:1301910](-)
id: cds-WP_029491192.1
qualifiers:
    Key: Dbxref, Value: ['GenBank:WP_029491192.1']
    Key: ID, Value: ['cds-WP_029491192.1']
    Key: Name, Value: ['WP_029491192.1']
    Key: Ontology_term, Value: ['GO:0043571', 'GO:0004521']
    Key: Parent, Value: ['gene-RN97_RS06580']
    Key: gbkey, Value: ['CDS']
    Key: gene, Value: ['cas2']
    Key: go_function, Value: ['endoribonuclease activity|0004521||IEA']
    Key: go_process, Value: ['maintenance of CRISPR repeat elements|0043571||IEA']
    Key: inference, Value: ['COORDINATES: similar to AA sequence:RefSeq:WP_008793344.1']
    Key: locus_tag, Value: ['RN97_RS06580']
    Key: phase, Value: ['0']
    Key: product, Value: ['CRISPR-associated endonuclease Cas2']
    Key: protein_id, Value: ['WP_029491192.1']
    Key: source, Value: ['Protein Homology']
    Key: transl_table, Value: ['11']

GF(CRISPR-associated endonuclease Cas2, 3999-4323 (-1))
type: CDS
location: [1301915:1302923](-)
id: cds-WP_029491191.1
qualifiers:
    Key: Dbxref, Value: ['GenBank:WP_029491191.1']
    Key: ID, Value: ['cds-WP_029491191.1']
    Key: Name, Value: ['WP_029491191.1']
    Key: Ontology_term, Value: ['GO:0043571', 'GO:0004520', 'GO:0046872']
    Key: Parent, Value: ['gene-RN97_RS06585']
    Key: gbkey, Value: ['CDS']
    Key: gene, Value: ['cas1']
    Key: go_function, Value: ['endodeoxyribonuclease activity|0004520||IEA', 'metal ion binding|0046872||IEA']
    Key: go_process, Value: ['maintenance of CRISPR repeat elements|0043571||IEA']
    Key: inference, Value: ['COORDINATES: similar to AA sequence:RefSeq:WP_008820654.1']
    Key: locus_tag, Value: ['RN97_RS06585']
    Key: phase, Value: ['0']
    Key: product, Value: ['CRISPR-associated endonuclease Cas1']
    Key: protein_id, Value: ['WP_029491191.1']
    Key: source, Value: ['Protein Homology']
    Key: transl_table, Value: ['11']

GF(CRISPR-associated endonuclease Cas1, 4328-5336 (-1))
type: CDS
location: [1302936:1304331](-)
id: cds-WP_029491190.1
qualifiers:
    Key: Dbxref, Value: ['GenBank:WP_029491190.1']
    Key: ID, Value: ['cds-WP_029491190.1']
    Key: Name, Value: ['WP_029491190.1']
    Key: Parent, Value: ['gene-RN97_RS06590']
    Key: gbkey, Value: ['CDS']
    Key: inference, Value: ['COORDINATES: similar to AA sequence:RefSeq:WP_008793342.1']
    Key: locus_tag, Value: ['RN97_RS06590']
    Key: phase, Value: ['0']
    Key: product, Value: ['CRISPR-associated protein']
    Key: protein_id, Value: ['WP_029491190.1']
    Key: source, Value: ['Protein Homology']
    Key: transl_table, Value: ['11']

GF(CRISPR-associated protein, 5349-6744 (-1))
type: CDS
location: [1304323:1305046](-)
id: cds-WP_029491189.1
qualifiers:
    Key: Dbxref, Value: ['GenBank:WP_029491189.1']
    Key: ID, Value: ['cds-WP_029491189.1']
    Key: Name, Value: ['WP_029491189.1']
    Key: Parent, Value: ['gene-RN97_RS06595']
    Key: gbkey, Value: ['CDS']
    Key: gene, Value: ['cas6']
    Key: inference, Value: ['COORDINATES: similar to AA sequence:RefSeq:WP_008820656.1']
    Key: locus_tag, Value: ['RN97_RS06595']
    Key: phase, Value: ['0']
    Key: product, Value: ['CRISPR system precrRNA processing endoribonuclease RAMP protein Cas6']
    Key: protein_id, Value: ['WP_029491189.1']
    Key: source, Value: ['Protein Homology']
    Key: transl_table, Value: ['11']

GF(CRISPR system precrRNA processing endoribonuclease RAMP protein Cas6, 6736-7459 (-1))
type: CDS
location: [1305029:1306199](-)
id: cds-WP_029491188.1
qualifiers:
    Key: Dbxref, Value: ['GenBank:WP_029491188.1']
    Key: ID, Value: ['cds-WP_029491188.1']
    Key: Name, Value: ['WP_029491188.1']
    Key: Ontology_term, Value: ['GO:0043571', 'GO:0003674']
    Key: Parent, Value: ['gene-RN97_RS06600']
    Key: gbkey, Value: ['CDS']
    Key: gene, Value: ['csm5']
    Key: go_function, Value: ['molecular_function|0003674||IEA']
    Key: go_process, Value: ['maintenance of CRISPR repeat elements|0043571||IEA']
    Key: inference, Value: ['COORDINATES: similar to AA sequence:RefSeq:WP_005966881.1']
    Key: locus_tag, Value: ['RN97_RS06600']
    Key: phase, Value: ['0']
    Key: product, Value: ['type III-A CRISPR-associated RAMP protein Csm5']
    Key: protein_id, Value: ['WP_029491188.1']
    Key: source, Value: ['Protein Homology']
    Key: transl_table, Value: ['11']

GF(type III-A CRISPR-associated RAMP protein Csm5, 7442-8612 (-1))
type: CDS
location: [1306195:1307200](-)
id: cds-WP_029491187.1
qualifiers:
    Key: Dbxref, Value: ['GenBank:WP_029491187.1']
    Key: ID, Value: ['cds-WP_029491187.1']
    Key: Name, Value: ['WP_029491187.1']
    Key: Ontology_term, Value: ['GO:0043571', 'GO:0003674']
    Key: Parent, Value: ['gene-RN97_RS06605']
    Key: gbkey, Value: ['CDS']
    Key: gene, Value: ['csm4']
    Key: go_function, Value: ['molecular_function|0003674||IEA']
    Key: go_process, Value: ['maintenance of CRISPR repeat elements|0043571||IEA']
    Key: inference, Value: ['COORDINATES: similar to AA sequence:RefSeq:WP_008793341.1']
    Key: locus_tag, Value: ['RN97_RS06605']
    Key: phase, Value: ['0']
    Key: product, Value: ['type III-A CRISPR-associated RAMP protein Csm4']
    Key: protein_id, Value: ['WP_029491187.1']
    Key: source, Value: ['Protein Homology']
    Key: transl_table, Value: ['11']

GF(type III-A CRISPR-associated RAMP protein Csm4, 8608-9613 (-1))
type: CDS
location: [1307199:1307907](-)
id: cds-WP_029491186.1
qualifiers:
    Key: Dbxref, Value: ['GenBank:WP_029491186.1']
    Key: ID, Value: ['cds-WP_029491186.1']
    Key: Name, Value: ['WP_029491186.1']
    Key: Ontology_term, Value: ['GO:0043571', 'GO:0003674']
    Key: Parent, Value: ['gene-RN97_RS06610']
    Key: gbkey, Value: ['CDS']
    Key: gene, Value: ['csm3']
    Key: go_function, Value: ['molecular_function|0003674||IEA']
    Key: go_process, Value: ['maintenance of CRISPR repeat elements|0043571||IEA']
    Key: inference, Value: ['COORDINATES: similar to AA sequence:RefSeq:WP_008793340.1']
    Key: locus_tag, Value: ['RN97_RS06610']
    Key: phase, Value: ['0']
    Key: product, Value: ['type III-A CRISPR-associated RAMP protein Csm3']
    Key: protein_id, Value: ['WP_029491186.1']
    Key: source, Value: ['Protein Homology']
    Key: transl_table, Value: ['11']

GF(type III-A CRISPR-associated RAMP protein Csm3, 9612-10320 (-1))
type: CDS
location: [1307943:1308312](-)
id: cds-WP_029491185.1
qualifiers:
    Key: Dbxref, Value: ['GenBank:WP_029491185.1']
    Key: ID, Value: ['cds-WP_029491185.1']
    Key: Name, Value: ['WP_029491185.1']
    Key: Ontology_term, Value: ['GO:0043571', 'GO:0003674']
    Key: Parent, Value: ['gene-RN97_RS06615']
    Key: gbkey, Value: ['CDS']
    Key: gene, Value: ['csm2']
    Key: go_function, Value: ['molecular_function|0003674||IEA']
    Key: go_process, Value: ['maintenance of CRISPR repeat elements|0043571||IEA']
    Key: inference, Value: ['COORDINATES: similar to AA sequence:RefSeq:WP_005966878.1']
    Key: locus_tag, Value: ['RN97_RS06615']
    Key: phase, Value: ['0']
    Key: product, Value: ['type III-A CRISPR-associated protein Csm2']
    Key: protein_id, Value: ['WP_029491185.1']
    Key: source, Value: ['Protein Homology']
    Key: transl_table, Value: ['11']

GF(type III-A CRISPR-associated protein Csm2, 10356-10725 (-1))
type: CDS
location: [1308315:1310847](-)
id: cds-WP_029491184.1
qualifiers:
    Key: Dbxref, Value: ['GenBank:WP_029491184.1']
    Key: ID, Value: ['cds-WP_029491184.1']
    Key: Name, Value: ['WP_029491184.1']
    Key: Ontology_term, Value: ['GO:0043571', 'GO:0003674']
    Key: Parent, Value: ['gene-RN97_RS06620']
    Key: gbkey, Value: ['CDS']
    Key: gene, Value: ['cas10']
    Key: go_function, Value: ['molecular_function|0003674||IEA']
    Key: go_process, Value: ['maintenance of CRISPR repeat elements|0043571||IEA']
    Key: inference, Value: ['COORDINATES: similar to AA sequence:RefSeq:WP_008793338.1']
    Key: locus_tag, Value: ['RN97_RS06620']
    Key: phase, Value: ['0']
    Key: product, Value: ['type III-A CRISPR-associated protein Cas10/Csm1']
    Key: protein_id, Value: ['WP_029491184.1']
    Key: source, Value: ['Protein Homology']
    Key: transl_table, Value: ['11']

GF(type III-A CRISPR-associated protein Cas10/Csm1, 10728-13260 (-1))
type: CDS
location: [1311051:1312077](-)
id: cds-WP_005915516.1
qualifiers:
    Key: Dbxref, Value: ['GenBank:WP_005915516.1']
    Key: ID, Value: ['cds-WP_005915516.1']
    Key: Name, Value: ['WP_005915516.1']
    Key: Ontology_term, Value: ['GO:0006400']
    Key: Parent, Value: ['gene-RN97_RS06625']
    Key: gbkey, Value: ['CDS']
    Key: gene, Value: ['tsaD']
    Key: go_process, Value: ['tRNA modification|0006400||IEA']
    Key: inference, Value: ['COORDINATES: similar to AA sequence:RefSeq:WP_008802499.1']
    Key: locus_tag, Value: ['RN97_RS06625']
    Key: phase, Value: ['0']
    Key: product, Value: ['tRNA (adenosine(37)-N6)-threonylcarbamoyltransferase complex transferase subunit TsaD']
    Key: protein_id, Value: ['WP_005915516.1']
    Key: source, Value: ['Protein Homology']
    Key: transl_table, Value: ['11']

GF(tRNA (adenosine(37)-N6)-threonylcarbamoyltransferase complex transferase subunit TsaD, 13464-14490 (-1))
type: CDS
location: [1312073:1312640](-)
id: cds-WP_235044461.1
qualifiers:
    Key: Dbxref, Value: ['GenBank:WP_235044461.1']
    Key: ID, Value: ['cds-WP_235044461.1']
    Key: Name, Value: ['WP_235044461.1']
    Key: Parent, Value: ['gene-RN97_RS06630']
    Key: gbkey, Value: ['CDS']
    Key: inference, Value: ['COORDINATES: similar to AA sequence:RefSeq:WP_008795301.1']
    Key: locus_tag, Value: ['RN97_RS06630']
    Key: phase, Value: ['0']
    Key: product, Value: ['regulatory protein RecX']
    Key: protein_id, Value: ['WP_235044461.1']
    Key: source, Value: ['Protein Homology']
    Key: transl_table, Value: ['11']

GF(regulatory protein RecX, 14486-15053 (-1))
type: CDS
location: [1312614:1313754](-)
id: cds-WP_029491182.1
qualifiers:
    Key: Dbxref, Value: ['GenBank:WP_029491182.1']
    Key: ID, Value: ['cds-WP_029491182.1']
    Key: Name, Value: ['WP_029491182.1']
    Key: Ontology_term, Value: ['GO:0006281', 'GO:0006310', 'GO:0009432', 'GO:0003677', 'GO:0008094', 'GO:0005737']
    Key: Parent, Value: ['gene-RN97_RS06635']
    Key: gbkey, Value: ['CDS']
    Key: gene, Value: ['recA']
    Key: go_component, Value: ['cytoplasm|0005737||IEA']
    Key: go_function, Value: ['DNA binding|0003677||IEA', 'ATP-dependent activity, acting on DNA|0008094||IEA']
    Key: go_process, Value: ['DNA repair|0006281||IEA', 'DNA recombination|0006310||IEA', 'SOS response|0009432||IEA']
    Key: inference, Value: ['COORDINATES: similar to AA sequence:RefSeq:WP_008795300.1']
    Key: locus_tag, Value: ['RN97_RS06635']
    Key: phase, Value: ['0']
    Key: product, Value: ['recombinase RecA']
    Key: protein_id, Value: ['WP_029491182.1']
    Key: source, Value: ['Protein Homology']
    Key: transl_table, Value: ['11']

GF(recombinase RecA, 15027-16167 (-1))
type: CDS
location: [1313761:1314769](-)
id: cds-WP_029491181.1
qualifiers:
    Key: Dbxref, Value: ['GenBank:WP_029491181.1']
    Key: ID, Value: ['cds-WP_029491181.1']
    Key: Name, Value: ['WP_029491181.1']
    Key: Parent, Value: ['gene-RN97_RS06640']
    Key: gbkey, Value: ['CDS']
    Key: inference, Value: ['COORDINATES: similar to AA sequence:RefSeq:WP_011016469.1']
    Key: locus_tag, Value: ['RN97_RS06640']
    Key: phase, Value: ['0']
    Key: product, Value: ['glycosyltransferase family 9 protein']
    Key: protein_id, Value: ['WP_029491181.1']
    Key: source, Value: ['Protein Homology']
    Key: transl_table, Value: ['11']

GF(glycosyltransferase family 9 protein, 16174-17182 (-1))
type: repeat_region
location: [1300102:1301449](+)
id: NZ_CP013334.1_2
qualifiers:
    Key: Dbxref, Value: ['SO:0001459']
    Key: ID, Value: ['NZ_CP013334.1_2']
    Key: Note, Value: ['GTTTCCGTCTCCTATCGGAGTTATATTCTCACTTATT']
    Key: Ontology_term, Value: ['CRISPR']
    Key: score, Value: ['1347']
    Key: source, Value: ['CCTyper']

GF(Repeat region, 2515-3862 (0))
graphic feature from known effectors: GF(csm6-ca6, 5350-6744 (-1))
[GF(sodium/glutamate symporter, 51-1413 (1)), GF(None, 1458-1788 (1)), GF(cupin domain-containing protein, 1891-2359 (-1)), GF(CRISPR-associated endonuclease Cas2, 3999-4323 (-1)), GF(CRISPR-associated endonuclease Cas1, 4328-5336 (-1)), GF(CRISPR-associated protein, 5349-6744 (-1)), GF(CRISPR system precrRNA processing endoribonuclease RAMP protein Cas6, 6736-7459 (-1)), GF(type III-A CRISPR-associated RAMP protein Csm5, 7442-8612 (-1)), GF(type III-A CRISPR-associated RAMP protein Csm4, 8608-9613 (-1)), GF(type III-A CRISPR-associated RAMP protein Csm3, 9612-10320 (-1)), GF(type III-A CRISPR-associated protein Csm2, 10356-10725 (-1)), GF(type III-A CRISPR-associated protein Cas10/Csm1, 10728-13260 (-1)), GF(tRNA (adenosine(37)-N6)-threonylcarbamoyltransferase complex transferase subunit TsaD, 13464-14490 (-1)), GF(regulatory protein RecX, 14486-15053 (-1)), GF(recombinase RecA, 15027-16167 (-1)), GF(glycosyltransferase family 9 protein, 16174-17182 (-1)), GF(Repeat region, 2515-3862 (0)), GF(csm6-ca6, 5350-6744 (-1)), GF(CRISPR-Cas locus, 4000-13260 (0))]
