Cas operons file:    Unnamed: 0       Contig  ...           locus_id           sample
0           0  NC_016070.1  ...  GCF_000253055.1_0  GCF_000253055.1

[1 rows x 19 columns]
The chosen contig: NC_016070.1
type: CDS
location: [1063086:1063371](-)
id: cds-WP_167828077.1
qualifiers:
    Key: Dbxref, Value: ['GenBank:WP_167828077.1', 'GeneID:11262107']
    Key: ID, Value: ['cds-WP_167828077.1']
    Key: Name, Value: ['WP_167828077.1']
    Key: Parent, Value: ['gene-TTX_RS05870']
    Key: gbkey, Value: ['CDS']
    Key: inference, Value: ['COORDINATES: protein motif:HMM:NF014035.4']
    Key: locus_tag, Value: ['TTX_RS05870']
    Key: phase, Value: ['0']
    Key: product, Value: ['sulfite exporter TauE/SafE family protein']
    Key: protein_id, Value: ['WP_167828077.1']
    Key: source, Value: ['Protein Homology']
    Key: transl_table, Value: ['11']

GF(sulfite exporter TauE/SafE family protein, 160-445 (-1))
type: CDS
location: [1063352:1063571](-)
id: cds-WP_167828078.1
qualifiers:
    Key: Dbxref, Value: ['GenBank:WP_167828078.1', 'GeneID:25400537']
    Key: ID, Value: ['cds-WP_167828078.1']
    Key: Name, Value: ['WP_167828078.1']
    Key: Parent, Value: ['gene-TTX_RS05875']
    Key: gbkey, Value: ['CDS']
    Key: inference, Value: ['COORDINATES: ab initio prediction:GeneMarkS-2+']
    Key: locus_tag, Value: ['TTX_RS05875']
    Key: phase, Value: ['0']
    Key: product, Value: ['hypothetical protein']
    Key: protein_id, Value: ['WP_167828078.1']
    Key: source, Value: ['GeneMarkS-2+']
    Key: transl_table, Value: ['11']

GF(None, 426-645 (-1))
type: CDS
location: [1064130:1064604](-)
id: cds-WP_231818652.1
qualifiers:
    Key: Dbxref, Value: ['GenBank:WP_231818652.1', 'GeneID:11262108']
    Key: ID, Value: ['cds-WP_231818652.1']
    Key: Name, Value: ['WP_231818652.1']
    Key: Parent, Value: ['gene-TTX_RS05880']
    Key: gbkey, Value: ['CDS']
    Key: inference, Value: ['COORDINATES: similar to AA sequence:RefSeq:WP_011008275.1']
    Key: locus_tag, Value: ['TTX_RS05880']
    Key: phase, Value: ['0']
    Key: product, Value: ['PaREP1 family protein']
    Key: protein_id, Value: ['WP_231818652.1']
    Key: source, Value: ['Protein Homology']
    Key: transl_table, Value: ['11']

GF(PaREP1 family protein, 1204-1678 (-1))
type: CDS
location: [1065027:1065366](-)
id: cds-WP_014127119.1
qualifiers:
    Key: Dbxref, Value: ['GenBank:WP_014127119.1', 'GeneID:11262109']
    Key: ID, Value: ['cds-WP_014127119.1']
    Key: Name, Value: ['WP_014127119.1']
    Key: Parent, Value: ['gene-TTX_RS05885']
    Key: gbkey, Value: ['CDS']
    Key: inference, Value: ['COORDINATES: ab initio prediction:GeneMarkS-2+']
    Key: locus_tag, Value: ['TTX_RS05885']
    Key: phase, Value: ['0']
    Key: product, Value: ['hypothetical protein']
    Key: protein_id, Value: ['WP_014127119.1']
    Key: source, Value: ['GeneMarkS-2+']
    Key: transl_table, Value: ['11']

GF(None, 2101-2440 (-1))
type: CDS
location: [1065349:1065670](-)
id: cds-WP_167828079.1
qualifiers:
    Key: Dbxref, Value: ['GenBank:WP_167828079.1', 'GeneID:52284635']
    Key: ID, Value: ['cds-WP_167828079.1']
    Key: Name, Value: ['WP_167828079.1']
    Key: Parent, Value: ['gene-TTX_RS10470']
    Key: gbkey, Value: ['CDS']
    Key: inference, Value: ['COORDINATES: ab initio prediction:GeneMarkS-2+']
    Key: locus_tag, Value: ['TTX_RS10470']
    Key: phase, Value: ['0']
    Key: product, Value: ['hypothetical protein']
    Key: protein_id, Value: ['WP_167828079.1']
    Key: source, Value: ['GeneMarkS-2+']
    Key: transl_table, Value: ['11']

GF(None, 2423-2744 (-1))
type: CDS
location: [1066087:1066738](+)
id: cds-WP_052883148.1
qualifiers:
    Key: Dbxref, Value: ['GenBank:WP_052883148.1', 'GeneID:11262110']
    Key: ID, Value: ['cds-WP_052883148.1']
    Key: Name, Value: ['WP_052883148.1']
    Key: Parent, Value: ['gene-TTX_RS05890']
    Key: gbkey, Value: ['CDS']
    Key: inference, Value: ['COORDINATES: ab initio prediction:GeneMarkS-2+']
    Key: locus_tag, Value: ['TTX_RS05890']
    Key: phase, Value: ['0']
    Key: product, Value: ['hypothetical protein']
    Key: protein_id, Value: ['WP_052883148.1']
    Key: source, Value: ['GeneMarkS-2+']
    Key: transl_table, Value: ['11']

GF(None, 3161-3812 (1))
type: CDS
location: [1066925:1068347](+)
id: cds-WP_014127121.1
qualifiers:
    Key: Dbxref, Value: ['GenBank:WP_014127121.1', 'GeneID:11262111']
    Key: ID, Value: ['cds-WP_014127121.1']
    Key: Name, Value: ['WP_014127121.1']
    Key: Parent, Value: ['gene-TTX_RS05895']
    Key: gbkey, Value: ['CDS']
    Key: inference, Value: ['COORDINATES: similar to AA sequence:RefSeq:WP_012350503.1']
    Key: locus_tag, Value: ['TTX_RS05895']
    Key: phase, Value: ['0']
    Key: product, Value: ['TM1812 family CRISPR-associated protein']
    Key: protein_id, Value: ['WP_014127121.1']
    Key: source, Value: ['Protein Homology']
    Key: transl_table, Value: ['11']

GF(TM1812 family CRISPR-associated protein, 3999-5421 (1))
type: CDS
location: [1068462:1068843](-)
id: cds-WP_014127122.1
qualifiers:
    Key: Dbxref, Value: ['GenBank:WP_014127122.1', 'GeneID:11262112']
    Key: ID, Value: ['cds-WP_014127122.1']
    Key: Name, Value: ['WP_014127122.1']
    Key: Parent, Value: ['gene-TTX_RS05900']
    Key: gbkey, Value: ['CDS']
    Key: inference, Value: ['COORDINATES: similar to AA sequence:RefSeq:WP_014127122.1']
    Key: locus_tag, Value: ['TTX_RS05900']
    Key: phase, Value: ['0']
    Key: product, Value: ['hypothetical protein']
    Key: protein_id, Value: ['WP_014127122.1']
    Key: source, Value: ['Protein Homology']
    Key: transl_table, Value: ['11']

GF(None, 5536-5917 (-1))
type: CDS
location: [1068839:1071089](-)
id: cds-WP_014127123.1
qualifiers:
    Key: Dbxref, Value: ['GenBank:WP_014127123.1', 'GeneID:11262113']
    Key: ID, Value: ['cds-WP_014127123.1']
    Key: Name, Value: ['WP_014127123.1']
    Key: Ontology_term, Value: ['GO:0043571', 'GO:0003674']
    Key: Parent, Value: ['gene-TTX_RS05905']
    Key: gbkey, Value: ['CDS']
    Key: gene, Value: ['cas10']
    Key: go_function, Value: ['molecular_function|0003674||IEA']
    Key: go_process, Value: ['maintenance of CRISPR repeat elements|0043571||IEA']
    Key: inference, Value: ['COORDINATES: similar to AA sequence:RefSeq:WP_012350501.1']
    Key: locus_tag, Value: ['TTX_RS05905']
    Key: phase, Value: ['0']
    Key: product, Value: ['type III-A CRISPR-associated protein Cas10/Csm1']
    Key: protein_id, Value: ['WP_014127123.1']
    Key: source, Value: ['Protein Homology']
    Key: transl_table, Value: ['11']

GF(type III-A CRISPR-associated protein Cas10/Csm1, 5913-8163 (-1))
type: CDS
location: [1071075:1072071](-)
id: cds-WP_014127124.1
qualifiers:
    Key: Dbxref, Value: ['GenBank:WP_014127124.1', 'GeneID:11262114']
    Key: ID, Value: ['cds-WP_014127124.1']
    Key: Name, Value: ['WP_014127124.1']
    Key: Parent, Value: ['gene-TTX_RS05910']
    Key: gbkey, Value: ['CDS']
    Key: inference, Value: ['COORDINATES: similar to AA sequence:RefSeq:WP_012350500.1']
    Key: locus_tag, Value: ['TTX_RS05910']
    Key: phase, Value: ['0']
    Key: product, Value: ['CRISPR-associated protein']
    Key: protein_id, Value: ['WP_014127124.1']
    Key: source, Value: ['Protein Homology']
    Key: transl_table, Value: ['11']

GF(CRISPR-associated protein, 8149-9145 (-1))
type: CDS
location: [1072074:1072893](-)
id: cds-WP_014127125.1
qualifiers:
    Key: Dbxref, Value: ['GenBank:WP_014127125.1', 'GeneID:11262115']
    Key: ID, Value: ['cds-WP_014127125.1']
    Key: Name, Value: ['WP_014127125.1']
    Key: Parent, Value: ['gene-TTX_RS05915']
    Key: gbkey, Value: ['CDS']
    Key: inference, Value: ['COORDINATES: similar to AA sequence:RefSeq:WP_014346671.1']
    Key: locus_tag, Value: ['TTX_RS05915']
    Key: phase, Value: ['0']
    Key: product, Value: ['CRISPR-associated protein']
    Key: protein_id, Value: ['WP_014127125.1']
    Key: source, Value: ['Protein Homology']
    Key: transl_table, Value: ['11']

GF(CRISPR-associated protein, 9148-9967 (-1))
type: CDS
location: [1072889:1073813](-)
id: cds-WP_014127126.1
qualifiers:
    Key: Dbxref, Value: ['GenBank:WP_014127126.1', 'GeneID:11262116']
    Key: ID, Value: ['cds-WP_014127126.1']
    Key: Name, Value: ['WP_014127126.1']
    Key: Ontology_term, Value: ['GO:0043571', 'GO:0003674']
    Key: Parent, Value: ['gene-TTX_RS05920']
    Key: gbkey, Value: ['CDS']
    Key: gene, Value: ['csm3']
    Key: go_function, Value: ['molecular_function|0003674||IEA']
    Key: go_process, Value: ['maintenance of CRISPR repeat elements|0043571||IEA']
    Key: inference, Value: ['COORDINATES: similar to AA sequence:RefSeq:WP_014127126.1']
    Key: locus_tag, Value: ['TTX_RS05920']
    Key: phase, Value: ['0']
    Key: product, Value: ['type III-A CRISPR-associated RAMP protein Csm3']
    Key: protein_id, Value: ['WP_014127126.1']
    Key: source, Value: ['Protein Homology']
    Key: transl_table, Value: ['11']

GF(type III-A CRISPR-associated RAMP protein Csm3, 9963-10887 (-1))
type: CDS
location: [1073809:1074235](-)
id: cds-WP_014127127.1
qualifiers:
    Key: Dbxref, Value: ['GenBank:WP_014127127.1', 'GeneID:11262117']
    Key: ID, Value: ['cds-WP_014127127.1']
    Key: Name, Value: ['WP_014127127.1']
    Key: Parent, Value: ['gene-TTX_RS05925']
    Key: gbkey, Value: ['CDS']
    Key: inference, Value: ['COORDINATES: similar to AA sequence:RefSeq:WP_012350497.1']
    Key: locus_tag, Value: ['TTX_RS05925']
    Key: phase, Value: ['0']
    Key: product, Value: ['hypothetical protein']
    Key: protein_id, Value: ['WP_014127127.1']
    Key: source, Value: ['Protein Homology']
    Key: transl_table, Value: ['11']

GF(None, 10883-11309 (-1))
type: CDS
location: [1074408:1074873](+)
id: cds-WP_014127128.1
qualifiers:
    Key: Dbxref, Value: ['GenBank:WP_014127128.1', 'GeneID:11262118']
    Key: ID, Value: ['cds-WP_014127128.1']
    Key: Name, Value: ['WP_014127128.1']
    Key: Parent, Value: ['gene-TTX_RS05930']
    Key: gbkey, Value: ['CDS']
    Key: inference, Value: ['COORDINATES: ab initio prediction:GeneMarkS-2+']
    Key: locus_tag, Value: ['TTX_RS05930']
    Key: phase, Value: ['0']
    Key: product, Value: ['hypothetical protein']
    Key: protein_id, Value: ['WP_014127128.1']
    Key: source, Value: ['GeneMarkS-2+']
    Key: transl_table, Value: ['11']

GF(None, 11482-11947 (1))
type: CDS
location: [1074911:1075202](+)
id: cds-WP_014127129.1
qualifiers:
    Key: Dbxref, Value: ['GenBank:WP_014127129.1', 'GeneID:11262119']
    Key: ID, Value: ['cds-WP_014127129.1']
    Key: Name, Value: ['WP_014127129.1']
    Key: Parent, Value: ['gene-TTX_RS05935']
    Key: gbkey, Value: ['CDS']
    Key: inference, Value: ['COORDINATES: ab initio prediction:GeneMarkS-2+']
    Key: locus_tag, Value: ['TTX_RS05935']
    Key: phase, Value: ['0']
    Key: product, Value: ['ATP-binding protein']
    Key: protein_id, Value: ['WP_014127129.1']
    Key: source, Value: ['GeneMarkS-2+']
    Key: transl_table, Value: ['11']

GF(ATP-binding protein, 11985-12276 (1))
type: CDS
location: [1075281:1075563](+)
id: cds-WP_167828081.1
qualifiers:
    Key: Dbxref, Value: ['GenBank:WP_167828081.1', 'GeneID:25400538']
    Key: ID, Value: ['cds-WP_167828081.1']
    Key: Name, Value: ['WP_167828081.1']
    Key: Parent, Value: ['gene-TTX_RS05940']
    Key: gbkey, Value: ['CDS']
    Key: inference, Value: ['COORDINATES: ab initio prediction:GeneMarkS-2+']
    Key: locus_tag, Value: ['TTX_RS05940']
    Key: phase, Value: ['0']
    Key: product, Value: ['hypothetical protein']
    Key: protein_id, Value: ['WP_167828081.1']
    Key: source, Value: ['GeneMarkS-2+']
    Key: transl_table, Value: ['11']

GF(None, 12355-12637 (1))
type: CDS
location: [1075607:1075829](+)
id: cds-WP_167828082.1
qualifiers:
    Key: Dbxref, Value: ['GenBank:WP_167828082.1', 'GeneID:52284636']
    Key: ID, Value: ['cds-WP_167828082.1']
    Key: Name, Value: ['WP_167828082.1']
    Key: Parent, Value: ['gene-TTX_RS10475']
    Key: gbkey, Value: ['CDS']
    Key: inference, Value: ['COORDINATES: ab initio prediction:GeneMarkS-2+']
    Key: locus_tag, Value: ['TTX_RS10475']
    Key: phase, Value: ['0']
    Key: product, Value: ['hypothetical protein']
    Key: protein_id, Value: ['WP_167828082.1']
    Key: source, Value: ['GeneMarkS-2+']
    Key: transl_table, Value: ['11']

GF(None, 12681-12903 (1))
type: repeat_region
location: [1075973:1078208](+)
id: NC_016070.1_4
qualifiers:
    Key: Dbxref, Value: ['SO:0001459']
    Key: ID, Value: ['NC_016070.1_4']
    Key: Note, Value: ['CTTTCAATCCTCTCTTTGAGATTC']
    Key: Ontology_term, Value: ['CRISPR']
    Key: score, Value: ['2235']
    Key: source, Value: ['CCTyper']

GF(Repeat region, 13047-15282 (0))
graphic feature from cctyper protein table: GF(Csx1, 4000-5421 (1))
graphic feature from cctyper protein table: GF(Cas10, 5914-8163 (-1))
graphic feature from cctyper protein table: GF(Csm5gr7, 8150-9145 (-1))
graphic feature from cctyper protein table: GF(Csm4, 9149-9967 (-1))
graphic feature from cctyper protein table: GF(Csm3, 9964-10887 (-1))
graphic feature from cctyper protein table: GF(Csm2gr11, 10884-11309 (-1))
graphic feature from cctyper protein table: GF(AbiEii, 11483-11947 (1))
Index(['protein_id', 'start', 'end', 'effector', 'locus', 'sample', 'strand',
       'sequence', 'type'],
      dtype='object')
graphic feature from known effectors: GF(csx1, 4000-5421 (1))
Index(['protein_id', 'start', 'end', 'effector', 'locus', 'sample', 'strand',
       'sequence'],
      dtype='object')
[GF(sulfite exporter TauE/SafE family protein, 160-445 (-1)), GF(None, 426-645 (-1)), GF(PaREP1 family protein, 1204-1678 (-1)), GF(None, 2101-2440 (-1)), GF(None, 2423-2744 (-1)), GF(None, 3161-3812 (1)), GF(TM1812 family CRISPR-associated protein, 3999-5421 (1)), GF(None, 5536-5917 (-1)), GF(type III-A CRISPR-associated protein Cas10/Csm1, 5913-8163 (-1)), GF(CRISPR-associated protein, 8149-9145 (-1)), GF(CRISPR-associated protein, 9148-9967 (-1)), GF(type III-A CRISPR-associated RAMP protein Csm3, 9963-10887 (-1)), GF(None, 10883-11309 (-1)), GF(None, 11482-11947 (1)), GF(ATP-binding protein, 11985-12276 (1)), GF(None, 12355-12637 (1)), GF(None, 12681-12903 (1)), GF(Repeat region, 13047-15282 (0)), GF(Csx1, 4000-5421 (1)), GF(Cas10, 5914-8163 (-1)), GF(Csm5gr7, 8150-9145 (-1)), GF(Csm4, 9149-9967 (-1)), GF(Csm3, 9964-10887 (-1)), GF(Csm2gr11, 10884-11309 (-1)), GF(AbiEii, 11483-11947 (1)), GF(csx1, 4000-5421 (1)), GF(CRISPR-Cas locus, 4000-11947 (0))]
