Cas operons file:    Unnamed: 0         Contig  ...           locus_id           sample
0           0  NZ_OX365700.1  ...  GCF_947241125.1_0  GCF_947241125.1

[1 rows x 19 columns]
The chosen contig: NZ_OX365700.1
type: CDS
location: [433598:434135](-)
id: cds-WP_289267042.1
qualifiers:
    Key: Dbxref, Value: ['GenBank:WP_289267042.1']
    Key: ID, Value: ['cds-WP_289267042.1']
    Key: Name, Value: ['WP_289267042.1']
    Key: Ontology_term, Value: ['GO:0046872']
    Key: Parent, Value: ['gene-QWI75_RS02165']
    Key: gbkey, Value: ['CDS']
    Key: go_function, Value: ['metal ion binding|0046872||IEA']
    Key: inference, Value: ['COORDINATES: similar to AA sequence:RefSeq:WP_013246907.1']
    Key: locus_tag, Value: ['QWI75_RS02165']
    Key: phase, Value: ['0']
    Key: product, Value: ['gamma carbonic anhydrase family protein']
    Key: protein_id, Value: ['WP_289267042.1']
    Key: source, Value: ['Protein Homology']
    Key: transl_table, Value: ['11']

GF(gamma carbonic anhydrase family protein, 694-1231 (-1))
type: CDS
location: [434238:435795](+)
id: cds-WP_289267043.1
qualifiers:
    Key: Dbxref, Value: ['GenBank:WP_289267043.1']
    Key: ID, Value: ['cds-WP_289267043.1']
    Key: Name, Value: ['WP_289267043.1']
    Key: Ontology_term, Value: ['GO:0018339', 'GO:0008172', 'GO:0016782', 'GO:0051539', 'GO:1904047']
    Key: Parent, Value: ['gene-QWI75_RS02170']
    Key: gbkey, Value: ['CDS']
    Key: gene, Value: ['rimO']
    Key: go_function, Value: ['S-methyltransferase activity|0008172||IEA', 'transferase activity, transferring sulphur-containing groups|0016782||IEA', '4 iron, 4 sulfur cluster binding|0051539||IEA', 'S-adenosyl-L-methionine binding|1904047||IEA']
    Key: go_process, Value: ['peptidyl-L-beta-methylthioaspartic acid biosynthetic process from peptidyl-aspartic acid|0018339||IEA']
    Key: inference, Value: ['COORDINATES: protein motif:HMM:TIGR00089.1']
    Key: locus_tag, Value: ['QWI75_RS02170']
    Key: phase, Value: ['0']
    Key: product, Value: ['30S ribosomal protein S12 methylthiotransferase RimO']
    Key: protein_id, Value: ['WP_289267043.1']
    Key: source, Value: ['Protein Homology']
    Key: transl_table, Value: ['11']

GF(30S ribosomal protein S12 methylthiotransferase RimO, 1334-2891 (1))
type: CDS
location: [435888:436752](+)
id: cds-WP_289267044.1
qualifiers:
    Key: Dbxref, Value: ['GenBank:WP_289267044.1']
    Key: ID, Value: ['cds-WP_289267044.1']
    Key: Name, Value: ['WP_289267044.1']
    Key: Ontology_term, Value: ['GO:0009152', 'GO:0008864']
    Key: Parent, Value: ['gene-QWI75_RS02175']
    Key: gbkey, Value: ['CDS']
    Key: gene, Value: ['purU']
    Key: go_function, Value: ['formyltetrahydrofolate deformylase activity|0008864||IEA']
    Key: go_process, Value: ['purine ribonucleotide biosynthetic process|0009152||IEA']
    Key: inference, Value: ['COORDINATES: protein motif:HMM:NF004684.0']
    Key: locus_tag, Value: ['QWI75_RS02175']
    Key: phase, Value: ['0']
    Key: product, Value: ['formyltetrahydrofolate deformylase']
    Key: protein_id, Value: ['WP_289267044.1']
    Key: source, Value: ['Protein Homology']
    Key: transl_table, Value: ['11']

GF(formyltetrahydrofolate deformylase, 2984-3848 (1))
type: CDS
location: [436903:438025](+)
id: cds-WP_289267045.1
qualifiers:
    Key: Dbxref, Value: ['GenBank:WP_289267045.1']
    Key: ID, Value: ['cds-WP_289267045.1']
    Key: Name, Value: ['WP_289267045.1']
    Key: Ontology_term, Value: ['GO:0043571', 'GO:0003674']
    Key: Parent, Value: ['gene-QWI75_RS02180']
    Key: gbkey, Value: ['CDS']
    Key: gene, Value: ['csm6']
    Key: go_function, Value: ['molecular_function|0003674||IEA']
    Key: go_process, Value: ['maintenance of CRISPR repeat elements|0043571||IEA']
    Key: inference, Value: ['COORDINATES: protein motif:HMM:NF021162.2']
    Key: locus_tag, Value: ['QWI75_RS02180']
    Key: phase, Value: ['0']
    Key: product, Value: ['CRISPR-associated ring nuclease Csm6']
    Key: protein_id, Value: ['WP_289267045.1']
    Key: source, Value: ['Protein Homology']
    Key: transl_table, Value: ['11']

GF(CRISPR-associated ring nuclease Csm6, 3999-5121 (1))
type: CDS
location: [438133:438445](+)
id: cds-WP_289267046.1
qualifiers:
    Key: Dbxref, Value: ['GenBank:WP_289267046.1']
    Key: ID, Value: ['cds-WP_289267046.1']
    Key: Name, Value: ['WP_289267046.1']
    Key: Parent, Value: ['gene-QWI75_RS02185']
    Key: gbkey, Value: ['CDS']
    Key: inference, Value: ['COORDINATES: ab initio prediction:GeneMarkS-2+']
    Key: locus_tag, Value: ['QWI75_RS02185']
    Key: phase, Value: ['0']
    Key: product, Value: ['hypothetical protein']
    Key: protein_id, Value: ['WP_289267046.1']
    Key: source, Value: ['GeneMarkS-2+']
    Key: transl_table, Value: ['11']

GF(None, 5229-5541 (1))
type: CDS
location: [438625:439672](+)
id: cds-WP_289267047.1
qualifiers:
    Key: Dbxref, Value: ['GenBank:WP_289267047.1']
    Key: ID, Value: ['cds-WP_289267047.1']
    Key: Name, Value: ['WP_289267047.1']
    Key: Parent, Value: ['gene-QWI75_RS02190']
    Key: gbkey, Value: ['CDS']
    Key: inference, Value: ['COORDINATES: ab initio prediction:GeneMarkS-2+']
    Key: locus_tag, Value: ['QWI75_RS02190']
    Key: phase, Value: ['0']
    Key: product, Value: ['hypothetical protein']
    Key: protein_id, Value: ['WP_289267047.1']
    Key: source, Value: ['GeneMarkS-2+']
    Key: transl_table, Value: ['11']

GF(None, 5721-6768 (1))
type: CDS
location: [439675:442744](+)
id: cds-WP_289267048.1
qualifiers:
    Key: Dbxref, Value: ['GenBank:WP_289267048.1']
    Key: ID, Value: ['cds-WP_289267048.1']
    Key: Name, Value: ['WP_289267048.1']
    Key: Ontology_term, Value: ['GO:0043571', 'GO:0003674']
    Key: Parent, Value: ['gene-QWI75_RS02195']
    Key: gbkey, Value: ['CDS']
    Key: gene, Value: ['cas10']
    Key: go_function, Value: ['molecular_function|0003674||IEA']
    Key: go_process, Value: ['maintenance of CRISPR repeat elements|0043571||IEA']
    Key: inference, Value: ['COORDINATES: protein motif:HMM:TIGR02577.1']
    Key: locus_tag, Value: ['QWI75_RS02195']
    Key: phase, Value: ['0']
    Key: product, Value: ['type III-B CRISPR-associated protein Cas10/Cmr2']
    Key: protein_id, Value: ['WP_289267048.1']
    Key: source, Value: ['Protein Homology']
    Key: transl_table, Value: ['11']

GF(type III-B CRISPR-associated protein Cas10/Cmr2, 6771-9840 (1))
type: CDS
location: [442761:443943](+)
id: cds-WP_289267049.1
qualifiers:
    Key: Dbxref, Value: ['GenBank:WP_289267049.1']
    Key: ID, Value: ['cds-WP_289267049.1']
    Key: Name, Value: ['WP_289267049.1']
    Key: Parent, Value: ['gene-QWI75_RS02200']
    Key: gbkey, Value: ['CDS']
    Key: inference, Value: ['COORDINATES: protein motif:HMM:NF021236.2']
    Key: locus_tag, Value: ['QWI75_RS02200']
    Key: phase, Value: ['0']
    Key: product, Value: ['type III-B CRISPR module-associated protein Cmr3']
    Key: protein_id, Value: ['WP_289267049.1']
    Key: source, Value: ['Protein Homology']
    Key: transl_table, Value: ['11']

GF(type III-B CRISPR module-associated protein Cmr3, 9857-11039 (1))
type: CDS
location: [443948:444341](-)
id: cds-WP_289267050.1
qualifiers:
    Key: Dbxref, Value: ['GenBank:WP_289267050.1']
    Key: ID, Value: ['cds-WP_289267050.1']
    Key: Name, Value: ['WP_289267050.1']
    Key: Parent, Value: ['gene-QWI75_RS02205']
    Key: gbkey, Value: ['CDS']
    Key: inference, Value: ['COORDINATES: protein motif:HMM:NF013970.2']
    Key: locus_tag, Value: ['QWI75_RS02205']
    Key: phase, Value: ['0']
    Key: product, Value: ['type II toxin-antitoxin system VapC family toxin']
    Key: protein_id, Value: ['WP_289267050.1']
    Key: source, Value: ['Protein Homology']
    Key: transl_table, Value: ['11']

GF(type II toxin-antitoxin system VapC family toxin, 11044-11437 (-1))
type: CDS
location: [444337:444622](-)
id: cds-WP_289267051.1
qualifiers:
    Key: Dbxref, Value: ['GenBank:WP_289267051.1']
    Key: ID, Value: ['cds-WP_289267051.1']
    Key: Name, Value: ['WP_289267051.1']
    Key: Parent, Value: ['gene-QWI75_RS02210']
    Key: gbkey, Value: ['CDS']
    Key: inference, Value: ['COORDINATES: protein motif:HMM:NF014643.2']
    Key: locus_tag, Value: ['QWI75_RS02210']
    Key: phase, Value: ['0']
    Key: product, Value: ['type II toxin-antitoxin system Phd/YefM family antitoxin']
    Key: protein_id, Value: ['WP_289267051.1']
    Key: source, Value: ['Protein Homology']
    Key: transl_table, Value: ['11']

GF(type II toxin-antitoxin system Phd/YefM family antitoxin, 11433-11718 (-1))
type: CDS
location: [444639:445596](+)
id: cds-WP_289267052.1
qualifiers:
    Key: Dbxref, Value: ['GenBank:WP_289267052.1']
    Key: ID, Value: ['cds-WP_289267052.1']
    Key: Name, Value: ['WP_289267052.1']
    Key: Ontology_term, Value: ['GO:0043571', 'GO:0003674']
    Key: Parent, Value: ['gene-QWI75_RS02215']
    Key: gbkey, Value: ['CDS']
    Key: gene, Value: ['cmr4']
    Key: go_function, Value: ['molecular_function|0003674||IEA']
    Key: go_process, Value: ['maintenance of CRISPR repeat elements|0043571||IEA']
    Key: inference, Value: ['COORDINATES: protein motif:HMM:TIGR02580.1']
    Key: locus_tag, Value: ['QWI75_RS02215']
    Key: phase, Value: ['0']
    Key: product, Value: ['type III-B CRISPR module RAMP protein Cmr4']
    Key: protein_id, Value: ['WP_289267052.1']
    Key: source, Value: ['Protein Homology']
    Key: transl_table, Value: ['11']

GF(type III-B CRISPR module RAMP protein Cmr4, 11735-12692 (1))
type: CDS
location: [445596:445983](+)
id: cds-WP_289267053.1
qualifiers:
    Key: Dbxref, Value: ['GenBank:WP_289267053.1']
    Key: ID, Value: ['cds-WP_289267053.1']
    Key: Name, Value: ['WP_289267053.1']
    Key: Ontology_term, Value: ['GO:0043571', 'GO:0003674']
    Key: Parent, Value: ['gene-QWI75_RS02220']
    Key: gbkey, Value: ['CDS']
    Key: gene, Value: ['cmr5']
    Key: go_function, Value: ['molecular_function|0003674||IEA']
    Key: go_process, Value: ['maintenance of CRISPR repeat elements|0043571||IEA']
    Key: inference, Value: ['COORDINATES: protein motif:HMM:NF021237.2']
    Key: locus_tag, Value: ['QWI75_RS02220']
    Key: phase, Value: ['0']
    Key: product, Value: ['type III-B CRISPR module-associated protein Cmr5']
    Key: protein_id, Value: ['WP_289267053.1']
    Key: source, Value: ['Protein Homology']
    Key: transl_table, Value: ['11']

GF(type III-B CRISPR module-associated protein Cmr5, 12692-13079 (1))
type: CDS
location: [445984:447358](+)
id: cds-WP_289267054.1
qualifiers:
    Key: Dbxref, Value: ['GenBank:WP_289267054.1']
    Key: ID, Value: ['cds-WP_289267054.1']
    Key: Name, Value: ['WP_289267054.1']
    Key: Ontology_term, Value: ['GO:0043571', 'GO:0003674']
    Key: Parent, Value: ['gene-QWI75_RS02225']
    Key: gbkey, Value: ['CDS']
    Key: gene, Value: ['cmr6']
    Key: go_function, Value: ['molecular_function|0003674||IEA']
    Key: go_process, Value: ['maintenance of CRISPR repeat elements|0043571||IEA']
    Key: inference, Value: ['COORDINATES: protein motif:HMM:NF015728.2']
    Key: locus_tag, Value: ['QWI75_RS02225']
    Key: phase, Value: ['0']
    Key: product, Value: ['type III-B CRISPR module RAMP protein Cmr6']
    Key: protein_id, Value: ['WP_289267054.1']
    Key: source, Value: ['Protein Homology']
    Key: transl_table, Value: ['11']

GF(type III-B CRISPR module RAMP protein Cmr6, 13080-14454 (1))
type: CDS
location: [447404:447674](+)
id: cds-WP_289267055.1
qualifiers:
    Key: Dbxref, Value: ['GenBank:WP_289267055.1']
    Key: ID, Value: ['cds-WP_289267055.1']
    Key: Name, Value: ['WP_289267055.1']
    Key: Ontology_term, Value: ['GO:0008219']
    Key: Parent, Value: ['gene-QWI75_RS02230']
    Key: gbkey, Value: ['CDS']
    Key: go_process, Value: ['cell death|0008219||IEA']
    Key: inference, Value: ['COORDINATES: protein motif:HMM:TIGR01552.1']
    Key: locus_tag, Value: ['QWI75_RS02230']
    Key: phase, Value: ['0']
    Key: product, Value: ['type II toxin-antitoxin system prevent-host-death family antitoxin']
    Key: protein_id, Value: ['WP_289267055.1']
    Key: source, Value: ['Protein Homology']
    Key: transl_table, Value: ['11']

GF(type II toxin-antitoxin system prevent-host-death family antitoxin, 14500-14770 (1))
type: CDS
location: [447670:448105](+)
id: cds-WP_289267056.1
qualifiers:
    Key: Dbxref, Value: ['GenBank:WP_289267056.1']
    Key: ID, Value: ['cds-WP_289267056.1']
    Key: Name, Value: ['WP_289267056.1']
    Key: Parent, Value: ['gene-QWI75_RS02235']
    Key: gbkey, Value: ['CDS']
    Key: inference, Value: ['COORDINATES: protein motif:HMM:NF013970.2']
    Key: locus_tag, Value: ['QWI75_RS02235']
    Key: phase, Value: ['0']
    Key: product, Value: ['type II toxin-antitoxin system VapC family toxin']
    Key: protein_id, Value: ['WP_289267056.1']
    Key: source, Value: ['Protein Homology']
    Key: transl_table, Value: ['11']

GF(type II toxin-antitoxin system VapC family toxin, 14766-15201 (1))
type: CDS
location: [448188:449346](+)
id: cds-QWI75_RS02240
qualifiers:
    Key: ID, Value: ['cds-QWI75_RS02240']
    Key: Note, Value: ['internal stop']
    Key: Parent, Value: ['gene-QWI75_RS02240']
    Key: gbkey, Value: ['CDS']
    Key: inference, Value: ['COORDINATES: protein motif:HMM:NF020571.2']
    Key: locus_tag, Value: ['QWI75_RS02240']
    Key: phase, Value: ['0']
    Key: product, Value: ['DUF1887 family CARF protein']
    Key: pseudo, Value: ['true']
    Key: source, Value: ['Protein Homology']
    Key: transl_table, Value: ['11']

GF(DUF1887 family CARF protein, 15284-16442 (1))
type: CDS
location: [453224:454478](+)
id: cds-WP_289267057.1
qualifiers:
    Key: Dbxref, Value: ['GenBank:WP_289267057.1']
    Key: ID, Value: ['cds-WP_289267057.1']
    Key: Name, Value: ['WP_289267057.1']
    Key: Ontology_term, Value: ['GO:0043571', 'GO:0003674']
    Key: Parent, Value: ['gene-QWI75_RS02245']
    Key: gbkey, Value: ['CDS']
    Key: go_function, Value: ['molecular_function|0003674||IEA']
    Key: go_process, Value: ['maintenance of CRISPR repeat elements|0043571||IEA']
    Key: inference, Value: ['COORDINATES: protein motif:HMM:TIGR02710.1']
    Key: locus_tag, Value: ['QWI75_RS02245']
    Key: phase, Value: ['0']
    Key: product, Value: ['TIGR02710 family CRISPR-associated CARF protein']
    Key: protein_id, Value: ['WP_289267057.1']
    Key: source, Value: ['Protein Homology']
    Key: transl_table, Value: ['11']

GF(TIGR02710 family CRISPR-associated CARF protein, 20320-21574 (1))
type: CDS
location: [454510:454789](+)
id: cds-WP_289267058.1
qualifiers:
    Key: Dbxref, Value: ['GenBank:WP_289267058.1']
    Key: ID, Value: ['cds-WP_289267058.1']
    Key: Name, Value: ['WP_289267058.1']
    Key: Ontology_term, Value: ['GO:0043571', 'GO:0004521']
    Key: Parent, Value: ['gene-QWI75_RS02250']
    Key: gbkey, Value: ['CDS']
    Key: gene, Value: ['cas2']
    Key: go_function, Value: ['RNA endonuclease activity|0004521||IEA']
    Key: go_process, Value: ['maintenance of CRISPR repeat elements|0043571||IEA']
    Key: inference, Value: ['COORDINATES: protein motif:HMM:TIGR01573.1']
    Key: locus_tag, Value: ['QWI75_RS02250']
    Key: phase, Value: ['0']
    Key: product, Value: ['CRISPR-associated endonuclease Cas2']
    Key: protein_id, Value: ['WP_289267058.1']
    Key: source, Value: ['Protein Homology']
    Key: transl_table, Value: ['11']

GF(CRISPR-associated endonuclease Cas2, 21606-21885 (1))
type: CDS
location: [454797:455787](+)
id: cds-WP_289267059.1
qualifiers:
    Key: Dbxref, Value: ['GenBank:WP_289267059.1']
    Key: ID, Value: ['cds-WP_289267059.1']
    Key: Name, Value: ['WP_289267059.1']
    Key: Ontology_term, Value: ['GO:0043571', 'GO:0004520', 'GO:0046872']
    Key: Parent, Value: ['gene-QWI75_RS02255']
    Key: gbkey, Value: ['CDS']
    Key: gene, Value: ['cas1']
    Key: go_function, Value: ['DNA endonuclease activity|0004520||IEA', 'metal ion binding|0046872||IEA']
    Key: go_process, Value: ['maintenance of CRISPR repeat elements|0043571||IEA']
    Key: inference, Value: ['COORDINATES: protein motif:HMM:NF013984.2']
    Key: locus_tag, Value: ['QWI75_RS02255']
    Key: phase, Value: ['0']
    Key: product, Value: ['CRISPR-associated endonuclease Cas1']
    Key: protein_id, Value: ['WP_289267059.1']
    Key: source, Value: ['Protein Homology']
    Key: transl_table, Value: ['11']

GF(CRISPR-associated endonuclease Cas1, 21893-22883 (1))
type: CDS
location: [455734:456514](+)
id: cds-WP_289267060.1
qualifiers:
    Key: Dbxref, Value: ['GenBank:WP_289267060.1']
    Key: ID, Value: ['cds-WP_289267060.1']
    Key: Name, Value: ['WP_289267060.1']
    Key: Ontology_term, Value: ['GO:0043571', 'GO:0051607', 'GO:0003676', 'GO:0004519', 'GO:0046872']
    Key: Parent, Value: ['gene-QWI75_RS02260']
    Key: gbkey, Value: ['CDS']
    Key: go_function, Value: ['nucleic acid binding|0003676||IEA', 'endonuclease activity|0004519||IEA', 'metal ion binding|0046872||IEA']
    Key: go_process, Value: ['maintenance of CRISPR repeat elements|0043571||IEA', 'defense response to virus|0051607||IEA']
    Key: inference, Value: ['COORDINATES: protein motif:HMM:NF013984.2']
    Key: locus_tag, Value: ['QWI75_RS02260']
    Key: phase, Value: ['0']
    Key: product, Value: ['CRISPR-associated endonuclease Cas1']
    Key: protein_id, Value: ['WP_289267060.1']
    Key: source, Value: ['Protein Homology']
    Key: transl_table, Value: ['11']

GF(CRISPR-associated endonuclease Cas1, 22830-23610 (1))
type: CDS
location: [456517:456796](+)
id: cds-WP_289267061.1
qualifiers:
    Key: Dbxref, Value: ['GenBank:WP_289267061.1']
    Key: ID, Value: ['cds-WP_289267061.1']
    Key: Name, Value: ['WP_289267061.1']
    Key: Ontology_term, Value: ['GO:0043571', 'GO:0004521']
    Key: Parent, Value: ['gene-QWI75_RS02265']
    Key: gbkey, Value: ['CDS']
    Key: gene, Value: ['cas2']
    Key: go_function, Value: ['RNA endonuclease activity|0004521||IEA']
    Key: go_process, Value: ['maintenance of CRISPR repeat elements|0043571||IEA']
    Key: inference, Value: ['COORDINATES: protein motif:HMM:TIGR01573.1']
    Key: locus_tag, Value: ['QWI75_RS02265']
    Key: phase, Value: ['0']
    Key: product, Value: ['CRISPR-associated endonuclease Cas2']
    Key: protein_id, Value: ['WP_289267061.1']
    Key: source, Value: ['Protein Homology']
    Key: transl_table, Value: ['11']

GF(CRISPR-associated endonuclease Cas2, 23613-23892 (1))
type: CDS
location: [456792:457803](+)
id: cds-WP_289267062.1
qualifiers:
    Key: Dbxref, Value: ['GenBank:WP_289267062.1']
    Key: ID, Value: ['cds-WP_289267062.1']
    Key: Name, Value: ['WP_289267062.1']
    Key: Parent, Value: ['gene-QWI75_RS02270']
    Key: gbkey, Value: ['CDS']
    Key: gene, Value: ['cas6']
    Key: inference, Value: ['COORDINATES: protein motif:HMM:NF021551.2']
    Key: locus_tag, Value: ['QWI75_RS02270']
    Key: phase, Value: ['0']
    Key: product, Value: ['CRISPR system precrRNA processing endoribonuclease RAMP protein Cas6']
    Key: protein_id, Value: ['WP_289267062.1']
    Key: source, Value: ['Protein Homology']
    Key: transl_table, Value: ['11']

GF(CRISPR system precrRNA processing endoribonuclease RAMP protein Cas6, 23888-24899 (1))
type: CDS
location: [457857:459381](-)
id: cds-WP_289267063.1
qualifiers:
    Key: Dbxref, Value: ['GenBank:WP_289267063.1']
    Key: ID, Value: ['cds-WP_289267063.1']
    Key: Name, Value: ['WP_289267063.1']
    Key: Parent, Value: ['gene-QWI75_RS02275']
    Key: gbkey, Value: ['CDS']
    Key: inference, Value: ['COORDINATES: protein motif:HMM:TIGR02037.1']
    Key: locus_tag, Value: ['QWI75_RS02275']
    Key: phase, Value: ['0']
    Key: product, Value: ['DegQ family serine endoprotease']
    Key: protein_id, Value: ['WP_289267063.1']
    Key: source, Value: ['Protein Homology']
    Key: transl_table, Value: ['11']

GF(DegQ family serine endoprotease, 24953-26477 (-1))
type: CDS
location: [459668:459914](-)
id: cds-WP_289267064.1
qualifiers:
    Key: Dbxref, Value: ['GenBank:WP_289267064.1']
    Key: ID, Value: ['cds-WP_289267064.1']
    Key: Name, Value: ['WP_289267064.1']
    Key: Ontology_term, Value: ['GO:0009432', 'GO:0030541', 'GO:0051290', 'GO:0008657', 'GO:0042803']
    Key: Parent, Value: ['gene-QWI75_RS02280']
    Key: gbkey, Value: ['CDS']
    Key: go_function, Value: ['DNA topoisomerase type II (double strand cut, ATP-hydrolyzing) inhibitor activity|0008657||IEA', 'protein homodimerization activity|0042803||IEA']
    Key: go_process, Value: ['SOS response|0009432||IEA', 'plasmid partitioning|0030541||IEA', 'protein heterotetramerization|0051290||IEA']
    Key: inference, Value: ['COORDINATES: protein motif:HMM:NF016876.2']
    Key: locus_tag, Value: ['QWI75_RS02280']
    Key: phase, Value: ['0']
    Key: product, Value: ['type II toxin-antitoxin system RelE/ParE family toxin']
    Key: protein_id, Value: ['WP_289267064.1']
    Key: source, Value: ['Protein Homology']
    Key: transl_table, Value: ['11']

GF(type II toxin-antitoxin system RelE/ParE family toxin, 26764-27010 (-1))
type: CDS
location: [459910:460093](-)
id: cds-WP_289267065.1
qualifiers:
    Key: Dbxref, Value: ['GenBank:WP_289267065.1']
    Key: ID, Value: ['cds-WP_289267065.1']
    Key: Name, Value: ['WP_289267065.1']
    Key: Parent, Value: ['gene-QWI75_RS02285']
    Key: gbkey, Value: ['CDS']
    Key: inference, Value: ['COORDINATES: ab initio prediction:GeneMarkS-2+']
    Key: locus_tag, Value: ['QWI75_RS02285']
    Key: phase, Value: ['0']
    Key: product, Value: ['hypothetical protein']
    Key: protein_id, Value: ['WP_289267065.1']
    Key: source, Value: ['GeneMarkS-2+']
    Key: transl_table, Value: ['11']

GF(None, 27006-27189 (-1))
type: CDS
location: [460246:461647](-)
id: cds-WP_289267066.1
qualifiers:
    Key: Dbxref, Value: ['GenBank:WP_289267066.1']
    Key: ID, Value: ['cds-WP_289267066.1']
    Key: Name, Value: ['WP_289267066.1']
    Key: Ontology_term, Value: ['GO:0000160', 'GO:0016310', 'GO:0000155', 'GO:0004673', 'GO:0016772', 'GO:0016020']
    Key: Parent, Value: ['gene-QWI75_RS02290']
    Key: gbkey, Value: ['CDS']
    Key: go_component, Value: ['membrane|0016020||IEA']
    Key: go_function, Value: ['phosphorelay sensor kinase activity|0000155||IEA', 'protein histidine kinase activity|0004673||IEA', 'transferase activity, transferring phosphorus-containing groups|0016772||IEA']
    Key: go_process, Value: ['phosphorelay signal transduction system|0000160||IEA', 'phosphorylation|0016310||IEA']
    Key: inference, Value: ['COORDINATES: protein motif:HMM:TIGR01386.1']
    Key: locus_tag, Value: ['QWI75_RS02290']
    Key: phase, Value: ['0']
    Key: product, Value: ['heavy metal sensor histidine kinase']
    Key: protein_id, Value: ['WP_289267066.1']
    Key: source, Value: ['Protein Homology']
    Key: transl_table, Value: ['11']

GF(heavy metal sensor histidine kinase, 27342-28743 (-1))
type: repeat_region
location: [449453:452929](+)
id: NZ_OX365700.1_1
qualifiers:
    Key: Dbxref, Value: ['SO:0001459']
    Key: ID, Value: ['NZ_OX365700.1_1']
    Key: Note, Value: ['GTGGGAACCTCGACCTGAAGAAGAAGGGATTAAGAC']
    Key: Ontology_term, Value: ['CRISPR']
    Key: score, Value: ['3476']
    Key: source, Value: ['CCTyper']

GF(Repeat region, 16549-20025 (0))
graphic feature from known effectors: GF(csx1, 20321-21574 (1))
[GF(gamma carbonic anhydrase family protein, 694-1231 (-1)), GF(30S ribosomal protein S12 methylthiotransferase RimO, 1334-2891 (1)), GF(formyltetrahydrofolate deformylase, 2984-3848 (1)), GF(CRISPR-associated ring nuclease Csm6, 3999-5121 (1)), GF(None, 5229-5541 (1)), GF(None, 5721-6768 (1)), GF(type III-B CRISPR-associated protein Cas10/Cmr2, 6771-9840 (1)), GF(type III-B CRISPR module-associated protein Cmr3, 9857-11039 (1)), GF(type II toxin-antitoxin system VapC family toxin, 11044-11437 (-1)), GF(type II toxin-antitoxin system Phd/YefM family antitoxin, 11433-11718 (-1)), GF(type III-B CRISPR module RAMP protein Cmr4, 11735-12692 (1)), GF(type III-B CRISPR module-associated protein Cmr5, 12692-13079 (1)), GF(type III-B CRISPR module RAMP protein Cmr6, 13080-14454 (1)), GF(type II toxin-antitoxin system prevent-host-death family antitoxin, 14500-14770 (1)), GF(type II toxin-antitoxin system VapC family toxin, 14766-15201 (1)), GF(DUF1887 family CARF protein, 15284-16442 (1)), GF(TIGR02710 family CRISPR-associated CARF protein, 20320-21574 (1)), GF(CRISPR-associated endonuclease Cas2, 21606-21885 (1)), GF(CRISPR-associated endonuclease Cas1, 21893-22883 (1)), GF(CRISPR-associated endonuclease Cas1, 22830-23610 (1)), GF(CRISPR-associated endonuclease Cas2, 23613-23892 (1)), GF(CRISPR system precrRNA processing endoribonuclease RAMP protein Cas6, 23888-24899 (1)), GF(DegQ family serine endoprotease, 24953-26477 (-1)), GF(type II toxin-antitoxin system RelE/ParE family toxin, 26764-27010 (-1)), GF(None, 27006-27189 (-1)), GF(heavy metal sensor histidine kinase, 27342-28743 (-1)), GF(Repeat region, 16549-20025 (0)), GF(csx1, 20321-21574 (1)), GF(CRISPR-Cas locus, 4000-24899 (0))]
