Cas operons file:    Unnamed: 0         Contig  ...           locus_id           sample
0           0  NZ_CP075171.1  ...  GCF_021379005.1_0  GCF_021379005.1

[1 rows x 19 columns]
The chosen contig: NZ_CP075171.1
type: CDS
location: [1395456:1396017](-)
id: cds-WP_233747812.1
qualifiers:
    Key: Dbxref, Value: ['GenBank:WP_233747812.1']
    Key: ID, Value: ['cds-WP_233747812.1']
    Key: Name, Value: ['WP_233747812.1']
    Key: Parent, Value: ['gene-KIK02_RS06530']
    Key: gbkey, Value: ['CDS']
    Key: inference, Value: ['COORDINATES: similar to AA sequence:RefSeq:WP_015111094.1']
    Key: locus_tag, Value: ['KIK02_RS06530']
    Key: phase, Value: ['0']
    Key: product, Value: ['peroxiredoxin']
    Key: protein_id, Value: ['WP_233747812.1']
    Key: source, Value: ['Protein Homology']
    Key: transl_table, Value: ['11']

GF(peroxiredoxin, 960-1521 (-1))
type: CDS
location: [1396264:1396675](+)
id: cds-WP_233748856.1
qualifiers:
    Key: Dbxref, Value: ['GenBank:WP_233748856.1']
    Key: ID, Value: ['cds-WP_233748856.1']
    Key: Name, Value: ['WP_233748856.1']
    Key: Ontology_term, Value: ['GO:0006355', 'GO:0003700']
    Key: Parent, Value: ['gene-KIK02_RS06535']
    Key: gbkey, Value: ['CDS']
    Key: go_function, Value: ['DNA-binding transcription factor activity|0003700||IEA']
    Key: go_process, Value: ['regulation of DNA-templated transcription|0006355||IEA']
    Key: inference, Value: ['COORDINATES: similar to AA sequence:RefSeq:WP_006457425.1']
    Key: locus_tag, Value: ['KIK02_RS06535']
    Key: phase, Value: ['0']
    Key: product, Value: ['Fur family transcriptional regulator']
    Key: protein_id, Value: ['WP_233748856.1']
    Key: source, Value: ['Protein Homology']
    Key: transl_table, Value: ['11']

GF(Fur family transcriptional regulator, 1768-2179 (1))
type: CDS
location: [1396875:1398264](-)
id: cds-WP_233747813.1
qualifiers:
    Key: Dbxref, Value: ['GenBank:WP_233747813.1']
    Key: ID, Value: ['cds-WP_233747813.1']
    Key: Name, Value: ['WP_233747813.1']
    Key: Ontology_term, Value: ['GO:0009228', 'GO:0003824']
    Key: Parent, Value: ['gene-KIK02_RS06540']
    Key: gbkey, Value: ['CDS']
    Key: gene, Value: ['thiC']
    Key: go_function, Value: ['catalytic activity|0003824||IEA']
    Key: go_process, Value: ['thiamine biosynthetic process|0009228||IEA']
    Key: inference, Value: ['COORDINATES: similar to AA sequence:RefSeq:WP_015218154.1']
    Key: locus_tag, Value: ['KIK02_RS06540']
    Key: phase, Value: ['0']
    Key: product, Value: ['phosphomethylpyrimidine synthase']
    Key: protein_id, Value: ['WP_233747813.1']
    Key: source, Value: ['Protein Homology']
    Key: transl_table, Value: ['11']

GF(phosphomethylpyrimidine synthase, 2379-3768 (-1))
type: CDS
location: [1398495:1399608](-)
id: cds-WP_315874443.1
qualifiers:
    Key: Dbxref, Value: ['GenBank:WP_315874443.1']
    Key: ID, Value: ['cds-WP_315874443.1']
    Key: Name, Value: ['WP_315874443.1']
    Key: Ontology_term, Value: ['GO:0003676']
    Key: Parent, Value: ['gene-KIK02_RS06545']
    Key: gbkey, Value: ['CDS']
    Key: go_function, Value: ['nucleic acid binding|0003676||IEA']
    Key: inference, Value: ['COORDINATES: similar to AA sequence:RefSeq:WP_015191737.1']
    Key: locus_tag, Value: ['KIK02_RS06545']
    Key: phase, Value: ['0']
    Key: product, Value: ['WYL domain-containing protein']
    Key: protein_id, Value: ['WP_315874443.1']
    Key: source, Value: ['Protein Homology']
    Key: transl_table, Value: ['11']

GF(WYL domain-containing protein, 3999-5112 (-1))
type: CDS
location: [1399854:1402950](+)
id: cds-WP_315874444.1
qualifiers:
    Key: Dbxref, Value: ['GenBank:WP_315874444.1']
    Key: ID, Value: ['cds-WP_315874444.1']
    Key: Name, Value: ['WP_315874444.1']
    Key: Ontology_term, Value: ['GO:0043571', 'GO:0003674']
    Key: Parent, Value: ['gene-KIK02_RS06550']
    Key: gbkey, Value: ['CDS']
    Key: gene, Value: ['cas10']
    Key: go_function, Value: ['molecular_function|0003674||IEA']
    Key: go_process, Value: ['maintenance of CRISPR repeat elements|0043571||IEA']
    Key: inference, Value: ['COORDINATES: similar to AA sequence:RefSeq:WP_002773403.1']
    Key: locus_tag, Value: ['KIK02_RS06550']
    Key: phase, Value: ['0']
    Key: product, Value: ['type III-B CRISPR-associated protein Cas10/Cmr2']
    Key: protein_id, Value: ['WP_315874444.1']
    Key: source, Value: ['Protein Homology']
    Key: transl_table, Value: ['11']

GF(type III-B CRISPR-associated protein Cas10/Cmr2, 5358-8454 (1))
type: CDS
location: [1402951:1403596](+)
id: cds-WP_233747816.1
qualifiers:
    Key: Dbxref, Value: ['GenBank:WP_233747816.1']
    Key: ID, Value: ['cds-WP_233747816.1']
    Key: Name, Value: ['WP_233747816.1']
    Key: Ontology_term, Value: ['GO:0003676', 'GO:0004519']
    Key: Parent, Value: ['gene-KIK02_RS06555']
    Key: gbkey, Value: ['CDS']
    Key: go_function, Value: ['nucleic acid binding|0003676||IEA', 'endonuclease activity|0004519||IEA']
    Key: inference, Value: ['COORDINATES: protein motif:HMM:NF017496.3']
    Key: locus_tag, Value: ['KIK02_RS06555']
    Key: phase, Value: ['0']
    Key: product, Value: ['Uma2 family endonuclease']
    Key: protein_id, Value: ['WP_233747816.1']
    Key: source, Value: ['Protein Homology']
    Key: transl_table, Value: ['11']

GF(Uma2 family endonuclease, 8455-9100 (1))
type: CDS
location: [1403592:1404792](+)
id: cds-WP_233747817.1
qualifiers:
    Key: Dbxref, Value: ['GenBank:WP_233747817.1']
    Key: ID, Value: ['cds-WP_233747817.1']
    Key: Name, Value: ['WP_233747817.1']
    Key: Parent, Value: ['gene-KIK02_RS06560']
    Key: gbkey, Value: ['CDS']
    Key: inference, Value: ['COORDINATES: similar to AA sequence:RefSeq:WP_009341758.1']
    Key: locus_tag, Value: ['KIK02_RS06560']
    Key: phase, Value: ['0']
    Key: product, Value: ['type III-B CRISPR module-associated Cmr3 family protein']
    Key: protein_id, Value: ['WP_233747817.1']
    Key: source, Value: ['Protein Homology']
    Key: transl_table, Value: ['11']

GF(type III-B CRISPR module-associated Cmr3 family protein, 9096-10296 (1))
type: CDS
location: [1404788:1404962](+)
id: cds-WP_233747818.1
qualifiers:
    Key: Dbxref, Value: ['GenBank:WP_233747818.1']
    Key: ID, Value: ['cds-WP_233747818.1']
    Key: Name, Value: ['WP_233747818.1']
    Key: Parent, Value: ['gene-KIK02_RS06565']
    Key: gbkey, Value: ['CDS']
    Key: inference, Value: ['COORDINATES: ab initio prediction:GeneMarkS-2+']
    Key: locus_tag, Value: ['KIK02_RS06565']
    Key: phase, Value: ['0']
    Key: product, Value: ['hypothetical protein']
    Key: protein_id, Value: ['WP_233747818.1']
    Key: source, Value: ['GeneMarkS-2+']
    Key: transl_table, Value: ['11']

GF(None, 10292-10466 (1))
type: CDS
location: [1405079:1405709](+)
id: cds-WP_233747819.1
qualifiers:
    Key: Dbxref, Value: ['GenBank:WP_233747819.1']
    Key: ID, Value: ['cds-WP_233747819.1']
    Key: Name, Value: ['WP_233747819.1']
    Key: Parent, Value: ['gene-KIK02_RS06570']
    Key: gbkey, Value: ['CDS']
    Key: inference, Value: ['COORDINATES: similar to AA sequence:RefSeq:WP_015213894.1']
    Key: locus_tag, Value: ['KIK02_RS06570']
    Key: phase, Value: ['0']
    Key: product, Value: ['hypothetical protein']
    Key: protein_id, Value: ['WP_233747819.1']
    Key: source, Value: ['Protein Homology']
    Key: transl_table, Value: ['11']

GF(None, 10583-11213 (1))
type: CDS
location: [1405988:1406906](+)
id: cds-WP_233747820.1
qualifiers:
    Key: Dbxref, Value: ['GenBank:WP_233747820.1']
    Key: ID, Value: ['cds-WP_233747820.1']
    Key: Name, Value: ['WP_233747820.1']
    Key: Ontology_term, Value: ['GO:0043571', 'GO:0003674']
    Key: Parent, Value: ['gene-KIK02_RS06575']
    Key: gbkey, Value: ['CDS']
    Key: gene, Value: ['cmr4']
    Key: go_function, Value: ['molecular_function|0003674||IEA']
    Key: go_process, Value: ['maintenance of CRISPR repeat elements|0043571||IEA']
    Key: inference, Value: ['COORDINATES: similar to AA sequence:RefSeq:WP_017317331.1']
    Key: locus_tag, Value: ['KIK02_RS06575']
    Key: phase, Value: ['0']
    Key: product, Value: ['type III-B CRISPR module RAMP protein Cmr4']
    Key: protein_id, Value: ['WP_233747820.1']
    Key: source, Value: ['Protein Homology']
    Key: transl_table, Value: ['11']

GF(type III-B CRISPR module RAMP protein Cmr4, 11492-12410 (1))
type: CDS
location: [1406898:1407297](+)
id: cds-WP_233747821.1
qualifiers:
    Key: Dbxref, Value: ['GenBank:WP_233747821.1']
    Key: ID, Value: ['cds-WP_233747821.1']
    Key: Name, Value: ['WP_233747821.1']
    Key: Parent, Value: ['gene-KIK02_RS06580']
    Key: gbkey, Value: ['CDS']
    Key: inference, Value: ['COORDINATES: similar to AA sequence:RefSeq:WP_016922815.1']
    Key: locus_tag, Value: ['KIK02_RS06580']
    Key: phase, Value: ['0']
    Key: product, Value: ['hypothetical protein']
    Key: protein_id, Value: ['WP_233747821.1']
    Key: source, Value: ['Protein Homology']
    Key: transl_table, Value: ['11']

GF(None, 12402-12801 (1))
type: CDS
location: [1407293:1409306](+)
id: cds-WP_233747822.1
qualifiers:
    Key: Dbxref, Value: ['GenBank:WP_233747822.1']
    Key: ID, Value: ['cds-WP_233747822.1']
    Key: Name, Value: ['WP_233747822.1']
    Key: Parent, Value: ['gene-KIK02_RS06585']
    Key: gbkey, Value: ['CDS']
    Key: inference, Value: ['COORDINATES: similar to AA sequence:RefSeq:WP_009458933.1']
    Key: locus_tag, Value: ['KIK02_RS06585']
    Key: phase, Value: ['0']
    Key: product, Value: ['RAMP superfamily CRISPR-associated protein']
    Key: protein_id, Value: ['WP_233747822.1']
    Key: source, Value: ['Protein Homology']
    Key: transl_table, Value: ['11']

GF(RAMP superfamily CRISPR-associated protein, 12797-14810 (1))
type: CDS
location: [1409551:1409983](+)
id: cds-WP_233747823.1
qualifiers:
    Key: Dbxref, Value: ['GenBank:WP_233747823.1']
    Key: ID, Value: ['cds-WP_233747823.1']
    Key: Name, Value: ['WP_233747823.1']
    Key: Ontology_term, Value: ['GO:0004803']
    Key: Parent, Value: ['gene-KIK02_RS06590']
    Key: gbkey, Value: ['CDS']
    Key: gene, Value: ['tnpA']
    Key: go_function, Value: ['transposase activity|0004803||IEA']
    Key: inference, Value: ['COORDINATES: similar to AA sequence:RefSeq:WP_007355574.1']
    Key: locus_tag, Value: ['KIK02_RS06590']
    Key: phase, Value: ['0']
    Key: product, Value: ['IS200/IS605 family transposase']
    Key: protein_id, Value: ['WP_233747823.1']
    Key: source, Value: ['Protein Homology']
    Key: transl_table, Value: ['11']

GF(IS200/IS605 family transposase, 15055-15487 (1))
type: CDS
location: [1410235:1410754](+)
id: cds-WP_233747824.1
qualifiers:
    Key: Dbxref, Value: ['GenBank:WP_233747824.1']
    Key: ID, Value: ['cds-WP_233747824.1']
    Key: Name, Value: ['WP_233747824.1']
    Key: Parent, Value: ['gene-KIK02_RS06595']
    Key: gbkey, Value: ['CDS']
    Key: inference, Value: ['COORDINATES: ab initio prediction:GeneMarkS-2+']
    Key: locus_tag, Value: ['KIK02_RS06595']
    Key: phase, Value: ['0']
    Key: product, Value: ['hypothetical protein']
    Key: protein_id, Value: ['WP_233747824.1']
    Key: source, Value: ['GeneMarkS-2+']
    Key: transl_table, Value: ['11']

GF(None, 15739-16258 (1))
type: CDS
location: [1410866:1411364](+)
id: cds-WP_233747825.1
qualifiers:
    Key: Dbxref, Value: ['GenBank:WP_233747825.1']
    Key: ID, Value: ['cds-WP_233747825.1']
    Key: Name, Value: ['WP_233747825.1']
    Key: Parent, Value: ['gene-KIK02_RS06600']
    Key: gbkey, Value: ['CDS']
    Key: inference, Value: ['COORDINATES: ab initio prediction:GeneMarkS-2+']
    Key: locus_tag, Value: ['KIK02_RS06600']
    Key: phase, Value: ['0']
    Key: product, Value: ['hypothetical protein']
    Key: protein_id, Value: ['WP_233747825.1']
    Key: source, Value: ['GeneMarkS-2+']
    Key: transl_table, Value: ['11']

GF(None, 16370-16868 (1))
type: CDS
location: [1411446:1411881](+)
id: cds-WP_233747826.1
qualifiers:
    Key: Dbxref, Value: ['GenBank:WP_233747826.1']
    Key: ID, Value: ['cds-WP_233747826.1']
    Key: Name, Value: ['WP_233747826.1']
    Key: Parent, Value: ['gene-KIK02_RS06605']
    Key: gbkey, Value: ['CDS']
    Key: inference, Value: ['COORDINATES: ab initio prediction:GeneMarkS-2+']
    Key: locus_tag, Value: ['KIK02_RS06605']
    Key: phase, Value: ['0']
    Key: product, Value: ['hypothetical protein']
    Key: protein_id, Value: ['WP_233747826.1']
    Key: source, Value: ['GeneMarkS-2+']
    Key: transl_table, Value: ['11']

GF(None, 16950-17385 (1))
type: CDS
location: [1411968:1413009](-)
id: cds-WP_233745958.1-4
qualifiers:
    Key: Dbxref, Value: ['GenBank:WP_233745958.1']
    Key: ID, Value: ['cds-WP_233745958.1-4']
    Key: Name, Value: ['WP_233745958.1']
    Key: Ontology_term, Value: ['GO:0004803']
    Key: Parent, Value: ['gene-KIK02_RS06610']
    Key: gbkey, Value: ['CDS']
    Key: go_function, Value: ['transposase activity|0004803||IEA']
    Key: inference, Value: ['COORDINATES: similar to AA sequence:RefSeq:WP_019499011.1']
    Key: locus_tag, Value: ['KIK02_RS06610']
    Key: phase, Value: ['0']
    Key: product, Value: ['IS630 family transposase']
    Key: protein_id, Value: ['WP_233745958.1']
    Key: source, Value: ['Protein Homology']
    Key: transl_table, Value: ['11']

GF(IS630 family transposase, 17472-18513 (-1))
[GF(peroxiredoxin, 960-1521 (-1)), GF(Fur family transcriptional regulator, 1768-2179 (1)), GF(phosphomethylpyrimidine synthase, 2379-3768 (-1)), GF(WYL domain-containing protein, 3999-5112 (-1)), GF(type III-B CRISPR-associated protein Cas10/Cmr2, 5358-8454 (1)), GF(Uma2 family endonuclease, 8455-9100 (1)), GF(type III-B CRISPR module-associated Cmr3 family protein, 9096-10296 (1)), GF(None, 10292-10466 (1)), GF(None, 10583-11213 (1)), GF(type III-B CRISPR module RAMP protein Cmr4, 11492-12410 (1)), GF(None, 12402-12801 (1)), GF(RAMP superfamily CRISPR-associated protein, 12797-14810 (1)), GF(IS200/IS605 family transposase, 15055-15487 (1)), GF(None, 15739-16258 (1)), GF(None, 16370-16868 (1)), GF(None, 16950-17385 (1)), GF(IS630 family transposase, 17472-18513 (-1)), GF(CRISPR-Cas locus, 4000-14810 (0))]
