Cas operons file:    Unnamed: 0         Contig  ...           locus_id           sample
0           1  NZ_CP071446.1  ...  GCF_017358165.1_1  GCF_017358165.1

[1 rows x 19 columns]
The chosen contig: NZ_CP071446.1
type: CDS
location: [215388:216183](-)
id: cds-WP_207566888.1
qualifiers:
    Key: Dbxref, Value: ['GenBank:WP_207566888.1']
    Key: ID, Value: ['cds-WP_207566888.1']
    Key: Name, Value: ['WP_207566888.1']
    Key: Ontology_term, Value: ['GO:0004040']
    Key: Parent, Value: ['gene-JYK00_RS01095']
    Key: gbkey, Value: ['CDS']
    Key: go_function, Value: ['amidase activity|0004040||IEA']
    Key: inference, Value: ['COORDINATES: similar to AA sequence:RefSeq:WP_012057546.1']
    Key: locus_tag, Value: ['JYK00_RS01095']
    Key: phase, Value: ['0']
    Key: product, Value: ['glucosaminidase domain-containing protein']
    Key: protein_id, Value: ['WP_207566888.1']
    Key: source, Value: ['Protein Homology']
    Key: transl_table, Value: ['11']

GF(glucosaminidase domain-containing protein, 1301-2096 (-1))
type: CDS
location: [216304:216763](-)
id: cds-WP_207566889.1
qualifiers:
    Key: Dbxref, Value: ['GenBank:WP_207566889.1']
    Key: ID, Value: ['cds-WP_207566889.1']
    Key: Name, Value: ['WP_207566889.1']
    Key: Parent, Value: ['gene-JYK00_RS01100']
    Key: gbkey, Value: ['CDS']
    Key: inference, Value: ['COORDINATES: similar to AA sequence:RefSeq:WP_014451323.1']
    Key: locus_tag, Value: ['JYK00_RS01100']
    Key: phase, Value: ['0']
    Key: product, Value: ['peroxiredoxin']
    Key: protein_id, Value: ['WP_207566889.1']
    Key: source, Value: ['Protein Homology']
    Key: transl_table, Value: ['11']

GF(peroxiredoxin, 2217-2676 (-1))
type: CDS
location: [217821:217947](-)
id: cds-WP_266097022.1
qualifiers:
    Key: Dbxref, Value: ['GenBank:WP_266097022.1']
    Key: ID, Value: ['cds-WP_266097022.1']
    Key: Name, Value: ['WP_266097022.1']
    Key: Parent, Value: ['gene-JYK00_RS09810']
    Key: gbkey, Value: ['CDS']
    Key: inference, Value: ['COORDINATES: ab initio prediction:GeneMarkS-2+']
    Key: locus_tag, Value: ['JYK00_RS09810']
    Key: phase, Value: ['0']
    Key: product, Value: ['hypothetical protein']
    Key: protein_id, Value: ['WP_266097022.1']
    Key: source, Value: ['GeneMarkS-2+']
    Key: transl_table, Value: ['11']

GF(None, 3734-3860 (-1))
type: CDS
location: [218086:219145](+)
id: cds-WP_207566890.1
qualifiers:
    Key: Dbxref, Value: ['GenBank:WP_207566890.1']
    Key: ID, Value: ['cds-WP_207566890.1']
    Key: Name, Value: ['WP_207566890.1']
    Key: Ontology_term, Value: ['GO:0043571', 'GO:0003674']
    Key: Parent, Value: ['gene-JYK00_RS01110']
    Key: gbkey, Value: ['CDS']
    Key: gene, Value: ['cmr1']
    Key: go_function, Value: ['molecular_function|0003674||IEA']
    Key: go_process, Value: ['maintenance of CRISPR repeat elements|0043571||IEA']
    Key: inference, Value: ['COORDINATES: protein motif:HMM:NF015728.4']
    Key: locus_tag, Value: ['JYK00_RS01110']
    Key: phase, Value: ['0']
    Key: product, Value: ['type III-B CRISPR module RAMP protein Cmr1']
    Key: protein_id, Value: ['WP_207566890.1']
    Key: source, Value: ['Protein Homology']
    Key: transl_table, Value: ['11']

GF(type III-B CRISPR module RAMP protein Cmr1, 3999-5058 (1))
type: CDS
location: [219141:220419](+)
id: cds-WP_207566891.1
qualifiers:
    Key: Dbxref, Value: ['GenBank:WP_207566891.1']
    Key: ID, Value: ['cds-WP_207566891.1']
    Key: Name, Value: ['WP_207566891.1']
    Key: Parent, Value: ['gene-JYK00_RS01115']
    Key: gbkey, Value: ['CDS']
    Key: inference, Value: ['COORDINATES: similar to AA sequence:RefSeq:WP_007545729.1']
    Key: locus_tag, Value: ['JYK00_RS01115']
    Key: phase, Value: ['0']
    Key: product, Value: ['RAMP superfamily CRISPR-associated protein']
    Key: protein_id, Value: ['WP_207566891.1']
    Key: source, Value: ['Protein Homology']
    Key: transl_table, Value: ['11']

GF(RAMP superfamily CRISPR-associated protein, 5054-6332 (1))
type: CDS
location: [220406:224045](+)
id: cds-WP_207566892.1
qualifiers:
    Key: Dbxref, Value: ['GenBank:WP_207566892.1']
    Key: ID, Value: ['cds-WP_207566892.1']
    Key: Name, Value: ['WP_207566892.1']
    Key: Ontology_term, Value: ['GO:0043571', 'GO:0003674', 'GO:0005575']
    Key: Parent, Value: ['gene-JYK00_RS01120']
    Key: gbkey, Value: ['CDS']
    Key: go_component, Value: ['cellular_component|0005575||IEA']
    Key: go_function, Value: ['molecular_function|0003674||IEA']
    Key: go_process, Value: ['maintenance of CRISPR repeat elements|0043571||IEA']
    Key: inference, Value: ['COORDINATES: protein motif:HMM:TIGR02682.1']
    Key: locus_tag, Value: ['JYK00_RS01120']
    Key: phase, Value: ['0']
    Key: product, Value: ['CRISPR-associated protein Csx11']
    Key: protein_id, Value: ['WP_207566892.1']
    Key: source, Value: ['Protein Homology']
    Key: transl_table, Value: ['11']

GF(CRISPR-associated protein Csx11, 6319-9958 (1))
type: CDS
location: [224096:225227](+)
id: cds-WP_207566893.1
qualifiers:
    Key: Dbxref, Value: ['GenBank:WP_207566893.1']
    Key: ID, Value: ['cds-WP_207566893.1']
    Key: Name, Value: ['WP_207566893.1']
    Key: Parent, Value: ['gene-JYK00_RS01125']
    Key: gbkey, Value: ['CDS']
    Key: inference, Value: ['COORDINATES: similar to AA sequence:RefSeq:WP_012579836.1']
    Key: locus_tag, Value: ['JYK00_RS01125']
    Key: phase, Value: ['0']
    Key: product, Value: ['RAMP superfamily CRISPR-associated protein']
    Key: protein_id, Value: ['WP_207566893.1']
    Key: source, Value: ['Protein Homology']
    Key: transl_table, Value: ['11']

GF(RAMP superfamily CRISPR-associated protein, 10009-11140 (1))
type: CDS
location: [225226:225604](+)
id: cds-WP_207566894.1
qualifiers:
    Key: Dbxref, Value: ['GenBank:WP_207566894.1']
    Key: ID, Value: ['cds-WP_207566894.1']
    Key: Name, Value: ['WP_207566894.1']
    Key: Parent, Value: ['gene-JYK00_RS01130']
    Key: gbkey, Value: ['CDS']
    Key: inference, Value: ['COORDINATES: ab initio prediction:GeneMarkS-2+']
    Key: locus_tag, Value: ['JYK00_RS01130']
    Key: phase, Value: ['0']
    Key: product, Value: ['hypothetical protein']
    Key: protein_id, Value: ['WP_207566894.1']
    Key: source, Value: ['GeneMarkS-2+']
    Key: transl_table, Value: ['11']

GF(None, 11139-11517 (1))
type: CDS
location: [225603:226449](+)
id: cds-WP_207566895.1
qualifiers:
    Key: Dbxref, Value: ['GenBank:WP_207566895.1']
    Key: ID, Value: ['cds-WP_207566895.1']
    Key: Name, Value: ['WP_207566895.1']
    Key: Parent, Value: ['gene-JYK00_RS01135']
    Key: gbkey, Value: ['CDS']
    Key: inference, Value: ['COORDINATES: ab initio prediction:GeneMarkS-2+']
    Key: locus_tag, Value: ['JYK00_RS01135']
    Key: phase, Value: ['0']
    Key: product, Value: ['hypothetical protein']
    Key: protein_id, Value: ['WP_207566895.1']
    Key: source, Value: ['GeneMarkS-2+']
    Key: transl_table, Value: ['11']

GF(None, 11516-12362 (1))
type: CDS
location: [226564:227191](-)
id: cds-WP_207566896.1
qualifiers:
    Key: Dbxref, Value: ['GenBank:WP_207566896.1']
    Key: ID, Value: ['cds-WP_207566896.1']
    Key: Name, Value: ['WP_207566896.1']
    Key: Parent, Value: ['gene-JYK00_RS01140']
    Key: gbkey, Value: ['CDS']
    Key: inference, Value: ['COORDINATES: protein motif:HMM:NF026048.4']
    Key: locus_tag, Value: ['JYK00_RS01140']
    Key: phase, Value: ['0']
    Key: product, Value: ['4Fe-4S binding protein']
    Key: protein_id, Value: ['WP_207566896.1']
    Key: source, Value: ['Protein Homology']
    Key: transl_table, Value: ['11']

GF(4Fe-4S binding protein, 12477-13104 (-1))
type: CDS
location: [227364:227553](+)
id: cds-WP_207566897.1
qualifiers:
    Key: Dbxref, Value: ['GenBank:WP_207566897.1']
    Key: ID, Value: ['cds-WP_207566897.1']
    Key: Name, Value: ['WP_207566897.1']
    Key: Parent, Value: ['gene-JYK00_RS01145']
    Key: gbkey, Value: ['CDS']
    Key: inference, Value: ['COORDINATES: ab initio prediction:GeneMarkS-2+']
    Key: locus_tag, Value: ['JYK00_RS01145']
    Key: phase, Value: ['0']
    Key: product, Value: ['hypothetical protein']
    Key: protein_id, Value: ['WP_207566897.1']
    Key: source, Value: ['GeneMarkS-2+']
    Key: transl_table, Value: ['11']

GF(None, 13277-13466 (1))
type: CDS
location: [228211:229549](+)
id: cds-WP_207566898.1
qualifiers:
    Key: Dbxref, Value: ['GenBank:WP_207566898.1']
    Key: ID, Value: ['cds-WP_207566898.1']
    Key: Name, Value: ['WP_207566898.1']
    Key: Ontology_term, Value: ['GO:0055085', 'GO:0022857']
    Key: Parent, Value: ['gene-JYK00_RS01150']
    Key: gbkey, Value: ['CDS']
    Key: go_function, Value: ['transmembrane transporter activity|0022857||IEA']
    Key: go_process, Value: ['transmembrane transport|0055085||IEA']
    Key: inference, Value: ['COORDINATES: similar to AA sequence:RefSeq:WP_013932661.1']
    Key: locus_tag, Value: ['JYK00_RS01150']
    Key: phase, Value: ['0']
    Key: product, Value: ['GntP family permease']
    Key: protein_id, Value: ['WP_207566898.1']
    Key: source, Value: ['Protein Homology']
    Key: transl_table, Value: ['11']

GF(GntP family permease, 14124-15462 (1))
graphic feature from cctyper protein table: GF(Cmr1, 4000-5058 (1))
graphic feature from cctyper protein table: GF(Cmr6gr7, 5055-6332 (1))
graphic feature from cctyper protein table: GF(Cas10, 6320-9958 (1))
graphic feature from cctyper protein table: GF(Cmr4gr7, 10010-11140 (1))
graphic feature from cctyper protein table: GF(Cmr5gr11, 11140-11517 (1))
graphic feature from cctyper protein table: GF(Cmr3, 11517-12362 (1))
Index(['protein_id', 'start', 'end', 'effector', 'locus', 'sample', 'strand',
       'sequence'],
      dtype='object')
Index(['protein_id', 'start', 'end', 'effector', 'locus', 'sample', 'strand',
       'sequence'],
      dtype='object')
[GF(glucosaminidase domain-containing protein, 1301-2096 (-1)), GF(peroxiredoxin, 2217-2676 (-1)), GF(None, 3734-3860 (-1)), GF(type III-B CRISPR module RAMP protein Cmr1, 3999-5058 (1)), GF(RAMP superfamily CRISPR-associated protein, 5054-6332 (1)), GF(CRISPR-associated protein Csx11, 6319-9958 (1)), GF(RAMP superfamily CRISPR-associated protein, 10009-11140 (1)), GF(None, 11139-11517 (1)), GF(None, 11516-12362 (1)), GF(4Fe-4S binding protein, 12477-13104 (-1)), GF(None, 13277-13466 (1)), GF(GntP family permease, 14124-15462 (1)), GF(Cmr1, 4000-5058 (1)), GF(Cmr6gr7, 5055-6332 (1)), GF(Cas10, 6320-9958 (1)), GF(Cmr4gr7, 10010-11140 (1)), GF(Cmr5gr11, 11140-11517 (1)), GF(Cmr3, 11517-12362 (1)), GF(CRISPR-Cas locus, 4000-12362 (0))]
