Cas operons file:    Unnamed: 0         Contig  ...           locus_id           sample
0           3  NZ_CP121471.1  ...  GCF_033954835.1_3  GCF_033954835.1

[1 rows x 19 columns]
The chosen contig: NZ_CP121471.1
type: CDS
location: [3510457:3510742](-)
id: cds-WP_009146645.1
qualifiers:
    Key: Dbxref, Value: ['GenBank:WP_009146645.1']
    Key: ID, Value: ['cds-WP_009146645.1']
    Key: Name, Value: ['WP_009146645.1']
    Key: Ontology_term, Value: ['GO:0043571', 'GO:0004521']
    Key: Parent, Value: ['gene-Thiofri_RS15990']
    Key: gbkey, Value: ['CDS']
    Key: gene, Value: ['cas2']
    Key: go_function, Value: ['RNA endonuclease activity|0004521||IEA']
    Key: go_process, Value: ['maintenance of CRISPR repeat elements|0043571||IEA']
    Key: inference, Value: ['COORDINATES: protein motif:HMM:TIGR01573.1']
    Key: locus_tag, Value: ['Thiofri_RS15990']
    Key: phase, Value: ['0']
    Key: product, Value: ['CRISPR-associated endonuclease Cas2']
    Key: protein_id, Value: ['WP_009146645.1']
    Key: source, Value: ['Protein Homology']
    Key: transl_table, Value: ['11']

GF(CRISPR-associated endonuclease Cas2, 3999-4284 (-1))
type: CDS
location: [3511876:3514003](-)
id: cds-WP_190275748.1
qualifiers:
    Key: Dbxref, Value: ['GenBank:WP_190275748.1']
    Key: ID, Value: ['cds-WP_190275748.1']
    Key: Name, Value: ['WP_190275748.1']
    Key: Ontology_term, Value: ['GO:0043571', 'GO:0004520', 'GO:0046872']
    Key: Parent, Value: ['gene-Thiofri_RS15995']
    Key: gbkey, Value: ['CDS']
    Key: gene, Value: ['cas1']
    Key: go_function, Value: ['DNA endonuclease activity|0004520||IEA', 'metal ion binding|0046872||IEA']
    Key: go_process, Value: ['maintenance of CRISPR repeat elements|0043571||IEA']
    Key: inference, Value: ['COORDINATES: protein motif:HMM:TIGR00287.1']
    Key: locus_tag, Value: ['Thiofri_RS15995']
    Key: phase, Value: ['0']
    Key: product, Value: ['CRISPR-associated endonuclease Cas1']
    Key: protein_id, Value: ['WP_190275748.1']
    Key: source, Value: ['Protein Homology']
    Key: transl_table, Value: ['11']

GF(CRISPR-associated endonuclease Cas1, 5418-7545 (-1))
type: CDS
location: [3514608:3518217](+)
id: cds-WP_009146648.1
qualifiers:
    Key: Dbxref, Value: ['GenBank:WP_009146648.1']
    Key: ID, Value: ['cds-WP_009146648.1']
    Key: Name, Value: ['WP_009146648.1']
    Key: Parent, Value: ['gene-Thiofri_RS16000']
    Key: gbkey, Value: ['CDS']
    Key: inference, Value: ['COORDINATES: protein motif:HMM:NF040095.3']
    Key: locus_tag, Value: ['Thiofri_RS16000']
    Key: phase, Value: ['0']
    Key: product, Value: ['phosphotransferase']
    Key: protein_id, Value: ['WP_009146648.1']
    Key: source, Value: ['Protein Homology']
    Key: transl_table, Value: ['11']

GF(phosphotransferase, 8150-11759 (1))
type: CDS
location: [3518213:3519080](+)
id: cds-WP_009146649.1
qualifiers:
    Key: Dbxref, Value: ['GenBank:WP_009146649.1']
    Key: ID, Value: ['cds-WP_009146649.1']
    Key: Name, Value: ['WP_009146649.1']
    Key: Ontology_term, Value: ['GO:0003824']
    Key: Parent, Value: ['gene-Thiofri_RS16005']
    Key: gbkey, Value: ['CDS']
    Key: go_function, Value: ['catalytic activity|0003824||IEA']
    Key: inference, Value: ['COORDINATES: protein motif:HMM:NF015338.4']
    Key: locus_tag, Value: ['Thiofri_RS16005']
    Key: phase, Value: ['0']
    Key: product, Value: ['endonuclease/exonuclease/phosphatase family protein']
    Key: protein_id, Value: ['WP_009146649.1']
    Key: source, Value: ['Protein Homology']
    Key: transl_table, Value: ['11']

GF(endonuclease/exonuclease/phosphatase family protein, 11755-12622 (1))
type: CDS
location: [3519076:3520729](+)
id: cds-WP_009146650.1
qualifiers:
    Key: Dbxref, Value: ['GenBank:WP_009146650.1']
    Key: ID, Value: ['cds-WP_009146650.1']
    Key: Name, Value: ['WP_009146650.1']
    Key: Parent, Value: ['gene-Thiofri_RS16010']
    Key: gbkey, Value: ['CDS']
    Key: inference, Value: ['COORDINATES: ab initio prediction:GeneMarkS-2+']
    Key: locus_tag, Value: ['Thiofri_RS16010']
    Key: phase, Value: ['0']
    Key: product, Value: ['hypothetical protein']
    Key: protein_id, Value: ['WP_009146650.1']
    Key: source, Value: ['GeneMarkS-2+']
    Key: transl_table, Value: ['11']

GF(None, 12618-14271 (1))
type: CDS
location: [3520712:3521291](+)
id: cds-WP_009146651.1
qualifiers:
    Key: Dbxref, Value: ['GenBank:WP_009146651.1']
    Key: ID, Value: ['cds-WP_009146651.1']
    Key: Name, Value: ['WP_009146651.1']
    Key: Parent, Value: ['gene-Thiofri_RS16015']
    Key: gbkey, Value: ['CDS']
    Key: inference, Value: ['COORDINATES: protein motif:HMM:NF015728.4']
    Key: locus_tag, Value: ['Thiofri_RS16015']
    Key: phase, Value: ['0']
    Key: product, Value: ['RAMP superfamily CRISPR-associated protein']
    Key: protein_id, Value: ['WP_009146651.1']
    Key: source, Value: ['Protein Homology']
    Key: transl_table, Value: ['11']

GF(RAMP superfamily CRISPR-associated protein, 14254-14833 (1))
type: CDS
location: [3521287:3522778](+)
id: cds-WP_009146652.1
qualifiers:
    Key: Dbxref, Value: ['GenBank:WP_009146652.1']
    Key: ID, Value: ['cds-WP_009146652.1']
    Key: Name, Value: ['WP_009146652.1']
    Key: Parent, Value: ['gene-Thiofri_RS16020']
    Key: gbkey, Value: ['CDS']
    Key: inference, Value: ['COORDINATES: ab initio prediction:GeneMarkS-2+']
    Key: locus_tag, Value: ['Thiofri_RS16020']
    Key: phase, Value: ['0']
    Key: product, Value: ['hypothetical protein']
    Key: protein_id, Value: ['WP_009146652.1']
    Key: source, Value: ['GeneMarkS-2+']
    Key: transl_table, Value: ['11']

GF(None, 14829-16320 (1))
type: CDS
location: [3522774:3524184](+)
id: cds-WP_009146653.1
qualifiers:
    Key: Dbxref, Value: ['GenBank:WP_009146653.1']
    Key: ID, Value: ['cds-WP_009146653.1']
    Key: Name, Value: ['WP_009146653.1']
    Key: Parent, Value: ['gene-Thiofri_RS16025']
    Key: gbkey, Value: ['CDS']
    Key: inference, Value: ['COORDINATES: protein motif:HMM:NF015728.4']
    Key: locus_tag, Value: ['Thiofri_RS16025']
    Key: phase, Value: ['0']
    Key: product, Value: ['RAMP superfamily CRISPR-associated protein']
    Key: protein_id, Value: ['WP_009146653.1']
    Key: source, Value: ['Protein Homology']
    Key: transl_table, Value: ['11']

GF(RAMP superfamily CRISPR-associated protein, 16316-17726 (1))
type: CDS
location: [3524180:3524756](+)
id: cds-WP_009146654.1
qualifiers:
    Key: Dbxref, Value: ['GenBank:WP_009146654.1']
    Key: ID, Value: ['cds-WP_009146654.1']
    Key: Name, Value: ['WP_009146654.1']
    Key: Parent, Value: ['gene-Thiofri_RS16030']
    Key: gbkey, Value: ['CDS']
    Key: inference, Value: ['COORDINATES: ab initio prediction:GeneMarkS-2+']
    Key: locus_tag, Value: ['Thiofri_RS16030']
    Key: phase, Value: ['0']
    Key: product, Value: ['hypothetical protein']
    Key: protein_id, Value: ['WP_009146654.1']
    Key: source, Value: ['GeneMarkS-2+']
    Key: transl_table, Value: ['11']

GF(None, 17722-18298 (1))
type: CDS
location: [3524813:3526655](+)
id: cds-WP_009146655.1
qualifiers:
    Key: Dbxref, Value: ['GenBank:WP_009146655.1']
    Key: ID, Value: ['cds-WP_009146655.1']
    Key: Name, Value: ['WP_009146655.1']
    Key: Parent, Value: ['gene-Thiofri_RS16035']
    Key: gbkey, Value: ['CDS']
    Key: inference, Value: ['COORDINATES: protein motif:HMM:TIGR03986.1']
    Key: locus_tag, Value: ['Thiofri_RS16035']
    Key: phase, Value: ['0']
    Key: product, Value: ['TIGR03986 family CRISPR-associated RAMP protein']
    Key: protein_id, Value: ['WP_009146655.1']
    Key: source, Value: ['Protein Homology']
    Key: transl_table, Value: ['11']

GF(TIGR03986 family CRISPR-associated RAMP protein, 18355-20197 (1))
type: CDS
location: [3527185:3528460](-)
id: cds-WP_009147486.1-3
qualifiers:
    Key: Dbxref, Value: ['GenBank:WP_009147486.1']
    Key: ID, Value: ['cds-WP_009147486.1-3']
    Key: Name, Value: ['WP_009147486.1']
    Key: Ontology_term, Value: ['GO:0000373', 'GO:0003964']
    Key: Parent, Value: ['gene-Thiofri_RS16040']
    Key: gbkey, Value: ['CDS']
    Key: gene, Value: ['ltrA']
    Key: go_function, Value: ['RNA-directed DNA polymerase activity|0003964||IEA']
    Key: go_process, Value: ['Group II intron splicing|0000373||IEA']
    Key: inference, Value: ['COORDINATES: similar to AA sequence:RefSeq:WP_009148406.1']
    Key: locus_tag, Value: ['Thiofri_RS16040']
    Key: phase, Value: ['0']
    Key: product, Value: ['group II intron reverse transcriptase/maturase']
    Key: protein_id, Value: ['WP_009147486.1']
    Key: source, Value: ['Protein Homology']
    Key: transl_table, Value: ['11']

GF(group II intron reverse transcriptase/maturase, 20727-22002 (-1))
type: CDS
location: [3530504:3530663](+)
id: cds-WP_323705441.1
qualifiers:
    Key: Dbxref, Value: ['GenBank:WP_323705441.1']
    Key: ID, Value: ['cds-WP_323705441.1']
    Key: Name, Value: ['WP_323705441.1']
    Key: Parent, Value: ['gene-Thiofri_RS16045']
    Key: gbkey, Value: ['CDS']
    Key: inference, Value: ['COORDINATES: ab initio prediction:GeneMarkS-2+']
    Key: locus_tag, Value: ['Thiofri_RS16045']
    Key: phase, Value: ['0']
    Key: product, Value: ['hypothetical protein']
    Key: protein_id, Value: ['WP_323705441.1']
    Key: source, Value: ['GeneMarkS-2+']
    Key: transl_table, Value: ['11']

GF(None, 24046-24205 (1))
type: repeat_region
location: [3526771:3527069](+)
id: NZ_CP121471.1_4
qualifiers:
    Key: Dbxref, Value: ['SO:0001459']
    Key: ID, Value: ['NZ_CP121471.1_4']
    Key: Note, Value: ['GTCGCAACCCCGGCCGGGCTGTCCCTCTCGGGGAG']
    Key: Ontology_term, Value: ['CRISPR']
    Key: score, Value: ['298']
    Key: source, Value: ['CCTyper']

GF(Repeat region, 20313-20611 (0))
type: repeat_region
location: [3529191:3529559](+)
id: NZ_CP121471.1_5
qualifiers:
    Key: Dbxref, Value: ['SO:0001459']
    Key: ID, Value: ['NZ_CP121471.1_5']
    Key: Note, Value: ['GTCGCAACCCCGGCCGGGCTGTCCCTCTCGGGGAG']
    Key: Ontology_term, Value: ['CRISPR']
    Key: score, Value: ['368']
    Key: source, Value: ['CCTyper']

GF(Repeat region, 22733-23101 (0))
graphic feature from cctyper protein table: GF(Cas2, 4000-4284 (-1))
graphic feature from cctyper protein table: GF(Cas1, 5419-7545 (-1))
graphic feature from cctyper protein table: GF(Cas10, 12619-14271 (1))
graphic feature from cctyper protein table: GF(Csm3gr7, 14255-14833 (1))
graphic feature from cctyper protein table: GF(Csx10gr5, 14830-16320 (1))
graphic feature from cctyper protein table: GF(Csm3gr7, 16317-17726 (1))
graphic feature from cctyper protein table: GF(Csx19, 17723-18298 (1))
graphic feature from cctyper protein table: GF(Csm3gr7, 18356-20197 (1))
graphic feature from cctyper protein table: GF(RT, 20728-22002 (-1))
Index(['protein_id', 'start', 'end', 'effector', 'locus', 'sample', 'strand',
       'sequence'],
      dtype='object')
Index(['protein_id', 'start', 'end', 'effector', 'locus', 'sample', 'strand',
       'sequence'],
      dtype='object')
[GF(CRISPR-associated endonuclease Cas2, 3999-4284 (-1)), GF(CRISPR-associated endonuclease Cas1, 5418-7545 (-1)), GF(phosphotransferase, 8150-11759 (1)), GF(endonuclease/exonuclease/phosphatase family protein, 11755-12622 (1)), GF(None, 12618-14271 (1)), GF(RAMP superfamily CRISPR-associated protein, 14254-14833 (1)), GF(None, 14829-16320 (1)), GF(RAMP superfamily CRISPR-associated protein, 16316-17726 (1)), GF(None, 17722-18298 (1)), GF(TIGR03986 family CRISPR-associated RAMP protein, 18355-20197 (1)), GF(group II intron reverse transcriptase/maturase, 20727-22002 (-1)), GF(None, 24046-24205 (1)), GF(Repeat region, 20313-20611 (0)), GF(Repeat region, 22733-23101 (0)), GF(Cas2, 4000-4284 (-1)), GF(Cas1, 5419-7545 (-1)), GF(Cas10, 12619-14271 (1)), GF(Csm3gr7, 14255-14833 (1)), GF(Csx10gr5, 14830-16320 (1)), GF(Csm3gr7, 16317-17726 (1)), GF(Csx19, 17723-18298 (1)), GF(Csm3gr7, 18356-20197 (1)), GF(RT, 20728-22002 (-1)), GF(CRISPR-Cas locus, 4000-22002 (0))]
