Cas operons file:    Unnamed: 0         Contig  ...           locus_id           sample
0           1  NZ_CP066802.1  ...  GCF_016598775.1_1  GCF_016598775.1

[1 rows x 19 columns]
The chosen contig: NZ_CP066802.1
type: CDS
location: [425599:426100](-)
id: cds-WP_200276385.1
qualifiers:
    Key: Dbxref, Value: ['GenBank:WP_200276385.1']
    Key: ID, Value: ['cds-WP_200276385.1']
    Key: Name, Value: ['WP_200276385.1']
    Key: Parent, Value: ['gene-JG540_RS01765']
    Key: gbkey, Value: ['CDS']
    Key: inference, Value: ['COORDINATES: similar to AA sequence:RefSeq:WP_010614423.1']
    Key: locus_tag, Value: ['JG540_RS01765']
    Key: phase, Value: ['0']
    Key: product, Value: ['inorganic diphosphatase']
    Key: protein_id, Value: ['WP_200276385.1']
    Key: source, Value: ['Protein Homology']
    Key: transl_table, Value: ['11']

GF(inorganic diphosphatase, 283-784 (-1))
type: CDS
location: [426467:427853](+)
id: cds-WP_200276387.1
qualifiers:
    Key: Dbxref, Value: ['GenBank:WP_200276387.1']
    Key: ID, Value: ['cds-WP_200276387.1']
    Key: Name, Value: ['WP_200276387.1']
    Key: Ontology_term, Value: ['GO:0009252', 'GO:0004175', 'GO:0009002']
    Key: Parent, Value: ['gene-JG540_RS01770']
    Key: gbkey, Value: ['CDS']
    Key: gene, Value: ['dacB']
    Key: go_function, Value: ['endopeptidase activity|0004175||IEA', 'serine-type D-Ala-D-Ala carboxypeptidase activity|0009002||IEA']
    Key: go_process, Value: ['peptidoglycan biosynthetic process|0009252||IEA']
    Key: inference, Value: ['COORDINATES: similar to AA sequence:RefSeq:WP_005987179.1']
    Key: locus_tag, Value: ['JG540_RS01770']
    Key: phase, Value: ['0']
    Key: product, Value: ['D-alanyl-D-alanine carboxypeptidase/D-alanyl-D-alanine-endopeptidase']
    Key: protein_id, Value: ['WP_200276387.1']
    Key: source, Value: ['Protein Homology']
    Key: transl_table, Value: ['11']

GF(D-alanyl-D-alanine carboxypeptidase/D-alanyl-D-alanine-endopeptidase, 1151-2537 (1))
type: CDS
location: [427876:429148](+)
id: cds-WP_200276389.1
qualifiers:
    Key: Dbxref, Value: ['GenBank:WP_200276389.1']
    Key: ID, Value: ['cds-WP_200276389.1']
    Key: Name, Value: ['WP_200276389.1']
    Key: Parent, Value: ['gene-JG540_RS01775']
    Key: gbkey, Value: ['CDS']
    Key: inference, Value: ['COORDINATES: similar to AA sequence:RefSeq:WP_009406066.1']
    Key: locus_tag, Value: ['JG540_RS01775']
    Key: phase, Value: ['0']
    Key: product, Value: ['zinc-dependent metalloprotease']
    Key: protein_id, Value: ['WP_200276389.1']
    Key: source, Value: ['Protein Homology']
    Key: transl_table, Value: ['11']

GF(zinc-dependent metalloprotease, 2560-3832 (1))
type: CDS
location: [429315:430122](-)
id: cds-WP_200276391.1
qualifiers:
    Key: Dbxref, Value: ['GenBank:WP_200276391.1']
    Key: ID, Value: ['cds-WP_200276391.1']
    Key: Name, Value: ['WP_200276391.1']
    Key: Parent, Value: ['gene-JG540_RS01780']
    Key: gbkey, Value: ['CDS']
    Key: gene, Value: ['cas6']
    Key: inference, Value: ['COORDINATES: similar to AA sequence:RefSeq:WP_009234275.1']
    Key: locus_tag, Value: ['JG540_RS01780']
    Key: phase, Value: ['0']
    Key: product, Value: ['CRISPR system precrRNA processing endoribonuclease RAMP protein Cas6']
    Key: protein_id, Value: ['WP_200276391.1']
    Key: source, Value: ['Protein Homology']
    Key: transl_table, Value: ['11']

GF(CRISPR system precrRNA processing endoribonuclease RAMP protein Cas6, 3999-4806 (-1))
type: CDS
location: [431523:433674](+)
id: cds-WP_234042862.1
qualifiers:
    Key: Dbxref, Value: ['GenBank:WP_234042862.1']
    Key: ID, Value: ['cds-WP_234042862.1']
    Key: Name, Value: ['WP_234042862.1']
    Key: Ontology_term, Value: ['GO:0043571', 'GO:0004520', 'GO:0046872']
    Key: Parent, Value: ['gene-JG540_RS10245']
    Key: gbkey, Value: ['CDS']
    Key: gene, Value: ['cas1']
    Key: go_function, Value: ['DNA endonuclease activity|0004520||IEA', 'metal ion binding|0046872||IEA']
    Key: go_process, Value: ['maintenance of CRISPR repeat elements|0043571||IEA']
    Key: inference, Value: ['COORDINATES: protein motif:HMM:TIGR00287.1']
    Key: locus_tag, Value: ['JG540_RS10245']
    Key: phase, Value: ['0']
    Key: product, Value: ['CRISPR-associated endonuclease Cas1']
    Key: protein_id, Value: ['WP_234042862.1']
    Key: source, Value: ['Protein Homology']
    Key: transl_table, Value: ['11']

GF(CRISPR-associated endonuclease Cas1, 6207-8358 (1))
type: CDS
location: [433676:433952](+)
id: cds-WP_267977943.1
qualifiers:
    Key: Dbxref, Value: ['GenBank:WP_267977943.1']
    Key: ID, Value: ['cds-WP_267977943.1']
    Key: Name, Value: ['WP_267977943.1']
    Key: Ontology_term, Value: ['GO:0043571', 'GO:0004521']
    Key: Parent, Value: ['gene-JG540_RS01790']
    Key: gbkey, Value: ['CDS']
    Key: gene, Value: ['cas2']
    Key: go_function, Value: ['RNA endonuclease activity|0004521||IEA']
    Key: go_process, Value: ['maintenance of CRISPR repeat elements|0043571||IEA']
    Key: inference, Value: ['COORDINATES: similar to AA sequence:RefSeq:WP_005985301.1']
    Key: locus_tag, Value: ['JG540_RS01790']
    Key: phase, Value: ['0']
    Key: product, Value: ['CRISPR-associated endonuclease Cas2']
    Key: protein_id, Value: ['WP_267977943.1']
    Key: source, Value: ['Protein Homology']
    Key: transl_table, Value: ['11']

GF(CRISPR-associated endonuclease Cas2, 8360-8636 (1))
type: CDS
location: [437649:439782](-)
id: cds-WP_200276394.1
qualifiers:
    Key: Dbxref, Value: ['GenBank:WP_200276394.1']
    Key: ID, Value: ['cds-WP_200276394.1']
    Key: Name, Value: ['WP_200276394.1']
    Key: Parent, Value: ['gene-JG540_RS01795']
    Key: gbkey, Value: ['CDS']
    Key: inference, Value: ['COORDINATES: ab initio prediction:GeneMarkS-2+']
    Key: locus_tag, Value: ['JG540_RS01795']
    Key: phase, Value: ['0']
    Key: product, Value: ['RAMP superfamily CRISPR-associated protein']
    Key: protein_id, Value: ['WP_200276394.1']
    Key: source, Value: ['GeneMarkS-2+']
    Key: transl_table, Value: ['11']

GF(RAMP superfamily CRISPR-associated protein, 12333-14466 (-1))
type: CDS
location: [440159:440702](-)
id: cds-WP_200276397.1
qualifiers:
    Key: Dbxref, Value: ['GenBank:WP_200276397.1']
    Key: ID, Value: ['cds-WP_200276397.1']
    Key: Name, Value: ['WP_200276397.1']
    Key: Parent, Value: ['gene-JG540_RS01800']
    Key: gbkey, Value: ['CDS']
    Key: inference, Value: ['COORDINATES: ab initio prediction:GeneMarkS-2+']
    Key: locus_tag, Value: ['JG540_RS01800']
    Key: phase, Value: ['0']
    Key: product, Value: ['hypothetical protein']
    Key: protein_id, Value: ['WP_200276397.1']
    Key: source, Value: ['GeneMarkS-2+']
    Key: transl_table, Value: ['11']

GF(None, 14843-15386 (-1))
type: CDS
location: [440694:442488](-)
id: cds-WP_200276399.1
qualifiers:
    Key: Dbxref, Value: ['GenBank:WP_200276399.1']
    Key: ID, Value: ['cds-WP_200276399.1']
    Key: Name, Value: ['WP_200276399.1']
    Key: Parent, Value: ['gene-JG540_RS01805']
    Key: gbkey, Value: ['CDS']
    Key: inference, Value: ['COORDINATES: similar to AA sequence:RefSeq:WP_009405788.1']
    Key: locus_tag, Value: ['JG540_RS01805']
    Key: phase, Value: ['0']
    Key: product, Value: ['RAMP superfamily CRISPR-associated protein']
    Key: protein_id, Value: ['WP_200276399.1']
    Key: source, Value: ['Protein Homology']
    Key: transl_table, Value: ['11']

GF(RAMP superfamily CRISPR-associated protein, 15378-17172 (-1))
type: CDS
location: [442484:444545](-)
id: cds-WP_200276401.1
qualifiers:
    Key: Dbxref, Value: ['GenBank:WP_200276401.1']
    Key: ID, Value: ['cds-WP_200276401.1']
    Key: Name, Value: ['WP_200276401.1']
    Key: Parent, Value: ['gene-JG540_RS01810']
    Key: gbkey, Value: ['CDS']
    Key: inference, Value: ['COORDINATES: protein motif:HMM:NF021236.4']
    Key: locus_tag, Value: ['JG540_RS01810']
    Key: phase, Value: ['0']
    Key: product, Value: ['RAMP superfamily CRISPR-associated protein']
    Key: protein_id, Value: ['WP_200276401.1']
    Key: source, Value: ['Protein Homology']
    Key: transl_table, Value: ['11']

GF(RAMP superfamily CRISPR-associated protein, 17168-19229 (-1))
type: CDS
location: [444541:446572](-)
id: cds-WP_200276403.1
qualifiers:
    Key: Dbxref, Value: ['GenBank:WP_200276403.1']
    Key: ID, Value: ['cds-WP_200276403.1']
    Key: Name, Value: ['WP_200276403.1']
    Key: Parent, Value: ['gene-JG540_RS01815']
    Key: gbkey, Value: ['CDS']
    Key: inference, Value: ['COORDINATES: ab initio prediction:GeneMarkS-2+']
    Key: locus_tag, Value: ['JG540_RS01815']
    Key: phase, Value: ['0']
    Key: product, Value: ['hypothetical protein']
    Key: protein_id, Value: ['WP_200276403.1']
    Key: source, Value: ['GeneMarkS-2+']
    Key: transl_table, Value: ['11']

GF(None, 19225-21256 (-1))
type: CDS
location: [446760:449229](+)
id: cds-WP_200276405.1
qualifiers:
    Key: Dbxref, Value: ['GenBank:WP_200276405.1']
    Key: ID, Value: ['cds-WP_200276405.1']
    Key: Name, Value: ['WP_200276405.1']
    Key: Parent, Value: ['gene-JG540_RS01820']
    Key: gbkey, Value: ['CDS']
    Key: inference, Value: ['COORDINATES: ab initio prediction:GeneMarkS-2+']
    Key: locus_tag, Value: ['JG540_RS01820']
    Key: phase, Value: ['0']
    Key: product, Value: ['hypothetical protein']
    Key: protein_id, Value: ['WP_200276405.1']
    Key: source, Value: ['GeneMarkS-2+']
    Key: transl_table, Value: ['11']

GF(None, 21444-23913 (1))
type: CDS
location: [449250:449838](+)
id: cds-WP_200276407.1
qualifiers:
    Key: Dbxref, Value: ['GenBank:WP_200276407.1']
    Key: ID, Value: ['cds-WP_200276407.1']
    Key: Name, Value: ['WP_200276407.1']
    Key: Parent, Value: ['gene-JG540_RS01825']
    Key: gbkey, Value: ['CDS']
    Key: inference, Value: ['COORDINATES: ab initio prediction:GeneMarkS-2+']
    Key: locus_tag, Value: ['JG540_RS01825']
    Key: phase, Value: ['0']
    Key: product, Value: ['hypothetical protein']
    Key: protein_id, Value: ['WP_200276407.1']
    Key: source, Value: ['GeneMarkS-2+']
    Key: transl_table, Value: ['11']

GF(None, 23934-24522 (1))
type: CDS
location: [449842:451366](+)
id: cds-WP_200276409.1
qualifiers:
    Key: Dbxref, Value: ['GenBank:WP_200276409.1']
    Key: ID, Value: ['cds-WP_200276409.1']
    Key: Name, Value: ['WP_200276409.1']
    Key: Parent, Value: ['gene-JG540_RS01830']
    Key: gbkey, Value: ['CDS']
    Key: inference, Value: ['COORDINATES: ab initio prediction:GeneMarkS-2+']
    Key: locus_tag, Value: ['JG540_RS01830']
    Key: phase, Value: ['0']
    Key: product, Value: ['hypothetical protein']
    Key: protein_id, Value: ['WP_200276409.1']
    Key: source, Value: ['GeneMarkS-2+']
    Key: transl_table, Value: ['11']

GF(None, 24526-26050 (1))
type: CDS
location: [451666:452221](+)
id: cds-WP_200276411.1
qualifiers:
    Key: Dbxref, Value: ['GenBank:WP_200276411.1']
    Key: ID, Value: ['cds-WP_200276411.1']
    Key: Name, Value: ['WP_200276411.1']
    Key: Ontology_term, Value: ['GO:0006166']
    Key: Parent, Value: ['gene-JG540_RS01835']
    Key: gbkey, Value: ['CDS']
    Key: gene, Value: ['hpt']
    Key: go_process, Value: ['purine ribonucleoside salvage|0006166||IEA']
    Key: inference, Value: ['COORDINATES: similar to AA sequence:RefSeq:WP_003953597.1']
    Key: locus_tag, Value: ['JG540_RS01835']
    Key: phase, Value: ['0']
    Key: product, Value: ['hypoxanthine phosphoribosyltransferase']
    Key: protein_id, Value: ['WP_200276411.1']
    Key: source, Value: ['Protein Homology']
    Key: transl_table, Value: ['11']

GF(hypoxanthine phosphoribosyltransferase, 26350-26905 (1))
type: CDS
location: [452594:453263](+)
id: cds-WP_200276413.1
qualifiers:
    Key: Dbxref, Value: ['GenBank:WP_200276413.1']
    Key: ID, Value: ['cds-WP_200276413.1']
    Key: Name, Value: ['WP_200276413.1']
    Key: Parent, Value: ['gene-JG540_RS01840']
    Key: gbkey, Value: ['CDS']
    Key: inference, Value: ['COORDINATES: similar to AA sequence:RefSeq:WP_008729906.1']
    Key: locus_tag, Value: ['JG540_RS01840']
    Key: phase, Value: ['0']
    Key: product, Value: ['AIM24 family protein']
    Key: protein_id, Value: ['WP_200276413.1']
    Key: source, Value: ['Protein Homology']
    Key: transl_table, Value: ['11']

GF(AIM24 family protein, 27278-27947 (1))
type: CDS
location: [454014:454179](-)
id: cds-WP_200276415.1
qualifiers:
    Key: Dbxref, Value: ['GenBank:WP_200276415.1']
    Key: ID, Value: ['cds-WP_200276415.1']
    Key: Name, Value: ['WP_200276415.1']
    Key: Parent, Value: ['gene-JG540_RS01845']
    Key: gbkey, Value: ['CDS']
    Key: inference, Value: ['COORDINATES: ab initio prediction:GeneMarkS-2+']
    Key: locus_tag, Value: ['JG540_RS01845']
    Key: phase, Value: ['0']
    Key: product, Value: ['hypothetical protein']
    Key: protein_id, Value: ['WP_200276415.1']
    Key: source, Value: ['GeneMarkS-2+']
    Key: transl_table, Value: ['11']

GF(None, 28698-28863 (-1))
type: repeat_region
location: [430475:431307](+)
id: NZ_CP066802.1_2
qualifiers:
    Key: Dbxref, Value: ['SO:0001459']
    Key: ID, Value: ['NZ_CP066802.1_2']
    Key: Note, Value: ['GTCAGGAAGCACCACGCACCTGTAGGTGCATTAAGAC']
    Key: Ontology_term, Value: ['CRISPR']
    Key: score, Value: ['832']
    Key: source, Value: ['CCTyper']

GF(Repeat region, 5159-5991 (0))
type: repeat_region
location: [434230:437521](+)
id: NZ_CP066802.1_3
qualifiers:
    Key: Dbxref, Value: ['SO:0001459']
    Key: ID, Value: ['NZ_CP066802.1_3']
    Key: Note, Value: ['GTCAGGAAGCACCACGCACCTGTAGGTGCATTAAGAC']
    Key: Ontology_term, Value: ['CRISPR']
    Key: score, Value: ['3291']
    Key: source, Value: ['CCTyper']

GF(Repeat region, 8914-12205 (0))
graphic feature from validated effectors: GF(can3, 21445-23913 (1))
graphic feature from cctyper protein table: GF(Cas6, 4000-4806 (-1))
graphic feature from cctyper protein table: GF(Cas1, 6208-8358 (1))
graphic feature from cctyper protein table: GF(Cas2, 8361-8636 (1))
graphic feature from cctyper protein table: GF(Csx19, 14844-15386 (-1))
graphic feature from cctyper protein table: GF(Csm3gr7, 15379-17172 (-1))
graphic feature from cctyper protein table: GF(Cas10, 19226-21256 (-1))
graphic feature from cctyper protein table: GF(Unk, 23935-24522 (1))
graphic feature from cctyper protein table: GF(CorA, 24527-26050 (1))
Index(['protein_id', 'start', 'end', 'effector', 'locus', 'sample', 'strand',
       'sequence', 'type'],
      dtype='object')
graphic feature from known effectors: GF(cora, 24527-26050 (1))
Index(['protein_id', 'start', 'end', 'effector', 'locus', 'sample', 'strand',
       'sequence'],
      dtype='object')
[GF(inorganic diphosphatase, 283-784 (-1)), GF(D-alanyl-D-alanine carboxypeptidase/D-alanyl-D-alanine-endopeptidase, 1151-2537 (1)), GF(zinc-dependent metalloprotease, 2560-3832 (1)), GF(CRISPR system precrRNA processing endoribonuclease RAMP protein Cas6, 3999-4806 (-1)), GF(CRISPR-associated endonuclease Cas1, 6207-8358 (1)), GF(CRISPR-associated endonuclease Cas2, 8360-8636 (1)), GF(RAMP superfamily CRISPR-associated protein, 12333-14466 (-1)), GF(None, 14843-15386 (-1)), GF(RAMP superfamily CRISPR-associated protein, 15378-17172 (-1)), GF(RAMP superfamily CRISPR-associated protein, 17168-19229 (-1)), GF(None, 19225-21256 (-1)), GF(None, 21444-23913 (1)), GF(None, 23934-24522 (1)), GF(None, 24526-26050 (1)), GF(hypoxanthine phosphoribosyltransferase, 26350-26905 (1)), GF(AIM24 family protein, 27278-27947 (1)), GF(None, 28698-28863 (-1)), GF(Repeat region, 5159-5991 (0)), GF(Repeat region, 8914-12205 (0)), GF(can3, 21445-23913 (1)), GF(Cas6, 4000-4806 (-1)), GF(Cas1, 6208-8358 (1)), GF(Cas2, 8361-8636 (1)), GF(Csx19, 14844-15386 (-1)), GF(Csm3gr7, 15379-17172 (-1)), GF(Cas10, 19226-21256 (-1)), GF(Unk, 23935-24522 (1)), GF(CorA, 24527-26050 (1)), GF(cora, 24527-26050 (1)), GF(CRISPR-Cas locus, 4000-26050 (0))]
