Cas operons file:    Unnamed: 0       Contig  ...           locus_id           sample
0           7  NC_019729.1  ...  GCF_000317475.1_7  GCF_000317475.1

[1 rows x 19 columns]
The chosen contig: NC_019729.1
type: CDS
location: [993317:994067](-)
id: cds-WP_015174772.1
qualifiers:
    Key: Dbxref, Value: ['GenBank:WP_015174772.1']
    Key: ID, Value: ['cds-WP_015174772.1']
    Key: Name, Value: ['WP_015174772.1']
    Key: Ontology_term, Value: ['GO:0005524', 'GO:0016887', 'GO:0042626', 'GO:0140359']
    Key: Parent, Value: ['gene-OSC7112_RS04410']
    Key: gbkey, Value: ['CDS']
    Key: go_function, Value: ['ATP binding|0005524||IEA', 'ATP hydrolysis activity|0016887||IEA', 'ATPase-coupled transmembrane transporter activity|0042626||IEA', 'ABC-type transporter activity|0140359||IEA']
    Key: inference, Value: ['COORDINATES: similar to AA sequence:RefSeq:WP_015174772.1']
    Key: locus_tag, Value: ['OSC7112_RS04410']
    Key: phase, Value: ['0']
    Key: product, Value: ['amino acid ABC transporter ATP-binding protein']
    Key: protein_id, Value: ['WP_015174772.1']
    Key: source, Value: ['Protein Homology']
    Key: transl_table, Value: ['11']

GF(amino acid ABC transporter ATP-binding protein, 190-940 (-1))
type: CDS
location: [994032:995493](-)
id: cds-WP_015174773.1
qualifiers:
    Key: Dbxref, Value: ['GenBank:WP_015174773.1']
    Key: ID, Value: ['cds-WP_015174773.1']
    Key: Name, Value: ['WP_015174773.1']
    Key: Parent, Value: ['gene-OSC7112_RS04415']
    Key: gbkey, Value: ['CDS']
    Key: inference, Value: ['COORDINATES: similar to AA sequence:RefSeq:WP_006633272.1']
    Key: locus_tag, Value: ['OSC7112_RS04415']
    Key: phase, Value: ['0']
    Key: product, Value: ['ABC transporter substrate-binding protein/permease']
    Key: protein_id, Value: ['WP_015174773.1']
    Key: source, Value: ['Protein Homology']
    Key: transl_table, Value: ['11']

GF(ABC transporter substrate-binding protein/permease, 905-2366 (-1))
type: CDS
location: [995749:996109](+)
id: cds-WP_041622917.1
qualifiers:
    Key: Dbxref, Value: ['GenBank:WP_041622917.1']
    Key: ID, Value: ['cds-WP_041622917.1']
    Key: Name, Value: ['WP_041622917.1']
    Key: Parent, Value: ['gene-OSC7112_RS04420']
    Key: gbkey, Value: ['CDS']
    Key: inference, Value: ['COORDINATES: protein motif:HMM:NF013842.3']
    Key: locus_tag, Value: ['OSC7112_RS04420']
    Key: phase, Value: ['0']
    Key: product, Value: ['IS630 transposase-related protein']
    Key: protein_id, Value: ['WP_041622917.1']
    Key: source, Value: ['Protein Homology']
    Key: transl_table, Value: ['11']

GF(IS630 transposase-related protein, 2622-2982 (1))
type: CDS
location: [996161:996695](+)
id: cds-WP_015179736.1
qualifiers:
    Key: Dbxref, Value: ['GenBank:WP_015179736.1']
    Key: ID, Value: ['cds-WP_015179736.1']
    Key: Name, Value: ['WP_015179736.1']
    Key: Parent, Value: ['gene-OSC7112_RS04425']
    Key: gbkey, Value: ['CDS']
    Key: inference, Value: ['COORDINATES: protein motif:HMM:NF024751.3']
    Key: locus_tag, Value: ['OSC7112_RS04425']
    Key: phase, Value: ['0']
    Key: product, Value: ['transposase']
    Key: protein_id, Value: ['WP_015179736.1']
    Key: source, Value: ['Protein Homology']
    Key: transl_table, Value: ['11']

GF(transposase, 3034-3568 (1))
type: CDS
location: [996936:997086](-)
id: cds-WP_015174774.1
qualifiers:
    Key: Dbxref, Value: ['GenBank:WP_015174774.1']
    Key: ID, Value: ['cds-WP_015174774.1']
    Key: Name, Value: ['WP_015174774.1']
    Key: Parent, Value: ['gene-OSC7112_RS39330']
    Key: gbkey, Value: ['CDS']
    Key: inference, Value: ['COORDINATES: ab initio prediction:GeneMarkS-2+']
    Key: locus_tag, Value: ['OSC7112_RS39330']
    Key: phase, Value: ['0']
    Key: product, Value: ['hypothetical protein']
    Key: protein_id, Value: ['WP_015174774.1']
    Key: source, Value: ['GeneMarkS-2+']
    Key: transl_table, Value: ['11']

GF(None, 3809-3959 (-1))
type: CDS
location: [997126:999217](-)
id: cds-WP_015174775.1
qualifiers:
    Key: Dbxref, Value: ['GenBank:WP_015174775.1']
    Key: ID, Value: ['cds-WP_015174775.1']
    Key: Name, Value: ['WP_015174775.1']
    Key: Parent, Value: ['gene-OSC7112_RS04430']
    Key: gbkey, Value: ['CDS']
    Key: inference, Value: ['COORDINATES: protein motif:HMM:TIGR03986.1']
    Key: locus_tag, Value: ['OSC7112_RS04430']
    Key: phase, Value: ['0']
    Key: product, Value: ['TIGR03986 family CRISPR-associated RAMP protein']
    Key: protein_id, Value: ['WP_015174775.1']
    Key: source, Value: ['Protein Homology']
    Key: transl_table, Value: ['11']

GF(TIGR03986 family CRISPR-associated RAMP protein, 3999-6090 (-1))
type: CDS
location: [999213:999801](-)
id: cds-WP_015174776.1
qualifiers:
    Key: Dbxref, Value: ['GenBank:WP_015174776.1']
    Key: ID, Value: ['cds-WP_015174776.1']
    Key: Name, Value: ['WP_015174776.1']
    Key: Parent, Value: ['gene-OSC7112_RS04435']
    Key: gbkey, Value: ['CDS']
    Key: gene, Value: ['csx19']
    Key: inference, Value: ['COORDINATES: similar to AA sequence:RefSeq:WP_009784429.1']
    Key: locus_tag, Value: ['OSC7112_RS04435']
    Key: phase, Value: ['0']
    Key: product, Value: ['CRISPR-associated protein Csx19']
    Key: protein_id, Value: ['WP_015174776.1']
    Key: source, Value: ['Protein Homology']
    Key: transl_table, Value: ['11']

GF(CRISPR-associated protein Csx19, 6086-6674 (-1))
type: CDS
location: [999803:1001339](-)
id: cds-WP_015174777.1
qualifiers:
    Key: Dbxref, Value: ['GenBank:WP_015174777.1']
    Key: ID, Value: ['cds-WP_015174777.1']
    Key: Name, Value: ['WP_015174777.1']
    Key: Parent, Value: ['gene-OSC7112_RS04440']
    Key: gbkey, Value: ['CDS']
    Key: inference, Value: ['COORDINATES: similar to AA sequence:RefSeq:WP_009784430.1']
    Key: locus_tag, Value: ['OSC7112_RS04440']
    Key: phase, Value: ['0']
    Key: product, Value: ['RAMP superfamily CRISPR-associated protein']
    Key: protein_id, Value: ['WP_015174777.1']
    Key: source, Value: ['Protein Homology']
    Key: transl_table, Value: ['11']

GF(RAMP superfamily CRISPR-associated protein, 6676-8212 (-1))
type: CDS
location: [1001335:1002967](-)
id: cds-WP_015174778.1
qualifiers:
    Key: Dbxref, Value: ['GenBank:WP_015174778.1']
    Key: ID, Value: ['cds-WP_015174778.1']
    Key: Name, Value: ['WP_015174778.1']
    Key: Parent, Value: ['gene-OSC7112_RS04445']
    Key: gbkey, Value: ['CDS']
    Key: inference, Value: ['COORDINATES: similar to AA sequence:RefSeq:WP_009784431.1']
    Key: locus_tag, Value: ['OSC7112_RS04445']
    Key: phase, Value: ['0']
    Key: product, Value: ['RAMP superfamily CRISPR-associated protein']
    Key: protein_id, Value: ['WP_015174778.1']
    Key: source, Value: ['Protein Homology']
    Key: transl_table, Value: ['11']

GF(RAMP superfamily CRISPR-associated protein, 8208-9840 (-1))
type: CDS
location: [1002979:1003675](-)
id: cds-WP_015174779.1
qualifiers:
    Key: Dbxref, Value: ['GenBank:WP_015174779.1']
    Key: ID, Value: ['cds-WP_015174779.1']
    Key: Name, Value: ['WP_015174779.1']
    Key: Parent, Value: ['gene-OSC7112_RS04450']
    Key: gbkey, Value: ['CDS']
    Key: inference, Value: ['COORDINATES: similar to AA sequence:RefSeq:WP_009784432.1']
    Key: locus_tag, Value: ['OSC7112_RS04450']
    Key: phase, Value: ['0']
    Key: product, Value: ['RAMP superfamily CRISPR-associated protein']
    Key: protein_id, Value: ['WP_015174779.1']
    Key: source, Value: ['Protein Homology']
    Key: transl_table, Value: ['11']

GF(RAMP superfamily CRISPR-associated protein, 9852-10548 (-1))
type: CDS
location: [1003661:1005365](-)
id: cds-WP_015174780.1
qualifiers:
    Key: Dbxref, Value: ['GenBank:WP_015174780.1']
    Key: ID, Value: ['cds-WP_015174780.1']
    Key: Name, Value: ['WP_015174780.1']
    Key: Parent, Value: ['gene-OSC7112_RS04455']
    Key: gbkey, Value: ['CDS']
    Key: inference, Value: ['COORDINATES: similar to AA sequence:RefSeq:WP_009784433.1']
    Key: locus_tag, Value: ['OSC7112_RS04455']
    Key: phase, Value: ['0']
    Key: product, Value: ['hypothetical protein']
    Key: protein_id, Value: ['WP_015174780.1']
    Key: source, Value: ['Protein Homology']
    Key: transl_table, Value: ['11']

GF(None, 10534-12238 (-1))
type: CDS
location: [1005361:1006666](-)
id: cds-WP_015174781.1
qualifiers:
    Key: Dbxref, Value: ['GenBank:WP_015174781.1']
    Key: ID, Value: ['cds-WP_015174781.1']
    Key: Name, Value: ['WP_015174781.1']
    Key: Parent, Value: ['gene-OSC7112_RS04460']
    Key: gbkey, Value: ['CDS']
    Key: inference, Value: ['COORDINATES: similar to AA sequence:RefSeq:WP_009784434.1']
    Key: locus_tag, Value: ['OSC7112_RS04460']
    Key: phase, Value: ['0']
    Key: product, Value: ['DUF1887 family protein']
    Key: protein_id, Value: ['WP_015174781.1']
    Key: source, Value: ['Protein Homology']
    Key: transl_table, Value: ['11']

GF(DUF1887 family protein, 12234-13539 (-1))
type: CDS
location: [1006741:1007041](+)
id: cds-OSC7112_RS35270
qualifiers:
    Key: ID, Value: ['cds-OSC7112_RS35270']
    Key: Note, Value: ['incomplete; partial in the middle of a contig; missing N-terminus']
    Key: Parent, Value: ['gene-OSC7112_RS35270']
    Key: gbkey, Value: ['CDS']
    Key: inference, Value: ['COORDINATES: protein motif:HMM:TIGR03985.1']
    Key: locus_tag, Value: ['OSC7112_RS35270']
    Key: partial, Value: ['true']
    Key: phase, Value: ['0']
    Key: product, Value: ['TIGR03985 family CRISPR-associated protein']
    Key: pseudo, Value: ['true']
    Key: source, Value: ['Protein Homology']
    Key: start_range, Value: ['.', '1006742']
    Key: transl_table, Value: ['11']

GF(TIGR03985 family CRISPR-associated protein, 13614-13914 (1))
type: CDS
location: [1007254:1008205](-)
id: cds-WP_015174782.1
qualifiers:
    Key: Dbxref, Value: ['GenBank:WP_015174782.1']
    Key: ID, Value: ['cds-WP_015174782.1']
    Key: Name, Value: ['WP_015174782.1']
    Key: Ontology_term, Value: ['GO:0008324']
    Key: Parent, Value: ['gene-OSC7112_RS04465']
    Key: gbkey, Value: ['CDS']
    Key: go_function, Value: ['monoatomic cation transmembrane transporter activity|0008324||IEA']
    Key: inference, Value: ['COORDINATES: similar to AA sequence:RefSeq:WP_006633262.1']
    Key: locus_tag, Value: ['OSC7112_RS04465']
    Key: phase, Value: ['0']
    Key: product, Value: ['cation diffusion facilitator family transporter']
    Key: protein_id, Value: ['WP_015174782.1']
    Key: source, Value: ['Protein Homology']
    Key: transl_table, Value: ['11']

GF(cation diffusion facilitator family transporter, 14127-15078 (-1))
type: CDS
location: [1008446:1008794](+)
id: cds-WP_015174783.1
qualifiers:
    Key: Dbxref, Value: ['GenBank:WP_015174783.1']
    Key: ID, Value: ['cds-WP_015174783.1']
    Key: Name, Value: ['WP_015174783.1']
    Key: Parent, Value: ['gene-OSC7112_RS04470']
    Key: gbkey, Value: ['CDS']
    Key: inference, Value: ['COORDINATES: similar to AA sequence:RefSeq:WP_012407482.1']
    Key: locus_tag, Value: ['OSC7112_RS04470']
    Key: phase, Value: ['0']
    Key: product, Value: ['hypothetical protein']
    Key: protein_id, Value: ['WP_015174783.1']
    Key: source, Value: ['Protein Homology']
    Key: transl_table, Value: ['11']

GF(None, 15319-15667 (1))
type: CDS
location: [1008912:1009770](-)
id: cds-WP_015174784.1
qualifiers:
    Key: Dbxref, Value: ['GenBank:WP_015174784.1']
    Key: ID, Value: ['cds-WP_015174784.1']
    Key: Name, Value: ['WP_015174784.1']
    Key: Parent, Value: ['gene-OSC7112_RS04475']
    Key: gbkey, Value: ['CDS']
    Key: inference, Value: ['COORDINATES: similar to AA sequence:RefSeq:WP_006633260.1']
    Key: locus_tag, Value: ['OSC7112_RS04475']
    Key: phase, Value: ['0']
    Key: product, Value: ['rhodanese-like domain-containing protein']
    Key: protein_id, Value: ['WP_015174784.1']
    Key: source, Value: ['Protein Homology']
    Key: transl_table, Value: ['11']

GF(rhodanese-like domain-containing protein, 15785-16643 (-1))
type: CDS
location: [1009773:1010262](-)
id: cds-WP_223300758.1
qualifiers:
    Key: Dbxref, Value: ['GenBank:WP_223300758.1']
    Key: ID, Value: ['cds-WP_223300758.1']
    Key: Name, Value: ['WP_223300758.1']
    Key: Parent, Value: ['gene-OSC7112_RS04480']
    Key: gbkey, Value: ['CDS']
    Key: inference, Value: ['COORDINATES: similar to AA sequence:RefSeq:WP_006633259.1']
    Key: locus_tag, Value: ['OSC7112_RS04480']
    Key: phase, Value: ['0']
    Key: product, Value: ['type IV pilin-like G/H family protein']
    Key: protein_id, Value: ['WP_223300758.1']
    Key: source, Value: ['Protein Homology']
    Key: transl_table, Value: ['11']

GF(type IV pilin-like G/H family protein, 16646-17135 (-1))
graphic feature from cctyper protein table: GF(Csm3gr7, 4000-6090 (-1))
graphic feature from cctyper protein table: GF(Csx19, 6087-6674 (-1))
graphic feature from cctyper protein table: GF(Csm3gr7, 6677-8212 (-1))
graphic feature from cctyper protein table: GF(Csx10gr5, 8209-9840 (-1))
graphic feature from cctyper protein table: GF(Csm3gr7, 9853-10548 (-1))
graphic feature from cctyper protein table: GF(Cas10, 10535-12238 (-1))
graphic feature from cctyper protein table: GF(Csx1, 12235-13539 (-1))
Index(['protein_id', 'start', 'end', 'effector', 'locus', 'sample', 'strand',
       'sequence', 'type'],
      dtype='object')
graphic feature from known effectors: GF(can1-2, 12235-13539 (-1))
Index(['protein_id', 'start', 'end', 'effector', 'locus', 'sample', 'strand',
       'sequence'],
      dtype='object')
[GF(amino acid ABC transporter ATP-binding protein, 190-940 (-1)), GF(ABC transporter substrate-binding protein/permease, 905-2366 (-1)), GF(IS630 transposase-related protein, 2622-2982 (1)), GF(transposase, 3034-3568 (1)), GF(None, 3809-3959 (-1)), GF(TIGR03986 family CRISPR-associated RAMP protein, 3999-6090 (-1)), GF(CRISPR-associated protein Csx19, 6086-6674 (-1)), GF(RAMP superfamily CRISPR-associated protein, 6676-8212 (-1)), GF(RAMP superfamily CRISPR-associated protein, 8208-9840 (-1)), GF(RAMP superfamily CRISPR-associated protein, 9852-10548 (-1)), GF(None, 10534-12238 (-1)), GF(DUF1887 family protein, 12234-13539 (-1)), GF(TIGR03985 family CRISPR-associated protein, 13614-13914 (1)), GF(cation diffusion facilitator family transporter, 14127-15078 (-1)), GF(None, 15319-15667 (1)), GF(rhodanese-like domain-containing protein, 15785-16643 (-1)), GF(type IV pilin-like G/H family protein, 16646-17135 (-1)), GF(Csm3gr7, 4000-6090 (-1)), GF(Csx19, 6087-6674 (-1)), GF(Csm3gr7, 6677-8212 (-1)), GF(Csx10gr5, 8209-9840 (-1)), GF(Csm3gr7, 9853-10548 (-1)), GF(Cas10, 10535-12238 (-1)), GF(Csx1, 12235-13539 (-1)), GF(can1-2, 12235-13539 (-1)), GF(CRISPR-Cas locus, 4000-13539 (0))]
