Cas operons file:    Unnamed: 0         Contig  ...           locus_id           sample
0           0  NZ_CP025227.1  ...  GCF_004010955.1_0  GCF_004010955.1

[1 rows x 19 columns]
The chosen contig: NZ_CP025227.1
type: CDS
location: [2377928:2378618](-)
id: cds-WP_127842657.1
qualifiers:
    Key: Dbxref, Value: ['GenBank:WP_127842657.1']
    Key: ID, Value: ['cds-WP_127842657.1']
    Key: Name, Value: ['WP_127842657.1']
    Key: Ontology_term, Value: ['GO:0000160', 'GO:0006355', 'GO:0003677']
    Key: Parent, Value: ['gene-CWS50_RS09890']
    Key: gbkey, Value: ['CDS']
    Key: go_function, Value: ['DNA binding|0003677||IEA']
    Key: go_process, Value: ['phosphorelay signal transduction system|0000160||IEA', 'regulation of DNA-templated transcription|0006355||IEA']
    Key: inference, Value: ['COORDINATES: similar to AA sequence:RefSeq:WP_009393180.1']
    Key: locus_tag, Value: ['CWS50_RS09890']
    Key: phase, Value: ['0']
    Key: product, Value: ['response regulator transcription factor']
    Key: protein_id, Value: ['WP_127842657.1']
    Key: source, Value: ['Protein Homology']
    Key: transl_table, Value: ['11']

GF(response regulator transcription factor, 26-716 (-1))
type: CDS
location: [2378664:2379918](+)
id: cds-WP_206610398.1
qualifiers:
    Key: Dbxref, Value: ['GenBank:WP_206610398.1']
    Key: ID, Value: ['cds-WP_206610398.1']
    Key: Name, Value: ['WP_206610398.1']
    Key: Ontology_term, Value: ['GO:0000160', 'GO:0000155', 'GO:0046983', 'GO:0016020']
    Key: Parent, Value: ['gene-CWS50_RS09895']
    Key: gbkey, Value: ['CDS']
    Key: go_component, Value: ['membrane|0016020||IEA']
    Key: go_function, Value: ['phosphorelay sensor kinase activity|0000155||IEA', 'protein dimerization activity|0046983||IEA']
    Key: go_process, Value: ['phosphorelay signal transduction system|0000160||IEA']
    Key: inference, Value: ['COORDINATES: protein motif:HMM:NF019350.2']
    Key: locus_tag, Value: ['CWS50_RS09895']
    Key: phase, Value: ['0']
    Key: product, Value: ['histidine kinase']
    Key: protein_id, Value: ['WP_206610398.1']
    Key: source, Value: ['Protein Homology']
    Key: transl_table, Value: ['11']

GF(histidine kinase, 762-2016 (1))
type: CDS
location: [2380371:2380956](-)
id: cds-WP_257494089.1
qualifiers:
    Key: Dbxref, Value: ['GenBank:WP_257494089.1']
    Key: ID, Value: ['cds-WP_257494089.1']
    Key: Name, Value: ['WP_257494089.1']
    Key: Ontology_term, Value: ['GO:0042559', 'GO:0046654', 'GO:0003934']
    Key: Parent, Value: ['gene-CWS50_RS09900']
    Key: gbkey, Value: ['CDS']
    Key: gene, Value: ['folE']
    Key: go_function, Value: ['GTP cyclohydrolase I activity|0003934||IEA']
    Key: go_process, Value: ['pteridine-containing compound biosynthetic process|0042559||IEA', 'tetrahydrofolate biosynthetic process|0046654||IEA']
    Key: inference, Value: ['COORDINATES: similar to AA sequence:RefSeq:WP_003781077.1']
    Key: locus_tag, Value: ['CWS50_RS09900']
    Key: phase, Value: ['0']
    Key: product, Value: ['GTP cyclohydrolase I FolE']
    Key: protein_id, Value: ['WP_257494089.1']
    Key: source, Value: ['Protein Homology']
    Key: transl_table, Value: ['11']

GF(GTP cyclohydrolase I FolE, 2469-3054 (-1))
type: CDS
location: [2381901:2384412](-)
id: cds-WP_127842659.1
qualifiers:
    Key: Dbxref, Value: ['GenBank:WP_127842659.1']
    Key: ID, Value: ['cds-WP_127842659.1']
    Key: Name, Value: ['WP_127842659.1']
    Key: Parent, Value: ['gene-CWS50_RS09905']
    Key: gbkey, Value: ['CDS']
    Key: inference, Value: ['COORDINATES: ab initio prediction:GeneMarkS-2+']
    Key: locus_tag, Value: ['CWS50_RS09905']
    Key: phase, Value: ['0']
    Key: product, Value: ['hypothetical protein']
    Key: protein_id, Value: ['WP_127842659.1']
    Key: source, Value: ['GeneMarkS-2+']
    Key: transl_table, Value: ['11']

GF(None, 3999-6510 (-1))
type: CDS
location: [2384789:2386919](+)
id: cds-WP_127842660.1
qualifiers:
    Key: Dbxref, Value: ['GenBank:WP_127842660.1']
    Key: ID, Value: ['cds-WP_127842660.1']
    Key: Name, Value: ['WP_127842660.1']
    Key: Parent, Value: ['gene-CWS50_RS09910']
    Key: gbkey, Value: ['CDS']
    Key: inference, Value: ['COORDINATES: ab initio prediction:GeneMarkS-2+']
    Key: locus_tag, Value: ['CWS50_RS09910']
    Key: phase, Value: ['0']
    Key: product, Value: ['hypothetical protein']
    Key: protein_id, Value: ['WP_127842660.1']
    Key: source, Value: ['GeneMarkS-2+']
    Key: transl_table, Value: ['11']

GF(None, 6887-9017 (1))
type: CDS
location: [2386915:2389231](+)
id: cds-WP_127842661.1
qualifiers:
    Key: Dbxref, Value: ['GenBank:WP_127842661.1']
    Key: ID, Value: ['cds-WP_127842661.1']
    Key: Name, Value: ['WP_127842661.1']
    Key: Parent, Value: ['gene-CWS50_RS09915']
    Key: gbkey, Value: ['CDS']
    Key: inference, Value: ['COORDINATES: protein motif:HMM:NF015728.2']
    Key: locus_tag, Value: ['CWS50_RS09915']
    Key: phase, Value: ['0']
    Key: product, Value: ['RAMP superfamily CRISPR-associated protein']
    Key: protein_id, Value: ['WP_127842661.1']
    Key: source, Value: ['Protein Homology']
    Key: transl_table, Value: ['11']

GF(RAMP superfamily CRISPR-associated protein, 9013-11329 (1))
type: CDS
location: [2389227:2391357](+)
id: cds-WP_127842662.1
qualifiers:
    Key: Dbxref, Value: ['GenBank:WP_127842662.1']
    Key: ID, Value: ['cds-WP_127842662.1']
    Key: Name, Value: ['WP_127842662.1']
    Key: Parent, Value: ['gene-CWS50_RS09920']
    Key: gbkey, Value: ['CDS']
    Key: inference, Value: ['COORDINATES: protein motif:HMM:NF015728.2']
    Key: locus_tag, Value: ['CWS50_RS09920']
    Key: phase, Value: ['0']
    Key: product, Value: ['RAMP superfamily CRISPR-associated protein']
    Key: protein_id, Value: ['WP_127842662.1']
    Key: source, Value: ['Protein Homology']
    Key: transl_table, Value: ['11']

GF(RAMP superfamily CRISPR-associated protein, 11325-13455 (1))
type: CDS
location: [2391337:2391910](+)
id: cds-WP_127842663.1
qualifiers:
    Key: Dbxref, Value: ['GenBank:WP_127842663.1']
    Key: ID, Value: ['cds-WP_127842663.1']
    Key: Name, Value: ['WP_127842663.1']
    Key: Parent, Value: ['gene-CWS50_RS09925']
    Key: gbkey, Value: ['CDS']
    Key: inference, Value: ['COORDINATES: ab initio prediction:GeneMarkS-2+']
    Key: locus_tag, Value: ['CWS50_RS09925']
    Key: phase, Value: ['0']
    Key: product, Value: ['hypothetical protein']
    Key: protein_id, Value: ['WP_127842663.1']
    Key: source, Value: ['GeneMarkS-2+']
    Key: transl_table, Value: ['11']

GF(None, 13435-14008 (1))
type: CDS
location: [2391911:2394212](+)
id: cds-WP_127842664.1
qualifiers:
    Key: Dbxref, Value: ['GenBank:WP_127842664.1']
    Key: ID, Value: ['cds-WP_127842664.1']
    Key: Name, Value: ['WP_127842664.1']
    Key: Parent, Value: ['gene-CWS50_RS09930']
    Key: gbkey, Value: ['CDS']
    Key: inference, Value: ['COORDINATES: ab initio prediction:GeneMarkS-2+']
    Key: locus_tag, Value: ['CWS50_RS09930']
    Key: phase, Value: ['0']
    Key: product, Value: ['hypothetical protein']
    Key: protein_id, Value: ['WP_127842664.1']
    Key: source, Value: ['GeneMarkS-2+']
    Key: transl_table, Value: ['11']

GF(None, 14009-16310 (1))
type: CDS
location: [2394271:2395495](+)
id: cds-WP_127842665.1
qualifiers:
    Key: Dbxref, Value: ['GenBank:WP_127842665.1']
    Key: ID, Value: ['cds-WP_127842665.1']
    Key: Name, Value: ['WP_127842665.1']
    Key: Parent, Value: ['gene-CWS50_RS09935']
    Key: gbkey, Value: ['CDS']
    Key: inference, Value: ['COORDINATES: protein motif:HMM:NF024965.2']
    Key: locus_tag, Value: ['CWS50_RS09935']
    Key: phase, Value: ['0']
    Key: product, Value: ['pentapeptide repeat-containing protein']
    Key: protein_id, Value: ['WP_127842665.1']
    Key: source, Value: ['Protein Homology']
    Key: transl_table, Value: ['11']

GF(pentapeptide repeat-containing protein, 16369-17593 (1))
type: CDS
location: [2395869:2397927](-)
id: cds-WP_127842666.1
qualifiers:
    Key: Dbxref, Value: ['GenBank:WP_127842666.1']
    Key: ID, Value: ['cds-WP_127842666.1']
    Key: Name, Value: ['WP_127842666.1']
    Key: Ontology_term, Value: ['GO:0006508', 'GO:0051301', 'GO:0004222', 'GO:0016887']
    Key: Parent, Value: ['gene-CWS50_RS09940']
    Key: gbkey, Value: ['CDS']
    Key: gene, Value: ['ftsH']
    Key: go_function, Value: ['metalloendopeptidase activity|0004222||IEA', 'ATP hydrolysis activity|0016887||IEA']
    Key: go_process, Value: ['proteolysis|0006508||IEA', 'cell division|0051301||IEA']
    Key: inference, Value: ['COORDINATES: similar to AA sequence:RefSeq:WP_006548267.1']
    Key: locus_tag, Value: ['CWS50_RS09940']
    Key: phase, Value: ['0']
    Key: product, Value: ['ATP-dependent zinc metalloprotease FtsH']
    Key: protein_id, Value: ['WP_127842666.1']
    Key: source, Value: ['Protein Homology']
    Key: transl_table, Value: ['11']

GF(ATP-dependent zinc metalloprotease FtsH, 17967-20025 (-1))
graphic feature from validated effectors: GF(can3, 4000-6510 (-1))
graphic feature from cctyper protein table: GF(CasR, 4000-6510 (-1))
graphic feature from cctyper protein table: GF(Cas10, 6888-9017 (1))
graphic feature from cctyper protein table: GF(Csm3gr7, 9014-11329 (1))
graphic feature from cctyper protein table: GF(Csm3gr7, 11326-13455 (1))
graphic feature from cctyper protein table: GF(Csx19, 13436-14008 (1))
graphic feature from cctyper protein table: GF(Csm3gr7, 14010-16310 (1))
Index(['protein_id', 'start', 'end', 'effector', 'locus', 'sample', 'strand',
       'sequence'],
      dtype='object')
Index(['protein_id', 'start', 'end', 'effector', 'locus', 'sample', 'strand',
       'sequence'],
      dtype='object')
[GF(response regulator transcription factor, 26-716 (-1)), GF(histidine kinase, 762-2016 (1)), GF(GTP cyclohydrolase I FolE, 2469-3054 (-1)), GF(None, 3999-6510 (-1)), GF(None, 6887-9017 (1)), GF(RAMP superfamily CRISPR-associated protein, 9013-11329 (1)), GF(RAMP superfamily CRISPR-associated protein, 11325-13455 (1)), GF(None, 13435-14008 (1)), GF(None, 14009-16310 (1)), GF(pentapeptide repeat-containing protein, 16369-17593 (1)), GF(ATP-dependent zinc metalloprotease FtsH, 17967-20025 (-1)), GF(can3, 4000-6510 (-1)), GF(CasR, 4000-6510 (-1)), GF(Cas10, 6888-9017 (1)), GF(Csm3gr7, 9014-11329 (1)), GF(Csm3gr7, 11326-13455 (1)), GF(Csx19, 13436-14008 (1)), GF(Csm3gr7, 14010-16310 (1)), GF(CRISPR-Cas locus, 4000-16310 (0))]
