Cas operons file:    Unnamed: 0         Contig  ...           locus_id           sample
0           3  NZ_LR792683.1  ...  GCF_902829275.1_3  GCF_902829275.1

[1 rows x 19 columns]
The chosen contig: NZ_LR792683.1
type: CDS
location: [2695625:2696666](-)
id: cds-WP_170086312.1
qualifiers:
    Key: Dbxref, Value: ['GenBank:WP_170086312.1']
    Key: ID, Value: ['cds-WP_170086312.1']
    Key: Name, Value: ['WP_170086312.1']
    Key: Parent, Value: ['gene-COOX1_RS13380']
    Key: gbkey, Value: ['CDS']
    Key: inference, Value: ['COORDINATES: protein motif:HMM:NF019976.4']
    Key: locus_tag, Value: ['COOX1_RS13380']
    Key: phase, Value: ['0']
    Key: product, Value: ['nuclease-related domain-containing protein']
    Key: protein_id, Value: ['WP_170086312.1']
    Key: source, Value: ['Protein Homology']
    Key: transl_table, Value: ['11']

GF(nuclease-related domain-containing protein, 818-1859 (-1))
type: CDS
location: [2697490:2698225](+)
id: cds-WP_170086313.1
qualifiers:
    Key: Dbxref, Value: ['GenBank:WP_170086313.1']
    Key: ID, Value: ['cds-WP_170086313.1']
    Key: Name, Value: ['WP_170086313.1']
    Key: Parent, Value: ['gene-COOX1_RS13385']
    Key: gbkey, Value: ['CDS']
    Key: inference, Value: ['COORDINATES: ab initio prediction:GeneMarkS-2+']
    Key: locus_tag, Value: ['COOX1_RS13385']
    Key: phase, Value: ['0']
    Key: product, Value: ['hypothetical protein']
    Key: protein_id, Value: ['WP_170086313.1']
    Key: source, Value: ['GeneMarkS-2+']
    Key: transl_table, Value: ['11']

GF(None, 2683-3418 (1))
type: CDS
location: [2698806:2701077](+)
id: cds-WP_170086314.1
qualifiers:
    Key: Dbxref, Value: ['GenBank:WP_170086314.1']
    Key: ID, Value: ['cds-WP_170086314.1']
    Key: Name, Value: ['WP_170086314.1']
    Key: Parent, Value: ['gene-COOX1_RS13390']
    Key: gbkey, Value: ['CDS']
    Key: inference, Value: ['COORDINATES: ab initio prediction:GeneMarkS-2+']
    Key: locus_tag, Value: ['COOX1_RS13390']
    Key: phase, Value: ['0']
    Key: product, Value: ['hypothetical protein']
    Key: protein_id, Value: ['WP_170086314.1']
    Key: source, Value: ['GeneMarkS-2+']
    Key: transl_table, Value: ['11']

GF(None, 3999-6270 (1))
type: CDS
location: [2701073:2701787](+)
id: cds-WP_170086315.1
qualifiers:
    Key: Dbxref, Value: ['GenBank:WP_170086315.1']
    Key: ID, Value: ['cds-WP_170086315.1']
    Key: Name, Value: ['WP_170086315.1']
    Key: Parent, Value: ['gene-COOX1_RS13395']
    Key: gbkey, Value: ['CDS']
    Key: inference, Value: ['COORDINATES: protein motif:HMM:NF015728.4']
    Key: locus_tag, Value: ['COOX1_RS13395']
    Key: phase, Value: ['0']
    Key: product, Value: ['RAMP superfamily CRISPR-associated protein']
    Key: protein_id, Value: ['WP_170086315.1']
    Key: source, Value: ['Protein Homology']
    Key: transl_table, Value: ['11']

GF(RAMP superfamily CRISPR-associated protein, 6266-6980 (1))
type: CDS
location: [2701806:2703126](+)
id: cds-WP_170086316.1
qualifiers:
    Key: Dbxref, Value: ['GenBank:WP_170086316.1']
    Key: ID, Value: ['cds-WP_170086316.1']
    Key: Name, Value: ['WP_170086316.1']
    Key: Parent, Value: ['gene-COOX1_RS13400']
    Key: gbkey, Value: ['CDS']
    Key: inference, Value: ['COORDINATES: ab initio prediction:GeneMarkS-2+']
    Key: locus_tag, Value: ['COOX1_RS13400']
    Key: phase, Value: ['0']
    Key: product, Value: ['hypothetical protein']
    Key: protein_id, Value: ['WP_170086316.1']
    Key: source, Value: ['GeneMarkS-2+']
    Key: transl_table, Value: ['11']

GF(None, 6999-8319 (1))
type: CDS
location: [2703131:2703611](+)
id: cds-WP_170086317.1
qualifiers:
    Key: Dbxref, Value: ['GenBank:WP_170086317.1']
    Key: ID, Value: ['cds-WP_170086317.1']
    Key: Name, Value: ['WP_170086317.1']
    Key: Parent, Value: ['gene-COOX1_RS13405']
    Key: gbkey, Value: ['CDS']
    Key: inference, Value: ['COORDINATES: ab initio prediction:GeneMarkS-2+']
    Key: locus_tag, Value: ['COOX1_RS13405']
    Key: phase, Value: ['0']
    Key: product, Value: ['hypothetical protein']
    Key: protein_id, Value: ['WP_170086317.1']
    Key: source, Value: ['GeneMarkS-2+']
    Key: transl_table, Value: ['11']

GF(None, 8324-8804 (1))
type: CDS
location: [2703607:2704495](+)
id: cds-WP_170086318.1
qualifiers:
    Key: Dbxref, Value: ['GenBank:WP_170086318.1']
    Key: ID, Value: ['cds-WP_170086318.1']
    Key: Name, Value: ['WP_170086318.1']
    Key: Ontology_term, Value: ['GO:0043571', 'GO:0003674']
    Key: Parent, Value: ['gene-COOX1_RS13410']
    Key: gbkey, Value: ['CDS']
    Key: gene, Value: ['csx7']
    Key: go_function, Value: ['molecular_function|0003674||IEA']
    Key: go_process, Value: ['maintenance of CRISPR repeat elements|0043571||IEA']
    Key: inference, Value: ['COORDINATES: protein motif:HMM:TIGR02581.1']
    Key: locus_tag, Value: ['COOX1_RS13410']
    Key: phase, Value: ['0']
    Key: product, Value: ['CRISPR-associated RAMP protein Csx7']
    Key: protein_id, Value: ['WP_170086318.1']
    Key: source, Value: ['Protein Homology']
    Key: transl_table, Value: ['11']

GF(CRISPR-associated RAMP protein Csx7, 8800-9688 (1))
type: CDS
location: [2704500:2705394](+)
id: cds-WP_170086319.1
qualifiers:
    Key: Dbxref, Value: ['GenBank:WP_170086319.1']
    Key: ID, Value: ['cds-WP_170086319.1']
    Key: Name, Value: ['WP_170086319.1']
    Key: Ontology_term, Value: ['GO:0043571', 'GO:0003674']
    Key: Parent, Value: ['gene-COOX1_RS13415']
    Key: gbkey, Value: ['CDS']
    Key: gene, Value: ['csx7']
    Key: go_function, Value: ['molecular_function|0003674||IEA']
    Key: go_process, Value: ['maintenance of CRISPR repeat elements|0043571||IEA']
    Key: inference, Value: ['COORDINATES: protein motif:HMM:TIGR02581.1']
    Key: locus_tag, Value: ['COOX1_RS13415']
    Key: phase, Value: ['0']
    Key: product, Value: ['CRISPR-associated RAMP protein Csx7']
    Key: protein_id, Value: ['WP_170086319.1']
    Key: source, Value: ['Protein Homology']
    Key: transl_table, Value: ['11']

GF(CRISPR-associated RAMP protein Csx7, 9693-10587 (1))
type: CDS
location: [2705398:2706427](+)
id: cds-WP_170086320.1
qualifiers:
    Key: Dbxref, Value: ['GenBank:WP_170086320.1']
    Key: ID, Value: ['cds-WP_170086320.1']
    Key: Name, Value: ['WP_170086320.1']
    Key: Parent, Value: ['gene-COOX1_RS13420']
    Key: gbkey, Value: ['CDS']
    Key: inference, Value: ['COORDINATES: protein motif:HMM:NF015728.4']
    Key: locus_tag, Value: ['COOX1_RS13420']
    Key: phase, Value: ['0']
    Key: product, Value: ['RAMP superfamily CRISPR-associated protein']
    Key: protein_id, Value: ['WP_170086320.1']
    Key: source, Value: ['Protein Homology']
    Key: transl_table, Value: ['11']

GF(RAMP superfamily CRISPR-associated protein, 10591-11620 (1))
type: CDS
location: [2706423:2707035](+)
id: cds-WP_170086321.1
qualifiers:
    Key: Dbxref, Value: ['GenBank:WP_170086321.1']
    Key: ID, Value: ['cds-WP_170086321.1']
    Key: Name, Value: ['WP_170086321.1']
    Key: Parent, Value: ['gene-COOX1_RS13425']
    Key: gbkey, Value: ['CDS']
    Key: inference, Value: ['COORDINATES: ab initio prediction:GeneMarkS-2+']
    Key: locus_tag, Value: ['COOX1_RS13425']
    Key: phase, Value: ['0']
    Key: product, Value: ['hypothetical protein']
    Key: protein_id, Value: ['WP_170086321.1']
    Key: source, Value: ['GeneMarkS-2+']
    Key: transl_table, Value: ['11']

GF(None, 11616-12228 (1))
type: CDS
location: [2707041:2708181](+)
id: cds-WP_170086322.1
qualifiers:
    Key: Dbxref, Value: ['GenBank:WP_170086322.1']
    Key: ID, Value: ['cds-WP_170086322.1']
    Key: Name, Value: ['WP_170086322.1']
    Key: Parent, Value: ['gene-COOX1_RS13430']
    Key: gbkey, Value: ['CDS']
    Key: inference, Value: ['COORDINATES: protein motif:HMM:NF021189.4']
    Key: locus_tag, Value: ['COOX1_RS13430']
    Key: phase, Value: ['0']
    Key: product, Value: ['hypothetical protein']
    Key: protein_id, Value: ['WP_170086322.1']
    Key: source, Value: ['Protein Homology']
    Key: transl_table, Value: ['11']

GF(None, 12234-13374 (1))
type: CDS
location: [2708378:2708669](-)
id: cds-WP_170086323.1
qualifiers:
    Key: Dbxref, Value: ['GenBank:WP_170086323.1']
    Key: ID, Value: ['cds-WP_170086323.1']
    Key: Name, Value: ['WP_170086323.1']
    Key: Parent, Value: ['gene-COOX1_RS13435']
    Key: gbkey, Value: ['CDS']
    Key: inference, Value: ['COORDINATES: ab initio prediction:GeneMarkS-2+']
    Key: locus_tag, Value: ['COOX1_RS13435']
    Key: phase, Value: ['0']
    Key: product, Value: ['hypothetical protein']
    Key: protein_id, Value: ['WP_170086323.1']
    Key: source, Value: ['GeneMarkS-2+']
    Key: transl_table, Value: ['11']

GF(None, 13571-13862 (-1))
type: CDS
location: [2708698:2708914](+)
id: cds-WP_170084787.1-2
qualifiers:
    Key: Dbxref, Value: ['GenBank:WP_170084787.1']
    Key: ID, Value: ['cds-WP_170084787.1-2']
    Key: Name, Value: ['WP_170084787.1']
    Key: Parent, Value: ['gene-COOX1_RS13440']
    Key: gbkey, Value: ['CDS']
    Key: inference, Value: ['COORDINATES: ab initio prediction:GeneMarkS-2+']
    Key: locus_tag, Value: ['COOX1_RS13440']
    Key: phase, Value: ['0']
    Key: product, Value: ['hypothetical protein']
    Key: protein_id, Value: ['WP_170084787.1']
    Key: source, Value: ['GeneMarkS-2+']
    Key: transl_table, Value: ['11']

GF(None, 13891-14107 (1))
type: CDS
location: [2708952:2709192](-)
id: cds-COOX1_RS16585
qualifiers:
    Key: ID, Value: ['cds-COOX1_RS16585']
    Key: Note, Value: ['incomplete; partial in the middle of a contig; missing C-terminus']
    Key: Parent, Value: ['gene-COOX1_RS16585']
    Key: gbkey, Value: ['CDS']
    Key: inference, Value: ['COORDINATES: protein motif:HMM:NF040103.3']
    Key: locus_tag, Value: ['COOX1_RS16585']
    Key: partial, Value: ['true']
    Key: phase, Value: ['0']
    Key: product, Value: ['DUF6431 domain-containing protein']
    Key: pseudo, Value: ['true']
    Key: source, Value: ['Protein Homology']
    Key: start_range, Value: ['.', '2708953']
    Key: transl_table, Value: ['11']

GF(DUF6431 domain-containing protein, 14145-14385 (-1))
type: CDS
location: [2709423:2709555](+)
id: cds-WP_269153031.1
qualifiers:
    Key: Dbxref, Value: ['GenBank:WP_269153031.1']
    Key: ID, Value: ['cds-WP_269153031.1']
    Key: Name, Value: ['WP_269153031.1']
    Key: Parent, Value: ['gene-COOX1_RS16805']
    Key: gbkey, Value: ['CDS']
    Key: inference, Value: ['COORDINATES: ab initio prediction:GeneMarkS-2+']
    Key: locus_tag, Value: ['COOX1_RS16805']
    Key: phase, Value: ['0']
    Key: product, Value: ['hypothetical protein']
    Key: protein_id, Value: ['WP_269153031.1']
    Key: source, Value: ['GeneMarkS-2+']
    Key: transl_table, Value: ['11']

GF(None, 14616-14748 (1))
graphic feature from known effectors: GF(cami1, 12235-13374 (1))
[GF(nuclease-related domain-containing protein, 818-1859 (-1)), GF(None, 2683-3418 (1)), GF(None, 3999-6270 (1)), GF(RAMP superfamily CRISPR-associated protein, 6266-6980 (1)), GF(None, 6999-8319 (1)), GF(None, 8324-8804 (1)), GF(CRISPR-associated RAMP protein Csx7, 8800-9688 (1)), GF(CRISPR-associated RAMP protein Csx7, 9693-10587 (1)), GF(RAMP superfamily CRISPR-associated protein, 10591-11620 (1)), GF(None, 11616-12228 (1)), GF(None, 12234-13374 (1)), GF(None, 13571-13862 (-1)), GF(None, 13891-14107 (1)), GF(DUF6431 domain-containing protein, 14145-14385 (-1)), GF(None, 14616-14748 (1)), GF(cami1, 12235-13374 (1)), GF(CRISPR-Cas locus, 4000-13374 (0))]
