Cas operons file:    Unnamed: 0         Contig  ...           locus_id           sample
0           0  NZ_AP025158.1  ...  GCF_019974155.1_0  GCF_019974155.1

[1 rows x 19 columns]
The chosen contig: NZ_AP025158.1
type: CDS
location: [902399:903653](-)
id: cds-WP_096410481.1
qualifiers:
    Key: Dbxref, Value: ['GenBank:WP_096410481.1']
    Key: ID, Value: ['cds-WP_096410481.1']
    Key: Name, Value: ['WP_096410481.1']
    Key: Ontology_term, Value: ['GO:0055085', 'GO:0022857']
    Key: Parent, Value: ['gene-TthTMY_RS04905']
    Key: gbkey, Value: ['CDS']
    Key: go_function, Value: ['transmembrane transporter activity|0022857||IEA']
    Key: go_process, Value: ['transmembrane transport|0055085||IEA']
    Key: inference, Value: ['COORDINATES: similar to AA sequence:RefSeq:WP_011174350.1']
    Key: locus_tag, Value: ['TthTMY_RS04905']
    Key: phase, Value: ['0']
    Key: product, Value: ['MFS transporter']
    Key: protein_id, Value: ['WP_096410481.1']
    Key: source, Value: ['Protein Homology']
    Key: transl_table, Value: ['11']

GF(MFS transporter, 871-2125 (-1))
type: CDS
location: [903666:904461](-)
id: cds-WP_096410482.1
qualifiers:
    Key: Dbxref, Value: ['GenBank:WP_096410482.1']
    Key: ID, Value: ['cds-WP_096410482.1']
    Key: Name, Value: ['WP_096410482.1']
    Key: Parent, Value: ['gene-TthTMY_RS04910']
    Key: gbkey, Value: ['CDS']
    Key: inference, Value: ['COORDINATES: similar to AA sequence:RefSeq:WP_011229247.1']
    Key: locus_tag, Value: ['TthTMY_RS04910']
    Key: phase, Value: ['0']
    Key: product, Value: ['carbohydrate deacetylase']
    Key: protein_id, Value: ['WP_096410482.1']
    Key: source, Value: ['Protein Homology']
    Key: transl_table, Value: ['11']

GF(carbohydrate deacetylase, 2138-2933 (-1))
type: CDS
location: [905286:905445](-)
id: cds-WP_223903491.1
qualifiers:
    Key: Dbxref, Value: ['GenBank:WP_223903491.1']
    Key: ID, Value: ['cds-WP_223903491.1']
    Key: Name, Value: ['WP_223903491.1']
    Key: Parent, Value: ['gene-TthTMY_RS04915']
    Key: gbkey, Value: ['CDS']
    Key: inference, Value: ['COORDINATES: ab initio prediction:GeneMarkS-2+']
    Key: locus_tag, Value: ['TthTMY_RS04915']
    Key: phase, Value: ['0']
    Key: product, Value: ['hypothetical protein']
    Key: protein_id, Value: ['WP_223903491.1']
    Key: source, Value: ['GeneMarkS-2+']
    Key: transl_table, Value: ['11']

GF(None, 3758-3917 (-1))
type: CDS
location: [905527:906463](-)
id: cds-WP_096410483.1
qualifiers:
    Key: Dbxref, Value: ['GenBank:WP_096410483.1']
    Key: ID, Value: ['cds-WP_096410483.1']
    Key: Name, Value: ['WP_096410483.1']
    Key: Parent, Value: ['gene-TthTMY_RS04920']
    Key: gbkey, Value: ['CDS']
    Key: inference, Value: ['COORDINATES: ab initio prediction:GeneMarkS-2+']
    Key: locus_tag, Value: ['TthTMY_RS04920']
    Key: phase, Value: ['0']
    Key: product, Value: ['hypothetical protein']
    Key: protein_id, Value: ['WP_096410483.1']
    Key: source, Value: ['GeneMarkS-2+']
    Key: transl_table, Value: ['11']

GF(None, 3999-4935 (-1))
type: CDS
location: [906459:906828](-)
id: cds-WP_223903492.1
qualifiers:
    Key: Dbxref, Value: ['GenBank:WP_223903492.1']
    Key: ID, Value: ['cds-WP_223903492.1']
    Key: Name, Value: ['WP_223903492.1']
    Key: Parent, Value: ['gene-TthTMY_RS04925']
    Key: gbkey, Value: ['CDS']
    Key: inference, Value: ['COORDINATES: ab initio prediction:GeneMarkS-2+']
    Key: locus_tag, Value: ['TthTMY_RS04925']
    Key: phase, Value: ['0']
    Key: product, Value: ['hypothetical protein']
    Key: protein_id, Value: ['WP_223903492.1']
    Key: source, Value: ['GeneMarkS-2+']
    Key: transl_table, Value: ['11']

GF(None, 4931-5300 (-1))
type: CDS
location: [906827:907247](-)
id: cds-WP_223903493.1
qualifiers:
    Key: Dbxref, Value: ['GenBank:WP_223903493.1']
    Key: ID, Value: ['cds-WP_223903493.1']
    Key: Name, Value: ['WP_223903493.1']
    Key: Parent, Value: ['gene-TthTMY_RS04930']
    Key: gbkey, Value: ['CDS']
    Key: inference, Value: ['COORDINATES: protein motif:HMM:NF015728.4']
    Key: locus_tag, Value: ['TthTMY_RS04930']
    Key: phase, Value: ['0']
    Key: product, Value: ['RAMP superfamily CRISPR-associated protein']
    Key: protein_id, Value: ['WP_223903493.1']
    Key: source, Value: ['Protein Homology']
    Key: transl_table, Value: ['11']

GF(RAMP superfamily CRISPR-associated protein, 5299-5719 (-1))
type: CDS
location: [907268:908114](-)
id: cds-WP_096410485.1-3
qualifiers:
    Key: Dbxref, Value: ['GenBank:WP_096410485.1']
    Key: ID, Value: ['cds-WP_096410485.1-3']
    Key: Name, Value: ['WP_096410485.1']
    Key: Parent, Value: ['gene-TthTMY_RS04935']
    Key: gbkey, Value: ['CDS']
    Key: inference, Value: ['COORDINATES: similar to AA sequence:RefSeq:WP_013704078.1']
    Key: locus_tag, Value: ['TthTMY_RS04935']
    Key: phase, Value: ['0']
    Key: product, Value: ['transposase']
    Key: protein_id, Value: ['WP_096410485.1']
    Key: source, Value: ['Protein Homology']
    Key: transl_table, Value: ['11']

GF(transposase, 5740-6586 (-1))
type: CDS
location: [908130:908787](-)
id: cds-WP_096410486.1
qualifiers:
    Key: Dbxref, Value: ['GenBank:WP_096410486.1']
    Key: ID, Value: ['cds-WP_096410486.1']
    Key: Name, Value: ['WP_096410486.1']
    Key: Parent, Value: ['gene-TthTMY_RS04940']
    Key: gbkey, Value: ['CDS']
    Key: inference, Value: ['COORDINATES: protein motif:HMM:NF015728.4']
    Key: locus_tag, Value: ['TthTMY_RS04940']
    Key: phase, Value: ['0']
    Key: product, Value: ['RAMP superfamily CRISPR-associated protein']
    Key: protein_id, Value: ['WP_096410486.1']
    Key: source, Value: ['Protein Homology']
    Key: transl_table, Value: ['11']

GF(RAMP superfamily CRISPR-associated protein, 6602-7259 (-1))
type: CDS
location: [908800:911779](-)
id: cds-WP_223903494.1
qualifiers:
    Key: Dbxref, Value: ['GenBank:WP_223903494.1']
    Key: ID, Value: ['cds-WP_223903494.1']
    Key: Name, Value: ['WP_223903494.1']
    Key: Parent, Value: ['gene-TthTMY_RS04945']
    Key: gbkey, Value: ['CDS']
    Key: inference, Value: ['COORDINATES: ab initio prediction:GeneMarkS-2+']
    Key: locus_tag, Value: ['TthTMY_RS04945']
    Key: phase, Value: ['0']
    Key: product, Value: ['hypothetical protein']
    Key: protein_id, Value: ['WP_223903494.1']
    Key: source, Value: ['GeneMarkS-2+']
    Key: transl_table, Value: ['11']

GF(None, 7272-10251 (-1))
type: CDS
location: [911775:912681](-)
id: cds-WP_096410488.1
qualifiers:
    Key: Dbxref, Value: ['GenBank:WP_096410488.1']
    Key: ID, Value: ['cds-WP_096410488.1']
    Key: Name, Value: ['WP_096410488.1']
    Key: Parent, Value: ['gene-TthTMY_RS04950']
    Key: gbkey, Value: ['CDS']
    Key: inference, Value: ['COORDINATES: protein motif:HMM:NF015728.4']
    Key: locus_tag, Value: ['TthTMY_RS04950']
    Key: phase, Value: ['0']
    Key: product, Value: ['RAMP superfamily CRISPR-associated protein']
    Key: protein_id, Value: ['WP_096410488.1']
    Key: source, Value: ['Protein Homology']
    Key: transl_table, Value: ['11']

GF(RAMP superfamily CRISPR-associated protein, 10247-11153 (-1))
type: CDS
location: [912692:913682](-)
id: cds-WP_096410489.1
qualifiers:
    Key: Dbxref, Value: ['GenBank:WP_096410489.1']
    Key: ID, Value: ['cds-WP_096410489.1']
    Key: Name, Value: ['WP_096410489.1']
    Key: Ontology_term, Value: ['GO:0043571', 'GO:0003674']
    Key: Parent, Value: ['gene-TthTMY_RS04955']
    Key: gbkey, Value: ['CDS']
    Key: gene, Value: ['cmr1']
    Key: go_function, Value: ['molecular_function|0003674||IEA']
    Key: go_process, Value: ['maintenance of CRISPR repeat elements|0043571||IEA']
    Key: inference, Value: ['COORDINATES: protein motif:HMM:NF015728.4']
    Key: locus_tag, Value: ['TthTMY_RS04955']
    Key: phase, Value: ['0']
    Key: product, Value: ['type III-B CRISPR module RAMP protein Cmr1']
    Key: protein_id, Value: ['WP_096410489.1']
    Key: source, Value: ['Protein Homology']
    Key: transl_table, Value: ['11']

GF(type III-B CRISPR module RAMP protein Cmr1, 11164-12154 (-1))
type: CDS
location: [916120:917213](+)
id: cds-TthTMY_RS04960
qualifiers:
    Key: ID, Value: ['cds-TthTMY_RS04960']
    Key: Note, Value: ['frameshifted']
    Key: Ontology_term, Value: ['GO:0004803']
    Key: Parent, Value: ['gene-TthTMY_RS04960']
    Key: gbkey, Value: ['CDS']
    Key: go_function, Value: ['transposase activity|0004803||IEA']
    Key: inference, Value: ['COORDINATES: similar to AA sequence:RefSeq:WP_076612305.1']
    Key: locus_tag, Value: ['TthTMY_RS04960']
    Key: phase, Value: ['0']
    Key: product, Value: ['IS4 family transposase']
    Key: pseudo, Value: ['true']
    Key: source, Value: ['Protein Homology']
    Key: transl_table, Value: ['11']

GF(IS4 family transposase, 14592-15685 (1))
type: repeat_region
location: [913794:915913](+)
id: NZ_AP025158.1_4
qualifiers:
    Key: Dbxref, Value: ['SO:0001459']
    Key: ID, Value: ['NZ_AP025158.1_4']
    Key: Note, Value: ['GTTTCAAACCCTCATAGGTACGGTCAAAAC']
    Key: Ontology_term, Value: ['CRISPR']
    Key: score, Value: ['2119']
    Key: source, Value: ['CCTyper']

GF(Repeat region, 12266-14385 (0))
graphic feature from cctyper protein table: GF(Cmr3, 4000-4935 (-1))
graphic feature from cctyper protein table: GF(Cmr5gr11, 4932-5300 (-1))
graphic feature from cctyper protein table: GF(Cmr4gr7, 6603-7259 (-1))
graphic feature from cctyper protein table: GF(Cas10, 7273-10251 (-1))
graphic feature from cctyper protein table: GF(Cmr6, 10248-11153 (-1))
graphic feature from cctyper protein table: GF(Csm3gr7, 11165-12154 (-1))
Index(['protein_id', 'start', 'end', 'effector', 'locus', 'sample', 'strand',
       'sequence'],
      dtype='object')
Index(['protein_id', 'start', 'end', 'effector', 'locus', 'sample', 'strand',
       'sequence'],
      dtype='object')
[GF(MFS transporter, 871-2125 (-1)), GF(carbohydrate deacetylase, 2138-2933 (-1)), GF(None, 3758-3917 (-1)), GF(None, 3999-4935 (-1)), GF(None, 4931-5300 (-1)), GF(RAMP superfamily CRISPR-associated protein, 5299-5719 (-1)), GF(transposase, 5740-6586 (-1)), GF(RAMP superfamily CRISPR-associated protein, 6602-7259 (-1)), GF(None, 7272-10251 (-1)), GF(RAMP superfamily CRISPR-associated protein, 10247-11153 (-1)), GF(type III-B CRISPR module RAMP protein Cmr1, 11164-12154 (-1)), GF(IS4 family transposase, 14592-15685 (1)), GF(Repeat region, 12266-14385 (0)), GF(Cmr3, 4000-4935 (-1)), GF(Cmr5gr11, 4932-5300 (-1)), GF(Cmr4gr7, 6603-7259 (-1)), GF(Cas10, 7273-10251 (-1)), GF(Cmr6, 10248-11153 (-1)), GF(Csm3gr7, 11165-12154 (-1)), GF(CRISPR-Cas locus, 4000-12154 (0))]
