Cas operons file:    Unnamed: 0         Contig  ...           locus_id           sample
0           3  NZ_CP083931.1  ...  GCF_020162295.1_3  GCF_020162295.1

[1 rows x 19 columns]
The chosen contig: NZ_CP083931.1
type: CDS
location: [816892:817333](-)
id: cds-WP_097115238.1
qualifiers:
    Key: Dbxref, Value: ['GenBank:WP_097115238.1']
    Key: ID, Value: ['cds-WP_097115238.1']
    Key: Name, Value: ['WP_097115238.1']
    Key: Parent, Value: ['gene-JF568_RS04095']
    Key: gbkey, Value: ['CDS']
    Key: inference, Value: ['COORDINATES: protein motif:HMM:NF024966.3']
    Key: locus_tag, Value: ['JF568_RS04095']
    Key: phase, Value: ['0']
    Key: product, Value: ['nuclear transport factor 2 family protein']
    Key: protein_id, Value: ['WP_097115238.1']
    Key: source, Value: ['Protein Homology']
    Key: transl_table, Value: ['11']

GF(nuclear transport factor 2 family protein, 279-720 (-1))
type: CDS
location: [817375:817951](-)
id: cds-WP_097115237.1
qualifiers:
    Key: Dbxref, Value: ['GenBank:WP_097115237.1']
    Key: ID, Value: ['cds-WP_097115237.1']
    Key: Name, Value: ['WP_097115237.1']
    Key: Parent, Value: ['gene-JF568_RS04100']
    Key: gbkey, Value: ['CDS']
    Key: inference, Value: ['COORDINATES: protein motif:HMM:NF024852.3']
    Key: locus_tag, Value: ['JF568_RS04100']
    Key: phase, Value: ['0']
    Key: product, Value: ['NAD(P)H-binding protein']
    Key: protein_id, Value: ['WP_097115237.1']
    Key: source, Value: ['Protein Homology']
    Key: transl_table, Value: ['11']

GF(NAD(P)H-binding protein, 762-1338 (-1))
type: CDS
location: [818050:818926](+)
id: cds-WP_097115235.1
qualifiers:
    Key: Dbxref, Value: ['GenBank:WP_097115235.1']
    Key: ID, Value: ['cds-WP_097115235.1']
    Key: Name, Value: ['WP_097115235.1']
    Key: Ontology_term, Value: ['GO:0001216']
    Key: Parent, Value: ['gene-JF568_RS04105']
    Key: gbkey, Value: ['CDS']
    Key: go_function, Value: ['DNA-binding transcription activator activity|0001216||IEA']
    Key: inference, Value: ['COORDINATES: protein motif:HMM:NF015431.3']
    Key: locus_tag, Value: ['JF568_RS04105']
    Key: phase, Value: ['0']
    Key: product, Value: ['LysR family transcriptional regulator']
    Key: protein_id, Value: ['WP_097115235.1']
    Key: source, Value: ['Protein Homology']
    Key: transl_table, Value: ['11']

GF(LysR family transcriptional regulator, 1437-2313 (1))
type: CDS
location: [819011:819293](-)
id: cds-WP_097115233.1
qualifiers:
    Key: Dbxref, Value: ['GenBank:WP_097115233.1']
    Key: ID, Value: ['cds-WP_097115233.1']
    Key: Name, Value: ['WP_097115233.1']
    Key: Parent, Value: ['gene-JF568_RS04110']
    Key: gbkey, Value: ['CDS']
    Key: inference, Value: ['COORDINATES: similar to AA sequence:RefSeq:WP_019396932.1']
    Key: locus_tag, Value: ['JF568_RS04110']
    Key: phase, Value: ['0']
    Key: product, Value: ['metal-sensing transcriptional repressor']
    Key: protein_id, Value: ['WP_097115233.1']
    Key: source, Value: ['Protein Homology']
    Key: transl_table, Value: ['11']

GF(metal-sensing transcriptional repressor, 2398-2680 (-1))
type: CDS
location: [819413:819737](-)
id: cds-WP_182073098.1-2
qualifiers:
    Key: Dbxref, Value: ['GenBank:WP_182073098.1']
    Key: ID, Value: ['cds-WP_182073098.1-2']
    Key: Name, Value: ['WP_182073098.1']
    Key: Parent, Value: ['gene-JF568_RS04115']
    Key: gbkey, Value: ['CDS']
    Key: inference, Value: ['COORDINATES: protein motif:HMM:NF024751.3']
    Key: locus_tag, Value: ['JF568_RS04115']
    Key: phase, Value: ['0']
    Key: product, Value: ['transposase']
    Key: protein_id, Value: ['WP_182073098.1']
    Key: source, Value: ['Protein Homology']
    Key: transl_table, Value: ['11']

GF(transposase, 2800-3124 (-1))
type: CDS
location: [819782:820133](-)
id: cds-WP_182073064.1-5
qualifiers:
    Key: Dbxref, Value: ['GenBank:WP_182073064.1']
    Key: ID, Value: ['cds-WP_182073064.1-5']
    Key: Name, Value: ['WP_182073064.1']
    Key: Parent, Value: ['gene-JF568_RS04120']
    Key: gbkey, Value: ['CDS']
    Key: inference, Value: ['COORDINATES: protein motif:HMM:NF013842.3']
    Key: locus_tag, Value: ['JF568_RS04120']
    Key: phase, Value: ['0']
    Key: product, Value: ['IS630 transposase-related protein']
    Key: protein_id, Value: ['WP_182073064.1']
    Key: source, Value: ['Protein Homology']
    Key: transl_table, Value: ['11']

GF(IS630 transposase-related protein, 3169-3520 (-1))
type: CDS
location: [820612:821785](+)
id: cds-WP_218839702.1
qualifiers:
    Key: Dbxref, Value: ['GenBank:WP_218839702.1']
    Key: ID, Value: ['cds-WP_218839702.1']
    Key: Name, Value: ['WP_218839702.1']
    Key: Ontology_term, Value: ['GO:0043571', 'GO:0003674']
    Key: Parent, Value: ['gene-JF568_RS04125']
    Key: gbkey, Value: ['CDS']
    Key: gene, Value: ['csm6']
    Key: go_function, Value: ['molecular_function|0003674||IEA']
    Key: go_process, Value: ['maintenance of CRISPR repeat elements|0043571||IEA']
    Key: inference, Value: ['COORDINATES: protein motif:HMM:NF021162.3']
    Key: locus_tag, Value: ['JF568_RS04125']
    Key: phase, Value: ['0']
    Key: product, Value: ['CRISPR-associated ring nuclease Csm6']
    Key: protein_id, Value: ['WP_218839702.1']
    Key: source, Value: ['Protein Homology']
    Key: transl_table, Value: ['11']

GF(CRISPR-associated ring nuclease Csm6, 3999-5172 (1))
type: CDS
location: [821797:823033](+)
id: cds-WP_097115251.1
qualifiers:
    Key: Dbxref, Value: ['GenBank:WP_097115251.1']
    Key: ID, Value: ['cds-WP_097115251.1']
    Key: Name, Value: ['WP_097115251.1']
    Key: Ontology_term, Value: ['GO:0043571', 'GO:0003674']
    Key: Parent, Value: ['gene-JF568_RS04130']
    Key: gbkey, Value: ['CDS']
    Key: gene, Value: ['cmr1']
    Key: go_function, Value: ['molecular_function|0003674||IEA']
    Key: go_process, Value: ['maintenance of CRISPR repeat elements|0043571||IEA']
    Key: inference, Value: ['COORDINATES: protein motif:HMM:TIGR01894.1']
    Key: locus_tag, Value: ['JF568_RS04130']
    Key: phase, Value: ['0']
    Key: product, Value: ['type III-B CRISPR module RAMP protein Cmr1']
    Key: protein_id, Value: ['WP_097115251.1']
    Key: source, Value: ['Protein Homology']
    Key: transl_table, Value: ['11']

GF(type III-B CRISPR module RAMP protein Cmr1, 5184-6420 (1))
type: CDS
location: [823039:824941](+)
id: cds-WP_097115253.1
qualifiers:
    Key: Dbxref, Value: ['GenBank:WP_097115253.1']
    Key: ID, Value: ['cds-WP_097115253.1']
    Key: Name, Value: ['WP_097115253.1']
    Key: Ontology_term, Value: ['GO:0043571', 'GO:0003674']
    Key: Parent, Value: ['gene-JF568_RS04135']
    Key: gbkey, Value: ['CDS']
    Key: gene, Value: ['cas10']
    Key: go_function, Value: ['molecular_function|0003674||IEA']
    Key: go_process, Value: ['maintenance of CRISPR repeat elements|0043571||IEA']
    Key: inference, Value: ['COORDINATES: similar to AA sequence:RefSeq:WP_003778865.1']
    Key: locus_tag, Value: ['JF568_RS04135']
    Key: phase, Value: ['0']
    Key: product, Value: ['type III-B CRISPR-associated protein Cas10/Cmr2']
    Key: protein_id, Value: ['WP_097115253.1']
    Key: source, Value: ['Protein Homology']
    Key: transl_table, Value: ['11']

GF(type III-B CRISPR-associated protein Cas10/Cmr2, 6426-8328 (1))
type: CDS
location: [824944:826081](+)
id: cds-WP_097115255.1
qualifiers:
    Key: Dbxref, Value: ['GenBank:WP_097115255.1']
    Key: ID, Value: ['cds-WP_097115255.1']
    Key: Name, Value: ['WP_097115255.1']
    Key: Parent, Value: ['gene-JF568_RS04140']
    Key: gbkey, Value: ['CDS']
    Key: inference, Value: ['COORDINATES: protein motif:HMM:NF021236.3']
    Key: locus_tag, Value: ['JF568_RS04140']
    Key: phase, Value: ['0']
    Key: product, Value: ['type III-B CRISPR module-associated Cmr3 family protein']
    Key: protein_id, Value: ['WP_097115255.1']
    Key: source, Value: ['Protein Homology']
    Key: transl_table, Value: ['11']

GF(type III-B CRISPR module-associated Cmr3 family protein, 8331-9468 (1))
type: CDS
location: [826113:827028](+)
id: cds-WP_097115257.1
qualifiers:
    Key: Dbxref, Value: ['GenBank:WP_097115257.1']
    Key: ID, Value: ['cds-WP_097115257.1']
    Key: Name, Value: ['WP_097115257.1']
    Key: Ontology_term, Value: ['GO:0043571', 'GO:0003674']
    Key: Parent, Value: ['gene-JF568_RS04145']
    Key: gbkey, Value: ['CDS']
    Key: gene, Value: ['cmr4']
    Key: go_function, Value: ['molecular_function|0003674||IEA']
    Key: go_process, Value: ['maintenance of CRISPR repeat elements|0043571||IEA']
    Key: inference, Value: ['COORDINATES: similar to AA sequence:RefSeq:WP_003778861.1']
    Key: locus_tag, Value: ['JF568_RS04145']
    Key: phase, Value: ['0']
    Key: product, Value: ['type III-B CRISPR module RAMP protein Cmr4']
    Key: protein_id, Value: ['WP_097115257.1']
    Key: source, Value: ['Protein Homology']
    Key: transl_table, Value: ['11']

GF(type III-B CRISPR module RAMP protein Cmr4, 9500-10415 (1))
type: CDS
location: [827027:827489](+)
id: cds-WP_224446389.1
qualifiers:
    Key: Dbxref, Value: ['GenBank:WP_224446389.1']
    Key: ID, Value: ['cds-WP_224446389.1']
    Key: Name, Value: ['WP_224446389.1']
    Key: Ontology_term, Value: ['GO:0043571', 'GO:0003674']
    Key: Parent, Value: ['gene-JF568_RS04150']
    Key: gbkey, Value: ['CDS']
    Key: gene, Value: ['cmr5']
    Key: go_function, Value: ['molecular_function|0003674||IEA']
    Key: go_process, Value: ['maintenance of CRISPR repeat elements|0043571||IEA']
    Key: inference, Value: ['COORDINATES: similar to AA sequence:RefSeq:WP_003778859.1']
    Key: locus_tag, Value: ['JF568_RS04150']
    Key: phase, Value: ['0']
    Key: product, Value: ['type III-B CRISPR module-associated protein Cmr5']
    Key: protein_id, Value: ['WP_224446389.1']
    Key: source, Value: ['Protein Homology']
    Key: transl_table, Value: ['11']

GF(type III-B CRISPR module-associated protein Cmr5, 10414-10876 (1))
type: CDS
location: [827472:828639](+)
id: cds-WP_224446390.1
qualifiers:
    Key: Dbxref, Value: ['GenBank:WP_224446390.1']
    Key: ID, Value: ['cds-WP_224446390.1']
    Key: Name, Value: ['WP_224446390.1']
    Key: Ontology_term, Value: ['GO:0043571', 'GO:0003674']
    Key: Parent, Value: ['gene-JF568_RS04155']
    Key: gbkey, Value: ['CDS']
    Key: gene, Value: ['cmr6']
    Key: go_function, Value: ['molecular_function|0003674||IEA']
    Key: go_process, Value: ['maintenance of CRISPR repeat elements|0043571||IEA']
    Key: inference, Value: ['COORDINATES: protein motif:HMM:TIGR01898.1']
    Key: locus_tag, Value: ['JF568_RS04155']
    Key: phase, Value: ['0']
    Key: product, Value: ['type III-B CRISPR module RAMP protein Cmr6']
    Key: protein_id, Value: ['WP_224446390.1']
    Key: source, Value: ['Protein Homology']
    Key: transl_table, Value: ['11']

GF(type III-B CRISPR module RAMP protein Cmr6, 10859-12026 (1))
type: CDS
location: [828693:829065](-)
id: cds-WP_143269219.1
qualifiers:
    Key: Dbxref, Value: ['GenBank:WP_143269219.1']
    Key: ID, Value: ['cds-WP_143269219.1']
    Key: Name, Value: ['WP_143269219.1']
    Key: Parent, Value: ['gene-JF568_RS04160']
    Key: gbkey, Value: ['CDS']
    Key: inference, Value: ['COORDINATES: ab initio prediction:GeneMarkS-2+']
    Key: locus_tag, Value: ['JF568_RS04160']
    Key: phase, Value: ['0']
    Key: product, Value: ['hypothetical protein']
    Key: protein_id, Value: ['WP_143269219.1']
    Key: source, Value: ['GeneMarkS-2+']
    Key: transl_table, Value: ['11']

GF(None, 12080-12452 (-1))
type: CDS
location: [829178:829505](-)
id: cds-WP_182073097.1
qualifiers:
    Key: Dbxref, Value: ['GenBank:WP_182073097.1']
    Key: ID, Value: ['cds-WP_182073097.1']
    Key: Name, Value: ['WP_182073097.1']
    Key: Parent, Value: ['gene-JF568_RS04165']
    Key: gbkey, Value: ['CDS']
    Key: inference, Value: ['COORDINATES: protein motif:HMM:NF024751.3']
    Key: locus_tag, Value: ['JF568_RS04165']
    Key: phase, Value: ['0']
    Key: product, Value: ['transposase']
    Key: protein_id, Value: ['WP_182073097.1']
    Key: source, Value: ['Protein Homology']
    Key: transl_table, Value: ['11']

GF(transposase, 12565-12892 (-1))
type: CDS
location: [829537:829888](-)
id: cds-WP_182073064.1-6
qualifiers:
    Key: Dbxref, Value: ['GenBank:WP_182073064.1']
    Key: ID, Value: ['cds-WP_182073064.1-6']
    Key: Name, Value: ['WP_182073064.1']
    Key: Parent, Value: ['gene-JF568_RS04170']
    Key: gbkey, Value: ['CDS']
    Key: inference, Value: ['COORDINATES: protein motif:HMM:NF013842.3']
    Key: locus_tag, Value: ['JF568_RS04170']
    Key: phase, Value: ['0']
    Key: product, Value: ['IS630 transposase-related protein']
    Key: protein_id, Value: ['WP_182073064.1']
    Key: source, Value: ['Protein Homology']
    Key: transl_table, Value: ['11']

GF(IS630 transposase-related protein, 12924-13275 (-1))
type: CDS
location: [829974:830817](-)
id: cds-WP_097113953.1
qualifiers:
    Key: Dbxref, Value: ['GenBank:WP_097113953.1']
    Key: ID, Value: ['cds-WP_097113953.1']
    Key: Name, Value: ['WP_097113953.1']
    Key: Parent, Value: ['gene-JF568_RS04175']
    Key: gbkey, Value: ['CDS']
    Key: inference, Value: ['COORDINATES: similar to AA sequence:RefSeq:WP_003797886.1']
    Key: locus_tag, Value: ['JF568_RS04175']
    Key: phase, Value: ['0']
    Key: product, Value: ['N-acyl homoserine lactonase family protein']
    Key: protein_id, Value: ['WP_097113953.1']
    Key: source, Value: ['Protein Homology']
    Key: transl_table, Value: ['11']

GF(N-acyl homoserine lactonase family protein, 13361-14204 (-1))
type: CDS
location: [830948:831518](+)
id: cds-WP_097113952.1
qualifiers:
    Key: Dbxref, Value: ['GenBank:WP_097113952.1']
    Key: ID, Value: ['cds-WP_097113952.1']
    Key: Name, Value: ['WP_097113952.1']
    Key: Ontology_term, Value: ['GO:0006355', 'GO:0003677', 'GO:0003700']
    Key: Parent, Value: ['gene-JF568_RS04180']
    Key: gbkey, Value: ['CDS']
    Key: go_function, Value: ['DNA binding|0003677||IEA', 'DNA-binding transcription factor activity|0003700||IEA']
    Key: go_process, Value: ['regulation of DNA-templated transcription|0006355||IEA']
    Key: inference, Value: ['COORDINATES: protein motif:HMM:NF012655.3']
    Key: locus_tag, Value: ['JF568_RS04180']
    Key: phase, Value: ['0']
    Key: product, Value: ['TetR/AcrR family transcriptional regulator']
    Key: protein_id, Value: ['WP_097113952.1']
    Key: source, Value: ['Protein Homology']
    Key: transl_table, Value: ['11']

GF(TetR/AcrR family transcriptional regulator, 14335-14905 (1))
type: CDS
location: [831605:832496](+)
id: cds-WP_097113951.1
qualifiers:
    Key: Dbxref, Value: ['GenBank:WP_097113951.1']
    Key: ID, Value: ['cds-WP_097113951.1']
    Key: Name, Value: ['WP_097113951.1']
    Key: Ontology_term, Value: ['GO:0001216']
    Key: Parent, Value: ['gene-JF568_RS04185']
    Key: gbkey, Value: ['CDS']
    Key: go_function, Value: ['DNA-binding transcription activator activity|0001216||IEA']
    Key: inference, Value: ['COORDINATES: protein motif:HMM:NF015431.3']
    Key: locus_tag, Value: ['JF568_RS04185']
    Key: phase, Value: ['0']
    Key: product, Value: ['LysR family transcriptional regulator']
    Key: protein_id, Value: ['WP_097113951.1']
    Key: source, Value: ['Protein Homology']
    Key: transl_table, Value: ['11']

GF(LysR family transcriptional regulator, 14992-15883 (1))
graphic feature from cctyper protein table: GF(Csx1, 4000-5172 (1))
graphic feature from cctyper protein table: GF(Cmr1gr7, 5185-6420 (1))
graphic feature from cctyper protein table: GF(Cas10, 6427-8328 (1))
graphic feature from cctyper protein table: GF(Cmr3gr5, 8332-9468 (1))
graphic feature from cctyper protein table: GF(Cmr4gr7, 9501-10415 (1))
graphic feature from cctyper protein table: GF(Cmr5gr11, 10415-10876 (1))
graphic feature from cctyper protein table: GF(Cmr6gr7, 10860-12026 (1))
Index(['protein_id', 'start', 'end', 'effector', 'locus', 'sample', 'strand',
       'sequence'],
      dtype='object')
Index(['protein_id', 'start', 'end', 'effector', 'locus', 'sample', 'strand',
       'sequence'],
      dtype='object')
[GF(nuclear transport factor 2 family protein, 279-720 (-1)), GF(NAD(P)H-binding protein, 762-1338 (-1)), GF(LysR family transcriptional regulator, 1437-2313 (1)), GF(metal-sensing transcriptional repressor, 2398-2680 (-1)), GF(transposase, 2800-3124 (-1)), GF(IS630 transposase-related protein, 3169-3520 (-1)), GF(CRISPR-associated ring nuclease Csm6, 3999-5172 (1)), GF(type III-B CRISPR module RAMP protein Cmr1, 5184-6420 (1)), GF(type III-B CRISPR-associated protein Cas10/Cmr2, 6426-8328 (1)), GF(type III-B CRISPR module-associated Cmr3 family protein, 8331-9468 (1)), GF(type III-B CRISPR module RAMP protein Cmr4, 9500-10415 (1)), GF(type III-B CRISPR module-associated protein Cmr5, 10414-10876 (1)), GF(type III-B CRISPR module RAMP protein Cmr6, 10859-12026 (1)), GF(None, 12080-12452 (-1)), GF(transposase, 12565-12892 (-1)), GF(IS630 transposase-related protein, 12924-13275 (-1)), GF(N-acyl homoserine lactonase family protein, 13361-14204 (-1)), GF(TetR/AcrR family transcriptional regulator, 14335-14905 (1)), GF(LysR family transcriptional regulator, 14992-15883 (1)), GF(Csx1, 4000-5172 (1)), GF(Cmr1gr7, 5185-6420 (1)), GF(Cas10, 6427-8328 (1)), GF(Cmr3gr5, 8332-9468 (1)), GF(Cmr4gr7, 9501-10415 (1)), GF(Cmr5gr11, 10415-10876 (1)), GF(Cmr6gr7, 10860-12026 (1)), GF(CRISPR-Cas locus, 4000-12026 (0))]
