Cas operons file:    Unnamed: 0         Contig  ...           locus_id           sample
0           0  NZ_CP069396.1  ...  GCF_016887565.1_0  GCF_016887565.1

[1 rows x 19 columns]
The chosen contig: NZ_CP069396.1
type: CDS
location: [11940178:11940688](+)
id: cds-WP_204222722.1
qualifiers:
    Key: Dbxref, Value: ['GenBank:WP_204222722.1']
    Key: ID, Value: ['cds-WP_204222722.1']
    Key: Name, Value: ['WP_204222722.1']
    Key: Parent, Value: ['gene-JRI60_RS47625']
    Key: gbkey, Value: ['CDS']
    Key: inference, Value: ['COORDINATES: ab initio prediction:GeneMarkS-2+']
    Key: locus_tag, Value: ['JRI60_RS47625']
    Key: phase, Value: ['0']
    Key: product, Value: ['hypothetical protein']
    Key: protein_id, Value: ['WP_204222722.1']
    Key: source, Value: ['GeneMarkS-2+']
    Key: transl_table, Value: ['11']

GF(None, 709-1219 (1))
type: CDS
location: [11940684:11941491](-)
id: cds-WP_204222723.1
qualifiers:
    Key: Dbxref, Value: ['GenBank:WP_204222723.1']
    Key: ID, Value: ['cds-WP_204222723.1']
    Key: Name, Value: ['WP_204222723.1']
    Key: Parent, Value: ['gene-JRI60_RS47630']
    Key: gbkey, Value: ['CDS']
    Key: inference, Value: ['COORDINATES: similar to AA sequence:RefSeq:WP_013936417.1']
    Key: locus_tag, Value: ['JRI60_RS47630']
    Key: phase, Value: ['0']
    Key: product, Value: ['class I SAM-dependent methyltransferase']
    Key: protein_id, Value: ['WP_204222723.1']
    Key: source, Value: ['Protein Homology']
    Key: transl_table, Value: ['11']

GF(class I SAM-dependent methyltransferase, 1215-2022 (-1))
type: CDS
location: [11941567:11942863](+)
id: cds-WP_204222724.1
qualifiers:
    Key: Dbxref, Value: ['GenBank:WP_204222724.1']
    Key: ID, Value: ['cds-WP_204222724.1']
    Key: Name, Value: ['WP_204222724.1']
    Key: Ontology_term, Value: ['GO:0046912']
    Key: Parent, Value: ['gene-JRI60_RS47635']
    Key: gbkey, Value: ['CDS']
    Key: go_function, Value: ['acyltransferase activity, acyl groups converted into alkyl on transfer|0046912||IEA']
    Key: inference, Value: ['COORDINATES: similar to AA sequence:RefSeq:WP_002628611.1']
    Key: locus_tag, Value: ['JRI60_RS47635']
    Key: phase, Value: ['0']
    Key: product, Value: ['citrate synthase']
    Key: protein_id, Value: ['WP_204222724.1']
    Key: source, Value: ['Protein Homology']
    Key: transl_table, Value: ['11']

GF(citrate synthase, 2098-3394 (1))
type: CDS
location: [11942884:11943259](-)
id: cds-WP_204222725.1
qualifiers:
    Key: Dbxref, Value: ['GenBank:WP_204222725.1']
    Key: ID, Value: ['cds-WP_204222725.1']
    Key: Name, Value: ['WP_204222725.1']
    Key: Parent, Value: ['gene-JRI60_RS47640']
    Key: gbkey, Value: ['CDS']
    Key: inference, Value: ['COORDINATES: ab initio prediction:GeneMarkS-2+']
    Key: locus_tag, Value: ['JRI60_RS47640']
    Key: phase, Value: ['0']
    Key: product, Value: ['hypothetical protein']
    Key: protein_id, Value: ['WP_204222725.1']
    Key: source, Value: ['GeneMarkS-2+']
    Key: transl_table, Value: ['11']

GF(None, 3415-3790 (-1))
type: CDS
location: [11943263:11943458](+)
id: cds-WP_204222726.1
qualifiers:
    Key: Dbxref, Value: ['GenBank:WP_204222726.1']
    Key: ID, Value: ['cds-WP_204222726.1']
    Key: Name, Value: ['WP_204222726.1']
    Key: Parent, Value: ['gene-JRI60_RS47645']
    Key: gbkey, Value: ['CDS']
    Key: inference, Value: ['COORDINATES: ab initio prediction:GeneMarkS-2+']
    Key: locus_tag, Value: ['JRI60_RS47645']
    Key: phase, Value: ['0']
    Key: product, Value: ['hypothetical protein']
    Key: protein_id, Value: ['WP_204222726.1']
    Key: source, Value: ['GeneMarkS-2+']
    Key: transl_table, Value: ['11']

GF(None, 3794-3989 (1))
type: CDS
location: [11943468:11944143](-)
id: cds-WP_204222727.1
qualifiers:
    Key: Dbxref, Value: ['GenBank:WP_204222727.1']
    Key: ID, Value: ['cds-WP_204222727.1']
    Key: Name, Value: ['WP_204222727.1']
    Key: Ontology_term, Value: ['GO:0043571']
    Key: Parent, Value: ['gene-JRI60_RS47650']
    Key: gbkey, Value: ['CDS']
    Key: gene, Value: ['cas6']
    Key: go_process, Value: ['maintenance of CRISPR repeat elements|0043571||IEA']
    Key: inference, Value: ['COORDINATES: similar to AA sequence:RefSeq:WP_011557195.1']
    Key: locus_tag, Value: ['JRI60_RS47650']
    Key: phase, Value: ['0']
    Key: product, Value: ['type I-MYXAN CRISPR-associated protein Cas6/Cmx6']
    Key: protein_id, Value: ['WP_204222727.1']
    Key: source, Value: ['Protein Homology']
    Key: transl_table, Value: ['11']

GF(type I-MYXAN CRISPR-associated protein Cas6/Cmx6, 3999-4674 (-1))
type: CDS
location: [11944139:11945246](-)
id: cds-WP_204222728.1
qualifiers:
    Key: Dbxref, Value: ['GenBank:WP_204222728.1']
    Key: ID, Value: ['cds-WP_204222728.1']
    Key: Name, Value: ['WP_204222728.1']
    Key: Ontology_term, Value: ['GO:0043571', 'GO:0003674']
    Key: Parent, Value: ['gene-JRI60_RS47655']
    Key: gbkey, Value: ['CDS']
    Key: gene, Value: ['cmr6']
    Key: go_function, Value: ['molecular_function|0003674||IEA']
    Key: go_process, Value: ['maintenance of CRISPR repeat elements|0043571||IEA']
    Key: inference, Value: ['COORDINATES: protein motif:HMM:TIGR01898.1']
    Key: locus_tag, Value: ['JRI60_RS47655']
    Key: phase, Value: ['0']
    Key: product, Value: ['type III-B CRISPR module RAMP protein Cmr6']
    Key: protein_id, Value: ['WP_204222728.1']
    Key: source, Value: ['Protein Homology']
    Key: transl_table, Value: ['11']

GF(type III-B CRISPR module RAMP protein Cmr6, 4670-5777 (-1))
type: CDS
location: [11945223:11945637](-)
id: cds-WP_204222729.1
qualifiers:
    Key: Dbxref, Value: ['GenBank:WP_204222729.1']
    Key: ID, Value: ['cds-WP_204222729.1']
    Key: Name, Value: ['WP_204222729.1']
    Key: Parent, Value: ['gene-JRI60_RS47660']
    Key: gbkey, Value: ['CDS']
    Key: inference, Value: ['COORDINATES: similar to AA sequence:RefSeq:WP_011557197.1']
    Key: locus_tag, Value: ['JRI60_RS47660']
    Key: phase, Value: ['0']
    Key: product, Value: ['type III-B CRISPR module-associated protein Cmr5']
    Key: protein_id, Value: ['WP_204222729.1']
    Key: source, Value: ['Protein Homology']
    Key: transl_table, Value: ['11']

GF(type III-B CRISPR module-associated protein Cmr5, 5754-6168 (-1))
type: CDS
location: [11945633:11946545](-)
id: cds-WP_239470151.1
qualifiers:
    Key: Dbxref, Value: ['GenBank:WP_239470151.1']
    Key: ID, Value: ['cds-WP_239470151.1']
    Key: Name, Value: ['WP_239470151.1']
    Key: Ontology_term, Value: ['GO:0043571', 'GO:0003674']
    Key: Parent, Value: ['gene-JRI60_RS47665']
    Key: gbkey, Value: ['CDS']
    Key: gene, Value: ['cmr4']
    Key: go_function, Value: ['molecular_function|0003674||IEA']
    Key: go_process, Value: ['maintenance of CRISPR repeat elements|0043571||IEA']
    Key: inference, Value: ['COORDINATES: similar to AA sequence:RefSeq:WP_011557198.1']
    Key: locus_tag, Value: ['JRI60_RS47665']
    Key: phase, Value: ['0']
    Key: product, Value: ['type III-B CRISPR module RAMP protein Cmr4']
    Key: protein_id, Value: ['WP_239470151.1']
    Key: source, Value: ['Protein Homology']
    Key: transl_table, Value: ['11']

GF(type III-B CRISPR module RAMP protein Cmr4, 6164-7076 (-1))
type: CDS
location: [11946541:11947717](-)
id: cds-WP_204222730.1
qualifiers:
    Key: Dbxref, Value: ['GenBank:WP_204222730.1']
    Key: ID, Value: ['cds-WP_204222730.1']
    Key: Name, Value: ['WP_204222730.1']
    Key: Parent, Value: ['gene-JRI60_RS47670']
    Key: gbkey, Value: ['CDS']
    Key: inference, Value: ['COORDINATES: similar to AA sequence:RefSeq:WP_011557199.1']
    Key: locus_tag, Value: ['JRI60_RS47670']
    Key: phase, Value: ['0']
    Key: product, Value: ['type III-B CRISPR module-associated Cmr3 family protein']
    Key: protein_id, Value: ['WP_204222730.1']
    Key: source, Value: ['Protein Homology']
    Key: transl_table, Value: ['11']

GF(type III-B CRISPR module-associated Cmr3 family protein, 7072-8248 (-1))
type: CDS
location: [11947713:11949483](-)
id: cds-WP_204222731.1
qualifiers:
    Key: Dbxref, Value: ['GenBank:WP_204222731.1']
    Key: ID, Value: ['cds-WP_204222731.1']
    Key: Name, Value: ['WP_204222731.1']
    Key: Ontology_term, Value: ['GO:0043571', 'GO:0003674']
    Key: Parent, Value: ['gene-JRI60_RS47675']
    Key: gbkey, Value: ['CDS']
    Key: gene, Value: ['cas10']
    Key: go_function, Value: ['molecular_function|0003674||IEA']
    Key: go_process, Value: ['maintenance of CRISPR repeat elements|0043571||IEA']
    Key: inference, Value: ['COORDINATES: protein motif:HMM:TIGR02577.1']
    Key: locus_tag, Value: ['JRI60_RS47675']
    Key: phase, Value: ['0']
    Key: product, Value: ['type III-B CRISPR-associated protein Cas10/Cmr2']
    Key: protein_id, Value: ['WP_204222731.1']
    Key: source, Value: ['Protein Homology']
    Key: transl_table, Value: ['11']

GF(type III-B CRISPR-associated protein Cas10/Cmr2, 8244-10014 (-1))
type: CDS
location: [11949479:11950811](-)
id: cds-WP_204222732.1
qualifiers:
    Key: Dbxref, Value: ['GenBank:WP_204222732.1']
    Key: ID, Value: ['cds-WP_204222732.1']
    Key: Name, Value: ['WP_204222732.1']
    Key: Ontology_term, Value: ['GO:0043571', 'GO:0003674']
    Key: Parent, Value: ['gene-JRI60_RS47680']
    Key: gbkey, Value: ['CDS']
    Key: gene, Value: ['cmr1']
    Key: go_function, Value: ['molecular_function|0003674||IEA']
    Key: go_process, Value: ['maintenance of CRISPR repeat elements|0043571||IEA']
    Key: inference, Value: ['COORDINATES: protein motif:HMM:TIGR01894.1']
    Key: locus_tag, Value: ['JRI60_RS47680']
    Key: phase, Value: ['0']
    Key: product, Value: ['type III-B CRISPR module RAMP protein Cmr1']
    Key: protein_id, Value: ['WP_204222732.1']
    Key: source, Value: ['Protein Homology']
    Key: transl_table, Value: ['11']

GF(type III-B CRISPR module RAMP protein Cmr1, 10010-11342 (-1))
type: CDS
location: [11950894:11952706](-)
id: cds-WP_204222733.1
qualifiers:
    Key: Dbxref, Value: ['GenBank:WP_204222733.1']
    Key: ID, Value: ['cds-WP_204222733.1']
    Key: Name, Value: ['WP_204222733.1']
    Key: Parent, Value: ['gene-JRI60_RS47685']
    Key: gbkey, Value: ['CDS']
    Key: inference, Value: ['COORDINATES: similar to AA sequence:RefSeq:WP_013937070.1']
    Key: locus_tag, Value: ['JRI60_RS47685']
    Key: phase, Value: ['0']
    Key: product, Value: ['SAVED domain-containing protein']
    Key: protein_id, Value: ['WP_204222733.1']
    Key: source, Value: ['Protein Homology']
    Key: transl_table, Value: ['11']

GF(SAVED domain-containing protein, 11425-13237 (-1))
type: CDS
location: [11952746:11953637](-)
id: cds-WP_204222734.1
qualifiers:
    Key: Dbxref, Value: ['GenBank:WP_204222734.1']
    Key: ID, Value: ['cds-WP_204222734.1']
    Key: Name, Value: ['WP_204222734.1']
    Key: Parent, Value: ['gene-JRI60_RS47690']
    Key: gbkey, Value: ['CDS']
    Key: inference, Value: ['COORDINATES: similar to AA sequence:RefSeq:WP_002639999.1']
    Key: locus_tag, Value: ['JRI60_RS47690']
    Key: phase, Value: ['0']
    Key: product, Value: ['nucleotidyltransferase']
    Key: protein_id, Value: ['WP_204222734.1']
    Key: source, Value: ['Protein Homology']
    Key: transl_table, Value: ['11']

GF(nucleotidyltransferase, 13277-14168 (-1))
type: CDS
location: [11953767:11954634](-)
id: cds-WP_239470152.1
qualifiers:
    Key: Dbxref, Value: ['GenBank:WP_239470152.1']
    Key: ID, Value: ['cds-WP_239470152.1']
    Key: Name, Value: ['WP_239470152.1']
    Key: Parent, Value: ['gene-JRI60_RS47695']
    Key: gbkey, Value: ['CDS']
    Key: inference, Value: ['COORDINATES: similar to AA sequence:RefSeq:WP_002639998.1']
    Key: locus_tag, Value: ['JRI60_RS47695']
    Key: phase, Value: ['0']
    Key: product, Value: ['serine/threonine-protein kinase']
    Key: protein_id, Value: ['WP_239470152.1']
    Key: source, Value: ['Protein Homology']
    Key: transl_table, Value: ['11']

GF(serine/threonine-protein kinase, 14298-15165 (-1))
[GF(None, 709-1219 (1)), GF(class I SAM-dependent methyltransferase, 1215-2022 (-1)), GF(citrate synthase, 2098-3394 (1)), GF(None, 3415-3790 (-1)), GF(None, 3794-3989 (1)), GF(type I-MYXAN CRISPR-associated protein Cas6/Cmx6, 3999-4674 (-1)), GF(type III-B CRISPR module RAMP protein Cmr6, 4670-5777 (-1)), GF(type III-B CRISPR module-associated protein Cmr5, 5754-6168 (-1)), GF(type III-B CRISPR module RAMP protein Cmr4, 6164-7076 (-1)), GF(type III-B CRISPR module-associated Cmr3 family protein, 7072-8248 (-1)), GF(type III-B CRISPR-associated protein Cas10/Cmr2, 8244-10014 (-1)), GF(type III-B CRISPR module RAMP protein Cmr1, 10010-11342 (-1)), GF(SAVED domain-containing protein, 11425-13237 (-1)), GF(nucleotidyltransferase, 13277-14168 (-1)), GF(serine/threonine-protein kinase, 14298-15165 (-1)), GF(CRISPR-Cas locus, 4000-11366 (0))]
