Cas operons file:    Unnamed: 0         Contig  ...           locus_id           sample
0           0  NZ_CP047361.1  ...  GCF_011064785.1_0  GCF_011064785.1

[1 rows x 19 columns]
The chosen contig: NZ_CP047361.1
type: CDS
location: [471199:472441](+)
id: cds-WP_164941677.1
qualifiers:
    Key: Dbxref, Value: ['GenBank:WP_164941677.1']
    Key: ID, Value: ['cds-WP_164941677.1']
    Key: Name, Value: ['WP_164941677.1']
    Key: Parent, Value: ['gene-GTN31_RS02520']
    Key: gbkey, Value: ['CDS']
    Key: inference, Value: ['COORDINATES: ab initio prediction:GeneMarkS-2+']
    Key: locus_tag, Value: ['GTN31_RS02520']
    Key: phase, Value: ['0']
    Key: product, Value: ['hypothetical protein']
    Key: protein_id, Value: ['WP_164941677.1']
    Key: source, Value: ['GeneMarkS-2+']
    Key: transl_table, Value: ['11']

GF(None, 884-2126 (1))
type: CDS
location: [472584:472887](-)
id: cds-WP_164941678.1
qualifiers:
    Key: Dbxref, Value: ['GenBank:WP_164941678.1']
    Key: ID, Value: ['cds-WP_164941678.1']
    Key: Name, Value: ['WP_164941678.1']
    Key: Parent, Value: ['gene-GTN31_RS02525']
    Key: gbkey, Value: ['CDS']
    Key: inference, Value: ['COORDINATES: ab initio prediction:GeneMarkS-2+']
    Key: locus_tag, Value: ['GTN31_RS02525']
    Key: phase, Value: ['0']
    Key: product, Value: ['hypothetical protein']
    Key: protein_id, Value: ['WP_164941678.1']
    Key: source, Value: ['GeneMarkS-2+']
    Key: transl_table, Value: ['11']

GF(None, 2269-2572 (-1))
type: CDS
location: [474314:475223](+)
id: cds-WP_164941679.1
qualifiers:
    Key: Dbxref, Value: ['GenBank:WP_164941679.1']
    Key: ID, Value: ['cds-WP_164941679.1']
    Key: Name, Value: ['WP_164941679.1']
    Key: Ontology_term, Value: ['GO:0043571', 'GO:0051607', 'GO:0003676', 'GO:0004520', 'GO:0046872']
    Key: Parent, Value: ['gene-GTN31_RS02530']
    Key: gbkey, Value: ['CDS']
    Key: gene, Value: ['cas1']
    Key: go_function, Value: ['nucleic acid binding|0003676||IEA', 'DNA endonuclease activity|0004520||IEA', 'metal ion binding|0046872||IEA']
    Key: go_process, Value: ['maintenance of CRISPR repeat elements|0043571||IEA', 'defense response to virus|0051607||IEA']
    Key: inference, Value: ['COORDINATES: similar to AA sequence:RefSeq:WP_002502667.1']
    Key: locus_tag, Value: ['GTN31_RS02530']
    Key: phase, Value: ['0']
    Key: product, Value: ['type II CRISPR-associated endonuclease Cas1']
    Key: protein_id, Value: ['WP_164941679.1']
    Key: source, Value: ['Protein Homology']
    Key: transl_table, Value: ['11']

GF(type II CRISPR-associated endonuclease Cas1, 3999-4908 (1))
type: CDS
location: [475222:475495](+)
id: cds-WP_164941680.1
qualifiers:
    Key: Dbxref, Value: ['GenBank:WP_164941680.1']
    Key: ID, Value: ['cds-WP_164941680.1']
    Key: Name, Value: ['WP_164941680.1']
    Key: Ontology_term, Value: ['GO:0043571', 'GO:0004521']
    Key: Parent, Value: ['gene-GTN31_RS02535']
    Key: gbkey, Value: ['CDS']
    Key: gene, Value: ['cas2']
    Key: go_function, Value: ['RNA endonuclease activity|0004521||IEA']
    Key: go_process, Value: ['maintenance of CRISPR repeat elements|0043571||IEA']
    Key: inference, Value: ['COORDINATES: similar to AA sequence:RefSeq:WP_002469399.1']
    Key: locus_tag, Value: ['GTN31_RS02535']
    Key: phase, Value: ['0']
    Key: product, Value: ['CRISPR-associated endonuclease Cas2']
    Key: protein_id, Value: ['WP_164941680.1']
    Key: source, Value: ['Protein Homology']
    Key: transl_table, Value: ['11']

GF(CRISPR-associated endonuclease Cas2, 4907-5180 (1))
type: CDS
location: [475548:477816](+)
id: cds-WP_164941681.1
qualifiers:
    Key: Dbxref, Value: ['GenBank:WP_164941681.1']
    Key: ID, Value: ['cds-WP_164941681.1']
    Key: Name, Value: ['WP_164941681.1']
    Key: Ontology_term, Value: ['GO:0043571', 'GO:0003674']
    Key: Parent, Value: ['gene-GTN31_RS02540']
    Key: gbkey, Value: ['CDS']
    Key: gene, Value: ['cas10']
    Key: go_function, Value: ['molecular_function|0003674||IEA']
    Key: go_process, Value: ['maintenance of CRISPR repeat elements|0043571||IEA']
    Key: inference, Value: ['COORDINATES: similar to AA sequence:RefSeq:WP_019168787.1']
    Key: locus_tag, Value: ['GTN31_RS02540']
    Key: phase, Value: ['0']
    Key: product, Value: ['type III-A CRISPR-associated protein Cas10/Csm1']
    Key: protein_id, Value: ['WP_164941681.1']
    Key: source, Value: ['Protein Homology']
    Key: transl_table, Value: ['11']

GF(type III-A CRISPR-associated protein Cas10/Csm1, 5233-7501 (1))
type: CDS
location: [477820:478228](+)
id: cds-WP_164941682.1
qualifiers:
    Key: Dbxref, Value: ['GenBank:WP_164941682.1']
    Key: ID, Value: ['cds-WP_164941682.1']
    Key: Name, Value: ['WP_164941682.1']
    Key: Ontology_term, Value: ['GO:0043571', 'GO:0003674']
    Key: Parent, Value: ['gene-GTN31_RS02545']
    Key: gbkey, Value: ['CDS']
    Key: gene, Value: ['csm2']
    Key: go_function, Value: ['molecular_function|0003674||IEA']
    Key: go_process, Value: ['maintenance of CRISPR repeat elements|0043571||IEA']
    Key: inference, Value: ['COORDINATES: similar to AA sequence:RefSeq:WP_000599362.1']
    Key: locus_tag, Value: ['GTN31_RS02545']
    Key: phase, Value: ['0']
    Key: product, Value: ['type III-A CRISPR-associated protein Csm2']
    Key: protein_id, Value: ['WP_164941682.1']
    Key: source, Value: ['Protein Homology']
    Key: transl_table, Value: ['11']

GF(type III-A CRISPR-associated protein Csm2, 7505-7913 (1))
type: CDS
location: [478227:478869](+)
id: cds-WP_164941683.1
qualifiers:
    Key: Dbxref, Value: ['GenBank:WP_164941683.1']
    Key: ID, Value: ['cds-WP_164941683.1']
    Key: Name, Value: ['WP_164941683.1']
    Key: Ontology_term, Value: ['GO:0043571', 'GO:0003674']
    Key: Parent, Value: ['gene-GTN31_RS02550']
    Key: gbkey, Value: ['CDS']
    Key: gene, Value: ['csm3']
    Key: go_function, Value: ['molecular_function|0003674||IEA']
    Key: go_process, Value: ['maintenance of CRISPR repeat elements|0043571||IEA']
    Key: inference, Value: ['COORDINATES: similar to AA sequence:RefSeq:WP_002486018.1']
    Key: locus_tag, Value: ['GTN31_RS02550']
    Key: phase, Value: ['0']
    Key: product, Value: ['type III-A CRISPR-associated RAMP protein Csm3']
    Key: protein_id, Value: ['WP_164941683.1']
    Key: source, Value: ['Protein Homology']
    Key: transl_table, Value: ['11']

GF(type III-A CRISPR-associated RAMP protein Csm3, 7912-8554 (1))
type: CDS
location: [478877:479798](+)
id: cds-WP_164941684.1
qualifiers:
    Key: Dbxref, Value: ['GenBank:WP_164941684.1']
    Key: ID, Value: ['cds-WP_164941684.1']
    Key: Name, Value: ['WP_164941684.1']
    Key: Ontology_term, Value: ['GO:0043571', 'GO:0003674']
    Key: Parent, Value: ['gene-GTN31_RS02555']
    Key: gbkey, Value: ['CDS']
    Key: gene, Value: ['csm4']
    Key: go_function, Value: ['molecular_function|0003674||IEA']
    Key: go_process, Value: ['maintenance of CRISPR repeat elements|0043571||IEA']
    Key: inference, Value: ['COORDINATES: similar to AA sequence:RefSeq:WP_002502663.1']
    Key: locus_tag, Value: ['GTN31_RS02555']
    Key: phase, Value: ['0']
    Key: product, Value: ['type III-A CRISPR-associated RAMP protein Csm4']
    Key: protein_id, Value: ['WP_164941684.1']
    Key: source, Value: ['Protein Homology']
    Key: transl_table, Value: ['11']

GF(type III-A CRISPR-associated RAMP protein Csm4, 8562-9483 (1))
type: CDS
location: [479781:480795](+)
id: cds-WP_164941685.1
qualifiers:
    Key: Dbxref, Value: ['GenBank:WP_164941685.1']
    Key: ID, Value: ['cds-WP_164941685.1']
    Key: Name, Value: ['WP_164941685.1']
    Key: Ontology_term, Value: ['GO:0043571', 'GO:0003674']
    Key: Parent, Value: ['gene-GTN31_RS02560']
    Key: gbkey, Value: ['CDS']
    Key: gene, Value: ['csm5']
    Key: go_function, Value: ['molecular_function|0003674||IEA']
    Key: go_process, Value: ['maintenance of CRISPR repeat elements|0043571||IEA']
    Key: inference, Value: ['COORDINATES: protein motif:HMM:TIGR01899.1']
    Key: locus_tag, Value: ['GTN31_RS02560']
    Key: phase, Value: ['0']
    Key: product, Value: ['type III-A CRISPR-associated RAMP protein Csm5']
    Key: protein_id, Value: ['WP_164941685.1']
    Key: source, Value: ['Protein Homology']
    Key: transl_table, Value: ['11']

GF(type III-A CRISPR-associated RAMP protein Csm5, 9466-10480 (1))
type: CDS
location: [480864:482067](+)
id: cds-WP_164941686.1
qualifiers:
    Key: Dbxref, Value: ['GenBank:WP_164941686.1']
    Key: ID, Value: ['cds-WP_164941686.1']
    Key: Name, Value: ['WP_164941686.1']
    Key: Ontology_term, Value: ['GO:0043571', 'GO:0003674']
    Key: Parent, Value: ['gene-GTN31_RS02565']
    Key: gbkey, Value: ['CDS']
    Key: gene, Value: ['csm6']
    Key: go_function, Value: ['molecular_function|0003674||IEA']
    Key: go_process, Value: ['maintenance of CRISPR repeat elements|0043571||IEA']
    Key: inference, Value: ['COORDINATES: protein motif:HMM:TIGR02672.1']
    Key: locus_tag, Value: ['GTN31_RS02565']
    Key: phase, Value: ['0']
    Key: product, Value: ['type III-A CRISPR-associated CARF protein Csm6']
    Key: protein_id, Value: ['WP_164941686.1']
    Key: source, Value: ['Protein Homology']
    Key: transl_table, Value: ['11']

GF(type III-A CRISPR-associated CARF protein Csm6, 10549-11752 (1))
type: CDS
location: [482063:482804](+)
id: cds-WP_164941687.1
qualifiers:
    Key: Dbxref, Value: ['GenBank:WP_164941687.1']
    Key: ID, Value: ['cds-WP_164941687.1']
    Key: Name, Value: ['WP_164941687.1']
    Key: Parent, Value: ['gene-GTN31_RS02570']
    Key: gbkey, Value: ['CDS']
    Key: gene, Value: ['cas6']
    Key: inference, Value: ['COORDINATES: protein motif:HMM:NF021551.4']
    Key: locus_tag, Value: ['GTN31_RS02570']
    Key: phase, Value: ['0']
    Key: product, Value: ['CRISPR system precrRNA processing endoribonuclease RAMP protein Cas6']
    Key: protein_id, Value: ['WP_164941687.1']
    Key: source, Value: ['Protein Homology']
    Key: transl_table, Value: ['11']

GF(CRISPR system precrRNA processing endoribonuclease RAMP protein Cas6, 11748-12489 (1))
type: CDS
location: [483503:485123](-)
id: cds-WP_164941688.1
qualifiers:
    Key: Dbxref, Value: ['GenBank:WP_164941688.1']
    Key: ID, Value: ['cds-WP_164941688.1']
    Key: Name, Value: ['WP_164941688.1']
    Key: Parent, Value: ['gene-GTN31_RS02575']
    Key: gbkey, Value: ['CDS']
    Key: inference, Value: ['COORDINATES: protein motif:HMM:NF041922.1']
    Key: locus_tag, Value: ['GTN31_RS02575']
    Key: phase, Value: ['0']
    Key: product, Value: ['LeoA/HP0731 family dynamin-like GTPase']
    Key: protein_id, Value: ['WP_164941688.1']
    Key: source, Value: ['Protein Homology']
    Key: transl_table, Value: ['11']

GF(LeoA/HP0731 family dynamin-like GTPase, 13188-14808 (-1))
type: CDS
location: [485256:487239](-)
id: cds-WP_164941689.1
qualifiers:
    Key: Dbxref, Value: ['GenBank:WP_164941689.1']
    Key: ID, Value: ['cds-WP_164941689.1']
    Key: Name, Value: ['WP_164941689.1']
    Key: Ontology_term, Value: ['GO:0005525']
    Key: Parent, Value: ['gene-GTN31_RS02580']
    Key: gbkey, Value: ['CDS']
    Key: go_function, Value: ['GTP binding|0005525||IEA']
    Key: inference, Value: ['COORDINATES: protein motif:HMM:NF014036.4']
    Key: locus_tag, Value: ['GTN31_RS02580']
    Key: phase, Value: ['0']
    Key: product, Value: ['GTPase']
    Key: protein_id, Value: ['WP_164941689.1']
    Key: source, Value: ['Protein Homology']
    Key: transl_table, Value: ['11']

GF(GTPase, 14941-16924 (-1))
type: CDS
location: [487334:488285](-)
id: cds-WP_164941690.1
qualifiers:
    Key: Dbxref, Value: ['GenBank:WP_164941690.1']
    Key: ID, Value: ['cds-WP_164941690.1']
    Key: Name, Value: ['WP_164941690.1']
    Key: Ontology_term, Value: ['GO:0003676']
    Key: Parent, Value: ['gene-GTN31_RS02585']
    Key: gbkey, Value: ['CDS']
    Key: go_function, Value: ['nucleic acid binding|0003676||IEA']
    Key: inference, Value: ['COORDINATES: similar to AA sequence:RefSeq:WP_016911026.1']
    Key: locus_tag, Value: ['GTN31_RS02585']
    Key: phase, Value: ['0']
    Key: product, Value: ['WYL domain-containing protein']
    Key: protein_id, Value: ['WP_164941690.1']
    Key: source, Value: ['Protein Homology']
    Key: transl_table, Value: ['11']

GF(WYL domain-containing protein, 17019-17970 (-1))
type: CDS
location: [488402:488537](+)
id: cds-WP_280514951.1
qualifiers:
    Key: Dbxref, Value: ['GenBank:WP_280514951.1']
    Key: ID, Value: ['cds-WP_280514951.1']
    Key: Name, Value: ['WP_280514951.1']
    Key: Parent, Value: ['gene-GTN31_RS12355']
    Key: gbkey, Value: ['CDS']
    Key: inference, Value: ['COORDINATES: ab initio prediction:GeneMarkS-2+']
    Key: locus_tag, Value: ['GTN31_RS12355']
    Key: phase, Value: ['0']
    Key: product, Value: ['hypothetical protein']
    Key: protein_id, Value: ['WP_280514951.1']
    Key: source, Value: ['GeneMarkS-2+']
    Key: transl_table, Value: ['11']

GF(None, 18087-18222 (1))
type: CDS
location: [488541:488694](+)
id: cds-WP_164941691.1
qualifiers:
    Key: Dbxref, Value: ['GenBank:WP_164941691.1']
    Key: ID, Value: ['cds-WP_164941691.1']
    Key: Name, Value: ['WP_164941691.1']
    Key: Parent, Value: ['gene-GTN31_RS02590']
    Key: gbkey, Value: ['CDS']
    Key: inference, Value: ['COORDINATES: ab initio prediction:GeneMarkS-2+']
    Key: locus_tag, Value: ['GTN31_RS02590']
    Key: phase, Value: ['0']
    Key: product, Value: ['hypothetical protein']
    Key: protein_id, Value: ['WP_164941691.1']
    Key: source, Value: ['GeneMarkS-2+']
    Key: transl_table, Value: ['11']

GF(None, 18226-18379 (1))
type: CDS
location: [488694:488847](+)
id: cds-WP_164941692.1
qualifiers:
    Key: Dbxref, Value: ['GenBank:WP_164941692.1']
    Key: ID, Value: ['cds-WP_164941692.1']
    Key: Name, Value: ['WP_164941692.1']
    Key: Parent, Value: ['gene-GTN31_RS02595']
    Key: gbkey, Value: ['CDS']
    Key: inference, Value: ['COORDINATES: ab initio prediction:GeneMarkS-2+']
    Key: locus_tag, Value: ['GTN31_RS02595']
    Key: phase, Value: ['0']
    Key: product, Value: ['hypothetical protein']
    Key: protein_id, Value: ['WP_164941692.1']
    Key: source, Value: ['GeneMarkS-2+']
    Key: transl_table, Value: ['11']

GF(None, 18379-18532 (1))
type: CDS
location: [489101:489722](+)
id: cds-WP_164941693.1
qualifiers:
    Key: Dbxref, Value: ['GenBank:WP_164941693.1']
    Key: ID, Value: ['cds-WP_164941693.1']
    Key: Name, Value: ['WP_164941693.1']
    Key: Parent, Value: ['gene-GTN31_RS02600']
    Key: gbkey, Value: ['CDS']
    Key: inference, Value: ['COORDINATES: protein motif:HMM:NF039537.3']
    Key: locus_tag, Value: ['GTN31_RS02600']
    Key: phase, Value: ['0']
    Key: product, Value: ['DUF5780 domain-containing protein']
    Key: protein_id, Value: ['WP_164941693.1']
    Key: source, Value: ['Protein Homology']
    Key: transl_table, Value: ['11']

GF(DUF5780 domain-containing protein, 18786-19407 (1))
type: CDS
location: [489829:490354](+)
id: cds-WP_164941694.1
qualifiers:
    Key: Dbxref, Value: ['GenBank:WP_164941694.1']
    Key: ID, Value: ['cds-WP_164941694.1']
    Key: Name, Value: ['WP_164941694.1']
    Key: Parent, Value: ['gene-GTN31_RS02605']
    Key: gbkey, Value: ['CDS']
    Key: inference, Value: ['COORDINATES: similar to AA sequence:RefSeq:WP_000592150.1']
    Key: locus_tag, Value: ['GTN31_RS02605']
    Key: phase, Value: ['0']
    Key: product, Value: ['YdhK family protein']
    Key: protein_id, Value: ['WP_164941694.1']
    Key: source, Value: ['Protein Homology']
    Key: transl_table, Value: ['11']

GF(YdhK family protein, 19514-20039 (1))
type: CDS
location: [490566:491691](+)
id: cds-WP_164941695.1
qualifiers:
    Key: Dbxref, Value: ['GenBank:WP_164941695.1']
    Key: ID, Value: ['cds-WP_164941695.1']
    Key: Name, Value: ['WP_164941695.1']
    Key: Parent, Value: ['gene-GTN31_RS02610']
    Key: gbkey, Value: ['CDS']
    Key: inference, Value: ['COORDINATES: protein motif:HMM:NF012415.4']
    Key: locus_tag, Value: ['GTN31_RS02610']
    Key: phase, Value: ['0']
    Key: product, Value: ['G5 domain-containing protein']
    Key: protein_id, Value: ['WP_164941695.1']
    Key: source, Value: ['Protein Homology']
    Key: transl_table, Value: ['11']

GF(G5 domain-containing protein, 20251-21376 (1))
type: repeat_region
location: [473392:474287](+)
id: NZ_CP047361.1_1
qualifiers:
    Key: Dbxref, Value: ['SO:0001459']
    Key: ID, Value: ['NZ_CP047361.1_1']
    Key: Note, Value: ['GCTCGAGACCTACCCCGAGAAATAGGGGACGAGAAC']
    Key: Ontology_term, Value: ['CRISPR']
    Key: score, Value: ['895']
    Key: source, Value: ['CCTyper']

GF(Repeat region, 3077-3972 (0))
type: repeat_region
location: [482914:483446](+)
id: NZ_CP047361.1_2
qualifiers:
    Key: Dbxref, Value: ['SO:0001459']
    Key: ID, Value: ['NZ_CP047361.1_2']
    Key: Note, Value: ['ACTCGAGACCTACCCCGAGAATTAGGGGACGAGAAC']
    Key: Ontology_term, Value: ['CRISPR']
    Key: score, Value: ['532']
    Key: source, Value: ['CCTyper']

GF(Repeat region, 12599-13131 (0))
graphic feature from cctyper protein table: GF(Cas1, 4000-4908 (1))
graphic feature from cctyper protein table: GF(Cas2, 4908-5180 (1))
graphic feature from cctyper protein table: GF(Cas10, 5234-7501 (1))
graphic feature from cctyper protein table: GF(Csm2gr11, 7506-7913 (1))
graphic feature from cctyper protein table: GF(Csm3gr7, 7913-8554 (1))
graphic feature from cctyper protein table: GF(Csm4gr5, 8563-9483 (1))
graphic feature from cctyper protein table: GF(Csm5gr7, 9467-10480 (1))
graphic feature from cctyper protein table: GF(Csm6, 10550-11752 (1))
graphic feature from cctyper protein table: GF(Cas6, 11749-12489 (1))
graphic feature from cctyper protein table: GF(WYL, 17020-17970 (-1))
Index(['protein_id', 'start', 'end', 'effector', 'locus', 'sample', 'strand',
       'sequence', 'type'],
      dtype='object')
graphic feature from known effectors: GF(csm6-ca6, 10550-11752 (1))
Index(['protein_id', 'start', 'end', 'effector', 'locus', 'sample', 'strand',
       'sequence'],
      dtype='object')
[GF(None, 884-2126 (1)), GF(None, 2269-2572 (-1)), GF(type II CRISPR-associated endonuclease Cas1, 3999-4908 (1)), GF(CRISPR-associated endonuclease Cas2, 4907-5180 (1)), GF(type III-A CRISPR-associated protein Cas10/Csm1, 5233-7501 (1)), GF(type III-A CRISPR-associated protein Csm2, 7505-7913 (1)), GF(type III-A CRISPR-associated RAMP protein Csm3, 7912-8554 (1)), GF(type III-A CRISPR-associated RAMP protein Csm4, 8562-9483 (1)), GF(type III-A CRISPR-associated RAMP protein Csm5, 9466-10480 (1)), GF(type III-A CRISPR-associated CARF protein Csm6, 10549-11752 (1)), GF(CRISPR system precrRNA processing endoribonuclease RAMP protein Cas6, 11748-12489 (1)), GF(LeoA/HP0731 family dynamin-like GTPase, 13188-14808 (-1)), GF(GTPase, 14941-16924 (-1)), GF(WYL domain-containing protein, 17019-17970 (-1)), GF(None, 18087-18222 (1)), GF(None, 18226-18379 (1)), GF(None, 18379-18532 (1)), GF(DUF5780 domain-containing protein, 18786-19407 (1)), GF(YdhK family protein, 19514-20039 (1)), GF(G5 domain-containing protein, 20251-21376 (1)), GF(Repeat region, 3077-3972 (0)), GF(Repeat region, 12599-13131 (0)), GF(Cas1, 4000-4908 (1)), GF(Cas2, 4908-5180 (1)), GF(Cas10, 5234-7501 (1)), GF(Csm2gr11, 7506-7913 (1)), GF(Csm3gr7, 7913-8554 (1)), GF(Csm4gr5, 8563-9483 (1)), GF(Csm5gr7, 9467-10480 (1)), GF(Csm6, 10550-11752 (1)), GF(Cas6, 11749-12489 (1)), GF(WYL, 17020-17970 (-1)), GF(csm6-ca6, 10550-11752 (1)), GF(CRISPR-Cas locus, 4000-17970 (0))]
