Cas operons file:    Unnamed: 0         Contig  ...           locus_id           sample
0           0  NZ_OU745373.1  ...  GCF_916618745.1_0  GCF_916618745.1

[1 rows x 19 columns]
The chosen contig: NZ_OU745373.1
type: CDS
location: [1618793:1619453](+)
id: cds-WP_225757183.1
qualifiers:
    Key: Dbxref, Value: ['GenBank:WP_225757183.1']
    Key: ID, Value: ['cds-WP_225757183.1']
    Key: Name, Value: ['WP_225757183.1']
    Key: Ontology_term, Value: ['GO:0008616']
    Key: Parent, Value: ['gene-LG374_RS07905']
    Key: gbkey, Value: ['CDS']
    Key: gene, Value: ['queC']
    Key: go_process, Value: ['queuosine biosynthetic process|0008616||IEA']
    Key: inference, Value: ['COORDINATES: protein motif:HMM:NF018242.2']
    Key: locus_tag, Value: ['LG374_RS07905']
    Key: phase, Value: ['0']
    Key: product, Value: ['7-cyano-7-deazaguanine synthase QueC']
    Key: protein_id, Value: ['WP_225757183.1']
    Key: source, Value: ['Protein Homology']
    Key: transl_table, Value: ['11']

GF(7-cyano-7-deazaguanine synthase QueC, 276-936 (1))
type: CDS
location: [1620097:1621369](-)
id: cds-WP_225757184.1
qualifiers:
    Key: Dbxref, Value: ['GenBank:WP_225757184.1']
    Key: ID, Value: ['cds-WP_225757184.1']
    Key: Name, Value: ['WP_225757184.1']
    Key: Parent, Value: ['gene-LG374_RS07910']
    Key: gbkey, Value: ['CDS']
    Key: inference, Value: ['COORDINATES: similar to AA sequence:RefSeq:WP_004142471.1']
    Key: locus_tag, Value: ['LG374_RS07910']
    Key: phase, Value: ['0']
    Key: product, Value: ['ATP-binding protein']
    Key: protein_id, Value: ['WP_225757184.1']
    Key: source, Value: ['Protein Homology']
    Key: transl_table, Value: ['11']

GF(ATP-binding protein, 1580-2852 (-1))
type: CDS
location: [1622516:1623734](-)
id: cds-WP_225757185.1
qualifiers:
    Key: Dbxref, Value: ['GenBank:WP_225757185.1']
    Key: ID, Value: ['cds-WP_225757185.1']
    Key: Name, Value: ['WP_225757185.1']
    Key: Ontology_term, Value: ['GO:0043571', 'GO:0003674']
    Key: Parent, Value: ['gene-LG374_RS07915']
    Key: gbkey, Value: ['CDS']
    Key: gene, Value: ['csx2']
    Key: go_function, Value: ['molecular_function|0003674||IEA']
    Key: go_process, Value: ['maintenance of CRISPR repeat elements|0043571||IEA']
    Key: inference, Value: ['COORDINATES: protein motif:HMM:NF021006.2']
    Key: locus_tag, Value: ['LG374_RS07915']
    Key: phase, Value: ['0']
    Key: product, Value: ['TIGR02221 family CRISPR-associated protein']
    Key: protein_id, Value: ['WP_225757185.1']
    Key: source, Value: ['Protein Homology']
    Key: transl_table, Value: ['11']

GF(TIGR02221 family CRISPR-associated protein, 3999-5217 (-1))
type: CDS
location: [1623730:1624546](-)
id: cds-WP_225757186.1
qualifiers:
    Key: Dbxref, Value: ['GenBank:WP_225757186.1']
    Key: ID, Value: ['cds-WP_225757186.1']
    Key: Name, Value: ['WP_225757186.1']
    Key: Ontology_term, Value: ['GO:0043571', 'GO:0003674']
    Key: Parent, Value: ['gene-LG374_RS07920']
    Key: gbkey, Value: ['CDS']
    Key: gene, Value: ['csx16']
    Key: go_function, Value: ['molecular_function|0003674||IEA']
    Key: go_process, Value: ['maintenance of CRISPR repeat elements|0043571||IEA']
    Key: inference, Value: ['COORDINATES: protein motif:HMM:TIGR02620.1']
    Key: locus_tag, Value: ['LG374_RS07920']
    Key: phase, Value: ['0']
    Key: product, Value: ['CRISPR-associated protein Csx16']
    Key: protein_id, Value: ['WP_225757186.1']
    Key: source, Value: ['Protein Homology']
    Key: transl_table, Value: ['11']

GF(CRISPR-associated protein Csx16, 5213-6029 (-1))
type: CDS
location: [1624542:1625481](-)
id: cds-WP_225757187.1
qualifiers:
    Key: Dbxref, Value: ['GenBank:WP_225757187.1']
    Key: ID, Value: ['cds-WP_225757187.1']
    Key: Name, Value: ['WP_225757187.1']
    Key: Parent, Value: ['gene-LG374_RS07925']
    Key: gbkey, Value: ['CDS']
    Key: gene, Value: ['cas6']
    Key: inference, Value: ['COORDINATES: similar to AA sequence:RefSeq:WP_004142710.1']
    Key: locus_tag, Value: ['LG374_RS07925']
    Key: phase, Value: ['0']
    Key: product, Value: ['CRISPR system precrRNA processing endoribonuclease RAMP protein Cas6']
    Key: protein_id, Value: ['WP_225757187.1']
    Key: source, Value: ['Protein Homology']
    Key: transl_table, Value: ['11']

GF(CRISPR system precrRNA processing endoribonuclease RAMP protein Cas6, 6025-6964 (-1))
type: CDS
location: [1625547:1626600](-)
id: cds-WP_225757188.1
qualifiers:
    Key: Dbxref, Value: ['GenBank:WP_225757188.1']
    Key: ID, Value: ['cds-WP_225757188.1']
    Key: Name, Value: ['WP_225757188.1']
    Key: Parent, Value: ['gene-LG374_RS07930']
    Key: gbkey, Value: ['CDS']
    Key: inference, Value: ['COORDINATES: protein motif:HMM:NF015728.2']
    Key: locus_tag, Value: ['LG374_RS07930']
    Key: phase, Value: ['0']
    Key: product, Value: ['RAMP superfamily CRISPR-associated protein']
    Key: protein_id, Value: ['WP_225757188.1']
    Key: source, Value: ['Protein Homology']
    Key: transl_table, Value: ['11']

GF(RAMP superfamily CRISPR-associated protein, 7030-8083 (-1))
type: CDS
location: [1626596:1626977](-)
id: cds-WP_225757189.1
qualifiers:
    Key: Dbxref, Value: ['GenBank:WP_225757189.1']
    Key: ID, Value: ['cds-WP_225757189.1']
    Key: Name, Value: ['WP_225757189.1']
    Key: Ontology_term, Value: ['GO:0043571', 'GO:0003674']
    Key: Parent, Value: ['gene-LG374_RS07935']
    Key: gbkey, Value: ['CDS']
    Key: gene, Value: ['cmr5']
    Key: go_function, Value: ['molecular_function|0003674||IEA']
    Key: go_process, Value: ['maintenance of CRISPR repeat elements|0043571||IEA']
    Key: inference, Value: ['COORDINATES: similar to AA sequence:RefSeq:WP_006986607.1']
    Key: locus_tag, Value: ['LG374_RS07935']
    Key: phase, Value: ['0']
    Key: product, Value: ['type III-B CRISPR module-associated protein Cmr5']
    Key: protein_id, Value: ['WP_225757189.1']
    Key: source, Value: ['Protein Homology']
    Key: transl_table, Value: ['11']

GF(type III-B CRISPR module-associated protein Cmr5, 8079-8460 (-1))
type: CDS
location: [1626973:1627870](-)
id: cds-WP_225757190.1
qualifiers:
    Key: Dbxref, Value: ['GenBank:WP_225757190.1']
    Key: ID, Value: ['cds-WP_225757190.1']
    Key: Name, Value: ['WP_225757190.1']
    Key: Ontology_term, Value: ['GO:0043571', 'GO:0003674']
    Key: Parent, Value: ['gene-LG374_RS07940']
    Key: gbkey, Value: ['CDS']
    Key: gene, Value: ['cmr4']
    Key: go_function, Value: ['molecular_function|0003674||IEA']
    Key: go_process, Value: ['maintenance of CRISPR repeat elements|0043571||IEA']
    Key: inference, Value: ['COORDINATES: similar to AA sequence:RefSeq:WP_006986606.1']
    Key: locus_tag, Value: ['LG374_RS07940']
    Key: phase, Value: ['0']
    Key: product, Value: ['type III-B CRISPR module RAMP protein Cmr4']
    Key: protein_id, Value: ['WP_225757190.1']
    Key: source, Value: ['Protein Homology']
    Key: transl_table, Value: ['11']

GF(type III-B CRISPR module RAMP protein Cmr4, 8456-9353 (-1))
type: CDS
location: [1627994:1629170](-)
id: cds-WP_225757191.1
qualifiers:
    Key: Dbxref, Value: ['GenBank:WP_225757191.1']
    Key: ID, Value: ['cds-WP_225757191.1']
    Key: Name, Value: ['WP_225757191.1']
    Key: Parent, Value: ['gene-LG374_RS07945']
    Key: gbkey, Value: ['CDS']
    Key: inference, Value: ['COORDINATES: protein motif:HMM:NF021236.2']
    Key: locus_tag, Value: ['LG374_RS07945']
    Key: phase, Value: ['0']
    Key: product, Value: ['type III-B CRISPR module-associated protein Cmr3']
    Key: protein_id, Value: ['WP_225757191.1']
    Key: source, Value: ['Protein Homology']
    Key: transl_table, Value: ['11']

GF(type III-B CRISPR module-associated protein Cmr3, 9477-10653 (-1))
type: CDS
location: [1629166:1630948](-)
id: cds-WP_225757192.1
qualifiers:
    Key: Dbxref, Value: ['GenBank:WP_225757192.1']
    Key: ID, Value: ['cds-WP_225757192.1']
    Key: Name, Value: ['WP_225757192.1']
    Key: Ontology_term, Value: ['GO:0043571', 'GO:0003674']
    Key: Parent, Value: ['gene-LG374_RS07950']
    Key: gbkey, Value: ['CDS']
    Key: gene, Value: ['cas10']
    Key: go_function, Value: ['molecular_function|0003674||IEA']
    Key: go_process, Value: ['maintenance of CRISPR repeat elements|0043571||IEA']
    Key: inference, Value: ['COORDINATES: similar to AA sequence:RefSeq:WP_006986604.1']
    Key: locus_tag, Value: ['LG374_RS07950']
    Key: phase, Value: ['0']
    Key: product, Value: ['type III-B CRISPR-associated protein Cas10/Cmr2']
    Key: protein_id, Value: ['WP_225757192.1']
    Key: source, Value: ['Protein Homology']
    Key: transl_table, Value: ['11']

GF(type III-B CRISPR-associated protein Cas10/Cmr2, 10649-12431 (-1))
type: CDS
location: [1630967:1632191](-)
id: cds-WP_225757193.1
qualifiers:
    Key: Dbxref, Value: ['GenBank:WP_225757193.1']
    Key: ID, Value: ['cds-WP_225757193.1']
    Key: Name, Value: ['WP_225757193.1']
    Key: Ontology_term, Value: ['GO:0043571', 'GO:0003674']
    Key: Parent, Value: ['gene-LG374_RS07955']
    Key: gbkey, Value: ['CDS']
    Key: gene, Value: ['cmr1']
    Key: go_function, Value: ['molecular_function|0003674||IEA']
    Key: go_process, Value: ['maintenance of CRISPR repeat elements|0043571||IEA']
    Key: inference, Value: ['COORDINATES: protein motif:HMM:TIGR01894.1']
    Key: locus_tag, Value: ['LG374_RS07955']
    Key: phase, Value: ['0']
    Key: product, Value: ['type III-B CRISPR module RAMP protein Cmr1']
    Key: protein_id, Value: ['WP_225757193.1']
    Key: source, Value: ['Protein Homology']
    Key: transl_table, Value: ['11']

GF(type III-B CRISPR module RAMP protein Cmr1, 12450-13674 (-1))
type: CDS
location: [1632451:1633777](-)
id: cds-WP_225757194.1
qualifiers:
    Key: Dbxref, Value: ['GenBank:WP_225757194.1']
    Key: ID, Value: ['cds-WP_225757194.1']
    Key: Name, Value: ['WP_225757194.1']
    Key: Ontology_term, Value: ['GO:0004386', 'GO:0005524', 'GO:0016887']
    Key: Parent, Value: ['gene-LG374_RS07960']
    Key: gbkey, Value: ['CDS']
    Key: go_function, Value: ['helicase activity|0004386||IEA', 'ATP binding|0005524||IEA', 'ATP hydrolysis activity|0016887||IEA']
    Key: inference, Value: ['COORDINATES: similar to AA sequence:RefSeq:WP_006986601.1']
    Key: locus_tag, Value: ['LG374_RS07960']
    Key: phase, Value: ['0']
    Key: product, Value: ['DEAD/DEAH box helicase']
    Key: protein_id, Value: ['WP_225757194.1']
    Key: source, Value: ['Protein Homology']
    Key: transl_table, Value: ['11']

GF(DEAD/DEAH box helicase, 13934-15260 (-1))
type: CDS
location: [1634058:1635273](+)
id: cds-WP_225757195.1
qualifiers:
    Key: Dbxref, Value: ['GenBank:WP_225757195.1']
    Key: ID, Value: ['cds-WP_225757195.1']
    Key: Name, Value: ['WP_225757195.1']
    Key: Parent, Value: ['gene-LG374_RS07965']
    Key: gbkey, Value: ['CDS']
    Key: inference, Value: ['COORDINATES: ab initio prediction:GeneMarkS-2+']
    Key: locus_tag, Value: ['LG374_RS07965']
    Key: phase, Value: ['0']
    Key: product, Value: ['hypothetical protein']
    Key: protein_id, Value: ['WP_225757195.1']
    Key: source, Value: ['GeneMarkS-2+']
    Key: transl_table, Value: ['11']

GF(None, 15541-16756 (1))
type: CDS
location: [1635272:1636412](+)
id: cds-WP_225757196.1
qualifiers:
    Key: Dbxref, Value: ['GenBank:WP_225757196.1']
    Key: ID, Value: ['cds-WP_225757196.1']
    Key: Name, Value: ['WP_225757196.1']
    Key: Ontology_term, Value: ['GO:0140359', 'GO:0055052']
    Key: Parent, Value: ['gene-LG374_RS07970']
    Key: gbkey, Value: ['CDS']
    Key: go_component, Value: ['ATP-binding cassette (ABC) transporter complex, substrate-binding subunit-containing|0055052||IEA']
    Key: go_function, Value: ['ABC-type transporter activity|0140359||IEA']
    Key: inference, Value: ['COORDINATES: similar to AA sequence:RefSeq:WP_006986600.1']
    Key: locus_tag, Value: ['LG374_RS07970']
    Key: phase, Value: ['0']
    Key: product, Value: ['ABC transporter substrate-binding protein']
    Key: protein_id, Value: ['WP_225757196.1']
    Key: source, Value: ['Protein Homology']
    Key: transl_table, Value: ['11']

GF(ABC transporter substrate-binding protein, 16755-17895 (1))
type: CDS
location: [1636411:1637176](+)
id: cds-WP_225757197.1
qualifiers:
    Key: Dbxref, Value: ['GenBank:WP_225757197.1']
    Key: ID, Value: ['cds-WP_225757197.1']
    Key: Name, Value: ['WP_225757197.1']
    Key: Ontology_term, Value: ['GO:0005524', 'GO:0016887']
    Key: Parent, Value: ['gene-LG374_RS07975']
    Key: gbkey, Value: ['CDS']
    Key: go_function, Value: ['ATP binding|0005524||IEA', 'ATP hydrolysis activity|0016887||IEA']
    Key: inference, Value: ['COORDINATES: similar to AA sequence:RefSeq:WP_006986599.1']
    Key: locus_tag, Value: ['LG374_RS07975']
    Key: phase, Value: ['0']
    Key: product, Value: ['ABC transporter ATP-binding protein']
    Key: protein_id, Value: ['WP_225757197.1']
    Key: source, Value: ['Protein Homology']
    Key: transl_table, Value: ['11']

GF(ABC transporter ATP-binding protein, 17894-18659 (1))
type: repeat_region
location: [1622058:1622368](+)
id: NZ_OU745373.1_1
qualifiers:
    Key: Dbxref, Value: ['SO:0001459']
    Key: ID, Value: ['NZ_OU745373.1_1']
    Key: Note, Value: ['TAATCCCTTTGGTTCAGGGACGTTTTTTATTC']
    Key: Ontology_term, Value: ['CRISPR']
    Key: score, Value: ['310']
    Key: source, Value: ['CCTyper']

GF(Repeat region, 3541-3851 (0))
graphic feature from known effectors: GF(csx1, 4000-5217 (-1))
graphic feature from known effectors: GF(csx23, 5214-6029 (-1))
[GF(7-cyano-7-deazaguanine synthase QueC, 276-936 (1)), GF(ATP-binding protein, 1580-2852 (-1)), GF(TIGR02221 family CRISPR-associated protein, 3999-5217 (-1)), GF(CRISPR-associated protein Csx16, 5213-6029 (-1)), GF(CRISPR system precrRNA processing endoribonuclease RAMP protein Cas6, 6025-6964 (-1)), GF(RAMP superfamily CRISPR-associated protein, 7030-8083 (-1)), GF(type III-B CRISPR module-associated protein Cmr5, 8079-8460 (-1)), GF(type III-B CRISPR module RAMP protein Cmr4, 8456-9353 (-1)), GF(type III-B CRISPR module-associated protein Cmr3, 9477-10653 (-1)), GF(type III-B CRISPR-associated protein Cas10/Cmr2, 10649-12431 (-1)), GF(type III-B CRISPR module RAMP protein Cmr1, 12450-13674 (-1)), GF(DEAD/DEAH box helicase, 13934-15260 (-1)), GF(None, 15541-16756 (1)), GF(ABC transporter substrate-binding protein, 16755-17895 (1)), GF(ABC transporter ATP-binding protein, 17894-18659 (1)), GF(Repeat region, 3541-3851 (0)), GF(csx1, 4000-5217 (-1)), GF(csx23, 5214-6029 (-1)), GF(CRISPR-Cas locus, 4000-15260 (0))]
