Cas operons file:    Unnamed: 0         Contig  ...           locus_id           sample
0           0  NZ_CP009506.1  ...  GCF_000970085.1_0  GCF_000970085.1

[1 rows x 19 columns]
The chosen contig: NZ_CP009506.1
type: CDS
location: [2326209:2328666](-)
id: cds-WP_048172055.1
qualifiers:
    Key: Dbxref, Value: ['GenBank:WP_048172055.1', 'GeneID:24860710']
    Key: ID, Value: ['cds-WP_048172055.1']
    Key: Name, Value: ['WP_048172055.1']
    Key: Parent, Value: ['gene-MSSIT_RS09885']
    Key: gbkey, Value: ['CDS']
    Key: inference, Value: ['COORDINATES: protein motif:HMM:NF045198.1']
    Key: locus_tag, Value: ['MSSIT_RS09885']
    Key: phase, Value: ['0']
    Key: product, Value: ['hypothetical protein']
    Key: protein_id, Value: ['WP_048172055.1']
    Key: source, Value: ['Protein Homology']
    Key: transl_table, Value: ['11']

GF(None, 1473-3930 (-1))
type: CDS
location: [2328735:2329731](-)
id: cds-WP_156158836.1
qualifiers:
    Key: Dbxref, Value: ['GenBank:WP_156158836.1', 'GeneID:24860711']
    Key: ID, Value: ['cds-WP_156158836.1']
    Key: Name, Value: ['WP_156158836.1']
    Key: Parent, Value: ['gene-MSSIT_RS09890']
    Key: gbkey, Value: ['CDS']
    Key: inference, Value: ['COORDINATES: protein motif:HMM:NF015728.4']
    Key: locus_tag, Value: ['MSSIT_RS09890']
    Key: phase, Value: ['0']
    Key: product, Value: ['RAMP superfamily CRISPR-associated protein']
    Key: protein_id, Value: ['WP_156158836.1']
    Key: source, Value: ['Protein Homology']
    Key: transl_table, Value: ['11']

GF(RAMP superfamily CRISPR-associated protein, 3999-4995 (-1))
type: CDS
location: [2329736:2330183](-)
id: cds-WP_052721601.1
qualifiers:
    Key: Dbxref, Value: ['GenBank:WP_052721601.1', 'GeneID:24860712']
    Key: ID, Value: ['cds-WP_052721601.1']
    Key: Name, Value: ['WP_052721601.1']
    Key: Parent, Value: ['gene-MSSIT_RS09895']
    Key: gbkey, Value: ['CDS']
    Key: inference, Value: ['COORDINATES: ab initio prediction:GeneMarkS-2+']
    Key: locus_tag, Value: ['MSSIT_RS09895']
    Key: phase, Value: ['0']
    Key: product, Value: ['hypothetical protein']
    Key: protein_id, Value: ['WP_052721601.1']
    Key: source, Value: ['GeneMarkS-2+']
    Key: transl_table, Value: ['11']

GF(None, 5000-5447 (-1))
type: CDS
location: [2330169:2331156](-)
id: cds-WP_197080354.1
qualifiers:
    Key: Dbxref, Value: ['GenBank:WP_197080354.1', 'GeneID:24860713']
    Key: ID, Value: ['cds-WP_197080354.1']
    Key: Name, Value: ['WP_197080354.1']
    Key: Ontology_term, Value: ['GO:0043571', 'GO:0003674']
    Key: Parent, Value: ['gene-MSSIT_RS09900']
    Key: gbkey, Value: ['CDS']
    Key: gene, Value: ['cmr4']
    Key: go_function, Value: ['molecular_function|0003674||IEA']
    Key: go_process, Value: ['maintenance of CRISPR repeat elements|0043571||IEA']
    Key: inference, Value: ['COORDINATES: protein motif:HMM:TIGR02580.1']
    Key: locus_tag, Value: ['MSSIT_RS09900']
    Key: phase, Value: ['0']
    Key: product, Value: ['type III-B CRISPR module RAMP protein Cmr4']
    Key: protein_id, Value: ['WP_197080354.1']
    Key: source, Value: ['Protein Homology']
    Key: transl_table, Value: ['11']

GF(type III-B CRISPR module RAMP protein Cmr4, 5433-6420 (-1))
type: CDS
location: [2331148:2334451](-)
id: cds-WP_156158837.1
qualifiers:
    Key: Dbxref, Value: ['GenBank:WP_156158837.1', 'GeneID:24860714']
    Key: ID, Value: ['cds-WP_156158837.1']
    Key: Name, Value: ['WP_156158837.1']
    Key: Parent, Value: ['gene-MSSIT_RS09905']
    Key: gbkey, Value: ['CDS']
    Key: inference, Value: ['COORDINATES: ab initio prediction:GeneMarkS-2+']
    Key: locus_tag, Value: ['MSSIT_RS09905']
    Key: phase, Value: ['0']
    Key: product, Value: ['hypothetical protein']
    Key: protein_id, Value: ['WP_156158837.1']
    Key: source, Value: ['GeneMarkS-2+']
    Key: transl_table, Value: ['11']

GF(None, 6412-9715 (-1))
type: CDS
location: [2334447:2335626](-)
id: cds-WP_197080355.1
qualifiers:
    Key: Dbxref, Value: ['GenBank:WP_197080355.1', 'GeneID:24860715']
    Key: ID, Value: ['cds-WP_197080355.1']
    Key: Name, Value: ['WP_197080355.1']
    Key: Parent, Value: ['gene-MSSIT_RS09910']
    Key: gbkey, Value: ['CDS']
    Key: inference, Value: ['COORDINATES: protein motif:HMM:NF015728.4']
    Key: locus_tag, Value: ['MSSIT_RS09910']
    Key: phase, Value: ['0']
    Key: product, Value: ['RAMP superfamily CRISPR-associated protein']
    Key: protein_id, Value: ['WP_197080355.1']
    Key: source, Value: ['Protein Homology']
    Key: transl_table, Value: ['11']

GF(RAMP superfamily CRISPR-associated protein, 9711-10890 (-1))
type: CDS
location: [2335618:2336602](-)
id: cds-WP_048172071.1
qualifiers:
    Key: Dbxref, Value: ['GenBank:WP_048172071.1', 'GeneID:24860716']
    Key: ID, Value: ['cds-WP_048172071.1']
    Key: Name, Value: ['WP_048172071.1']
    Key: Ontology_term, Value: ['GO:0043571', 'GO:0003674']
    Key: Parent, Value: ['gene-MSSIT_RS09915']
    Key: gbkey, Value: ['CDS']
    Key: gene, Value: ['cmr1']
    Key: go_function, Value: ['molecular_function|0003674||IEA']
    Key: go_process, Value: ['maintenance of CRISPR repeat elements|0043571||IEA']
    Key: inference, Value: ['COORDINATES: protein motif:HMM:NF015728.4']
    Key: locus_tag, Value: ['MSSIT_RS09915']
    Key: phase, Value: ['0']
    Key: product, Value: ['type III-B CRISPR module RAMP protein Cmr1']
    Key: protein_id, Value: ['WP_048172071.1']
    Key: source, Value: ['Protein Homology']
    Key: transl_table, Value: ['11']

GF(type III-B CRISPR module RAMP protein Cmr1, 10882-11866 (-1))
type: CDS
location: [2336623:2337367](-)
id: cds-WP_048172073.1
qualifiers:
    Key: Dbxref, Value: ['GenBank:WP_048172073.1', 'GeneID:24860717']
    Key: ID, Value: ['cds-WP_048172073.1']
    Key: Name, Value: ['WP_048172073.1']
    Key: Parent, Value: ['gene-MSSIT_RS09920']
    Key: gbkey, Value: ['CDS']
    Key: inference, Value: ['COORDINATES: similar to AA sequence:RefSeq:WP_011035245.1']
    Key: locus_tag, Value: ['MSSIT_RS09920']
    Key: phase, Value: ['0']
    Key: product, Value: ['CRISPR-associated endonuclease Cas6']
    Key: protein_id, Value: ['WP_048172073.1']
    Key: source, Value: ['Protein Homology']
    Key: transl_table, Value: ['11']

GF(CRISPR-associated endonuclease Cas6, 11887-12631 (-1))
type: CDS
location: [2337489:2338704](-)
id: cds-WP_082088946.1
qualifiers:
    Key: Dbxref, Value: ['GenBank:WP_082088946.1', 'GeneID:31904545']
    Key: ID, Value: ['cds-WP_082088946.1']
    Key: Name, Value: ['WP_082088946.1']
    Key: Parent, Value: ['gene-MSSIT_RS21980']
    Key: gbkey, Value: ['CDS']
    Key: inference, Value: ['COORDINATES: protein motif:HMM:NF012307.4']
    Key: locus_tag, Value: ['MSSIT_RS21980']
    Key: phase, Value: ['0']
    Key: product, Value: ['reverse transcriptase domain-containing protein']
    Key: protein_id, Value: ['WP_082088946.1']
    Key: source, Value: ['Protein Homology']
    Key: transl_table, Value: ['11']

GF(reverse transcriptase domain-containing protein, 12753-13968 (-1))
type: CDS
location: [2341265:2342279](+)
id: cds-WP_197080356.1
qualifiers:
    Key: Dbxref, Value: ['GenBank:WP_197080356.1', 'GeneID:24860719']
    Key: ID, Value: ['cds-WP_197080356.1']
    Key: Name, Value: ['WP_197080356.1']
    Key: Ontology_term, Value: ['GO:0043571', 'GO:0004520', 'GO:0046872']
    Key: Parent, Value: ['gene-MSSIT_RS09930']
    Key: gbkey, Value: ['CDS']
    Key: gene, Value: ['cas1']
    Key: go_function, Value: ['DNA endonuclease activity|0004520||IEA', 'metal ion binding|0046872||IEA']
    Key: go_process, Value: ['maintenance of CRISPR repeat elements|0043571||IEA']
    Key: inference, Value: ['COORDINATES: protein motif:HMM:TIGR00287.1']
    Key: locus_tag, Value: ['MSSIT_RS09930']
    Key: phase, Value: ['0']
    Key: product, Value: ['CRISPR-associated endonuclease Cas1']
    Key: protein_id, Value: ['WP_197080356.1']
    Key: source, Value: ['Protein Homology']
    Key: transl_table, Value: ['11']

GF(CRISPR-associated endonuclease Cas1, 16529-17543 (1))
type: CDS
location: [2342333:2342639](+)
id: cds-WP_048172076.1
qualifiers:
    Key: Dbxref, Value: ['GenBank:WP_048172076.1', 'GeneID:24860720']
    Key: ID, Value: ['cds-WP_048172076.1']
    Key: Name, Value: ['WP_048172076.1']
    Key: Ontology_term, Value: ['GO:0043571', 'GO:0004521']
    Key: Parent, Value: ['gene-MSSIT_RS09935']
    Key: gbkey, Value: ['CDS']
    Key: gene, Value: ['cas2']
    Key: go_function, Value: ['RNA endonuclease activity|0004521||IEA']
    Key: go_process, Value: ['maintenance of CRISPR repeat elements|0043571||IEA']
    Key: inference, Value: ['COORDINATES: protein motif:HMM:TIGR01573.1']
    Key: locus_tag, Value: ['MSSIT_RS09935']
    Key: phase, Value: ['0']
    Key: product, Value: ['CRISPR-associated endonuclease Cas2']
    Key: protein_id, Value: ['WP_048172076.1']
    Key: source, Value: ['Protein Homology']
    Key: transl_table, Value: ['11']

GF(CRISPR-associated endonuclease Cas2, 17597-17903 (1))
type: CDS
location: [2342756:2343527](+)
id: cds-WP_048172077.1
qualifiers:
    Key: Dbxref, Value: ['GenBank:WP_048172077.1', 'GeneID:24860721']
    Key: ID, Value: ['cds-WP_048172077.1']
    Key: Name, Value: ['WP_048172077.1']
    Key: Parent, Value: ['gene-MSSIT_RS09940']
    Key: gbkey, Value: ['CDS']
    Key: inference, Value: ['COORDINATES: protein motif:HMM:NF040371.3']
    Key: locus_tag, Value: ['MSSIT_RS09940']
    Key: phase, Value: ['0']
    Key: product, Value: ['DUF6293 family protein']
    Key: protein_id, Value: ['WP_048172077.1']
    Key: source, Value: ['Protein Homology']
    Key: transl_table, Value: ['11']

GF(DUF6293 family protein, 18020-18791 (1))
type: CDS
location: [2343694:2343910](-)
id: cds-WP_156158838.1
qualifiers:
    Key: Dbxref, Value: ['GenBank:WP_156158838.1', 'GeneID:42864105']
    Key: ID, Value: ['cds-WP_156158838.1']
    Key: Name, Value: ['WP_156158838.1']
    Key: Parent, Value: ['gene-MSSIT_RS23170']
    Key: gbkey, Value: ['CDS']
    Key: inference, Value: ['COORDINATES: ab initio prediction:GeneMarkS-2+']
    Key: locus_tag, Value: ['MSSIT_RS23170']
    Key: phase, Value: ['0']
    Key: product, Value: ['hypothetical protein']
    Key: protein_id, Value: ['WP_156158838.1']
    Key: source, Value: ['GeneMarkS-2+']
    Key: transl_table, Value: ['11']

GF(None, 18958-19174 (-1))
type: CDS
location: [2344495:2345122](+)
id: cds-WP_048172080.1
qualifiers:
    Key: Dbxref, Value: ['GenBank:WP_048172080.1', 'GeneID:24860723']
    Key: ID, Value: ['cds-WP_048172080.1']
    Key: Name, Value: ['WP_048172080.1']
    Key: Parent, Value: ['gene-MSSIT_RS09950']
    Key: gbkey, Value: ['CDS']
    Key: inference, Value: ['COORDINATES: similar to AA sequence:RefSeq:WP_011307536.1']
    Key: locus_tag, Value: ['MSSIT_RS09950']
    Key: phase, Value: ['0']
    Key: product, Value: ['LysE family translocator']
    Key: protein_id, Value: ['WP_048172080.1']
    Key: source, Value: ['Protein Homology']
    Key: transl_table, Value: ['11']

GF(LysE family translocator, 19759-20386 (1))
type: CDS
location: [2345130:2345958](+)
id: cds-WP_052721603.1
qualifiers:
    Key: Dbxref, Value: ['GenBank:WP_052721603.1', 'GeneID:24860724']
    Key: ID, Value: ['cds-WP_052721603.1']
    Key: Name, Value: ['WP_052721603.1']
    Key: Parent, Value: ['gene-MSSIT_RS09955']
    Key: gbkey, Value: ['CDS']
    Key: inference, Value: ['COORDINATES: protein motif:HMM:NF014567.4']
    Key: locus_tag, Value: ['MSSIT_RS09955']
    Key: phase, Value: ['0']
    Key: product, Value: ['ATP-binding protein']
    Key: protein_id, Value: ['WP_052721603.1']
    Key: source, Value: ['Protein Homology']
    Key: transl_table, Value: ['11']

GF(ATP-binding protein, 20394-21222 (1))
type: repeat_region
location: [2338843:2340662](+)
id: NZ_CP009506.1_2
qualifiers:
    Key: Dbxref, Value: ['SO:0001459']
    Key: ID, Value: ['NZ_CP009506.1_2']
    Key: Note, Value: ['GTTTCAATCCTTGTTTTAGTGGCTGTTGCTGTTTTAG']
    Key: Ontology_term, Value: ['CRISPR']
    Key: score, Value: ['1819']
    Key: source, Value: ['CCTyper']

GF(Repeat region, 14107-15926 (0))
graphic feature from cctyper protein table: GF(Cmr3, 4000-4995 (-1))
graphic feature from cctyper protein table: GF(Cmr5, 5001-5447 (-1))
graphic feature from cctyper protein table: GF(Cas10, 6413-9715 (-1))
graphic feature from cctyper protein table: GF(Cmr6gr7, 9712-10890 (-1))
graphic feature from cctyper protein table: GF(Cmr1gr7, 10883-11866 (-1))
graphic feature from cctyper protein table: GF(Cas6, 11888-12631 (-1))
graphic feature from cctyper protein table: GF(RT, 12754-13968 (-1))
graphic feature from cctyper protein table: GF(Cas1, 16530-17543 (1))
graphic feature from cctyper protein table: GF(Cas2, 17598-17903 (1))
Index(['protein_id', 'start', 'end', 'effector', 'locus', 'sample', 'strand',
       'sequence'],
      dtype='object')
Index(['protein_id', 'start', 'end', 'effector', 'locus', 'sample', 'strand',
       'sequence'],
      dtype='object')
[GF(None, 1473-3930 (-1)), GF(RAMP superfamily CRISPR-associated protein, 3999-4995 (-1)), GF(None, 5000-5447 (-1)), GF(type III-B CRISPR module RAMP protein Cmr4, 5433-6420 (-1)), GF(None, 6412-9715 (-1)), GF(RAMP superfamily CRISPR-associated protein, 9711-10890 (-1)), GF(type III-B CRISPR module RAMP protein Cmr1, 10882-11866 (-1)), GF(CRISPR-associated endonuclease Cas6, 11887-12631 (-1)), GF(reverse transcriptase domain-containing protein, 12753-13968 (-1)), GF(CRISPR-associated endonuclease Cas1, 16529-17543 (1)), GF(CRISPR-associated endonuclease Cas2, 17597-17903 (1)), GF(DUF6293 family protein, 18020-18791 (1)), GF(None, 18958-19174 (-1)), GF(LysE family translocator, 19759-20386 (1)), GF(ATP-binding protein, 20394-21222 (1)), GF(Repeat region, 14107-15926 (0)), GF(Cmr3, 4000-4995 (-1)), GF(Cmr5, 5001-5447 (-1)), GF(Cas10, 6413-9715 (-1)), GF(Cmr6gr7, 9712-10890 (-1)), GF(Cmr1gr7, 10883-11866 (-1)), GF(Cas6, 11888-12631 (-1)), GF(RT, 12754-13968 (-1)), GF(Cas1, 16530-17543 (1)), GF(Cas2, 17598-17903 (1)), GF(CRISPR-Cas locus, 4000-17903 (0))]
