Cas operons file:    Unnamed: 0         Contig  ...           locus_id           sample
0           3  NZ_CP009170.1  ...  GCF_000763575.1_3  GCF_000763575.1

[1 rows x 19 columns]
The chosen contig: NZ_CP009170.1
type: CDS
location: [1389070:1392232](-)
id: cds-WP_049685355.1
qualifiers:
    Key: Dbxref, Value: ['GenBank:WP_049685355.1']
    Key: ID, Value: ['cds-WP_049685355.1']
    Key: Name, Value: ['WP_049685355.1']
    Key: Parent, Value: ['gene-TKV_RS07075']
    Key: gbkey, Value: ['CDS']
    Key: inference, Value: ['COORDINATES: similar to AA sequence:RefSeq:WP_006570341.1']
    Key: locus_tag, Value: ['TKV_RS07075']
    Key: phase, Value: ['0']
    Key: product, Value: ['helicase-related protein']
    Key: protein_id, Value: ['WP_049685355.1']
    Key: source, Value: ['Protein Homology']
    Key: transl_table, Value: ['11']

GF(helicase-related protein, 640-3802 (-1))
type: CDS
location: [1392429:1392648](-)
id: cds-WP_049685357.1
qualifiers:
    Key: Dbxref, Value: ['GenBank:WP_049685357.1']
    Key: ID, Value: ['cds-WP_049685357.1']
    Key: Name, Value: ['WP_049685357.1']
    Key: Parent, Value: ['gene-TKV_RS07085']
    Key: gbkey, Value: ['CDS']
    Key: inference, Value: ['COORDINATES: protein motif:HMM:NF025696.3']
    Key: locus_tag, Value: ['TKV_RS07085']
    Key: phase, Value: ['0']
    Key: product, Value: ['winged helix-turn-helix domain-containing protein']
    Key: protein_id, Value: ['WP_049685357.1']
    Key: source, Value: ['Protein Homology']
    Key: transl_table, Value: ['11']

GF(winged helix-turn-helix domain-containing protein, 3999-4218 (-1))
type: CDS
location: [1392768:1392936](-)
id: cds-WP_236617204.1
qualifiers:
    Key: Dbxref, Value: ['GenBank:WP_236617204.1']
    Key: ID, Value: ['cds-WP_236617204.1']
    Key: Name, Value: ['WP_236617204.1']
    Key: Parent, Value: ['gene-TKV_RS13525']
    Key: gbkey, Value: ['CDS']
    Key: inference, Value: ['COORDINATES: ab initio prediction:GeneMarkS-2+']
    Key: locus_tag, Value: ['TKV_RS13525']
    Key: phase, Value: ['0']
    Key: product, Value: ['hypothetical protein']
    Key: protein_id, Value: ['WP_236617204.1']
    Key: source, Value: ['GeneMarkS-2+']
    Key: transl_table, Value: ['11']

GF(None, 4338-4506 (-1))
type: CDS
location: [1393184:1393316](+)
id: cds-WP_084574208.1
qualifiers:
    Key: Dbxref, Value: ['GenBank:WP_084574208.1']
    Key: ID, Value: ['cds-WP_084574208.1']
    Key: Name, Value: ['WP_084574208.1']
    Key: Parent, Value: ['gene-TKV_RS12415']
    Key: gbkey, Value: ['CDS']
    Key: inference, Value: ['COORDINATES: protein motif:HMM:NF013753.3']
    Key: locus_tag, Value: ['TKV_RS12415']
    Key: phase, Value: ['0']
    Key: product, Value: ['transposase']
    Key: protein_id, Value: ['WP_084574208.1']
    Key: source, Value: ['Protein Homology']
    Key: transl_table, Value: ['11']

GF(transposase, 4754-4886 (1))
type: CDS
location: [1393570:1393933](-)
id: cds-WP_236617205.1
qualifiers:
    Key: Dbxref, Value: ['GenBank:WP_236617205.1']
    Key: ID, Value: ['cds-WP_236617205.1']
    Key: Name, Value: ['WP_236617205.1']
    Key: Ontology_term, Value: ['GO:0003677', 'GO:0003723', 'GO:0004521']
    Key: Parent, Value: ['gene-TKV_RS07095']
    Key: gbkey, Value: ['CDS']
    Key: go_function, Value: ['DNA binding|0003677||IEA', 'RNA binding|0003723||IEA', 'RNA endonuclease activity|0004521||IEA']
    Key: inference, Value: ['COORDINATES: similar to AA sequence:RefSeq:WP_004399794.1']
    Key: locus_tag, Value: ['TKV_RS07095']
    Key: phase, Value: ['0']
    Key: product, Value: ['type II toxin-antitoxin system PemK/MazF family toxin']
    Key: protein_id, Value: ['WP_236617205.1']
    Key: source, Value: ['Protein Homology']
    Key: transl_table, Value: ['11']

GF(type II toxin-antitoxin system PemK/MazF family toxin, 5140-5503 (-1))
type: CDS
location: [1393935:1394193](-)
id: cds-WP_049685359.1
qualifiers:
    Key: Dbxref, Value: ['GenBank:WP_049685359.1']
    Key: ID, Value: ['cds-WP_049685359.1']
    Key: Name, Value: ['WP_049685359.1']
    Key: Parent, Value: ['gene-TKV_RS07100']
    Key: gbkey, Value: ['CDS']
    Key: inference, Value: ['COORDINATES: similar to AA sequence:RefSeq:WP_003871621.1']
    Key: locus_tag, Value: ['TKV_RS07100']
    Key: phase, Value: ['0']
    Key: product, Value: ['DUF2281 domain-containing protein']
    Key: protein_id, Value: ['WP_049685359.1']
    Key: source, Value: ['Protein Homology']
    Key: transl_table, Value: ['11']

GF(DUF2281 domain-containing protein, 5505-5763 (-1))
type: CDS
location: [1394408:1394924](-)
id: cds-WP_049685360.1
qualifiers:
    Key: Dbxref, Value: ['GenBank:WP_049685360.1']
    Key: ID, Value: ['cds-WP_049685360.1']
    Key: Name, Value: ['WP_049685360.1']
    Key: Parent, Value: ['gene-TKV_RS07105']
    Key: gbkey, Value: ['CDS']
    Key: inference, Value: ['COORDINATES: ab initio prediction:GeneMarkS-2+']
    Key: locus_tag, Value: ['TKV_RS07105']
    Key: phase, Value: ['0']
    Key: product, Value: ['hypothetical protein']
    Key: protein_id, Value: ['WP_049685360.1']
    Key: source, Value: ['GeneMarkS-2+']
    Key: transl_table, Value: ['11']

GF(None, 5978-6494 (-1))
type: CDS
location: [1395050:1395932](-)
id: cds-WP_049685361.1
qualifiers:
    Key: Dbxref, Value: ['GenBank:WP_049685361.1']
    Key: ID, Value: ['cds-WP_049685361.1']
    Key: Name, Value: ['WP_049685361.1']
    Key: Parent, Value: ['gene-TKV_RS07110']
    Key: gbkey, Value: ['CDS']
    Key: inference, Value: ['COORDINATES: similar to AA sequence:RefSeq:WP_003868385.1']
    Key: locus_tag, Value: ['TKV_RS07110']
    Key: phase, Value: ['0']
    Key: product, Value: ['RAMP superfamily CRISPR-associated protein']
    Key: protein_id, Value: ['WP_049685361.1']
    Key: source, Value: ['Protein Homology']
    Key: transl_table, Value: ['11']

GF(RAMP superfamily CRISPR-associated protein, 6620-7502 (-1))
type: CDS
location: [1395936:1396296](-)
id: cds-WP_049685362.1
qualifiers:
    Key: Dbxref, Value: ['GenBank:WP_049685362.1']
    Key: ID, Value: ['cds-WP_049685362.1']
    Key: Name, Value: ['WP_049685362.1']
    Key: Parent, Value: ['gene-TKV_RS07115']
    Key: gbkey, Value: ['CDS']
    Key: inference, Value: ['COORDINATES: similar to AA sequence:RefSeq:WP_003868384.1']
    Key: locus_tag, Value: ['TKV_RS07115']
    Key: phase, Value: ['0']
    Key: product, Value: ['hypothetical protein']
    Key: protein_id, Value: ['WP_049685362.1']
    Key: source, Value: ['Protein Homology']
    Key: transl_table, Value: ['11']

GF(None, 7506-7866 (-1))
type: CDS
location: [1396292:1397501](-)
id: cds-WP_049685363.1
qualifiers:
    Key: Dbxref, Value: ['GenBank:WP_049685363.1']
    Key: ID, Value: ['cds-WP_049685363.1']
    Key: Name, Value: ['WP_049685363.1']
    Key: Parent, Value: ['gene-TKV_RS07120']
    Key: gbkey, Value: ['CDS']
    Key: inference, Value: ['COORDINATES: similar to AA sequence:RefSeq:WP_007545725.1']
    Key: locus_tag, Value: ['TKV_RS07120']
    Key: phase, Value: ['0']
    Key: product, Value: ['RAMP superfamily CRISPR-associated protein']
    Key: protein_id, Value: ['WP_049685363.1']
    Key: source, Value: ['Protein Homology']
    Key: transl_table, Value: ['11']

GF(RAMP superfamily CRISPR-associated protein, 7862-9071 (-1))
type: CDS
location: [1397504:1400870](-)
id: cds-WP_049685364.1
qualifiers:
    Key: Dbxref, Value: ['GenBank:WP_049685364.1']
    Key: ID, Value: ['cds-WP_049685364.1']
    Key: Name, Value: ['WP_049685364.1']
    Key: Ontology_term, Value: ['GO:0043571', 'GO:0003674', 'GO:0005575']
    Key: Parent, Value: ['gene-TKV_RS07125']
    Key: gbkey, Value: ['CDS']
    Key: go_component, Value: ['cellular_component|0005575||IEA']
    Key: go_function, Value: ['molecular_function|0003674||IEA']
    Key: go_process, Value: ['maintenance of CRISPR repeat elements|0043571||IEA']
    Key: inference, Value: ['COORDINATES: similar to AA sequence:RefSeq:WP_012995400.1']
    Key: locus_tag, Value: ['TKV_RS07125']
    Key: phase, Value: ['0']
    Key: product, Value: ['CRISPR-associated protein Csx11']
    Key: protein_id, Value: ['WP_049685364.1']
    Key: source, Value: ['Protein Homology']
    Key: transl_table, Value: ['11']

GF(CRISPR-associated protein Csx11, 9074-12440 (-1))
type: CDS
location: [1400857:1402168](-)
id: cds-WP_049685365.1
qualifiers:
    Key: Dbxref, Value: ['GenBank:WP_049685365.1']
    Key: ID, Value: ['cds-WP_049685365.1']
    Key: Name, Value: ['WP_049685365.1']
    Key: Parent, Value: ['gene-TKV_RS07130']
    Key: gbkey, Value: ['CDS']
    Key: inference, Value: ['COORDINATES: similar to AA sequence:RefSeq:WP_003869599.1']
    Key: locus_tag, Value: ['TKV_RS07130']
    Key: phase, Value: ['0']
    Key: product, Value: ['RAMP superfamily CRISPR-associated protein']
    Key: protein_id, Value: ['WP_049685365.1']
    Key: source, Value: ['Protein Homology']
    Key: transl_table, Value: ['11']

GF(RAMP superfamily CRISPR-associated protein, 12427-13738 (-1))
type: CDS
location: [1402154:1403246](-)
id: cds-WP_049685366.1
qualifiers:
    Key: Dbxref, Value: ['GenBank:WP_049685366.1']
    Key: ID, Value: ['cds-WP_049685366.1']
    Key: Name, Value: ['WP_049685366.1']
    Key: Parent, Value: ['gene-TKV_RS07135']
    Key: gbkey, Value: ['CDS']
    Key: inference, Value: ['COORDINATES: similar to AA sequence:RefSeq:WP_019907730.1']
    Key: locus_tag, Value: ['TKV_RS07135']
    Key: phase, Value: ['0']
    Key: product, Value: ['RAMP superfamily CRISPR-associated protein']
    Key: protein_id, Value: ['WP_049685366.1']
    Key: source, Value: ['Protein Homology']
    Key: transl_table, Value: ['11']

GF(RAMP superfamily CRISPR-associated protein, 13724-14816 (-1))
type: CDS
location: [1404144:1405366](+)
id: cds-TKV_RS07140
qualifiers:
    Key: ID, Value: ['cds-TKV_RS07140']
    Key: Note, Value: ['frameshifted']
    Key: Ontology_term, Value: ['GO:0004803']
    Key: Parent, Value: ['gene-TKV_RS07140']
    Key: gbkey, Value: ['CDS']
    Key: go_function, Value: ['transposase activity|0004803||IEA']
    Key: inference, Value: ['COORDINATES: similar to AA sequence:RefSeq:WP_003869601.1']
    Key: locus_tag, Value: ['TKV_RS07140']
    Key: phase, Value: ['0']
    Key: product, Value: ['IS110 family transposase']
    Key: pseudo, Value: ['true']
    Key: source, Value: ['Protein Homology']
    Key: transl_table, Value: ['11']

GF(IS110 family transposase, 15714-16936 (1))
type: CDS
location: [1405560:1406589](-)
id: cds-TKV_RS07145
qualifiers:
    Key: ID, Value: ['cds-TKV_RS07145']
    Key: Note, Value: ['internal stop; incomplete; partial in the middle of a contig; missing C-terminus']
    Key: Ontology_term, Value: ['GO:0006313', 'GO:0004803']
    Key: Parent, Value: ['gene-TKV_RS07145']
    Key: gbkey, Value: ['CDS']
    Key: go_function, Value: ['transposase activity|0004803||IEA']
    Key: go_process, Value: ['DNA transposition|0006313||IEA']
    Key: inference, Value: ['COORDINATES: similar to AA sequence:RefSeq:WP_011025526.1']
    Key: locus_tag, Value: ['TKV_RS07145']
    Key: partial, Value: ['true']
    Key: phase, Value: ['0']
    Key: product, Value: ['IS200/IS605 family accessory protein TnpB-related protein']
    Key: pseudo, Value: ['true']
    Key: source, Value: ['Protein Homology']
    Key: start_range, Value: ['.', '1405561']
    Key: transl_table, Value: ['11']

GF(IS200/IS605 family accessory protein TnpB-related protein, 17130-18159 (-1))
type: CDS
location: [1406569:1407160](-)
id: cds-WP_049685367.1
qualifiers:
    Key: Dbxref, Value: ['GenBank:WP_049685367.1']
    Key: ID, Value: ['cds-WP_049685367.1']
    Key: Name, Value: ['WP_049685367.1']
    Key: Ontology_term, Value: ['GO:0004803']
    Key: Parent, Value: ['gene-TKV_RS07150']
    Key: gbkey, Value: ['CDS']
    Key: go_function, Value: ['transposase activity|0004803||IEA']
    Key: inference, Value: ['COORDINATES: similar to AA sequence:RefSeq:WP_011025088.1']
    Key: locus_tag, Value: ['TKV_RS07150']
    Key: phase, Value: ['0']
    Key: product, Value: ['IS607 family transposase']
    Key: protein_id, Value: ['WP_049685367.1']
    Key: source, Value: ['Protein Homology']
    Key: transl_table, Value: ['11']

GF(IS607 family transposase, 18139-18730 (-1))
graphic feature from cctyper protein table: GF(Csm2gr11, 5979-6494 (-1))
graphic feature from cctyper protein table: GF(Cmr3, 6621-7502 (-1))
graphic feature from cctyper protein table: GF(Cmr5gr11, 7507-7866 (-1))
graphic feature from cctyper protein table: GF(Cmr4gr7, 7863-9071 (-1))
graphic feature from cctyper protein table: GF(Cas10, 9075-12440 (-1))
graphic feature from cctyper protein table: GF(Cmr6, 12428-13738 (-1))
graphic feature from cctyper protein table: GF(Cmr1, 13725-14816 (-1))
Index(['protein_id', 'start', 'end', 'effector', 'locus', 'sample', 'strand',
       'sequence'],
      dtype='object')
Index(['protein_id', 'start', 'end', 'effector', 'locus', 'sample', 'strand',
       'sequence'],
      dtype='object')
[GF(helicase-related protein, 640-3802 (-1)), GF(winged helix-turn-helix domain-containing protein, 3999-4218 (-1)), GF(None, 4338-4506 (-1)), GF(transposase, 4754-4886 (1)), GF(type II toxin-antitoxin system PemK/MazF family toxin, 5140-5503 (-1)), GF(DUF2281 domain-containing protein, 5505-5763 (-1)), GF(None, 5978-6494 (-1)), GF(RAMP superfamily CRISPR-associated protein, 6620-7502 (-1)), GF(None, 7506-7866 (-1)), GF(RAMP superfamily CRISPR-associated protein, 7862-9071 (-1)), GF(CRISPR-associated protein Csx11, 9074-12440 (-1)), GF(RAMP superfamily CRISPR-associated protein, 12427-13738 (-1)), GF(RAMP superfamily CRISPR-associated protein, 13724-14816 (-1)), GF(IS110 family transposase, 15714-16936 (1)), GF(IS200/IS605 family accessory protein TnpB-related protein, 17130-18159 (-1)), GF(IS607 family transposase, 18139-18730 (-1)), GF(Csm2gr11, 5979-6494 (-1)), GF(Cmr3, 6621-7502 (-1)), GF(Cmr5gr11, 7507-7866 (-1)), GF(Cmr4gr7, 7863-9071 (-1)), GF(Cas10, 9075-12440 (-1)), GF(Cmr6, 12428-13738 (-1)), GF(Cmr1, 13725-14816 (-1)), GF(CRISPR-Cas locus, 4000-14816 (0))]
