Cas operons file:    Unnamed: 0         Contig  ...           locus_id           sample
0           0  NZ_AP024301.1  ...  GCF_016865275.1_0  GCF_016865275.1

[1 rows x 19 columns]
The chosen contig: NZ_AP024301.1
type: CDS
location: [1039676:1040930](-)
id: cds-WP_024119312.1
qualifiers:
    Key: Dbxref, Value: ['GenBank:WP_024119312.1']
    Key: ID, Value: ['cds-WP_024119312.1']
    Key: Name, Value: ['WP_024119312.1']
    Key: Ontology_term, Value: ['GO:0055085', 'GO:0022857']
    Key: Parent, Value: ['gene-JQN53_RS05570']
    Key: gbkey, Value: ['CDS']
    Key: go_function, Value: ['transmembrane transporter activity|0022857||IEA']
    Key: go_process, Value: ['transmembrane transport|0055085||IEA']
    Key: inference, Value: ['COORDINATES: similar to AA sequence:RefSeq:WP_011174350.1']
    Key: locus_tag, Value: ['JQN53_RS05570']
    Key: phase, Value: ['0']
    Key: product, Value: ['MFS transporter']
    Key: protein_id, Value: ['WP_024119312.1']
    Key: source, Value: ['Protein Homology']
    Key: transl_table, Value: ['11']

GF(MFS transporter, 165-1419 (-1))
type: CDS
location: [1040943:1041738](-)
id: cds-WP_024119313.1
qualifiers:
    Key: Dbxref, Value: ['GenBank:WP_024119313.1']
    Key: ID, Value: ['cds-WP_024119313.1']
    Key: Name, Value: ['WP_024119313.1']
    Key: Parent, Value: ['gene-JQN53_RS05575']
    Key: gbkey, Value: ['CDS']
    Key: inference, Value: ['COORDINATES: similar to AA sequence:RefSeq:WP_011229247.1']
    Key: locus_tag, Value: ['JQN53_RS05575']
    Key: phase, Value: ['0']
    Key: product, Value: ['carbohydrate deacetylase']
    Key: protein_id, Value: ['WP_024119313.1']
    Key: source, Value: ['Protein Homology']
    Key: transl_table, Value: ['11']

GF(carbohydrate deacetylase, 1432-2227 (-1))
type: CDS
location: [1041807:1042008](+)
id: cds-WP_011229248.1
qualifiers:
    Key: Dbxref, Value: ['GenBank:WP_011229248.1']
    Key: ID, Value: ['cds-WP_011229248.1']
    Key: Name, Value: ['WP_011229248.1']
    Key: Ontology_term, Value: ['GO:0016491', 'GO:0016625', 'GO:0051536']
    Key: Parent, Value: ['gene-JQN53_RS05580']
    Key: gbkey, Value: ['CDS']
    Key: go_function, Value: ['oxidoreductase activity|0016491||IEA', 'oxidoreductase activity, acting on the aldehyde or oxo group of donors, iron-sulfur protein as acceptor|0016625||IEA', 'iron-sulfur cluster binding|0051536||IEA']
    Key: inference, Value: ['COORDINATES: protein motif:HMM:NF014750.3']
    Key: locus_tag, Value: ['JQN53_RS05580']
    Key: phase, Value: ['0']
    Key: product, Value: ['aldehyde ferredoxin oxidoreductase N-terminal domain-containing protein']
    Key: protein_id, Value: ['WP_011229248.1']
    Key: source, Value: ['Protein Homology']
    Key: transl_table, Value: ['11']

GF(aldehyde ferredoxin oxidoreductase N-terminal domain-containing protein, 2296-2497 (1))
type: CDS
location: [1042637:1043432](-)
id: cds-WP_203970704.1
qualifiers:
    Key: Dbxref, Value: ['GenBank:WP_203970704.1']
    Key: ID, Value: ['cds-WP_203970704.1']
    Key: Name, Value: ['WP_203970704.1']
    Key: Parent, Value: ['gene-JQN53_RS05590']
    Key: gbkey, Value: ['CDS']
    Key: inference, Value: ['COORDINATES: similar to AA sequence:RefSeq:WP_011229250.1']
    Key: locus_tag, Value: ['JQN53_RS05590']
    Key: phase, Value: ['0']
    Key: product, Value: ['hypothetical protein']
    Key: protein_id, Value: ['WP_203970704.1']
    Key: source, Value: ['Protein Homology']
    Key: transl_table, Value: ['11']

GF(None, 3126-3921 (-1))
type: CDS
location: [1043510:1043879](-)
id: cds-WP_203970705.1
qualifiers:
    Key: Dbxref, Value: ['GenBank:WP_203970705.1']
    Key: ID, Value: ['cds-WP_203970705.1']
    Key: Name, Value: ['WP_203970705.1']
    Key: Parent, Value: ['gene-JQN53_RS05595']
    Key: gbkey, Value: ['CDS']
    Key: inference, Value: ['COORDINATES: ab initio prediction:GeneMarkS-2+']
    Key: locus_tag, Value: ['JQN53_RS05595']
    Key: phase, Value: ['0']
    Key: product, Value: ['hypothetical protein']
    Key: protein_id, Value: ['WP_203970705.1']
    Key: source, Value: ['GeneMarkS-2+']
    Key: transl_table, Value: ['11']

GF(None, 3999-4368 (-1))
type: inferred_parent
location: [1043953:1045077](-)
id: gene-JQN53_RS05600
qualifiers:
    Key: ID, Value: ['gene-JQN53_RS05600']

GF(None, 4442-5566 (-1))
type: CDS
location: [1045089:1045665](-)
id: cds-WP_203970706.1
qualifiers:
    Key: Dbxref, Value: ['GenBank:WP_203970706.1']
    Key: ID, Value: ['cds-WP_203970706.1']
    Key: Name, Value: ['WP_203970706.1']
    Key: Parent, Value: ['gene-JQN53_RS05605']
    Key: gbkey, Value: ['CDS']
    Key: inference, Value: ['COORDINATES: ab initio prediction:GeneMarkS-2+']
    Key: locus_tag, Value: ['JQN53_RS05605']
    Key: phase, Value: ['0']
    Key: product, Value: ['hypothetical protein']
    Key: protein_id, Value: ['WP_203970706.1']
    Key: source, Value: ['GeneMarkS-2+']
    Key: transl_table, Value: ['11']

GF(None, 5578-6154 (-1))
type: CDS
location: [1045661:1046042](-)
id: cds-WP_201351450.1
qualifiers:
    Key: Dbxref, Value: ['GenBank:WP_201351450.1']
    Key: ID, Value: ['cds-WP_201351450.1']
    Key: Name, Value: ['WP_201351450.1']
    Key: Parent, Value: ['gene-JQN53_RS05610']
    Key: gbkey, Value: ['CDS']
    Key: inference, Value: ['COORDINATES: ab initio prediction:GeneMarkS-2+']
    Key: locus_tag, Value: ['JQN53_RS05610']
    Key: phase, Value: ['0']
    Key: product, Value: ['hypothetical protein']
    Key: protein_id, Value: ['WP_201351450.1']
    Key: source, Value: ['GeneMarkS-2+']
    Key: transl_table, Value: ['11']

GF(None, 6150-6531 (-1))
type: CDS
location: [1046038:1047088](-)
id: cds-WP_203970708.1
qualifiers:
    Key: Dbxref, Value: ['GenBank:WP_203970708.1']
    Key: ID, Value: ['cds-WP_203970708.1']
    Key: Name, Value: ['WP_203970708.1']
    Key: Ontology_term, Value: ['GO:0043571', 'GO:0003674']
    Key: Parent, Value: ['gene-JQN53_RS05615']
    Key: gbkey, Value: ['CDS']
    Key: gene, Value: ['cmr4']
    Key: go_function, Value: ['molecular_function|0003674||IEA']
    Key: go_process, Value: ['maintenance of CRISPR repeat elements|0043571||IEA']
    Key: inference, Value: ['COORDINATES: protein motif:HMM:TIGR02580.1']
    Key: locus_tag, Value: ['JQN53_RS05615']
    Key: phase, Value: ['0']
    Key: product, Value: ['type III-B CRISPR module RAMP protein Cmr4']
    Key: protein_id, Value: ['WP_203970708.1']
    Key: source, Value: ['Protein Homology']
    Key: transl_table, Value: ['11']

GF(type III-B CRISPR module RAMP protein Cmr4, 6527-7577 (-1))
type: CDS
location: [1047093:1048152](-)
id: cds-WP_203970710.1
qualifiers:
    Key: Dbxref, Value: ['GenBank:WP_203970710.1']
    Key: ID, Value: ['cds-WP_203970710.1']
    Key: Name, Value: ['WP_203970710.1']
    Key: Parent, Value: ['gene-JQN53_RS05620']
    Key: gbkey, Value: ['CDS']
    Key: inference, Value: ['COORDINATES: ab initio prediction:GeneMarkS-2+']
    Key: locus_tag, Value: ['JQN53_RS05620']
    Key: phase, Value: ['0']
    Key: product, Value: ['hypothetical protein']
    Key: protein_id, Value: ['WP_203970710.1']
    Key: source, Value: ['GeneMarkS-2+']
    Key: transl_table, Value: ['11']

GF(None, 7582-8641 (-1))
type: CDS
location: [1048111:1049212](-)
id: cds-WP_202819482.1-7
qualifiers:
    Key: Dbxref, Value: ['GenBank:WP_202819482.1']
    Key: ID, Value: ['cds-WP_202819482.1-7']
    Key: Name, Value: ['WP_202819482.1']
    Key: Ontology_term, Value: ['GO:0006313', 'GO:0003677', 'GO:0004803']
    Key: Parent, Value: ['gene-JQN53_RS05625']
    Key: gbkey, Value: ['CDS']
    Key: go_function, Value: ['DNA binding|0003677||IEA', 'transposase activity|0004803||IEA']
    Key: go_process, Value: ['DNA transposition|0006313||IEA']
    Key: inference, Value: ['COORDINATES: similar to AA sequence:RefSeq:WP_014511178.1']
    Key: locus_tag, Value: ['JQN53_RS05625']
    Key: phase, Value: ['0']
    Key: product, Value: ['transposase']
    Key: protein_id, Value: ['WP_202819482.1']
    Key: source, Value: ['Protein Homology']
    Key: transl_table, Value: ['11']

GF(transposase, 8600-9701 (-1))
type: CDS
location: [1049093:1051346](-)
id: cds-WP_203970711.1
qualifiers:
    Key: Dbxref, Value: ['GenBank:WP_203970711.1']
    Key: ID, Value: ['cds-WP_203970711.1']
    Key: Name, Value: ['WP_203970711.1']
    Key: Parent, Value: ['gene-JQN53_RS05630']
    Key: gbkey, Value: ['CDS']
    Key: inference, Value: ['COORDINATES: ab initio prediction:GeneMarkS-2+']
    Key: locus_tag, Value: ['JQN53_RS05630']
    Key: phase, Value: ['0']
    Key: product, Value: ['hypothetical protein']
    Key: protein_id, Value: ['WP_203970711.1']
    Key: source, Value: ['GeneMarkS-2+']
    Key: transl_table, Value: ['11']

GF(None, 9582-11835 (-1))
type: CDS
location: [1051357:1052335](-)
id: cds-WP_203970712.1
qualifiers:
    Key: Dbxref, Value: ['GenBank:WP_203970712.1']
    Key: ID, Value: ['cds-WP_203970712.1']
    Key: Name, Value: ['WP_203970712.1']
    Key: Parent, Value: ['gene-JQN53_RS05635']
    Key: gbkey, Value: ['CDS']
    Key: inference, Value: ['COORDINATES: protein motif:HMM:NF015728.3']
    Key: locus_tag, Value: ['JQN53_RS05635']
    Key: phase, Value: ['0']
    Key: product, Value: ['RAMP superfamily CRISPR-associated protein']
    Key: protein_id, Value: ['WP_203970712.1']
    Key: source, Value: ['Protein Homology']
    Key: transl_table, Value: ['11']

GF(RAMP superfamily CRISPR-associated protein, 11846-12824 (-1))
type: CDS
location: [1052405:1054013](+)
id: cds-WP_203970713.1
qualifiers:
    Key: Dbxref, Value: ['GenBank:WP_203970713.1']
    Key: ID, Value: ['cds-WP_203970713.1']
    Key: Name, Value: ['WP_203970713.1']
    Key: Ontology_term, Value: ['GO:0004803']
    Key: Parent, Value: ['gene-JQN53_RS05640']
    Key: gbkey, Value: ['CDS']
    Key: go_function, Value: ['transposase activity|0004803||IEA']
    Key: inference, Value: ['COORDINATES: similar to AA sequence:RefSeq:WP_011174358.1']
    Key: locus_tag, Value: ['JQN53_RS05640']
    Key: phase, Value: ['0']
    Key: product, Value: ['IS1634 family transposase']
    Key: protein_id, Value: ['WP_203970713.1']
    Key: source, Value: ['Protein Homology']
    Key: transl_table, Value: ['11']

GF(IS1634 family transposase, 12894-14502 (1))
type: inferred_parent
location: [1054821:1055945](+)
id: gene-JQN53_RS05645
qualifiers:
    Key: ID, Value: ['gene-JQN53_RS05645']

GF(None, 15310-16434 (1))
type: repeat_region
location: [1054393:1054753](+)
id: NZ_AP024301.1_2
qualifiers:
    Key: Dbxref, Value: ['SO:0001459']
    Key: ID, Value: ['NZ_AP024301.1_2']
    Key: Note, Value: ['CTTTTGACCGTACCTATGAGGGTTTGAAAC']
    Key: Ontology_term, Value: ['CRISPR']
    Key: score, Value: ['360']
    Key: source, Value: ['CCTyper']

GF(Repeat region, 14882-15242 (0))
graphic feature from cctyper protein table: GF(Cmr3, 4000-4368 (-1))
graphic feature from cctyper protein table: GF(Cmr3, 5579-6154 (-1))
graphic feature from cctyper protein table: GF(Cmr5gr11, 6151-6531 (-1))
graphic feature from cctyper protein table: GF(Cmr4gr7, 6528-7577 (-1))
graphic feature from cctyper protein table: GF(Cas10, 9583-11835 (-1))
Index(['protein_id', 'start', 'end', 'effector', 'locus', 'sample', 'strand',
       'sequence'],
      dtype='object')
Index(['protein_id', 'start', 'end', 'effector', 'locus', 'sample', 'strand',
       'sequence'],
      dtype='object')
[GF(MFS transporter, 165-1419 (-1)), GF(carbohydrate deacetylase, 1432-2227 (-1)), GF(aldehyde ferredoxin oxidoreductase N-terminal domain-containing protein, 2296-2497 (1)), GF(None, 3126-3921 (-1)), GF(None, 3999-4368 (-1)), GF(None, 4442-5566 (-1)), GF(None, 5578-6154 (-1)), GF(None, 6150-6531 (-1)), GF(type III-B CRISPR module RAMP protein Cmr4, 6527-7577 (-1)), GF(None, 7582-8641 (-1)), GF(transposase, 8600-9701 (-1)), GF(None, 9582-11835 (-1)), GF(RAMP superfamily CRISPR-associated protein, 11846-12824 (-1)), GF(IS1634 family transposase, 12894-14502 (1)), GF(None, 15310-16434 (1)), GF(Repeat region, 14882-15242 (0)), GF(Cmr3, 4000-4368 (-1)), GF(Cmr3, 5579-6154 (-1)), GF(Cmr5gr11, 6151-6531 (-1)), GF(Cmr4gr7, 6528-7577 (-1)), GF(Cas10, 9583-11835 (-1)), GF(CRISPR-Cas locus, 4000-12491 (0))]
