Cas operons file:    Unnamed: 0       Contig  ...           locus_id           sample
0           4  NC_012034.1  ...  GCF_000022325.1_4  GCF_000022325.1

[1 rows x 19 columns]
The chosen contig: NC_012034.1
type: CDS
location: [165642:165861](+)
id: cds-ATHE_RS00650
qualifiers:
    Key: Dbxref, Value: ['GeneID:31771506']
    Key: ID, Value: ['cds-ATHE_RS00650']
    Key: Note, Value: ['incomplete; partial in the middle of a contig; missing C-terminus']
    Key: Parent, Value: ['gene-ATHE_RS00650']
    Key: end_range, Value: ['165861', '.']
    Key: gbkey, Value: ['CDS']
    Key: inference, Value: ['COORDINATES: similar to AA sequence:RefSeq:WP_011916684.1']
    Key: locus_tag, Value: ['ATHE_RS00650']
    Key: partial, Value: ['true']
    Key: phase, Value: ['0']
    Key: product, Value: ['IS110 family transposase']
    Key: pseudo, Value: ['true']
    Key: source, Value: ['Protein Homology']
    Key: transl_table, Value: ['11']

GF(IS110 family transposase, 881-1100 (1))
type: CDS
location: [165868:167113](-)
id: cds-ATHE_RS00655
qualifiers:
    Key: Dbxref, Value: ['GeneID:31771507']
    Key: ID, Value: ['cds-ATHE_RS00655']
    Key: Note, Value: ['frameshifted; internal stop']
    Key: Ontology_term, Value: ['GO:0006313', 'GO:0003677', 'GO:0004803']
    Key: Parent, Value: ['gene-ATHE_RS00655']
    Key: gbkey, Value: ['CDS']
    Key: go_function, Value: ['DNA binding|0003677||IEA', 'transposase activity|0004803||IEA']
    Key: go_process, Value: ['DNA transposition|0006313||IEA']
    Key: inference, Value: ['COORDINATES: similar to AA sequence:RefSeq:WP_011915673.1']
    Key: locus_tag, Value: ['ATHE_RS00655']
    Key: phase, Value: ['0']
    Key: product, Value: ['transposase']
    Key: pseudo, Value: ['true']
    Key: source, Value: ['Protein Homology']
    Key: transl_table, Value: ['11']

GF(transposase, 1107-2352 (-1))
type: CDS
location: [167187:167967](+)
id: cds-WP_041726944.1
qualifiers:
    Key: Dbxref, Value: ['GenBank:WP_041726944.1', 'GeneID:31771508']
    Key: ID, Value: ['cds-WP_041726944.1']
    Key: Name, Value: ['WP_041726944.1']
    Key: Parent, Value: ['gene-ATHE_RS00660']
    Key: gbkey, Value: ['CDS']
    Key: gene, Value: ['istB']
    Key: inference, Value: ['COORDINATES: similar to AA sequence:RefSeq:WP_011915663.1']
    Key: locus_tag, Value: ['ATHE_RS00660']
    Key: phase, Value: ['0']
    Key: product, Value: ['IS21-like element ISCsa9 family helper ATPase IstB']
    Key: protein_id, Value: ['WP_041726944.1']
    Key: source, Value: ['Protein Homology']
    Key: transl_table, Value: ['11']

GF(IS21-like element ISCsa9 family helper ATPase IstB, 2426-3206 (1))
type: CDS
location: [168760:170152](+)
id: cds-WP_015906768.1
qualifiers:
    Key: Dbxref, Value: ['GenBank:WP_015906768.1', 'GeneID:31771509']
    Key: ID, Value: ['cds-WP_015906768.1']
    Key: Name, Value: ['WP_015906768.1']
    Key: Parent, Value: ['gene-ATHE_RS00665']
    Key: gbkey, Value: ['CDS']
    Key: inference, Value: ['COORDINATES: ab initio prediction:GeneMarkS-2+']
    Key: locus_tag, Value: ['ATHE_RS00665']
    Key: phase, Value: ['0']
    Key: product, Value: ['hypothetical protein']
    Key: protein_id, Value: ['WP_015906768.1']
    Key: source, Value: ['GeneMarkS-2+']
    Key: transl_table, Value: ['11']

GF(None, 3999-5391 (1))
type: CDS
location: [170148:171723](+)
id: cds-WP_015906769.1
qualifiers:
    Key: Dbxref, Value: ['GenBank:WP_015906769.1', 'GeneID:31771510']
    Key: ID, Value: ['cds-WP_015906769.1']
    Key: Name, Value: ['WP_015906769.1']
    Key: Parent, Value: ['gene-ATHE_RS00670']
    Key: gbkey, Value: ['CDS']
    Key: inference, Value: ['COORDINATES: similar to AA sequence:RefSeq:WP_011916069.1']
    Key: locus_tag, Value: ['ATHE_RS00670']
    Key: phase, Value: ['0']
    Key: product, Value: ['hypothetical protein']
    Key: protein_id, Value: ['WP_015906769.1']
    Key: source, Value: ['Protein Homology']
    Key: transl_table, Value: ['11']

GF(None, 5387-6962 (1))
type: CDS
location: [171715:173989](+)
id: cds-WP_015906770.1
qualifiers:
    Key: Dbxref, Value: ['GenBank:WP_015906770.1', 'GeneID:31771511']
    Key: ID, Value: ['cds-WP_015906770.1']
    Key: Name, Value: ['WP_015906770.1']
    Key: Parent, Value: ['gene-ATHE_RS00675']
    Key: gbkey, Value: ['CDS']
    Key: inference, Value: ['COORDINATES: similar to AA sequence:RefSeq:WP_012269228.1']
    Key: locus_tag, Value: ['ATHE_RS00675']
    Key: phase, Value: ['0']
    Key: product, Value: ['RAMP superfamily CRISPR-associated protein']
    Key: protein_id, Value: ['WP_015906770.1']
    Key: source, Value: ['Protein Homology']
    Key: transl_table, Value: ['11']

GF(RAMP superfamily CRISPR-associated protein, 6954-9228 (1))
type: CDS
location: [173975:175400](+)
id: cds-WP_015906771.1
qualifiers:
    Key: Dbxref, Value: ['GenBank:WP_015906771.1', 'GeneID:31771512']
    Key: ID, Value: ['cds-WP_015906771.1']
    Key: Name, Value: ['WP_015906771.1']
    Key: Parent, Value: ['gene-ATHE_RS00680']
    Key: gbkey, Value: ['CDS']
    Key: inference, Value: ['COORDINATES: protein motif:HMM:NF015728.4']
    Key: locus_tag, Value: ['ATHE_RS00680']
    Key: phase, Value: ['0']
    Key: product, Value: ['RAMP superfamily CRISPR-associated protein']
    Key: protein_id, Value: ['WP_015906771.1']
    Key: source, Value: ['Protein Homology']
    Key: transl_table, Value: ['11']

GF(RAMP superfamily CRISPR-associated protein, 9214-10639 (1))
type: CDS
location: [175407:176019](+)
id: cds-WP_015906772.1
qualifiers:
    Key: Dbxref, Value: ['GenBank:WP_015906772.1', 'GeneID:31771513']
    Key: ID, Value: ['cds-WP_015906772.1']
    Key: Name, Value: ['WP_015906772.1']
    Key: Parent, Value: ['gene-ATHE_RS00685']
    Key: gbkey, Value: ['CDS']
    Key: gene, Value: ['csx19']
    Key: inference, Value: ['COORDINATES: protein motif:HMM:TIGR03984.2']
    Key: locus_tag, Value: ['ATHE_RS00685']
    Key: phase, Value: ['0']
    Key: product, Value: ['CRISPR-associated protein Csx19']
    Key: protein_id, Value: ['WP_015906772.1']
    Key: source, Value: ['Protein Homology']
    Key: transl_table, Value: ['11']

GF(CRISPR-associated protein Csx19, 10646-11258 (1))
type: CDS
location: [176011:177859](+)
id: cds-WP_015906773.1
qualifiers:
    Key: Dbxref, Value: ['GenBank:WP_015906773.1', 'GeneID:31771514']
    Key: ID, Value: ['cds-WP_015906773.1']
    Key: Name, Value: ['WP_015906773.1']
    Key: Parent, Value: ['gene-ATHE_RS00690']
    Key: gbkey, Value: ['CDS']
    Key: inference, Value: ['COORDINATES: similar to AA sequence:RefSeq:WP_011916073.1']
    Key: locus_tag, Value: ['ATHE_RS00690']
    Key: phase, Value: ['0']
    Key: product, Value: ['TIGR03986 family CRISPR-associated RAMP protein']
    Key: protein_id, Value: ['WP_015906773.1']
    Key: source, Value: ['Protein Homology']
    Key: transl_table, Value: ['11']

GF(TIGR03986 family CRISPR-associated RAMP protein, 11250-13098 (1))
type: CDS
location: [178387:180409](+)
id: cds-WP_015906774.1
qualifiers:
    Key: Dbxref, Value: ['GenBank:WP_015906774.1', 'GeneID:31771515']
    Key: ID, Value: ['cds-WP_015906774.1']
    Key: Name, Value: ['WP_015906774.1']
    Key: Parent, Value: ['gene-ATHE_RS00695']
    Key: gbkey, Value: ['CDS']
    Key: inference, Value: ['COORDINATES: similar to AA sequence:RefSeq:WP_013404318.1']
    Key: locus_tag, Value: ['ATHE_RS00695']
    Key: phase, Value: ['0']
    Key: product, Value: ['SPFH domain-containing protein']
    Key: protein_id, Value: ['WP_015906774.1']
    Key: source, Value: ['Protein Homology']
    Key: transl_table, Value: ['11']

GF(SPFH domain-containing protein, 13626-15648 (1))
graphic feature from known effectors: GF(can1-2, 4000-5391 (1))
[GF(IS110 family transposase, 881-1100 (1)), GF(transposase, 1107-2352 (-1)), GF(IS21-like element ISCsa9 family helper ATPase IstB, 2426-3206 (1)), GF(None, 3999-5391 (1)), GF(None, 5387-6962 (1)), GF(RAMP superfamily CRISPR-associated protein, 6954-9228 (1)), GF(RAMP superfamily CRISPR-associated protein, 9214-10639 (1)), GF(CRISPR-associated protein Csx19, 10646-11258 (1)), GF(TIGR03986 family CRISPR-associated RAMP protein, 11250-13098 (1)), GF(SPFH domain-containing protein, 13626-15648 (1)), GF(can1-2, 4000-5391 (1)), GF(CRISPR-Cas locus, 4000-13098 (0))]
