Cas operons file:    Unnamed: 0         Contig  ...           locus_id           sample
0           0  NZ_CP053661.1  ...  GCF_013177315.1_0  GCF_013177315.1

[1 rows x 19 columns]
The chosen contig: NZ_CP053661.1
type: CDS
location: [3679919:3680195](-)
id: cds-WP_172357054.1
qualifiers:
    Key: Dbxref, Value: ['GenBank:WP_172357054.1']
    Key: ID, Value: ['cds-WP_172357054.1']
    Key: Name, Value: ['WP_172357054.1']
    Key: Ontology_term, Value: ['GO:0043571', 'GO:0004521']
    Key: Parent, Value: ['gene-HPC62_RS15305']
    Key: gbkey, Value: ['CDS']
    Key: gene, Value: ['cas2']
    Key: go_function, Value: ['RNA endonuclease activity|0004521||IEA']
    Key: go_process, Value: ['maintenance of CRISPR repeat elements|0043571||IEA']
    Key: inference, Value: ['COORDINATES: similar to AA sequence:RefSeq:WP_017307932.1']
    Key: locus_tag, Value: ['HPC62_RS15305']
    Key: phase, Value: ['0']
    Key: product, Value: ['CRISPR-associated endonuclease Cas2']
    Key: protein_id, Value: ['WP_172357054.1']
    Key: source, Value: ['Protein Homology']
    Key: transl_table, Value: ['11']

GF(CRISPR-associated endonuclease Cas2, 3999-4275 (-1))
type: CDS
location: [3680269:3682537](-)
id: cds-WP_172357056.1
qualifiers:
    Key: Dbxref, Value: ['GenBank:WP_172357056.1']
    Key: ID, Value: ['cds-WP_172357056.1']
    Key: Name, Value: ['WP_172357056.1']
    Key: Ontology_term, Value: ['GO:0043571', 'GO:0004520', 'GO:0046872']
    Key: Parent, Value: ['gene-HPC62_RS15310']
    Key: gbkey, Value: ['CDS']
    Key: gene, Value: ['cas1']
    Key: go_function, Value: ['DNA endonuclease activity|0004520||IEA', 'metal ion binding|0046872||IEA']
    Key: go_process, Value: ['maintenance of CRISPR repeat elements|0043571||IEA']
    Key: inference, Value: ['COORDINATES: similar to AA sequence:RefSeq:WP_017302244.1']
    Key: locus_tag, Value: ['HPC62_RS15310']
    Key: phase, Value: ['0']
    Key: product, Value: ['CRISPR-associated endonuclease Cas1']
    Key: protein_id, Value: ['WP_172357056.1']
    Key: source, Value: ['Protein Homology']
    Key: transl_table, Value: ['11']

GF(CRISPR-associated endonuclease Cas1, 4349-6617 (-1))
type: CDS
location: [3682933:3683701](+)
id: cds-WP_172357058.1
qualifiers:
    Key: Dbxref, Value: ['GenBank:WP_172357058.1']
    Key: ID, Value: ['cds-WP_172357058.1']
    Key: Name, Value: ['WP_172357058.1']
    Key: Parent, Value: ['gene-HPC62_RS15315']
    Key: gbkey, Value: ['CDS']
    Key: inference, Value: ['COORDINATES: ab initio prediction:GeneMarkS-2+']
    Key: locus_tag, Value: ['HPC62_RS15315']
    Key: phase, Value: ['0']
    Key: product, Value: ['CRISPR-associated protein']
    Key: protein_id, Value: ['WP_172357058.1']
    Key: source, Value: ['GeneMarkS-2+']
    Key: transl_table, Value: ['11']

GF(CRISPR-associated protein, 7013-7781 (1))
type: CDS
location: [3683789:3685670](+)
id: cds-WP_172357060.1
qualifiers:
    Key: Dbxref, Value: ['GenBank:WP_172357060.1']
    Key: ID, Value: ['cds-WP_172357060.1']
    Key: Name, Value: ['WP_172357060.1']
    Key: Parent, Value: ['gene-HPC62_RS15320']
    Key: gbkey, Value: ['CDS']
    Key: inference, Value: ['COORDINATES: similar to AA sequence:RefSeq:WP_017307771.1']
    Key: locus_tag, Value: ['HPC62_RS15320']
    Key: phase, Value: ['0']
    Key: product, Value: ['hypothetical protein']
    Key: protein_id, Value: ['WP_172357060.1']
    Key: source, Value: ['Protein Homology']
    Key: transl_table, Value: ['11']

GF(None, 7869-9750 (1))
type: CDS
location: [3685670:3688256](+)
id: cds-WP_172357062.1
qualifiers:
    Key: Dbxref, Value: ['GenBank:WP_172357062.1']
    Key: ID, Value: ['cds-WP_172357062.1']
    Key: Name, Value: ['WP_172357062.1']
    Key: Parent, Value: ['gene-HPC62_RS15325']
    Key: gbkey, Value: ['CDS']
    Key: inference, Value: ['COORDINATES: protein motif:HMM:NF015728.3']
    Key: locus_tag, Value: ['HPC62_RS15325']
    Key: phase, Value: ['0']
    Key: product, Value: ['RAMP superfamily CRISPR-associated protein']
    Key: protein_id, Value: ['WP_172357062.1']
    Key: source, Value: ['Protein Homology']
    Key: transl_table, Value: ['11']

GF(RAMP superfamily CRISPR-associated protein, 9750-12336 (1))
type: CDS
location: [3688245:3689856](+)
id: cds-WP_172357064.1
qualifiers:
    Key: Dbxref, Value: ['GenBank:WP_172357064.1']
    Key: ID, Value: ['cds-WP_172357064.1']
    Key: Name, Value: ['WP_172357064.1']
    Key: Parent, Value: ['gene-HPC62_RS15330']
    Key: gbkey, Value: ['CDS']
    Key: inference, Value: ['COORDINATES: protein motif:HMM:NF015728.3']
    Key: locus_tag, Value: ['HPC62_RS15330']
    Key: phase, Value: ['0']
    Key: product, Value: ['RAMP superfamily CRISPR-associated protein']
    Key: protein_id, Value: ['WP_172357064.1']
    Key: source, Value: ['Protein Homology']
    Key: transl_table, Value: ['11']

GF(RAMP superfamily CRISPR-associated protein, 12325-13936 (1))
type: CDS
location: [3689852:3690506](+)
id: cds-WP_172357066.1
qualifiers:
    Key: Dbxref, Value: ['GenBank:WP_172357066.1']
    Key: ID, Value: ['cds-WP_172357066.1']
    Key: Name, Value: ['WP_172357066.1']
    Key: Parent, Value: ['gene-HPC62_RS15335']
    Key: gbkey, Value: ['CDS']
    Key: gene, Value: ['csx19']
    Key: inference, Value: ['COORDINATES: protein motif:HMM:TIGR03984.2']
    Key: locus_tag, Value: ['HPC62_RS15335']
    Key: phase, Value: ['0']
    Key: product, Value: ['CRISPR-associated protein Csx19']
    Key: protein_id, Value: ['WP_172357066.1']
    Key: source, Value: ['Protein Homology']
    Key: transl_table, Value: ['11']

GF(CRISPR-associated protein Csx19, 13932-14586 (1))
type: CDS
location: [3690495:3692685](+)
id: cds-WP_172357068.1
qualifiers:
    Key: Dbxref, Value: ['GenBank:WP_172357068.1']
    Key: ID, Value: ['cds-WP_172357068.1']
    Key: Name, Value: ['WP_172357068.1']
    Key: Parent, Value: ['gene-HPC62_RS15340']
    Key: gbkey, Value: ['CDS']
    Key: inference, Value: ['COORDINATES: protein motif:HMM:TIGR03986.1']
    Key: locus_tag, Value: ['HPC62_RS15340']
    Key: phase, Value: ['0']
    Key: product, Value: ['TIGR03986 family CRISPR-associated RAMP protein']
    Key: protein_id, Value: ['WP_172357068.1']
    Key: source, Value: ['Protein Homology']
    Key: transl_table, Value: ['11']

GF(TIGR03986 family CRISPR-associated RAMP protein, 14575-16765 (1))
type: CDS
location: [3692742:3694200](+)
id: cds-WP_172357070.1
qualifiers:
    Key: Dbxref, Value: ['GenBank:WP_172357070.1']
    Key: ID, Value: ['cds-WP_172357070.1']
    Key: Name, Value: ['WP_172357070.1']
    Key: Parent, Value: ['gene-HPC62_RS15345']
    Key: gbkey, Value: ['CDS']
    Key: inference, Value: ['COORDINATES: protein motif:HMM:TIGR03985.1']
    Key: locus_tag, Value: ['HPC62_RS15345']
    Key: phase, Value: ['0']
    Key: product, Value: ['TIGR03985 family CRISPR-associated protein']
    Key: protein_id, Value: ['WP_172357070.1']
    Key: source, Value: ['Protein Homology']
    Key: transl_table, Value: ['11']

GF(TIGR03985 family CRISPR-associated protein, 16822-18280 (1))
type: CDS
location: [3694322:3694985](+)
id: cds-WP_172357072.1
qualifiers:
    Key: Dbxref, Value: ['GenBank:WP_172357072.1']
    Key: ID, Value: ['cds-WP_172357072.1']
    Key: Name, Value: ['WP_172357072.1']
    Key: Parent, Value: ['gene-HPC62_RS15350']
    Key: gbkey, Value: ['CDS']
    Key: inference, Value: ['COORDINATES: similar to AA sequence:RefSeq:WP_007356706.1']
    Key: locus_tag, Value: ['HPC62_RS15350']
    Key: phase, Value: ['0']
    Key: product, Value: ['HD domain-containing protein']
    Key: protein_id, Value: ['WP_172357072.1']
    Key: source, Value: ['Protein Homology']
    Key: transl_table, Value: ['11']

GF(HD domain-containing protein, 18402-19065 (1))
type: CDS
location: [3695103:3695418](+)
id: cds-WP_172357074.1
qualifiers:
    Key: Dbxref, Value: ['GenBank:WP_172357074.1']
    Key: ID, Value: ['cds-WP_172357074.1']
    Key: Name, Value: ['WP_172357074.1']
    Key: Ontology_term, Value: ['GO:0043571', 'GO:0003674']
    Key: Parent, Value: ['gene-HPC62_RS15355']
    Key: gbkey, Value: ['CDS']
    Key: gene, Value: ['crn3']
    Key: go_function, Value: ['molecular_function|0003674||IEA']
    Key: go_process, Value: ['maintenance of CRISPR repeat elements|0043571||IEA']
    Key: inference, Value: ['COORDINATES: protein motif:HMM:TIGR02579.1']
    Key: locus_tag, Value: ['HPC62_RS15355']
    Key: phase, Value: ['0']
    Key: product, Value: ['CRISPR-associated ring nuclease Crn3/Csx3']
    Key: protein_id, Value: ['WP_172357074.1']
    Key: source, Value: ['Protein Homology']
    Key: transl_table, Value: ['11']

GF(CRISPR-associated ring nuclease Crn3/Csx3, 19183-19498 (1))
type: CDS
location: [3695504:3696164](+)
id: cds-WP_172357076.1
qualifiers:
    Key: Dbxref, Value: ['GenBank:WP_172357076.1']
    Key: ID, Value: ['cds-WP_172357076.1']
    Key: Name, Value: ['WP_172357076.1']
    Key: Parent, Value: ['gene-HPC62_RS15360']
    Key: gbkey, Value: ['CDS']
    Key: inference, Value: ['COORDINATES: ab initio prediction:GeneMarkS-2+']
    Key: locus_tag, Value: ['HPC62_RS15360']
    Key: phase, Value: ['0']
    Key: product, Value: ['ATP-binding protein']
    Key: protein_id, Value: ['WP_172357076.1']
    Key: source, Value: ['GeneMarkS-2+']
    Key: transl_table, Value: ['11']

GF(ATP-binding protein, 19584-20244 (1))
type: CDS
location: [3696180:3696678](-)
id: cds-WP_172357078.1
qualifiers:
    Key: Dbxref, Value: ['GenBank:WP_172357078.1']
    Key: ID, Value: ['cds-WP_172357078.1']
    Key: Name, Value: ['WP_172357078.1']
    Key: Parent, Value: ['gene-HPC62_RS15365']
    Key: gbkey, Value: ['CDS']
    Key: inference, Value: ['COORDINATES: ab initio prediction:GeneMarkS-2+']
    Key: locus_tag, Value: ['HPC62_RS15365']
    Key: phase, Value: ['0']
    Key: product, Value: ['hypothetical protein']
    Key: protein_id, Value: ['WP_172357078.1']
    Key: source, Value: ['GeneMarkS-2+']
    Key: transl_table, Value: ['11']

GF(None, 20260-20758 (-1))
type: CDS
location: [3696740:3697424](+)
id: cds-WP_172357080.1
qualifiers:
    Key: Dbxref, Value: ['GenBank:WP_172357080.1']
    Key: ID, Value: ['cds-WP_172357080.1']
    Key: Name, Value: ['WP_172357080.1']
    Key: Ontology_term, Value: ['GO:0000160', 'GO:0006355', 'GO:0003677']
    Key: Parent, Value: ['gene-HPC62_RS15370']
    Key: gbkey, Value: ['CDS']
    Key: go_function, Value: ['DNA binding|0003677||IEA']
    Key: go_process, Value: ['phosphorelay signal transduction system|0000160||IEA', 'regulation of DNA-templated transcription|0006355||IEA']
    Key: inference, Value: ['COORDINATES: similar to AA sequence:RefSeq:WP_016877195.1']
    Key: locus_tag, Value: ['HPC62_RS15370']
    Key: phase, Value: ['0']
    Key: product, Value: ['response regulator transcription factor']
    Key: protein_id, Value: ['WP_172357080.1']
    Key: source, Value: ['Protein Homology']
    Key: transl_table, Value: ['11']

GF(response regulator transcription factor, 20820-21504 (1))
type: CDS
location: [3697532:3698900](+)
id: cds-WP_216655267.1
qualifiers:
    Key: Dbxref, Value: ['GenBank:WP_216655267.1']
    Key: ID, Value: ['cds-WP_216655267.1']
    Key: Name, Value: ['WP_216655267.1']
    Key: Ontology_term, Value: ['GO:0007165', 'GO:0000156', 'GO:0004673', 'GO:0005524']
    Key: Parent, Value: ['gene-HPC62_RS15375']
    Key: gbkey, Value: ['CDS']
    Key: go_function, Value: ['phosphorelay response regulator activity|0000156||IEA', 'protein histidine kinase activity|0004673||IEA', 'ATP binding|0005524||IEA']
    Key: go_process, Value: ['signal transduction|0007165||IEA']
    Key: inference, Value: ['COORDINATES: similar to AA sequence:RefSeq:WP_012598095.1']
    Key: locus_tag, Value: ['HPC62_RS15375']
    Key: phase, Value: ['0']
    Key: product, Value: ['HAMP domain-containing sensor histidine kinase']
    Key: protein_id, Value: ['WP_216655267.1']
    Key: source, Value: ['Protein Homology']
    Key: transl_table, Value: ['11']

GF(HAMP domain-containing sensor histidine kinase, 21612-22980 (1))
graphic feature from cctyper protein table: GF(Cas2, 4000-4275 (-1))
graphic feature from cctyper protein table: GF(RT, 4350-6617 (-1))
graphic feature from cctyper protein table: GF(CasR, 7014-7781 (1))
graphic feature from cctyper protein table: GF(Cas10, 7870-9750 (1))
graphic feature from cctyper protein table: GF(Csm3gr7, 12326-13936 (1))
graphic feature from cctyper protein table: GF(Csx19, 13933-14586 (1))
graphic feature from cctyper protein table: GF(Csm3gr7, 14576-16765 (1))
graphic feature from cctyper protein table: GF(WYL, 16823-18280 (1))
graphic feature from cctyper protein table: GF(Csx3, 19184-19498 (1))
graphic feature from cctyper protein table: GF(Csx3, 19585-20244 (1))
Index(['protein_id', 'start', 'end', 'effector', 'locus', 'sample', 'strand',
       'sequence', 'type'],
      dtype='object')
graphic feature from known effectors: GF(cam1, 7014-7781 (1))
Index(['protein_id', 'start', 'end', 'effector', 'locus', 'sample', 'strand',
       'sequence', 'type'],
      dtype='object')
graphic feature from ring nucleases: GF(crn3, 19184-19498 (1))
[GF(CRISPR-associated endonuclease Cas2, 3999-4275 (-1)), GF(CRISPR-associated endonuclease Cas1, 4349-6617 (-1)), GF(CRISPR-associated protein, 7013-7781 (1)), GF(None, 7869-9750 (1)), GF(RAMP superfamily CRISPR-associated protein, 9750-12336 (1)), GF(RAMP superfamily CRISPR-associated protein, 12325-13936 (1)), GF(CRISPR-associated protein Csx19, 13932-14586 (1)), GF(TIGR03986 family CRISPR-associated RAMP protein, 14575-16765 (1)), GF(TIGR03985 family CRISPR-associated protein, 16822-18280 (1)), GF(HD domain-containing protein, 18402-19065 (1)), GF(CRISPR-associated ring nuclease Crn3/Csx3, 19183-19498 (1)), GF(ATP-binding protein, 19584-20244 (1)), GF(None, 20260-20758 (-1)), GF(response regulator transcription factor, 20820-21504 (1)), GF(HAMP domain-containing sensor histidine kinase, 21612-22980 (1)), GF(Cas2, 4000-4275 (-1)), GF(RT, 4350-6617 (-1)), GF(CasR, 7014-7781 (1)), GF(Cas10, 7870-9750 (1)), GF(Csm3gr7, 12326-13936 (1)), GF(Csx19, 13933-14586 (1)), GF(Csm3gr7, 14576-16765 (1)), GF(WYL, 16823-18280 (1)), GF(Csx3, 19184-19498 (1)), GF(Csx3, 19585-20244 (1)), GF(cam1, 7014-7781 (1)), GF(crn3, 19184-19498 (1)), GF(CRISPR-Cas locus, 4000-20244 (0))]
