Cas operons file:    Unnamed: 0         Contig  ...           locus_id           sample
0           0  NZ_CP040505.1  ...  GCF_005886435.1_0  GCF_005886435.1

[1 rows x 19 columns]
The chosen contig: NZ_CP040505.1
type: CDS
location: [230322:232338](+)
id: cds-WP_131247179.1
qualifiers:
    Key: Dbxref, Value: ['GenBank:WP_131247179.1']
    Key: ID, Value: ['cds-WP_131247179.1']
    Key: Name, Value: ['WP_131247179.1']
    Key: Ontology_term, Value: ['GO:0043571', 'GO:0004520', 'GO:0046872']
    Key: Parent, Value: ['gene-FFA61_RS00900']
    Key: gbkey, Value: ['CDS']
    Key: gene, Value: ['cas1']
    Key: go_function, Value: ['endodeoxyribonuclease activity|0004520||IEA', 'metal ion binding|0046872||IEA']
    Key: go_process, Value: ['maintenance of CRISPR repeat elements|0043571||IEA']
    Key: inference, Value: ['COORDINATES: protein motif:HMM:TIGR00287.1']
    Key: locus_tag, Value: ['FFA61_RS00900']
    Key: phase, Value: ['0']
    Key: product, Value: ['CRISPR-associated endonuclease Cas1']
    Key: protein_id, Value: ['WP_131247179.1']
    Key: source, Value: ['Protein Homology']
    Key: transl_table, Value: ['11']

GF(CRISPR-associated endonuclease Cas1, 3999-6015 (1))
type: CDS
location: [232328:232616](+)
id: cds-WP_005962374.1
qualifiers:
    Key: Dbxref, Value: ['GenBank:WP_005962374.1']
    Key: ID, Value: ['cds-WP_005962374.1']
    Key: Name, Value: ['WP_005962374.1']
    Key: Ontology_term, Value: ['GO:0043571', 'GO:0004521']
    Key: Parent, Value: ['gene-FFA61_RS00905']
    Key: gbkey, Value: ['CDS']
    Key: gene, Value: ['cas2']
    Key: go_function, Value: ['endoribonuclease activity|0004521||IEA']
    Key: go_process, Value: ['maintenance of CRISPR repeat elements|0043571||IEA']
    Key: inference, Value: ['COORDINATES: similar to AA sequence:RefSeq:WP_009747600.1']
    Key: locus_tag, Value: ['FFA61_RS00905']
    Key: phase, Value: ['0']
    Key: product, Value: ['CRISPR-associated endonuclease Cas2']
    Key: protein_id, Value: ['WP_005962374.1']
    Key: source, Value: ['Protein Homology']
    Key: transl_table, Value: ['11']

GF(CRISPR-associated endonuclease Cas2, 6005-6293 (1))
type: CDS
location: [232652:234797](-)
id: cds-WP_005962373.1
qualifiers:
    Key: Dbxref, Value: ['GenBank:WP_005962373.1']
    Key: ID, Value: ['cds-WP_005962373.1']
    Key: Name, Value: ['WP_005962373.1']
    Key: Parent, Value: ['gene-FFA61_RS00910']
    Key: gbkey, Value: ['CDS']
    Key: inference, Value: ['COORDINATES: ab initio prediction:GeneMarkS-2+']
    Key: locus_tag, Value: ['FFA61_RS00910']
    Key: phase, Value: ['0']
    Key: product, Value: ['hypothetical protein']
    Key: protein_id, Value: ['WP_005962373.1']
    Key: source, Value: ['GeneMarkS-2+']
    Key: transl_table, Value: ['11']

GF(None, 6329-8474 (-1))
type: CDS
location: [234798:235317](-)
id: cds-WP_005962372.1
qualifiers:
    Key: Dbxref, Value: ['GenBank:WP_005962372.1']
    Key: ID, Value: ['cds-WP_005962372.1']
    Key: Name, Value: ['WP_005962372.1']
    Key: Parent, Value: ['gene-FFA61_RS00915']
    Key: gbkey, Value: ['CDS']
    Key: inference, Value: ['COORDINATES: ab initio prediction:GeneMarkS-2+']
    Key: locus_tag, Value: ['FFA61_RS00915']
    Key: phase, Value: ['0']
    Key: product, Value: ['hypothetical protein']
    Key: protein_id, Value: ['WP_005962372.1']
    Key: source, Value: ['GeneMarkS-2+']
    Key: transl_table, Value: ['11']

GF(None, 8475-8994 (-1))
type: CDS
location: [235313:236816](-)
id: cds-WP_051057803.1
qualifiers:
    Key: Dbxref, Value: ['GenBank:WP_051057803.1']
    Key: ID, Value: ['cds-WP_051057803.1']
    Key: Name, Value: ['WP_051057803.1']
    Key: Parent, Value: ['gene-FFA61_RS00920']
    Key: gbkey, Value: ['CDS']
    Key: inference, Value: ['COORDINATES: protein motif:HMM:NF015728.2']
    Key: locus_tag, Value: ['FFA61_RS00920']
    Key: phase, Value: ['0']
    Key: product, Value: ['RAMP superfamily CRISPR-associated protein']
    Key: protein_id, Value: ['WP_051057803.1']
    Key: source, Value: ['Protein Homology']
    Key: transl_table, Value: ['11']

GF(RAMP superfamily CRISPR-associated protein, 8990-10493 (-1))
type: CDS
location: [236818:238609](-)
id: cds-WP_005962370.1
qualifiers:
    Key: Dbxref, Value: ['GenBank:WP_005962370.1']
    Key: ID, Value: ['cds-WP_005962370.1']
    Key: Name, Value: ['WP_005962370.1']
    Key: Parent, Value: ['gene-FFA61_RS00925']
    Key: gbkey, Value: ['CDS']
    Key: inference, Value: ['COORDINATES: ab initio prediction:GeneMarkS-2+']
    Key: locus_tag, Value: ['FFA61_RS00925']
    Key: phase, Value: ['0']
    Key: product, Value: ['hypothetical protein']
    Key: protein_id, Value: ['WP_005962370.1']
    Key: source, Value: ['GeneMarkS-2+']
    Key: transl_table, Value: ['11']

GF(None, 10495-12286 (-1))
type: CDS
location: [238605:240258](-)
id: cds-WP_005962369.1
qualifiers:
    Key: Dbxref, Value: ['GenBank:WP_005962369.1']
    Key: ID, Value: ['cds-WP_005962369.1']
    Key: Name, Value: ['WP_005962369.1']
    Key: Parent, Value: ['gene-FFA61_RS00930']
    Key: gbkey, Value: ['CDS']
    Key: inference, Value: ['COORDINATES: ab initio prediction:GeneMarkS-2+']
    Key: locus_tag, Value: ['FFA61_RS00930']
    Key: phase, Value: ['0']
    Key: product, Value: ['hypothetical protein']
    Key: protein_id, Value: ['WP_005962369.1']
    Key: source, Value: ['GeneMarkS-2+']
    Key: transl_table, Value: ['11']

GF(None, 12282-13935 (-1))
type: CDS
location: [240418:242662](+)
id: cds-WP_005962368.1
qualifiers:
    Key: Dbxref, Value: ['GenBank:WP_005962368.1']
    Key: ID, Value: ['cds-WP_005962368.1']
    Key: Name, Value: ['WP_005962368.1']
    Key: Parent, Value: ['gene-FFA61_RS00935']
    Key: gbkey, Value: ['CDS']
    Key: inference, Value: ['COORDINATES: ab initio prediction:GeneMarkS-2+']
    Key: locus_tag, Value: ['FFA61_RS00935']
    Key: phase, Value: ['0']
    Key: product, Value: ['hypothetical protein']
    Key: protein_id, Value: ['WP_005962368.1']
    Key: source, Value: ['GeneMarkS-2+']
    Key: transl_table, Value: ['11']

GF(None, 14095-16339 (1))
type: CDS
location: [242654:243107](+)
id: cds-WP_005962367.1
qualifiers:
    Key: Dbxref, Value: ['GenBank:WP_005962367.1']
    Key: ID, Value: ['cds-WP_005962367.1']
    Key: Name, Value: ['WP_005962367.1']
    Key: Parent, Value: ['gene-FFA61_RS00940']
    Key: gbkey, Value: ['CDS']
    Key: inference, Value: ['COORDINATES: ab initio prediction:GeneMarkS-2+']
    Key: locus_tag, Value: ['FFA61_RS00940']
    Key: phase, Value: ['0']
    Key: product, Value: ['hypothetical protein']
    Key: protein_id, Value: ['WP_005962367.1']
    Key: source, Value: ['GeneMarkS-2+']
    Key: transl_table, Value: ['11']

GF(None, 16331-16784 (1))
type: CDS
location: [243162:244800](+)
id: cds-WP_040313553.1
qualifiers:
    Key: Dbxref, Value: ['GenBank:WP_040313553.1']
    Key: ID, Value: ['cds-WP_040313553.1']
    Key: Name, Value: ['WP_040313553.1']
    Key: Parent, Value: ['gene-FFA61_RS00945']
    Key: gbkey, Value: ['CDS']
    Key: inference, Value: ['COORDINATES: ab initio prediction:GeneMarkS-2+']
    Key: locus_tag, Value: ['FFA61_RS00945']
    Key: phase, Value: ['0']
    Key: product, Value: ['hypothetical protein']
    Key: protein_id, Value: ['WP_040313553.1']
    Key: source, Value: ['GeneMarkS-2+']
    Key: transl_table, Value: ['11']

GF(None, 16839-18477 (1))
type: CDS
location: [244819:245644](-)
id: cds-WP_040313552.1
qualifiers:
    Key: Dbxref, Value: ['GenBank:WP_040313552.1']
    Key: ID, Value: ['cds-WP_040313552.1']
    Key: Name, Value: ['WP_040313552.1']
    Key: Parent, Value: ['gene-FFA61_RS00950']
    Key: gbkey, Value: ['CDS']
    Key: gene, Value: ['cas6']
    Key: inference, Value: ['COORDINATES: similar to AA sequence:RefSeq:WP_009234275.1']
    Key: locus_tag, Value: ['FFA61_RS00950']
    Key: phase, Value: ['0']
    Key: product, Value: ['CRISPR system precrRNA processing endoribonuclease RAMP protein Cas6']
    Key: protein_id, Value: ['WP_040313552.1']
    Key: source, Value: ['Protein Homology']
    Key: transl_table, Value: ['11']

GF(CRISPR system precrRNA processing endoribonuclease RAMP protein Cas6, 18496-19321 (-1))
type: CDS
location: [245874:247056](+)
id: cds-WP_005962363.1
qualifiers:
    Key: Dbxref, Value: ['GenBank:WP_005962363.1']
    Key: ID, Value: ['cds-WP_005962363.1']
    Key: Name, Value: ['WP_005962363.1']
    Key: Parent, Value: ['gene-FFA61_RS00955']
    Key: gbkey, Value: ['CDS']
    Key: inference, Value: ['COORDINATES: similar to AA sequence:RefSeq:WP_005871910.1']
    Key: locus_tag, Value: ['FFA61_RS00955']
    Key: phase, Value: ['0']
    Key: product, Value: ['hypothetical protein']
    Key: protein_id, Value: ['WP_005962363.1']
    Key: source, Value: ['Protein Homology']
    Key: transl_table, Value: ['11']

GF(None, 19551-20733 (1))
type: CDS
location: [247308:247812](+)
id: cds-WP_005962362.1
qualifiers:
    Key: Dbxref, Value: ['GenBank:WP_005962362.1']
    Key: ID, Value: ['cds-WP_005962362.1']
    Key: Name, Value: ['WP_005962362.1']
    Key: Ontology_term, Value: ['GO:0009263']
    Key: Parent, Value: ['gene-FFA61_RS00960']
    Key: gbkey, Value: ['CDS']
    Key: gene, Value: ['nrdI']
    Key: go_process, Value: ['deoxyribonucleotide biosynthetic process|0009263||IEA']
    Key: inference, Value: ['COORDINATES: similar to AA sequence:RefSeq:WP_009409829.1']
    Key: locus_tag, Value: ['FFA61_RS00960']
    Key: phase, Value: ['0']
    Key: product, Value: ['class Ib ribonucleoside-diphosphate reductase assembly flavoprotein NrdI']
    Key: protein_id, Value: ['WP_005962362.1']
    Key: source, Value: ['Protein Homology']
    Key: transl_table, Value: ['11']

GF(class Ib ribonucleoside-diphosphate reductase assembly flavoprotein NrdI, 20985-21489 (1))
type: CDS
location: [247914:248940](+)
id: cds-WP_005962361.1
qualifiers:
    Key: Dbxref, Value: ['GenBank:WP_005962361.1']
    Key: ID, Value: ['cds-WP_005962361.1']
    Key: Name, Value: ['WP_005962361.1']
    Key: Ontology_term, Value: ['GO:0009265', 'GO:0004748', 'GO:0030145', 'GO:0005971']
    Key: Parent, Value: ['gene-FFA61_RS00965']
    Key: gbkey, Value: ['CDS']
    Key: gene, Value: ['nrdF']
    Key: go_component, Value: ['ribonucleoside-diphosphate reductase complex|0005971||IEA']
    Key: go_function, Value: ['ribonucleoside-diphosphate reductase activity, thioredoxin disulfide as acceptor|0004748||IEA', 'manganese ion binding|0030145||IEA']
    Key: go_process, Value: ["2'-deoxyribonucleotide biosynthetic process|0009265||IEA"]
    Key: inference, Value: ['COORDINATES: similar to AA sequence:RefSeq:WP_019174208.1']
    Key: locus_tag, Value: ['FFA61_RS00965']
    Key: phase, Value: ['0']
    Key: product, Value: ['class 1b ribonucleoside-diphosphate reductase subunit beta']
    Key: protein_id, Value: ['WP_005962361.1']
    Key: source, Value: ['Protein Homology']
    Key: transl_table, Value: ['11']

GF(class 1b ribonucleoside-diphosphate reductase subunit beta, 21591-22617 (1))
graphic feature from validated effectors: GF(can3, 14096-16339 (1))
graphic feature from cctyper protein table: GF(Cas1, 4000-6015 (1))
graphic feature from cctyper protein table: GF(Cas2, 6006-6293 (1))
graphic feature from cctyper protein table: GF(Csm3gr7, 6330-8474 (-1))
graphic feature from cctyper protein table: GF(Csx19, 8476-8994 (-1))
graphic feature from cctyper protein table: GF(Csm3gr7, 8991-10493 (-1))
graphic feature from cctyper protein table: GF(Csm3gr7, 10496-12286 (-1))
graphic feature from cctyper protein table: GF(Cas10, 12283-13935 (-1))
graphic feature from cctyper protein table: GF(CasR, 14096-16339 (1))
graphic feature from cctyper protein table: GF(Unk, 16332-16784 (1))
graphic feature from cctyper protein table: GF(CorA, 16840-18477 (1))
graphic feature from cctyper protein table: GF(Cas6, 18497-19321 (-1))
Index(['protein_id', 'start', 'end', 'effector', 'locus', 'sample', 'strand',
       'sequence', 'type'],
      dtype='object')
graphic feature from known effectors: GF(cora, 16840-18477 (1))
Index(['protein_id', 'start', 'end', 'effector', 'locus', 'sample', 'strand',
       'sequence', 'type'],
      dtype='object')
graphic feature from ring nucleases: GF(ae1-1, 16332-16784 (1))
[GF(CRISPR-associated endonuclease Cas1, 3999-6015 (1)), GF(CRISPR-associated endonuclease Cas2, 6005-6293 (1)), GF(None, 6329-8474 (-1)), GF(None, 8475-8994 (-1)), GF(RAMP superfamily CRISPR-associated protein, 8990-10493 (-1)), GF(None, 10495-12286 (-1)), GF(None, 12282-13935 (-1)), GF(None, 14095-16339 (1)), GF(None, 16331-16784 (1)), GF(None, 16839-18477 (1)), GF(CRISPR system precrRNA processing endoribonuclease RAMP protein Cas6, 18496-19321 (-1)), GF(None, 19551-20733 (1)), GF(class Ib ribonucleoside-diphosphate reductase assembly flavoprotein NrdI, 20985-21489 (1)), GF(class 1b ribonucleoside-diphosphate reductase subunit beta, 21591-22617 (1)), GF(can3, 14096-16339 (1)), GF(Cas1, 4000-6015 (1)), GF(Cas2, 6006-6293 (1)), GF(Csm3gr7, 6330-8474 (-1)), GF(Csx19, 8476-8994 (-1)), GF(Csm3gr7, 8991-10493 (-1)), GF(Csm3gr7, 10496-12286 (-1)), GF(Cas10, 12283-13935 (-1)), GF(CasR, 14096-16339 (1)), GF(Unk, 16332-16784 (1)), GF(CorA, 16840-18477 (1)), GF(Cas6, 18497-19321 (-1)), GF(cora, 16840-18477 (1)), GF(ae1-1, 16332-16784 (1)), GF(CRISPR-Cas locus, 4000-19321 (0))]
