Cas operons file:    Unnamed: 0         Contig  ...           locus_id           sample
0           2  NZ_CP115484.1  ...  GCF_027627475.1_2  GCF_027627475.1

[1 rows x 19 columns]
The chosen contig: NZ_CP115484.1
type: CDS
location: [3280908:3282753](-)
id: cds-WP_270164531.1
qualifiers:
    Key: Dbxref, Value: ['GenBank:WP_270164531.1']
    Key: ID, Value: ['cds-WP_270164531.1']
    Key: Name, Value: ['WP_270164531.1']
    Key: Ontology_term, Value: ['GO:0008658']
    Key: Parent, Value: ['gene-PDL12_RS13500']
    Key: gbkey, Value: ['CDS']
    Key: go_function, Value: ['penicillin binding|0008658||IEA']
    Key: inference, Value: ['COORDINATES: similar to AA sequence:RefSeq:WP_006039890.1']
    Key: locus_tag, Value: ['PDL12_RS13500']
    Key: phase, Value: ['0']
    Key: product, Value: ['penicillin-binding transpeptidase domain-containing protein']
    Key: protein_id, Value: ['WP_270164531.1']
    Key: source, Value: ['Protein Homology']
    Key: transl_table, Value: ['11']

GF(penicillin-binding transpeptidase domain-containing protein, 92-1937 (-1))
type: CDS
location: [3282954:3284247](-)
id: cds-WP_270164532.1
qualifiers:
    Key: Dbxref, Value: ['GenBank:WP_270164532.1']
    Key: ID, Value: ['cds-WP_270164532.1']
    Key: Name, Value: ['WP_270164532.1']
    Key: Ontology_term, Value: ['GO:0046685', 'GO:0015105', 'GO:0005886']
    Key: Parent, Value: ['gene-PDL12_RS13505']
    Key: gbkey, Value: ['CDS']
    Key: go_component, Value: ['plasma membrane|0005886||IEA']
    Key: go_function, Value: ['arsenite transmembrane transporter activity|0015105||IEA']
    Key: go_process, Value: ['response to arsenic-containing substance|0046685||IEA']
    Key: inference, Value: ['COORDINATES: similar to AA sequence:RefSeq:WP_013917104.1']
    Key: locus_tag, Value: ['PDL12_RS13505']
    Key: phase, Value: ['0']
    Key: product, Value: ['arsenic transporter']
    Key: protein_id, Value: ['WP_270164532.1']
    Key: source, Value: ['Protein Homology']
    Key: transl_table, Value: ['11']

GF(arsenic transporter, 2138-3431 (-1))
type: CDS
location: [3284815:3286852](-)
id: cds-WP_270164533.1
qualifiers:
    Key: Dbxref, Value: ['GenBank:WP_270164533.1']
    Key: ID, Value: ['cds-WP_270164533.1']
    Key: Name, Value: ['WP_270164533.1']
    Key: Parent, Value: ['gene-PDL12_RS13510']
    Key: gbkey, Value: ['CDS']
    Key: inference, Value: ['COORDINATES: protein motif:HMM:TIGR03986.1']
    Key: locus_tag, Value: ['PDL12_RS13510']
    Key: phase, Value: ['0']
    Key: product, Value: ['TIGR03986 family CRISPR-associated RAMP protein']
    Key: protein_id, Value: ['WP_270164533.1']
    Key: source, Value: ['Protein Homology']
    Key: transl_table, Value: ['11']

GF(TIGR03986 family CRISPR-associated RAMP protein, 3999-6036 (-1))
type: CDS
location: [3286851:3287532](-)
id: cds-WP_270164534.1
qualifiers:
    Key: Dbxref, Value: ['GenBank:WP_270164534.1']
    Key: ID, Value: ['cds-WP_270164534.1']
    Key: Name, Value: ['WP_270164534.1']
    Key: Parent, Value: ['gene-PDL12_RS13515']
    Key: gbkey, Value: ['CDS']
    Key: gene, Value: ['csx19']
    Key: inference, Value: ['COORDINATES: protein motif:HMM:TIGR03984.2']
    Key: locus_tag, Value: ['PDL12_RS13515']
    Key: phase, Value: ['0']
    Key: product, Value: ['CRISPR-associated protein Csx19']
    Key: protein_id, Value: ['WP_270164534.1']
    Key: source, Value: ['Protein Homology']
    Key: transl_table, Value: ['11']

GF(CRISPR-associated protein Csx19, 6035-6716 (-1))
type: CDS
location: [3287503:3288931](-)
id: cds-WP_270164535.1
qualifiers:
    Key: Dbxref, Value: ['GenBank:WP_270164535.1']
    Key: ID, Value: ['cds-WP_270164535.1']
    Key: Name, Value: ['WP_270164535.1']
    Key: Parent, Value: ['gene-PDL12_RS13520']
    Key: gbkey, Value: ['CDS']
    Key: inference, Value: ['COORDINATES: protein motif:HMM:NF015728.4']
    Key: locus_tag, Value: ['PDL12_RS13520']
    Key: phase, Value: ['0']
    Key: product, Value: ['RAMP superfamily CRISPR-associated protein']
    Key: protein_id, Value: ['WP_270164535.1']
    Key: source, Value: ['Protein Homology']
    Key: transl_table, Value: ['11']

GF(RAMP superfamily CRISPR-associated protein, 6687-8115 (-1))
type: CDS
location: [3288927:3291153](-)
id: cds-WP_270164537.1
qualifiers:
    Key: Dbxref, Value: ['GenBank:WP_270164537.1']
    Key: ID, Value: ['cds-WP_270164537.1']
    Key: Name, Value: ['WP_270164537.1']
    Key: Parent, Value: ['gene-PDL12_RS13525']
    Key: gbkey, Value: ['CDS']
    Key: inference, Value: ['COORDINATES: protein motif:HMM:NF021236.4']
    Key: locus_tag, Value: ['PDL12_RS13525']
    Key: phase, Value: ['0']
    Key: product, Value: ['RAMP superfamily CRISPR-associated protein']
    Key: protein_id, Value: ['WP_270164537.1']
    Key: source, Value: ['Protein Homology']
    Key: transl_table, Value: ['11']

GF(RAMP superfamily CRISPR-associated protein, 8111-10337 (-1))
type: CDS
location: [3291149:3292673](-)
id: cds-WP_270164538.1
qualifiers:
    Key: Dbxref, Value: ['GenBank:WP_270164538.1']
    Key: ID, Value: ['cds-WP_270164538.1']
    Key: Name, Value: ['WP_270164538.1']
    Key: Parent, Value: ['gene-PDL12_RS13530']
    Key: gbkey, Value: ['CDS']
    Key: inference, Value: ['COORDINATES: ab initio prediction:GeneMarkS-2+']
    Key: locus_tag, Value: ['PDL12_RS13530']
    Key: phase, Value: ['0']
    Key: product, Value: ['hypothetical protein']
    Key: protein_id, Value: ['WP_270164538.1']
    Key: source, Value: ['GeneMarkS-2+']
    Key: transl_table, Value: ['11']

GF(None, 10333-11857 (-1))
type: CDS
location: [3292653:3293682](-)
id: cds-WP_270164539.1
qualifiers:
    Key: Dbxref, Value: ['GenBank:WP_270164539.1']
    Key: ID, Value: ['cds-WP_270164539.1']
    Key: Name, Value: ['WP_270164539.1']
    Key: Parent, Value: ['gene-PDL12_RS13535']
    Key: gbkey, Value: ['CDS']
    Key: inference, Value: ['COORDINATES: protein motif:HMM:NF042699.2']
    Key: locus_tag, Value: ['PDL12_RS13535']
    Key: phase, Value: ['0']
    Key: product, Value: ['DUF6602 domain-containing protein']
    Key: protein_id, Value: ['WP_270164539.1']
    Key: source, Value: ['Protein Homology']
    Key: transl_table, Value: ['11']

GF(DUF6602 domain-containing protein, 11837-12866 (-1))
type: CDS
location: [3293709:3294621](-)
id: cds-WP_270164541.1
qualifiers:
    Key: Dbxref, Value: ['GenBank:WP_270164541.1']
    Key: ID, Value: ['cds-WP_270164541.1']
    Key: Name, Value: ['WP_270164541.1']
    Key: Parent, Value: ['gene-PDL12_RS13540']
    Key: gbkey, Value: ['CDS']
    Key: gene, Value: ['cas6']
    Key: inference, Value: ['COORDINATES: protein motif:HMM:NF021551.4']
    Key: locus_tag, Value: ['PDL12_RS13540']
    Key: phase, Value: ['0']
    Key: product, Value: ['CRISPR system precrRNA processing endoribonuclease RAMP protein Cas6']
    Key: protein_id, Value: ['WP_270164541.1']
    Key: source, Value: ['Protein Homology']
    Key: transl_table, Value: ['11']

GF(CRISPR system precrRNA processing endoribonuclease RAMP protein Cas6, 12893-13805 (-1))
type: CDS
location: [3294871:3297037](-)
id: cds-WP_270164543.1
qualifiers:
    Key: Dbxref, Value: ['GenBank:WP_270164543.1']
    Key: ID, Value: ['cds-WP_270164543.1']
    Key: Name, Value: ['WP_270164543.1']
    Key: Ontology_term, Value: ['GO:0006935']
    Key: Parent, Value: ['gene-PDL12_RS13545']
    Key: gbkey, Value: ['CDS']
    Key: go_process, Value: ['chemotaxis|0006935||IEA']
    Key: inference, Value: ['COORDINATES: similar to AA sequence:RefSeq:WP_010497108.1']
    Key: locus_tag, Value: ['PDL12_RS13545']
    Key: phase, Value: ['0']
    Key: product, Value: ['methyl-accepting chemotaxis protein']
    Key: protein_id, Value: ['WP_270164543.1']
    Key: source, Value: ['Protein Homology']
    Key: transl_table, Value: ['11']

GF(methyl-accepting chemotaxis protein, 14055-16221 (-1))
graphic feature from cctyper protein table: GF(Csm3gr7, 4000-6036 (-1))
graphic feature from cctyper protein table: GF(Csx19, 6036-6716 (-1))
graphic feature from cctyper protein table: GF(Csm3gr7, 6688-8115 (-1))
graphic feature from cctyper protein table: GF(Csm3gr7, 8112-10337 (-1))
graphic feature from cctyper protein table: GF(Cas10, 10334-11857 (-1))
graphic feature from cctyper protein table: GF(Cas6, 12894-13805 (-1))
Index(['protein_id', 'start', 'end', 'effector', 'locus', 'sample', 'strand',
       'sequence', 'type'],
      dtype='object')
graphic feature from known effectors: GF(nucc, 11838-12866 (-1))
Index(['protein_id', 'start', 'end', 'effector', 'locus', 'sample', 'strand',
       'sequence'],
      dtype='object')
[GF(penicillin-binding transpeptidase domain-containing protein, 92-1937 (-1)), GF(arsenic transporter, 2138-3431 (-1)), GF(TIGR03986 family CRISPR-associated RAMP protein, 3999-6036 (-1)), GF(CRISPR-associated protein Csx19, 6035-6716 (-1)), GF(RAMP superfamily CRISPR-associated protein, 6687-8115 (-1)), GF(RAMP superfamily CRISPR-associated protein, 8111-10337 (-1)), GF(None, 10333-11857 (-1)), GF(DUF6602 domain-containing protein, 11837-12866 (-1)), GF(CRISPR system precrRNA processing endoribonuclease RAMP protein Cas6, 12893-13805 (-1)), GF(methyl-accepting chemotaxis protein, 14055-16221 (-1)), GF(Csm3gr7, 4000-6036 (-1)), GF(Csx19, 6036-6716 (-1)), GF(Csm3gr7, 6688-8115 (-1)), GF(Csm3gr7, 8112-10337 (-1)), GF(Cas10, 10334-11857 (-1)), GF(Cas6, 12894-13805 (-1)), GF(nucc, 11838-12866 (-1)), GF(CRISPR-Cas locus, 4000-13805 (0))]
