Cas operons file:    Unnamed: 0         Contig  ...           locus_id           sample
0           4  NZ_CP077713.1  ...  GCF_019175305.1_4  GCF_019175305.1

[1 rows x 19 columns]
The chosen contig: NZ_CP077713.1
type: CDS
location: [1500721:1501378](-)
id: cds-J5U22_RS07990
qualifiers:
    Key: Dbxref, Value: ['GeneID:65557061']
    Key: ID, Value: ['cds-J5U22_RS07990']
    Key: Note, Value: ['frameshifted; internal stop']
    Key: Parent, Value: ['gene-J5U22_RS07990']
    Key: gbkey, Value: ['CDS']
    Key: inference, Value: ['COORDINATES: similar to AA sequence:RefSeq:WP_076611372.1']
    Key: locus_tag, Value: ['J5U22_RS07990']
    Key: phase, Value: ['0']
    Key: product, Value: ['IS1 family transposase']
    Key: pseudo, Value: ['true']
    Key: source, Value: ['Protein Homology']
    Key: transl_table, Value: ['11']

GF(IS1 family transposase, 1430-2087 (-1))
type: CDS
location: [1501586:1501988](+)
id: cds-WP_218257797.1
qualifiers:
    Key: Dbxref, Value: ['GenBank:WP_218257797.1', 'GeneID:65557062']
    Key: ID, Value: ['cds-WP_218257797.1']
    Key: Name, Value: ['WP_218257797.1']
    Key: Parent, Value: ['gene-J5U22_RS07995']
    Key: gbkey, Value: ['CDS']
    Key: inference, Value: ['COORDINATES: similar to AA sequence:RefSeq:WP_012717754.1']
    Key: locus_tag, Value: ['J5U22_RS07995']
    Key: phase, Value: ['0']
    Key: product, Value: ['hypothetical protein']
    Key: protein_id, Value: ['WP_218257797.1']
    Key: source, Value: ['Protein Homology']
    Key: transl_table, Value: ['11']

GF(None, 2295-2697 (1))
type: CDS
location: [1502919:1503072](-)
id: cds-WP_244988755.1
qualifiers:
    Key: Dbxref, Value: ['GenBank:WP_244988755.1', 'GeneID:75046097']
    Key: ID, Value: ['cds-WP_244988755.1']
    Key: Name, Value: ['WP_244988755.1']
    Key: Parent, Value: ['gene-J5U22_RS15490']
    Key: gbkey, Value: ['CDS']
    Key: inference, Value: ['COORDINATES: ab initio prediction:GeneMarkS-2+']
    Key: locus_tag, Value: ['J5U22_RS15490']
    Key: phase, Value: ['0']
    Key: product, Value: ['hypothetical protein']
    Key: protein_id, Value: ['WP_244988755.1']
    Key: source, Value: ['GeneMarkS-2+']
    Key: transl_table, Value: ['11']

GF(None, 3628-3781 (-1))
type: CDS
location: [1503290:1504133](-)
id: cds-WP_218257798.1
qualifiers:
    Key: Dbxref, Value: ['GenBank:WP_218257798.1', 'GeneID:65557064']
    Key: ID, Value: ['cds-WP_218257798.1']
    Key: Name, Value: ['WP_218257798.1']
    Key: Parent, Value: ['gene-J5U22_RS08005']
    Key: gbkey, Value: ['CDS']
    Key: inference, Value: ['COORDINATES: similar to AA sequence:RefSeq:WP_016729968.1']
    Key: locus_tag, Value: ['J5U22_RS08005']
    Key: phase, Value: ['0']
    Key: product, Value: ['hypothetical protein']
    Key: protein_id, Value: ['WP_218257798.1']
    Key: source, Value: ['Protein Homology']
    Key: transl_table, Value: ['11']

GF(None, 3999-4842 (-1))
type: CDS
location: [1504308:1505211](+)
id: cds-WP_218257799.1
qualifiers:
    Key: Dbxref, Value: ['GenBank:WP_218257799.1', 'GeneID:65557065']
    Key: ID, Value: ['cds-WP_218257799.1']
    Key: Name, Value: ['WP_218257799.1']
    Key: Parent, Value: ['gene-J5U22_RS08010']
    Key: gbkey, Value: ['CDS']
    Key: inference, Value: ['COORDINATES: similar to AA sequence:RefSeq:WP_016729967.1']
    Key: locus_tag, Value: ['J5U22_RS08010']
    Key: phase, Value: ['0']
    Key: product, Value: ['ATP-binding protein']
    Key: protein_id, Value: ['WP_218257799.1']
    Key: source, Value: ['Protein Homology']
    Key: transl_table, Value: ['11']

GF(ATP-binding protein, 5017-5920 (1))
type: CDS
location: [1505212:1505713](+)
id: cds-WP_218257800.1
qualifiers:
    Key: Dbxref, Value: ['GenBank:WP_218257800.1', 'GeneID:65557066']
    Key: ID, Value: ['cds-WP_218257800.1']
    Key: Name, Value: ['WP_218257800.1']
    Key: Parent, Value: ['gene-J5U22_RS08015']
    Key: gbkey, Value: ['CDS']
    Key: inference, Value: ['COORDINATES: similar to AA sequence:RefSeq:WP_016729966.1']
    Key: locus_tag, Value: ['J5U22_RS08015']
    Key: phase, Value: ['0']
    Key: product, Value: ['hypothetical protein']
    Key: protein_id, Value: ['WP_218257800.1']
    Key: source, Value: ['Protein Homology']
    Key: transl_table, Value: ['11']

GF(None, 5921-6422 (1))
type: CDS
location: [1505799:1506210](+)
id: cds-WP_218257801.1
qualifiers:
    Key: Dbxref, Value: ['GenBank:WP_218257801.1', 'GeneID:65557067']
    Key: ID, Value: ['cds-WP_218257801.1']
    Key: Name, Value: ['WP_218257801.1']
    Key: Parent, Value: ['gene-J5U22_RS08020']
    Key: gbkey, Value: ['CDS']
    Key: inference, Value: ['COORDINATES: similar to AA sequence:RefSeq:WP_016729965.1']
    Key: locus_tag, Value: ['J5U22_RS08020']
    Key: phase, Value: ['0']
    Key: product, Value: ['hypothetical protein']
    Key: protein_id, Value: ['WP_218257801.1']
    Key: source, Value: ['Protein Homology']
    Key: transl_table, Value: ['11']

GF(None, 6508-6919 (1))
type: CDS
location: [1506214:1507171](+)
id: cds-WP_218257802.1
qualifiers:
    Key: Dbxref, Value: ['GenBank:WP_218257802.1', 'GeneID:65557068']
    Key: ID, Value: ['cds-WP_218257802.1']
    Key: Name, Value: ['WP_218257802.1']
    Key: Ontology_term, Value: ['GO:0043571', 'GO:0003674']
    Key: Parent, Value: ['gene-J5U22_RS08025']
    Key: gbkey, Value: ['CDS']
    Key: gene, Value: ['csm3']
    Key: go_function, Value: ['molecular_function|0003674||IEA']
    Key: go_process, Value: ['maintenance of CRISPR repeat elements|0043571||IEA']
    Key: inference, Value: ['COORDINATES: similar to AA sequence:RefSeq:WP_012717760.1']
    Key: locus_tag, Value: ['J5U22_RS08025']
    Key: phase, Value: ['0']
    Key: product, Value: ['type III-A CRISPR-associated RAMP protein Csm3']
    Key: protein_id, Value: ['WP_218257802.1']
    Key: source, Value: ['Protein Homology']
    Key: transl_table, Value: ['11']

GF(type III-A CRISPR-associated RAMP protein Csm3, 6923-7880 (1))
type: CDS
location: [1507167:1508178](+)
id: cds-WP_218257803.1
qualifiers:
    Key: Dbxref, Value: ['GenBank:WP_218257803.1', 'GeneID:65557069']
    Key: ID, Value: ['cds-WP_218257803.1']
    Key: Name, Value: ['WP_218257803.1']
    Key: Ontology_term, Value: ['GO:0043571', 'GO:0003674']
    Key: Parent, Value: ['gene-J5U22_RS08030']
    Key: gbkey, Value: ['CDS']
    Key: gene, Value: ['csm5']
    Key: go_function, Value: ['molecular_function|0003674||IEA']
    Key: go_process, Value: ['maintenance of CRISPR repeat elements|0043571||IEA']
    Key: inference, Value: ['COORDINATES: similar to AA sequence:RefSeq:WP_012717761.1']
    Key: locus_tag, Value: ['J5U22_RS08030']
    Key: phase, Value: ['0']
    Key: product, Value: ['type III-A CRISPR-associated RAMP protein Csm5']
    Key: protein_id, Value: ['WP_218257803.1']
    Key: source, Value: ['Protein Homology']
    Key: transl_table, Value: ['11']

GF(type III-A CRISPR-associated RAMP protein Csm5, 7876-8887 (1))
type: CDS
location: [1508184:1510527](+)
id: cds-WP_218257804.1
qualifiers:
    Key: Dbxref, Value: ['GenBank:WP_218257804.1', 'GeneID:65557070']
    Key: ID, Value: ['cds-WP_218257804.1']
    Key: Name, Value: ['WP_218257804.1']
    Key: Parent, Value: ['gene-J5U22_RS08035']
    Key: gbkey, Value: ['CDS']
    Key: inference, Value: ['COORDINATES: similar to AA sequence:RefSeq:WP_012717762.1']
    Key: locus_tag, Value: ['J5U22_RS08035']
    Key: phase, Value: ['0']
    Key: product, Value: ['hydrolase']
    Key: protein_id, Value: ['WP_218257804.1']
    Key: source, Value: ['Protein Homology']
    Key: transl_table, Value: ['11']

GF(hydrolase, 8893-11236 (1))
type: CDS
location: [1510565:1510958](-)
id: cds-WP_218257805.1
qualifiers:
    Key: Dbxref, Value: ['GenBank:WP_218257805.1', 'GeneID:65557071']
    Key: ID, Value: ['cds-WP_218257805.1']
    Key: Name, Value: ['WP_218257805.1']
    Key: Ontology_term, Value: ['GO:0004540']
    Key: Parent, Value: ['gene-J5U22_RS08040']
    Key: gbkey, Value: ['CDS']
    Key: go_function, Value: ['RNA nuclease activity|0004540||IEA']
    Key: inference, Value: ['COORDINATES: similar to AA sequence:RefSeq:WP_016732162.1']
    Key: locus_tag, Value: ['J5U22_RS08040']
    Key: phase, Value: ['0']
    Key: product, Value: ['type II toxin-antitoxin system VapC family toxin']
    Key: protein_id, Value: ['WP_218257805.1']
    Key: source, Value: ['Protein Homology']
    Key: transl_table, Value: ['11']

GF(type II toxin-antitoxin system VapC family toxin, 11274-11667 (-1))
type: CDS
location: [1510947:1511172](-)
id: cds-WP_218257806.1
qualifiers:
    Key: Dbxref, Value: ['GenBank:WP_218257806.1', 'GeneID:65557072']
    Key: ID, Value: ['cds-WP_218257806.1']
    Key: Name, Value: ['WP_218257806.1']
    Key: Parent, Value: ['gene-J5U22_RS08045']
    Key: gbkey, Value: ['CDS']
    Key: inference, Value: ['COORDINATES: similar to AA sequence:RefSeq:WP_012713168.1']
    Key: locus_tag, Value: ['J5U22_RS08045']
    Key: phase, Value: ['0']
    Key: product, Value: ['type II toxin-antitoxin system CcdA family antitoxin']
    Key: protein_id, Value: ['WP_218257806.1']
    Key: source, Value: ['Protein Homology']
    Key: transl_table, Value: ['11']

GF(type II toxin-antitoxin system CcdA family antitoxin, 11656-11881 (-1))
type: CDS
location: [1512068:1512386](-)
id: cds-WP_218257807.1
qualifiers:
    Key: Dbxref, Value: ['GenBank:WP_218257807.1', 'GeneID:65557073']
    Key: ID, Value: ['cds-WP_218257807.1']
    Key: Name, Value: ['WP_218257807.1']
    Key: Ontology_term, Value: ['GO:0008150', 'GO:0004190']
    Key: Parent, Value: ['gene-J5U22_RS08050']
    Key: gbkey, Value: ['CDS']
    Key: go_function, Value: ['aspartic-type endopeptidase activity|0004190||IEA']
    Key: go_process, Value: ['biological_process|0008150||IEA']
    Key: inference, Value: ['COORDINATES: similar to AA sequence:RefSeq:WP_015581058.1']
    Key: locus_tag, Value: ['J5U22_RS08050']
    Key: phase, Value: ['0']
    Key: product, Value: ['clan AA aspartic protease']
    Key: protein_id, Value: ['WP_218257807.1']
    Key: source, Value: ['Protein Homology']
    Key: transl_table, Value: ['11']

GF(clan AA aspartic protease, 12777-13095 (-1))
type: CDS
location: [1512375:1513341](-)
id: cds-WP_218257808.1
qualifiers:
    Key: Dbxref, Value: ['GenBank:WP_218257808.1', 'GeneID:65557074']
    Key: ID, Value: ['cds-WP_218257808.1']
    Key: Name, Value: ['WP_218257808.1']
    Key: Ontology_term, Value: ['GO:0051607', 'GO:0016829']
    Key: Parent, Value: ['gene-J5U22_RS08055']
    Key: gbkey, Value: ['CDS']
    Key: go_function, Value: ['lyase activity|0016829||IEA']
    Key: go_process, Value: ['defense response to virus|0051607||IEA']
    Key: inference, Value: ['COORDINATES: similar to AA sequence:RefSeq:WP_009990074.1']
    Key: locus_tag, Value: ['J5U22_RS08055']
    Key: phase, Value: ['0']
    Key: product, Value: ['CRISPR system ring nuclease']
    Key: protein_id, Value: ['WP_218257808.1']
    Key: source, Value: ['Protein Homology']
    Key: transl_table, Value: ['11']

GF(CRISPR system ring nuclease, 13084-14050 (-1))
type: CDS
location: [1514038:1514200](-)
id: cds-WP_261310003.1
qualifiers:
    Key: Dbxref, Value: ['GenBank:WP_261310003.1', 'GeneID:75046098']
    Key: ID, Value: ['cds-WP_261310003.1']
    Key: Name, Value: ['WP_261310003.1']
    Key: Parent, Value: ['gene-J5U22_RS15495']
    Key: gbkey, Value: ['CDS']
    Key: inference, Value: ['COORDINATES: ab initio prediction:GeneMarkS-2+']
    Key: locus_tag, Value: ['J5U22_RS15495']
    Key: phase, Value: ['0']
    Key: product, Value: ['hypothetical protein']
    Key: protein_id, Value: ['WP_261310003.1']
    Key: source, Value: ['GeneMarkS-2+']
    Key: transl_table, Value: ['11']

GF(None, 14747-14909 (-1))
type: CDS
location: [1514380:1514668](-)
id: cds-WP_261310004.1
qualifiers:
    Key: Dbxref, Value: ['GenBank:WP_261310004.1', 'GeneID:75046099']
    Key: ID, Value: ['cds-WP_261310004.1']
    Key: Name, Value: ['WP_261310004.1']
    Key: Ontology_term, Value: ['GO:0016799', 'GO:0046872']
    Key: Parent, Value: ['gene-J5U22_RS15500']
    Key: gbkey, Value: ['CDS']
    Key: go_function, Value: ['hydrolase activity, hydrolyzing N-glycosyl compounds|0016799||IEA', 'metal ion binding|0046872||IEA']
    Key: inference, Value: ['COORDINATES: ab initio prediction:GeneMarkS-2+']
    Key: locus_tag, Value: ['J5U22_RS15500']
    Key: phase, Value: ['0']
    Key: product, Value: ['ADP-ribosylglycohydrolase family protein']
    Key: protein_id, Value: ['WP_261310004.1']
    Key: source, Value: ['GeneMarkS-2+']
    Key: transl_table, Value: ['11']

GF(ADP-ribosylglycohydrolase family protein, 15089-15377 (-1))
type: CDS
location: [1515094:1516324](+)
id: cds-WP_218257809.1
qualifiers:
    Key: Dbxref, Value: ['GenBank:WP_218257809.1', 'GeneID:65557076']
    Key: ID, Value: ['cds-WP_218257809.1']
    Key: Name, Value: ['WP_218257809.1']
    Key: Ontology_term, Value: ['GO:0004803']
    Key: Parent, Value: ['gene-J5U22_RS08065']
    Key: gbkey, Value: ['CDS']
    Key: go_function, Value: ['transposase activity|0004803||IEA']
    Key: inference, Value: ['COORDINATES: similar to AA sequence:RefSeq:WP_010923982.1']
    Key: locus_tag, Value: ['J5U22_RS08065']
    Key: phase, Value: ['0']
    Key: product, Value: ['RNA-guided endonuclease TnpB family protein']
    Key: protein_id, Value: ['WP_218257809.1']
    Key: source, Value: ['Protein Homology']
    Key: transl_table, Value: ['11']

GF(RNA-guided endonuclease TnpB family protein, 15803-17033 (1))
type: CDS
location: [1516771:1516945](-)
id: cds-WP_218257810.1
qualifiers:
    Key: Dbxref, Value: ['GenBank:WP_218257810.1', 'GeneID:65557077']
    Key: ID, Value: ['cds-WP_218257810.1']
    Key: Name, Value: ['WP_218257810.1']
    Key: Parent, Value: ['gene-J5U22_RS08070']
    Key: gbkey, Value: ['CDS']
    Key: inference, Value: ['COORDINATES: protein motif:HMM:TIGR01439.1']
    Key: locus_tag, Value: ['J5U22_RS08070']
    Key: phase, Value: ['0']
    Key: product, Value: ['AbrB/MazE/SpoVT family DNA-binding domain-containing protein']
    Key: protein_id, Value: ['WP_218257810.1']
    Key: source, Value: ['Protein Homology']
    Key: transl_table, Value: ['11']

GF(AbrB/MazE/SpoVT family DNA-binding domain-containing protein, 17480-17654 (-1))
graphic feature from cctyper protein table: GF(Csm4, 4000-4842 (-1))
graphic feature from cctyper protein table: GF(AbiEii, 5018-5920 (1))
graphic feature from cctyper protein table: GF(Csm2gr11, 6509-6919 (1))
graphic feature from cctyper protein table: GF(Csm3gr7, 6924-7880 (1))
graphic feature from cctyper protein table: GF(Csm5gr7, 7877-8887 (1))
graphic feature from cctyper protein table: GF(Cas10, 8894-11236 (1))
graphic feature from cctyper protein table: GF(PEPT, 12778-13095 (-1))
graphic feature from cctyper protein table: GF(Csm6, 13085-14050 (-1))
Index(['protein_id', 'start', 'end', 'effector', 'locus', 'sample', 'strand',
       'sequence', 'type'],
      dtype='object')
graphic feature from known effectors: GF(cami1, 13085-14050 (-1))
Index(['protein_id', 'start', 'end', 'effector', 'locus', 'sample', 'strand',
       'sequence', 'type'],
      dtype='object')
graphic feature from ring nucleases: GF(proteaseRN, 12778-13095 (-1))
[GF(IS1 family transposase, 1430-2087 (-1)), GF(None, 2295-2697 (1)), GF(None, 3628-3781 (-1)), GF(None, 3999-4842 (-1)), GF(ATP-binding protein, 5017-5920 (1)), GF(None, 5921-6422 (1)), GF(None, 6508-6919 (1)), GF(type III-A CRISPR-associated RAMP protein Csm3, 6923-7880 (1)), GF(type III-A CRISPR-associated RAMP protein Csm5, 7876-8887 (1)), GF(hydrolase, 8893-11236 (1)), GF(type II toxin-antitoxin system VapC family toxin, 11274-11667 (-1)), GF(type II toxin-antitoxin system CcdA family antitoxin, 11656-11881 (-1)), GF(clan AA aspartic protease, 12777-13095 (-1)), GF(CRISPR system ring nuclease, 13084-14050 (-1)), GF(None, 14747-14909 (-1)), GF(ADP-ribosylglycohydrolase family protein, 15089-15377 (-1)), GF(RNA-guided endonuclease TnpB family protein, 15803-17033 (1)), GF(AbrB/MazE/SpoVT family DNA-binding domain-containing protein, 17480-17654 (-1)), GF(Csm4, 4000-4842 (-1)), GF(AbiEii, 5018-5920 (1)), GF(Csm2gr11, 6509-6919 (1)), GF(Csm3gr7, 6924-7880 (1)), GF(Csm5gr7, 7877-8887 (1)), GF(Cas10, 8894-11236 (1)), GF(PEPT, 12778-13095 (-1)), GF(Csm6, 13085-14050 (-1)), GF(cami1, 13085-14050 (-1)), GF(proteaseRN, 12778-13095 (-1)), GF(CRISPR-Cas locus, 4000-14050 (0))]
