Cas operons file:    Unnamed: 0       Contig  ...           locus_id           sample
0           3  NC_019970.1  ...  GCF_000328545.1_3  GCF_000328545.1

[1 rows x 19 columns]
The chosen contig: NC_019970.1
type: CDS
location: [2633038:2635264](-)
id: cds-WP_015312639.1
qualifiers:
    Key: Dbxref, Value: ['GenBank:WP_015312639.1', 'GeneID:88285193']
    Key: ID, Value: ['cds-WP_015312639.1']
    Key: Name, Value: ['WP_015312639.1']
    Key: Ontology_term, Value: ['GO:0005524', 'GO:0042626']
    Key: Parent, Value: ['gene-THETHE_RS12870']
    Key: gbkey, Value: ['CDS']
    Key: go_function, Value: ['ATP binding|0005524||IEA', 'ATPase-coupled transmembrane transporter activity|0042626||IEA']
    Key: inference, Value: ['COORDINATES: similar to AA sequence:RefSeq:WP_014063657.1']
    Key: locus_tag, Value: ['THETHE_RS12870']
    Key: phase, Value: ['0']
    Key: product, Value: ['ABC transporter ATP-binding protein']
    Key: protein_id, Value: ['WP_015312639.1']
    Key: source, Value: ['Protein Homology']
    Key: transl_table, Value: ['11']

GF(ABC transporter ATP-binding protein, 1741-3967 (-1))
type: CDS
location: [2635296:2635740](-)
id: cds-WP_013299015.1
qualifiers:
    Key: Dbxref, Value: ['GenBank:WP_013299015.1', 'GeneID:88285194']
    Key: ID, Value: ['cds-WP_013299015.1']
    Key: Name, Value: ['WP_013299015.1']
    Key: Ontology_term, Value: ['GO:0003677', 'GO:0003700']
    Key: Parent, Value: ['gene-THETHE_RS12875']
    Key: gbkey, Value: ['CDS']
    Key: go_function, Value: ['DNA binding|0003677||IEA', 'DNA-binding transcription factor activity|0003700||IEA']
    Key: inference, Value: ['COORDINATES: similar to AA sequence:RefSeq:WP_013299015.1']
    Key: locus_tag, Value: ['THETHE_RS12875']
    Key: phase, Value: ['0']
    Key: product, Value: ['MarR family transcriptional regulator']
    Key: protein_id, Value: ['WP_013299015.1']
    Key: source, Value: ['Protein Homology']
    Key: transl_table, Value: ['11']

GF(MarR family transcriptional regulator, 3999-4443 (-1))
type: CDS
location: [2635873:2637439](-)
id: cds-WP_015312640.1
qualifiers:
    Key: Dbxref, Value: ['GenBank:WP_015312640.1', 'GeneID:88285195']
    Key: ID, Value: ['cds-WP_015312640.1']
    Key: Name, Value: ['WP_015312640.1']
    Key: Parent, Value: ['gene-THETHE_RS12880']
    Key: gbkey, Value: ['CDS']
    Key: inference, Value: ['COORDINATES: similar to AA sequence:RefSeq:WP_013299017.1']
    Key: locus_tag, Value: ['THETHE_RS12880']
    Key: phase, Value: ['0']
    Key: product, Value: ['ClC family H(+)/Cl(-) exchange transporter']
    Key: protein_id, Value: ['WP_015312640.1']
    Key: source, Value: ['Protein Homology']
    Key: transl_table, Value: ['11']

GF(ClC family H(+)/Cl(-) exchange transporter, 4576-6142 (-1))
type: CDS
location: [2637645:2638266](+)
id: cds-WP_015312641.1
qualifiers:
    Key: Dbxref, Value: ['GenBank:WP_015312641.1', 'GeneID:88285196']
    Key: ID, Value: ['cds-WP_015312641.1']
    Key: Name, Value: ['WP_015312641.1']
    Key: Ontology_term, Value: ['GO:0006813', 'GO:0008324']
    Key: Parent, Value: ['gene-THETHE_RS12885']
    Key: gbkey, Value: ['CDS']
    Key: go_function, Value: ['monoatomic cation transmembrane transporter activity|0008324||IEA']
    Key: go_process, Value: ['potassium ion transport|0006813||IEA']
    Key: inference, Value: ['COORDINATES: similar to AA sequence:RefSeq:WP_012995602.1']
    Key: locus_tag, Value: ['THETHE_RS12885']
    Key: phase, Value: ['0']
    Key: product, Value: ['TrkA C-terminal domain-containing protein']
    Key: protein_id, Value: ['WP_015312641.1']
    Key: source, Value: ['Protein Homology']
    Key: transl_table, Value: ['11']

GF(TrkA C-terminal domain-containing protein, 6348-6969 (1))
type: CDS
location: [2638386:2639496](+)
id: cds-WP_015312642.1
qualifiers:
    Key: Dbxref, Value: ['GenBank:WP_015312642.1', 'GeneID:88285197']
    Key: ID, Value: ['cds-WP_015312642.1']
    Key: Name, Value: ['WP_015312642.1']
    Key: Ontology_term, Value: ['GO:0005524', 'GO:0016887', 'GO:0042626', 'GO:0140359']
    Key: Parent, Value: ['gene-THETHE_RS12890']
    Key: gbkey, Value: ['CDS']
    Key: go_function, Value: ['ATP binding|0005524||IEA', 'ATP hydrolysis activity|0016887||IEA', 'ATPase-coupled transmembrane transporter activity|0042626||IEA', 'ABC-type transporter activity|0140359||IEA']
    Key: inference, Value: ['COORDINATES: similar to AA sequence:RefSeq:WP_013781786.1']
    Key: locus_tag, Value: ['THETHE_RS12890']
    Key: phase, Value: ['0']
    Key: product, Value: ['ABC transporter ATP-binding protein']
    Key: protein_id, Value: ['WP_015312642.1']
    Key: source, Value: ['Protein Homology']
    Key: transl_table, Value: ['11']

GF(ABC transporter ATP-binding protein, 7089-8199 (1))
type: CDS
location: [2639508:2640147](+)
id: cds-WP_015312643.1
qualifiers:
    Key: Dbxref, Value: ['GenBank:WP_015312643.1', 'GeneID:88285198']
    Key: ID, Value: ['cds-WP_015312643.1']
    Key: Name, Value: ['WP_015312643.1']
    Key: Ontology_term, Value: ['GO:0042626', 'GO:0140359']
    Key: Parent, Value: ['gene-THETHE_RS12895']
    Key: gbkey, Value: ['CDS']
    Key: go_function, Value: ['ATPase-coupled transmembrane transporter activity|0042626||IEA', 'ABC-type transporter activity|0140359||IEA']
    Key: inference, Value: ['COORDINATES: similar to AA sequence:RefSeq:WP_013781785.1']
    Key: locus_tag, Value: ['THETHE_RS12895']
    Key: phase, Value: ['0']
    Key: product, Value: ['ABC transporter permease']
    Key: protein_id, Value: ['WP_015312643.1']
    Key: source, Value: ['Protein Homology']
    Key: transl_table, Value: ['11']

GF(ABC transporter permease, 8211-8850 (1))
type: CDS
location: [2640161:2641052](+)
id: cds-WP_015312644.1
qualifiers:
    Key: Dbxref, Value: ['GenBank:WP_015312644.1', 'GeneID:88285199']
    Key: ID, Value: ['cds-WP_015312644.1']
    Key: Name, Value: ['WP_015312644.1']
    Key: Ontology_term, Value: ['GO:0055085', 'GO:0022857', 'GO:0043190']
    Key: Parent, Value: ['gene-THETHE_RS12900']
    Key: gbkey, Value: ['CDS']
    Key: go_component, Value: ['ATP-binding cassette (ABC) transporter complex|0043190||IEA']
    Key: go_function, Value: ['transmembrane transporter activity|0022857||IEA']
    Key: go_process, Value: ['transmembrane transport|0055085||IEA']
    Key: inference, Value: ['COORDINATES: similar to AA sequence:RefSeq:WP_013781783.1']
    Key: locus_tag, Value: ['THETHE_RS12900']
    Key: phase, Value: ['0']
    Key: product, Value: ['glycine betaine ABC transporter substrate-binding protein']
    Key: protein_id, Value: ['WP_015312644.1']
    Key: source, Value: ['Protein Homology']
    Key: transl_table, Value: ['11']

GF(glycine betaine ABC transporter substrate-binding protein, 8864-9755 (1))
type: CDS
location: [2641082:2641346](-)
id: cds-WP_015312645.1
qualifiers:
    Key: Dbxref, Value: ['GenBank:WP_015312645.1', 'GeneID:88285200']
    Key: ID, Value: ['cds-WP_015312645.1']
    Key: Name, Value: ['WP_015312645.1']
    Key: Ontology_term, Value: ['GO:0043571', 'GO:0004521']
    Key: Parent, Value: ['gene-THETHE_RS12905']
    Key: gbkey, Value: ['CDS']
    Key: gene, Value: ['cas2']
    Key: go_function, Value: ['RNA endonuclease activity|0004521||IEA']
    Key: go_process, Value: ['maintenance of CRISPR repeat elements|0043571||IEA']
    Key: inference, Value: ['COORDINATES: similar to AA sequence:RefSeq:WP_003871087.1']
    Key: locus_tag, Value: ['THETHE_RS12905']
    Key: phase, Value: ['0']
    Key: product, Value: ['CRISPR-associated endonuclease Cas2']
    Key: protein_id, Value: ['WP_015312645.1']
    Key: source, Value: ['Protein Homology']
    Key: transl_table, Value: ['11']

GF(CRISPR-associated endonuclease Cas2, 9785-10049 (-1))
type: CDS
location: [2641358:2642351](-)
id: cds-WP_015312646.1
qualifiers:
    Key: Dbxref, Value: ['GenBank:WP_015312646.1', 'GeneID:88285201']
    Key: ID, Value: ['cds-WP_015312646.1']
    Key: Name, Value: ['WP_015312646.1']
    Key: Ontology_term, Value: ['GO:0043571', 'GO:0004520']
    Key: Parent, Value: ['gene-THETHE_RS12910']
    Key: gbkey, Value: ['CDS']
    Key: gene, Value: ['cas1b']
    Key: go_function, Value: ['DNA endonuclease activity|0004520||IEA']
    Key: go_process, Value: ['maintenance of CRISPR repeat elements|0043571||IEA']
    Key: inference, Value: ['COORDINATES: similar to AA sequence:RefSeq:WP_003867575.1']
    Key: locus_tag, Value: ['THETHE_RS12910']
    Key: phase, Value: ['0']
    Key: product, Value: ['type I-B CRISPR-associated endonuclease Cas1b']
    Key: protein_id, Value: ['WP_015312646.1']
    Key: source, Value: ['Protein Homology']
    Key: transl_table, Value: ['11']

GF(type I-B CRISPR-associated endonuclease Cas1b, 10061-11054 (-1))
type: CDS
location: [2642347:2642845](-)
id: cds-WP_015312647.1
qualifiers:
    Key: Dbxref, Value: ['GenBank:WP_015312647.1', 'GeneID:88285202']
    Key: ID, Value: ['cds-WP_015312647.1']
    Key: Name, Value: ['WP_015312647.1']
    Key: Ontology_term, Value: ['GO:0043571', 'GO:0004518']
    Key: Parent, Value: ['gene-THETHE_RS12915']
    Key: gbkey, Value: ['CDS']
    Key: gene, Value: ['cas4']
    Key: go_function, Value: ['nuclease activity|0004518||IEA']
    Key: go_process, Value: ['maintenance of CRISPR repeat elements|0043571||IEA']
    Key: inference, Value: ['COORDINATES: similar to AA sequence:RefSeq:WP_012996176.1']
    Key: locus_tag, Value: ['THETHE_RS12915']
    Key: phase, Value: ['0']
    Key: product, Value: ['CRISPR-associated protein Cas4']
    Key: protein_id, Value: ['WP_015312647.1']
    Key: source, Value: ['Protein Homology']
    Key: transl_table, Value: ['11']

GF(CRISPR-associated protein Cas4, 11050-11548 (-1))
type: CDS
location: [2642829:2643153](-)
id: cds-WP_015312648.1
qualifiers:
    Key: Dbxref, Value: ['GenBank:WP_015312648.1', 'GeneID:88285520']
    Key: ID, Value: ['cds-WP_015312648.1']
    Key: Name, Value: ['WP_015312648.1']
    Key: Parent, Value: ['gene-THETHE_RS14820']
    Key: gbkey, Value: ['CDS']
    Key: inference, Value: ['COORDINATES: ab initio prediction:GeneMarkS-2+']
    Key: locus_tag, Value: ['THETHE_RS14820']
    Key: phase, Value: ['0']
    Key: product, Value: ['hypothetical protein']
    Key: protein_id, Value: ['WP_015312648.1']
    Key: source, Value: ['GeneMarkS-2+']
    Key: transl_table, Value: ['11']

GF(None, 11532-11856 (-1))
type: CDS
location: [2643118:2643337](-)
id: cds-WP_015312649.1
qualifiers:
    Key: Dbxref, Value: ['GenBank:WP_015312649.1', 'GeneID:88285521']
    Key: ID, Value: ['cds-WP_015312649.1']
    Key: Name, Value: ['WP_015312649.1']
    Key: Parent, Value: ['gene-THETHE_RS14825']
    Key: gbkey, Value: ['CDS']
    Key: inference, Value: ['COORDINATES: protein motif:HMM:NF040422.1']
    Key: locus_tag, Value: ['THETHE_RS14825']
    Key: phase, Value: ['0']
    Key: product, Value: ['DUF6438 domain-containing protein']
    Key: protein_id, Value: ['WP_015312649.1']
    Key: source, Value: ['Protein Homology']
    Key: transl_table, Value: ['11']

GF(DUF6438 domain-containing protein, 11821-12040 (-1))
type: CDS
location: [2669159:2671526](-)
id: cds-WP_155983721.1
qualifiers:
    Key: Dbxref, Value: ['GenBank:WP_155983721.1', 'GeneID:88285203']
    Key: ID, Value: ['cds-WP_155983721.1']
    Key: Name, Value: ['WP_155983721.1']
    Key: Ontology_term, Value: ['GO:0043571', 'GO:0004386']
    Key: Parent, Value: ['gene-THETHE_RS12925']
    Key: gbkey, Value: ['CDS']
    Key: gene, Value: ['cas3']
    Key: go_function, Value: ['helicase activity|0004386||IEA']
    Key: go_process, Value: ['maintenance of CRISPR repeat elements|0043571||IEA']
    Key: inference, Value: ['COORDINATES: similar to AA sequence:RefSeq:WP_013299027.1']
    Key: locus_tag, Value: ['THETHE_RS12925']
    Key: phase, Value: ['0']
    Key: product, Value: ["CRISPR-associated helicase Cas3'"]
    Key: protein_id, Value: ['WP_155983721.1']
    Key: source, Value: ['Protein Homology']
    Key: transl_table, Value: ['11']

GF(CRISPR-associated helicase Cas3', 37862-40229 (-1))
type: CDS
location: [2671500:2672214](-)
id: cds-WP_015312651.1
qualifiers:
    Key: Dbxref, Value: ['GenBank:WP_015312651.1', 'GeneID:88285204']
    Key: ID, Value: ['cds-WP_015312651.1']
    Key: Name, Value: ['WP_015312651.1']
    Key: Ontology_term, Value: ['GO:0043571', 'GO:0003674']
    Key: Parent, Value: ['gene-THETHE_RS12930']
    Key: gbkey, Value: ['CDS']
    Key: gene, Value: ['cas5b']
    Key: go_function, Value: ['molecular_function|0003674||IEA']
    Key: go_process, Value: ['maintenance of CRISPR repeat elements|0043571||IEA']
    Key: inference, Value: ['COORDINATES: similar to AA sequence:RefSeq:WP_013299028.1']
    Key: locus_tag, Value: ['THETHE_RS12930']
    Key: phase, Value: ['0']
    Key: product, Value: ['type I-B CRISPR-associated protein Cas5b']
    Key: protein_id, Value: ['WP_015312651.1']
    Key: source, Value: ['Protein Homology']
    Key: transl_table, Value: ['11']

GF(type I-B CRISPR-associated protein Cas5b, 40203-40917 (-1))
type: CDS
location: [2672289:2673201](-)
id: cds-WP_015312652.1
qualifiers:
    Key: Dbxref, Value: ['GenBank:WP_015312652.1', 'GeneID:88285205']
    Key: ID, Value: ['cds-WP_015312652.1']
    Key: Name, Value: ['WP_015312652.1']
    Key: Ontology_term, Value: ['GO:0043571', 'GO:0003674']
    Key: Parent, Value: ['gene-THETHE_RS12935']
    Key: gbkey, Value: ['CDS']
    Key: gene, Value: ['cas7b']
    Key: go_function, Value: ['molecular_function|0003674||IEA']
    Key: go_process, Value: ['maintenance of CRISPR repeat elements|0043571||IEA']
    Key: inference, Value: ['COORDINATES: similar to AA sequence:RefSeq:WP_019908143.1']
    Key: locus_tag, Value: ['THETHE_RS12935']
    Key: phase, Value: ['0']
    Key: product, Value: ['type I-B CRISPR-associated protein Cas7/Csh2']
    Key: protein_id, Value: ['WP_015312652.1']
    Key: source, Value: ['Protein Homology']
    Key: transl_table, Value: ['11']

GF(type I-B CRISPR-associated protein Cas7/Csh2, 40992-41904 (-1))
type: CDS
location: [2673197:2674958](-)
id: cds-WP_015312653.1
qualifiers:
    Key: Dbxref, Value: ['GenBank:WP_015312653.1', 'GeneID:88285206']
    Key: ID, Value: ['cds-WP_015312653.1']
    Key: Name, Value: ['WP_015312653.1']
    Key: Ontology_term, Value: ['GO:0043571', 'GO:0003674']
    Key: Parent, Value: ['gene-THETHE_RS12940']
    Key: gbkey, Value: ['CDS']
    Key: go_function, Value: ['molecular_function|0003674||IEA']
    Key: go_process, Value: ['maintenance of CRISPR repeat elements|0043571||IEA']
    Key: inference, Value: ['COORDINATES: similar to AA sequence:RefSeq:WP_019908144.1']
    Key: locus_tag, Value: ['THETHE_RS12940']
    Key: phase, Value: ['0']
    Key: product, Value: ['TIGR02556 family CRISPR-associated protein']
    Key: protein_id, Value: ['WP_015312653.1']
    Key: source, Value: ['Protein Homology']
    Key: transl_table, Value: ['11']

GF(TIGR02556 family CRISPR-associated protein, 41900-43661 (-1))
type: CDS
location: [2674973:2675714](-)
id: cds-WP_015312654.1
qualifiers:
    Key: Dbxref, Value: ['GenBank:WP_015312654.1', 'GeneID:88285207']
    Key: ID, Value: ['cds-WP_015312654.1']
    Key: Name, Value: ['WP_015312654.1']
    Key: Ontology_term, Value: ['GO:0043571', 'GO:0004521']
    Key: Parent, Value: ['gene-THETHE_RS12945']
    Key: gbkey, Value: ['CDS']
    Key: gene, Value: ['cas6']
    Key: go_function, Value: ['RNA endonuclease activity|0004521||IEA']
    Key: go_process, Value: ['maintenance of CRISPR repeat elements|0043571||IEA']
    Key: inference, Value: ['COORDINATES: similar to AA sequence:RefSeq:WP_015312654.1']
    Key: locus_tag, Value: ['THETHE_RS12945']
    Key: phase, Value: ['0']
    Key: product, Value: ['CRISPR-associated endoribonuclease Cas6']
    Key: protein_id, Value: ['WP_015312654.1']
    Key: source, Value: ['Protein Homology']
    Key: transl_table, Value: ['11']

GF(CRISPR-associated endoribonuclease Cas6, 43676-44417 (-1))
type: CDS
location: [2675933:2676299](-)
id: cds-WP_013299032.1
qualifiers:
    Key: Dbxref, Value: ['GenBank:WP_013299032.1', 'GeneID:88285208']
    Key: ID, Value: ['cds-WP_013299032.1']
    Key: Name, Value: ['WP_013299032.1']
    Key: Parent, Value: ['gene-THETHE_RS12950']
    Key: gbkey, Value: ['CDS']
    Key: inference, Value: ['COORDINATES: similar to AA sequence:RefSeq:WP_013299032.1']
    Key: locus_tag, Value: ['THETHE_RS12950']
    Key: phase, Value: ['0']
    Key: product, Value: ['hypothetical protein']
    Key: protein_id, Value: ['WP_013299032.1']
    Key: source, Value: ['Protein Homology']
    Key: transl_table, Value: ['11']

GF(None, 44636-45002 (-1))
type: CDS
location: [2676312:2677167](-)
id: cds-WP_013299033.1
qualifiers:
    Key: Dbxref, Value: ['GenBank:WP_013299033.1', 'GeneID:88285209']
    Key: ID, Value: ['cds-WP_013299033.1']
    Key: Name, Value: ['WP_013299033.1']
    Key: Parent, Value: ['gene-THETHE_RS12955']
    Key: gbkey, Value: ['CDS']
    Key: inference, Value: ['COORDINATES: similar to AA sequence:RefSeq:WP_013299033.1']
    Key: locus_tag, Value: ['THETHE_RS12955']
    Key: phase, Value: ['0']
    Key: product, Value: ['RAMP superfamily CRISPR-associated protein']
    Key: protein_id, Value: ['WP_013299033.1']
    Key: source, Value: ['Protein Homology']
    Key: transl_table, Value: ['11']

GF(RAMP superfamily CRISPR-associated protein, 45015-45870 (-1))
type: CDS
location: [2677153:2677933](-)
id: cds-WP_015312655.1
qualifiers:
    Key: Dbxref, Value: ['GenBank:WP_015312655.1', 'GeneID:88285210']
    Key: ID, Value: ['cds-WP_015312655.1']
    Key: Name, Value: ['WP_015312655.1']
    Key: Parent, Value: ['gene-THETHE_RS12960']
    Key: gbkey, Value: ['CDS']
    Key: inference, Value: ['COORDINATES: similar to AA sequence:RefSeq:WP_013789012.1']
    Key: locus_tag, Value: ['THETHE_RS12960']
    Key: phase, Value: ['0']
    Key: product, Value: ['RAMP superfamily CRISPR-associated protein']
    Key: protein_id, Value: ['WP_015312655.1']
    Key: source, Value: ['Protein Homology']
    Key: transl_table, Value: ['11']

GF(RAMP superfamily CRISPR-associated protein, 45856-46636 (-1))
type: CDS
location: [2677925:2678675](-)
id: cds-WP_013299035.1
qualifiers:
    Key: Dbxref, Value: ['GenBank:WP_013299035.1', 'GeneID:88285211']
    Key: ID, Value: ['cds-WP_013299035.1']
    Key: Name, Value: ['WP_013299035.1']
    Key: Ontology_term, Value: ['GO:0043571', 'GO:0003674']
    Key: Parent, Value: ['gene-THETHE_RS12965']
    Key: gbkey, Value: ['CDS']
    Key: gene, Value: ['csx7']
    Key: go_function, Value: ['molecular_function|0003674||IEA']
    Key: go_process, Value: ['maintenance of CRISPR repeat elements|0043571||IEA']
    Key: inference, Value: ['COORDINATES: similar to AA sequence:RefSeq:WP_013299035.1']
    Key: locus_tag, Value: ['THETHE_RS12965']
    Key: phase, Value: ['0']
    Key: product, Value: ['CRISPR-associated RAMP protein Csx7']
    Key: protein_id, Value: ['WP_013299035.1']
    Key: source, Value: ['Protein Homology']
    Key: transl_table, Value: ['11']

GF(CRISPR-associated RAMP protein Csx7, 46628-47378 (-1))
type: CDS
location: [2678702:2679152](-)
id: cds-WP_013299036.1
qualifiers:
    Key: Dbxref, Value: ['GenBank:WP_013299036.1', 'GeneID:88285212']
    Key: ID, Value: ['cds-WP_013299036.1']
    Key: Name, Value: ['WP_013299036.1']
    Key: Parent, Value: ['gene-THETHE_RS12970']
    Key: gbkey, Value: ['CDS']
    Key: inference, Value: ['COORDINATES: similar to AA sequence:RefSeq:WP_013299036.1']
    Key: locus_tag, Value: ['THETHE_RS12970']
    Key: phase, Value: ['0']
    Key: product, Value: ['hypothetical protein']
    Key: protein_id, Value: ['WP_013299036.1']
    Key: source, Value: ['Protein Homology']
    Key: transl_table, Value: ['11']

GF(None, 47405-47855 (-1))
type: CDS
location: [2679155:2680277](-)
id: cds-WP_015312656.1
qualifiers:
    Key: Dbxref, Value: ['GenBank:WP_015312656.1', 'GeneID:88285213']
    Key: ID, Value: ['cds-WP_015312656.1']
    Key: Name, Value: ['WP_015312656.1']
    Key: Parent, Value: ['gene-THETHE_RS12975']
    Key: gbkey, Value: ['CDS']
    Key: inference, Value: ['COORDINATES: similar to AA sequence:RefSeq:WP_013299037.1']
    Key: locus_tag, Value: ['THETHE_RS12975']
    Key: phase, Value: ['0']
    Key: product, Value: ['RAMP superfamily CRISPR-associated protein']
    Key: protein_id, Value: ['WP_015312656.1']
    Key: source, Value: ['Protein Homology']
    Key: transl_table, Value: ['11']

GF(RAMP superfamily CRISPR-associated protein, 47858-48980 (-1))
type: CDS
location: [2680273:2680825](-)
id: cds-WP_015312657.1
qualifiers:
    Key: Dbxref, Value: ['GenBank:WP_015312657.1', 'GeneID:88285214']
    Key: ID, Value: ['cds-WP_015312657.1']
    Key: Name, Value: ['WP_015312657.1']
    Key: Parent, Value: ['gene-THETHE_RS12980']
    Key: gbkey, Value: ['CDS']
    Key: inference, Value: ['COORDINATES: similar to AA sequence:RefSeq:WP_013299038.1']
    Key: locus_tag, Value: ['THETHE_RS12980']
    Key: phase, Value: ['0']
    Key: product, Value: ['RAMP superfamily CRISPR-associated protein']
    Key: protein_id, Value: ['WP_015312657.1']
    Key: source, Value: ['Protein Homology']
    Key: transl_table, Value: ['11']

GF(RAMP superfamily CRISPR-associated protein, 48976-49528 (-1))
type: CDS
location: [2680840:2682817](-)
id: cds-WP_015312658.1
qualifiers:
    Key: Dbxref, Value: ['GenBank:WP_015312658.1', 'GeneID:88285215']
    Key: ID, Value: ['cds-WP_015312658.1']
    Key: Name, Value: ['WP_015312658.1']
    Key: Parent, Value: ['gene-THETHE_RS12985']
    Key: gbkey, Value: ['CDS']
    Key: inference, Value: ['COORDINATES: similar to AA sequence:RefSeq:WP_015312658.1']
    Key: locus_tag, Value: ['THETHE_RS12985']
    Key: phase, Value: ['0']
    Key: product, Value: ['hypothetical protein']
    Key: protein_id, Value: ['WP_015312658.1']
    Key: source, Value: ['Protein Homology']
    Key: transl_table, Value: ['11']

GF(None, 49543-51520 (-1))
type: CDS
location: [2682826:2683486](-)
id: cds-WP_269212334.1
qualifiers:
    Key: Dbxref, Value: ['GenBank:WP_269212334.1', 'GeneID:88285581']
    Key: ID, Value: ['cds-WP_269212334.1']
    Key: Name, Value: ['WP_269212334.1']
    Key: Parent, Value: ['gene-THETHE_RS15155']
    Key: gbkey, Value: ['CDS']
    Key: inference, Value: ['COORDINATES: protein motif:HMM:NF021006.2']
    Key: locus_tag, Value: ['THETHE_RS15155']
    Key: phase, Value: ['0']
    Key: product, Value: ['TM1812 family CRISPR-associated protein']
    Key: protein_id, Value: ['WP_269212334.1']
    Key: source, Value: ['Protein Homology']
    Key: transl_table, Value: ['11']

GF(TM1812 family CRISPR-associated protein, 51529-52189 (-1))
type: CDS
location: [2683518:2684121](-)
id: cds-WP_269212278.1
qualifiers:
    Key: Dbxref, Value: ['GenBank:WP_269212278.1', 'GeneID:88285582']
    Key: ID, Value: ['cds-WP_269212278.1']
    Key: Name, Value: ['WP_269212278.1']
    Key: Ontology_term, Value: ['GO:0043571', 'GO:0003674']
    Key: Parent, Value: ['gene-THETHE_RS15160']
    Key: gbkey, Value: ['CDS']
    Key: gene, Value: ['csx2']
    Key: go_function, Value: ['molecular_function|0003674||IEA']
    Key: go_process, Value: ['maintenance of CRISPR repeat elements|0043571||IEA']
    Key: inference, Value: ['COORDINATES: protein motif:HMM:NF021006.2']
    Key: locus_tag, Value: ['THETHE_RS15160']
    Key: phase, Value: ['0']
    Key: product, Value: ['TIGR02221 family CRISPR-associated protein']
    Key: protein_id, Value: ['WP_269212278.1']
    Key: source, Value: ['Protein Homology']
    Key: transl_table, Value: ['11']

GF(TIGR02221 family CRISPR-associated protein, 52221-52824 (-1))
type: CDS
location: [2684120:2684516](-)
id: cds-WP_015312659.1
qualifiers:
    Key: Dbxref, Value: ['GenBank:WP_015312659.1', 'GeneID:88285216']
    Key: ID, Value: ['cds-WP_015312659.1']
    Key: Name, Value: ['WP_015312659.1']
    Key: Parent, Value: ['gene-THETHE_RS12995']
    Key: gbkey, Value: ['CDS']
    Key: gene, Value: ['csx20']
    Key: inference, Value: ['COORDINATES: similar to AA sequence:RefSeq:WP_015312659.1']
    Key: locus_tag, Value: ['THETHE_RS12995']
    Key: phase, Value: ['0']
    Key: product, Value: ['CRISPR-associated protein Csx20']
    Key: protein_id, Value: ['WP_015312659.1']
    Key: source, Value: ['Protein Homology']
    Key: transl_table, Value: ['11']

GF(CRISPR-associated protein Csx20, 52823-53219 (-1))
type: CDS
location: [2684700:2685114](-)
id: cds-WP_015312660.1
qualifiers:
    Key: Dbxref, Value: ['GenBank:WP_015312660.1', 'GeneID:88285217']
    Key: ID, Value: ['cds-WP_015312660.1']
    Key: Name, Value: ['WP_015312660.1']
    Key: Ontology_term, Value: ['GO:0016226', 'GO:0005198']
    Key: Parent, Value: ['gene-THETHE_RS13000']
    Key: gbkey, Value: ['CDS']
    Key: go_function, Value: ['structural molecule activity|0005198||IEA']
    Key: go_process, Value: ['iron-sulfur cluster assembly|0016226||IEA']
    Key: inference, Value: ['COORDINATES: similar to AA sequence:RefSeq:WP_013149789.1']
    Key: locus_tag, Value: ['THETHE_RS13000']
    Key: phase, Value: ['0']
    Key: product, Value: ['SUF system NifU family Fe-S cluster assembly protein']
    Key: protein_id, Value: ['WP_015312660.1']
    Key: source, Value: ['Protein Homology']
    Key: transl_table, Value: ['11']

GF(SUF system NifU family Fe-S cluster assembly protein, 53403-53817 (-1))
type: CDS
location: [2685110:2686337](-)
id: cds-WP_015312661.1
qualifiers:
    Key: Dbxref, Value: ['GenBank:WP_015312661.1', 'GeneID:88285218']
    Key: ID, Value: ['cds-WP_015312661.1']
    Key: Name, Value: ['WP_015312661.1']
    Key: Ontology_term, Value: ['GO:0006534', 'GO:0030170', 'GO:0031071']
    Key: Parent, Value: ['gene-THETHE_RS13005']
    Key: gbkey, Value: ['CDS']
    Key: go_function, Value: ['pyridoxal phosphate binding|0030170||IEA', 'cysteine desulfurase activity|0031071||IEA']
    Key: go_process, Value: ['cysteine metabolic process|0006534||IEA']
    Key: inference, Value: ['COORDINATES: similar to AA sequence:RefSeq:WP_015312661.1']
    Key: locus_tag, Value: ['THETHE_RS13005']
    Key: phase, Value: ['0']
    Key: product, Value: ['cysteine desulfurase']
    Key: protein_id, Value: ['WP_015312661.1']
    Key: source, Value: ['Protein Homology']
    Key: transl_table, Value: ['11']

GF(cysteine desulfurase, 53813-55040 (-1))
type: CDS
location: [2686336:2687503](-)
id: cds-WP_015312662.1
qualifiers:
    Key: Dbxref, Value: ['GenBank:WP_015312662.1', 'GeneID:88285219']
    Key: ID, Value: ['cds-WP_015312662.1']
    Key: Name, Value: ['WP_015312662.1']
    Key: Ontology_term, Value: ['GO:0016226', 'GO:0005198']
    Key: Parent, Value: ['gene-THETHE_RS13010']
    Key: gbkey, Value: ['CDS']
    Key: gene, Value: ['sufD']
    Key: go_function, Value: ['structural molecule activity|0005198||IEA']
    Key: go_process, Value: ['iron-sulfur cluster assembly|0016226||IEA']
    Key: inference, Value: ['COORDINATES: similar to AA sequence:RefSeq:WP_013299044.1']
    Key: locus_tag, Value: ['THETHE_RS13010']
    Key: phase, Value: ['0']
    Key: product, Value: ['Fe-S cluster assembly protein SufD']
    Key: protein_id, Value: ['WP_015312662.1']
    Key: source, Value: ['Protein Homology']
    Key: transl_table, Value: ['11']

GF(Fe-S cluster assembly protein SufD, 55039-56206 (-1))
type: repeat_region
location: [2643366:2661243](+)
id: NC_019970.1_2
qualifiers:
    Key: Dbxref, Value: ['SO:0001459']
    Key: ID, Value: ['NC_019970.1_2']
    Key: Note, Value: ['GTTTCAATTCCTCATAGGTAGGCTAAAAAC']
    Key: Ontology_term, Value: ['CRISPR']
    Key: score, Value: ['17877']
    Key: source, Value: ['CCTyper']

GF(Repeat region, 12069-29946 (0))
type: repeat_region
location: [2661343:2668991](+)
id: NC_019970.1_3
qualifiers:
    Key: Dbxref, Value: ['SO:0001459']
    Key: ID, Value: ['NC_019970.1_3']
    Key: Note, Value: ['GTTTCAATTCCTGATAGGTAGGCTAAAAAC']
    Key: Ontology_term, Value: ['CRISPR']
    Key: score, Value: ['7648']
    Key: source, Value: ['CCTyper']

GF(Repeat region, 30046-37694 (0))
graphic feature from cctyper protein table: GF(CasR, 4000-4443 (-1))
graphic feature from cctyper protein table: GF(CasR, 6349-6969 (1))
graphic feature from cctyper protein table: GF(Cas2, 9786-10049 (-1))
graphic feature from cctyper protein table: GF(Cas1, 10062-11054 (-1))
graphic feature from cctyper protein table: GF(Cas4, 11051-11548 (-1))
graphic feature from cctyper protein table: GF(Cas5, 40204-40917 (-1))
graphic feature from cctyper protein table: GF(Cas7, 40993-41904 (-1))
graphic feature from cctyper protein table: GF(Cas8b1, 41901-43661 (-1))
graphic feature from cctyper protein table: GF(Cas6, 43677-44417 (-1))
graphic feature from cctyper protein table: GF(Csm2gr11, 44637-45002 (-1))
graphic feature from cctyper protein table: GF(Csm3gr7, 45016-45870 (-1))
graphic feature from cctyper protein table: GF(Csm3gr7, 45857-46636 (-1))
graphic feature from cctyper protein table: GF(Csm3gr7, 46629-47378 (-1))
graphic feature from cctyper protein table: GF(Csm2gr11, 47406-47855 (-1))
graphic feature from cctyper protein table: GF(Csx10, 47859-48980 (-1))
graphic feature from cctyper protein table: GF(Csm3gr7, 48977-49528 (-1))
graphic feature from cctyper protein table: GF(Cas10, 49544-51520 (-1))
graphic feature from cctyper protein table: GF(Csx1, 52222-52824 (-1))
graphic feature from cctyper protein table: GF(Csx20, 52824-53219 (-1))
Index(['protein_id', 'start', 'end', 'effector', 'locus', 'sample', 'strand',
       'sequence', 'type'],
      dtype='object')
graphic feature from known effectors: GF(csx1, 51530-52189 (-1))
Index(['protein_id', 'start', 'end', 'effector', 'locus', 'sample', 'strand',
       'sequence', 'type'],
      dtype='object')
graphic feature from ring nucleases: GF(csx20, 52824-53219 (-1))
[GF(ABC transporter ATP-binding protein, 1741-3967 (-1)), GF(MarR family transcriptional regulator, 3999-4443 (-1)), GF(ClC family H(+)/Cl(-) exchange transporter, 4576-6142 (-1)), GF(TrkA C-terminal domain-containing protein, 6348-6969 (1)), GF(ABC transporter ATP-binding protein, 7089-8199 (1)), GF(ABC transporter permease, 8211-8850 (1)), GF(glycine betaine ABC transporter substrate-binding protein, 8864-9755 (1)), GF(CRISPR-associated endonuclease Cas2, 9785-10049 (-1)), GF(type I-B CRISPR-associated endonuclease Cas1b, 10061-11054 (-1)), GF(CRISPR-associated protein Cas4, 11050-11548 (-1)), GF(None, 11532-11856 (-1)), GF(DUF6438 domain-containing protein, 11821-12040 (-1)), GF(CRISPR-associated helicase Cas3', 37862-40229 (-1)), GF(type I-B CRISPR-associated protein Cas5b, 40203-40917 (-1)), GF(type I-B CRISPR-associated protein Cas7/Csh2, 40992-41904 (-1)), GF(TIGR02556 family CRISPR-associated protein, 41900-43661 (-1)), GF(CRISPR-associated endoribonuclease Cas6, 43676-44417 (-1)), GF(None, 44636-45002 (-1)), GF(RAMP superfamily CRISPR-associated protein, 45015-45870 (-1)), GF(RAMP superfamily CRISPR-associated protein, 45856-46636 (-1)), GF(CRISPR-associated RAMP protein Csx7, 46628-47378 (-1)), GF(None, 47405-47855 (-1)), GF(RAMP superfamily CRISPR-associated protein, 47858-48980 (-1)), GF(RAMP superfamily CRISPR-associated protein, 48976-49528 (-1)), GF(None, 49543-51520 (-1)), GF(TM1812 family CRISPR-associated protein, 51529-52189 (-1)), GF(TIGR02221 family CRISPR-associated protein, 52221-52824 (-1)), GF(CRISPR-associated protein Csx20, 52823-53219 (-1)), GF(SUF system NifU family Fe-S cluster assembly protein, 53403-53817 (-1)), GF(cysteine desulfurase, 53813-55040 (-1)), GF(Fe-S cluster assembly protein SufD, 55039-56206 (-1)), GF(Repeat region, 12069-29946 (0)), GF(Repeat region, 30046-37694 (0)), GF(CasR, 4000-4443 (-1)), GF(CasR, 6349-6969 (1)), GF(Cas2, 9786-10049 (-1)), GF(Cas1, 10062-11054 (-1)), GF(Cas4, 11051-11548 (-1)), GF(Cas5, 40204-40917 (-1)), GF(Cas7, 40993-41904 (-1)), GF(Cas8b1, 41901-43661 (-1)), GF(Cas6, 43677-44417 (-1)), GF(Csm2gr11, 44637-45002 (-1)), GF(Csm3gr7, 45016-45870 (-1)), GF(Csm3gr7, 45857-46636 (-1)), GF(Csm3gr7, 46629-47378 (-1)), GF(Csm2gr11, 47406-47855 (-1)), GF(Csx10, 47859-48980 (-1)), GF(Csm3gr7, 48977-49528 (-1)), GF(Cas10, 49544-51520 (-1)), GF(Csx1, 52222-52824 (-1)), GF(Csx20, 52824-53219 (-1)), GF(csx1, 51530-52189 (-1)), GF(csx20, 52824-53219 (-1)), GF(CRISPR-Cas locus, 4000-53219 (0))]
