Cas operons file:    Unnamed: 0       Contig  ...           locus_id           sample
0           2  NC_013526.1  ...  GCF_000025005.1_2  GCF_000025005.1

[1 rows x 19 columns]
The chosen contig: NC_013526.1
type: CDS
location: [64125:65397](-)
id: cds-WP_148211984.1
qualifiers:
    Key: Dbxref, Value: ['GenBank:WP_148211984.1']
    Key: ID, Value: ['cds-WP_148211984.1']
    Key: Name, Value: ['WP_148211984.1']
    Key: Parent, Value: ['gene-TTER_RS09865']
    Key: gbkey, Value: ['CDS']
    Key: inference, Value: ['COORDINATES: ab initio prediction:GeneMarkS-2+']
    Key: locus_tag, Value: ['TTER_RS09865']
    Key: phase, Value: ['0']
    Key: product, Value: ['cbb3-type cytochrome c oxidase subunit I']
    Key: protein_id, Value: ['WP_148211984.1']
    Key: source, Value: ['GeneMarkS-2+']
    Key: transl_table, Value: ['11']

GF(cbb3-type cytochrome c oxidase subunit I, 75-1347 (-1))
type: CDS
location: [65494:65956](+)
id: cds-WP_012875881.1
qualifiers:
    Key: Dbxref, Value: ['GenBank:WP_012875881.1']
    Key: ID, Value: ['cds-WP_012875881.1']
    Key: Name, Value: ['WP_012875881.1']
    Key: Parent, Value: ['gene-TTER_RS09870']
    Key: gbkey, Value: ['CDS']
    Key: inference, Value: ['COORDINATES: similar to AA sequence:RefSeq:WP_005441781.1']
    Key: locus_tag, Value: ['TTER_RS09870']
    Key: phase, Value: ['0']
    Key: product, Value: ['RidA family protein']
    Key: protein_id, Value: ['WP_012875881.1']
    Key: source, Value: ['Protein Homology']
    Key: transl_table, Value: ['11']

GF(RidA family protein, 1444-1906 (1))
type: CDS
location: [65966:66803](+)
id: cds-WP_012875882.1
qualifiers:
    Key: Dbxref, Value: ['GenBank:WP_012875882.1']
    Key: ID, Value: ['cds-WP_012875882.1']
    Key: Name, Value: ['WP_012875882.1']
    Key: Parent, Value: ['gene-TTER_RS09875']
    Key: gbkey, Value: ['CDS']
    Key: inference, Value: ['COORDINATES: protein motif:HMM:NF024242.2']
    Key: locus_tag, Value: ['TTER_RS09875']
    Key: phase, Value: ['0']
    Key: product, Value: ['AraC family transcriptional regulator']
    Key: protein_id, Value: ['WP_012875882.1']
    Key: source, Value: ['Protein Homology']
    Key: transl_table, Value: ['11']

GF(AraC family transcriptional regulator, 1916-2753 (1))
type: CDS
location: [66903:68022](+)
id: cds-WP_012875883.1
qualifiers:
    Key: Dbxref, Value: ['GenBank:WP_012875883.1']
    Key: ID, Value: ['cds-WP_012875883.1']
    Key: Name, Value: ['WP_012875883.1']
    Key: Parent, Value: ['gene-TTER_RS09880']
    Key: gbkey, Value: ['CDS']
    Key: inference, Value: ['COORDINATES: similar to AA sequence:RefSeq:WP_007904571.1']
    Key: locus_tag, Value: ['TTER_RS09880']
    Key: phase, Value: ['0']
    Key: product, Value: ['phytanoyl-CoA dioxygenase family protein']
    Key: protein_id, Value: ['WP_012875883.1']
    Key: source, Value: ['Protein Homology']
    Key: transl_table, Value: ['11']

GF(phytanoyl-CoA dioxygenase family protein, 2853-3972 (1))
type: CDS
location: [68049:69471](-)
id: cds-WP_012875884.1
qualifiers:
    Key: Dbxref, Value: ['GenBank:WP_012875884.1']
    Key: ID, Value: ['cds-WP_012875884.1']
    Key: Name, Value: ['WP_012875884.1']
    Key: Ontology_term, Value: ['GO:0043571', 'GO:0003674']
    Key: Parent, Value: ['gene-TTER_RS14880']
    Key: gbkey, Value: ['CDS']
    Key: gene, Value: ['cmr6']
    Key: go_function, Value: ['molecular_function|0003674||IEA']
    Key: go_process, Value: ['maintenance of CRISPR repeat elements|0043571||IEA']
    Key: inference, Value: ['COORDINATES: protein motif:HMM:TIGR01898.1']
    Key: locus_tag, Value: ['TTER_RS14880']
    Key: phase, Value: ['0']
    Key: product, Value: ['type III-B CRISPR module RAMP protein Cmr6']
    Key: protein_id, Value: ['WP_012875884.1']
    Key: source, Value: ['Protein Homology']
    Key: transl_table, Value: ['11']

GF(type III-B CRISPR module RAMP protein Cmr6, 3999-5421 (-1))
type: CDS
location: [69473:69872](-)
id: cds-WP_012875885.1
qualifiers:
    Key: Dbxref, Value: ['GenBank:WP_012875885.1']
    Key: ID, Value: ['cds-WP_012875885.1']
    Key: Name, Value: ['WP_012875885.1']
    Key: Ontology_term, Value: ['GO:0043571', 'GO:0003674']
    Key: Parent, Value: ['gene-TTER_RS09890']
    Key: gbkey, Value: ['CDS']
    Key: gene, Value: ['cmr5']
    Key: go_function, Value: ['molecular_function|0003674||IEA']
    Key: go_process, Value: ['maintenance of CRISPR repeat elements|0043571||IEA']
    Key: inference, Value: ['COORDINATES: protein motif:HMM:TIGR01881.1']
    Key: locus_tag, Value: ['TTER_RS09890']
    Key: phase, Value: ['0']
    Key: product, Value: ['type III-B CRISPR module-associated protein Cmr5']
    Key: protein_id, Value: ['WP_012875885.1']
    Key: source, Value: ['Protein Homology']
    Key: transl_table, Value: ['11']

GF(type III-B CRISPR module-associated protein Cmr5, 5423-5822 (-1))
type: CDS
location: [69868:70765](-)
id: cds-WP_012875886.1
qualifiers:
    Key: Dbxref, Value: ['GenBank:WP_012875886.1']
    Key: ID, Value: ['cds-WP_012875886.1']
    Key: Name, Value: ['WP_012875886.1']
    Key: Ontology_term, Value: ['GO:0043571', 'GO:0003674']
    Key: Parent, Value: ['gene-TTER_RS09895']
    Key: gbkey, Value: ['CDS']
    Key: gene, Value: ['cmr4']
    Key: go_function, Value: ['molecular_function|0003674||IEA']
    Key: go_process, Value: ['maintenance of CRISPR repeat elements|0043571||IEA']
    Key: inference, Value: ['COORDINATES: protein motif:HMM:TIGR02580.1']
    Key: locus_tag, Value: ['TTER_RS09895']
    Key: phase, Value: ['0']
    Key: product, Value: ['type III-B CRISPR module RAMP protein Cmr4']
    Key: protein_id, Value: ['WP_012875886.1']
    Key: source, Value: ['Protein Homology']
    Key: transl_table, Value: ['11']

GF(type III-B CRISPR module RAMP protein Cmr4, 5818-6715 (-1))
type: CDS
location: [70768:72031](-)
id: cds-WP_012875887.1
qualifiers:
    Key: Dbxref, Value: ['GenBank:WP_012875887.1']
    Key: ID, Value: ['cds-WP_012875887.1']
    Key: Name, Value: ['WP_012875887.1']
    Key: Ontology_term, Value: ['GO:0043571', 'GO:0003674', 'GO:0005575']
    Key: Parent, Value: ['gene-TTER_RS09900']
    Key: gbkey, Value: ['CDS']
    Key: gene, Value: ['cmr3']
    Key: go_component, Value: ['cellular_component|0005575||IEA']
    Key: go_function, Value: ['molecular_function|0003674||IEA']
    Key: go_process, Value: ['maintenance of CRISPR repeat elements|0043571||IEA']
    Key: inference, Value: ['COORDINATES: protein motif:HMM:TIGR01888.1']
    Key: locus_tag, Value: ['TTER_RS09900']
    Key: phase, Value: ['0']
    Key: product, Value: ['type III-B CRISPR module-associated protein Cmr3']
    Key: protein_id, Value: ['WP_012875887.1']
    Key: source, Value: ['Protein Homology']
    Key: transl_table, Value: ['11']

GF(type III-B CRISPR module-associated protein Cmr3, 6718-7981 (-1))
type: CDS
location: [72023:73898](-)
id: cds-WP_012875888.1
qualifiers:
    Key: Dbxref, Value: ['GenBank:WP_012875888.1']
    Key: ID, Value: ['cds-WP_012875888.1']
    Key: Name, Value: ['WP_012875888.1']
    Key: Ontology_term, Value: ['GO:0043571', 'GO:0003674']
    Key: Parent, Value: ['gene-TTER_RS09905']
    Key: gbkey, Value: ['CDS']
    Key: gene, Value: ['cas10']
    Key: go_function, Value: ['molecular_function|0003674||IEA']
    Key: go_process, Value: ['maintenance of CRISPR repeat elements|0043571||IEA']
    Key: inference, Value: ['COORDINATES: protein motif:HMM:TIGR02577.1']
    Key: locus_tag, Value: ['TTER_RS09905']
    Key: phase, Value: ['0']
    Key: product, Value: ['type III-B CRISPR-associated protein Cas10/Cmr2']
    Key: protein_id, Value: ['WP_012875888.1']
    Key: source, Value: ['Protein Homology']
    Key: transl_table, Value: ['11']

GF(type III-B CRISPR-associated protein Cas10/Cmr2, 7973-9848 (-1))
type: CDS
location: [73894:75055](-)
id: cds-WP_012875889.1
qualifiers:
    Key: Dbxref, Value: ['GenBank:WP_012875889.1']
    Key: ID, Value: ['cds-WP_012875889.1']
    Key: Name, Value: ['WP_012875889.1']
    Key: Ontology_term, Value: ['GO:0043571', 'GO:0003674']
    Key: Parent, Value: ['gene-TTER_RS09910']
    Key: gbkey, Value: ['CDS']
    Key: gene, Value: ['cmr1']
    Key: go_function, Value: ['molecular_function|0003674||IEA']
    Key: go_process, Value: ['maintenance of CRISPR repeat elements|0043571||IEA']
    Key: inference, Value: ['COORDINATES: protein motif:HMM:TIGR01894.1']
    Key: locus_tag, Value: ['TTER_RS09910']
    Key: phase, Value: ['0']
    Key: product, Value: ['type III-B CRISPR module RAMP protein Cmr1']
    Key: protein_id, Value: ['WP_012875889.1']
    Key: source, Value: ['Protein Homology']
    Key: transl_table, Value: ['11']

GF(type III-B CRISPR module RAMP protein Cmr1, 9844-11005 (-1))
type: CDS
location: [75066:76383](-)
id: cds-WP_012875890.1
qualifiers:
    Key: Dbxref, Value: ['GenBank:WP_012875890.1']
    Key: ID, Value: ['cds-WP_012875890.1']
    Key: Name, Value: ['WP_012875890.1']
    Key: Parent, Value: ['gene-TTER_RS09915']
    Key: gbkey, Value: ['CDS']
    Key: inference, Value: ['COORDINATES: protein motif:HMM:NF021006.2']
    Key: locus_tag, Value: ['TTER_RS09915']
    Key: phase, Value: ['0']
    Key: product, Value: ['TM1812 family CRISPR-associated protein']
    Key: protein_id, Value: ['WP_012875890.1']
    Key: source, Value: ['Protein Homology']
    Key: transl_table, Value: ['11']

GF(TM1812 family CRISPR-associated protein, 11016-12333 (-1))
type: CDS
location: [76399:77704](-)
id: cds-WP_012875891.1
qualifiers:
    Key: Dbxref, Value: ['GenBank:WP_012875891.1']
    Key: ID, Value: ['cds-WP_012875891.1']
    Key: Name, Value: ['WP_012875891.1']
    Key: Parent, Value: ['gene-TTER_RS09920']
    Key: gbkey, Value: ['CDS']
    Key: inference, Value: ['COORDINATES: protein motif:HMM:NF021006.2']
    Key: locus_tag, Value: ['TTER_RS09920']
    Key: phase, Value: ['0']
    Key: product, Value: ['TM1812 family CRISPR-associated protein']
    Key: protein_id, Value: ['WP_012875891.1']
    Key: source, Value: ['Protein Homology']
    Key: transl_table, Value: ['11']

GF(TM1812 family CRISPR-associated protein, 12349-13654 (-1))
type: CDS
location: [77825:78623](-)
id: cds-WP_012875892.1
qualifiers:
    Key: Dbxref, Value: ['GenBank:WP_012875892.1']
    Key: ID, Value: ['cds-WP_012875892.1']
    Key: Name, Value: ['WP_012875892.1']
    Key: Parent, Value: ['gene-TTER_RS14885']
    Key: gbkey, Value: ['CDS']
    Key: inference, Value: ['COORDINATES: protein motif:HMM:NF015000.2']
    Key: locus_tag, Value: ['TTER_RS14885']
    Key: phase, Value: ['0']
    Key: product, Value: ['glycerophosphodiester phosphodiesterase']
    Key: protein_id, Value: ['WP_012875892.1']
    Key: source, Value: ['Protein Homology']
    Key: transl_table, Value: ['11']

GF(glycerophosphodiester phosphodiesterase, 13775-14573 (-1))
type: CDS
location: [78745:80350](-)
id: cds-WP_012875893.1
qualifiers:
    Key: Dbxref, Value: ['GenBank:WP_012875893.1']
    Key: ID, Value: ['cds-WP_012875893.1']
    Key: Name, Value: ['WP_012875893.1']
    Key: Parent, Value: ['gene-TTER_RS09925']
    Key: gbkey, Value: ['CDS']
    Key: inference, Value: ['COORDINATES: similar to AA sequence:RefSeq:WP_015793021.1']
    Key: locus_tag, Value: ['TTER_RS09925']
    Key: phase, Value: ['0']
    Key: product, Value: ['family 10 glycosylhydrolase']
    Key: protein_id, Value: ['WP_012875893.1']
    Key: source, Value: ['Protein Homology']
    Key: transl_table, Value: ['11']

GF(family 10 glycosylhydrolase, 14695-16300 (-1))
type: CDS
location: [80540:80960](+)
id: cds-WP_012875894.1
qualifiers:
    Key: Dbxref, Value: ['GenBank:WP_012875894.1']
    Key: ID, Value: ['cds-WP_012875894.1']
    Key: Name, Value: ['WP_012875894.1']
    Key: Parent, Value: ['gene-TTER_RS09930']
    Key: gbkey, Value: ['CDS']
    Key: inference, Value: ['COORDINATES: ab initio prediction:GeneMarkS-2+']
    Key: locus_tag, Value: ['TTER_RS09930']
    Key: phase, Value: ['0']
    Key: product, Value: ['hypothetical protein']
    Key: protein_id, Value: ['WP_012875894.1']
    Key: source, Value: ['GeneMarkS-2+']
    Key: transl_table, Value: ['11']

GF(None, 16490-16910 (1))
graphic feature from cctyper protein table: GF(Cmr6gr7, 4000-5421 (-1))
graphic feature from cctyper protein table: GF(Cmr5gr11, 5424-5822 (-1))
graphic feature from cctyper protein table: GF(Cmr4gr7, 5819-6715 (-1))
graphic feature from cctyper protein table: GF(Cmr3gr5, 6719-7981 (-1))
graphic feature from cctyper protein table: GF(Cas10, 7974-9848 (-1))
graphic feature from cctyper protein table: GF(Cmr1gr7, 9845-11005 (-1))
graphic feature from cctyper protein table: GF(Csx1, 11017-12333 (-1))
graphic feature from cctyper protein table: GF(Csx1, 12350-13654 (-1))
Index(['protein_id', 'start', 'end', 'effector', 'locus', 'sample', 'strand',
       'sequence', 'type'],
      dtype='object')
graphic feature from known effectors: GF(csx1, 11017-12333 (-1))
graphic feature from known effectors: GF(csx1, 12350-13654 (-1))
Index(['protein_id', 'start', 'end', 'effector', 'locus', 'sample', 'strand',
       'sequence'],
      dtype='object')
[GF(cbb3-type cytochrome c oxidase subunit I, 75-1347 (-1)), GF(RidA family protein, 1444-1906 (1)), GF(AraC family transcriptional regulator, 1916-2753 (1)), GF(phytanoyl-CoA dioxygenase family protein, 2853-3972 (1)), GF(type III-B CRISPR module RAMP protein Cmr6, 3999-5421 (-1)), GF(type III-B CRISPR module-associated protein Cmr5, 5423-5822 (-1)), GF(type III-B CRISPR module RAMP protein Cmr4, 5818-6715 (-1)), GF(type III-B CRISPR module-associated protein Cmr3, 6718-7981 (-1)), GF(type III-B CRISPR-associated protein Cas10/Cmr2, 7973-9848 (-1)), GF(type III-B CRISPR module RAMP protein Cmr1, 9844-11005 (-1)), GF(TM1812 family CRISPR-associated protein, 11016-12333 (-1)), GF(TM1812 family CRISPR-associated protein, 12349-13654 (-1)), GF(glycerophosphodiester phosphodiesterase, 13775-14573 (-1)), GF(family 10 glycosylhydrolase, 14695-16300 (-1)), GF(None, 16490-16910 (1)), GF(Cmr6gr7, 4000-5421 (-1)), GF(Cmr5gr11, 5424-5822 (-1)), GF(Cmr4gr7, 5819-6715 (-1)), GF(Cmr3gr5, 6719-7981 (-1)), GF(Cas10, 7974-9848 (-1)), GF(Cmr1gr7, 9845-11005 (-1)), GF(Csx1, 11017-12333 (-1)), GF(Csx1, 12350-13654 (-1)), GF(csx1, 11017-12333 (-1)), GF(csx1, 12350-13654 (-1)), GF(CRISPR-Cas locus, 4000-13654 (0))]
