Cas operons file:    Unnamed: 0         Contig  ...           locus_id           sample
0           0  NZ_CP101527.1  ...  GCF_026427595.1_0  GCF_026427595.1

[1 rows x 19 columns]
The chosen contig: NZ_CP101527.1
type: CDS
location: [1858894:1861567](-)
id: cds-WP_251812794.1
qualifiers:
    Key: Dbxref, Value: ['GenBank:WP_251812794.1']
    Key: ID, Value: ['cds-WP_251812794.1']
    Key: Name, Value: ['WP_251812794.1']
    Key: Ontology_term, Value: ['GO:0003677', 'GO:0005524', 'GO:0016787']
    Key: Parent, Value: ['gene-NNL22_RS08385']
    Key: gbkey, Value: ['CDS']
    Key: go_function, Value: ['DNA binding|0003677||IEA', 'ATP binding|0005524||IEA', 'hydrolase activity|0016787||IEA']
    Key: inference, Value: ['COORDINATES: similar to AA sequence:RefSeq:WP_012325855.1']
    Key: locus_tag, Value: ['NNL22_RS08385']
    Key: phase, Value: ['0']
    Key: product, Value: ['DEAD/DEAH box helicase family protein']
    Key: protein_id, Value: ['WP_251812794.1']
    Key: source, Value: ['Protein Homology']
    Key: transl_table, Value: ['11']

GF(DEAD/DEAH box helicase family protein, 549-3222 (-1))
type: CDS
location: [1861675:1862299](-)
id: cds-WP_251812793.1
qualifiers:
    Key: Dbxref, Value: ['GenBank:WP_251812793.1']
    Key: ID, Value: ['cds-WP_251812793.1']
    Key: Name, Value: ['WP_251812793.1']
    Key: Parent, Value: ['gene-NNL22_RS08390']
    Key: gbkey, Value: ['CDS']
    Key: inference, Value: ['COORDINATES: similar to AA sequence:RefSeq:WP_012326325.1']
    Key: locus_tag, Value: ['NNL22_RS08390']
    Key: phase, Value: ['0']
    Key: product, Value: ['GDSL-type esterase/lipase family protein']
    Key: protein_id, Value: ['WP_251812793.1']
    Key: source, Value: ['Protein Homology']
    Key: transl_table, Value: ['11']

GF(GDSL-type esterase/lipase family protein, 3330-3954 (-1))
type: CDS
location: [1862344:1863616](-)
id: cds-WP_251812792.1
qualifiers:
    Key: Dbxref, Value: ['GenBank:WP_251812792.1']
    Key: ID, Value: ['cds-WP_251812792.1']
    Key: Name, Value: ['WP_251812792.1']
    Key: Ontology_term, Value: ['GO:0043571', 'GO:0003674']
    Key: Parent, Value: ['gene-NNL22_RS08395']
    Key: gbkey, Value: ['CDS']
    Key: gene, Value: ['csm6']
    Key: go_function, Value: ['molecular_function|0003674||IEA']
    Key: go_process, Value: ['maintenance of CRISPR repeat elements|0043571||IEA']
    Key: inference, Value: ['COORDINATES: protein motif:HMM:TIGR02584.1']
    Key: locus_tag, Value: ['NNL22_RS08395']
    Key: phase, Value: ['0']
    Key: product, Value: ['CRISPR-associated ring nuclease Csm6']
    Key: protein_id, Value: ['WP_251812792.1']
    Key: source, Value: ['Protein Homology']
    Key: transl_table, Value: ['11']

GF(CRISPR-associated ring nuclease Csm6, 3999-5271 (-1))
type: CDS
location: [1863619:1864492](-)
id: cds-WP_251812791.1
qualifiers:
    Key: Dbxref, Value: ['GenBank:WP_251812791.1']
    Key: ID, Value: ['cds-WP_251812791.1']
    Key: Name, Value: ['WP_251812791.1']
    Key: Parent, Value: ['gene-NNL22_RS08400']
    Key: gbkey, Value: ['CDS']
    Key: gene, Value: ['cas6']
    Key: inference, Value: ['COORDINATES: protein motif:HMM:NF021551.4']
    Key: locus_tag, Value: ['NNL22_RS08400']
    Key: phase, Value: ['0']
    Key: product, Value: ['CRISPR system precrRNA processing endoribonuclease RAMP protein Cas6']
    Key: protein_id, Value: ['WP_251812791.1']
    Key: source, Value: ['Protein Homology']
    Key: transl_table, Value: ['11']

GF(CRISPR system precrRNA processing endoribonuclease RAMP protein Cas6, 5274-6147 (-1))
type: CDS
location: [1864488:1866633](-)
id: cds-WP_251812790.1
qualifiers:
    Key: Dbxref, Value: ['GenBank:WP_251812790.1']
    Key: ID, Value: ['cds-WP_251812790.1']
    Key: Name, Value: ['WP_251812790.1']
    Key: Parent, Value: ['gene-NNL22_RS08405']
    Key: gbkey, Value: ['CDS']
    Key: inference, Value: ['COORDINATES: protein motif:HMM:TIGR03986.1']
    Key: locus_tag, Value: ['NNL22_RS08405']
    Key: phase, Value: ['0']
    Key: product, Value: ['TIGR03986 family CRISPR-associated RAMP protein']
    Key: protein_id, Value: ['WP_251812790.1']
    Key: source, Value: ['Protein Homology']
    Key: transl_table, Value: ['11']

GF(TIGR03986 family CRISPR-associated RAMP protein, 6143-8288 (-1))
type: CDS
location: [1866632:1867118](-)
id: cds-WP_251812789.1
qualifiers:
    Key: Dbxref, Value: ['GenBank:WP_251812789.1']
    Key: ID, Value: ['cds-WP_251812789.1']
    Key: Name, Value: ['WP_251812789.1']
    Key: Parent, Value: ['gene-NNL22_RS08410']
    Key: gbkey, Value: ['CDS']
    Key: inference, Value: ['COORDINATES: ab initio prediction:GeneMarkS-2+']
    Key: locus_tag, Value: ['NNL22_RS08410']
    Key: phase, Value: ['0']
    Key: product, Value: ['hypothetical protein']
    Key: protein_id, Value: ['WP_251812789.1']
    Key: source, Value: ['GeneMarkS-2+']
    Key: transl_table, Value: ['11']

GF(None, 8287-8773 (-1))
type: CDS
location: [1867117:1868566](-)
id: cds-WP_251812788.1
qualifiers:
    Key: Dbxref, Value: ['GenBank:WP_251812788.1']
    Key: ID, Value: ['cds-WP_251812788.1']
    Key: Name, Value: ['WP_251812788.1']
    Key: Parent, Value: ['gene-NNL22_RS08415']
    Key: gbkey, Value: ['CDS']
    Key: inference, Value: ['COORDINATES: protein motif:HMM:NF015728.4']
    Key: locus_tag, Value: ['NNL22_RS08415']
    Key: phase, Value: ['0']
    Key: product, Value: ['RAMP superfamily CRISPR-associated protein']
    Key: protein_id, Value: ['WP_251812788.1']
    Key: source, Value: ['Protein Homology']
    Key: transl_table, Value: ['11']

GF(RAMP superfamily CRISPR-associated protein, 8772-10221 (-1))
type: CDS
location: [1868562:1870119](-)
id: cds-WP_251812787.1
qualifiers:
    Key: Dbxref, Value: ['GenBank:WP_251812787.1']
    Key: ID, Value: ['cds-WP_251812787.1']
    Key: Name, Value: ['WP_251812787.1']
    Key: Parent, Value: ['gene-NNL22_RS08420']
    Key: gbkey, Value: ['CDS']
    Key: inference, Value: ['COORDINATES: ab initio prediction:GeneMarkS-2+']
    Key: locus_tag, Value: ['NNL22_RS08420']
    Key: phase, Value: ['0']
    Key: product, Value: ['hypothetical protein']
    Key: protein_id, Value: ['WP_251812787.1']
    Key: source, Value: ['GeneMarkS-2+']
    Key: transl_table, Value: ['11']

GF(None, 10217-11774 (-1))
type: CDS
location: [1870120:1870720](-)
id: cds-WP_251812786.1
qualifiers:
    Key: Dbxref, Value: ['GenBank:WP_251812786.1']
    Key: ID, Value: ['cds-WP_251812786.1']
    Key: Name, Value: ['WP_251812786.1']
    Key: Parent, Value: ['gene-NNL22_RS08425']
    Key: gbkey, Value: ['CDS']
    Key: inference, Value: ['COORDINATES: protein motif:HMM:NF015728.4']
    Key: locus_tag, Value: ['NNL22_RS08425']
    Key: phase, Value: ['0']
    Key: product, Value: ['RAMP superfamily CRISPR-associated protein']
    Key: protein_id, Value: ['WP_251812786.1']
    Key: source, Value: ['Protein Homology']
    Key: transl_table, Value: ['11']

GF(RAMP superfamily CRISPR-associated protein, 11775-12375 (-1))
type: CDS
location: [1870719:1872420](-)
id: cds-WP_251812785.1
qualifiers:
    Key: Dbxref, Value: ['GenBank:WP_251812785.1']
    Key: ID, Value: ['cds-WP_251812785.1']
    Key: Name, Value: ['WP_251812785.1']
    Key: Parent, Value: ['gene-NNL22_RS08430']
    Key: gbkey, Value: ['CDS']
    Key: inference, Value: ['COORDINATES: ab initio prediction:GeneMarkS-2+']
    Key: locus_tag, Value: ['NNL22_RS08430']
    Key: phase, Value: ['0']
    Key: product, Value: ['hypothetical protein']
    Key: protein_id, Value: ['WP_251812785.1']
    Key: source, Value: ['GeneMarkS-2+']
    Key: transl_table, Value: ['11']

GF(None, 12374-14075 (-1))
type: CDS
location: [1872771:1873968](-)
id: cds-WP_251812784.1
qualifiers:
    Key: Dbxref, Value: ['GenBank:WP_251812784.1']
    Key: ID, Value: ['cds-WP_251812784.1']
    Key: Name, Value: ['WP_251812784.1']
    Key: Parent, Value: ['gene-NNL22_RS08435']
    Key: gbkey, Value: ['CDS']
    Key: inference, Value: ['COORDINATES: ab initio prediction:GeneMarkS-2+']
    Key: locus_tag, Value: ['NNL22_RS08435']
    Key: phase, Value: ['0']
    Key: product, Value: ['hypothetical protein']
    Key: protein_id, Value: ['WP_251812784.1']
    Key: source, Value: ['GeneMarkS-2+']
    Key: transl_table, Value: ['11']

GF(None, 14426-15623 (-1))
type: CDS
location: [1874017:1876891](-)
id: cds-WP_251812783.1
qualifiers:
    Key: Dbxref, Value: ['GenBank:WP_251812783.1']
    Key: ID, Value: ['cds-WP_251812783.1']
    Key: Name, Value: ['WP_251812783.1']
    Key: Parent, Value: ['gene-NNL22_RS08440']
    Key: gbkey, Value: ['CDS']
    Key: inference, Value: ['COORDINATES: ab initio prediction:GeneMarkS-2+']
    Key: locus_tag, Value: ['NNL22_RS08440']
    Key: phase, Value: ['0']
    Key: product, Value: ['hypothetical protein']
    Key: protein_id, Value: ['WP_251812783.1']
    Key: source, Value: ['GeneMarkS-2+']
    Key: transl_table, Value: ['11']

GF(None, 15672-18546 (-1))
type: CDS
location: [1876969:1878124](-)
id: cds-WP_251812782.1
qualifiers:
    Key: Dbxref, Value: ['GenBank:WP_251812782.1']
    Key: ID, Value: ['cds-WP_251812782.1']
    Key: Name, Value: ['WP_251812782.1']
    Key: Ontology_term, Value: ['GO:0043571', 'GO:0003674']
    Key: Parent, Value: ['gene-NNL22_RS08445']
    Key: gbkey, Value: ['CDS']
    Key: gene, Value: ['csx2']
    Key: go_function, Value: ['molecular_function|0003674||IEA']
    Key: go_process, Value: ['maintenance of CRISPR repeat elements|0043571||IEA']
    Key: inference, Value: ['COORDINATES: protein motif:HMM:NF021006.4']
    Key: locus_tag, Value: ['NNL22_RS08445']
    Key: phase, Value: ['0']
    Key: product, Value: ['TIGR02221 family CRISPR-associated protein']
    Key: protein_id, Value: ['WP_251812782.1']
    Key: source, Value: ['Protein Homology']
    Key: transl_table, Value: ['11']

GF(TIGR02221 family CRISPR-associated protein, 18624-19779 (-1))
type: CDS
location: [1878247:1878604](-)
id: cds-WP_251812781.1
qualifiers:
    Key: Dbxref, Value: ['GenBank:WP_251812781.1']
    Key: ID, Value: ['cds-WP_251812781.1']
    Key: Name, Value: ['WP_251812781.1']
    Key: Parent, Value: ['gene-NNL22_RS08450']
    Key: gbkey, Value: ['CDS']
    Key: inference, Value: ['COORDINATES: ab initio prediction:GeneMarkS-2+']
    Key: locus_tag, Value: ['NNL22_RS08450']
    Key: phase, Value: ['0']
    Key: product, Value: ['hypothetical protein']
    Key: protein_id, Value: ['WP_251812781.1']
    Key: source, Value: ['GeneMarkS-2+']
    Key: transl_table, Value: ['11']

GF(None, 19902-20259 (-1))
type: CDS
location: [1878674:1880078](-)
id: cds-WP_251812780.1
qualifiers:
    Key: Dbxref, Value: ['GenBank:WP_251812780.1']
    Key: ID, Value: ['cds-WP_251812780.1']
    Key: Name, Value: ['WP_251812780.1']
    Key: Parent, Value: ['gene-NNL22_RS08455']
    Key: gbkey, Value: ['CDS']
    Key: inference, Value: ['COORDINATES: ab initio prediction:GeneMarkS-2+']
    Key: locus_tag, Value: ['NNL22_RS08455']
    Key: phase, Value: ['0']
    Key: product, Value: ['hypothetical protein']
    Key: protein_id, Value: ['WP_251812780.1']
    Key: source, Value: ['GeneMarkS-2+']
    Key: transl_table, Value: ['11']

GF(None, 20329-21733 (-1))
type: CDS
location: [1880287:1880602](+)
id: cds-WP_251812779.1
qualifiers:
    Key: Dbxref, Value: ['GenBank:WP_251812779.1']
    Key: ID, Value: ['cds-WP_251812779.1']
    Key: Name, Value: ['WP_251812779.1']
    Key: Ontology_term, Value: ['GO:0043571', 'GO:0003674']
    Key: Parent, Value: ['gene-NNL22_RS08460']
    Key: gbkey, Value: ['CDS']
    Key: gene, Value: ['csx16']
    Key: go_function, Value: ['molecular_function|0003674||IEA']
    Key: go_process, Value: ['maintenance of CRISPR repeat elements|0043571||IEA']
    Key: inference, Value: ['COORDINATES: protein motif:HMM:TIGR02620.1']
    Key: locus_tag, Value: ['NNL22_RS08460']
    Key: phase, Value: ['0']
    Key: product, Value: ['CRISPR-associated protein Csx16']
    Key: protein_id, Value: ['WP_251812779.1']
    Key: source, Value: ['Protein Homology']
    Key: transl_table, Value: ['11']

GF(CRISPR-associated protein Csx16, 21942-22257 (1))
type: CDS
location: [1880827:1881469](-)
id: cds-WP_251812778.1
qualifiers:
    Key: Dbxref, Value: ['GenBank:WP_251812778.1']
    Key: ID, Value: ['cds-WP_251812778.1']
    Key: Name, Value: ['WP_251812778.1']
    Key: Parent, Value: ['gene-NNL22_RS08465']
    Key: gbkey, Value: ['CDS']
    Key: inference, Value: ['COORDINATES: ab initio prediction:GeneMarkS-2+']
    Key: locus_tag, Value: ['NNL22_RS08465']
    Key: phase, Value: ['0']
    Key: product, Value: ['hypothetical protein']
    Key: protein_id, Value: ['WP_251812778.1']
    Key: source, Value: ['GeneMarkS-2+']
    Key: transl_table, Value: ['11']

GF(None, 22482-23124 (-1))
type: CDS
location: [1881521:1882634](-)
id: cds-WP_251812777.1
qualifiers:
    Key: Dbxref, Value: ['GenBank:WP_251812777.1']
    Key: ID, Value: ['cds-WP_251812777.1']
    Key: Name, Value: ['WP_251812777.1']
    Key: Parent, Value: ['gene-NNL22_RS08470']
    Key: gbkey, Value: ['CDS']
    Key: inference, Value: ['COORDINATES: ab initio prediction:GeneMarkS-2+']
    Key: locus_tag, Value: ['NNL22_RS08470']
    Key: phase, Value: ['0']
    Key: product, Value: ['hypothetical protein']
    Key: protein_id, Value: ['WP_251812777.1']
    Key: source, Value: ['GeneMarkS-2+']
    Key: transl_table, Value: ['11']

GF(None, 23176-24289 (-1))
graphic feature from known effectors: GF(csx1, 18625-19779 (-1))
[GF(DEAD/DEAH box helicase family protein, 549-3222 (-1)), GF(GDSL-type esterase/lipase family protein, 3330-3954 (-1)), GF(CRISPR-associated ring nuclease Csm6, 3999-5271 (-1)), GF(CRISPR system precrRNA processing endoribonuclease RAMP protein Cas6, 5274-6147 (-1)), GF(TIGR03986 family CRISPR-associated RAMP protein, 6143-8288 (-1)), GF(None, 8287-8773 (-1)), GF(RAMP superfamily CRISPR-associated protein, 8772-10221 (-1)), GF(None, 10217-11774 (-1)), GF(RAMP superfamily CRISPR-associated protein, 11775-12375 (-1)), GF(None, 12374-14075 (-1)), GF(None, 14426-15623 (-1)), GF(None, 15672-18546 (-1)), GF(TIGR02221 family CRISPR-associated protein, 18624-19779 (-1)), GF(None, 19902-20259 (-1)), GF(None, 20329-21733 (-1)), GF(CRISPR-associated protein Csx16, 21942-22257 (1)), GF(None, 22482-23124 (-1)), GF(None, 23176-24289 (-1)), GF(csx1, 18625-19779 (-1)), GF(CRISPR-Cas locus, 4000-22257 (0))]
