Cas operons file:    Unnamed: 0         Contig  ...           locus_id           sample
0           1  NZ_CP067420.1  ...  GCF_016653635.2_1  GCF_016653635.2

[1 rows x 19 columns]
The chosen contig: NZ_CP067420.1
type: CDS
location: [2900632:2901580](+)
id: cds-WP_201080836.1
qualifiers:
    Key: Dbxref, Value: ['GenBank:WP_201080836.1']
    Key: ID, Value: ['cds-WP_201080836.1']
    Key: Name, Value: ['WP_201080836.1']
    Key: Ontology_term, Value: ['GO:0055085']
    Key: Parent, Value: ['gene-IGS68_RS13685']
    Key: gbkey, Value: ['CDS']
    Key: go_process, Value: ['transmembrane transport|0055085||IEA']
    Key: inference, Value: ['COORDINATES: protein motif:HMM:NF012738.2']
    Key: locus_tag, Value: ['IGS68_RS13685']
    Key: phase, Value: ['0']
    Key: product, Value: ['ABC transporter permease']
    Key: protein_id, Value: ['WP_201080836.1']
    Key: source, Value: ['Protein Homology']
    Key: transl_table, Value: ['11']

GF(ABC transporter permease, 333-1281 (1))
type: CDS
location: [2901576:2903508](+)
id: cds-WP_201080838.1
qualifiers:
    Key: Dbxref, Value: ['GenBank:WP_201080838.1']
    Key: ID, Value: ['cds-WP_201080838.1']
    Key: Name, Value: ['WP_201080838.1']
    Key: Parent, Value: ['gene-IGS68_RS13690']
    Key: gbkey, Value: ['CDS']
    Key: inference, Value: ['COORDINATES: protein motif:HMM:NF012738.2']
    Key: locus_tag, Value: ['IGS68_RS13690']
    Key: phase, Value: ['0']
    Key: product, Value: ['dipeptide/oligopeptide/nickel ABC transporter permease/ATP-binding protein']
    Key: protein_id, Value: ['WP_201080838.1']
    Key: source, Value: ['Protein Homology']
    Key: transl_table, Value: ['11']

GF(dipeptide/oligopeptide/nickel ABC transporter permease/ATP-binding protein, 1277-3209 (1))
type: CDS
location: [2903504:2904272](+)
id: cds-WP_201080840.1
qualifiers:
    Key: Dbxref, Value: ['GenBank:WP_201080840.1']
    Key: ID, Value: ['cds-WP_201080840.1']
    Key: Name, Value: ['WP_201080840.1']
    Key: Ontology_term, Value: ['GO:0005524']
    Key: Parent, Value: ['gene-IGS68_RS13695']
    Key: gbkey, Value: ['CDS']
    Key: go_function, Value: ['ATP binding|0005524||IEA']
    Key: inference, Value: ['COORDINATES: protein motif:HMM:NF012235.2']
    Key: locus_tag, Value: ['IGS68_RS13695']
    Key: phase, Value: ['0']
    Key: product, Value: ['ATP-binding cassette domain-containing protein']
    Key: protein_id, Value: ['WP_201080840.1']
    Key: source, Value: ['Protein Homology']
    Key: transl_table, Value: ['11']

GF(ATP-binding cassette domain-containing protein, 3205-3973 (1))
type: CDS
location: [2904298:2905243](-)
id: cds-WP_201080842.1
qualifiers:
    Key: Dbxref, Value: ['GenBank:WP_201080842.1']
    Key: ID, Value: ['cds-WP_201080842.1']
    Key: Name, Value: ['WP_201080842.1']
    Key: Parent, Value: ['gene-IGS68_RS13700']
    Key: gbkey, Value: ['CDS']
    Key: gene, Value: ['cas6']
    Key: inference, Value: ['COORDINATES: protein motif:HMM:NF021551.2']
    Key: locus_tag, Value: ['IGS68_RS13700']
    Key: phase, Value: ['0']
    Key: product, Value: ['CRISPR system precrRNA processing endoribonuclease RAMP protein Cas6']
    Key: protein_id, Value: ['WP_201080842.1']
    Key: source, Value: ['Protein Homology']
    Key: transl_table, Value: ['11']

GF(CRISPR system precrRNA processing endoribonuclease RAMP protein Cas6, 3999-4944 (-1))
type: CDS
location: [2907026:2907398](-)
id: cds-WP_201080844.1
qualifiers:
    Key: Dbxref, Value: ['GenBank:WP_201080844.1']
    Key: ID, Value: ['cds-WP_201080844.1']
    Key: Name, Value: ['WP_201080844.1']
    Key: Ontology_term, Value: ['GO:0043571', 'GO:0004521']
    Key: Parent, Value: ['gene-IGS68_RS13705']
    Key: gbkey, Value: ['CDS']
    Key: gene, Value: ['cas2']
    Key: go_function, Value: ['RNA endonuclease activity|0004521||IEA']
    Key: go_process, Value: ['maintenance of CRISPR repeat elements|0043571||IEA']
    Key: inference, Value: ['COORDINATES: similar to AA sequence:RefSeq:WP_011388908.1']
    Key: locus_tag, Value: ['IGS68_RS13705']
    Key: phase, Value: ['0']
    Key: product, Value: ['CRISPR-associated endonuclease Cas2']
    Key: protein_id, Value: ['WP_201080844.1']
    Key: source, Value: ['Protein Homology']
    Key: transl_table, Value: ['11']

GF(CRISPR-associated endonuclease Cas2, 6727-7099 (-1))
type: CDS
location: [2907418:2908204](-)
id: cds-WP_247881321.1
qualifiers:
    Key: Dbxref, Value: ['GenBank:WP_247881321.1']
    Key: ID, Value: ['cds-WP_247881321.1']
    Key: Name, Value: ['WP_247881321.1']
    Key: Ontology_term, Value: ['GO:0043571', 'GO:0004520', 'GO:0046872']
    Key: Parent, Value: ['gene-IGS68_RS13710']
    Key: gbkey, Value: ['CDS']
    Key: gene, Value: ['cas1']
    Key: go_function, Value: ['DNA endonuclease activity|0004520||IEA', 'metal ion binding|0046872||IEA']
    Key: go_process, Value: ['maintenance of CRISPR repeat elements|0043571||IEA']
    Key: inference, Value: ['COORDINATES: protein motif:HMM:TIGR00287.1']
    Key: locus_tag, Value: ['IGS68_RS13710']
    Key: phase, Value: ['0']
    Key: product, Value: ['CRISPR-associated endonuclease Cas1']
    Key: protein_id, Value: ['WP_247881321.1']
    Key: source, Value: ['Protein Homology']
    Key: transl_table, Value: ['11']

GF(CRISPR-associated endonuclease Cas1, 7119-7905 (-1))
type: CDS
location: [2908142:2908466](-)
id: cds-WP_247881322.1
qualifiers:
    Key: Dbxref, Value: ['GenBank:WP_247881322.1']
    Key: ID, Value: ['cds-WP_247881322.1']
    Key: Name, Value: ['WP_247881322.1']
    Key: Ontology_term, Value: ['GO:0043571', 'GO:0051607', 'GO:0003676', 'GO:0004519', 'GO:0046872']
    Key: Parent, Value: ['gene-IGS68_RS35545']
    Key: gbkey, Value: ['CDS']
    Key: go_function, Value: ['nucleic acid binding|0003676||IEA', 'endonuclease activity|0004519||IEA', 'metal ion binding|0046872||IEA']
    Key: go_process, Value: ['maintenance of CRISPR repeat elements|0043571||IEA', 'defense response to virus|0051607||IEA']
    Key: inference, Value: ['COORDINATES: protein motif:HMM:NF013984.2']
    Key: locus_tag, Value: ['IGS68_RS35545']
    Key: phase, Value: ['0']
    Key: product, Value: ['CRISPR-associated endonuclease Cas1']
    Key: protein_id, Value: ['WP_247881322.1']
    Key: source, Value: ['Protein Homology']
    Key: transl_table, Value: ['11']

GF(CRISPR-associated endonuclease Cas1, 7843-8167 (-1))
type: CDS
location: [2908462:2909839](-)
id: cds-WP_201080846.1
qualifiers:
    Key: Dbxref, Value: ['GenBank:WP_201080846.1']
    Key: ID, Value: ['cds-WP_201080846.1']
    Key: Name, Value: ['WP_201080846.1']
    Key: Ontology_term, Value: ['GO:0043571', 'GO:0003674']
    Key: Parent, Value: ['gene-IGS68_RS13715']
    Key: gbkey, Value: ['CDS']
    Key: go_function, Value: ['molecular_function|0003674||IEA']
    Key: go_process, Value: ['maintenance of CRISPR repeat elements|0043571||IEA']
    Key: inference, Value: ['COORDINATES: protein motif:HMM:NF021207.2']
    Key: locus_tag, Value: ['IGS68_RS13715']
    Key: phase, Value: ['0']
    Key: product, Value: ['TIGR02710 family CRISPR-associated CARF protein']
    Key: protein_id, Value: ['WP_201080846.1']
    Key: source, Value: ['Protein Homology']
    Key: transl_table, Value: ['11']

GF(TIGR02710 family CRISPR-associated CARF protein, 8163-9540 (-1))
type: CDS
location: [2909884:2911954](-)
id: cds-WP_201080848.1
qualifiers:
    Key: Dbxref, Value: ['GenBank:WP_201080848.1']
    Key: ID, Value: ['cds-WP_201080848.1']
    Key: Name, Value: ['WP_201080848.1']
    Key: Ontology_term, Value: ['GO:0043571', 'GO:0003674']
    Key: Parent, Value: ['gene-IGS68_RS13720']
    Key: gbkey, Value: ['CDS']
    Key: gene, Value: ['cmr6']
    Key: go_function, Value: ['molecular_function|0003674||IEA']
    Key: go_process, Value: ['maintenance of CRISPR repeat elements|0043571||IEA']
    Key: inference, Value: ['COORDINATES: protein motif:HMM:TIGR01898.1']
    Key: locus_tag, Value: ['IGS68_RS13720']
    Key: phase, Value: ['0']
    Key: product, Value: ['type III-B CRISPR module RAMP protein Cmr6']
    Key: protein_id, Value: ['WP_201080848.1']
    Key: source, Value: ['Protein Homology']
    Key: transl_table, Value: ['11']

GF(type III-B CRISPR module RAMP protein Cmr6, 9585-11655 (-1))
type: CDS
location: [2911943:2912462](-)
id: cds-WP_201080849.1
qualifiers:
    Key: Dbxref, Value: ['GenBank:WP_201080849.1']
    Key: ID, Value: ['cds-WP_201080849.1']
    Key: Name, Value: ['WP_201080849.1']
    Key: Ontology_term, Value: ['GO:0043571', 'GO:0003674']
    Key: Parent, Value: ['gene-IGS68_RS13725']
    Key: gbkey, Value: ['CDS']
    Key: gene, Value: ['cmr5']
    Key: go_function, Value: ['molecular_function|0003674||IEA']
    Key: go_process, Value: ['maintenance of CRISPR repeat elements|0043571||IEA']
    Key: inference, Value: ['COORDINATES: protein motif:HMM:TIGR01881.1']
    Key: locus_tag, Value: ['IGS68_RS13725']
    Key: phase, Value: ['0']
    Key: product, Value: ['type III-B CRISPR module-associated protein Cmr5']
    Key: protein_id, Value: ['WP_201080849.1']
    Key: source, Value: ['Protein Homology']
    Key: transl_table, Value: ['11']

GF(type III-B CRISPR module-associated protein Cmr5, 11644-12163 (-1))
type: CDS
location: [2912458:2913343](-)
id: cds-WP_201080850.1
qualifiers:
    Key: Dbxref, Value: ['GenBank:WP_201080850.1']
    Key: ID, Value: ['cds-WP_201080850.1']
    Key: Name, Value: ['WP_201080850.1']
    Key: Ontology_term, Value: ['GO:0043571', 'GO:0003674']
    Key: Parent, Value: ['gene-IGS68_RS13730']
    Key: gbkey, Value: ['CDS']
    Key: gene, Value: ['cmr4']
    Key: go_function, Value: ['molecular_function|0003674||IEA']
    Key: go_process, Value: ['maintenance of CRISPR repeat elements|0043571||IEA']
    Key: inference, Value: ['COORDINATES: similar to AA sequence:RefSeq:WP_012568620.1']
    Key: locus_tag, Value: ['IGS68_RS13730']
    Key: phase, Value: ['0']
    Key: product, Value: ['type III-B CRISPR module RAMP protein Cmr4']
    Key: protein_id, Value: ['WP_201080850.1']
    Key: source, Value: ['Protein Homology']
    Key: transl_table, Value: ['11']

GF(type III-B CRISPR module RAMP protein Cmr4, 12159-13044 (-1))
type: CDS
location: [2913335:2914418](-)
id: cds-WP_201080851.1
qualifiers:
    Key: Dbxref, Value: ['GenBank:WP_201080851.1']
    Key: ID, Value: ['cds-WP_201080851.1']
    Key: Name, Value: ['WP_201080851.1']
    Key: Ontology_term, Value: ['GO:0043571', 'GO:0003674', 'GO:0005575']
    Key: Parent, Value: ['gene-IGS68_RS13735']
    Key: gbkey, Value: ['CDS']
    Key: gene, Value: ['cmr3']
    Key: go_component, Value: ['cellular_component|0005575||IEA']
    Key: go_function, Value: ['molecular_function|0003674||IEA']
    Key: go_process, Value: ['maintenance of CRISPR repeat elements|0043571||IEA']
    Key: inference, Value: ['COORDINATES: protein motif:HMM:NF021236.2']
    Key: locus_tag, Value: ['IGS68_RS13735']
    Key: phase, Value: ['0']
    Key: product, Value: ['type III-B CRISPR module-associated protein Cmr3']
    Key: protein_id, Value: ['WP_201080851.1']
    Key: source, Value: ['Protein Homology']
    Key: transl_table, Value: ['11']

GF(type III-B CRISPR module-associated protein Cmr3, 13036-14119 (-1))
type: CDS
location: [2914427:2916869](-)
id: cds-WP_201080852.1
qualifiers:
    Key: Dbxref, Value: ['GenBank:WP_201080852.1']
    Key: ID, Value: ['cds-WP_201080852.1']
    Key: Name, Value: ['WP_201080852.1']
    Key: Ontology_term, Value: ['GO:0043571', 'GO:0003674']
    Key: Parent, Value: ['gene-IGS68_RS13740']
    Key: gbkey, Value: ['CDS']
    Key: gene, Value: ['cas10']
    Key: go_function, Value: ['molecular_function|0003674||IEA']
    Key: go_process, Value: ['maintenance of CRISPR repeat elements|0043571||IEA']
    Key: inference, Value: ['COORDINATES: protein motif:HMM:TIGR02577.1']
    Key: locus_tag, Value: ['IGS68_RS13740']
    Key: phase, Value: ['0']
    Key: product, Value: ['type III-B CRISPR-associated protein Cas10/Cmr2']
    Key: protein_id, Value: ['WP_201080852.1']
    Key: source, Value: ['Protein Homology']
    Key: transl_table, Value: ['11']

GF(type III-B CRISPR-associated protein Cas10/Cmr2, 14128-16570 (-1))
type: CDS
location: [2917026:2917158](-)
id: cds-WP_256445767.1
qualifiers:
    Key: Dbxref, Value: ['GenBank:WP_256445767.1']
    Key: ID, Value: ['cds-WP_256445767.1']
    Key: Name, Value: ['WP_256445767.1']
    Key: Parent, Value: ['gene-IGS68_RS35975']
    Key: gbkey, Value: ['CDS']
    Key: inference, Value: ['COORDINATES: ab initio prediction:GeneMarkS-2+']
    Key: locus_tag, Value: ['IGS68_RS35975']
    Key: phase, Value: ['0']
    Key: product, Value: ['hypothetical protein']
    Key: protein_id, Value: ['WP_256445767.1']
    Key: source, Value: ['GeneMarkS-2+']
    Key: transl_table, Value: ['11']

GF(None, 16727-16859 (-1))
type: CDS
location: [2918111:2919473](-)
id: cds-WP_201080853.1
qualifiers:
    Key: Dbxref, Value: ['GenBank:WP_201080853.1']
    Key: ID, Value: ['cds-WP_201080853.1']
    Key: Name, Value: ['WP_201080853.1']
    Key: Ontology_term, Value: ['GO:0006147', 'GO:0008892']
    Key: Parent, Value: ['gene-IGS68_RS13745']
    Key: gbkey, Value: ['CDS']
    Key: gene, Value: ['guaD']
    Key: go_function, Value: ['guanine deaminase activity|0008892||IEA']
    Key: go_process, Value: ['guanine catabolic process|0006147||IEA']
    Key: inference, Value: ['COORDINATES: similar to AA sequence:RefSeq:WP_014189603.1']
    Key: locus_tag, Value: ['IGS68_RS13745']
    Key: phase, Value: ['0']
    Key: product, Value: ['guanine deaminase']
    Key: protein_id, Value: ['WP_201080853.1']
    Key: source, Value: ['Protein Homology']
    Key: transl_table, Value: ['11']

GF(guanine deaminase, 17812-19174 (-1))
type: CDS
location: [2919509:2920706](-)
id: cds-WP_201080854.1
qualifiers:
    Key: Dbxref, Value: ['GenBank:WP_201080854.1']
    Key: ID, Value: ['cds-WP_201080854.1']
    Key: Name, Value: ['WP_201080854.1']
    Key: Parent, Value: ['gene-IGS68_RS13750']
    Key: gbkey, Value: ['CDS']
    Key: inference, Value: ['COORDINATES: similar to AA sequence:RefSeq:WP_014198003.1']
    Key: locus_tag, Value: ['IGS68_RS13750']
    Key: phase, Value: ['0']
    Key: product, Value: ['urate hydroxylase PuuD']
    Key: protein_id, Value: ['WP_201080854.1']
    Key: source, Value: ['Protein Homology']
    Key: transl_table, Value: ['11']

GF(urate hydroxylase PuuD, 19210-20407 (-1))
type: repeat_region
location: [2905713:2906815](+)
id: NZ_CP067420.1_2
qualifiers:
    Key: Dbxref, Value: ['SO:0001459']
    Key: ID, Value: ['NZ_CP067420.1_2']
    Key: Note, Value: ['GTTTCAATCCCCTCATCAGCGGGGCGGTAGTCGCGAG']
    Key: Ontology_term, Value: ['CRISPR']
    Key: score, Value: ['1102']
    Key: source, Value: ['CCTyper']

GF(Repeat region, 5414-6516 (0))
type: repeat_region
location: [2917226:2917792](+)
id: NZ_CP067420.1_3
qualifiers:
    Key: Dbxref, Value: ['SO:0001459']
    Key: ID, Value: ['NZ_CP067420.1_3']
    Key: Note, Value: ['GTTTCAATCCCCTCATCAGCGGGGCGGTAGTCGCAAG']
    Key: Ontology_term, Value: ['CRISPR']
    Key: score, Value: ['566']
    Key: source, Value: ['CCTyper']

GF(Repeat region, 16927-17493 (0))
graphic feature from cctyper protein table: GF(Cas6, 4000-4944 (-1))
graphic feature from cctyper protein table: GF(Cas2, 6728-7099 (-1))
graphic feature from cctyper protein table: GF(Cas1, 7120-7905 (-1))
graphic feature from cctyper protein table: GF(Csx1, 8164-9540 (-1))
graphic feature from cctyper protein table: GF(Cmr6, 9586-11655 (-1))
graphic feature from cctyper protein table: GF(Cmr5gr11, 11645-12163 (-1))
graphic feature from cctyper protein table: GF(Cmr4gr7, 12160-13044 (-1))
graphic feature from cctyper protein table: GF(Cmr3gr5, 13037-14119 (-1))
graphic feature from cctyper protein table: GF(Cas10, 14129-16570 (-1))
Index(['protein_id', 'start', 'end', 'effector', 'locus', 'sample', 'strand',
       'sequence', 'type'],
      dtype='object')
graphic feature from known effectors: GF(csx1, 8164-9540 (-1))
Index(['protein_id', 'start', 'end', 'effector', 'locus', 'sample', 'strand',
       'sequence'],
      dtype='object')
[GF(ABC transporter permease, 333-1281 (1)), GF(dipeptide/oligopeptide/nickel ABC transporter permease/ATP-binding protein, 1277-3209 (1)), GF(ATP-binding cassette domain-containing protein, 3205-3973 (1)), GF(CRISPR system precrRNA processing endoribonuclease RAMP protein Cas6, 3999-4944 (-1)), GF(CRISPR-associated endonuclease Cas2, 6727-7099 (-1)), GF(CRISPR-associated endonuclease Cas1, 7119-7905 (-1)), GF(CRISPR-associated endonuclease Cas1, 7843-8167 (-1)), GF(TIGR02710 family CRISPR-associated CARF protein, 8163-9540 (-1)), GF(type III-B CRISPR module RAMP protein Cmr6, 9585-11655 (-1)), GF(type III-B CRISPR module-associated protein Cmr5, 11644-12163 (-1)), GF(type III-B CRISPR module RAMP protein Cmr4, 12159-13044 (-1)), GF(type III-B CRISPR module-associated protein Cmr3, 13036-14119 (-1)), GF(type III-B CRISPR-associated protein Cas10/Cmr2, 14128-16570 (-1)), GF(None, 16727-16859 (-1)), GF(guanine deaminase, 17812-19174 (-1)), GF(urate hydroxylase PuuD, 19210-20407 (-1)), GF(Repeat region, 5414-6516 (0)), GF(Repeat region, 16927-17493 (0)), GF(Cas6, 4000-4944 (-1)), GF(Cas2, 6728-7099 (-1)), GF(Cas1, 7120-7905 (-1)), GF(Csx1, 8164-9540 (-1)), GF(Cmr6, 9586-11655 (-1)), GF(Cmr5gr11, 11645-12163 (-1)), GF(Cmr4gr7, 12160-13044 (-1)), GF(Cmr3gr5, 13037-14119 (-1)), GF(Cas10, 14129-16570 (-1)), GF(csx1, 8164-9540 (-1)), GF(CRISPR-Cas locus, 4000-16570 (0))]
