Cas operons file:    Unnamed: 0       Contig  ...           locus_id           sample
0           0  NC_009767.1  ...  GCF_000017805.1_0  GCF_000017805.1

[1 rows x 19 columns]
The chosen contig: NC_009767.1
type: CDS
location: [5474274:5474733](-)
id: cds-WP_012122683.1
qualifiers:
    Key: Dbxref, Value: ['GenBank:WP_012122683.1']
    Key: ID, Value: ['cds-WP_012122683.1']
    Key: Name, Value: ['WP_012122683.1']
    Key: Parent, Value: ['gene-RCAS_RS21965']
    Key: gbkey, Value: ['CDS']
    Key: inference, Value: ['COORDINATES: similar to AA sequence:RefSeq:WP_015942499.1']
    Key: locus_tag, Value: ['RCAS_RS21965']
    Key: phase, Value: ['0']
    Key: product, Value: ['gamma-glutamylcyclotransferase family protein']
    Key: protein_id, Value: ['WP_012122683.1']
    Key: source, Value: ['Protein Homology']
    Key: transl_table, Value: ['11']

GF(gamma-glutamylcyclotransferase family protein, 783-1242 (-1))
type: CDS
location: [5475350:5476025](-)
id: cds-WP_012122684.1
qualifiers:
    Key: Dbxref, Value: ['GenBank:WP_012122684.1']
    Key: ID, Value: ['cds-WP_012122684.1']
    Key: Name, Value: ['WP_012122684.1']
    Key: Parent, Value: ['gene-RCAS_RS24365']
    Key: gbkey, Value: ['CDS']
    Key: inference, Value: ['COORDINATES: similar to AA sequence:RefSeq:WP_015942501.1']
    Key: locus_tag, Value: ['RCAS_RS24365']
    Key: phase, Value: ['0']
    Key: product, Value: ['DUF4276 family protein']
    Key: protein_id, Value: ['WP_012122684.1']
    Key: source, Value: ['Protein Homology']
    Key: transl_table, Value: ['11']

GF(DUF4276 family protein, 1859-2534 (-1))
type: CDS
location: [5476021:5477134](-)
id: cds-WP_012122685.1
qualifiers:
    Key: Dbxref, Value: ['GenBank:WP_012122685.1']
    Key: ID, Value: ['cds-WP_012122685.1']
    Key: Name, Value: ['WP_012122685.1']
    Key: Ontology_term, Value: ['GO:0005524', 'GO:0016887']
    Key: Parent, Value: ['gene-RCAS_RS21975']
    Key: gbkey, Value: ['CDS']
    Key: go_function, Value: ['ATP binding|0005524||IEA', 'ATP hydrolysis activity|0016887||IEA']
    Key: inference, Value: ['COORDINATES: similar to AA sequence:RefSeq:WP_015942502.1']
    Key: locus_tag, Value: ['RCAS_RS21975']
    Key: phase, Value: ['0']
    Key: product, Value: ['AAA family ATPase']
    Key: protein_id, Value: ['WP_012122685.1']
    Key: source, Value: ['Protein Homology']
    Key: transl_table, Value: ['11']

GF(AAA family ATPase, 2530-3643 (-1))
type: CDS
location: [5477132:5477300](+)
id: cds-WP_157042740.1
qualifiers:
    Key: Dbxref, Value: ['GenBank:WP_157042740.1']
    Key: ID, Value: ['cds-WP_157042740.1']
    Key: Name, Value: ['WP_157042740.1']
    Key: Parent, Value: ['gene-RCAS_RS25435']
    Key: gbkey, Value: ['CDS']
    Key: inference, Value: ['COORDINATES: ab initio prediction:GeneMarkS-2+']
    Key: locus_tag, Value: ['RCAS_RS25435']
    Key: phase, Value: ['0']
    Key: product, Value: ['hypothetical protein']
    Key: protein_id, Value: ['WP_157042740.1']
    Key: source, Value: ['GeneMarkS-2+']
    Key: transl_table, Value: ['11']

GF(None, 3641-3809 (1))
type: CDS
location: [5477490:5478318](-)
id: cds-WP_012122686.1
qualifiers:
    Key: Dbxref, Value: ['GenBank:WP_012122686.1']
    Key: ID, Value: ['cds-WP_012122686.1']
    Key: Name, Value: ['WP_012122686.1']
    Key: Parent, Value: ['gene-RCAS_RS21980']
    Key: gbkey, Value: ['CDS']
    Key: inference, Value: ['COORDINATES: similar to AA sequence:RefSeq:WP_015942504.1']
    Key: locus_tag, Value: ['RCAS_RS21980']
    Key: phase, Value: ['0']
    Key: product, Value: ['hypothetical protein']
    Key: protein_id, Value: ['WP_012122686.1']
    Key: source, Value: ['Protein Homology']
    Key: transl_table, Value: ['11']

GF(None, 3999-4827 (-1))
type: CDS
location: [5478328:5478718](-)
id: cds-WP_012122687.1
qualifiers:
    Key: Dbxref, Value: ['GenBank:WP_012122687.1']
    Key: ID, Value: ['cds-WP_012122687.1']
    Key: Name, Value: ['WP_012122687.1']
    Key: Parent, Value: ['gene-RCAS_RS21985']
    Key: gbkey, Value: ['CDS']
    Key: inference, Value: ['COORDINATES: similar to AA sequence:RefSeq:WP_012122687.1']
    Key: locus_tag, Value: ['RCAS_RS21985']
    Key: phase, Value: ['0']
    Key: product, Value: ['hypothetical protein']
    Key: protein_id, Value: ['WP_012122687.1']
    Key: source, Value: ['Protein Homology']
    Key: transl_table, Value: ['11']

GF(None, 4837-5227 (-1))
type: CDS
location: [5478707:5479694](-)
id: cds-WP_012122688.1
qualifiers:
    Key: Dbxref, Value: ['GenBank:WP_012122688.1']
    Key: ID, Value: ['cds-WP_012122688.1']
    Key: Name, Value: ['WP_012122688.1']
    Key: Ontology_term, Value: ['GO:0043571', 'GO:0003674']
    Key: Parent, Value: ['gene-RCAS_RS21990']
    Key: gbkey, Value: ['CDS']
    Key: gene, Value: ['cmr4']
    Key: go_function, Value: ['molecular_function|0003674||IEA']
    Key: go_process, Value: ['maintenance of CRISPR repeat elements|0043571||IEA']
    Key: inference, Value: ['COORDINATES: similar to AA sequence:RefSeq:WP_011957309.1']
    Key: locus_tag, Value: ['RCAS_RS21990']
    Key: phase, Value: ['0']
    Key: product, Value: ['type III-B CRISPR module RAMP protein Cmr4']
    Key: protein_id, Value: ['WP_012122688.1']
    Key: source, Value: ['Protein Homology']
    Key: transl_table, Value: ['11']

GF(type III-B CRISPR module RAMP protein Cmr4, 5216-6203 (-1))
type: CDS
location: [5479704:5482494](-)
id: cds-WP_012122689.1
qualifiers:
    Key: Dbxref, Value: ['GenBank:WP_012122689.1']
    Key: ID, Value: ['cds-WP_012122689.1']
    Key: Name, Value: ['WP_012122689.1']
    Key: Ontology_term, Value: ['GO:0043571', 'GO:0003674', 'GO:0005575']
    Key: Parent, Value: ['gene-RCAS_RS21995']
    Key: gbkey, Value: ['CDS']
    Key: go_component, Value: ['cellular_component|0005575||IEA']
    Key: go_function, Value: ['molecular_function|0003674||IEA']
    Key: go_process, Value: ['maintenance of CRISPR repeat elements|0043571||IEA']
    Key: inference, Value: ['COORDINATES: similar to AA sequence:RefSeq:WP_015942507.1']
    Key: locus_tag, Value: ['RCAS_RS21995']
    Key: phase, Value: ['0']
    Key: product, Value: ['CRISPR-associated protein Csx11']
    Key: protein_id, Value: ['WP_012122689.1']
    Key: source, Value: ['Protein Homology']
    Key: transl_table, Value: ['11']

GF(CRISPR-associated protein Csx11, 6213-9003 (-1))
type: CDS
location: [5482490:5483810](-)
id: cds-WP_012122690.1
qualifiers:
    Key: Dbxref, Value: ['GenBank:WP_012122690.1']
    Key: ID, Value: ['cds-WP_012122690.1']
    Key: Name, Value: ['WP_012122690.1']
    Key: Parent, Value: ['gene-RCAS_RS22000']
    Key: gbkey, Value: ['CDS']
    Key: inference, Value: ['COORDINATES: similar to AA sequence:RefSeq:WP_015942508.1']
    Key: locus_tag, Value: ['RCAS_RS22000']
    Key: phase, Value: ['0']
    Key: product, Value: ['RAMP superfamily CRISPR-associated protein']
    Key: protein_id, Value: ['WP_012122690.1']
    Key: source, Value: ['Protein Homology']
    Key: transl_table, Value: ['11']

GF(RAMP superfamily CRISPR-associated protein, 8999-10319 (-1))
type: CDS
location: [5483806:5484511](-)
id: cds-WP_012122691.1
qualifiers:
    Key: Dbxref, Value: ['GenBank:WP_012122691.1']
    Key: ID, Value: ['cds-WP_012122691.1']
    Key: Name, Value: ['WP_012122691.1']
    Key: Parent, Value: ['gene-RCAS_RS22005']
    Key: gbkey, Value: ['CDS']
    Key: inference, Value: ['COORDINATES: similar to AA sequence:RefSeq:WP_015942509.1']
    Key: locus_tag, Value: ['RCAS_RS22005']
    Key: phase, Value: ['0']
    Key: product, Value: ['hypothetical protein']
    Key: protein_id, Value: ['WP_012122691.1']
    Key: source, Value: ['Protein Homology']
    Key: transl_table, Value: ['11']

GF(None, 10315-11020 (-1))
type: CDS
location: [5484507:5486124](-)
id: cds-WP_012122692.1
qualifiers:
    Key: Dbxref, Value: ['GenBank:WP_012122692.1']
    Key: ID, Value: ['cds-WP_012122692.1']
    Key: Name, Value: ['WP_012122692.1']
    Key: Ontology_term, Value: ['GO:0005524', 'GO:0016887']
    Key: Parent, Value: ['gene-RCAS_RS22010']
    Key: gbkey, Value: ['CDS']
    Key: go_function, Value: ['ATP binding|0005524||IEA', 'ATP hydrolysis activity|0016887||IEA']
    Key: inference, Value: ['COORDINATES: similar to AA sequence:RefSeq:WP_015942510.1']
    Key: locus_tag, Value: ['RCAS_RS22010']
    Key: phase, Value: ['0']
    Key: product, Value: ['AAA family ATPase']
    Key: protein_id, Value: ['WP_012122692.1']
    Key: source, Value: ['Protein Homology']
    Key: transl_table, Value: ['11']

GF(AAA family ATPase, 11016-12633 (-1))
type: CDS
location: [5486120:5487191](-)
id: cds-WP_012122693.1
qualifiers:
    Key: Dbxref, Value: ['GenBank:WP_012122693.1']
    Key: ID, Value: ['cds-WP_012122693.1']
    Key: Name, Value: ['WP_012122693.1']
    Key: Ontology_term, Value: ['GO:0043571', 'GO:0003674']
    Key: Parent, Value: ['gene-RCAS_RS22015']
    Key: gbkey, Value: ['CDS']
    Key: gene, Value: ['cmr1']
    Key: go_function, Value: ['molecular_function|0003674||IEA']
    Key: go_process, Value: ['maintenance of CRISPR repeat elements|0043571||IEA']
    Key: inference, Value: ['COORDINATES: similar to AA sequence:RefSeq:WP_015942511.1']
    Key: locus_tag, Value: ['RCAS_RS22015']
    Key: phase, Value: ['0']
    Key: product, Value: ['type III-B CRISPR module RAMP protein Cmr1']
    Key: protein_id, Value: ['WP_012122693.1']
    Key: source, Value: ['Protein Homology']
    Key: transl_table, Value: ['11']

GF(type III-B CRISPR module RAMP protein Cmr1, 12629-13700 (-1))
type: CDS
location: [5488067:5489849](-)
id: cds-WP_012122694.1
qualifiers:
    Key: Dbxref, Value: ['GenBank:WP_012122694.1']
    Key: ID, Value: ['cds-WP_012122694.1']
    Key: Name, Value: ['WP_012122694.1']
    Key: Ontology_term, Value: ['GO:0005975', 'GO:0003824']
    Key: Parent, Value: ['gene-RCAS_RS22020']
    Key: gbkey, Value: ['CDS']
    Key: go_function, Value: ['catalytic activity|0003824||IEA']
    Key: go_process, Value: ['carbohydrate metabolic process|0005975||IEA']
    Key: inference, Value: ['COORDINATES: similar to AA sequence:RefSeq:WP_011954817.1']
    Key: locus_tag, Value: ['RCAS_RS22020']
    Key: phase, Value: ['0']
    Key: product, Value: ['alpha-amylase family glycosyl hydrolase']
    Key: protein_id, Value: ['WP_012122694.1']
    Key: source, Value: ['Protein Homology']
    Key: transl_table, Value: ['11']

GF(alpha-amylase family glycosyl hydrolase, 14576-16358 (-1))
type: CDS
location: [5489845:5490298](-)
id: cds-WP_012122695.1
qualifiers:
    Key: Dbxref, Value: ['GenBank:WP_012122695.1']
    Key: ID, Value: ['cds-WP_012122695.1']
    Key: Name, Value: ['WP_012122695.1']
    Key: Parent, Value: ['gene-RCAS_RS22025']
    Key: gbkey, Value: ['CDS']
    Key: inference, Value: ['COORDINATES: similar to AA sequence:RefSeq:WP_011954816.1']
    Key: locus_tag, Value: ['RCAS_RS22025']
    Key: phase, Value: ['0']
    Key: product, Value: ['hypothetical protein']
    Key: protein_id, Value: ['WP_012122695.1']
    Key: source, Value: ['Protein Homology']
    Key: transl_table, Value: ['11']

GF(None, 16354-16807 (-1))
[GF(gamma-glutamylcyclotransferase family protein, 783-1242 (-1)), GF(DUF4276 family protein, 1859-2534 (-1)), GF(AAA family ATPase, 2530-3643 (-1)), GF(None, 3641-3809 (1)), GF(None, 3999-4827 (-1)), GF(None, 4837-5227 (-1)), GF(type III-B CRISPR module RAMP protein Cmr4, 5216-6203 (-1)), GF(CRISPR-associated protein Csx11, 6213-9003 (-1)), GF(RAMP superfamily CRISPR-associated protein, 8999-10319 (-1)), GF(None, 10315-11020 (-1)), GF(AAA family ATPase, 11016-12633 (-1)), GF(type III-B CRISPR module RAMP protein Cmr1, 12629-13700 (-1)), GF(alpha-amylase family glycosyl hydrolase, 14576-16358 (-1)), GF(None, 16354-16807 (-1)), GF(CRISPR-Cas locus, 4000-13784 (0))]
