Cas operons file:    Unnamed: 0         Contig  ...           locus_id           sample
0           1  NZ_CP020372.1  ...  GCF_002813775.1_1  GCF_002813775.1

[1 rows x 19 columns]
The chosen contig: NZ_CP020372.1
type: CDS
location: [373392:373635](+)
id: cds-WP_100923246.1
qualifiers:
    Key: Dbxref, Value: ['GenBank:WP_100923246.1']
    Key: ID, Value: ['cds-WP_100923246.1']
    Key: Name, Value: ['WP_100923246.1']
    Key: Parent, Value: ['gene-THSYN_RS32860']
    Key: gbkey, Value: ['CDS']
    Key: inference, Value: ['COORDINATES: ab initio prediction:GeneMarkS-2+']
    Key: locus_tag, Value: ['THSYN_RS32860']
    Key: phase, Value: ['0']
    Key: product, Value: ['hypothetical protein']
    Key: protein_id, Value: ['WP_100923246.1']
    Key: source, Value: ['GeneMarkS-2+']
    Key: transl_table, Value: ['11']

GF(None, 361-604 (1))
type: CDS
location: [373892:374660](-)
id: cds-WP_100923247.1
qualifiers:
    Key: Dbxref, Value: ['GenBank:WP_100923247.1']
    Key: ID, Value: ['cds-WP_100923247.1']
    Key: Name, Value: ['WP_100923247.1']
    Key: Ontology_term, Value: ['GO:0008080']
    Key: Parent, Value: ['gene-THSYN_RS32865']
    Key: gbkey, Value: ['CDS']
    Key: go_function, Value: ['N-acetyltransferase activity|0008080||IEA']
    Key: inference, Value: ['COORDINATES: protein motif:HMM:NF012792.4']
    Key: locus_tag, Value: ['THSYN_RS32865']
    Key: phase, Value: ['0']
    Key: product, Value: ['GNAT family N-acetyltransferase']
    Key: protein_id, Value: ['WP_100923247.1']
    Key: source, Value: ['Protein Homology']
    Key: transl_table, Value: ['11']

GF(GNAT family N-acetyltransferase, 861-1629 (-1))
type: CDS
location: [375058:376765](+)
id: cds-WP_100920668.1-3
qualifiers:
    Key: Dbxref, Value: ['GenBank:WP_100920668.1']
    Key: ID, Value: ['cds-WP_100920668.1-3']
    Key: Name, Value: ['WP_100920668.1']
    Key: Ontology_term, Value: ['GO:0004803']
    Key: Parent, Value: ['gene-THSYN_RS32870']
    Key: gbkey, Value: ['CDS']
    Key: go_function, Value: ['transposase activity|0004803||IEA']
    Key: inference, Value: ['COORDINATES: similar to AA sequence:RefSeq:WP_012509228.1']
    Key: locus_tag, Value: ['THSYN_RS32870']
    Key: phase, Value: ['0']
    Key: product, Value: ['IS1634 family transposase']
    Key: protein_id, Value: ['WP_100920668.1']
    Key: source, Value: ['Protein Homology']
    Key: transl_table, Value: ['11']

GF(IS1634 family transposase, 2027-3734 (1))
type: CDS
location: [377030:378875](+)
id: cds-WP_100923248.1
qualifiers:
    Key: Dbxref, Value: ['GenBank:WP_100923248.1']
    Key: ID, Value: ['cds-WP_100923248.1']
    Key: Name, Value: ['WP_100923248.1']
    Key: Parent, Value: ['gene-THSYN_RS32875']
    Key: gbkey, Value: ['CDS']
    Key: inference, Value: ['COORDINATES: ab initio prediction:GeneMarkS-2+']
    Key: locus_tag, Value: ['THSYN_RS32875']
    Key: phase, Value: ['0']
    Key: product, Value: ['hypothetical protein']
    Key: protein_id, Value: ['WP_100923248.1']
    Key: source, Value: ['GeneMarkS-2+']
    Key: transl_table, Value: ['11']

GF(None, 3999-5844 (1))
type: CDS
location: [378867:381165](+)
id: cds-WP_100923249.1
qualifiers:
    Key: Dbxref, Value: ['GenBank:WP_100923249.1']
    Key: ID, Value: ['cds-WP_100923249.1']
    Key: Name, Value: ['WP_100923249.1']
    Key: Parent, Value: ['gene-THSYN_RS32880']
    Key: gbkey, Value: ['CDS']
    Key: inference, Value: ['COORDINATES: protein motif:HMM:NF015728.4']
    Key: locus_tag, Value: ['THSYN_RS32880']
    Key: phase, Value: ['0']
    Key: product, Value: ['RAMP superfamily CRISPR-associated protein']
    Key: protein_id, Value: ['WP_100923249.1']
    Key: source, Value: ['Protein Homology']
    Key: transl_table, Value: ['11']

GF(RAMP superfamily CRISPR-associated protein, 5836-8134 (1))
type: CDS
location: [381161:382709](+)
id: cds-WP_100923250.1
qualifiers:
    Key: Dbxref, Value: ['GenBank:WP_100923250.1']
    Key: ID, Value: ['cds-WP_100923250.1']
    Key: Name, Value: ['WP_100923250.1']
    Key: Parent, Value: ['gene-THSYN_RS32885']
    Key: gbkey, Value: ['CDS']
    Key: inference, Value: ['COORDINATES: protein motif:HMM:NF015728.4']
    Key: locus_tag, Value: ['THSYN_RS32885']
    Key: phase, Value: ['0']
    Key: product, Value: ['RAMP superfamily CRISPR-associated protein']
    Key: protein_id, Value: ['WP_100923250.1']
    Key: source, Value: ['Protein Homology']
    Key: transl_table, Value: ['11']

GF(RAMP superfamily CRISPR-associated protein, 8130-9678 (1))
type: CDS
location: [382705:383254](+)
id: cds-WP_100923251.1
qualifiers:
    Key: Dbxref, Value: ['GenBank:WP_100923251.1']
    Key: ID, Value: ['cds-WP_100923251.1']
    Key: Name, Value: ['WP_100923251.1']
    Key: Parent, Value: ['gene-THSYN_RS32890']
    Key: gbkey, Value: ['CDS']
    Key: inference, Value: ['COORDINATES: ab initio prediction:GeneMarkS-2+']
    Key: locus_tag, Value: ['THSYN_RS32890']
    Key: phase, Value: ['0']
    Key: product, Value: ['hypothetical protein']
    Key: protein_id, Value: ['WP_100923251.1']
    Key: source, Value: ['GeneMarkS-2+']
    Key: transl_table, Value: ['11']

GF(None, 9674-10223 (1))
type: CDS
location: [383250:385827](+)
id: cds-WP_100923252.1
qualifiers:
    Key: Dbxref, Value: ['GenBank:WP_100923252.1']
    Key: ID, Value: ['cds-WP_100923252.1']
    Key: Name, Value: ['WP_100923252.1']
    Key: Parent, Value: ['gene-THSYN_RS32895']
    Key: gbkey, Value: ['CDS']
    Key: inference, Value: ['COORDINATES: protein motif:HMM:TIGR03986.1']
    Key: locus_tag, Value: ['THSYN_RS32895']
    Key: phase, Value: ['0']
    Key: product, Value: ['TIGR03986 family CRISPR-associated RAMP protein']
    Key: protein_id, Value: ['WP_100923252.1']
    Key: source, Value: ['Protein Homology']
    Key: transl_table, Value: ['11']

GF(TIGR03986 family CRISPR-associated RAMP protein, 10219-12796 (1))
type: CDS
location: [385891:387808](+)
id: cds-WP_100923253.1
qualifiers:
    Key: Dbxref, Value: ['GenBank:WP_100923253.1']
    Key: ID, Value: ['cds-WP_100923253.1']
    Key: Name, Value: ['WP_100923253.1']
    Key: Parent, Value: ['gene-THSYN_RS32900']
    Key: gbkey, Value: ['CDS']
    Key: inference, Value: ['COORDINATES: ab initio prediction:GeneMarkS-2+']
    Key: locus_tag, Value: ['THSYN_RS32900']
    Key: phase, Value: ['0']
    Key: product, Value: ['hypothetical protein']
    Key: protein_id, Value: ['WP_100923253.1']
    Key: source, Value: ['GeneMarkS-2+']
    Key: transl_table, Value: ['11']

GF(None, 12860-14777 (1))
type: CDS
location: [387821:390980](+)
id: cds-WP_172965428.1
qualifiers:
    Key: Dbxref, Value: ['GenBank:WP_172965428.1']
    Key: ID, Value: ['cds-WP_172965428.1']
    Key: Name, Value: ['WP_172965428.1']
    Key: Ontology_term, Value: ['GO:0043571', 'GO:0004520', 'GO:0046872']
    Key: Parent, Value: ['gene-THSYN_RS32905']
    Key: gbkey, Value: ['CDS']
    Key: gene, Value: ['cas1']
    Key: go_function, Value: ['DNA endonuclease activity|0004520||IEA', 'metal ion binding|0046872||IEA']
    Key: go_process, Value: ['maintenance of CRISPR repeat elements|0043571||IEA']
    Key: inference, Value: ['COORDINATES: protein motif:HMM:TIGR00287.1']
    Key: locus_tag, Value: ['THSYN_RS32905']
    Key: phase, Value: ['0']
    Key: product, Value: ['CRISPR-associated endonuclease Cas1']
    Key: protein_id, Value: ['WP_172965428.1']
    Key: source, Value: ['Protein Homology']
    Key: transl_table, Value: ['11']

GF(CRISPR-associated endonuclease Cas1, 14790-17949 (1))
type: CDS
location: [390982:391264](+)
id: cds-WP_100923255.1
qualifiers:
    Key: Dbxref, Value: ['GenBank:WP_100923255.1']
    Key: ID, Value: ['cds-WP_100923255.1']
    Key: Name, Value: ['WP_100923255.1']
    Key: Ontology_term, Value: ['GO:0043571', 'GO:0004521']
    Key: Parent, Value: ['gene-THSYN_RS32910']
    Key: gbkey, Value: ['CDS']
    Key: gene, Value: ['cas2']
    Key: go_function, Value: ['RNA endonuclease activity|0004521||IEA']
    Key: go_process, Value: ['maintenance of CRISPR repeat elements|0043571||IEA']
    Key: inference, Value: ['COORDINATES: protein motif:HMM:TIGR01573.1']
    Key: locus_tag, Value: ['THSYN_RS32910']
    Key: phase, Value: ['0']
    Key: product, Value: ['CRISPR-associated endonuclease Cas2']
    Key: protein_id, Value: ['WP_100923255.1']
    Key: source, Value: ['Protein Homology']
    Key: transl_table, Value: ['11']

GF(CRISPR-associated endonuclease Cas2, 17951-18233 (1))
type: CDS
location: [393570:393828](+)
id: cds-WP_100923337.1
qualifiers:
    Key: Dbxref, Value: ['GenBank:WP_100923337.1']
    Key: ID, Value: ['cds-WP_100923337.1']
    Key: Name, Value: ['WP_100923337.1']
    Key: Ontology_term, Value: ['GO:0110001']
    Key: Parent, Value: ['gene-THSYN_RS32915']
    Key: gbkey, Value: ['CDS']
    Key: go_component, Value: ['toxin-antitoxin complex|0110001||IEA']
    Key: inference, Value: ['COORDINATES: similar to AA sequence:RefSeq:WP_002944152.1']
    Key: locus_tag, Value: ['THSYN_RS32915']
    Key: phase, Value: ['0']
    Key: product, Value: ['type II toxin-antitoxin system Phd/YefM family antitoxin']
    Key: protein_id, Value: ['WP_100923337.1']
    Key: source, Value: ['Protein Homology']
    Key: transl_table, Value: ['11']

GF(type II toxin-antitoxin system Phd/YefM family antitoxin, 20539-20797 (1))
type: repeat_region
location: [391740:393104](+)
id: NZ_CP020372.1_5
qualifiers:
    Key: Dbxref, Value: ['SO:0001459']
    Key: ID, Value: ['NZ_CP020372.1_5']
    Key: Note, Value: ['GTAGCGCTACTCCGAGCCGCAAAGGCTATTGAAAC']
    Key: Ontology_term, Value: ['CRISPR']
    Key: score, Value: ['1364']
    Key: source, Value: ['CCTyper']

GF(Repeat region, 18709-20073 (0))
[GF(None, 361-604 (1)), GF(GNAT family N-acetyltransferase, 861-1629 (-1)), GF(IS1634 family transposase, 2027-3734 (1)), GF(None, 3999-5844 (1)), GF(RAMP superfamily CRISPR-associated protein, 5836-8134 (1)), GF(RAMP superfamily CRISPR-associated protein, 8130-9678 (1)), GF(None, 9674-10223 (1)), GF(TIGR03986 family CRISPR-associated RAMP protein, 10219-12796 (1)), GF(None, 12860-14777 (1)), GF(CRISPR-associated endonuclease Cas1, 14790-17949 (1)), GF(CRISPR-associated endonuclease Cas2, 17951-18233 (1)), GF(type II toxin-antitoxin system Phd/YefM family antitoxin, 20539-20797 (1)), GF(Repeat region, 18709-20073 (0)), GF(CRISPR-Cas locus, 4000-18233 (0))]
