Cas operons file:    Unnamed: 0         Contig  ...           locus_id           sample
0           1  NZ_CP074114.1  ...  GCF_030388485.1_1  GCF_030388485.1

[1 rows x 19 columns]
The chosen contig: NZ_CP074114.1
type: CDS
location: [428698:430678](-)
id: cds-WP_289942871.1
qualifiers:
    Key: Dbxref, Value: ['GenBank:WP_289942871.1']
    Key: ID, Value: ['cds-WP_289942871.1']
    Key: Name, Value: ['WP_289942871.1']
    Key: Ontology_term, Value: ['GO:0006306', 'GO:0009007']
    Key: Parent, Value: ['gene-KFZ55_RS02035']
    Key: gbkey, Value: ['CDS']
    Key: go_function, Value: ['site-specific DNA-methyltransferase (adenine-specific) activity|0009007||IEA']
    Key: go_process, Value: ['DNA methylation|0006306||IEA']
    Key: inference, Value: ['COORDINATES: similar to AA sequence:RefSeq:WP_002893534.1']
    Key: locus_tag, Value: ['KFZ55_RS02035']
    Key: phase, Value: ['0']
    Key: product, Value: ['Dam family site-specific DNA-(adenine-N6)-methyltransferase']
    Key: protein_id, Value: ['WP_289942871.1']
    Key: source, Value: ['Protein Homology']
    Key: transl_table, Value: ['11']

GF(Dam family site-specific DNA-(adenine-N6)-methyltransferase, 400-2380 (-1))
type: CDS
location: [430840:431038](+)
id: cds-WP_289942872.1
qualifiers:
    Key: Dbxref, Value: ['GenBank:WP_289942872.1']
    Key: ID, Value: ['cds-WP_289942872.1']
    Key: Name, Value: ['WP_289942872.1']
    Key: Parent, Value: ['gene-KFZ55_RS02040']
    Key: gbkey, Value: ['CDS']
    Key: inference, Value: ['COORDINATES: ab initio prediction:GeneMarkS-2+']
    Key: locus_tag, Value: ['KFZ55_RS02040']
    Key: phase, Value: ['0']
    Key: product, Value: ['hypothetical protein']
    Key: protein_id, Value: ['WP_289942872.1']
    Key: source, Value: ['GeneMarkS-2+']
    Key: transl_table, Value: ['11']

GF(None, 2542-2740 (1))
type: CDS
location: [432297:433044](+)
id: cds-WP_284249601.1
qualifiers:
    Key: Dbxref, Value: ['GenBank:WP_284249601.1']
    Key: ID, Value: ['cds-WP_284249601.1']
    Key: Name, Value: ['WP_284249601.1']
    Key: Ontology_term, Value: ['GO:0043571', 'GO:0004521']
    Key: Parent, Value: ['gene-KFZ55_RS02045']
    Key: gbkey, Value: ['CDS']
    Key: gene, Value: ['cas6']
    Key: go_function, Value: ['RNA endonuclease activity|0004521||IEA']
    Key: go_process, Value: ['maintenance of CRISPR repeat elements|0043571||IEA']
    Key: inference, Value: ['COORDINATES: protein motif:HMM:TIGR01877.1']
    Key: locus_tag, Value: ['KFZ55_RS02045']
    Key: phase, Value: ['0']
    Key: product, Value: ['CRISPR-associated endoribonuclease Cas6']
    Key: protein_id, Value: ['WP_284249601.1']
    Key: source, Value: ['Protein Homology']
    Key: transl_table, Value: ['11']

GF(CRISPR-associated endoribonuclease Cas6, 3999-4746 (1))
type: CDS
location: [433036:435325](+)
id: cds-WP_289942873.1
qualifiers:
    Key: Dbxref, Value: ['GenBank:WP_289942873.1']
    Key: ID, Value: ['cds-WP_289942873.1']
    Key: Name, Value: ['WP_289942873.1']
    Key: Ontology_term, Value: ['GO:0043571', 'GO:0003674']
    Key: Parent, Value: ['gene-KFZ55_RS02050']
    Key: gbkey, Value: ['CDS']
    Key: gene, Value: ['cas10']
    Key: go_function, Value: ['molecular_function|0003674||IEA']
    Key: go_process, Value: ['maintenance of CRISPR repeat elements|0043571||IEA']
    Key: inference, Value: ['COORDINATES: similar to AA sequence:RefSeq:WP_014608282.1']
    Key: locus_tag, Value: ['KFZ55_RS02050']
    Key: phase, Value: ['0']
    Key: product, Value: ['type III-A CRISPR-associated protein Cas10/Csm1']
    Key: protein_id, Value: ['WP_289942873.1']
    Key: source, Value: ['Protein Homology']
    Key: transl_table, Value: ['11']

GF(type III-A CRISPR-associated protein Cas10/Csm1, 4738-7027 (1))
type: CDS
location: [435333:435762](+)
id: cds-WP_289942874.1
qualifiers:
    Key: Dbxref, Value: ['GenBank:WP_289942874.1']
    Key: ID, Value: ['cds-WP_289942874.1']
    Key: Name, Value: ['WP_289942874.1']
    Key: Ontology_term, Value: ['GO:0043571', 'GO:0003674']
    Key: Parent, Value: ['gene-KFZ55_RS02055']
    Key: gbkey, Value: ['CDS']
    Key: gene, Value: ['csm2']
    Key: go_function, Value: ['molecular_function|0003674||IEA']
    Key: go_process, Value: ['maintenance of CRISPR repeat elements|0043571||IEA']
    Key: inference, Value: ['COORDINATES: similar to AA sequence:RefSeq:WP_010496921.1']
    Key: locus_tag, Value: ['KFZ55_RS02055']
    Key: phase, Value: ['0']
    Key: product, Value: ['type III-A CRISPR-associated protein Csm2']
    Key: protein_id, Value: ['WP_289942874.1']
    Key: source, Value: ['Protein Homology']
    Key: transl_table, Value: ['11']

GF(type III-A CRISPR-associated protein Csm2, 7035-7464 (1))
type: CDS
location: [435773:436448](+)
id: cds-WP_069028648.1
qualifiers:
    Key: Dbxref, Value: ['GenBank:WP_069028648.1']
    Key: ID, Value: ['cds-WP_069028648.1']
    Key: Name, Value: ['WP_069028648.1']
    Key: Ontology_term, Value: ['GO:0043571', 'GO:0003674']
    Key: Parent, Value: ['gene-KFZ55_RS02060']
    Key: gbkey, Value: ['CDS']
    Key: gene, Value: ['csm3']
    Key: go_function, Value: ['molecular_function|0003674||IEA']
    Key: go_process, Value: ['maintenance of CRISPR repeat elements|0043571||IEA']
    Key: inference, Value: ['COORDINATES: similar to AA sequence:RefSeq:WP_006148242.1']
    Key: locus_tag, Value: ['KFZ55_RS02060']
    Key: phase, Value: ['0']
    Key: product, Value: ['type III-A CRISPR-associated RAMP protein Csm3']
    Key: protein_id, Value: ['WP_069028648.1']
    Key: source, Value: ['Protein Homology']
    Key: transl_table, Value: ['11']

GF(type III-A CRISPR-associated RAMP protein Csm3, 7475-8150 (1))
type: CDS
location: [436444:437341](+)
id: cds-WP_094243910.1
qualifiers:
    Key: Dbxref, Value: ['GenBank:WP_094243910.1']
    Key: ID, Value: ['cds-WP_094243910.1']
    Key: Name, Value: ['WP_094243910.1']
    Key: Parent, Value: ['gene-KFZ55_RS02065']
    Key: gbkey, Value: ['CDS']
    Key: inference, Value: ['COORDINATES: similar to AA sequence:RefSeq:WP_019790198.1']
    Key: locus_tag, Value: ['KFZ55_RS02065']
    Key: phase, Value: ['0']
    Key: product, Value: ['type III-A CRISPR-associated RAMP protein Csm4']
    Key: protein_id, Value: ['WP_094243910.1']
    Key: source, Value: ['Protein Homology']
    Key: transl_table, Value: ['11']

GF(type III-A CRISPR-associated RAMP protein Csm4, 8146-9043 (1))
type: CDS
location: [437358:438372](+)
id: cds-WP_289942875.1
qualifiers:
    Key: Dbxref, Value: ['GenBank:WP_289942875.1']
    Key: ID, Value: ['cds-WP_289942875.1']
    Key: Name, Value: ['WP_289942875.1']
    Key: Ontology_term, Value: ['GO:0043571', 'GO:0003674']
    Key: Parent, Value: ['gene-KFZ55_RS02070']
    Key: gbkey, Value: ['CDS']
    Key: gene, Value: ['csm5']
    Key: go_function, Value: ['molecular_function|0003674||IEA']
    Key: go_process, Value: ['maintenance of CRISPR repeat elements|0043571||IEA']
    Key: inference, Value: ['COORDINATES: similar to AA sequence:RefSeq:WP_006148244.1']
    Key: locus_tag, Value: ['KFZ55_RS02070']
    Key: phase, Value: ['0']
    Key: product, Value: ['type III-A CRISPR-associated RAMP protein Csm5']
    Key: protein_id, Value: ['WP_289942875.1']
    Key: source, Value: ['Protein Homology']
    Key: transl_table, Value: ['11']

GF(type III-A CRISPR-associated RAMP protein Csm5, 9060-10074 (1))
type: CDS
location: [438373:439621](+)
id: cds-WP_289942876.1
qualifiers:
    Key: Dbxref, Value: ['GenBank:WP_289942876.1']
    Key: ID, Value: ['cds-WP_289942876.1']
    Key: Name, Value: ['WP_289942876.1']
    Key: Ontology_term, Value: ['GO:0043571', 'GO:0003674']
    Key: Parent, Value: ['gene-KFZ55_RS02075']
    Key: gbkey, Value: ['CDS']
    Key: gene, Value: ['csm6']
    Key: go_function, Value: ['molecular_function|0003674||IEA']
    Key: go_process, Value: ['maintenance of CRISPR repeat elements|0043571||IEA']
    Key: inference, Value: ['COORDINATES: protein motif:HMM:TIGR02672.1']
    Key: locus_tag, Value: ['KFZ55_RS02075']
    Key: phase, Value: ['0']
    Key: product, Value: ['type III-A CRISPR-associated CARF protein Csm6']
    Key: protein_id, Value: ['WP_289942876.1']
    Key: source, Value: ['Protein Homology']
    Key: transl_table, Value: ['11']

GF(type III-A CRISPR-associated CARF protein Csm6, 10075-11323 (1))
type: CDS
location: [441497:442406](+)
id: cds-WP_253210192.1
qualifiers:
    Key: Dbxref, Value: ['GenBank:WP_253210192.1']
    Key: ID, Value: ['cds-WP_253210192.1']
    Key: Name, Value: ['WP_253210192.1']
    Key: Ontology_term, Value: ['GO:0043571', 'GO:0051607', 'GO:0003676', 'GO:0004520', 'GO:0046872']
    Key: Parent, Value: ['gene-KFZ55_RS02080']
    Key: gbkey, Value: ['CDS']
    Key: gene, Value: ['cas1']
    Key: go_function, Value: ['nucleic acid binding|0003676||IEA', 'DNA endonuclease activity|0004520||IEA', 'metal ion binding|0046872||IEA']
    Key: go_process, Value: ['maintenance of CRISPR repeat elements|0043571||IEA', 'defense response to virus|0051607||IEA']
    Key: inference, Value: ['COORDINATES: similar to AA sequence:RefSeq:WP_007208960.1']
    Key: locus_tag, Value: ['KFZ55_RS02080']
    Key: phase, Value: ['0']
    Key: product, Value: ['type II CRISPR-associated endonuclease Cas1']
    Key: protein_id, Value: ['WP_253210192.1']
    Key: source, Value: ['Protein Homology']
    Key: transl_table, Value: ['11']

GF(type II CRISPR-associated endonuclease Cas1, 13199-14108 (1))
type: CDS
location: [442406:442712](+)
id: cds-WP_284249612.1
qualifiers:
    Key: Dbxref, Value: ['GenBank:WP_284249612.1']
    Key: ID, Value: ['cds-WP_284249612.1']
    Key: Name, Value: ['WP_284249612.1']
    Key: Ontology_term, Value: ['GO:0043571', 'GO:0004521']
    Key: Parent, Value: ['gene-KFZ55_RS02085']
    Key: gbkey, Value: ['CDS']
    Key: gene, Value: ['cas2']
    Key: go_function, Value: ['RNA endonuclease activity|0004521||IEA']
    Key: go_process, Value: ['maintenance of CRISPR repeat elements|0043571||IEA']
    Key: inference, Value: ['COORDINATES: similar to AA sequence:RefSeq:WP_003704026.1']
    Key: locus_tag, Value: ['KFZ55_RS02085']
    Key: phase, Value: ['0']
    Key: product, Value: ['CRISPR-associated endonuclease Cas2']
    Key: protein_id, Value: ['WP_284249612.1']
    Key: source, Value: ['Protein Homology']
    Key: transl_table, Value: ['11']

GF(CRISPR-associated endonuclease Cas2, 14108-14414 (1))
type: CDS
location: [443684:445115](+)
id: cds-WP_014123813.1
qualifiers:
    Key: Dbxref, Value: ['GenBank:WP_014123813.1']
    Key: ID, Value: ['cds-WP_014123813.1']
    Key: Name, Value: ['WP_014123813.1']
    Key: Ontology_term, Value: ['GO:0004803']
    Key: Parent, Value: ['gene-KFZ55_RS02090']
    Key: gbkey, Value: ['CDS']
    Key: go_function, Value: ['transposase activity|0004803||IEA']
    Key: inference, Value: ['COORDINATES: similar to AA sequence:RefSeq:WP_014123813.1']
    Key: locus_tag, Value: ['KFZ55_RS02090']
    Key: phase, Value: ['0']
    Key: product, Value: ['IS5 family transposase']
    Key: protein_id, Value: ['WP_014123813.1']
    Key: source, Value: ['Protein Homology']
    Key: transl_table, Value: ['11']

GF(IS5 family transposase, 15386-16817 (1))
type: CDS
location: [445186:446278](+)
id: cds-WP_289942877.1
qualifiers:
    Key: Dbxref, Value: ['GenBank:WP_289942877.1']
    Key: ID, Value: ['cds-WP_289942877.1']
    Key: Name, Value: ['WP_289942877.1']
    Key: Ontology_term, Value: ['GO:0000271', 'GO:0003979', 'GO:0016616', 'GO:0051287']
    Key: Parent, Value: ['gene-KFZ55_RS02095']
    Key: gbkey, Value: ['CDS']
    Key: go_function, Value: ['UDP-glucose 6-dehydrogenase activity|0003979||IEA', 'oxidoreductase activity, acting on the CH-OH group of donors, NAD or NADP as acceptor|0016616||IEA', 'NAD binding|0051287||IEA']
    Key: go_process, Value: ['polysaccharide biosynthetic process|0000271||IEA']
    Key: inference, Value: ['COORDINATES: similar to AA sequence:RefSeq:WP_005234996.1']
    Key: locus_tag, Value: ['KFZ55_RS02095']
    Key: phase, Value: ['0']
    Key: product, Value: ['nucleotide sugar dehydrogenase']
    Key: protein_id, Value: ['WP_289942877.1']
    Key: source, Value: ['Protein Homology']
    Key: transl_table, Value: ['11']

GF(nucleotide sugar dehydrogenase, 16888-17980 (1))
type: repeat_region
location: [439766:441456](+)
id: NZ_CP074114.1_1
qualifiers:
    Key: Dbxref, Value: ['SO:0001459']
    Key: ID, Value: ['NZ_CP074114.1_1']
    Key: Note, Value: ['AATAGATACCTAACCCCATTATTAGGGGACGAGAAC']
    Key: Ontology_term, Value: ['CRISPR']
    Key: score, Value: ['1690']
    Key: source, Value: ['CCTyper']

GF(Repeat region, 11468-13158 (0))
graphic feature from known effectors: GF(csm6-ca6, 10076-11323 (1))
[GF(Dam family site-specific DNA-(adenine-N6)-methyltransferase, 400-2380 (-1)), GF(None, 2542-2740 (1)), GF(CRISPR-associated endoribonuclease Cas6, 3999-4746 (1)), GF(type III-A CRISPR-associated protein Cas10/Csm1, 4738-7027 (1)), GF(type III-A CRISPR-associated protein Csm2, 7035-7464 (1)), GF(type III-A CRISPR-associated RAMP protein Csm3, 7475-8150 (1)), GF(type III-A CRISPR-associated RAMP protein Csm4, 8146-9043 (1)), GF(type III-A CRISPR-associated RAMP protein Csm5, 9060-10074 (1)), GF(type III-A CRISPR-associated CARF protein Csm6, 10075-11323 (1)), GF(type II CRISPR-associated endonuclease Cas1, 13199-14108 (1)), GF(CRISPR-associated endonuclease Cas2, 14108-14414 (1)), GF(IS5 family transposase, 15386-16817 (1)), GF(nucleotide sugar dehydrogenase, 16888-17980 (1)), GF(Repeat region, 11468-13158 (0)), GF(csm6-ca6, 10076-11323 (1)), GF(CRISPR-Cas locus, 4000-14414 (0))]
