Cas operons file:    Unnamed: 0       Contig  ...           locus_id           sample
0           2  NC_019678.1  ...  GCF_000316665.1_2  GCF_000316665.1

[1 rows x 19 columns]
The chosen contig: NC_019678.1
type: CDS
location: [6173938:6174184](-)
id: cds-WP_015120897.1
qualifiers:
    Key: Dbxref, Value: ['GenBank:WP_015120897.1']
    Key: ID, Value: ['cds-WP_015120897.1']
    Key: Name, Value: ['WP_015120897.1']
    Key: Parent, Value: ['gene-RIV7116_RS23875']
    Key: gbkey, Value: ['CDS']
    Key: inference, Value: ['COORDINATES: similar to AA sequence:RefSeq:WP_015117934.1']
    Key: locus_tag, Value: ['RIV7116_RS23875']
    Key: phase, Value: ['0']
    Key: product, Value: ['hypothetical protein']
    Key: protein_id, Value: ['WP_015120897.1']
    Key: source, Value: ['Protein Homology']
    Key: transl_table, Value: ['11']

GF(None, 2445-2691 (-1))
type: CDS
location: [6174283:6174718](-)
id: cds-WP_015120898.1
qualifiers:
    Key: Dbxref, Value: ['GenBank:WP_015120898.1']
    Key: ID, Value: ['cds-WP_015120898.1']
    Key: Name, Value: ['WP_015120898.1']
    Key: Parent, Value: ['gene-RIV7116_RS23880']
    Key: gbkey, Value: ['CDS']
    Key: inference, Value: ['COORDINATES: ab initio prediction:GeneMarkS-2+']
    Key: locus_tag, Value: ['RIV7116_RS23880']
    Key: phase, Value: ['0']
    Key: product, Value: ['hypothetical protein']
    Key: protein_id, Value: ['WP_015120898.1']
    Key: source, Value: ['GeneMarkS-2+']
    Key: transl_table, Value: ['11']

GF(None, 2790-3225 (-1))
type: CDS
location: [6174985:6175342](-)
id: cds-WP_015120899.1
qualifiers:
    Key: Dbxref, Value: ['GenBank:WP_015120899.1']
    Key: ID, Value: ['cds-WP_015120899.1']
    Key: Name, Value: ['WP_015120899.1']
    Key: Parent, Value: ['gene-RIV7116_RS23885']
    Key: gbkey, Value: ['CDS']
    Key: inference, Value: ['COORDINATES: ab initio prediction:GeneMarkS-2+']
    Key: locus_tag, Value: ['RIV7116_RS23885']
    Key: phase, Value: ['0']
    Key: product, Value: ['hypothetical protein']
    Key: protein_id, Value: ['WP_015120899.1']
    Key: source, Value: ['GeneMarkS-2+']
    Key: transl_table, Value: ['11']

GF(None, 3492-3849 (-1))
type: CDS
location: [6175492:6177022](+)
id: cds-WP_015120900.1
qualifiers:
    Key: Dbxref, Value: ['GenBank:WP_015120900.1']
    Key: ID, Value: ['cds-WP_015120900.1']
    Key: Name, Value: ['WP_015120900.1']
    Key: Parent, Value: ['gene-RIV7116_RS23890']
    Key: gbkey, Value: ['CDS']
    Key: inference, Value: ['COORDINATES: similar to AA sequence:RefSeq:WP_017315162.1']
    Key: locus_tag, Value: ['RIV7116_RS23890']
    Key: phase, Value: ['0']
    Key: product, Value: ['TIGR03985 family CRISPR-associated protein']
    Key: protein_id, Value: ['WP_015120900.1']
    Key: source, Value: ['Protein Homology']
    Key: transl_table, Value: ['11']

GF(TIGR03985 family CRISPR-associated protein, 3999-5529 (1))
type: CDS
location: [6177291:6177882](+)
id: cds-WP_015120901.1
qualifiers:
    Key: Dbxref, Value: ['GenBank:WP_015120901.1']
    Key: ID, Value: ['cds-WP_015120901.1']
    Key: Name, Value: ['WP_015120901.1']
    Key: Parent, Value: ['gene-RIV7116_RS23895']
    Key: gbkey, Value: ['CDS']
    Key: inference, Value: ['COORDINATES: similar to AA sequence:RefSeq:WP_017746855.1']
    Key: locus_tag, Value: ['RIV7116_RS23895']
    Key: phase, Value: ['0']
    Key: product, Value: ['HD domain-containing protein']
    Key: protein_id, Value: ['WP_015120901.1']
    Key: source, Value: ['Protein Homology']
    Key: transl_table, Value: ['11']

GF(HD domain-containing protein, 5798-6389 (1))
type: CDS
location: [6178419:6179382](+)
id: cds-WP_015120902.1
qualifiers:
    Key: Dbxref, Value: ['GenBank:WP_015120902.1']
    Key: ID, Value: ['cds-WP_015120902.1']
    Key: Name, Value: ['WP_015120902.1']
    Key: Parent, Value: ['gene-RIV7116_RS23900']
    Key: gbkey, Value: ['CDS']
    Key: inference, Value: ['COORDINATES: similar to AA sequence:RefSeq:WP_017746854.1']
    Key: locus_tag, Value: ['RIV7116_RS23900']
    Key: phase, Value: ['0']
    Key: product, Value: ['reverse transcriptase domain-containing protein']
    Key: protein_id, Value: ['WP_015120902.1']
    Key: source, Value: ['Protein Homology']
    Key: transl_table, Value: ['11']

GF(reverse transcriptase domain-containing protein, 6926-7889 (1))
type: CDS
location: [6179426:6180551](+)
id: cds-WP_015120903.1
qualifiers:
    Key: Dbxref, Value: ['GenBank:WP_015120903.1']
    Key: ID, Value: ['cds-WP_015120903.1']
    Key: Name, Value: ['WP_015120903.1']
    Key: Ontology_term, Value: ['GO:0043571', 'GO:0004520', 'GO:0046872']
    Key: Parent, Value: ['gene-RIV7116_RS23905']
    Key: gbkey, Value: ['CDS']
    Key: gene, Value: ['cas1']
    Key: go_function, Value: ['DNA endonuclease activity|0004520||IEA', 'metal ion binding|0046872||IEA']
    Key: go_process, Value: ['maintenance of CRISPR repeat elements|0043571||IEA']
    Key: inference, Value: ['COORDINATES: similar to AA sequence:RefSeq:WP_017746853.1']
    Key: locus_tag, Value: ['RIV7116_RS23905']
    Key: phase, Value: ['0']
    Key: product, Value: ['CRISPR-associated endonuclease Cas1']
    Key: protein_id, Value: ['WP_015120903.1']
    Key: source, Value: ['Protein Homology']
    Key: transl_table, Value: ['11']

GF(CRISPR-associated endonuclease Cas1, 7933-9058 (1))
type: CDS
location: [6180649:6180925](+)
id: cds-WP_015120904.1
qualifiers:
    Key: Dbxref, Value: ['GenBank:WP_015120904.1']
    Key: ID, Value: ['cds-WP_015120904.1']
    Key: Name, Value: ['WP_015120904.1']
    Key: Ontology_term, Value: ['GO:0043571', 'GO:0004521']
    Key: Parent, Value: ['gene-RIV7116_RS23910']
    Key: gbkey, Value: ['CDS']
    Key: gene, Value: ['cas2']
    Key: go_function, Value: ['RNA endonuclease activity|0004521||IEA']
    Key: go_process, Value: ['maintenance of CRISPR repeat elements|0043571||IEA']
    Key: inference, Value: ['COORDINATES: similar to AA sequence:RefSeq:WP_017307932.1']
    Key: locus_tag, Value: ['RIV7116_RS23910']
    Key: phase, Value: ['0']
    Key: product, Value: ['CRISPR-associated endonuclease Cas2']
    Key: protein_id, Value: ['WP_015120904.1']
    Key: source, Value: ['Protein Homology']
    Key: transl_table, Value: ['11']

GF(CRISPR-associated endonuclease Cas2, 9156-9432 (1))
type: CDS
location: [6188914:6191641](+)
id: cds-WP_015120905.1
qualifiers:
    Key: Dbxref, Value: ['GenBank:WP_015120905.1']
    Key: ID, Value: ['cds-WP_015120905.1']
    Key: Name, Value: ['WP_015120905.1']
    Key: Ontology_term, Value: ['GO:0015074']
    Key: Parent, Value: ['gene-RIV7116_RS23915']
    Key: gbkey, Value: ['CDS']
    Key: go_process, Value: ['DNA integration|0015074||IEA']
    Key: inference, Value: ['COORDINATES: similar to AA sequence:RefSeq:WP_012412793.1']
    Key: locus_tag, Value: ['RIV7116_RS23915']
    Key: phase, Value: ['0']
    Key: product, Value: ['DDE-type integrase/transposase/recombinase']
    Key: protein_id, Value: ['WP_015120905.1']
    Key: source, Value: ['Protein Homology']
    Key: transl_table, Value: ['11']

GF(DDE-type integrase/transposase/recombinase, 17421-20148 (1))
type: CDS
location: [6191637:6192771](+)
id: cds-WP_015120906.1
qualifiers:
    Key: Dbxref, Value: ['GenBank:WP_015120906.1']
    Key: ID, Value: ['cds-WP_015120906.1']
    Key: Name, Value: ['WP_015120906.1']
    Key: Ontology_term, Value: ['GO:0005524']
    Key: Parent, Value: ['gene-RIV7116_RS23920']
    Key: gbkey, Value: ['CDS']
    Key: go_function, Value: ['ATP binding|0005524||IEA']
    Key: inference, Value: ['COORDINATES: similar to AA sequence:RefSeq:WP_012412792.1']
    Key: locus_tag, Value: ['RIV7116_RS23920']
    Key: phase, Value: ['0']
    Key: product, Value: ['ATP-binding protein']
    Key: protein_id, Value: ['WP_015120906.1']
    Key: source, Value: ['Protein Homology']
    Key: transl_table, Value: ['11']

GF(ATP-binding protein, 20144-21278 (1))
type: CDS
location: [6192760:6194158](+)
id: cds-WP_015120907.1
qualifiers:
    Key: Dbxref, Value: ['GenBank:WP_015120907.1']
    Key: ID, Value: ['cds-WP_015120907.1']
    Key: Name, Value: ['WP_015120907.1']
    Key: Parent, Value: ['gene-RIV7116_RS23925']
    Key: gbkey, Value: ['CDS']
    Key: inference, Value: ['COORDINATES: similar to AA sequence:RefSeq:WP_012412791.1']
    Key: locus_tag, Value: ['RIV7116_RS23925']
    Key: phase, Value: ['0']
    Key: product, Value: ['helix-turn-helix domain-containing protein']
    Key: protein_id, Value: ['WP_015120907.1']
    Key: source, Value: ['Protein Homology']
    Key: transl_table, Value: ['11']

GF(helix-turn-helix domain-containing protein, 21267-22665 (1))
type: CDS
location: [6194750:6195404](-)
id: cds-WP_015120908.1
qualifiers:
    Key: Dbxref, Value: ['GenBank:WP_015120908.1']
    Key: ID, Value: ['cds-WP_015120908.1']
    Key: Name, Value: ['WP_015120908.1']
    Key: Parent, Value: ['gene-RIV7116_RS23930']
    Key: gbkey, Value: ['CDS']
    Key: inference, Value: ['COORDINATES: ab initio prediction:GeneMarkS-2+']
    Key: locus_tag, Value: ['RIV7116_RS23930']
    Key: phase, Value: ['0']
    Key: product, Value: ['hypothetical protein']
    Key: protein_id, Value: ['WP_015120908.1']
    Key: source, Value: ['GeneMarkS-2+']
    Key: transl_table, Value: ['11']

GF(None, 23257-23911 (-1))
type: CDS
location: [6195458:6195911](-)
id: cds-WP_015120909.1
qualifiers:
    Key: Dbxref, Value: ['GenBank:WP_015120909.1']
    Key: ID, Value: ['cds-WP_015120909.1']
    Key: Name, Value: ['WP_015120909.1']
    Key: Parent, Value: ['gene-RIV7116_RS23935']
    Key: gbkey, Value: ['CDS']
    Key: inference, Value: ['COORDINATES: protein motif:HMM:NF024822.2']
    Key: locus_tag, Value: ['RIV7116_RS23935']
    Key: phase, Value: ['0']
    Key: product, Value: ['DUF4112 domain-containing protein']
    Key: protein_id, Value: ['WP_015120909.1']
    Key: source, Value: ['Protein Homology']
    Key: transl_table, Value: ['11']

GF(DUF4112 domain-containing protein, 23965-24418 (-1))
type: CDS
location: [6196256:6196832](+)
id: cds-WP_015120910.1
qualifiers:
    Key: Dbxref, Value: ['GenBank:WP_015120910.1']
    Key: ID, Value: ['cds-WP_015120910.1']
    Key: Name, Value: ['WP_015120910.1']
    Key: Parent, Value: ['gene-RIV7116_RS23940']
    Key: gbkey, Value: ['CDS']
    Key: inference, Value: ['COORDINATES: similar to AA sequence:RefSeq:WP_017746829.1']
    Key: locus_tag, Value: ['RIV7116_RS23940']
    Key: phase, Value: ['0']
    Key: product, Value: ['NYN domain-containing protein']
    Key: protein_id, Value: ['WP_015120910.1']
    Key: source, Value: ['Protein Homology']
    Key: transl_table, Value: ['11']

GF(NYN domain-containing protein, 24763-25339 (1))
type: CDS
location: [6196874:6197222](+)
id: cds-WP_015120911.1
qualifiers:
    Key: Dbxref, Value: ['GenBank:WP_015120911.1']
    Key: ID, Value: ['cds-WP_015120911.1']
    Key: Name, Value: ['WP_015120911.1']
    Key: Parent, Value: ['gene-RIV7116_RS23945']
    Key: gbkey, Value: ['CDS']
    Key: inference, Value: ['COORDINATES: similar to AA sequence:RefSeq:WP_017746830.1']
    Key: locus_tag, Value: ['RIV7116_RS23945']
    Key: phase, Value: ['0']
    Key: product, Value: ['hypothetical protein']
    Key: protein_id, Value: ['WP_015120911.1']
    Key: source, Value: ['Protein Homology']
    Key: transl_table, Value: ['11']

GF(None, 25381-25729 (1))
type: CDS
location: [6197382:6197601](+)
id: cds-WP_015120912.1
qualifiers:
    Key: Dbxref, Value: ['GenBank:WP_015120912.1']
    Key: ID, Value: ['cds-WP_015120912.1']
    Key: Name, Value: ['WP_015120912.1']
    Key: Parent, Value: ['gene-RIV7116_RS23950']
    Key: gbkey, Value: ['CDS']
    Key: inference, Value: ['COORDINATES: similar to AA sequence:RefSeq:WP_017750141.1']
    Key: locus_tag, Value: ['RIV7116_RS23950']
    Key: phase, Value: ['0']
    Key: product, Value: ['hypothetical protein']
    Key: protein_id, Value: ['WP_015120912.1']
    Key: source, Value: ['Protein Homology']
    Key: transl_table, Value: ['11']

GF(None, 25889-26108 (1))
type: CDS
location: [6197626:6198112](+)
id: cds-WP_015120913.1
qualifiers:
    Key: Dbxref, Value: ['GenBank:WP_015120913.1']
    Key: ID, Value: ['cds-WP_015120913.1']
    Key: Name, Value: ['WP_015120913.1']
    Key: Parent, Value: ['gene-RIV7116_RS23955']
    Key: gbkey, Value: ['CDS']
    Key: inference, Value: ['COORDINATES: similar to AA sequence:RefSeq:WP_017746832.1']
    Key: locus_tag, Value: ['RIV7116_RS23955']
    Key: phase, Value: ['0']
    Key: product, Value: ['hypothetical protein']
    Key: protein_id, Value: ['WP_015120913.1']
    Key: source, Value: ['Protein Homology']
    Key: transl_table, Value: ['11']

GF(None, 26133-26619 (1))
type: CDS
location: [6198303:6199731](+)
id: cds-WP_015120914.1
qualifiers:
    Key: Dbxref, Value: ['GenBank:WP_015120914.1']
    Key: ID, Value: ['cds-WP_015120914.1']
    Key: Name, Value: ['WP_015120914.1']
    Key: Parent, Value: ['gene-RIV7116_RS23960']
    Key: gbkey, Value: ['CDS']
    Key: inference, Value: ['COORDINATES: similar to AA sequence:RefSeq:WP_017315172.1']
    Key: locus_tag, Value: ['RIV7116_RS23960']
    Key: phase, Value: ['0']
    Key: product, Value: ['ThiF family adenylyltransferase']
    Key: protein_id, Value: ['WP_015120914.1']
    Key: source, Value: ['Protein Homology']
    Key: transl_table, Value: ['11']

GF(ThiF family adenylyltransferase, 26810-28238 (1))
type: CDS
location: [6199764:6200511](+)
id: cds-WP_015120915.1
qualifiers:
    Key: Dbxref, Value: ['GenBank:WP_015120915.1']
    Key: ID, Value: ['cds-WP_015120915.1']
    Key: Name, Value: ['WP_015120915.1']
    Key: Ontology_term, Value: ['GO:0006508', 'GO:0004222']
    Key: Parent, Value: ['gene-RIV7116_RS23965']
    Key: gbkey, Value: ['CDS']
    Key: go_function, Value: ['metalloendopeptidase activity|0004222||IEA']
    Key: go_process, Value: ['proteolysis|0006508||IEA']
    Key: inference, Value: ['COORDINATES: protein motif:HMM:NF013594.2']
    Key: locus_tag, Value: ['RIV7116_RS23965']
    Key: phase, Value: ['0']
    Key: product, Value: ['M48 family metalloprotease']
    Key: protein_id, Value: ['WP_015120915.1']
    Key: source, Value: ['Protein Homology']
    Key: transl_table, Value: ['11']

GF(M48 family metalloprotease, 28271-29018 (1))
type: CDS
location: [6200523:6202047](-)
id: cds-WP_015120916.1
qualifiers:
    Key: Dbxref, Value: ['GenBank:WP_015120916.1']
    Key: ID, Value: ['cds-WP_015120916.1']
    Key: Name, Value: ['WP_015120916.1']
    Key: Ontology_term, Value: ['GO:0004803']
    Key: Parent, Value: ['gene-RIV7116_RS23970']
    Key: gbkey, Value: ['CDS']
    Key: go_function, Value: ['transposase activity|0004803||IEA']
    Key: inference, Value: ['COORDINATES: similar to AA sequence:RefSeq:WP_015118953.1']
    Key: locus_tag, Value: ['RIV7116_RS23970']
    Key: phase, Value: ['0']
    Key: product, Value: ['hypothetical protein']
    Key: protein_id, Value: ['WP_015120916.1']
    Key: source, Value: ['Protein Homology']
    Key: transl_table, Value: ['11']

GF(None, 29030-30554 (-1))
type: CDS
location: [6202159:6202327](+)
id: cds-WP_157229320.1
qualifiers:
    Key: Dbxref, Value: ['GenBank:WP_157229320.1']
    Key: ID, Value: ['cds-WP_157229320.1']
    Key: Name, Value: ['WP_157229320.1']
    Key: Parent, Value: ['gene-RIV7116_RS23975']
    Key: gbkey, Value: ['CDS']
    Key: inference, Value: ['COORDINATES: ab initio prediction:GeneMarkS-2+']
    Key: locus_tag, Value: ['RIV7116_RS23975']
    Key: phase, Value: ['0']
    Key: product, Value: ['hypothetical protein']
    Key: protein_id, Value: ['WP_157229320.1']
    Key: source, Value: ['GeneMarkS-2+']
    Key: transl_table, Value: ['11']

GF(None, 30666-30834 (1))
type: CDS
location: [6202395:6202698](+)
id: cds-WP_044291153.1
qualifiers:
    Key: Dbxref, Value: ['GenBank:WP_044291153.1']
    Key: ID, Value: ['cds-WP_044291153.1']
    Key: Name, Value: ['WP_044291153.1']
    Key: Ontology_term, Value: ['GO:0006508', 'GO:0004222']
    Key: Parent, Value: ['gene-RIV7116_RS23980']
    Key: gbkey, Value: ['CDS']
    Key: go_function, Value: ['metalloendopeptidase activity|0004222||IEA']
    Key: go_process, Value: ['proteolysis|0006508||IEA']
    Key: inference, Value: ['COORDINATES: protein motif:HMM:NF013594.2']
    Key: locus_tag, Value: ['RIV7116_RS23980']
    Key: phase, Value: ['0']
    Key: product, Value: ['M48 family metalloprotease']
    Key: protein_id, Value: ['WP_044291153.1']
    Key: source, Value: ['Protein Homology']
    Key: transl_table, Value: ['11']

GF(M48 family metalloprotease, 30902-31205 (1))
type: CDS
location: [6202967:6203957](+)
id: cds-WP_015120918.1
qualifiers:
    Key: Dbxref, Value: ['GenBank:WP_015120918.1']
    Key: ID, Value: ['cds-WP_015120918.1']
    Key: Name, Value: ['WP_015120918.1']
    Key: Parent, Value: ['gene-RIV7116_RS23985']
    Key: gbkey, Value: ['CDS']
    Key: inference, Value: ['COORDINATES: similar to AA sequence:RefSeq:WP_017315173.1']
    Key: locus_tag, Value: ['RIV7116_RS23985']
    Key: phase, Value: ['0']
    Key: product, Value: ['hypothetical protein']
    Key: protein_id, Value: ['WP_015120918.1']
    Key: source, Value: ['Protein Homology']
    Key: transl_table, Value: ['11']

GF(None, 31474-32464 (1))
type: CDS
location: [6205328:6207194](+)
id: cds-WP_015120920.1
qualifiers:
    Key: Dbxref, Value: ['GenBank:WP_015120920.1']
    Key: ID, Value: ['cds-WP_015120920.1']
    Key: Name, Value: ['WP_015120920.1']
    Key: Parent, Value: ['gene-RIV7116_RS23995']
    Key: gbkey, Value: ['CDS']
    Key: inference, Value: ['COORDINATES: similar to AA sequence:RefSeq:WP_017746841.1']
    Key: locus_tag, Value: ['RIV7116_RS23995']
    Key: phase, Value: ['0']
    Key: product, Value: ['type III-B CRISPR-associated protein Cas10/Cmr2']
    Key: protein_id, Value: ['WP_015120920.1']
    Key: source, Value: ['Protein Homology']
    Key: transl_table, Value: ['11']

GF(type III-B CRISPR-associated protein Cas10/Cmr2, 33835-35701 (1))
type: CDS
location: [6207181:6208324](+)
id: cds-WP_015120921.1
qualifiers:
    Key: Dbxref, Value: ['GenBank:WP_015120921.1']
    Key: ID, Value: ['cds-WP_015120921.1']
    Key: Name, Value: ['WP_015120921.1']
    Key: Parent, Value: ['gene-RIV7116_RS24000']
    Key: gbkey, Value: ['CDS']
    Key: inference, Value: ['COORDINATES: similar to AA sequence:RefSeq:WP_017746842.1']
    Key: locus_tag, Value: ['RIV7116_RS24000']
    Key: phase, Value: ['0']
    Key: product, Value: ['type III-B CRISPR module-associated Cmr3 family protein']
    Key: protein_id, Value: ['WP_015120921.1']
    Key: source, Value: ['Protein Homology']
    Key: transl_table, Value: ['11']

GF(type III-B CRISPR module-associated Cmr3 family protein, 35688-36831 (1))
type: CDS
location: [6208422:6209232](+)
id: cds-WP_015120922.1
qualifiers:
    Key: Dbxref, Value: ['GenBank:WP_015120922.1']
    Key: ID, Value: ['cds-WP_015120922.1']
    Key: Name, Value: ['WP_015120922.1']
    Key: Parent, Value: ['gene-RIV7116_RS24005']
    Key: gbkey, Value: ['CDS']
    Key: inference, Value: ['COORDINATES: similar to AA sequence:RefSeq:WP_017315176.1']
    Key: locus_tag, Value: ['RIV7116_RS24005']
    Key: phase, Value: ['0']
    Key: product, Value: ['RAMP superfamily CRISPR-associated protein']
    Key: protein_id, Value: ['WP_015120922.1']
    Key: source, Value: ['Protein Homology']
    Key: transl_table, Value: ['11']

GF(RAMP superfamily CRISPR-associated protein, 36929-37739 (1))
type: CDS
location: [6209234:6209627](+)
id: cds-WP_015120923.1
qualifiers:
    Key: Dbxref, Value: ['GenBank:WP_015120923.1']
    Key: ID, Value: ['cds-WP_015120923.1']
    Key: Name, Value: ['WP_015120923.1']
    Key: Parent, Value: ['gene-RIV7116_RS24010']
    Key: gbkey, Value: ['CDS']
    Key: inference, Value: ['COORDINATES: similar to AA sequence:RefSeq:WP_017315177.1']
    Key: locus_tag, Value: ['RIV7116_RS24010']
    Key: phase, Value: ['0']
    Key: product, Value: ['hypothetical protein']
    Key: protein_id, Value: ['WP_015120923.1']
    Key: source, Value: ['Protein Homology']
    Key: transl_table, Value: ['11']

GF(None, 37741-38134 (1))
type: CDS
location: [6209849:6211526](+)
id: cds-WP_015120924.1
qualifiers:
    Key: Dbxref, Value: ['GenBank:WP_015120924.1']
    Key: ID, Value: ['cds-WP_015120924.1']
    Key: Name, Value: ['WP_015120924.1']
    Key: Parent, Value: ['gene-RIV7116_RS24015']
    Key: gbkey, Value: ['CDS']
    Key: inference, Value: ['COORDINATES: similar to AA sequence:RefSeq:WP_017315178.1']
    Key: locus_tag, Value: ['RIV7116_RS24015']
    Key: phase, Value: ['0']
    Key: product, Value: ['hypothetical protein']
    Key: protein_id, Value: ['WP_015120924.1']
    Key: source, Value: ['Protein Homology']
    Key: transl_table, Value: ['11']

GF(None, 38356-40033 (1))
type: CDS
location: [6211553:6212693](+)
id: cds-WP_015120925.1
qualifiers:
    Key: Dbxref, Value: ['GenBank:WP_015120925.1']
    Key: ID, Value: ['cds-WP_015120925.1']
    Key: Name, Value: ['WP_015120925.1']
    Key: Parent, Value: ['gene-RIV7116_RS24020']
    Key: gbkey, Value: ['CDS']
    Key: inference, Value: ['COORDINATES: similar to AA sequence:RefSeq:WP_017315179.1']
    Key: locus_tag, Value: ['RIV7116_RS24020']
    Key: phase, Value: ['0']
    Key: product, Value: ['hypothetical protein']
    Key: protein_id, Value: ['WP_015120925.1']
    Key: source, Value: ['Protein Homology']
    Key: transl_table, Value: ['11']

GF(None, 40060-41200 (1))
type: CDS
location: [6213595:6214321](-)
id: cds-WP_015120926.1
qualifiers:
    Key: Dbxref, Value: ['GenBank:WP_015120926.1']
    Key: ID, Value: ['cds-WP_015120926.1']
    Key: Name, Value: ['WP_015120926.1']
    Key: Parent, Value: ['gene-RIV7116_RS24025']
    Key: gbkey, Value: ['CDS']
    Key: inference, Value: ['COORDINATES: similar to AA sequence:RefSeq:WP_017746839.1']
    Key: locus_tag, Value: ['RIV7116_RS24025']
    Key: phase, Value: ['0']
    Key: product, Value: ['CRISPR-associated protein']
    Key: protein_id, Value: ['WP_015120926.1']
    Key: source, Value: ['Protein Homology']
    Key: transl_table, Value: ['11']

GF(CRISPR-associated protein, 42102-42828 (-1))
type: CDS
location: [6214512:6216240](-)
id: cds-WP_015120927.1
qualifiers:
    Key: Dbxref, Value: ['GenBank:WP_015120927.1']
    Key: ID, Value: ['cds-WP_015120927.1']
    Key: Name, Value: ['WP_015120927.1']
    Key: Parent, Value: ['gene-RIV7116_RS36560']
    Key: gbkey, Value: ['CDS']
    Key: inference, Value: ['COORDINATES: similar to AA sequence:RefSeq:WP_019496839.1']
    Key: locus_tag, Value: ['RIV7116_RS36560']
    Key: phase, Value: ['0']
    Key: product, Value: ['hypothetical protein']
    Key: protein_id, Value: ['WP_015120927.1']
    Key: source, Value: ['Protein Homology']
    Key: transl_table, Value: ['11']

GF(None, 43019-44747 (-1))
type: CDS
location: [6216316:6216949](-)
id: cds-WP_015120928.1
qualifiers:
    Key: Dbxref, Value: ['GenBank:WP_015120928.1']
    Key: ID, Value: ['cds-WP_015120928.1']
    Key: Name, Value: ['WP_015120928.1']
    Key: Parent, Value: ['gene-RIV7116_RS24035']
    Key: gbkey, Value: ['CDS']
    Key: inference, Value: ['COORDINATES: similar to AA sequence:RefSeq:WP_011316680.1']
    Key: locus_tag, Value: ['RIV7116_RS24035']
    Key: phase, Value: ['0']
    Key: product, Value: ['hypothetical protein']
    Key: protein_id, Value: ['WP_015120928.1']
    Key: source, Value: ['Protein Homology']
    Key: transl_table, Value: ['11']

GF(None, 44823-45456 (-1))
type: CDS
location: [6217142:6217316](+)
id: cds-WP_232435719.1
qualifiers:
    Key: Dbxref, Value: ['GenBank:WP_232435719.1']
    Key: ID, Value: ['cds-WP_232435719.1']
    Key: Name, Value: ['WP_232435719.1']
    Key: Parent, Value: ['gene-RIV7116_RS36010']
    Key: gbkey, Value: ['CDS']
    Key: inference, Value: ['COORDINATES: similar to AA sequence:RefSeq:WP_013190360.1']
    Key: locus_tag, Value: ['RIV7116_RS36010']
    Key: phase, Value: ['0']
    Key: product, Value: ['plasmid partition protein ParG']
    Key: protein_id, Value: ['WP_232435719.1']
    Key: source, Value: ['Protein Homology']
    Key: transl_table, Value: ['11']

GF(plasmid partition protein ParG, 45649-45823 (1))
type: CDS
location: [6217461:6217599](+)
id: cds-WP_015120929.1
qualifiers:
    Key: Dbxref, Value: ['GenBank:WP_015120929.1']
    Key: ID, Value: ['cds-WP_015120929.1']
    Key: Name, Value: ['WP_015120929.1']
    Key: Parent, Value: ['gene-RIV7116_RS37105']
    Key: gbkey, Value: ['CDS']
    Key: inference, Value: ['COORDINATES: ab initio prediction:GeneMarkS-2+']
    Key: locus_tag, Value: ['RIV7116_RS37105']
    Key: phase, Value: ['0']
    Key: product, Value: ['hypothetical protein']
    Key: protein_id, Value: ['WP_015120929.1']
    Key: source, Value: ['GeneMarkS-2+']
    Key: transl_table, Value: ['11']

GF(None, 45968-46106 (1))
type: CDS
location: [6217944:6218208](+)
id: cds-WP_157229321.1
qualifiers:
    Key: Dbxref, Value: ['GenBank:WP_157229321.1']
    Key: ID, Value: ['cds-WP_157229321.1']
    Key: Name, Value: ['WP_157229321.1']
    Key: Parent, Value: ['gene-RIV7116_RS24045']
    Key: gbkey, Value: ['CDS']
    Key: inference, Value: ['COORDINATES: similar to AA sequence:RefSeq:WP_015198187.1']
    Key: locus_tag, Value: ['RIV7116_RS24045']
    Key: phase, Value: ['0']
    Key: product, Value: ['hypothetical protein']
    Key: protein_id, Value: ['WP_157229321.1']
    Key: source, Value: ['Protein Homology']
    Key: transl_table, Value: ['11']

GF(None, 46451-46715 (1))
type: repeat_region
location: [6181144:6188351](+)
id: NC_019678.1_8
qualifiers:
    Key: Dbxref, Value: ['SO:0001459']
    Key: ID, Value: ['NC_019678.1_8']
    Key: Note, Value: ['CCCCACCGATTGGGTTAATTCGGATTAGTTGGAAAC']
    Key: Ontology_term, Value: ['CRISPR']
    Key: score, Value: ['7207']
    Key: source, Value: ['CCTyper']

GF(Repeat region, 9651-16858 (0))
type: repeat_region
location: [6194394:6194646](+)
id: NC_019678.1_9
qualifiers:
    Key: Dbxref, Value: ['SO:0001459']
    Key: ID, Value: ['NC_019678.1_9']
    Key: Note, Value: ['CCCCACCGATTGGGTTAATTCGGATTAGTTGGAAAC']
    Key: Ontology_term, Value: ['CRISPR']
    Key: score, Value: ['252']
    Key: source, Value: ['CCTyper']

GF(Repeat region, 22901-23153 (0))
type: repeat_region
location: [6212787:6213336](+)
id: NC_019678.1_10
qualifiers:
    Key: Dbxref, Value: ['SO:0001459']
    Key: ID, Value: ['NC_019678.1_10']
    Key: Note, Value: ['GTTTCCAACTAATCCGACTTAATCCAGTCGGCGGAAG']
    Key: Ontology_term, Value: ['CRISPR']
    Key: score, Value: ['549']
    Key: source, Value: ['CCTyper']

GF(Repeat region, 41294-41843 (0))
graphic feature from cctyper protein table: GF(WYL, 4000-5529 (1))
graphic feature from cctyper protein table: GF(RT, 6927-7889 (1))
graphic feature from cctyper protein table: GF(Cas1, 7934-9058 (1))
graphic feature from cctyper protein table: GF(Cas2, 9157-9432 (1))
graphic feature from cctyper protein table: GF(TniQ, 21268-22665 (1))
graphic feature from cctyper protein table: GF(CorA, 25382-25729 (1))
graphic feature from cctyper protein table: GF(htpX, 28272-29018 (1))
graphic feature from cctyper protein table: GF(Csx3, 31475-32464 (1))
graphic feature from cctyper protein table: GF(Cas10, 33836-35701 (1))
graphic feature from cctyper protein table: GF(Cmr3gr5, 35689-36831 (1))
graphic feature from cctyper protein table: GF(Cmr4gr7, 36930-37739 (1))
graphic feature from cctyper protein table: GF(Cmr5gr11, 37742-38134 (1))
graphic feature from cctyper protein table: GF(Cmr6gr7, 38357-40033 (1))
graphic feature from cctyper protein table: GF(Csm6, 40061-41200 (1))
graphic feature from cctyper protein table: GF(CasR, 42103-42828 (-1))
Index(['protein_id', 'start', 'end', 'effector', 'locus', 'sample', 'strand',
       'sequence', 'type'],
      dtype='object')
graphic feature from known effectors: GF(cami1, 40061-41200 (1))
graphic feature from known effectors: GF(cam1, 42103-42828 (-1))
Index(['protein_id', 'start', 'end', 'effector', 'locus', 'sample', 'strand',
       'sequence'],
      dtype='object')
[GF(None, 2445-2691 (-1)), GF(None, 2790-3225 (-1)), GF(None, 3492-3849 (-1)), GF(TIGR03985 family CRISPR-associated protein, 3999-5529 (1)), GF(HD domain-containing protein, 5798-6389 (1)), GF(reverse transcriptase domain-containing protein, 6926-7889 (1)), GF(CRISPR-associated endonuclease Cas1, 7933-9058 (1)), GF(CRISPR-associated endonuclease Cas2, 9156-9432 (1)), GF(DDE-type integrase/transposase/recombinase, 17421-20148 (1)), GF(ATP-binding protein, 20144-21278 (1)), GF(helix-turn-helix domain-containing protein, 21267-22665 (1)), GF(None, 23257-23911 (-1)), GF(DUF4112 domain-containing protein, 23965-24418 (-1)), GF(NYN domain-containing protein, 24763-25339 (1)), GF(None, 25381-25729 (1)), GF(None, 25889-26108 (1)), GF(None, 26133-26619 (1)), GF(ThiF family adenylyltransferase, 26810-28238 (1)), GF(M48 family metalloprotease, 28271-29018 (1)), GF(None, 29030-30554 (-1)), GF(None, 30666-30834 (1)), GF(M48 family metalloprotease, 30902-31205 (1)), GF(None, 31474-32464 (1)), GF(type III-B CRISPR-associated protein Cas10/Cmr2, 33835-35701 (1)), GF(type III-B CRISPR module-associated Cmr3 family protein, 35688-36831 (1)), GF(RAMP superfamily CRISPR-associated protein, 36929-37739 (1)), GF(None, 37741-38134 (1)), GF(None, 38356-40033 (1)), GF(None, 40060-41200 (1)), GF(CRISPR-associated protein, 42102-42828 (-1)), GF(None, 43019-44747 (-1)), GF(None, 44823-45456 (-1)), GF(plasmid partition protein ParG, 45649-45823 (1)), GF(None, 45968-46106 (1)), GF(None, 46451-46715 (1)), GF(Repeat region, 9651-16858 (0)), GF(Repeat region, 22901-23153 (0)), GF(Repeat region, 41294-41843 (0)), GF(WYL, 4000-5529 (1)), GF(RT, 6927-7889 (1)), GF(Cas1, 7934-9058 (1)), GF(Cas2, 9157-9432 (1)), GF(TniQ, 21268-22665 (1)), GF(CorA, 25382-25729 (1)), GF(htpX, 28272-29018 (1)), GF(Csx3, 31475-32464 (1)), GF(Cas10, 33836-35701 (1)), GF(Cmr3gr5, 35689-36831 (1)), GF(Cmr4gr7, 36930-37739 (1)), GF(Cmr5gr11, 37742-38134 (1)), GF(Cmr6gr7, 38357-40033 (1)), GF(Csm6, 40061-41200 (1)), GF(CasR, 42103-42828 (-1)), GF(cami1, 40061-41200 (1)), GF(cam1, 42103-42828 (-1)), GF(CRISPR-Cas locus, 4000-42828 (0))]
