Cas operons file:    Unnamed: 0         Contig  ...           locus_id           sample
0           1  NZ_CP032093.1  ...  GCF_003544875.1_1  GCF_003544875.1

[1 rows x 19 columns]
The chosen contig: NZ_CP032093.1
type: CDS
location: [1436722:1438171](+)
id: cds-WP_041060011.1
qualifiers:
    Key: Dbxref, Value: ['GenBank:WP_041060011.1']
    Key: ID, Value: ['cds-WP_041060011.1']
    Key: Name, Value: ['WP_041060011.1']
    Key: Ontology_term, Value: ['GO:0006098', 'GO:0004616', 'GO:0005737']
    Key: Parent, Value: ['gene-D1115_RS06740']
    Key: gbkey, Value: ['CDS']
    Key: gene, Value: ['gnd']
    Key: go_component, Value: ['cytoplasm|0005737||IEA']
    Key: go_function, Value: ['phosphogluconate dehydrogenase (decarboxylating) activity|0004616||IEA']
    Key: go_process, Value: ['pentose-phosphate shunt|0006098||IEA']
    Key: inference, Value: ['COORDINATES: similar to AA sequence:RefSeq:WP_017080794.1']
    Key: locus_tag, Value: ['D1115_RS06740']
    Key: phase, Value: ['0']
    Key: product, Value: ['decarboxylating NADP(+)-dependent phosphogluconate dehydrogenase']
    Key: protein_id, Value: ['WP_041060011.1']
    Key: source, Value: ['Protein Homology']
    Key: transl_table, Value: ['11']

GF(decarboxylating NADP(+)-dependent phosphogluconate dehydrogenase, 7-1456 (1))
type: CDS
location: [1438256:1438463](-)
id: cds-WP_128810806.1
qualifiers:
    Key: Dbxref, Value: ['GenBank:WP_128810806.1']
    Key: ID, Value: ['cds-WP_128810806.1']
    Key: Name, Value: ['WP_128810806.1']
    Key: Parent, Value: ['gene-D1115_RS06745']
    Key: gbkey, Value: ['CDS']
    Key: inference, Value: ['COORDINATES: similar to AA sequence:RefSeq:WP_005446094.1']
    Key: locus_tag, Value: ['D1115_RS06745']
    Key: phase, Value: ['0']
    Key: product, Value: ['hypothetical protein']
    Key: protein_id, Value: ['WP_128810806.1']
    Key: source, Value: ['Protein Homology']
    Key: transl_table, Value: ['11']

GF(None, 1541-1748 (-1))
type: CDS
location: [1438713:1438938](-)
id: cds-WP_128810807.1
qualifiers:
    Key: Dbxref, Value: ['GenBank:WP_128810807.1']
    Key: ID, Value: ['cds-WP_128810807.1']
    Key: Name, Value: ['WP_128810807.1']
    Key: Parent, Value: ['gene-D1115_RS06750']
    Key: gbkey, Value: ['CDS']
    Key: inference, Value: ['COORDINATES: ab initio prediction:GeneMarkS-2+']
    Key: locus_tag, Value: ['D1115_RS06750']
    Key: phase, Value: ['0']
    Key: product, Value: ['hypothetical protein']
    Key: protein_id, Value: ['WP_128810807.1']
    Key: source, Value: ['GeneMarkS-2+']
    Key: transl_table, Value: ['11']

GF(None, 1998-2223 (-1))
type: CDS
location: [1439041:1440679](+)
id: cds-WP_128810808.1
qualifiers:
    Key: Dbxref, Value: ['GenBank:WP_128810808.1']
    Key: ID, Value: ['cds-WP_128810808.1']
    Key: Name, Value: ['WP_128810808.1']
    Key: Parent, Value: ['gene-D1115_RS06755']
    Key: gbkey, Value: ['CDS']
    Key: inference, Value: ['COORDINATES: ab initio prediction:GeneMarkS-2+']
    Key: locus_tag, Value: ['D1115_RS06755']
    Key: phase, Value: ['0']
    Key: product, Value: ['hypothetical protein']
    Key: protein_id, Value: ['WP_128810808.1']
    Key: source, Value: ['GeneMarkS-2+']
    Key: transl_table, Value: ['11']

GF(None, 2326-3964 (1))
type: CDS
location: [1440714:1441533](+)
id: cds-WP_128810809.1
qualifiers:
    Key: Dbxref, Value: ['GenBank:WP_128810809.1']
    Key: ID, Value: ['cds-WP_128810809.1']
    Key: Name, Value: ['WP_128810809.1']
    Key: Parent, Value: ['gene-D1115_RS06760']
    Key: gbkey, Value: ['CDS']
    Key: inference, Value: ['COORDINATES: ab initio prediction:GeneMarkS-2+']
    Key: locus_tag, Value: ['D1115_RS06760']
    Key: phase, Value: ['0']
    Key: product, Value: ['hypothetical protein']
    Key: protein_id, Value: ['WP_128810809.1']
    Key: source, Value: ['GeneMarkS-2+']
    Key: transl_table, Value: ['11']

GF(None, 3999-4818 (1))
type: CDS
location: [1441541:1442003](+)
id: cds-WP_128810810.1
qualifiers:
    Key: Dbxref, Value: ['GenBank:WP_128810810.1']
    Key: ID, Value: ['cds-WP_128810810.1']
    Key: Name, Value: ['WP_128810810.1']
    Key: Parent, Value: ['gene-D1115_RS06765']
    Key: gbkey, Value: ['CDS']
    Key: inference, Value: ['COORDINATES: ab initio prediction:GeneMarkS-2+']
    Key: locus_tag, Value: ['D1115_RS06765']
    Key: phase, Value: ['0']
    Key: product, Value: ['hypothetical protein']
    Key: protein_id, Value: ['WP_128810810.1']
    Key: source, Value: ['GeneMarkS-2+']
    Key: transl_table, Value: ['11']

GF(None, 4826-5288 (1))
type: CDS
location: [1442753:1443902](-)
id: cds-WP_128810811.1
qualifiers:
    Key: Dbxref, Value: ['GenBank:WP_128810811.1']
    Key: ID, Value: ['cds-WP_128810811.1']
    Key: Name, Value: ['WP_128810811.1']
    Key: Parent, Value: ['gene-D1115_RS06770']
    Key: gbkey, Value: ['CDS']
    Key: inference, Value: ['COORDINATES: protein motif:HMM:NF020571.4']
    Key: locus_tag, Value: ['D1115_RS06770']
    Key: phase, Value: ['0']
    Key: product, Value: ['DUF1887 family CARF protein']
    Key: protein_id, Value: ['WP_128810811.1']
    Key: source, Value: ['Protein Homology']
    Key: transl_table, Value: ['11']

GF(DUF1887 family CARF protein, 6038-7187 (-1))
type: CDS
location: [1443964:1444237](-)
id: cds-WP_206513206.1
qualifiers:
    Key: Dbxref, Value: ['GenBank:WP_206513206.1']
    Key: ID, Value: ['cds-WP_206513206.1']
    Key: Name, Value: ['WP_206513206.1']
    Key: Ontology_term, Value: ['GO:0043571', 'GO:0004521']
    Key: Parent, Value: ['gene-D1115_RS06775']
    Key: gbkey, Value: ['CDS']
    Key: gene, Value: ['cas2']
    Key: go_function, Value: ['RNA endonuclease activity|0004521||IEA']
    Key: go_process, Value: ['maintenance of CRISPR repeat elements|0043571||IEA']
    Key: inference, Value: ['COORDINATES: protein motif:HMM:TIGR01573.1']
    Key: locus_tag, Value: ['D1115_RS06775']
    Key: phase, Value: ['0']
    Key: product, Value: ['CRISPR-associated endonuclease Cas2']
    Key: protein_id, Value: ['WP_206513206.1']
    Key: source, Value: ['Protein Homology']
    Key: transl_table, Value: ['11']

GF(CRISPR-associated endonuclease Cas2, 7249-7522 (-1))
type: CDS
location: [1444236:1447053](-)
id: cds-WP_128810812.1
qualifiers:
    Key: Dbxref, Value: ['GenBank:WP_128810812.1']
    Key: ID, Value: ['cds-WP_128810812.1']
    Key: Name, Value: ['WP_128810812.1']
    Key: Ontology_term, Value: ['GO:0043571', 'GO:0004520', 'GO:0046872']
    Key: Parent, Value: ['gene-D1115_RS06780']
    Key: gbkey, Value: ['CDS']
    Key: gene, Value: ['cas1']
    Key: go_function, Value: ['DNA endonuclease activity|0004520||IEA', 'metal ion binding|0046872||IEA']
    Key: go_process, Value: ['maintenance of CRISPR repeat elements|0043571||IEA']
    Key: inference, Value: ['COORDINATES: protein motif:HMM:TIGR00287.1']
    Key: locus_tag, Value: ['D1115_RS06780']
    Key: phase, Value: ['0']
    Key: product, Value: ['CRISPR-associated endonuclease Cas1']
    Key: protein_id, Value: ['WP_128810812.1']
    Key: source, Value: ['Protein Homology']
    Key: transl_table, Value: ['11']

GF(CRISPR-associated endonuclease Cas1, 7521-10338 (-1))
type: CDS
location: [1447049:1447583](-)
id: cds-D1115_RS06785
qualifiers:
    Key: ID, Value: ['cds-D1115_RS06785']
    Key: Note, Value: ['incomplete; partial in the middle of a contig; missing N-terminus']
    Key: Parent, Value: ['gene-D1115_RS06785']
    Key: end_range, Value: ['1447583', '.']
    Key: gbkey, Value: ['CDS']
    Key: inference, Value: ['COORDINATES: protein motif:HMM:NF027788.4']
    Key: locus_tag, Value: ['D1115_RS06785']
    Key: partial, Value: ['true']
    Key: phase, Value: ['0']
    Key: product, Value: ["3'-5' exoribonuclease"]
    Key: pseudo, Value: ['true']
    Key: source, Value: ['Protein Homology']
    Key: transl_table, Value: ['11']

GF(3'-5' exoribonuclease, 10334-10868 (-1))
type: CDS
location: [1447613:1448303](-)
id: cds-WP_128810814.1
qualifiers:
    Key: Dbxref, Value: ['GenBank:WP_128810814.1']
    Key: ID, Value: ['cds-WP_128810814.1']
    Key: Name, Value: ['WP_128810814.1']
    Key: Parent, Value: ['gene-D1115_RS06790']
    Key: gbkey, Value: ['CDS']
    Key: inference, Value: ['COORDINATES: ab initio prediction:GeneMarkS-2+']
    Key: locus_tag, Value: ['D1115_RS06790']
    Key: phase, Value: ['0']
    Key: product, Value: ['hypothetical protein']
    Key: protein_id, Value: ['WP_128810814.1']
    Key: source, Value: ['GeneMarkS-2+']
    Key: transl_table, Value: ['11']

GF(None, 10898-11588 (-1))
type: CDS
location: [1448523:1449735](-)
id: cds-WP_128810815.1
qualifiers:
    Key: Dbxref, Value: ['GenBank:WP_128810815.1']
    Key: ID, Value: ['cds-WP_128810815.1']
    Key: Name, Value: ['WP_128810815.1']
    Key: Parent, Value: ['gene-D1115_RS06795']
    Key: gbkey, Value: ['CDS']
    Key: inference, Value: ['COORDINATES: ab initio prediction:GeneMarkS-2+']
    Key: locus_tag, Value: ['D1115_RS06795']
    Key: phase, Value: ['0']
    Key: product, Value: ['hypothetical protein']
    Key: protein_id, Value: ['WP_128810815.1']
    Key: source, Value: ['GeneMarkS-2+']
    Key: transl_table, Value: ['11']

GF(None, 11808-13020 (-1))
type: CDS
location: [1449737:1450424](-)
id: cds-WP_164837176.1
qualifiers:
    Key: Dbxref, Value: ['GenBank:WP_164837176.1']
    Key: ID, Value: ['cds-WP_164837176.1']
    Key: Name, Value: ['WP_164837176.1']
    Key: Parent, Value: ['gene-D1115_RS06800']
    Key: gbkey, Value: ['CDS']
    Key: inference, Value: ['COORDINATES: protein motif:HMM:NF015728.4']
    Key: locus_tag, Value: ['D1115_RS06800']
    Key: phase, Value: ['0']
    Key: product, Value: ['RAMP superfamily CRISPR-associated protein']
    Key: protein_id, Value: ['WP_164837176.1']
    Key: source, Value: ['Protein Homology']
    Key: transl_table, Value: ['11']

GF(RAMP superfamily CRISPR-associated protein, 13022-13709 (-1))
type: CDS
location: [1450398:1451202](-)
id: cds-WP_128810817.1
qualifiers:
    Key: Dbxref, Value: ['GenBank:WP_128810817.1']
    Key: ID, Value: ['cds-WP_128810817.1']
    Key: Name, Value: ['WP_128810817.1']
    Key: Parent, Value: ['gene-D1115_RS06805']
    Key: gbkey, Value: ['CDS']
    Key: inference, Value: ['COORDINATES: protein motif:HMM:NF015728.4']
    Key: locus_tag, Value: ['D1115_RS06805']
    Key: phase, Value: ['0']
    Key: product, Value: ['RAMP superfamily CRISPR-associated protein']
    Key: protein_id, Value: ['WP_128810817.1']
    Key: source, Value: ['Protein Homology']
    Key: transl_table, Value: ['11']

GF(RAMP superfamily CRISPR-associated protein, 13683-14487 (-1))
type: CDS
location: [1451205:1453056](-)
id: cds-WP_128810818.1
qualifiers:
    Key: Dbxref, Value: ['GenBank:WP_128810818.1']
    Key: ID, Value: ['cds-WP_128810818.1']
    Key: Name, Value: ['WP_128810818.1']
    Key: Parent, Value: ['gene-D1115_RS06810']
    Key: gbkey, Value: ['CDS']
    Key: inference, Value: ['COORDINATES: ab initio prediction:GeneMarkS-2+']
    Key: locus_tag, Value: ['D1115_RS06810']
    Key: phase, Value: ['0']
    Key: product, Value: ['RAMP superfamily CRISPR-associated protein']
    Key: protein_id, Value: ['WP_128810818.1']
    Key: source, Value: ['GeneMarkS-2+']
    Key: transl_table, Value: ['11']

GF(RAMP superfamily CRISPR-associated protein, 14490-16341 (-1))
type: CDS
location: [1453052:1454390](-)
id: cds-WP_128810819.1
qualifiers:
    Key: Dbxref, Value: ['GenBank:WP_128810819.1']
    Key: ID, Value: ['cds-WP_128810819.1']
    Key: Name, Value: ['WP_128810819.1']
    Key: Parent, Value: ['gene-D1115_RS06815']
    Key: gbkey, Value: ['CDS']
    Key: inference, Value: ['COORDINATES: ab initio prediction:GeneMarkS-2+']
    Key: locus_tag, Value: ['D1115_RS06815']
    Key: phase, Value: ['0']
    Key: product, Value: ['hypothetical protein']
    Key: protein_id, Value: ['WP_128810819.1']
    Key: source, Value: ['GeneMarkS-2+']
    Key: transl_table, Value: ['11']

GF(None, 16337-17675 (-1))
type: CDS
location: [1454500:1454671](-)
id: cds-WP_164837177.1
qualifiers:
    Key: Dbxref, Value: ['GenBank:WP_164837177.1']
    Key: ID, Value: ['cds-WP_164837177.1']
    Key: Name, Value: ['WP_164837177.1']
    Key: Parent, Value: ['gene-D1115_RS23095']
    Key: gbkey, Value: ['CDS']
    Key: inference, Value: ['COORDINATES: ab initio prediction:GeneMarkS-2+']
    Key: locus_tag, Value: ['D1115_RS23095']
    Key: phase, Value: ['0']
    Key: product, Value: ['hypothetical protein']
    Key: protein_id, Value: ['WP_164837177.1']
    Key: source, Value: ['GeneMarkS-2+']
    Key: transl_table, Value: ['11']

GF(None, 17785-17956 (-1))
type: CDS
location: [1454973:1456494](+)
id: cds-WP_128810820.1
qualifiers:
    Key: Dbxref, Value: ['GenBank:WP_128810820.1']
    Key: ID, Value: ['cds-WP_128810820.1']
    Key: Name, Value: ['WP_128810820.1']
    Key: Parent, Value: ['gene-D1115_RS06820']
    Key: gbkey, Value: ['CDS']
    Key: inference, Value: ['COORDINATES: similar to AA sequence:RefSeq:WP_010448327.1']
    Key: locus_tag, Value: ['D1115_RS06820']
    Key: phase, Value: ['0']
    Key: product, Value: ['DUF1254 domain-containing protein']
    Key: protein_id, Value: ['WP_128810820.1']
    Key: source, Value: ['Protein Homology']
    Key: transl_table, Value: ['11']

GF(DUF1254 domain-containing protein, 18258-19779 (1))
type: CDS
location: [1456595:1457507](-)
id: cds-WP_128810821.1
qualifiers:
    Key: Dbxref, Value: ['GenBank:WP_128810821.1']
    Key: ID, Value: ['cds-WP_128810821.1']
    Key: Name, Value: ['WP_128810821.1']
    Key: Ontology_term, Value: ['GO:0006355', 'GO:0003700']
    Key: Parent, Value: ['gene-D1115_RS06825']
    Key: gbkey, Value: ['CDS']
    Key: go_function, Value: ['DNA-binding transcription factor activity|0003700||IEA']
    Key: go_process, Value: ['regulation of DNA-templated transcription|0006355||IEA']
    Key: inference, Value: ['COORDINATES: similar to AA sequence:RefSeq:WP_009697452.1']
    Key: locus_tag, Value: ['D1115_RS06825']
    Key: phase, Value: ['0']
    Key: product, Value: ['LysR family transcriptional regulator']
    Key: protein_id, Value: ['WP_128810821.1']
    Key: source, Value: ['Protein Homology']
    Key: transl_table, Value: ['11']

GF(LysR family transcriptional regulator, 19880-20792 (-1))
type: CDS
location: [1457838:1457976](+)
id: cds-WP_164837178.1
qualifiers:
    Key: Dbxref, Value: ['GenBank:WP_164837178.1']
    Key: ID, Value: ['cds-WP_164837178.1']
    Key: Name, Value: ['WP_164837178.1']
    Key: Parent, Value: ['gene-D1115_RS23100']
    Key: gbkey, Value: ['CDS']
    Key: inference, Value: ['COORDINATES: similar to AA sequence:RefSeq:WP_005517461.1']
    Key: locus_tag, Value: ['D1115_RS23100']
    Key: phase, Value: ['0']
    Key: product, Value: ['hypothetical protein']
    Key: protein_id, Value: ['WP_164837178.1']
    Key: source, Value: ['Protein Homology']
    Key: transl_table, Value: ['11']

GF(None, 21123-21261 (1))
type: repeat_region
location: [1442123:1442502](+)
id: NZ_CP032093.1_4
qualifiers:
    Key: Dbxref, Value: ['SO:0001459']
    Key: ID, Value: ['NZ_CP032093.1_4']
    Key: Note, Value: ['TCAACAGCCTATGCGGCTTCATATCTTGCGAC']
    Key: Ontology_term, Value: ['CRISPR']
    Key: score, Value: ['379']
    Key: source, Value: ['CCTyper']

GF(Repeat region, 5408-5787 (0))
graphic feature from known effectors: GF(cora, 2327-3964 (1))
graphic feature from known effectors: GF(can1-2, 6039-7187 (-1))
[GF(decarboxylating NADP(+)-dependent phosphogluconate dehydrogenase, 7-1456 (1)), GF(None, 1541-1748 (-1)), GF(None, 1998-2223 (-1)), GF(None, 2326-3964 (1)), GF(None, 3999-4818 (1)), GF(None, 4826-5288 (1)), GF(DUF1887 family CARF protein, 6038-7187 (-1)), GF(CRISPR-associated endonuclease Cas2, 7249-7522 (-1)), GF(CRISPR-associated endonuclease Cas1, 7521-10338 (-1)), GF(3'-5' exoribonuclease, 10334-10868 (-1)), GF(None, 10898-11588 (-1)), GF(None, 11808-13020 (-1)), GF(RAMP superfamily CRISPR-associated protein, 13022-13709 (-1)), GF(RAMP superfamily CRISPR-associated protein, 13683-14487 (-1)), GF(RAMP superfamily CRISPR-associated protein, 14490-16341 (-1)), GF(None, 16337-17675 (-1)), GF(None, 17785-17956 (-1)), GF(DUF1254 domain-containing protein, 18258-19779 (1)), GF(LysR family transcriptional regulator, 19880-20792 (-1)), GF(None, 21123-21261 (1)), GF(Repeat region, 5408-5787 (0)), GF(cora, 2327-3964 (1)), GF(can1-2, 6039-7187 (-1)), GF(CRISPR-Cas locus, 4000-17555 (0))]
