Cas operons file:    Unnamed: 0         Contig  ...           locus_id           sample
0           1  NZ_CP044354.1  ...  GCF_008802915.1_1  GCF_008802915.1

[1 rows x 19 columns]
The chosen contig: NZ_CP044354.1
type: CDS
location: [1170733:1170889](-)
id: cds-WP_249665747.1
qualifiers:
    Key: Dbxref, Value: ['GenBank:WP_249665747.1']
    Key: ID, Value: ['cds-WP_249665747.1']
    Key: Name, Value: ['WP_249665747.1']
    Key: Parent, Value: ['gene-F4U91_RS11865']
    Key: gbkey, Value: ['CDS']
    Key: inference, Value: ['COORDINATES: protein motif:HMM:NF025189.3']
    Key: locus_tag, Value: ['F4U91_RS11865']
    Key: phase, Value: ['0']
    Key: product, Value: ['transposase domain-containing protein']
    Key: protein_id, Value: ['WP_249665747.1']
    Key: source, Value: ['Protein Homology']
    Key: transl_table, Value: ['11']

GF(transposase domain-containing protein, 224-380 (-1))
type: CDS
location: [1170958:1172257](-)
id: cds-F4U91_RS05920
qualifiers:
    Key: ID, Value: ['cds-F4U91_RS05920']
    Key: Note, Value: ['internal stop; incomplete; partial in the middle of a contig; missing C-terminus']
    Key: Ontology_term, Value: ['GO:0004803']
    Key: Parent, Value: ['gene-F4U91_RS05920']
    Key: gbkey, Value: ['CDS']
    Key: go_function, Value: ['transposase activity|0004803||IEA']
    Key: inference, Value: ['COORDINATES: protein motif:HMM:NF015038.3']
    Key: locus_tag, Value: ['F4U91_RS05920']
    Key: partial, Value: ['true']
    Key: phase, Value: ['0']
    Key: product, Value: ['IS66 family transposase']
    Key: pseudo, Value: ['true']
    Key: source, Value: ['Protein Homology']
    Key: start_range, Value: ['.', '1170959']
    Key: transl_table, Value: ['11']

GF(IS66 family transposase, 449-1748 (-1))
type: CDS
location: [1172324:1172681](-)
id: cds-WP_003686704.1-2
qualifiers:
    Key: Dbxref, Value: ['GenBank:WP_003686704.1']
    Key: ID, Value: ['cds-WP_003686704.1-2']
    Key: Name, Value: ['WP_003686704.1']
    Key: Note, Value: ['TnpB, as the term is used for proteins encoded by IS66 family insertion elements, is considered an accessory protein, since TnpC, encoded by a neighboring gene, is a DDE family transposase.']
    Key: Parent, Value: ['gene-F4U91_RS05925']
    Key: gbkey, Value: ['CDS']
    Key: gene, Value: ['tnpB']
    Key: inference, Value: ['COORDINATES: similar to AA sequence:RefSeq:WP_001846105.1']
    Key: locus_tag, Value: ['F4U91_RS05925']
    Key: phase, Value: ['0']
    Key: product, Value: ['IS66 family insertion sequence element accessory protein TnpB']
    Key: protein_id, Value: ['WP_003686704.1']
    Key: source, Value: ['Protein Homology']
    Key: transl_table, Value: ['11']

GF(IS66 family insertion sequence element accessory protein TnpB, 1815-2172 (-1))
type: CDS
location: [1172670:1172847](-)
id: cds-WP_223209176.1-2
qualifiers:
    Key: Dbxref, Value: ['GenBank:WP_223209176.1']
    Key: ID, Value: ['cds-WP_223209176.1-2']
    Key: Name, Value: ['WP_223209176.1']
    Key: Parent, Value: ['gene-F4U91_RS05930']
    Key: gbkey, Value: ['CDS']
    Key: inference, Value: ['COORDINATES: similar to AA sequence:RefSeq:WP_003686706.1']
    Key: locus_tag, Value: ['F4U91_RS05930']
    Key: phase, Value: ['0']
    Key: product, Value: ['hypothetical protein']
    Key: protein_id, Value: ['WP_223209176.1']
    Key: source, Value: ['Protein Homology']
    Key: transl_table, Value: ['11']

GF(None, 2161-2338 (-1))
type: CDS
location: [1174508:1175525](-)
id: cds-WP_151130308.1
qualifiers:
    Key: Dbxref, Value: ['GenBank:WP_151130308.1']
    Key: ID, Value: ['cds-WP_151130308.1']
    Key: Name, Value: ['WP_151130308.1']
    Key: Ontology_term, Value: ['GO:0043571', 'GO:0003674']
    Key: Parent, Value: ['gene-F4U91_RS05935']
    Key: gbkey, Value: ['CDS']
    Key: gene, Value: ['csm5']
    Key: go_function, Value: ['molecular_function|0003674||IEA']
    Key: go_process, Value: ['maintenance of CRISPR repeat elements|0043571||IEA']
    Key: inference, Value: ['COORDINATES: similar to AA sequence:RefSeq:WP_014073475.1']
    Key: locus_tag, Value: ['F4U91_RS05935']
    Key: phase, Value: ['0']
    Key: product, Value: ['type III-A CRISPR-associated RAMP protein Csm5']
    Key: protein_id, Value: ['WP_151130308.1']
    Key: source, Value: ['Protein Homology']
    Key: transl_table, Value: ['11']

GF(type III-A CRISPR-associated RAMP protein Csm5, 3999-5016 (-1))
type: CDS
location: [1175521:1176439](-)
id: cds-WP_117940223.1
qualifiers:
    Key: Dbxref, Value: ['GenBank:WP_117940223.1']
    Key: ID, Value: ['cds-WP_117940223.1']
    Key: Name, Value: ['WP_117940223.1']
    Key: Ontology_term, Value: ['GO:0043571', 'GO:0003674']
    Key: Parent, Value: ['gene-F4U91_RS05940']
    Key: gbkey, Value: ['CDS']
    Key: gene, Value: ['csm4']
    Key: go_function, Value: ['molecular_function|0003674||IEA']
    Key: go_process, Value: ['maintenance of CRISPR repeat elements|0043571||IEA']
    Key: inference, Value: ['COORDINATES: similar to AA sequence:RefSeq:WP_009558435.1']
    Key: locus_tag, Value: ['F4U91_RS05940']
    Key: phase, Value: ['0']
    Key: product, Value: ['type III-A CRISPR-associated RAMP protein Csm4']
    Key: protein_id, Value: ['WP_117940223.1']
    Key: source, Value: ['Protein Homology']
    Key: transl_table, Value: ['11']

GF(type III-A CRISPR-associated RAMP protein Csm4, 5012-5930 (-1))
type: CDS
location: [1176440:1177106](-)
id: cds-WP_103205299.1
qualifiers:
    Key: Dbxref, Value: ['GenBank:WP_103205299.1']
    Key: ID, Value: ['cds-WP_103205299.1']
    Key: Name, Value: ['WP_103205299.1']
    Key: Ontology_term, Value: ['GO:0043571', 'GO:0003674']
    Key: Parent, Value: ['gene-F4U91_RS05945']
    Key: gbkey, Value: ['CDS']
    Key: gene, Value: ['csm3']
    Key: go_function, Value: ['molecular_function|0003674||IEA']
    Key: go_process, Value: ['maintenance of CRISPR repeat elements|0043571||IEA']
    Key: inference, Value: ['COORDINATES: similar to AA sequence:RefSeq:WP_002950683.1']
    Key: locus_tag, Value: ['F4U91_RS05945']
    Key: phase, Value: ['0']
    Key: product, Value: ['type III-A CRISPR-associated RAMP protein Csm3']
    Key: protein_id, Value: ['WP_103205299.1']
    Key: source, Value: ['Protein Homology']
    Key: transl_table, Value: ['11']

GF(type III-A CRISPR-associated RAMP protein Csm3, 5931-6597 (-1))
type: CDS
location: [1177115:1177517](-)
id: cds-WP_151130309.1
qualifiers:
    Key: Dbxref, Value: ['GenBank:WP_151130309.1']
    Key: ID, Value: ['cds-WP_151130309.1']
    Key: Name, Value: ['WP_151130309.1']
    Key: Ontology_term, Value: ['GO:0043571', 'GO:0003674']
    Key: Parent, Value: ['gene-F4U91_RS05950']
    Key: gbkey, Value: ['CDS']
    Key: gene, Value: ['csm2']
    Key: go_function, Value: ['molecular_function|0003674||IEA']
    Key: go_process, Value: ['maintenance of CRISPR repeat elements|0043571||IEA']
    Key: inference, Value: ['COORDINATES: similar to AA sequence:RefSeq:WP_000996503.1']
    Key: locus_tag, Value: ['F4U91_RS05950']
    Key: phase, Value: ['0']
    Key: product, Value: ['type III-A CRISPR-associated protein Csm2']
    Key: protein_id, Value: ['WP_151130309.1']
    Key: source, Value: ['Protein Homology']
    Key: transl_table, Value: ['11']

GF(type III-A CRISPR-associated protein Csm2, 6606-7008 (-1))
type: CDS
location: [1177521:1179849](-)
id: cds-WP_151130310.1
qualifiers:
    Key: Dbxref, Value: ['GenBank:WP_151130310.1']
    Key: ID, Value: ['cds-WP_151130310.1']
    Key: Name, Value: ['WP_151130310.1']
    Key: Ontology_term, Value: ['GO:0043571', 'GO:0003674']
    Key: Parent, Value: ['gene-F4U91_RS05955']
    Key: gbkey, Value: ['CDS']
    Key: gene, Value: ['cas10']
    Key: go_function, Value: ['molecular_function|0003674||IEA']
    Key: go_process, Value: ['maintenance of CRISPR repeat elements|0043571||IEA']
    Key: inference, Value: ['COORDINATES: similar to AA sequence:RefSeq:WP_014073479.1']
    Key: locus_tag, Value: ['F4U91_RS05955']
    Key: phase, Value: ['0']
    Key: product, Value: ['type III-A CRISPR-associated protein Cas10/Csm1']
    Key: protein_id, Value: ['WP_151130310.1']
    Key: source, Value: ['Protein Homology']
    Key: transl_table, Value: ['11']

GF(type III-A CRISPR-associated protein Cas10/Csm1, 7012-9340 (-1))
type: CDS
location: [1179829:1180624](-)
id: cds-WP_127429503.1
qualifiers:
    Key: Dbxref, Value: ['GenBank:WP_127429503.1']
    Key: ID, Value: ['cds-WP_127429503.1']
    Key: Name, Value: ['WP_127429503.1']
    Key: Parent, Value: ['gene-F4U91_RS05960']
    Key: gbkey, Value: ['CDS']
    Key: gene, Value: ['cas6']
    Key: inference, Value: ['COORDINATES: protein motif:HMM:NF021551.3']
    Key: locus_tag, Value: ['F4U91_RS05960']
    Key: phase, Value: ['0']
    Key: product, Value: ['CRISPR system precrRNA processing endoribonuclease RAMP protein Cas6']
    Key: protein_id, Value: ['WP_127429503.1']
    Key: source, Value: ['Protein Homology']
    Key: transl_table, Value: ['11']

GF(CRISPR system precrRNA processing endoribonuclease RAMP protein Cas6, 9320-10115 (-1))
type: CDS
location: [1180817:1182542](-)
id: cds-WP_151130311.1
qualifiers:
    Key: Dbxref, Value: ['GenBank:WP_151130311.1']
    Key: ID, Value: ['cds-WP_151130311.1']
    Key: Name, Value: ['WP_151130311.1']
    Key: Parent, Value: ['gene-F4U91_RS05965']
    Key: gbkey, Value: ['CDS']
    Key: inference, Value: ['COORDINATES: similar to AA sequence:RefSeq:WP_012391296.1']
    Key: locus_tag, Value: ['F4U91_RS05965']
    Key: phase, Value: ['0']
    Key: product, Value: ['DUF2075 domain-containing protein']
    Key: protein_id, Value: ['WP_151130311.1']
    Key: source, Value: ['Protein Homology']
    Key: transl_table, Value: ['11']

GF(DUF2075 domain-containing protein, 10308-12033 (-1))
type: CDS
location: [1182627:1183359](-)
id: cds-WP_262349081.1
qualifiers:
    Key: Dbxref, Value: ['GenBank:WP_262349081.1']
    Key: ID, Value: ['cds-WP_262349081.1']
    Key: Name, Value: ['WP_262349081.1']
    Key: Parent, Value: ['gene-F4U91_RS05970']
    Key: gbkey, Value: ['CDS']
    Key: inference, Value: ['COORDINATES: similar to AA sequence:RefSeq:WP_015639075.1']
    Key: locus_tag, Value: ['F4U91_RS05970']
    Key: phase, Value: ['0']
    Key: product, Value: ['hypothetical protein']
    Key: protein_id, Value: ['WP_262349081.1']
    Key: source, Value: ['Protein Homology']
    Key: transl_table, Value: ['11']

GF(None, 12118-12850 (-1))
type: CDS
location: [1183562:1184123](+)
id: cds-WP_003682901.1
qualifiers:
    Key: Dbxref, Value: ['GenBank:WP_003682901.1']
    Key: ID, Value: ['cds-WP_003682901.1']
    Key: Name, Value: ['WP_003682901.1']
    Key: Ontology_term, Value: ['GO:0006352', 'GO:0003677', 'GO:0016987']
    Key: Parent, Value: ['gene-F4U91_RS05975']
    Key: gbkey, Value: ['CDS']
    Key: go_function, Value: ['DNA binding|0003677||IEA', 'sigma factor activity|0016987||IEA']
    Key: go_process, Value: ['DNA-templated transcription initiation|0006352||IEA']
    Key: inference, Value: ['COORDINATES: similar to AA sequence:RefSeq:WP_015639076.1']
    Key: locus_tag, Value: ['F4U91_RS05975']
    Key: phase, Value: ['0']
    Key: product, Value: ['sigma-70 family RNA polymerase sigma factor']
    Key: protein_id, Value: ['WP_003682901.1']
    Key: source, Value: ['Protein Homology']
    Key: transl_table, Value: ['11']

GF(sigma-70 family RNA polymerase sigma factor, 13053-13614 (1))
type: repeat_region
location: [1173075:1174344](+)
id: NZ_CP044354.1_2
qualifiers:
    Key: Dbxref, Value: ['SO:0001459']
    Key: ID, Value: ['NZ_CP044354.1_2']
    Key: Note, Value: ['GTTTTCGTCTCCTTCTGGCGGAGATCAGTTTATATC']
    Key: Ontology_term, Value: ['CRISPR']
    Key: score, Value: ['1269']
    Key: source, Value: ['CCTyper']

GF(Repeat region, 2566-3835 (0))
[GF(transposase domain-containing protein, 224-380 (-1)), GF(IS66 family transposase, 449-1748 (-1)), GF(IS66 family insertion sequence element accessory protein TnpB, 1815-2172 (-1)), GF(None, 2161-2338 (-1)), GF(type III-A CRISPR-associated RAMP protein Csm5, 3999-5016 (-1)), GF(type III-A CRISPR-associated RAMP protein Csm4, 5012-5930 (-1)), GF(type III-A CRISPR-associated RAMP protein Csm3, 5931-6597 (-1)), GF(type III-A CRISPR-associated protein Csm2, 6606-7008 (-1)), GF(type III-A CRISPR-associated protein Cas10/Csm1, 7012-9340 (-1)), GF(CRISPR system precrRNA processing endoribonuclease RAMP protein Cas6, 9320-10115 (-1)), GF(DUF2075 domain-containing protein, 10308-12033 (-1)), GF(None, 12118-12850 (-1)), GF(sigma-70 family RNA polymerase sigma factor, 13053-13614 (1)), GF(Repeat region, 2566-3835 (0)), GF(CRISPR-Cas locus, 4000-10091 (0))]
