Cas operons file:    Unnamed: 0         Contig  ...           locus_id           sample
0           1  NZ_AP024619.1  ...  GCF_019668485.1_1  GCF_019668485.1

[1 rows x 19 columns]
The chosen contig: NZ_AP024619.1
type: CDS
location: [2836295:2836553](+)
id: cds-WP_221039094.1
qualifiers:
    Key: Dbxref, Value: ['GenBank:WP_221039094.1']
    Key: ID, Value: ['cds-WP_221039094.1']
    Key: Name, Value: ['WP_221039094.1']
    Key: Parent, Value: ['gene-K5554_RS14135']
    Key: gbkey, Value: ['CDS']
    Key: inference, Value: ['COORDINATES: ab initio prediction:GeneMarkS-2+']
    Key: locus_tag, Value: ['K5554_RS14135']
    Key: phase, Value: ['0']
    Key: product, Value: ['hypothetical protein']
    Key: protein_id, Value: ['WP_221039094.1']
    Key: source, Value: ['GeneMarkS-2+']
    Key: transl_table, Value: ['11']

GF(None, 636-894 (1))
type: CDS
location: [2836771:2837305](-)
id: cds-WP_221039095.1
qualifiers:
    Key: Dbxref, Value: ['GenBank:WP_221039095.1']
    Key: ID, Value: ['cds-WP_221039095.1']
    Key: Name, Value: ['WP_221039095.1']
    Key: Parent, Value: ['gene-K5554_RS14140']
    Key: gbkey, Value: ['CDS']
    Key: inference, Value: ['COORDINATES: similar to AA sequence:RefSeq:WP_013781664.1']
    Key: locus_tag, Value: ['K5554_RS14140']
    Key: phase, Value: ['0']
    Key: product, Value: ['rubrerythrin family protein']
    Key: protein_id, Value: ['WP_221039095.1']
    Key: source, Value: ['Protein Homology']
    Key: transl_table, Value: ['11']

GF(rubrerythrin family protein, 1112-1646 (-1))
type: CDS
location: [2837426:2837939](-)
id: cds-WP_221039096.1
qualifiers:
    Key: Dbxref, Value: ['GenBank:WP_221039096.1']
    Key: ID, Value: ['cds-WP_221039096.1']
    Key: Name, Value: ['WP_221039096.1']
    Key: Parent, Value: ['gene-K5554_RS14145']
    Key: gbkey, Value: ['CDS']
    Key: inference, Value: ['COORDINATES: ab initio prediction:GeneMarkS-2+']
    Key: locus_tag, Value: ['K5554_RS14145']
    Key: phase, Value: ['0']
    Key: product, Value: ['hypothetical protein']
    Key: protein_id, Value: ['WP_221039096.1']
    Key: source, Value: ['GeneMarkS-2+']
    Key: transl_table, Value: ['11']

GF(None, 1767-2280 (-1))
type: CDS
location: [2837925:2838294](-)
id: cds-WP_221039097.1
qualifiers:
    Key: Dbxref, Value: ['GenBank:WP_221039097.1']
    Key: ID, Value: ['cds-WP_221039097.1']
    Key: Name, Value: ['WP_221039097.1']
    Key: Ontology_term, Value: ['GO:0016779', 'GO:0046872']
    Key: Parent, Value: ['gene-K5554_RS14150']
    Key: gbkey, Value: ['CDS']
    Key: go_function, Value: ['nucleotidyltransferase activity|0016779||IEA', 'metal ion binding|0046872||IEA']
    Key: inference, Value: ['COORDINATES: ab initio prediction:GeneMarkS-2+']
    Key: locus_tag, Value: ['K5554_RS14150']
    Key: phase, Value: ['0']
    Key: product, Value: ['nucleotidyltransferase domain-containing protein']
    Key: protein_id, Value: ['WP_221039097.1']
    Key: source, Value: ['GeneMarkS-2+']
    Key: transl_table, Value: ['11']

GF(nucleotidyltransferase domain-containing protein, 2266-2635 (-1))
type: CDS
location: [2838899:2839157](+)
id: cds-WP_221039098.1
qualifiers:
    Key: Dbxref, Value: ['GenBank:WP_221039098.1']
    Key: ID, Value: ['cds-WP_221039098.1']
    Key: Name, Value: ['WP_221039098.1']
    Key: Parent, Value: ['gene-K5554_RS14155']
    Key: gbkey, Value: ['CDS']
    Key: inference, Value: ['COORDINATES: protein motif:HMM:TIGR01439.1']
    Key: locus_tag, Value: ['K5554_RS14155']
    Key: phase, Value: ['0']
    Key: product, Value: ['AbrB/MazE/SpoVT family DNA-binding domain-containing protein']
    Key: protein_id, Value: ['WP_221039098.1']
    Key: source, Value: ['Protein Homology']
    Key: transl_table, Value: ['11']

GF(AbrB/MazE/SpoVT family DNA-binding domain-containing protein, 3240-3498 (1))
type: CDS
location: [2839156:2839555](+)
id: cds-WP_221039099.1
qualifiers:
    Key: Dbxref, Value: ['GenBank:WP_221039099.1']
    Key: ID, Value: ['cds-WP_221039099.1']
    Key: Name, Value: ['WP_221039099.1']
    Key: Parent, Value: ['gene-K5554_RS14160']
    Key: gbkey, Value: ['CDS']
    Key: inference, Value: ['COORDINATES: protein motif:HMM:NF013970.2']
    Key: locus_tag, Value: ['K5554_RS14160']
    Key: phase, Value: ['0']
    Key: product, Value: ['PIN domain-containing protein']
    Key: protein_id, Value: ['WP_221039099.1']
    Key: source, Value: ['Protein Homology']
    Key: transl_table, Value: ['11']

GF(PIN domain-containing protein, 3497-3896 (1))
type: CDS
location: [2839658:2840345](-)
id: cds-WP_221039100.1
qualifiers:
    Key: Dbxref, Value: ['GenBank:WP_221039100.1']
    Key: ID, Value: ['cds-WP_221039100.1']
    Key: Name, Value: ['WP_221039100.1']
    Key: Parent, Value: ['gene-K5554_RS14165']
    Key: gbkey, Value: ['CDS']
    Key: inference, Value: ['COORDINATES: ab initio prediction:GeneMarkS-2+']
    Key: locus_tag, Value: ['K5554_RS14165']
    Key: phase, Value: ['0']
    Key: product, Value: ['hypothetical protein']
    Key: protein_id, Value: ['WP_221039100.1']
    Key: source, Value: ['GeneMarkS-2+']
    Key: transl_table, Value: ['11']

GF(None, 3999-4686 (-1))
type: CDS
location: [2840541:2841015](-)
id: cds-WP_221039101.1
qualifiers:
    Key: Dbxref, Value: ['GenBank:WP_221039101.1']
    Key: ID, Value: ['cds-WP_221039101.1']
    Key: Name, Value: ['WP_221039101.1']
    Key: Parent, Value: ['gene-K5554_RS14170']
    Key: gbkey, Value: ['CDS']
    Key: inference, Value: ['COORDINATES: ab initio prediction:GeneMarkS-2+']
    Key: locus_tag, Value: ['K5554_RS14170']
    Key: phase, Value: ['0']
    Key: product, Value: ['hypothetical protein']
    Key: protein_id, Value: ['WP_221039101.1']
    Key: source, Value: ['GeneMarkS-2+']
    Key: transl_table, Value: ['11']

GF(None, 4882-5356 (-1))
type: CDS
location: [2840989:2842192](-)
id: cds-WP_221039102.1
qualifiers:
    Key: Dbxref, Value: ['GenBank:WP_221039102.1']
    Key: ID, Value: ['cds-WP_221039102.1']
    Key: Name, Value: ['WP_221039102.1']
    Key: Ontology_term, Value: ['GO:0043571', 'GO:0003674']
    Key: Parent, Value: ['gene-K5554_RS14175']
    Key: gbkey, Value: ['CDS']
    Key: gene, Value: ['cmr4']
    Key: go_function, Value: ['molecular_function|0003674||IEA']
    Key: go_process, Value: ['maintenance of CRISPR repeat elements|0043571||IEA']
    Key: inference, Value: ['COORDINATES: protein motif:HMM:NF015728.2']
    Key: locus_tag, Value: ['K5554_RS14175']
    Key: phase, Value: ['0']
    Key: product, Value: ['type III-B CRISPR module RAMP protein Cmr4']
    Key: protein_id, Value: ['WP_221039102.1']
    Key: source, Value: ['Protein Homology']
    Key: transl_table, Value: ['11']

GF(type III-B CRISPR module RAMP protein Cmr4, 5330-6533 (-1))
type: CDS
location: [2842175:2845673](-)
id: cds-WP_221039103.1
qualifiers:
    Key: Dbxref, Value: ['GenBank:WP_221039103.1']
    Key: ID, Value: ['cds-WP_221039103.1']
    Key: Name, Value: ['WP_221039103.1']
    Key: Parent, Value: ['gene-K5554_RS14180']
    Key: gbkey, Value: ['CDS']
    Key: inference, Value: ['COORDINATES: ab initio prediction:GeneMarkS-2+']
    Key: locus_tag, Value: ['K5554_RS14180']
    Key: phase, Value: ['0']
    Key: product, Value: ['hypothetical protein']
    Key: protein_id, Value: ['WP_221039103.1']
    Key: source, Value: ['GeneMarkS-2+']
    Key: transl_table, Value: ['11']

GF(None, 6516-10014 (-1))
type: CDS
location: [2845665:2847078](-)
id: cds-WP_221039104.1
qualifiers:
    Key: Dbxref, Value: ['GenBank:WP_221039104.1']
    Key: ID, Value: ['cds-WP_221039104.1']
    Key: Name, Value: ['WP_221039104.1']
    Key: Parent, Value: ['gene-K5554_RS14185']
    Key: gbkey, Value: ['CDS']
    Key: inference, Value: ['COORDINATES: ab initio prediction:GeneMarkS-2+']
    Key: locus_tag, Value: ['K5554_RS14185']
    Key: phase, Value: ['0']
    Key: product, Value: ['hypothetical protein']
    Key: protein_id, Value: ['WP_221039104.1']
    Key: source, Value: ['GeneMarkS-2+']
    Key: transl_table, Value: ['11']

GF(None, 10006-11419 (-1))
type: CDS
location: [2847079:2848270](-)
id: cds-WP_221039105.1
qualifiers:
    Key: Dbxref, Value: ['GenBank:WP_221039105.1']
    Key: ID, Value: ['cds-WP_221039105.1']
    Key: Name, Value: ['WP_221039105.1']
    Key: Ontology_term, Value: ['GO:0043571', 'GO:0003674']
    Key: Parent, Value: ['gene-K5554_RS14190']
    Key: gbkey, Value: ['CDS']
    Key: gene, Value: ['cmr1']
    Key: go_function, Value: ['molecular_function|0003674||IEA']
    Key: go_process, Value: ['maintenance of CRISPR repeat elements|0043571||IEA']
    Key: inference, Value: ['COORDINATES: protein motif:HMM:NF015728.2']
    Key: locus_tag, Value: ['K5554_RS14190']
    Key: phase, Value: ['0']
    Key: product, Value: ['type III-B CRISPR module RAMP protein Cmr1']
    Key: protein_id, Value: ['WP_221039105.1']
    Key: source, Value: ['Protein Homology']
    Key: transl_table, Value: ['11']

GF(type III-B CRISPR module RAMP protein Cmr1, 11420-12611 (-1))
type: CDS
location: [2849170:2850844](+)
id: cds-WP_221039106.1
qualifiers:
    Key: Dbxref, Value: ['GenBank:WP_221039106.1']
    Key: ID, Value: ['cds-WP_221039106.1']
    Key: Name, Value: ['WP_221039106.1']
    Key: Ontology_term, Value: ['GO:0016787']
    Key: Parent, Value: ['gene-K5554_RS14195']
    Key: gbkey, Value: ['CDS']
    Key: go_function, Value: ['hydrolase activity|0016787||IEA']
    Key: inference, Value: ['COORDINATES: protein motif:HMM:NF013696.2']
    Key: locus_tag, Value: ['K5554_RS14195']
    Key: phase, Value: ['0']
    Key: product, Value: ['M20/M25/M40 family metallo-hydrolase']
    Key: protein_id, Value: ['WP_221039106.1']
    Key: source, Value: ['Protein Homology']
    Key: transl_table, Value: ['11']

GF(M20/M25/M40 family metallo-hydrolase, 13511-15185 (1))
type: CDS
location: [2850933:2851335](+)
id: cds-WP_221039107.1
qualifiers:
    Key: Dbxref, Value: ['GenBank:WP_221039107.1']
    Key: ID, Value: ['cds-WP_221039107.1']
    Key: Name, Value: ['WP_221039107.1']
    Key: Parent, Value: ['gene-K5554_RS14200']
    Key: gbkey, Value: ['CDS']
    Key: inference, Value: ['COORDINATES: ab initio prediction:GeneMarkS-2+']
    Key: locus_tag, Value: ['K5554_RS14200']
    Key: phase, Value: ['0']
    Key: product, Value: ['hypothetical protein']
    Key: protein_id, Value: ['WP_221039107.1']
    Key: source, Value: ['GeneMarkS-2+']
    Key: transl_table, Value: ['11']

GF(None, 15274-15676 (1))
graphic feature from cctyper protein table: GF(Cmr3gr5, 4000-4686 (-1))
graphic feature from cctyper protein table: GF(Cmr5, 4883-5356 (-1))
graphic feature from cctyper protein table: GF(Cmr4gr7, 5331-6533 (-1))
graphic feature from cctyper protein table: GF(Cas10, 6517-10014 (-1))
graphic feature from cctyper protein table: GF(Cmr6, 10007-11419 (-1))
graphic feature from cctyper protein table: GF(Csm3gr7, 11421-12611 (-1))
Index(['protein_id', 'start', 'end', 'effector', 'locus', 'sample', 'strand',
       'sequence'],
      dtype='object')
Index(['protein_id', 'start', 'end', 'effector', 'locus', 'sample', 'strand',
       'sequence'],
      dtype='object')
[GF(None, 636-894 (1)), GF(rubrerythrin family protein, 1112-1646 (-1)), GF(None, 1767-2280 (-1)), GF(nucleotidyltransferase domain-containing protein, 2266-2635 (-1)), GF(AbrB/MazE/SpoVT family DNA-binding domain-containing protein, 3240-3498 (1)), GF(PIN domain-containing protein, 3497-3896 (1)), GF(None, 3999-4686 (-1)), GF(None, 4882-5356 (-1)), GF(type III-B CRISPR module RAMP protein Cmr4, 5330-6533 (-1)), GF(None, 6516-10014 (-1)), GF(None, 10006-11419 (-1)), GF(type III-B CRISPR module RAMP protein Cmr1, 11420-12611 (-1)), GF(M20/M25/M40 family metallo-hydrolase, 13511-15185 (1)), GF(None, 15274-15676 (1)), GF(Cmr3gr5, 4000-4686 (-1)), GF(Cmr5, 4883-5356 (-1)), GF(Cmr4gr7, 5331-6533 (-1)), GF(Cas10, 6517-10014 (-1)), GF(Cmr6, 10007-11419 (-1)), GF(Csm3gr7, 11421-12611 (-1)), GF(CRISPR-Cas locus, 4000-12611 (0))]
