Cas operons file:    Unnamed: 0       Contig  ...           locus_id           sample
0           1  NC_012438.1  ...  GCF_000021545.1_1  GCF_000021545.1

[1 rows x 19 columns]
The chosen contig: NC_012438.1
type: CDS
location: [1491781:1492330](+)
id: cds-WP_012674682.1
qualifiers:
    Key: Dbxref, Value: ['GenBank:WP_012674682.1']
    Key: ID, Value: ['cds-WP_012674682.1']
    Key: Name, Value: ['WP_012674682.1']
    Key: Parent, Value: ['gene-SULAZ_RS07820']
    Key: gbkey, Value: ['CDS']
    Key: inference, Value: ['COORDINATES: protein motif:HMM:NF027583.4']
    Key: locus_tag, Value: ['SULAZ_RS07820']
    Key: phase, Value: ['0']
    Key: product, Value: ['DUF4912 domain-containing protein']
    Key: protein_id, Value: ['WP_012674682.1']
    Key: source, Value: ['Protein Homology']
    Key: transl_table, Value: ['11']

GF(DUF4912 domain-containing protein, 1080-1629 (1))
type: CDS
location: [1492340:1492976](+)
id: cds-WP_012674670.1
qualifiers:
    Key: Dbxref, Value: ['GenBank:WP_012674670.1']
    Key: ID, Value: ['cds-WP_012674670.1']
    Key: Name, Value: ['WP_012674670.1']
    Key: Ontology_term, Value: ['GO:0006281', 'GO:0004844', 'GO:0046872', 'GO:0051539']
    Key: Parent, Value: ['gene-SULAZ_RS07825']
    Key: gbkey, Value: ['CDS']
    Key: go_function, Value: ['uracil DNA N-glycosylase activity|0004844||IEA', 'metal ion binding|0046872||IEA', '4 iron, 4 sulfur cluster binding|0051539||IEA']
    Key: go_process, Value: ['DNA repair|0006281||IEA']
    Key: inference, Value: ['COORDINATES: similar to AA sequence:RefSeq:WP_012459769.1']
    Key: locus_tag, Value: ['SULAZ_RS07825']
    Key: phase, Value: ['0']
    Key: product, Value: ['uracil-DNA glycosylase']
    Key: protein_id, Value: ['WP_012674670.1']
    Key: source, Value: ['Protein Homology']
    Key: transl_table, Value: ['11']

GF(uracil-DNA glycosylase, 1639-2275 (1))
type: CDS
location: [1494700:1495585](+)
id: cds-WP_012673668.1
qualifiers:
    Key: Dbxref, Value: ['GenBank:WP_012673668.1']
    Key: ID, Value: ['cds-WP_012673668.1']
    Key: Name, Value: ['WP_012673668.1']
    Key: Ontology_term, Value: ['GO:0043571', 'GO:0004521']
    Key: Parent, Value: ['gene-SULAZ_RS07830']
    Key: gbkey, Value: ['CDS']
    Key: gene, Value: ['cas6']
    Key: go_function, Value: ['RNA endonuclease activity|0004521||IEA']
    Key: go_process, Value: ['maintenance of CRISPR repeat elements|0043571||IEA']
    Key: inference, Value: ['COORDINATES: protein motif:HMM:TIGR01877.1']
    Key: locus_tag, Value: ['SULAZ_RS07830']
    Key: phase, Value: ['0']
    Key: product, Value: ['CRISPR-associated endoribonuclease Cas6']
    Key: protein_id, Value: ['WP_012673668.1']
    Key: source, Value: ['Protein Homology']
    Key: transl_table, Value: ['11']

GF(CRISPR-associated endoribonuclease Cas6, 3999-4884 (1))
type: CDS
location: [1495635:1498197](+)
id: cds-WP_012674235.1
qualifiers:
    Key: Dbxref, Value: ['GenBank:WP_012674235.1']
    Key: ID, Value: ['cds-WP_012674235.1']
    Key: Name, Value: ['WP_012674235.1']
    Key: Ontology_term, Value: ['GO:0043571', 'GO:0003674']
    Key: Parent, Value: ['gene-SULAZ_RS07835']
    Key: gbkey, Value: ['CDS']
    Key: gene, Value: ['cas10']
    Key: go_function, Value: ['molecular_function|0003674||IEA']
    Key: go_process, Value: ['maintenance of CRISPR repeat elements|0043571||IEA']
    Key: inference, Value: ['COORDINATES: protein motif:HMM:TIGR02578.1']
    Key: locus_tag, Value: ['SULAZ_RS07835']
    Key: phase, Value: ['0']
    Key: product, Value: ['type III-A CRISPR-associated protein Cas10/Csm1']
    Key: protein_id, Value: ['WP_012674235.1']
    Key: source, Value: ['Protein Homology']
    Key: transl_table, Value: ['11']

GF(type III-A CRISPR-associated protein Cas10/Csm1, 4934-7496 (1))
type: CDS
location: [1498207:1498675](+)
id: cds-WP_012675015.1
qualifiers:
    Key: Dbxref, Value: ['GenBank:WP_012675015.1']
    Key: ID, Value: ['cds-WP_012675015.1']
    Key: Name, Value: ['WP_012675015.1']
    Key: Ontology_term, Value: ['GO:0043571', 'GO:0003674']
    Key: Parent, Value: ['gene-SULAZ_RS07840']
    Key: gbkey, Value: ['CDS']
    Key: gene, Value: ['csm2']
    Key: go_function, Value: ['molecular_function|0003674||IEA']
    Key: go_process, Value: ['maintenance of CRISPR repeat elements|0043571||IEA']
    Key: inference, Value: ['COORDINATES: protein motif:HMM:NF015695.4']
    Key: locus_tag, Value: ['SULAZ_RS07840']
    Key: phase, Value: ['0']
    Key: product, Value: ['type III-A CRISPR-associated protein Csm2']
    Key: protein_id, Value: ['WP_012675015.1']
    Key: source, Value: ['Protein Homology']
    Key: transl_table, Value: ['11']

GF(type III-A CRISPR-associated protein Csm2, 7506-7974 (1))
type: CDS
location: [1498694:1499483](+)
id: cds-WP_012674307.1
qualifiers:
    Key: Dbxref, Value: ['GenBank:WP_012674307.1']
    Key: ID, Value: ['cds-WP_012674307.1']
    Key: Name, Value: ['WP_012674307.1']
    Key: Ontology_term, Value: ['GO:0043571', 'GO:0003674']
    Key: Parent, Value: ['gene-SULAZ_RS07845']
    Key: gbkey, Value: ['CDS']
    Key: gene, Value: ['csm3']
    Key: go_function, Value: ['molecular_function|0003674||IEA']
    Key: go_process, Value: ['maintenance of CRISPR repeat elements|0043571||IEA']
    Key: inference, Value: ['COORDINATES: protein motif:HMM:TIGR02582.1']
    Key: locus_tag, Value: ['SULAZ_RS07845']
    Key: phase, Value: ['0']
    Key: product, Value: ['type III-A CRISPR-associated RAMP protein Csm3']
    Key: protein_id, Value: ['WP_012674307.1']
    Key: source, Value: ['Protein Homology']
    Key: transl_table, Value: ['11']

GF(type III-A CRISPR-associated RAMP protein Csm3, 7993-8782 (1))
type: CDS
location: [1499484:1500447](+)
id: cds-WP_012673499.1
qualifiers:
    Key: Dbxref, Value: ['GenBank:WP_012673499.1']
    Key: ID, Value: ['cds-WP_012673499.1']
    Key: Name, Value: ['WP_012673499.1']
    Key: Ontology_term, Value: ['GO:0043571', 'GO:0003674']
    Key: Parent, Value: ['gene-SULAZ_RS07850']
    Key: gbkey, Value: ['CDS']
    Key: gene, Value: ['csm4']
    Key: go_function, Value: ['molecular_function|0003674||IEA']
    Key: go_process, Value: ['maintenance of CRISPR repeat elements|0043571||IEA']
    Key: inference, Value: ['COORDINATES: similar to AA sequence:RefSeq:WP_008289203.1']
    Key: locus_tag, Value: ['SULAZ_RS07850']
    Key: phase, Value: ['0']
    Key: product, Value: ['type III-A CRISPR-associated RAMP protein Csm4']
    Key: protein_id, Value: ['WP_012673499.1']
    Key: source, Value: ['Protein Homology']
    Key: transl_table, Value: ['11']

GF(type III-A CRISPR-associated RAMP protein Csm4, 8783-9746 (1))
type: CDS
location: [1500443:1501655](+)
id: cds-WP_012673602.1
qualifiers:
    Key: Dbxref, Value: ['GenBank:WP_012673602.1']
    Key: ID, Value: ['cds-WP_012673602.1']
    Key: Name, Value: ['WP_012673602.1']
    Key: Ontology_term, Value: ['GO:0043571', 'GO:0003674']
    Key: Parent, Value: ['gene-SULAZ_RS07855']
    Key: gbkey, Value: ['CDS']
    Key: gene, Value: ['csm5']
    Key: go_function, Value: ['molecular_function|0003674||IEA']
    Key: go_process, Value: ['maintenance of CRISPR repeat elements|0043571||IEA']
    Key: inference, Value: ['COORDINATES: protein motif:HMM:TIGR01899.1']
    Key: locus_tag, Value: ['SULAZ_RS07855']
    Key: phase, Value: ['0']
    Key: product, Value: ['type III-A CRISPR-associated RAMP protein Csm5']
    Key: protein_id, Value: ['WP_012673602.1']
    Key: source, Value: ['Protein Homology']
    Key: transl_table, Value: ['11']

GF(type III-A CRISPR-associated RAMP protein Csm5, 9742-10954 (1))
type: CDS
location: [1501637:1502387](-)
id: cds-WP_012674700.1
qualifiers:
    Key: Dbxref, Value: ['GenBank:WP_012674700.1']
    Key: ID, Value: ['cds-WP_012674700.1']
    Key: Name, Value: ['WP_012674700.1']
    Key: Ontology_term, Value: ['GO:0016787', 'GO:0046872']
    Key: Parent, Value: ['gene-SULAZ_RS07860']
    Key: gbkey, Value: ['CDS']
    Key: go_function, Value: ['hydrolase activity|0016787||IEA', 'metal ion binding|0046872||IEA']
    Key: inference, Value: ['COORDINATES: similar to AA sequence:RefSeq:WP_012676965.1']
    Key: locus_tag, Value: ['SULAZ_RS07860']
    Key: phase, Value: ['0']
    Key: product, Value: ['TatD family hydrolase']
    Key: protein_id, Value: ['WP_012674700.1']
    Key: source, Value: ['Protein Homology']
    Key: transl_table, Value: ['11']

GF(TatD family hydrolase, 10936-11686 (-1))
type: CDS
location: [1502399:1504298](-)
id: cds-WP_012674282.1
qualifiers:
    Key: Dbxref, Value: ['GenBank:WP_012674282.1']
    Key: ID, Value: ['cds-WP_012674282.1']
    Key: Name, Value: ['WP_012674282.1']
    Key: Ontology_term, Value: ['GO:0006508', 'GO:0051301', 'GO:0004222', 'GO:0016887']
    Key: Parent, Value: ['gene-SULAZ_RS07865']
    Key: gbkey, Value: ['CDS']
    Key: gene, Value: ['ftsH']
    Key: go_function, Value: ['metalloendopeptidase activity|0004222||IEA', 'ATP hydrolysis activity|0016887||IEA']
    Key: go_process, Value: ['proteolysis|0006508||IEA', 'cell division|0051301||IEA']
    Key: inference, Value: ['COORDINATES: similar to AA sequence:RefSeq:WP_007547167.1']
    Key: locus_tag, Value: ['SULAZ_RS07865']
    Key: phase, Value: ['0']
    Key: product, Value: ['ATP-dependent zinc metalloprotease FtsH']
    Key: protein_id, Value: ['WP_012674282.1']
    Key: source, Value: ['Protein Homology']
    Key: transl_table, Value: ['11']

GF(ATP-dependent zinc metalloprotease FtsH, 11698-13597 (-1))
type: CDS
location: [1504288:1505653](-)
id: cds-WP_012673999.1
qualifiers:
    Key: Dbxref, Value: ['GenBank:WP_012673999.1']
    Key: ID, Value: ['cds-WP_012673999.1']
    Key: Name, Value: ['WP_012673999.1']
    Key: Ontology_term, Value: ['GO:0006400', 'GO:0016879']
    Key: Parent, Value: ['gene-SULAZ_RS07870']
    Key: gbkey, Value: ['CDS']
    Key: gene, Value: ['tilS']
    Key: go_function, Value: ['ligase activity, forming carbon-nitrogen bonds|0016879||IEA']
    Key: go_process, Value: ['tRNA modification|0006400||IEA']
    Key: inference, Value: ['COORDINATES: similar to AA sequence:RefSeq:WP_007547168.1']
    Key: locus_tag, Value: ['SULAZ_RS07870']
    Key: phase, Value: ['0']
    Key: product, Value: ['tRNA lysidine(34) synthetase TilS']
    Key: protein_id, Value: ['WP_012673999.1']
    Key: source, Value: ['Protein Homology']
    Key: transl_table, Value: ['11']

GF(tRNA lysidine(34) synthetase TilS, 13587-14952 (-1))
type: repeat_region
location: [1493361:1494643](+)
id: NC_012438.1_13
qualifiers:
    Key: Dbxref, Value: ['SO:0001459']
    Key: ID, Value: ['NC_012438.1_13']
    Key: Note, Value: ['GTTTTTTCCCGACTATGAGGGAATTGAAG']
    Key: Ontology_term, Value: ['CRISPR']
    Key: score, Value: ['1282']
    Key: source, Value: ['CCTyper']

GF(Repeat region, 2660-3942 (0))
[GF(DUF4912 domain-containing protein, 1080-1629 (1)), GF(uracil-DNA glycosylase, 1639-2275 (1)), GF(CRISPR-associated endoribonuclease Cas6, 3999-4884 (1)), GF(type III-A CRISPR-associated protein Cas10/Csm1, 4934-7496 (1)), GF(type III-A CRISPR-associated protein Csm2, 7506-7974 (1)), GF(type III-A CRISPR-associated RAMP protein Csm3, 7993-8782 (1)), GF(type III-A CRISPR-associated RAMP protein Csm4, 8783-9746 (1)), GF(type III-A CRISPR-associated RAMP protein Csm5, 9742-10954 (1)), GF(TatD family hydrolase, 10936-11686 (-1)), GF(ATP-dependent zinc metalloprotease FtsH, 11698-13597 (-1)), GF(tRNA lysidine(34) synthetase TilS, 13587-14952 (-1)), GF(Repeat region, 2660-3942 (0)), GF(CRISPR-Cas locus, 4000-10954 (0))]
