Cas operons file:    Unnamed: 0       Contig  ...           locus_id           sample
0           0  NC_015711.1  ...  GCF_000219105.1_0  GCF_000219105.1

[1 rows x 19 columns]
The chosen contig: NC_015711.1
type: CDS
location: [2366975:2367824](+)
id: cds-WP_043709879.1
qualifiers:
    Key: Dbxref, Value: ['GenBank:WP_043709879.1']
    Key: ID, Value: ['cds-WP_043709879.1']
    Key: Name, Value: ['WP_043709879.1']
    Key: Ontology_term, Value: ['GO:0006468', 'GO:0004674', 'GO:0005524']
    Key: Parent, Value: ['gene-LILAB_RS09790']
    Key: gbkey, Value: ['CDS']
    Key: go_function, Value: ['protein serine/threonine kinase activity|0004674||IEA', 'ATP binding|0005524||IEA']
    Key: go_process, Value: ['protein phosphorylation|0006468||IEA']
    Key: inference, Value: ['COORDINATES: similar to AA sequence:RefSeq:WP_002639998.1']
    Key: locus_tag, Value: ['LILAB_RS09790']
    Key: phase, Value: ['0']
    Key: product, Value: ['serine/threonine-protein kinase']
    Key: protein_id, Value: ['WP_043709879.1']
    Key: source, Value: ['Protein Homology']
    Key: transl_table, Value: ['11']

GF(serine/threonine-protein kinase, 174-1023 (1))
type: CDS
location: [2367915:2368779](+)
id: cds-WP_043709884.1
qualifiers:
    Key: Dbxref, Value: ['GenBank:WP_043709884.1']
    Key: ID, Value: ['cds-WP_043709884.1']
    Key: Name, Value: ['WP_043709884.1']
    Key: Ontology_term, Value: ['GO:0016779']
    Key: Parent, Value: ['gene-LILAB_RS09795']
    Key: gbkey, Value: ['CDS']
    Key: go_function, Value: ['nucleotidyltransferase activity|0016779||IEA']
    Key: inference, Value: ['COORDINATES: similar to AA sequence:RefSeq:WP_002639999.1']
    Key: locus_tag, Value: ['LILAB_RS09795']
    Key: phase, Value: ['0']
    Key: product, Value: ['CBASS oligonucleotide cyclase']
    Key: protein_id, Value: ['WP_043709884.1']
    Key: source, Value: ['Protein Homology']
    Key: transl_table, Value: ['11']

GF(CBASS oligonucleotide cyclase, 1114-1978 (1))
type: CDS
location: [2368880:2370710](+)
id: cds-WP_013937070.1
qualifiers:
    Key: Dbxref, Value: ['GenBank:WP_013937070.1']
    Key: ID, Value: ['cds-WP_013937070.1']
    Key: Name, Value: ['WP_013937070.1']
    Key: Parent, Value: ['gene-LILAB_RS09800']
    Key: gbkey, Value: ['CDS']
    Key: inference, Value: ['COORDINATES: similar to AA sequence:RefSeq:WP_002640000.1']
    Key: locus_tag, Value: ['LILAB_RS09800']
    Key: phase, Value: ['0']
    Key: product, Value: ['SAVED domain-containing protein']
    Key: protein_id, Value: ['WP_013937070.1']
    Key: source, Value: ['Protein Homology']
    Key: transl_table, Value: ['11']

GF(SAVED domain-containing protein, 2079-3909 (1))
type: CDS
location: [2370800:2372279](+)
id: cds-WP_013937071.1
qualifiers:
    Key: Dbxref, Value: ['GenBank:WP_013937071.1']
    Key: ID, Value: ['cds-WP_013937071.1']
    Key: Name, Value: ['WP_013937071.1']
    Key: Parent, Value: ['gene-LILAB_RS09805']
    Key: gbkey, Value: ['CDS']
    Key: inference, Value: ['COORDINATES: similar to AA sequence:RefSeq:WP_011557201.1']
    Key: locus_tag, Value: ['LILAB_RS09805']
    Key: phase, Value: ['0']
    Key: product, Value: ['RAMP superfamily CRISPR-associated protein']
    Key: protein_id, Value: ['WP_013937071.1']
    Key: source, Value: ['Protein Homology']
    Key: transl_table, Value: ['11']

GF(RAMP superfamily CRISPR-associated protein, 3999-5478 (1))
type: CDS
location: [2372283:2374062](+)
id: cds-WP_013937072.1
qualifiers:
    Key: Dbxref, Value: ['GenBank:WP_013937072.1']
    Key: ID, Value: ['cds-WP_013937072.1']
    Key: Name, Value: ['WP_013937072.1']
    Key: Ontology_term, Value: ['GO:0043571', 'GO:0003674']
    Key: Parent, Value: ['gene-LILAB_RS09810']
    Key: gbkey, Value: ['CDS']
    Key: gene, Value: ['cas10']
    Key: go_function, Value: ['molecular_function|0003674||IEA']
    Key: go_process, Value: ['maintenance of CRISPR repeat elements|0043571||IEA']
    Key: inference, Value: ['COORDINATES: similar to AA sequence:RefSeq:WP_002640003.1']
    Key: locus_tag, Value: ['LILAB_RS09810']
    Key: phase, Value: ['0']
    Key: product, Value: ['type III-B CRISPR-associated protein Cas10/Cmr2']
    Key: protein_id, Value: ['WP_013937072.1']
    Key: source, Value: ['Protein Homology']
    Key: transl_table, Value: ['11']

GF(type III-B CRISPR-associated protein Cas10/Cmr2, 5482-7261 (1))
type: CDS
location: [2374058:2375267](+)
id: cds-WP_013937073.1
qualifiers:
    Key: Dbxref, Value: ['GenBank:WP_013937073.1']
    Key: ID, Value: ['cds-WP_013937073.1']
    Key: Name, Value: ['WP_013937073.1']
    Key: Parent, Value: ['gene-LILAB_RS09815']
    Key: gbkey, Value: ['CDS']
    Key: inference, Value: ['COORDINATES: similar to AA sequence:RefSeq:WP_011557199.1']
    Key: locus_tag, Value: ['LILAB_RS09815']
    Key: phase, Value: ['0']
    Key: product, Value: ['type III-B CRISPR module-associated Cmr3 family protein']
    Key: protein_id, Value: ['WP_013937073.1']
    Key: source, Value: ['Protein Homology']
    Key: transl_table, Value: ['11']

GF(type III-B CRISPR module-associated Cmr3 family protein, 7257-8466 (1))
type: CDS
location: [2375269:2376205](+)
id: cds-WP_013937074.1
qualifiers:
    Key: Dbxref, Value: ['GenBank:WP_013937074.1']
    Key: ID, Value: ['cds-WP_013937074.1']
    Key: Name, Value: ['WP_013937074.1']
    Key: Ontology_term, Value: ['GO:0043571', 'GO:0003674']
    Key: Parent, Value: ['gene-LILAB_RS09820']
    Key: gbkey, Value: ['CDS']
    Key: gene, Value: ['cmr4']
    Key: go_function, Value: ['molecular_function|0003674||IEA']
    Key: go_process, Value: ['maintenance of CRISPR repeat elements|0043571||IEA']
    Key: inference, Value: ['COORDINATES: similar to AA sequence:RefSeq:WP_011557198.1']
    Key: locus_tag, Value: ['LILAB_RS09820']
    Key: phase, Value: ['0']
    Key: product, Value: ['type III-B CRISPR module RAMP protein Cmr4']
    Key: protein_id, Value: ['WP_013937074.1']
    Key: source, Value: ['Protein Homology']
    Key: transl_table, Value: ['11']

GF(type III-B CRISPR module RAMP protein Cmr4, 8468-9404 (1))
type: CDS
location: [2376201:2376612](+)
id: cds-WP_013937075.1
qualifiers:
    Key: Dbxref, Value: ['GenBank:WP_013937075.1']
    Key: ID, Value: ['cds-WP_013937075.1']
    Key: Name, Value: ['WP_013937075.1']
    Key: Ontology_term, Value: ['GO:0043571', 'GO:0003674']
    Key: Parent, Value: ['gene-LILAB_RS09825']
    Key: gbkey, Value: ['CDS']
    Key: gene, Value: ['cmr5']
    Key: go_function, Value: ['molecular_function|0003674||IEA']
    Key: go_process, Value: ['maintenance of CRISPR repeat elements|0043571||IEA']
    Key: inference, Value: ['COORDINATES: similar to AA sequence:RefSeq:WP_011557197.1']
    Key: locus_tag, Value: ['LILAB_RS09825']
    Key: phase, Value: ['0']
    Key: product, Value: ['type III-B CRISPR module-associated protein Cmr5']
    Key: protein_id, Value: ['WP_013937075.1']
    Key: source, Value: ['Protein Homology']
    Key: transl_table, Value: ['11']

GF(type III-B CRISPR module-associated protein Cmr5, 9400-9811 (1))
type: CDS
location: [2376604:2377669](+)
id: cds-WP_013937076.1
qualifiers:
    Key: Dbxref, Value: ['GenBank:WP_013937076.1']
    Key: ID, Value: ['cds-WP_013937076.1']
    Key: Name, Value: ['WP_013937076.1']
    Key: Ontology_term, Value: ['GO:0043571', 'GO:0003674']
    Key: Parent, Value: ['gene-LILAB_RS09830']
    Key: gbkey, Value: ['CDS']
    Key: gene, Value: ['cmr6']
    Key: go_function, Value: ['molecular_function|0003674||IEA']
    Key: go_process, Value: ['maintenance of CRISPR repeat elements|0043571||IEA']
    Key: inference, Value: ['COORDINATES: similar to AA sequence:RefSeq:WP_002640007.1']
    Key: locus_tag, Value: ['LILAB_RS09830']
    Key: phase, Value: ['0']
    Key: product, Value: ['type III-B CRISPR module RAMP protein Cmr6']
    Key: protein_id, Value: ['WP_013937076.1']
    Key: source, Value: ['Protein Homology']
    Key: transl_table, Value: ['11']

GF(type III-B CRISPR module RAMP protein Cmr6, 9803-10868 (1))
type: CDS
location: [2379985:2381095](+)
id: cds-WP_013937077.1
qualifiers:
    Key: Dbxref, Value: ['GenBank:WP_013937077.1']
    Key: ID, Value: ['cds-WP_013937077.1']
    Key: Name, Value: ['WP_013937077.1']
    Key: Parent, Value: ['gene-LILAB_RS09835']
    Key: gbkey, Value: ['CDS']
    Key: inference, Value: ['COORDINATES: similar to AA sequence:RefSeq:WP_011557194.1']
    Key: locus_tag, Value: ['LILAB_RS09835']
    Key: phase, Value: ['0']
    Key: product, Value: ['hypothetical protein']
    Key: protein_id, Value: ['WP_013937077.1']
    Key: source, Value: ['Protein Homology']
    Key: transl_table, Value: ['11']

GF(None, 13184-14294 (1))
type: repeat_region
location: [2377929:2379191](+)
id: NC_015711.1_1
qualifiers:
    Key: Dbxref, Value: ['SO:0001459']
    Key: ID, Value: ['NC_015711.1_1']
    Key: Note, Value: ['GTCCCGCTCGCCGTGATGCCGGAAGGCGTTGAGCAC']
    Key: Ontology_term, Value: ['CRISPR']
    Key: score, Value: ['1262']
    Key: source, Value: ['CCTyper']

GF(Repeat region, 11128-12390 (0))
type: repeat_region
location: [2379450:2379923](+)
id: NC_015711.1_2
qualifiers:
    Key: Dbxref, Value: ['SO:0001459']
    Key: ID, Value: ['NC_015711.1_2']
    Key: Note, Value: ['CTCGCCGTGATGCCGGAAGGCGTTGAGCAC']
    Key: Ontology_term, Value: ['CRISPR']
    Key: score, Value: ['473']
    Key: source, Value: ['CCTyper']

GF(Repeat region, 12649-13122 (0))
graphic feature from cctyper protein table: GF(Cmr1gr7, 4000-5478 (1))
graphic feature from cctyper protein table: GF(Cas10, 5483-7261 (1))
graphic feature from cctyper protein table: GF(Cmr3gr5, 7258-8466 (1))
graphic feature from cctyper protein table: GF(Cmr4, 8469-9404 (1))
graphic feature from cctyper protein table: GF(Cmr5gr11, 9401-9811 (1))
graphic feature from cctyper protein table: GF(Cmr6gr7, 9804-10868 (1))
Index(['protein_id', 'start', 'end', 'effector', 'locus', 'sample', 'strand',
       'sequence'],
      dtype='object')
Index(['protein_id', 'start', 'end', 'effector', 'locus', 'sample', 'strand',
       'sequence'],
      dtype='object')
[GF(serine/threonine-protein kinase, 174-1023 (1)), GF(CBASS oligonucleotide cyclase, 1114-1978 (1)), GF(SAVED domain-containing protein, 2079-3909 (1)), GF(RAMP superfamily CRISPR-associated protein, 3999-5478 (1)), GF(type III-B CRISPR-associated protein Cas10/Cmr2, 5482-7261 (1)), GF(type III-B CRISPR module-associated Cmr3 family protein, 7257-8466 (1)), GF(type III-B CRISPR module RAMP protein Cmr4, 8468-9404 (1)), GF(type III-B CRISPR module-associated protein Cmr5, 9400-9811 (1)), GF(type III-B CRISPR module RAMP protein Cmr6, 9803-10868 (1)), GF(None, 13184-14294 (1)), GF(Repeat region, 11128-12390 (0)), GF(Repeat region, 12649-13122 (0)), GF(Cmr1gr7, 4000-5478 (1)), GF(Cas10, 5483-7261 (1)), GF(Cmr3gr5, 7258-8466 (1)), GF(Cmr4, 8469-9404 (1)), GF(Cmr5gr11, 9401-9811 (1)), GF(Cmr6gr7, 9804-10868 (1)), GF(CRISPR-Cas locus, 4000-10868 (0))]
