Cas operons file:    Unnamed: 0         Contig  ...           locus_id           sample
0           1  NZ_AP017560.1  ...  GCF_003967015.1_1  GCF_003967015.1

[1 rows x 19 columns]
The chosen contig: NZ_AP017560.1
type: CDS
location: [1217026:1217686](-)
id: cds-WP_126385718.1
qualifiers:
    Key: Dbxref, Value: ['GenBank:WP_126385718.1']
    Key: ID, Value: ['cds-WP_126385718.1']
    Key: Name, Value: ['WP_126385718.1']
    Key: Ontology_term, Value: ['GO:0003676', 'GO:0004519']
    Key: Parent, Value: ['gene-ABRG53_RS05600']
    Key: gbkey, Value: ['CDS']
    Key: go_function, Value: ['nucleic acid binding|0003676||IEA', 'endonuclease activity|0004519||IEA']
    Key: inference, Value: ['COORDINATES: similar to AA sequence:RefSeq:WP_019498647.1']
    Key: locus_tag, Value: ['ABRG53_RS05600']
    Key: phase, Value: ['0']
    Key: product, Value: ['Uma2 family endonuclease']
    Key: protein_id, Value: ['WP_126385718.1']
    Key: source, Value: ['Protein Homology']
    Key: transl_table, Value: ['11']

GF(Uma2 family endonuclease, 709-1369 (-1))
type: CDS
location: [1217918:1218221](-)
id: cds-WP_126385719.1
qualifiers:
    Key: Dbxref, Value: ['GenBank:WP_126385719.1']
    Key: ID, Value: ['cds-WP_126385719.1']
    Key: Name, Value: ['WP_126385719.1']
    Key: Parent, Value: ['gene-ABRG53_RS05605']
    Key: gbkey, Value: ['CDS']
    Key: inference, Value: ['COORDINATES: ab initio prediction:GeneMarkS-2+']
    Key: locus_tag, Value: ['ABRG53_RS05605']
    Key: phase, Value: ['0']
    Key: product, Value: ['hypothetical protein']
    Key: protein_id, Value: ['WP_126385719.1']
    Key: source, Value: ['GeneMarkS-2+']
    Key: transl_table, Value: ['11']

GF(None, 1601-1904 (-1))
type: CDS
location: [1219941:1220124](-)
id: cds-WP_126385720.1
qualifiers:
    Key: Dbxref, Value: ['GenBank:WP_126385720.1']
    Key: ID, Value: ['cds-WP_126385720.1']
    Key: Name, Value: ['WP_126385720.1']
    Key: Parent, Value: ['gene-ABRG53_RS05610']
    Key: gbkey, Value: ['CDS']
    Key: inference, Value: ['COORDINATES: ab initio prediction:GeneMarkS-2+']
    Key: locus_tag, Value: ['ABRG53_RS05610']
    Key: phase, Value: ['0']
    Key: product, Value: ['hypothetical protein']
    Key: protein_id, Value: ['WP_126385720.1']
    Key: source, Value: ['GeneMarkS-2+']
    Key: transl_table, Value: ['11']

GF(None, 3624-3807 (-1))
type: CDS
location: [1220316:1221705](-)
id: cds-WP_126385721.1
qualifiers:
    Key: Dbxref, Value: ['GenBank:WP_126385721.1']
    Key: ID, Value: ['cds-WP_126385721.1']
    Key: Name, Value: ['WP_126385721.1']
    Key: Parent, Value: ['gene-ABRG53_RS05615']
    Key: gbkey, Value: ['CDS']
    Key: inference, Value: ['COORDINATES: ab initio prediction:GeneMarkS-2+']
    Key: locus_tag, Value: ['ABRG53_RS05615']
    Key: phase, Value: ['0']
    Key: product, Value: ['hypothetical protein']
    Key: protein_id, Value: ['WP_126385721.1']
    Key: source, Value: ['GeneMarkS-2+']
    Key: transl_table, Value: ['11']

GF(None, 3999-5388 (-1))
type: CDS
location: [1221742:1222321](-)
id: cds-WP_126385722.1
qualifiers:
    Key: Dbxref, Value: ['GenBank:WP_126385722.1']
    Key: ID, Value: ['cds-WP_126385722.1']
    Key: Name, Value: ['WP_126385722.1']
    Key: Ontology_term, Value: ['GO:0003677', 'GO:0004519']
    Key: Parent, Value: ['gene-ABRG53_RS05620']
    Key: gbkey, Value: ['CDS']
    Key: go_function, Value: ['DNA binding|0003677||IEA', 'endonuclease activity|0004519||IEA']
    Key: inference, Value: ['COORDINATES: similar to AA sequence:RefSeq:WP_009627211.1']
    Key: locus_tag, Value: ['ABRG53_RS05620']
    Key: phase, Value: ['0']
    Key: product, Value: ['Uma2 family endonuclease']
    Key: protein_id, Value: ['WP_126385722.1']
    Key: source, Value: ['Protein Homology']
    Key: transl_table, Value: ['11']

GF(Uma2 family endonuclease, 5425-6004 (-1))
type: CDS
location: [1222348:1222789](-)
id: cds-WP_197725192.1
qualifiers:
    Key: Dbxref, Value: ['GenBank:WP_197725192.1']
    Key: ID, Value: ['cds-WP_197725192.1']
    Key: Name, Value: ['WP_197725192.1']
    Key: Parent, Value: ['gene-ABRG53_RS05625']
    Key: gbkey, Value: ['CDS']
    Key: inference, Value: ['COORDINATES: ab initio prediction:GeneMarkS-2+']
    Key: locus_tag, Value: ['ABRG53_RS05625']
    Key: phase, Value: ['0']
    Key: product, Value: ['hypothetical protein']
    Key: protein_id, Value: ['WP_197725192.1']
    Key: source, Value: ['GeneMarkS-2+']
    Key: transl_table, Value: ['11']

GF(None, 6031-6472 (-1))
type: CDS
location: [1222867:1224583](-)
id: cds-WP_126385723.1
qualifiers:
    Key: Dbxref, Value: ['GenBank:WP_126385723.1']
    Key: ID, Value: ['cds-WP_126385723.1']
    Key: Name, Value: ['WP_126385723.1']
    Key: Parent, Value: ['gene-ABRG53_RS05630']
    Key: gbkey, Value: ['CDS']
    Key: inference, Value: ['COORDINATES: similar to AA sequence:RefSeq:WP_009627205.1']
    Key: locus_tag, Value: ['ABRG53_RS05630']
    Key: phase, Value: ['0']
    Key: product, Value: ['RAMP superfamily protein']
    Key: protein_id, Value: ['WP_126385723.1']
    Key: source, Value: ['Protein Homology']
    Key: transl_table, Value: ['11']

GF(RAMP superfamily protein, 6550-8266 (-1))
type: CDS
location: [1224601:1225006](-)
id: cds-WP_126385724.1
qualifiers:
    Key: Dbxref, Value: ['GenBank:WP_126385724.1']
    Key: ID, Value: ['cds-WP_126385724.1']
    Key: Name, Value: ['WP_126385724.1']
    Key: Parent, Value: ['gene-ABRG53_RS05635']
    Key: gbkey, Value: ['CDS']
    Key: inference, Value: ['COORDINATES: similar to AA sequence:RefSeq:WP_009627204.1']
    Key: locus_tag, Value: ['ABRG53_RS05635']
    Key: phase, Value: ['0']
    Key: product, Value: ['hypothetical protein']
    Key: protein_id, Value: ['WP_126385724.1']
    Key: source, Value: ['Protein Homology']
    Key: transl_table, Value: ['11']

GF(None, 8284-8689 (-1))
type: CDS
location: [1225005:1225974](-)
id: cds-WP_126385725.1
qualifiers:
    Key: Dbxref, Value: ['GenBank:WP_126385725.1']
    Key: ID, Value: ['cds-WP_126385725.1']
    Key: Name, Value: ['WP_126385725.1']
    Key: Parent, Value: ['gene-ABRG53_RS05640']
    Key: gbkey, Value: ['CDS']
    Key: inference, Value: ['COORDINATES: protein motif:HMM:NF015728.3']
    Key: locus_tag, Value: ['ABRG53_RS05640']
    Key: phase, Value: ['0']
    Key: product, Value: ['RAMP superfamily CRISPR-associated protein']
    Key: protein_id, Value: ['WP_126385725.1']
    Key: source, Value: ['Protein Homology']
    Key: transl_table, Value: ['11']

GF(RAMP superfamily CRISPR-associated protein, 8688-9657 (-1))
type: CDS
location: [1225973:1227059](-)
id: cds-WP_126385726.1
qualifiers:
    Key: Dbxref, Value: ['GenBank:WP_126385726.1']
    Key: ID, Value: ['cds-WP_126385726.1']
    Key: Name, Value: ['WP_126385726.1']
    Key: Parent, Value: ['gene-ABRG53_RS05645']
    Key: gbkey, Value: ['CDS']
    Key: inference, Value: ['COORDINATES: similar to AA sequence:RefSeq:WP_009627202.1']
    Key: locus_tag, Value: ['ABRG53_RS05645']
    Key: phase, Value: ['0']
    Key: product, Value: ['type III-B CRISPR module-associated Cmr3 family protein']
    Key: protein_id, Value: ['WP_126385726.1']
    Key: source, Value: ['Protein Homology']
    Key: transl_table, Value: ['11']

GF(type III-B CRISPR module-associated Cmr3 family protein, 9656-10742 (-1))
type: CDS
location: [1227043:1228615](-)
id: cds-WP_126385727.1
qualifiers:
    Key: Dbxref, Value: ['GenBank:WP_126385727.1']
    Key: ID, Value: ['cds-WP_126385727.1']
    Key: Name, Value: ['WP_126385727.1']
    Key: Parent, Value: ['gene-ABRG53_RS05650']
    Key: gbkey, Value: ['CDS']
    Key: inference, Value: ['COORDINATES: similar to AA sequence:RefSeq:WP_009627201.1']
    Key: locus_tag, Value: ['ABRG53_RS05650']
    Key: phase, Value: ['0']
    Key: product, Value: ['type III-B CRISPR-associated protein Cas10/Cmr2']
    Key: protein_id, Value: ['WP_126385727.1']
    Key: source, Value: ['Protein Homology']
    Key: transl_table, Value: ['11']

GF(type III-B CRISPR-associated protein Cas10/Cmr2, 10726-12298 (-1))
type: CDS
location: [1228798:1229959](+)
id: cds-WP_126385728.1
qualifiers:
    Key: Dbxref, Value: ['GenBank:WP_126385728.1']
    Key: ID, Value: ['cds-WP_126385728.1']
    Key: Name, Value: ['WP_126385728.1']
    Key: Ontology_term, Value: ['GO:0003676']
    Key: Parent, Value: ['gene-ABRG53_RS05655']
    Key: gbkey, Value: ['CDS']
    Key: go_function, Value: ['nucleic acid binding|0003676||IEA']
    Key: inference, Value: ['COORDINATES: similar to AA sequence:RefSeq:WP_019498639.1']
    Key: locus_tag, Value: ['ABRG53_RS05655']
    Key: phase, Value: ['0']
    Key: product, Value: ['WYL domain-containing protein']
    Key: protein_id, Value: ['WP_126385728.1']
    Key: source, Value: ['Protein Homology']
    Key: transl_table, Value: ['11']

GF(WYL domain-containing protein, 12481-13642 (1))
type: CDS
location: [1229984:1230737](-)
id: cds-WP_126385729.1
qualifiers:
    Key: Dbxref, Value: ['GenBank:WP_126385729.1']
    Key: ID, Value: ['cds-WP_126385729.1']
    Key: Name, Value: ['WP_126385729.1']
    Key: Ontology_term, Value: ['GO:0009236', 'GO:0008818']
    Key: Parent, Value: ['gene-ABRG53_RS05660']
    Key: gbkey, Value: ['CDS']
    Key: gene, Value: ['cobS']
    Key: go_function, Value: ["cobalamin 5'-phosphate synthase activity|0008818||IEA"]
    Key: go_process, Value: ['cobalamin biosynthetic process|0009236||IEA']
    Key: inference, Value: ['COORDINATES: similar to AA sequence:RefSeq:WP_009628412.1']
    Key: locus_tag, Value: ['ABRG53_RS05660']
    Key: phase, Value: ['0']
    Key: product, Value: ['adenosylcobinamide-GDP ribazoletransferase']
    Key: protein_id, Value: ['WP_126385729.1']
    Key: source, Value: ['Protein Homology']
    Key: transl_table, Value: ['11']

GF(adenosylcobinamide-GDP ribazoletransferase, 13667-14420 (-1))
type: CDS
location: [1230979:1232248](+)
id: cds-WP_126385730.1
qualifiers:
    Key: Dbxref, Value: ['GenBank:WP_126385730.1']
    Key: ID, Value: ['cds-WP_126385730.1']
    Key: Name, Value: ['WP_126385730.1']
    Key: Ontology_term, Value: ['GO:0006508', 'GO:0008236']
    Key: Parent, Value: ['gene-ABRG53_RS05665']
    Key: gbkey, Value: ['CDS']
    Key: go_function, Value: ['serine-type peptidase activity|0008236||IEA']
    Key: go_process, Value: ['proteolysis|0006508||IEA']
    Key: inference, Value: ['COORDINATES: similar to AA sequence:RefSeq:WP_009628413.1']
    Key: locus_tag, Value: ['ABRG53_RS05665']
    Key: phase, Value: ['0']
    Key: product, Value: ['S41 family peptidase']
    Key: protein_id, Value: ['WP_126385730.1']
    Key: source, Value: ['Protein Homology']
    Key: transl_table, Value: ['11']

GF(S41 family peptidase, 14662-15931 (1))
type: CDS
location: [1232284:1233622](-)
id: cds-WP_126385731.1
qualifiers:
    Key: Dbxref, Value: ['GenBank:WP_126385731.1']
    Key: ID, Value: ['cds-WP_126385731.1']
    Key: Name, Value: ['WP_126385731.1']
    Key: Ontology_term, Value: ['GO:0009423', 'GO:0003866']
    Key: Parent, Value: ['gene-ABRG53_RS05670']
    Key: gbkey, Value: ['CDS']
    Key: gene, Value: ['aroA']
    Key: go_function, Value: ['3-phosphoshikimate 1-carboxyvinyltransferase activity|0003866||IEA']
    Key: go_process, Value: ['chorismate biosynthetic process|0009423||IEA']
    Key: inference, Value: ['COORDINATES: similar to AA sequence:RefSeq:WP_009628646.1']
    Key: locus_tag, Value: ['ABRG53_RS05670']
    Key: phase, Value: ['0']
    Key: product, Value: ['3-phosphoshikimate 1-carboxyvinyltransferase']
    Key: protein_id, Value: ['WP_126385731.1']
    Key: source, Value: ['Protein Homology']
    Key: transl_table, Value: ['11']

GF(3-phosphoshikimate 1-carboxyvinyltransferase, 15967-17305 (-1))
type: repeat_region
location: [1218277:1220277](+)
id: NZ_AP017560.1_1
qualifiers:
    Key: Dbxref, Value: ['SO:0001459']
    Key: ID, Value: ['NZ_AP017560.1_1']
    Key: Note, Value: ['CAATCGATCGCGTCCCCTAGCGAGTAGGAGA']
    Key: Ontology_term, Value: ['CRISPR']
    Key: score, Value: ['2000']
    Key: source, Value: ['CCTyper']

GF(Repeat region, 1960-3960 (0))
graphic feature from cctyper protein table: GF(Csx1, 4000-5388 (-1))
graphic feature from cctyper protein table: GF(PD, 6032-6472 (-1))
graphic feature from cctyper protein table: GF(Cmr6gr7, 6551-8266 (-1))
graphic feature from cctyper protein table: GF(Cmr5gr11, 8285-8689 (-1))
graphic feature from cctyper protein table: GF(Cmr4gr7, 8689-9657 (-1))
graphic feature from cctyper protein table: GF(Cmr3gr5, 9657-10742 (-1))
graphic feature from cctyper protein table: GF(Cas10, 10727-12298 (-1))
graphic feature from cctyper protein table: GF(WYL, 12482-13642 (1))
Index(['protein_id', 'start', 'end', 'effector', 'locus', 'sample', 'strand',
       'sequence', 'type'],
      dtype='object')
graphic feature from known effectors: GF(csx1, 4000-5388 (-1))
Index(['protein_id', 'start', 'end', 'effector', 'locus', 'sample', 'strand',
       'sequence'],
      dtype='object')
[GF(Uma2 family endonuclease, 709-1369 (-1)), GF(None, 1601-1904 (-1)), GF(None, 3624-3807 (-1)), GF(None, 3999-5388 (-1)), GF(Uma2 family endonuclease, 5425-6004 (-1)), GF(None, 6031-6472 (-1)), GF(RAMP superfamily protein, 6550-8266 (-1)), GF(None, 8284-8689 (-1)), GF(RAMP superfamily CRISPR-associated protein, 8688-9657 (-1)), GF(type III-B CRISPR module-associated Cmr3 family protein, 9656-10742 (-1)), GF(type III-B CRISPR-associated protein Cas10/Cmr2, 10726-12298 (-1)), GF(WYL domain-containing protein, 12481-13642 (1)), GF(adenosylcobinamide-GDP ribazoletransferase, 13667-14420 (-1)), GF(S41 family peptidase, 14662-15931 (1)), GF(3-phosphoshikimate 1-carboxyvinyltransferase, 15967-17305 (-1)), GF(Repeat region, 1960-3960 (0)), GF(Csx1, 4000-5388 (-1)), GF(PD, 6032-6472 (-1)), GF(Cmr6gr7, 6551-8266 (-1)), GF(Cmr5gr11, 8285-8689 (-1)), GF(Cmr4gr7, 8689-9657 (-1)), GF(Cmr3gr5, 9657-10742 (-1)), GF(Cas10, 10727-12298 (-1)), GF(WYL, 12482-13642 (1)), GF(csx1, 4000-5388 (-1)), GF(CRISPR-Cas locus, 4000-13642 (0))]
