Cas operons file:    Unnamed: 0         Contig  ...           locus_id           sample
0           3  NZ_AP017928.1  ...  GCF_003584645.1_3  GCF_003584645.1

[1 rows x 19 columns]
The chosen contig: NZ_AP017928.1
type: CDS
location: [5928842:5930438](-)
id: cds-WP_232020455.1
qualifiers:
    Key: Dbxref, Value: ['GenBank:WP_232020455.1']
    Key: ID, Value: ['cds-WP_232020455.1']
    Key: Name, Value: ['WP_232020455.1']
    Key: Parent, Value: ['gene-sS8_RS26780']
    Key: gbkey, Value: ['CDS']
    Key: gene, Value: ['nifL']
    Key: inference, Value: ['COORDINATES: similar to AA sequence:RefSeq:WP_017365054.1']
    Key: locus_tag, Value: ['sS8_RS26780']
    Key: phase, Value: ['0']
    Key: product, Value: ['nitrogen fixation negative regulator NifL']
    Key: protein_id, Value: ['WP_232020455.1']
    Key: source, Value: ['Protein Homology']
    Key: transl_table, Value: ['11']

GF(nitrogen fixation negative regulator NifL, 1289-2885 (-1))
type: CDS
location: [5931152:5931314](+)
id: cds-WP_170161281.1
qualifiers:
    Key: Dbxref, Value: ['GenBank:WP_170161281.1']
    Key: ID, Value: ['cds-WP_170161281.1']
    Key: Name, Value: ['WP_170161281.1']
    Key: Parent, Value: ['gene-sS8_RS28420']
    Key: gbkey, Value: ['CDS']
    Key: inference, Value: ['COORDINATES: ab initio prediction:GeneMarkS-2+']
    Key: locus_tag, Value: ['sS8_RS28420']
    Key: phase, Value: ['0']
    Key: product, Value: ['hypothetical protein']
    Key: protein_id, Value: ['WP_170161281.1']
    Key: source, Value: ['GeneMarkS-2+']
    Key: transl_table, Value: ['11']

GF(None, 3599-3761 (1))
type: CDS
location: [5931552:5931972](-)
id: cds-WP_119632430.1
qualifiers:
    Key: Dbxref, Value: ['GenBank:WP_119632430.1']
    Key: ID, Value: ['cds-WP_119632430.1']
    Key: Name, Value: ['WP_119632430.1']
    Key: Ontology_term, Value: ['GO:0043571', 'GO:0004521']
    Key: Parent, Value: ['gene-sS8_RS26785']
    Key: gbkey, Value: ['CDS']
    Key: gene, Value: ['cas2']
    Key: go_function, Value: ['RNA endonuclease activity|0004521||IEA']
    Key: go_process, Value: ['maintenance of CRISPR repeat elements|0043571||IEA']
    Key: inference, Value: ['COORDINATES: protein motif:HMM:TIGR01573.1']
    Key: locus_tag, Value: ['sS8_RS26785']
    Key: phase, Value: ['0']
    Key: product, Value: ['CRISPR-associated endonuclease Cas2']
    Key: protein_id, Value: ['WP_119632430.1']
    Key: source, Value: ['Protein Homology']
    Key: transl_table, Value: ['11']

GF(CRISPR-associated endonuclease Cas2, 3999-4419 (-1))
type: CDS
location: [5931971:5932739](-)
id: cds-WP_170161282.1
qualifiers:
    Key: Dbxref, Value: ['GenBank:WP_170161282.1']
    Key: ID, Value: ['cds-WP_170161282.1']
    Key: Name, Value: ['WP_170161282.1']
    Key: Ontology_term, Value: ['GO:0043571', 'GO:0051607', 'GO:0003676', 'GO:0004519', 'GO:0046872']
    Key: Parent, Value: ['gene-sS8_RS26790']
    Key: gbkey, Value: ['CDS']
    Key: go_function, Value: ['nucleic acid binding|0003676||IEA', 'endonuclease activity|0004519||IEA', 'metal ion binding|0046872||IEA']
    Key: go_process, Value: ['maintenance of CRISPR repeat elements|0043571||IEA', 'defense response to virus|0051607||IEA']
    Key: inference, Value: ['COORDINATES: protein motif:HMM:NF013984.4']
    Key: locus_tag, Value: ['sS8_RS26790']
    Key: phase, Value: ['0']
    Key: product, Value: ['CRISPR-associated endonuclease Cas1']
    Key: protein_id, Value: ['WP_170161282.1']
    Key: source, Value: ['Protein Homology']
    Key: transl_table, Value: ['11']

GF(CRISPR-associated endonuclease Cas1, 4418-5186 (-1))
type: CDS
location: [5932735:5933677](-)
id: cds-WP_119632432.1
qualifiers:
    Key: Dbxref, Value: ['GenBank:WP_119632432.1']
    Key: ID, Value: ['cds-WP_119632432.1']
    Key: Name, Value: ['WP_119632432.1']
    Key: Ontology_term, Value: ['GO:0043571', 'GO:0004520', 'GO:0046872']
    Key: Parent, Value: ['gene-sS8_RS26795']
    Key: gbkey, Value: ['CDS']
    Key: gene, Value: ['cas1']
    Key: go_function, Value: ['DNA endonuclease activity|0004520||IEA', 'metal ion binding|0046872||IEA']
    Key: go_process, Value: ['maintenance of CRISPR repeat elements|0043571||IEA']
    Key: inference, Value: ['COORDINATES: similar to AA sequence:RefSeq:WP_017839246.1']
    Key: locus_tag, Value: ['sS8_RS26795']
    Key: phase, Value: ['0']
    Key: product, Value: ['CRISPR-associated endonuclease Cas1']
    Key: protein_id, Value: ['WP_119632432.1']
    Key: source, Value: ['Protein Homology']
    Key: transl_table, Value: ['11']

GF(CRISPR-associated endonuclease Cas1, 5182-6124 (-1))
type: CDS
location: [5933684:5933969](-)
id: cds-WP_119633044.1
qualifiers:
    Key: Dbxref, Value: ['GenBank:WP_119633044.1']
    Key: ID, Value: ['cds-WP_119633044.1']
    Key: Name, Value: ['WP_119633044.1']
    Key: Ontology_term, Value: ['GO:0043571', 'GO:0004521']
    Key: Parent, Value: ['gene-sS8_RS26800']
    Key: gbkey, Value: ['CDS']
    Key: gene, Value: ['cas2']
    Key: go_function, Value: ['RNA endonuclease activity|0004521||IEA']
    Key: go_process, Value: ['maintenance of CRISPR repeat elements|0043571||IEA']
    Key: inference, Value: ['COORDINATES: similar to AA sequence:RefSeq:WP_017839245.1']
    Key: locus_tag, Value: ['sS8_RS26800']
    Key: phase, Value: ['0']
    Key: product, Value: ['CRISPR-associated endonuclease Cas2']
    Key: protein_id, Value: ['WP_119633044.1']
    Key: source, Value: ['Protein Homology']
    Key: transl_table, Value: ['11']

GF(CRISPR-associated endonuclease Cas2, 6131-6416 (-1))
type: CDS
location: [5934336:5935488](-)
id: cds-WP_119632433.1
qualifiers:
    Key: Dbxref, Value: ['GenBank:WP_119632433.1']
    Key: ID, Value: ['cds-WP_119632433.1']
    Key: Name, Value: ['WP_119632433.1']
    Key: Parent, Value: ['gene-sS8_RS26805']
    Key: gbkey, Value: ['CDS']
    Key: inference, Value: ['COORDINATES: protein motif:HMM:NF020571.4']
    Key: locus_tag, Value: ['sS8_RS26805']
    Key: phase, Value: ['0']
    Key: product, Value: ['DUF1887 family CARF protein']
    Key: protein_id, Value: ['WP_119632433.1']
    Key: source, Value: ['Protein Homology']
    Key: transl_table, Value: ['11']

GF(DUF1887 family CARF protein, 6783-7935 (-1))
type: CDS
location: [5935766:5937875](-)
id: cds-WP_119632434.1
qualifiers:
    Key: Dbxref, Value: ['GenBank:WP_119632434.1']
    Key: ID, Value: ['cds-WP_119632434.1']
    Key: Name, Value: ['WP_119632434.1']
    Key: Parent, Value: ['gene-sS8_RS26810']
    Key: gbkey, Value: ['CDS']
    Key: inference, Value: ['COORDINATES: similar to AA sequence:RefSeq:WP_017839242.1']
    Key: locus_tag, Value: ['sS8_RS26810']
    Key: phase, Value: ['0']
    Key: product, Value: ['CRISPR-associated ring nuclease']
    Key: protein_id, Value: ['WP_119632434.1']
    Key: source, Value: ['Protein Homology']
    Key: transl_table, Value: ['11']

GF(CRISPR-associated ring nuclease, 8213-10322 (-1))
type: CDS
location: [5937871:5938456](-)
id: cds-WP_119632435.1
qualifiers:
    Key: Dbxref, Value: ['GenBank:WP_119632435.1']
    Key: ID, Value: ['cds-WP_119632435.1']
    Key: Name, Value: ['WP_119632435.1']
    Key: Parent, Value: ['gene-sS8_RS26815']
    Key: gbkey, Value: ['CDS']
    Key: inference, Value: ['COORDINATES: ab initio prediction:GeneMarkS-2+']
    Key: locus_tag, Value: ['sS8_RS26815']
    Key: phase, Value: ['0']
    Key: product, Value: ['hypothetical protein']
    Key: protein_id, Value: ['WP_119632435.1']
    Key: source, Value: ['GeneMarkS-2+']
    Key: transl_table, Value: ['11']

GF(None, 10318-10903 (-1))
type: CDS
location: [5938452:5938758](-)
id: cds-WP_119632436.1
qualifiers:
    Key: Dbxref, Value: ['GenBank:WP_119632436.1']
    Key: ID, Value: ['cds-WP_119632436.1']
    Key: Name, Value: ['WP_119632436.1']
    Key: Ontology_term, Value: ['GO:0043571', 'GO:0003674']
    Key: Parent, Value: ['gene-sS8_RS26820']
    Key: gbkey, Value: ['CDS']
    Key: gene, Value: ['csx16']
    Key: go_function, Value: ['molecular_function|0003674||IEA']
    Key: go_process, Value: ['maintenance of CRISPR repeat elements|0043571||IEA']
    Key: inference, Value: ['COORDINATES: similar to AA sequence:RefSeq:WP_005372356.1']
    Key: locus_tag, Value: ['sS8_RS26820']
    Key: phase, Value: ['0']
    Key: product, Value: ['CRISPR-associated protein Csx16']
    Key: protein_id, Value: ['WP_119632436.1']
    Key: source, Value: ['Protein Homology']
    Key: transl_table, Value: ['11']

GF(CRISPR-associated protein Csx16, 10899-11205 (-1))
type: CDS
location: [5940624:5941107](-)
id: cds-WP_119633045.1
qualifiers:
    Key: Dbxref, Value: ['GenBank:WP_119633045.1']
    Key: ID, Value: ['cds-WP_119633045.1']
    Key: Name, Value: ['WP_119633045.1']
    Key: Ontology_term, Value: ['GO:0003677', 'GO:0004519']
    Key: Parent, Value: ['gene-sS8_RS26830']
    Key: gbkey, Value: ['CDS']
    Key: go_function, Value: ['DNA binding|0003677||IEA', 'endonuclease activity|0004519||IEA']
    Key: inference, Value: ['COORDINATES: protein motif:HMM:NF017496.4']
    Key: locus_tag, Value: ['sS8_RS26830']
    Key: phase, Value: ['0']
    Key: product, Value: ['Uma2 family endonuclease']
    Key: protein_id, Value: ['WP_119633045.1']
    Key: source, Value: ['Protein Homology']
    Key: transl_table, Value: ['11']

GF(Uma2 family endonuclease, 13071-13554 (-1))
type: CDS
location: [5941160:5942831](-)
id: cds-WP_170161283.1
qualifiers:
    Key: Dbxref, Value: ['GenBank:WP_170161283.1']
    Key: ID, Value: ['cds-WP_170161283.1']
    Key: Name, Value: ['WP_170161283.1']
    Key: Ontology_term, Value: ['GO:0043571', 'GO:0003674']
    Key: Parent, Value: ['gene-sS8_RS26835']
    Key: gbkey, Value: ['CDS']
    Key: gene, Value: ['csm5']
    Key: go_function, Value: ['molecular_function|0003674||IEA']
    Key: go_process, Value: ['maintenance of CRISPR repeat elements|0043571||IEA']
    Key: inference, Value: ['COORDINATES: protein motif:HMM:NF015728.4']
    Key: locus_tag, Value: ['sS8_RS26835']
    Key: phase, Value: ['0']
    Key: product, Value: ['type III-A CRISPR-associated RAMP protein Csm5']
    Key: protein_id, Value: ['WP_170161283.1']
    Key: source, Value: ['Protein Homology']
    Key: transl_table, Value: ['11']

GF(type III-A CRISPR-associated RAMP protein Csm5, 13607-15278 (-1))
type: CDS
location: [5942827:5943799](-)
id: cds-WP_170161284.1
qualifiers:
    Key: Dbxref, Value: ['GenBank:WP_170161284.1']
    Key: ID, Value: ['cds-WP_170161284.1']
    Key: Name, Value: ['WP_170161284.1']
    Key: Parent, Value: ['gene-sS8_RS28425']
    Key: gbkey, Value: ['CDS']
    Key: inference, Value: ['COORDINATES: ab initio prediction:GeneMarkS-2+']
    Key: locus_tag, Value: ['sS8_RS28425']
    Key: phase, Value: ['0']
    Key: product, Value: ['CRISPR-associated protein Csm4']
    Key: protein_id, Value: ['WP_170161284.1']
    Key: source, Value: ['GeneMarkS-2+']
    Key: transl_table, Value: ['11']

GF(CRISPR-associated protein Csm4, 15274-16246 (-1))
type: CDS
location: [5943800:5944010](-)
id: cds-WP_145986690.1
qualifiers:
    Key: Dbxref, Value: ['GenBank:WP_145986690.1']
    Key: ID, Value: ['cds-WP_145986690.1']
    Key: Name, Value: ['WP_145986690.1']
    Key: Parent, Value: ['gene-sS8_RS26840']
    Key: gbkey, Value: ['CDS']
    Key: inference, Value: ['COORDINATES: ab initio prediction:GeneMarkS-2+']
    Key: locus_tag, Value: ['sS8_RS26840']
    Key: phase, Value: ['0']
    Key: product, Value: ['hypothetical protein']
    Key: protein_id, Value: ['WP_145986690.1']
    Key: source, Value: ['GeneMarkS-2+']
    Key: transl_table, Value: ['11']

GF(None, 16247-16457 (-1))
type: CDS
location: [5944026:5944743](-)
id: cds-WP_119632439.1
qualifiers:
    Key: Dbxref, Value: ['GenBank:WP_119632439.1']
    Key: ID, Value: ['cds-WP_119632439.1']
    Key: Name, Value: ['WP_119632439.1']
    Key: Ontology_term, Value: ['GO:0043571', 'GO:0003674']
    Key: Parent, Value: ['gene-sS8_RS26845']
    Key: gbkey, Value: ['CDS']
    Key: gene, Value: ['csm3']
    Key: go_function, Value: ['molecular_function|0003674||IEA']
    Key: go_process, Value: ['maintenance of CRISPR repeat elements|0043571||IEA']
    Key: inference, Value: ['COORDINATES: protein motif:HMM:TIGR02582.1']
    Key: locus_tag, Value: ['sS8_RS26845']
    Key: phase, Value: ['0']
    Key: product, Value: ['type III-A CRISPR-associated RAMP protein Csm3']
    Key: protein_id, Value: ['WP_119632439.1']
    Key: source, Value: ['Protein Homology']
    Key: transl_table, Value: ['11']

GF(type III-A CRISPR-associated RAMP protein Csm3, 16473-17190 (-1))
type: CDS
location: [5944793:5945318](-)
id: cds-WP_119632440.1
qualifiers:
    Key: Dbxref, Value: ['GenBank:WP_119632440.1']
    Key: ID, Value: ['cds-WP_119632440.1']
    Key: Name, Value: ['WP_119632440.1']
    Key: Ontology_term, Value: ['GO:0043571', 'GO:0003674']
    Key: Parent, Value: ['gene-sS8_RS26850']
    Key: gbkey, Value: ['CDS']
    Key: gene, Value: ['csm2']
    Key: go_function, Value: ['molecular_function|0003674||IEA']
    Key: go_process, Value: ['maintenance of CRISPR repeat elements|0043571||IEA']
    Key: inference, Value: ['COORDINATES: similar to AA sequence:RefSeq:WP_017839237.1']
    Key: locus_tag, Value: ['sS8_RS26850']
    Key: phase, Value: ['0']
    Key: product, Value: ['type III-A CRISPR-associated protein Csm2']
    Key: protein_id, Value: ['WP_119632440.1']
    Key: source, Value: ['Protein Homology']
    Key: transl_table, Value: ['11']

GF(type III-A CRISPR-associated protein Csm2, 17240-17765 (-1))
type: CDS
location: [5945330:5947994](-)
id: cds-WP_119632441.1
qualifiers:
    Key: Dbxref, Value: ['GenBank:WP_119632441.1']
    Key: ID, Value: ['cds-WP_119632441.1']
    Key: Name, Value: ['WP_119632441.1']
    Key: Ontology_term, Value: ['GO:0043571', 'GO:0003674']
    Key: Parent, Value: ['gene-sS8_RS26855']
    Key: gbkey, Value: ['CDS']
    Key: gene, Value: ['cas10']
    Key: go_function, Value: ['molecular_function|0003674||IEA']
    Key: go_process, Value: ['maintenance of CRISPR repeat elements|0043571||IEA']
    Key: inference, Value: ['COORDINATES: similar to AA sequence:RefSeq:WP_017839235.1']
    Key: locus_tag, Value: ['sS8_RS26855']
    Key: phase, Value: ['0']
    Key: product, Value: ['type III-A CRISPR-associated protein Cas10/Csm1']
    Key: protein_id, Value: ['WP_119632441.1']
    Key: source, Value: ['Protein Homology']
    Key: transl_table, Value: ['11']

GF(type III-A CRISPR-associated protein Cas10/Csm1, 17777-20441 (-1))
type: CDS
location: [5948010:5949129](-)
id: cds-WP_119632442.1
qualifiers:
    Key: Dbxref, Value: ['GenBank:WP_119632442.1']
    Key: ID, Value: ['cds-WP_119632442.1']
    Key: Name, Value: ['WP_119632442.1']
    Key: Ontology_term, Value: ['GO:0043571', 'GO:0003674']
    Key: Parent, Value: ['gene-sS8_RS26860']
    Key: gbkey, Value: ['CDS']
    Key: gene, Value: ['csm6']
    Key: go_function, Value: ['molecular_function|0003674||IEA']
    Key: go_process, Value: ['maintenance of CRISPR repeat elements|0043571||IEA']
    Key: inference, Value: ['COORDINATES: similar to AA sequence:RefSeq:WP_005372376.1']
    Key: locus_tag, Value: ['sS8_RS26860']
    Key: phase, Value: ['0']
    Key: product, Value: ['CRISPR-associated ring nuclease Csm6']
    Key: protein_id, Value: ['WP_119632442.1']
    Key: source, Value: ['Protein Homology']
    Key: transl_table, Value: ['11']

GF(CRISPR-associated ring nuclease Csm6, 20457-21576 (-1))
type: CDS
location: [5949203:5950166](-)
id: cds-WP_119632443.1
qualifiers:
    Key: Dbxref, Value: ['GenBank:WP_119632443.1']
    Key: ID, Value: ['cds-WP_119632443.1']
    Key: Name, Value: ['WP_119632443.1']
    Key: Parent, Value: ['gene-sS8_RS26865']
    Key: gbkey, Value: ['CDS']
    Key: gene, Value: ['cas6']
    Key: inference, Value: ['COORDINATES: similar to AA sequence:RefSeq:WP_005372383.1']
    Key: locus_tag, Value: ['sS8_RS26865']
    Key: phase, Value: ['0']
    Key: product, Value: ['CRISPR system precrRNA processing endoribonuclease RAMP protein Cas6']
    Key: protein_id, Value: ['WP_119632443.1']
    Key: source, Value: ['Protein Homology']
    Key: transl_table, Value: ['11']

GF(CRISPR system precrRNA processing endoribonuclease RAMP protein Cas6, 21650-22613 (-1))
type: CDS
location: [5950482:5951280](-)
id: cds-WP_119632444.1
qualifiers:
    Key: Dbxref, Value: ['GenBank:WP_119632444.1']
    Key: ID, Value: ['cds-WP_119632444.1']
    Key: Name, Value: ['WP_119632444.1']
    Key: Parent, Value: ['gene-sS8_RS26870']
    Key: gbkey, Value: ['CDS']
    Key: inference, Value: ['COORDINATES: protein motif:HMM:NF026913.4']
    Key: locus_tag, Value: ['sS8_RS26870']
    Key: phase, Value: ['0']
    Key: product, Value: ['Imm49 family immunity protein']
    Key: protein_id, Value: ['WP_119632444.1']
    Key: source, Value: ['Protein Homology']
    Key: transl_table, Value: ['11']

GF(Imm49 family immunity protein, 22929-23727 (-1))
type: CDS
location: [5951276:5951672](-)
id: cds-WP_119632445.1
qualifiers:
    Key: Dbxref, Value: ['GenBank:WP_119632445.1']
    Key: ID, Value: ['cds-WP_119632445.1']
    Key: Name, Value: ['WP_119632445.1']
    Key: Parent, Value: ['gene-sS8_RS26875']
    Key: gbkey, Value: ['CDS']
    Key: inference, Value: ['COORDINATES: ab initio prediction:GeneMarkS-2+']
    Key: locus_tag, Value: ['sS8_RS26875']
    Key: phase, Value: ['0']
    Key: product, Value: ['hypothetical protein']
    Key: protein_id, Value: ['WP_119632445.1']
    Key: source, Value: ['GeneMarkS-2+']
    Key: transl_table, Value: ['11']

GF(None, 23723-24119 (-1))
type: CDS
location: [5951968:5952769](-)
id: cds-WP_119632446.1
qualifiers:
    Key: Dbxref, Value: ['GenBank:WP_119632446.1']
    Key: ID, Value: ['cds-WP_119632446.1']
    Key: Name, Value: ['WP_119632446.1']
    Key: Parent, Value: ['gene-sS8_RS26880']
    Key: gbkey, Value: ['CDS']
    Key: inference, Value: ['COORDINATES: protein motif:HMM:NF026913.4']
    Key: locus_tag, Value: ['sS8_RS26880']
    Key: phase, Value: ['0']
    Key: product, Value: ['Imm49 family immunity protein']
    Key: protein_id, Value: ['WP_119632446.1']
    Key: source, Value: ['Protein Homology']
    Key: transl_table, Value: ['11']

GF(Imm49 family immunity protein, 24415-25216 (-1))
type: CDS
location: [5952765:5954049](-)
id: cds-WP_119632447.1
qualifiers:
    Key: Dbxref, Value: ['GenBank:WP_119632447.1']
    Key: ID, Value: ['cds-WP_119632447.1']
    Key: Name, Value: ['WP_119632447.1']
    Key: Parent, Value: ['gene-sS8_RS26885']
    Key: gbkey, Value: ['CDS']
    Key: inference, Value: ['COORDINATES: ab initio prediction:GeneMarkS-2+']
    Key: locus_tag, Value: ['sS8_RS26885']
    Key: phase, Value: ['0']
    Key: product, Value: ['hypothetical protein']
    Key: protein_id, Value: ['WP_119632447.1']
    Key: source, Value: ['GeneMarkS-2+']
    Key: transl_table, Value: ['11']

GF(None, 25212-26496 (-1))
type: repeat_region
location: [5939792:5940520](+)
id: NZ_AP017928.1_5
qualifiers:
    Key: Dbxref, Value: ['SO:0001459']
    Key: ID, Value: ['NZ_AP017928.1_5']
    Key: Note, Value: ['GTCTTAATCCCTTCTTTATCAGGTCTCGATTCAAAC']
    Key: Ontology_term, Value: ['CRISPR']
    Key: score, Value: ['728']
    Key: source, Value: ['CCTyper']

GF(Repeat region, 12239-12967 (0))
graphic feature from known effectors: GF(can1-2, 6784-7935 (-1))
[GF(nitrogen fixation negative regulator NifL, 1289-2885 (-1)), GF(None, 3599-3761 (1)), GF(CRISPR-associated endonuclease Cas2, 3999-4419 (-1)), GF(CRISPR-associated endonuclease Cas1, 4418-5186 (-1)), GF(CRISPR-associated endonuclease Cas1, 5182-6124 (-1)), GF(CRISPR-associated endonuclease Cas2, 6131-6416 (-1)), GF(DUF1887 family CARF protein, 6783-7935 (-1)), GF(CRISPR-associated ring nuclease, 8213-10322 (-1)), GF(None, 10318-10903 (-1)), GF(CRISPR-associated protein Csx16, 10899-11205 (-1)), GF(Uma2 family endonuclease, 13071-13554 (-1)), GF(type III-A CRISPR-associated RAMP protein Csm5, 13607-15278 (-1)), GF(CRISPR-associated protein Csm4, 15274-16246 (-1)), GF(None, 16247-16457 (-1)), GF(type III-A CRISPR-associated RAMP protein Csm3, 16473-17190 (-1)), GF(type III-A CRISPR-associated protein Csm2, 17240-17765 (-1)), GF(type III-A CRISPR-associated protein Cas10/Csm1, 17777-20441 (-1)), GF(CRISPR-associated ring nuclease Csm6, 20457-21576 (-1)), GF(CRISPR system precrRNA processing endoribonuclease RAMP protein Cas6, 21650-22613 (-1)), GF(Imm49 family immunity protein, 22929-23727 (-1)), GF(None, 23723-24119 (-1)), GF(Imm49 family immunity protein, 24415-25216 (-1)), GF(None, 25212-26496 (-1)), GF(Repeat region, 12239-12967 (0)), GF(can1-2, 6784-7935 (-1)), GF(CRISPR-Cas locus, 4000-22613 (0))]
