Cas operons file:    Unnamed: 0         Contig  ...           locus_id           sample
0           1  NZ_CP071092.1  ...  GCF_019551945.1_1  GCF_019551945.1

[1 rows x 19 columns]
The chosen contig: NZ_CP071092.1
type: CDS
location: [1681307:1682000](+)
id: cds-WP_098702764.1
qualifiers:
    Key: Dbxref, Value: ['GenBank:WP_098702764.1']
    Key: ID, Value: ['cds-WP_098702764.1']
    Key: Name, Value: ['WP_098702764.1']
    Key: Parent, Value: ['gene-JY400_RS08040']
    Key: gbkey, Value: ['CDS']
    Key: inference, Value: ['COORDINATES: similar to AA sequence:RefSeq:WP_005910824.1']
    Key: locus_tag, Value: ['JY400_RS08040']
    Key: phase, Value: ['0']
    Key: product, Value: ['ABC transporter ATP-binding protein']
    Key: protein_id, Value: ['WP_098702764.1']
    Key: source, Value: ['Protein Homology']
    Key: transl_table, Value: ['11']

GF(ABC transporter ATP-binding protein, 888-1581 (1))
type: CDS
location: [1682256:1682679](+)
id: cds-WP_220280544.1
qualifiers:
    Key: Dbxref, Value: ['GenBank:WP_220280544.1']
    Key: ID, Value: ['cds-WP_220280544.1']
    Key: Name, Value: ['WP_220280544.1']
    Key: Ontology_term, Value: ['GO:0010181', 'GO:0016020']
    Key: Parent, Value: ['gene-JY400_RS08045']
    Key: gbkey, Value: ['CDS']
    Key: go_component, Value: ['membrane|0016020||IEA']
    Key: go_function, Value: ['FMN binding|0010181||IEA']
    Key: inference, Value: ['COORDINATES: similar to AA sequence:RefSeq:WP_008795157.1']
    Key: locus_tag, Value: ['JY400_RS08045']
    Key: phase, Value: ['0']
    Key: product, Value: ['FMN-binding protein']
    Key: protein_id, Value: ['WP_220280544.1']
    Key: source, Value: ['Protein Homology']
    Key: transl_table, Value: ['11']

GF(FMN-binding protein, 1837-2260 (1))
type: CDS
location: [1682763:1683201](+)
id: cds-WP_005919299.1
qualifiers:
    Key: Dbxref, Value: ['GenBank:WP_005919299.1']
    Key: ID, Value: ['cds-WP_005919299.1']
    Key: Name, Value: ['WP_005919299.1']
    Key: Parent, Value: ['gene-JY400_RS08050']
    Key: gbkey, Value: ['CDS']
    Key: inference, Value: ['COORDINATES: similar to AA sequence:RefSeq:WP_005889409.1']
    Key: locus_tag, Value: ['JY400_RS08050']
    Key: phase, Value: ['0']
    Key: product, Value: ['DUF4418 family protein']
    Key: protein_id, Value: ['WP_005919299.1']
    Key: source, Value: ['Protein Homology']
    Key: transl_table, Value: ['11']

GF(DUF4418 family protein, 2344-2782 (1))
type: CDS
location: [1683204:1684410](+)
id: cds-WP_029492108.1
qualifiers:
    Key: Dbxref, Value: ['GenBank:WP_029492108.1']
    Key: ID, Value: ['cds-WP_029492108.1']
    Key: Name, Value: ['WP_029492108.1']
    Key: Parent, Value: ['gene-JY400_RS08055']
    Key: gbkey, Value: ['CDS']
    Key: inference, Value: ['COORDINATES: similar to AA sequence:RefSeq:WP_008821834.1']
    Key: locus_tag, Value: ['JY400_RS08055']
    Key: phase, Value: ['0']
    Key: product, Value: ['ABC transporter permease']
    Key: protein_id, Value: ['WP_029492108.1']
    Key: source, Value: ['Protein Homology']
    Key: transl_table, Value: ['11']

GF(ABC transporter permease, 2785-3991 (1))
type: CDS
location: [1684418:1685090](+)
id: cds-WP_029494594.1
qualifiers:
    Key: Dbxref, Value: ['GenBank:WP_029494594.1']
    Key: ID, Value: ['cds-WP_029494594.1']
    Key: Name, Value: ['WP_029494594.1']
    Key: Parent, Value: ['gene-JY400_RS08060']
    Key: gbkey, Value: ['CDS']
    Key: inference, Value: ['COORDINATES: similar to AA sequence:RefSeq:WP_005910828.1']
    Key: locus_tag, Value: ['JY400_RS08060']
    Key: phase, Value: ['0']
    Key: product, Value: ['ABC transporter ATP-binding protein']
    Key: protein_id, Value: ['WP_029494594.1']
    Key: source, Value: ['Protein Homology']
    Key: transl_table, Value: ['11']

GF(ABC transporter ATP-binding protein, 3999-4671 (1))
type: CDS
location: [1685268:1685973](+)
id: cds-WP_029494595.1
qualifiers:
    Key: Dbxref, Value: ['GenBank:WP_029494595.1']
    Key: ID, Value: ['cds-WP_029494595.1']
    Key: Name, Value: ['WP_029494595.1']
    Key: Parent, Value: ['gene-JY400_RS08065']
    Key: gbkey, Value: ['CDS']
    Key: inference, Value: ['COORDINATES: similar to AA sequence:RefSeq:WP_005912100.1']
    Key: locus_tag, Value: ['JY400_RS08065']
    Key: phase, Value: ['0']
    Key: product, Value: ['putative quinol monooxygenase']
    Key: protein_id, Value: ['WP_029494595.1']
    Key: source, Value: ['Protein Homology']
    Key: transl_table, Value: ['11']

GF(putative quinol monooxygenase, 4849-5554 (1))
type: CDS
location: [1686038:1686641](+)
id: cds-WP_029494596.1
qualifiers:
    Key: Dbxref, Value: ['GenBank:WP_029494596.1']
    Key: ID, Value: ['cds-WP_029494596.1']
    Key: Name, Value: ['WP_029494596.1']
    Key: Parent, Value: ['gene-JY400_RS08070']
    Key: gbkey, Value: ['CDS']
    Key: inference, Value: ['COORDINATES: similar to AA sequence:RefSeq:WP_008794560.1']
    Key: locus_tag, Value: ['JY400_RS08070']
    Key: phase, Value: ['0']
    Key: product, Value: ['SMI1/KNR4 family protein']
    Key: protein_id, Value: ['WP_029494596.1']
    Key: source, Value: ['Protein Homology']
    Key: transl_table, Value: ['11']

GF(SMI1/KNR4 family protein, 5619-6222 (1))
type: CDS
location: [1686676:1687048](-)
id: cds-WP_220280545.1
qualifiers:
    Key: Dbxref, Value: ['GenBank:WP_220280545.1']
    Key: ID, Value: ['cds-WP_220280545.1']
    Key: Name, Value: ['WP_220280545.1']
    Key: Parent, Value: ['gene-JY400_RS08075']
    Key: gbkey, Value: ['CDS']
    Key: gene, Value: ['csx20']
    Key: inference, Value: ['COORDINATES: protein motif:HMM:NF040559.1']
    Key: locus_tag, Value: ['JY400_RS08075']
    Key: phase, Value: ['0']
    Key: product, Value: ['CRISPR-associated protein Csx20']
    Key: protein_id, Value: ['WP_220280545.1']
    Key: source, Value: ['Protein Homology']
    Key: transl_table, Value: ['11']

GF(CRISPR-associated protein Csx20, 6257-6629 (-1))
type: CDS
location: [1687059:1688409](-)
id: cds-WP_220280546.1
qualifiers:
    Key: Dbxref, Value: ['GenBank:WP_220280546.1']
    Key: ID, Value: ['cds-WP_220280546.1']
    Key: Name, Value: ['WP_220280546.1']
    Key: Ontology_term, Value: ['GO:0043571', 'GO:0003674']
    Key: Parent, Value: ['gene-JY400_RS08080']
    Key: gbkey, Value: ['CDS']
    Key: gene, Value: ['csx2']
    Key: go_function, Value: ['molecular_function|0003674||IEA']
    Key: go_process, Value: ['maintenance of CRISPR repeat elements|0043571||IEA']
    Key: inference, Value: ['COORDINATES: protein motif:HMM:NF021006.2']
    Key: locus_tag, Value: ['JY400_RS08080']
    Key: phase, Value: ['0']
    Key: product, Value: ['TIGR02221 family CRISPR-associated protein']
    Key: protein_id, Value: ['WP_220280546.1']
    Key: source, Value: ['Protein Homology']
    Key: transl_table, Value: ['11']

GF(TIGR02221 family CRISPR-associated protein, 6640-7990 (-1))
type: CDS
location: [1688626:1689640](+)
id: cds-WP_220280547.1
qualifiers:
    Key: Dbxref, Value: ['GenBank:WP_220280547.1']
    Key: ID, Value: ['cds-WP_220280547.1']
    Key: Name, Value: ['WP_220280547.1']
    Key: Ontology_term, Value: ['GO:0043571', 'GO:0004520', 'GO:0046872']
    Key: Parent, Value: ['gene-JY400_RS08085']
    Key: gbkey, Value: ['CDS']
    Key: gene, Value: ['cas1']
    Key: go_function, Value: ['endodeoxyribonuclease activity|0004520||IEA', 'metal ion binding|0046872||IEA']
    Key: go_process, Value: ['maintenance of CRISPR repeat elements|0043571||IEA']
    Key: inference, Value: ['COORDINATES: protein motif:HMM:TIGR00287.1']
    Key: locus_tag, Value: ['JY400_RS08085']
    Key: phase, Value: ['0']
    Key: product, Value: ['CRISPR-associated endonuclease Cas1']
    Key: protein_id, Value: ['WP_220280547.1']
    Key: source, Value: ['Protein Homology']
    Key: transl_table, Value: ['11']

GF(CRISPR-associated endonuclease Cas1, 8207-9221 (1))
type: CDS
location: [1691359:1693090](-)
id: cds-WP_220280548.1
qualifiers:
    Key: Dbxref, Value: ['GenBank:WP_220280548.1']
    Key: ID, Value: ['cds-WP_220280548.1']
    Key: Name, Value: ['WP_220280548.1']
    Key: Ontology_term, Value: ['GO:0043571', 'GO:0003674']
    Key: Parent, Value: ['gene-JY400_RS08090']
    Key: gbkey, Value: ['CDS']
    Key: gene, Value: ['csx2']
    Key: go_function, Value: ['molecular_function|0003674||IEA']
    Key: go_process, Value: ['maintenance of CRISPR repeat elements|0043571||IEA']
    Key: inference, Value: ['COORDINATES: protein motif:HMM:NF021006.2']
    Key: locus_tag, Value: ['JY400_RS08090']
    Key: phase, Value: ['0']
    Key: product, Value: ['TIGR02221 family CRISPR-associated protein']
    Key: protein_id, Value: ['WP_220280548.1']
    Key: source, Value: ['Protein Homology']
    Key: transl_table, Value: ['11']

GF(TIGR02221 family CRISPR-associated protein, 10940-12671 (-1))
type: CDS
location: [1693102:1693387](-)
id: cds-WP_220280549.1
qualifiers:
    Key: Dbxref, Value: ['GenBank:WP_220280549.1']
    Key: ID, Value: ['cds-WP_220280549.1']
    Key: Name, Value: ['WP_220280549.1']
    Key: Ontology_term, Value: ['GO:0043571', 'GO:0004521']
    Key: Parent, Value: ['gene-JY400_RS08095']
    Key: gbkey, Value: ['CDS']
    Key: gene, Value: ['cas2']
    Key: go_function, Value: ['endoribonuclease activity|0004521||IEA']
    Key: go_process, Value: ['maintenance of CRISPR repeat elements|0043571||IEA']
    Key: inference, Value: ['COORDINATES: protein motif:HMM:TIGR01573.1']
    Key: locus_tag, Value: ['JY400_RS08095']
    Key: phase, Value: ['0']
    Key: product, Value: ['CRISPR-associated endonuclease Cas2']
    Key: protein_id, Value: ['WP_220280549.1']
    Key: source, Value: ['Protein Homology']
    Key: transl_table, Value: ['11']

GF(CRISPR-associated endonuclease Cas2, 12683-12968 (-1))
type: CDS
location: [1693364:1694393](-)
id: cds-WP_220280550.1
qualifiers:
    Key: Dbxref, Value: ['GenBank:WP_220280550.1']
    Key: ID, Value: ['cds-WP_220280550.1']
    Key: Name, Value: ['WP_220280550.1']
    Key: Ontology_term, Value: ['GO:0043571', 'GO:0004520', 'GO:0046872']
    Key: Parent, Value: ['gene-JY400_RS08100']
    Key: gbkey, Value: ['CDS']
    Key: gene, Value: ['cas1']
    Key: go_function, Value: ['endodeoxyribonuclease activity|0004520||IEA', 'metal ion binding|0046872||IEA']
    Key: go_process, Value: ['maintenance of CRISPR repeat elements|0043571||IEA']
    Key: inference, Value: ['COORDINATES: protein motif:HMM:TIGR00287.1']
    Key: locus_tag, Value: ['JY400_RS08100']
    Key: phase, Value: ['0']
    Key: product, Value: ['CRISPR-associated endonuclease Cas1']
    Key: protein_id, Value: ['WP_220280550.1']
    Key: source, Value: ['Protein Homology']
    Key: transl_table, Value: ['11']

GF(CRISPR-associated endonuclease Cas1, 12945-13974 (-1))
type: CDS
location: [1697847:1698372](+)
id: cds-WP_258875948.1
qualifiers:
    Key: Dbxref, Value: ['GenBank:WP_258875948.1']
    Key: ID, Value: ['cds-WP_258875948.1']
    Key: Name, Value: ['WP_258875948.1']
    Key: Ontology_term, Value: ['GO:0043571', 'GO:0004520', 'GO:0046872']
    Key: Parent, Value: ['gene-JY400_RS08105']
    Key: gbkey, Value: ['CDS']
    Key: gene, Value: ['cas1']
    Key: go_function, Value: ['endodeoxyribonuclease activity|0004520||IEA', 'metal ion binding|0046872||IEA']
    Key: go_process, Value: ['maintenance of CRISPR repeat elements|0043571||IEA']
    Key: inference, Value: ['COORDINATES: protein motif:HMM:TIGR00287.1']
    Key: locus_tag, Value: ['JY400_RS08105']
    Key: phase, Value: ['0']
    Key: product, Value: ['CRISPR-associated endonuclease Cas1']
    Key: protein_id, Value: ['WP_258875948.1']
    Key: source, Value: ['Protein Homology']
    Key: transl_table, Value: ['11']

GF(CRISPR-associated endonuclease Cas1, 17428-17953 (1))
type: CDS
location: [1698785:1700474](-)
id: cds-WP_220280551.1
qualifiers:
    Key: Dbxref, Value: ['GenBank:WP_220280551.1']
    Key: ID, Value: ['cds-WP_220280551.1']
    Key: Name, Value: ['WP_220280551.1']
    Key: Ontology_term, Value: ['GO:0043571', 'GO:0003674']
    Key: Parent, Value: ['gene-JY400_RS08110']
    Key: gbkey, Value: ['CDS']
    Key: gene, Value: ['csx2']
    Key: go_function, Value: ['molecular_function|0003674||IEA']
    Key: go_process, Value: ['maintenance of CRISPR repeat elements|0043571||IEA']
    Key: inference, Value: ['COORDINATES: protein motif:HMM:NF021006.2']
    Key: locus_tag, Value: ['JY400_RS08110']
    Key: phase, Value: ['0']
    Key: product, Value: ['TIGR02221 family CRISPR-associated protein']
    Key: protein_id, Value: ['WP_220280551.1']
    Key: source, Value: ['Protein Homology']
    Key: transl_table, Value: ['11']

GF(TIGR02221 family CRISPR-associated protein, 18366-20055 (-1))
type: CDS
location: [1700681:1702595](-)
id: cds-WP_220280552.1
qualifiers:
    Key: Dbxref, Value: ['GenBank:WP_220280552.1']
    Key: ID, Value: ['cds-WP_220280552.1']
    Key: Name, Value: ['WP_220280552.1']
    Key: Parent, Value: ['gene-JY400_RS08115']
    Key: gbkey, Value: ['CDS']
    Key: inference, Value: ['COORDINATES: ab initio prediction:GeneMarkS-2+']
    Key: locus_tag, Value: ['JY400_RS08115']
    Key: phase, Value: ['0']
    Key: product, Value: ['hypothetical protein']
    Key: protein_id, Value: ['WP_220280552.1']
    Key: source, Value: ['GeneMarkS-2+']
    Key: transl_table, Value: ['11']

GF(None, 20262-22176 (-1))
type: CDS
location: [1702769:1703360](+)
id: cds-WP_220280553.1
qualifiers:
    Key: Dbxref, Value: ['GenBank:WP_220280553.1']
    Key: ID, Value: ['cds-WP_220280553.1']
    Key: Name, Value: ['WP_220280553.1']
    Key: Parent, Value: ['gene-JY400_RS08120']
    Key: gbkey, Value: ['CDS']
    Key: inference, Value: ['COORDINATES: ab initio prediction:GeneMarkS-2+']
    Key: locus_tag, Value: ['JY400_RS08120']
    Key: phase, Value: ['0']
    Key: product, Value: ['helix-turn-helix transcriptional regulator']
    Key: protein_id, Value: ['WP_220280553.1']
    Key: source, Value: ['GeneMarkS-2+']
    Key: transl_table, Value: ['11']

GF(helix-turn-helix transcriptional regulator, 22350-22941 (1))
type: CDS
location: [1703403:1705182](-)
id: cds-WP_220280554.1
qualifiers:
    Key: Dbxref, Value: ['GenBank:WP_220280554.1']
    Key: ID, Value: ['cds-WP_220280554.1']
    Key: Name, Value: ['WP_220280554.1']
    Key: Ontology_term, Value: ['GO:0003824', 'GO:0051536']
    Key: Parent, Value: ['gene-JY400_RS08125']
    Key: gbkey, Value: ['CDS']
    Key: go_function, Value: ['catalytic activity|0003824||IEA', 'iron-sulfur cluster binding|0051536||IEA']
    Key: inference, Value: ['COORDINATES: protein motif:HMM:NF015983.2']
    Key: locus_tag, Value: ['JY400_RS08125']
    Key: phase, Value: ['0']
    Key: product, Value: ['radical SAM protein']
    Key: protein_id, Value: ['WP_220280554.1']
    Key: source, Value: ['Protein Homology']
    Key: transl_table, Value: ['11']

GF(radical SAM protein, 22984-24763 (-1))
type: CDS
location: [1705184:1707239](-)
id: cds-WP_220280555.1
qualifiers:
    Key: Dbxref, Value: ['GenBank:WP_220280555.1']
    Key: ID, Value: ['cds-WP_220280555.1']
    Key: Name, Value: ['WP_220280555.1']
    Key: Parent, Value: ['gene-JY400_RS08130']
    Key: gbkey, Value: ['CDS']
    Key: inference, Value: ['COORDINATES: protein motif:HMM:TIGR03986.1']
    Key: locus_tag, Value: ['JY400_RS08130']
    Key: phase, Value: ['0']
    Key: product, Value: ['TIGR03986 family CRISPR-associated RAMP protein']
    Key: protein_id, Value: ['WP_220280555.1']
    Key: source, Value: ['Protein Homology']
    Key: transl_table, Value: ['11']

GF(TIGR03986 family CRISPR-associated RAMP protein, 24765-26820 (-1))
type: CDS
location: [1707246:1707681](-)
id: cds-WP_220280556.1
qualifiers:
    Key: Dbxref, Value: ['GenBank:WP_220280556.1']
    Key: ID, Value: ['cds-WP_220280556.1']
    Key: Name, Value: ['WP_220280556.1']
    Key: Parent, Value: ['gene-JY400_RS08135']
    Key: gbkey, Value: ['CDS']
    Key: inference, Value: ['COORDINATES: ab initio prediction:GeneMarkS-2+']
    Key: locus_tag, Value: ['JY400_RS08135']
    Key: phase, Value: ['0']
    Key: product, Value: ['hypothetical protein']
    Key: protein_id, Value: ['WP_220280556.1']
    Key: source, Value: ['GeneMarkS-2+']
    Key: transl_table, Value: ['11']

GF(None, 26827-27262 (-1))
type: CDS
location: [1707680:1708592](-)
id: cds-WP_220280557.1
qualifiers:
    Key: Dbxref, Value: ['GenBank:WP_220280557.1']
    Key: ID, Value: ['cds-WP_220280557.1']
    Key: Name, Value: ['WP_220280557.1']
    Key: Parent, Value: ['gene-JY400_RS08140']
    Key: gbkey, Value: ['CDS']
    Key: inference, Value: ['COORDINATES: protein motif:HMM:NF015728.2']
    Key: locus_tag, Value: ['JY400_RS08140']
    Key: phase, Value: ['0']
    Key: product, Value: ['RAMP superfamily CRISPR-associated protein']
    Key: protein_id, Value: ['WP_220280557.1']
    Key: source, Value: ['Protein Homology']
    Key: transl_table, Value: ['11']

GF(RAMP superfamily CRISPR-associated protein, 27261-28173 (-1))
type: CDS
location: [1708604:1709534](-)
id: cds-WP_220280558.1
qualifiers:
    Key: Dbxref, Value: ['GenBank:WP_220280558.1']
    Key: ID, Value: ['cds-WP_220280558.1']
    Key: Name, Value: ['WP_220280558.1']
    Key: Parent, Value: ['gene-JY400_RS08145']
    Key: gbkey, Value: ['CDS']
    Key: inference, Value: ['COORDINATES: protein motif:HMM:NF015728.2']
    Key: locus_tag, Value: ['JY400_RS08145']
    Key: phase, Value: ['0']
    Key: product, Value: ['RAMP superfamily CRISPR-associated protein']
    Key: protein_id, Value: ['WP_220280558.1']
    Key: source, Value: ['Protein Homology']
    Key: transl_table, Value: ['11']

GF(RAMP superfamily CRISPR-associated protein, 28185-29115 (-1))
type: CDS
location: [1709535:1710030](-)
id: cds-WP_220280559.1
qualifiers:
    Key: Dbxref, Value: ['GenBank:WP_220280559.1']
    Key: ID, Value: ['cds-WP_220280559.1']
    Key: Name, Value: ['WP_220280559.1']
    Key: Parent, Value: ['gene-JY400_RS08150']
    Key: gbkey, Value: ['CDS']
    Key: inference, Value: ['COORDINATES: ab initio prediction:GeneMarkS-2+']
    Key: locus_tag, Value: ['JY400_RS08150']
    Key: phase, Value: ['0']
    Key: product, Value: ['hypothetical protein']
    Key: protein_id, Value: ['WP_220280559.1']
    Key: source, Value: ['GeneMarkS-2+']
    Key: transl_table, Value: ['11']

GF(None, 29116-29611 (-1))
type: CDS
location: [1710030:1711893](-)
id: cds-WP_220280560.1
qualifiers:
    Key: Dbxref, Value: ['GenBank:WP_220280560.1']
    Key: ID, Value: ['cds-WP_220280560.1']
    Key: Name, Value: ['WP_220280560.1']
    Key: Parent, Value: ['gene-JY400_RS08155']
    Key: gbkey, Value: ['CDS']
    Key: inference, Value: ['COORDINATES: ab initio prediction:GeneMarkS-2+']
    Key: locus_tag, Value: ['JY400_RS08155']
    Key: phase, Value: ['0']
    Key: product, Value: ['hypothetical protein']
    Key: protein_id, Value: ['WP_220280560.1']
    Key: source, Value: ['GeneMarkS-2+']
    Key: transl_table, Value: ['11']

GF(None, 29611-31474 (-1))
type: CDS
location: [1711882:1713730](-)
id: cds-WP_220280561.1
qualifiers:
    Key: Dbxref, Value: ['GenBank:WP_220280561.1']
    Key: ID, Value: ['cds-WP_220280561.1']
    Key: Name, Value: ['WP_220280561.1']
    Key: Parent, Value: ['gene-JY400_RS08160']
    Key: gbkey, Value: ['CDS']
    Key: inference, Value: ['COORDINATES: protein motif:HMM:NF037066.2']
    Key: locus_tag, Value: ['JY400_RS08160']
    Key: phase, Value: ['0']
    Key: product, Value: ['hypothetical protein']
    Key: protein_id, Value: ['WP_220280561.1']
    Key: source, Value: ['Protein Homology']
    Key: transl_table, Value: ['11']

GF(None, 31463-33311 (-1))
type: CDS
location: [1713756:1714413](-)
id: cds-WP_220280562.1
qualifiers:
    Key: Dbxref, Value: ['GenBank:WP_220280562.1']
    Key: ID, Value: ['cds-WP_220280562.1']
    Key: Name, Value: ['WP_220280562.1']
    Key: Parent, Value: ['gene-JY400_RS08165']
    Key: gbkey, Value: ['CDS']
    Key: inference, Value: ['COORDINATES: ab initio prediction:GeneMarkS-2+']
    Key: locus_tag, Value: ['JY400_RS08165']
    Key: phase, Value: ['0']
    Key: product, Value: ['hypothetical protein']
    Key: protein_id, Value: ['WP_220280562.1']
    Key: source, Value: ['GeneMarkS-2+']
    Key: transl_table, Value: ['11']

GF(None, 33337-33994 (-1))
type: CDS
location: [1714409:1715057](-)
id: cds-WP_220280563.1
qualifiers:
    Key: Dbxref, Value: ['GenBank:WP_220280563.1']
    Key: ID, Value: ['cds-WP_220280563.1']
    Key: Name, Value: ['WP_220280563.1']
    Key: Parent, Value: ['gene-JY400_RS08170']
    Key: gbkey, Value: ['CDS']
    Key: inference, Value: ['COORDINATES: protein motif:HMM:NF036560.2']
    Key: locus_tag, Value: ['JY400_RS08170']
    Key: phase, Value: ['0']
    Key: product, Value: ['CRISPR-associated endonuclease Cas6']
    Key: protein_id, Value: ['WP_220280563.1']
    Key: source, Value: ['Protein Homology']
    Key: transl_table, Value: ['11']

GF(CRISPR-associated endonuclease Cas6, 33990-34638 (-1))
type: CDS
location: [1715286:1716048](+)
id: cds-WP_220280564.1
qualifiers:
    Key: Dbxref, Value: ['GenBank:WP_220280564.1']
    Key: ID, Value: ['cds-WP_220280564.1']
    Key: Name, Value: ['WP_220280564.1']
    Key: Parent, Value: ['gene-JY400_RS08175']
    Key: gbkey, Value: ['CDS']
    Key: inference, Value: ['COORDINATES: similar to AA sequence:RefSeq:WP_008803702.1']
    Key: locus_tag, Value: ['JY400_RS08175']
    Key: phase, Value: ['0']
    Key: product, Value: ['YARHG domain-containing protein']
    Key: protein_id, Value: ['WP_220280564.1']
    Key: source, Value: ['Protein Homology']
    Key: transl_table, Value: ['11']

GF(YARHG domain-containing protein, 34867-35629 (1))
type: CDS
location: [1716145:1716904](+)
id: cds-WP_029494599.1
qualifiers:
    Key: Dbxref, Value: ['GenBank:WP_029494599.1']
    Key: ID, Value: ['cds-WP_029494599.1']
    Key: Name, Value: ['WP_029494599.1']
    Key: Parent, Value: ['gene-JY400_RS08180']
    Key: gbkey, Value: ['CDS']
    Key: inference, Value: ['COORDINATES: similar to AA sequence:RefSeq:WP_005898659.1']
    Key: locus_tag, Value: ['JY400_RS08180']
    Key: phase, Value: ['0']
    Key: product, Value: ['TatD family hydrolase']
    Key: protein_id, Value: ['WP_029494599.1']
    Key: source, Value: ['Protein Homology']
    Key: transl_table, Value: ['11']

GF(TatD family hydrolase, 35726-36485 (1))
type: CDS
location: [1716900:1717269](+)
id: cds-WP_208895383.1
qualifiers:
    Key: Dbxref, Value: ['GenBank:WP_208895383.1']
    Key: ID, Value: ['cds-WP_208895383.1']
    Key: Name, Value: ['WP_208895383.1']
    Key: Ontology_term, Value: ['GO:0008610', 'GO:0008897']
    Key: Parent, Value: ['gene-JY400_RS08185']
    Key: gbkey, Value: ['CDS']
    Key: gene, Value: ['acpS']
    Key: go_function, Value: ['holo-[acyl-carrier-protein] synthase activity|0008897||IEA']
    Key: go_process, Value: ['lipid biosynthetic process|0008610||IEA']
    Key: inference, Value: ['COORDINATES: similar to AA sequence:RefSeq:WP_008800490.1']
    Key: locus_tag, Value: ['JY400_RS08185']
    Key: phase, Value: ['0']
    Key: product, Value: ['holo-ACP synthase']
    Key: protein_id, Value: ['WP_208895383.1']
    Key: source, Value: ['Protein Homology']
    Key: transl_table, Value: ['11']

GF(holo-ACP synthase, 36481-36850 (1))
type: inferred_parent
location: [1717288:1718390](+)
id: gene-JY400_RS08190
qualifiers:
    Key: ID, Value: ['gene-JY400_RS08190']

GF(None, 36869-37971 (1))
type: repeat_region
location: [1694785:1697511](+)
id: NZ_CP071092.1_2
qualifiers:
    Key: Dbxref, Value: ['SO:0001459']
    Key: ID, Value: ['NZ_CP071092.1_2']
    Key: Note, Value: ['ATATTGAAGGTTATCCATTTATAATAAGGTTTAAAAC']
    Key: Ontology_term, Value: ['CRISPR']
    Key: score, Value: ['2726']
    Key: source, Value: ['CCTyper']

GF(Repeat region, 14366-17092 (0))
graphic feature from cctyper protein table: GF(AbiEii, 4000-4671 (1))
graphic feature from cctyper protein table: GF(Csx20, 6258-6629 (-1))
graphic feature from cctyper protein table: GF(Csx1, 6641-7990 (-1))
graphic feature from cctyper protein table: GF(Cas1, 8208-9221 (1))
graphic feature from cctyper protein table: GF(Csx1, 10941-12671 (-1))
graphic feature from cctyper protein table: GF(Cas2, 12684-12968 (-1))
graphic feature from cctyper protein table: GF(Cas1, 12946-13974 (-1))
graphic feature from cctyper protein table: GF(Csx1, 18367-20055 (-1))
graphic feature from cctyper protein table: GF(CasR, 20263-22176 (-1))
graphic feature from cctyper protein table: GF(Csm3gr7, 24766-26820 (-1))
graphic feature from cctyper protein table: GF(Csm3gr7, 27262-28173 (-1))
graphic feature from cctyper protein table: GF(Csm3gr7, 28186-29115 (-1))
graphic feature from cctyper protein table: GF(Csx10, 29612-31474 (-1))
graphic feature from cctyper protein table: GF(Cas10, 31464-33311 (-1))
graphic feature from cctyper protein table: GF(Cas6, 33338-33994 (-1))
graphic feature from cctyper protein table: GF(Cas6, 33991-34638 (-1))
Index(['protein_id', 'start', 'end', 'effector', 'locus', 'sample', 'strand',
       'sequence', 'type'],
      dtype='object')
graphic feature from known effectors: GF(csx1, 6641-7990 (-1))
graphic feature from known effectors: GF(csx1, 10941-12671 (-1))
graphic feature from known effectors: GF(csx1, 18367-20055 (-1))
Index(['protein_id', 'start', 'end', 'effector', 'locus', 'sample', 'strand',
       'sequence', 'type'],
      dtype='object')
graphic feature from ring nucleases: GF(csx20, 6258-6629 (-1))
graphic feature from ring nucleases: GF(csx20, 10941-12671 (-1))
graphic feature from ring nucleases: GF(csx20, 18367-20055 (-1))
[GF(ABC transporter ATP-binding protein, 888-1581 (1)), GF(FMN-binding protein, 1837-2260 (1)), GF(DUF4418 family protein, 2344-2782 (1)), GF(ABC transporter permease, 2785-3991 (1)), GF(ABC transporter ATP-binding protein, 3999-4671 (1)), GF(putative quinol monooxygenase, 4849-5554 (1)), GF(SMI1/KNR4 family protein, 5619-6222 (1)), GF(CRISPR-associated protein Csx20, 6257-6629 (-1)), GF(TIGR02221 family CRISPR-associated protein, 6640-7990 (-1)), GF(CRISPR-associated endonuclease Cas1, 8207-9221 (1)), GF(TIGR02221 family CRISPR-associated protein, 10940-12671 (-1)), GF(CRISPR-associated endonuclease Cas2, 12683-12968 (-1)), GF(CRISPR-associated endonuclease Cas1, 12945-13974 (-1)), GF(CRISPR-associated endonuclease Cas1, 17428-17953 (1)), GF(TIGR02221 family CRISPR-associated protein, 18366-20055 (-1)), GF(None, 20262-22176 (-1)), GF(helix-turn-helix transcriptional regulator, 22350-22941 (1)), GF(radical SAM protein, 22984-24763 (-1)), GF(TIGR03986 family CRISPR-associated RAMP protein, 24765-26820 (-1)), GF(None, 26827-27262 (-1)), GF(RAMP superfamily CRISPR-associated protein, 27261-28173 (-1)), GF(RAMP superfamily CRISPR-associated protein, 28185-29115 (-1)), GF(None, 29116-29611 (-1)), GF(None, 29611-31474 (-1)), GF(None, 31463-33311 (-1)), GF(None, 33337-33994 (-1)), GF(CRISPR-associated endonuclease Cas6, 33990-34638 (-1)), GF(YARHG domain-containing protein, 34867-35629 (1)), GF(TatD family hydrolase, 35726-36485 (1)), GF(holo-ACP synthase, 36481-36850 (1)), GF(None, 36869-37971 (1)), GF(Repeat region, 14366-17092 (0)), GF(AbiEii, 4000-4671 (1)), GF(Csx20, 6258-6629 (-1)), GF(Csx1, 6641-7990 (-1)), GF(Cas1, 8208-9221 (1)), GF(Csx1, 10941-12671 (-1)), GF(Cas2, 12684-12968 (-1)), GF(Cas1, 12946-13974 (-1)), GF(Csx1, 18367-20055 (-1)), GF(CasR, 20263-22176 (-1)), GF(Csm3gr7, 24766-26820 (-1)), GF(Csm3gr7, 27262-28173 (-1)), GF(Csm3gr7, 28186-29115 (-1)), GF(Csx10, 29612-31474 (-1)), GF(Cas10, 31464-33311 (-1)), GF(Cas6, 33338-33994 (-1)), GF(Cas6, 33991-34638 (-1)), GF(csx1, 6641-7990 (-1)), GF(csx1, 10941-12671 (-1)), GF(csx1, 18367-20055 (-1)), GF(csx20, 6258-6629 (-1)), GF(csx20, 10941-12671 (-1)), GF(csx20, 18367-20055 (-1)), GF(CRISPR-Cas locus, 4000-34638 (0))]
