Cas operons file:    Unnamed: 0         Contig  ...           locus_id           sample
0           0  NZ_CP025601.1  ...  GCF_002886335.1_0  GCF_002886335.1

[1 rows x 19 columns]
The chosen contig: NZ_CP025601.1
type: inferred_parent
location: [3120597:3121859](-)
id: gene-C0095_RS15425
qualifiers:
    Key: ID, Value: ['gene-C0095_RS15425']

GF(None, 940-2202 (-1))
type: CDS
location: [3123656:3123998](-)
id: cds-WP_003414276.1
qualifiers:
    Key: Dbxref, Value: ['GenBank:WP_003414276.1']
    Key: ID, Value: ['cds-WP_003414276.1']
    Key: Name, Value: ['WP_003414276.1']
    Key: Ontology_term, Value: ['GO:0043571', 'GO:0004521']
    Key: Parent, Value: ['gene-C0095_RS15430']
    Key: gbkey, Value: ['CDS']
    Key: gene, Value: ['cas2']
    Key: go_function, Value: ['RNA endonuclease activity|0004521||IEA']
    Key: go_process, Value: ['maintenance of CRISPR repeat elements|0043571||IEA']
    Key: inference, Value: ['COORDINATES: similar to AA sequence:RefSeq:NP_217332.1']
    Key: locus_tag, Value: ['C0095_RS15430']
    Key: phase, Value: ['0']
    Key: product, Value: ['CRISPR-associated endonuclease Cas2']
    Key: protein_id, Value: ['WP_003414276.1']
    Key: source, Value: ['Protein Homology']
    Key: transl_table, Value: ['11']

GF(CRISPR-associated endonuclease Cas2, 3999-4341 (-1))
type: CDS
location: [3123998:3125015](-)
id: cds-WP_003414279.1
qualifiers:
    Key: Dbxref, Value: ['GenBank:WP_003414279.1']
    Key: ID, Value: ['cds-WP_003414279.1']
    Key: Name, Value: ['WP_003414279.1']
    Key: Ontology_term, Value: ['GO:0043571', 'GO:0004520', 'GO:0046872']
    Key: Parent, Value: ['gene-C0095_RS15435']
    Key: gbkey, Value: ['CDS']
    Key: gene, Value: ['cas1']
    Key: go_function, Value: ['DNA endonuclease activity|0004520||IEA', 'metal ion binding|0046872||IEA']
    Key: go_process, Value: ['maintenance of CRISPR repeat elements|0043571||IEA']
    Key: inference, Value: ['COORDINATES: similar to AA sequence:RefSeq:NP_217333.1']
    Key: locus_tag, Value: ['C0095_RS15435']
    Key: phase, Value: ['0']
    Key: product, Value: ['CRISPR-associated endonuclease Cas1']
    Key: protein_id, Value: ['WP_003414279.1']
    Key: source, Value: ['Protein Homology']
    Key: transl_table, Value: ['11']

GF(CRISPR-associated endonuclease Cas1, 4341-5358 (-1))
type: CDS
location: [3125027:3126275](-)
id: cds-WP_003899494.1
qualifiers:
    Key: Dbxref, Value: ['GenBank:WP_003899494.1']
    Key: ID, Value: ['cds-WP_003899494.1']
    Key: Name, Value: ['WP_003899494.1']
    Key: Ontology_term, Value: ['GO:0043571', 'GO:0003674']
    Key: Parent, Value: ['gene-C0095_RS15440']
    Key: gbkey, Value: ['CDS']
    Key: gene, Value: ['csm6']
    Key: go_function, Value: ['molecular_function|0003674||IEA']
    Key: go_process, Value: ['maintenance of CRISPR repeat elements|0043571||IEA']
    Key: inference, Value: ['COORDINATES: similar to AA sequence:RefSeq:WP_003899494.1']
    Key: locus_tag, Value: ['C0095_RS15440']
    Key: phase, Value: ['0']
    Key: product, Value: ['type III-A CRISPR-associated CARF protein Csm6']
    Key: protein_id, Value: ['WP_003899494.1']
    Key: source, Value: ['Protein Homology']
    Key: transl_table, Value: ['11']

GF(type III-A CRISPR-associated CARF protein Csm6, 5370-6618 (-1))
type: CDS
location: [3126271:3127399](-)
id: cds-WP_003414285.1
qualifiers:
    Key: Dbxref, Value: ['GenBank:WP_003414285.1']
    Key: ID, Value: ['cds-WP_003414285.1']
    Key: Name, Value: ['WP_003414285.1']
    Key: Ontology_term, Value: ['GO:0043571', 'GO:0003674']
    Key: Parent, Value: ['gene-C0095_RS15445']
    Key: gbkey, Value: ['CDS']
    Key: gene, Value: ['csm5']
    Key: go_function, Value: ['molecular_function|0003674||IEA']
    Key: go_process, Value: ['maintenance of CRISPR repeat elements|0043571||IEA']
    Key: inference, Value: ['COORDINATES: similar to AA sequence:RefSeq:NP_217335.1']
    Key: locus_tag, Value: ['C0095_RS15445']
    Key: phase, Value: ['0']
    Key: product, Value: ['type III-A CRISPR-associated RAMP protein Csm5']
    Key: protein_id, Value: ['WP_003414285.1']
    Key: source, Value: ['Protein Homology']
    Key: transl_table, Value: ['11']

GF(type III-A CRISPR-associated RAMP protein Csm5, 6614-7742 (-1))
type: CDS
location: [3127395:3128304](-)
id: cds-WP_003414288.1
qualifiers:
    Key: Dbxref, Value: ['GenBank:WP_003414288.1']
    Key: ID, Value: ['cds-WP_003414288.1']
    Key: Name, Value: ['WP_003414288.1']
    Key: Ontology_term, Value: ['GO:0043571', 'GO:0003674']
    Key: Parent, Value: ['gene-C0095_RS15450']
    Key: gbkey, Value: ['CDS']
    Key: gene, Value: ['csm4']
    Key: go_function, Value: ['molecular_function|0003674||IEA']
    Key: go_process, Value: ['maintenance of CRISPR repeat elements|0043571||IEA']
    Key: inference, Value: ['COORDINATES: similar to AA sequence:RefSeq:NP_217336.1']
    Key: locus_tag, Value: ['C0095_RS15450']
    Key: phase, Value: ['0']
    Key: product, Value: ['type III-A CRISPR-associated RAMP protein Csm4']
    Key: protein_id, Value: ['WP_003414288.1']
    Key: source, Value: ['Protein Homology']
    Key: transl_table, Value: ['11']

GF(type III-A CRISPR-associated RAMP protein Csm4, 7738-8647 (-1))
type: CDS
location: [3128284:3128995](-)
id: cds-WP_003414292.1
qualifiers:
    Key: Dbxref, Value: ['GenBank:WP_003414292.1']
    Key: ID, Value: ['cds-WP_003414292.1']
    Key: Name, Value: ['WP_003414292.1']
    Key: Ontology_term, Value: ['GO:0043571', 'GO:0003674']
    Key: Parent, Value: ['gene-C0095_RS15455']
    Key: gbkey, Value: ['CDS']
    Key: gene, Value: ['csm3']
    Key: go_function, Value: ['molecular_function|0003674||IEA']
    Key: go_process, Value: ['maintenance of CRISPR repeat elements|0043571||IEA']
    Key: inference, Value: ['COORDINATES: similar to AA sequence:RefSeq:NP_217337.1']
    Key: locus_tag, Value: ['C0095_RS15455']
    Key: phase, Value: ['0']
    Key: product, Value: ['type III-A CRISPR-associated RAMP protein Csm3']
    Key: protein_id, Value: ['WP_003414292.1']
    Key: source, Value: ['Protein Homology']
    Key: transl_table, Value: ['11']

GF(type III-A CRISPR-associated RAMP protein Csm3, 8627-9338 (-1))
type: CDS
location: [3129004:3129379](-)
id: cds-WP_003414296.1
qualifiers:
    Key: Dbxref, Value: ['GenBank:WP_003414296.1']
    Key: ID, Value: ['cds-WP_003414296.1']
    Key: Name, Value: ['WP_003414296.1']
    Key: Ontology_term, Value: ['GO:0043571', 'GO:0003674']
    Key: Parent, Value: ['gene-C0095_RS15460']
    Key: gbkey, Value: ['CDS']
    Key: gene, Value: ['csm2']
    Key: go_function, Value: ['molecular_function|0003674||IEA']
    Key: go_process, Value: ['maintenance of CRISPR repeat elements|0043571||IEA']
    Key: inference, Value: ['COORDINATES: similar to AA sequence:RefSeq:NP_217338.1']
    Key: locus_tag, Value: ['C0095_RS15460']
    Key: phase, Value: ['0']
    Key: product, Value: ['type III-A CRISPR-associated protein Csm2']
    Key: protein_id, Value: ['WP_003414296.1']
    Key: source, Value: ['Protein Homology']
    Key: transl_table, Value: ['11']

GF(type III-A CRISPR-associated protein Csm2, 9347-9722 (-1))
type: CDS
location: [3129375:3131823](-)
id: cds-WP_102762143.1
qualifiers:
    Key: Dbxref, Value: ['GenBank:WP_102762143.1']
    Key: ID, Value: ['cds-WP_102762143.1']
    Key: Name, Value: ['WP_102762143.1']
    Key: Ontology_term, Value: ['GO:0043571', 'GO:0003674']
    Key: Parent, Value: ['gene-C0095_RS15465']
    Key: gbkey, Value: ['CDS']
    Key: gene, Value: ['cas10']
    Key: go_function, Value: ['molecular_function|0003674||IEA']
    Key: go_process, Value: ['maintenance of CRISPR repeat elements|0043571||IEA']
    Key: inference, Value: ['COORDINATES: similar to AA sequence:RefSeq:NP_217339.1']
    Key: locus_tag, Value: ['C0095_RS15465']
    Key: phase, Value: ['0']
    Key: product, Value: ['type III-A CRISPR-associated protein Cas10/Csm1']
    Key: protein_id, Value: ['WP_102762143.1']
    Key: source, Value: ['Protein Homology']
    Key: transl_table, Value: ['11']

GF(type III-A CRISPR-associated protein Cas10/Csm1, 9718-12166 (-1))
type: CDS
location: [3131819:3132608](-)
id: cds-WP_003917092.1
qualifiers:
    Key: Dbxref, Value: ['GenBank:WP_003917092.1']
    Key: ID, Value: ['cds-WP_003917092.1']
    Key: Name, Value: ['WP_003917092.1']
    Key: Ontology_term, Value: ['GO:0043571', 'GO:0004521']
    Key: Parent, Value: ['gene-C0095_RS15470']
    Key: gbkey, Value: ['CDS']
    Key: gene, Value: ['cas6']
    Key: go_function, Value: ['RNA endonuclease activity|0004521||IEA']
    Key: go_process, Value: ['maintenance of CRISPR repeat elements|0043571||IEA']
    Key: inference, Value: ['COORDINATES: similar to AA sequence:RefSeq:WP_003917092.1']
    Key: locus_tag, Value: ['C0095_RS15470']
    Key: phase, Value: ['0']
    Key: product, Value: ['CRISPR-associated endoribonuclease Cas6']
    Key: protein_id, Value: ['WP_003917092.1']
    Key: source, Value: ['Protein Homology']
    Key: transl_table, Value: ['11']

GF(CRISPR-associated endoribonuclease Cas6, 12162-12951 (-1))
type: CDS
location: [3132941:3133487](-)
id: cds-WP_003913758.1
qualifiers:
    Key: Dbxref, Value: ['GenBank:WP_003913758.1']
    Key: ID, Value: ['cds-WP_003913758.1']
    Key: Name, Value: ['WP_003913758.1']
    Key: Parent, Value: ['gene-C0095_RS15475']
    Key: gbkey, Value: ['CDS']
    Key: inference, Value: ['COORDINATES: similar to AA sequence:RefSeq:NP_217344.1']
    Key: locus_tag, Value: ['C0095_RS15475']
    Key: phase, Value: ['0']
    Key: product, Value: ['DUF1802 family protein']
    Key: protein_id, Value: ['WP_003913758.1']
    Key: source, Value: ['Protein Homology']
    Key: transl_table, Value: ['11']

GF(DUF1802 family protein, 13284-13830 (-1))
type: CDS
location: [3133758:3134643](-)
id: cds-WP_003414409.1
qualifiers:
    Key: Dbxref, Value: ['GenBank:WP_003414409.1']
    Key: ID, Value: ['cds-WP_003414409.1']
    Key: Name, Value: ['WP_003414409.1']
    Key: Parent, Value: ['gene-C0095_RS15480']
    Key: gbkey, Value: ['CDS']
    Key: inference, Value: ['COORDINATES: similar to AA sequence:RefSeq:NP_217342.1']
    Key: locus_tag, Value: ['C0095_RS15480']
    Key: phase, Value: ['0']
    Key: product, Value: ['nucleotidyl transferase AbiEii/AbiGii toxin family protein']
    Key: protein_id, Value: ['WP_003414409.1']
    Key: source, Value: ['Protein Homology']
    Key: transl_table, Value: ['11']

GF(nucleotidyl transferase AbiEii/AbiGii toxin family protein, 14101-14986 (-1))
type: CDS
location: [3134645:3135533](-)
id: cds-WP_003414414.1
qualifiers:
    Key: Dbxref, Value: ['GenBank:WP_003414414.1']
    Key: ID, Value: ['cds-WP_003414414.1']
    Key: Name, Value: ['WP_003414414.1']
    Key: Parent, Value: ['gene-C0095_RS15485']
    Key: gbkey, Value: ['CDS']
    Key: inference, Value: ['COORDINATES: similar to AA sequence:RefSeq:NP_217343.1']
    Key: locus_tag, Value: ['C0095_RS15485']
    Key: phase, Value: ['0']
    Key: product, Value: ['type IV toxin-antitoxin system AbiEi family antitoxin']
    Key: protein_id, Value: ['WP_003414414.1']
    Key: source, Value: ['Protein Homology']
    Key: transl_table, Value: ['11']

GF(type IV toxin-antitoxin system AbiEi family antitoxin, 14988-15876 (-1))
type: CDS
location: [3135837:3136383](-)
id: cds-WP_009939112.1
qualifiers:
    Key: Dbxref, Value: ['GenBank:WP_009939112.1']
    Key: ID, Value: ['cds-WP_009939112.1']
    Key: Name, Value: ['WP_009939112.1']
    Key: Parent, Value: ['gene-C0095_RS15490']
    Key: gbkey, Value: ['CDS']
    Key: inference, Value: ['COORDINATES: similar to AA sequence:RefSeq:NP_217344.1']
    Key: locus_tag, Value: ['C0095_RS15490']
    Key: phase, Value: ['0']
    Key: product, Value: ['DUF1802 family protein']
    Key: protein_id, Value: ['WP_009939112.1']
    Key: source, Value: ['Protein Homology']
    Key: transl_table, Value: ['11']

GF(DUF1802 family protein, 16180-16726 (-1))
type: repeat_region
location: [3121894:3123599](+)
id: NZ_CP025601.1_2
qualifiers:
    Key: Dbxref, Value: ['SO:0001459']
    Key: ID, Value: ['NZ_CP025601.1_2']
    Key: Note, Value: ['TTCCGTCCCCTCTCGGGGTTTTGGG']
    Key: Ontology_term, Value: ['CRISPR']
    Key: score, Value: ['1705']
    Key: source, Value: ['CCTyper']

GF(Repeat region, 2237-3942 (0))
graphic feature from known effectors: GF(csm6-ca6, 5371-6618 (-1))
[GF(None, 940-2202 (-1)), GF(CRISPR-associated endonuclease Cas2, 3999-4341 (-1)), GF(CRISPR-associated endonuclease Cas1, 4341-5358 (-1)), GF(type III-A CRISPR-associated CARF protein Csm6, 5370-6618 (-1)), GF(type III-A CRISPR-associated RAMP protein Csm5, 6614-7742 (-1)), GF(type III-A CRISPR-associated RAMP protein Csm4, 7738-8647 (-1)), GF(type III-A CRISPR-associated RAMP protein Csm3, 8627-9338 (-1)), GF(type III-A CRISPR-associated protein Csm2, 9347-9722 (-1)), GF(type III-A CRISPR-associated protein Cas10/Csm1, 9718-12166 (-1)), GF(CRISPR-associated endoribonuclease Cas6, 12162-12951 (-1)), GF(DUF1802 family protein, 13284-13830 (-1)), GF(nucleotidyl transferase AbiEii/AbiGii toxin family protein, 14101-14986 (-1)), GF(type IV toxin-antitoxin system AbiEi family antitoxin, 14988-15876 (-1)), GF(DUF1802 family protein, 16180-16726 (-1)), GF(Repeat region, 2237-3942 (0)), GF(csm6-ca6, 5371-6618 (-1)), GF(CRISPR-Cas locus, 4000-12951 (0))]
