Cas operons file:    Unnamed: 0         Contig  ...           locus_id           sample
0           0  NZ_CP023711.1  ...  GCF_022649565.1_0  GCF_022649565.1

[1 rows x 19 columns]
The chosen contig: NZ_CP023711.1
type: CDS
location: [1494217:1494331](-)
id: cds-WP_017428207.1
qualifiers:
    Key: Dbxref, Value: ['GenBank:WP_017428207.1']
    Key: ID, Value: ['cds-WP_017428207.1']
    Key: Name, Value: ['WP_017428207.1']
    Key: Parent, Value: ['gene-CPY53_RS06275']
    Key: gbkey, Value: ['CDS']
    Key: inference, Value: ['COORDINATES: similar to AA sequence:RefSeq:WP_016822651.1']
    Key: locus_tag, Value: ['CPY53_RS06275']
    Key: phase, Value: ['0']
    Key: product, Value: ['putative holin-like toxin']
    Key: protein_id, Value: ['WP_017428207.1']
    Key: source, Value: ['Protein Homology']
    Key: transl_table, Value: ['11']

GF(putative holin-like toxin, 1549-1663 (-1))
type: CDS
location: [1494415:1495066](-)
id: cds-WP_017428208.1
qualifiers:
    Key: Dbxref, Value: ['GenBank:WP_017428208.1']
    Key: ID, Value: ['cds-WP_017428208.1']
    Key: Name, Value: ['WP_017428208.1']
    Key: Parent, Value: ['gene-CPY53_RS06280']
    Key: gbkey, Value: ['CDS']
    Key: inference, Value: ['COORDINATES: similar to AA sequence:RefSeq:WP_010345268.1']
    Key: locus_tag, Value: ['CPY53_RS06280']
    Key: phase, Value: ['0']
    Key: product, Value: ['hypothetical protein']
    Key: protein_id, Value: ['WP_017428208.1']
    Key: source, Value: ['Protein Homology']
    Key: transl_table, Value: ['11']

GF(None, 1747-2398 (-1))
type: CDS
location: [1495238:1495454](+)
id: cds-WP_014282582.1
qualifiers:
    Key: Dbxref, Value: ['GenBank:WP_014282582.1']
    Key: ID, Value: ['cds-WP_014282582.1']
    Key: Name, Value: ['WP_014282582.1']
    Key: Ontology_term, Value: ['GO:0003677']
    Key: Parent, Value: ['gene-CPY53_RS06285']
    Key: gbkey, Value: ['CDS']
    Key: go_function, Value: ['DNA binding|0003677||IEA']
    Key: inference, Value: ['COORDINATES: similar to AA sequence:RefSeq:WP_014282582.1']
    Key: locus_tag, Value: ['CPY53_RS06285']
    Key: phase, Value: ['0']
    Key: product, Value: ['helix-turn-helix transcriptional regulator']
    Key: protein_id, Value: ['WP_014282582.1']
    Key: source, Value: ['Protein Homology']
    Key: transl_table, Value: ['11']

GF(helix-turn-helix transcriptional regulator, 2570-2786 (1))
type: CDS
location: [1496667:1497660](-)
id: cds-WP_017428209.1
qualifiers:
    Key: Dbxref, Value: ['GenBank:WP_017428209.1']
    Key: ID, Value: ['cds-WP_017428209.1']
    Key: Name, Value: ['WP_017428209.1']
    Key: Parent, Value: ['gene-CPY53_RS06290']
    Key: gbkey, Value: ['CDS']
    Key: inference, Value: ['COORDINATES: ab initio prediction:GeneMarkS-2+']
    Key: locus_tag, Value: ['CPY53_RS06290']
    Key: phase, Value: ['0']
    Key: product, Value: ['hypothetical protein']
    Key: protein_id, Value: ['WP_017428209.1']
    Key: source, Value: ['GeneMarkS-2+']
    Key: transl_table, Value: ['11']

GF(None, 3999-4992 (-1))
type: CDS
location: [1497665:1498496](-)
id: cds-WP_242211163.1
qualifiers:
    Key: Dbxref, Value: ['GenBank:WP_242211163.1']
    Key: ID, Value: ['cds-WP_242211163.1']
    Key: Name, Value: ['WP_242211163.1']
    Key: Ontology_term, Value: ['GO:0043571', 'GO:0003674']
    Key: Parent, Value: ['gene-CPY53_RS06295']
    Key: gbkey, Value: ['CDS']
    Key: gene, Value: ['cmr6']
    Key: go_function, Value: ['molecular_function|0003674||IEA']
    Key: go_process, Value: ['maintenance of CRISPR repeat elements|0043571||IEA']
    Key: inference, Value: ['COORDINATES: protein motif:HMM:TIGR01898.1']
    Key: locus_tag, Value: ['CPY53_RS06295']
    Key: phase, Value: ['0']
    Key: product, Value: ['type III-B CRISPR module RAMP protein Cmr6']
    Key: protein_id, Value: ['WP_242211163.1']
    Key: source, Value: ['Protein Homology']
    Key: transl_table, Value: ['11']

GF(type III-B CRISPR module RAMP protein Cmr6, 4997-5828 (-1))
type: CDS
location: [1498518:1498890](-)
id: cds-WP_017428211.1
qualifiers:
    Key: Dbxref, Value: ['GenBank:WP_017428211.1']
    Key: ID, Value: ['cds-WP_017428211.1']
    Key: Name, Value: ['WP_017428211.1']
    Key: Ontology_term, Value: ['GO:0043571', 'GO:0003674']
    Key: Parent, Value: ['gene-CPY53_RS06300']
    Key: gbkey, Value: ['CDS']
    Key: gene, Value: ['cmr5']
    Key: go_function, Value: ['molecular_function|0003674||IEA']
    Key: go_process, Value: ['maintenance of CRISPR repeat elements|0043571||IEA']
    Key: inference, Value: ['COORDINATES: protein motif:HMM:NF021237.2']
    Key: locus_tag, Value: ['CPY53_RS06300']
    Key: phase, Value: ['0']
    Key: product, Value: ['type III-B CRISPR module-associated protein Cmr5']
    Key: protein_id, Value: ['WP_017428211.1']
    Key: source, Value: ['Protein Homology']
    Key: transl_table, Value: ['11']

GF(type III-B CRISPR module-associated protein Cmr5, 5850-6222 (-1))
type: CDS
location: [1498886:1499846](-)
id: cds-WP_017428212.1
qualifiers:
    Key: Dbxref, Value: ['GenBank:WP_017428212.1']
    Key: ID, Value: ['cds-WP_017428212.1']
    Key: Name, Value: ['WP_017428212.1']
    Key: Ontology_term, Value: ['GO:0043571', 'GO:0003674']
    Key: Parent, Value: ['gene-CPY53_RS06305']
    Key: gbkey, Value: ['CDS']
    Key: gene, Value: ['cmr4']
    Key: go_function, Value: ['molecular_function|0003674||IEA']
    Key: go_process, Value: ['maintenance of CRISPR repeat elements|0043571||IEA']
    Key: inference, Value: ['COORDINATES: protein motif:HMM:TIGR02580.1']
    Key: locus_tag, Value: ['CPY53_RS06305']
    Key: phase, Value: ['0']
    Key: product, Value: ['type III-B CRISPR module RAMP protein Cmr4']
    Key: protein_id, Value: ['WP_017428212.1']
    Key: source, Value: ['Protein Homology']
    Key: transl_table, Value: ['11']

GF(type III-B CRISPR module RAMP protein Cmr4, 6218-7178 (-1))
type: CDS
location: [1499835:1501125](-)
id: cds-WP_017428213.1
qualifiers:
    Key: Dbxref, Value: ['GenBank:WP_017428213.1']
    Key: ID, Value: ['cds-WP_017428213.1']
    Key: Name, Value: ['WP_017428213.1']
    Key: Ontology_term, Value: ['GO:0043571', 'GO:0003674', 'GO:0005575']
    Key: Parent, Value: ['gene-CPY53_RS06310']
    Key: gbkey, Value: ['CDS']
    Key: gene, Value: ['cmr3']
    Key: go_component, Value: ['cellular_component|0005575||IEA']
    Key: go_function, Value: ['molecular_function|0003674||IEA']
    Key: go_process, Value: ['maintenance of CRISPR repeat elements|0043571||IEA']
    Key: inference, Value: ['COORDINATES: protein motif:HMM:TIGR01888.1']
    Key: locus_tag, Value: ['CPY53_RS06310']
    Key: phase, Value: ['0']
    Key: product, Value: ['type III-B CRISPR module-associated protein Cmr3']
    Key: protein_id, Value: ['WP_017428213.1']
    Key: source, Value: ['Protein Homology']
    Key: transl_table, Value: ['11']

GF(type III-B CRISPR module-associated protein Cmr3, 7167-8457 (-1))
type: CDS
location: [1501093:1503022](-)
id: cds-WP_242211164.1
qualifiers:
    Key: Dbxref, Value: ['GenBank:WP_242211164.1']
    Key: ID, Value: ['cds-WP_242211164.1']
    Key: Name, Value: ['WP_242211164.1']
    Key: Ontology_term, Value: ['GO:0043571', 'GO:0003674']
    Key: Parent, Value: ['gene-CPY53_RS06315']
    Key: gbkey, Value: ['CDS']
    Key: gene, Value: ['cas10']
    Key: go_function, Value: ['molecular_function|0003674||IEA']
    Key: go_process, Value: ['maintenance of CRISPR repeat elements|0043571||IEA']
    Key: inference, Value: ['COORDINATES: protein motif:HMM:TIGR02577.1']
    Key: locus_tag, Value: ['CPY53_RS06315']
    Key: phase, Value: ['0']
    Key: product, Value: ['type III-B CRISPR-associated protein Cas10/Cmr2']
    Key: protein_id, Value: ['WP_242211164.1']
    Key: source, Value: ['Protein Homology']
    Key: transl_table, Value: ['11']

GF(type III-B CRISPR-associated protein Cas10/Cmr2, 8425-10354 (-1))
type: CDS
location: [1502913:1504467](-)
id: cds-WP_017428215.1
qualifiers:
    Key: Dbxref, Value: ['GenBank:WP_017428215.1']
    Key: ID, Value: ['cds-WP_017428215.1']
    Key: Name, Value: ['WP_017428215.1']
    Key: Ontology_term, Value: ['GO:0043571', 'GO:0003674']
    Key: Parent, Value: ['gene-CPY53_RS06320']
    Key: gbkey, Value: ['CDS']
    Key: gene, Value: ['cmr1']
    Key: go_function, Value: ['molecular_function|0003674||IEA']
    Key: go_process, Value: ['maintenance of CRISPR repeat elements|0043571||IEA']
    Key: inference, Value: ['COORDINATES: protein motif:HMM:TIGR01894.1']
    Key: locus_tag, Value: ['CPY53_RS06320']
    Key: phase, Value: ['0']
    Key: product, Value: ['type III-B CRISPR module RAMP protein Cmr1']
    Key: protein_id, Value: ['WP_017428215.1']
    Key: source, Value: ['Protein Homology']
    Key: transl_table, Value: ['11']

GF(type III-B CRISPR module RAMP protein Cmr1, 10245-11799 (-1))
type: CDS
location: [1505245:1505926](-)
id: cds-WP_017428216.1
qualifiers:
    Key: Dbxref, Value: ['GenBank:WP_017428216.1']
    Key: ID, Value: ['cds-WP_017428216.1']
    Key: Name, Value: ['WP_017428216.1']
    Key: Parent, Value: ['gene-CPY53_RS06325']
    Key: gbkey, Value: ['CDS']
    Key: inference, Value: ['COORDINATES: ab initio prediction:GeneMarkS-2+']
    Key: locus_tag, Value: ['CPY53_RS06325']
    Key: phase, Value: ['0']
    Key: product, Value: ['hypothetical protein']
    Key: protein_id, Value: ['WP_017428216.1']
    Key: source, Value: ['GeneMarkS-2+']
    Key: transl_table, Value: ['11']

GF(None, 12577-13258 (-1))
type: CDS
location: [1506439:1507270](-)
id: cds-WP_017428217.1
qualifiers:
    Key: Dbxref, Value: ['GenBank:WP_017428217.1']
    Key: ID, Value: ['cds-WP_017428217.1']
    Key: Name, Value: ['WP_017428217.1']
    Key: Parent, Value: ['gene-CPY53_RS06330']
    Key: gbkey, Value: ['CDS']
    Key: inference, Value: ['COORDINATES: similar to AA sequence:RefSeq:WP_017428217.1']
    Key: locus_tag, Value: ['CPY53_RS06330']
    Key: phase, Value: ['0']
    Key: product, Value: ['hypothetical protein']
    Key: protein_id, Value: ['WP_017428217.1']
    Key: source, Value: ['Protein Homology']
    Key: transl_table, Value: ['11']

GF(None, 13771-14602 (-1))
type: CDS
location: [1507296:1507734](-)
id: cds-WP_017428218.1
qualifiers:
    Key: Dbxref, Value: ['GenBank:WP_017428218.1']
    Key: ID, Value: ['cds-WP_017428218.1']
    Key: Name, Value: ['WP_017428218.1']
    Key: Parent, Value: ['gene-CPY53_RS06335']
    Key: gbkey, Value: ['CDS']
    Key: inference, Value: ['COORDINATES: similar to AA sequence:RefSeq:WP_017428218.1']
    Key: locus_tag, Value: ['CPY53_RS06335']
    Key: phase, Value: ['0']
    Key: product, Value: ['AAA family ATPase']
    Key: protein_id, Value: ['WP_017428218.1']
    Key: source, Value: ['Protein Homology']
    Key: transl_table, Value: ['11']

GF(AAA family ATPase, 14628-15066 (-1))
type: repeat_region
location: [1492803:1493382](+)
id: NZ_CP023711.1_1
qualifiers:
    Key: Dbxref, Value: ['SO:0001459']
    Key: ID, Value: ['NZ_CP023711.1_1']
    Key: Note, Value: ['CTTTCAATCCACGCACTCACACAGAGTGCGAC']
    Key: Ontology_term, Value: ['CRISPR']
    Key: score, Value: ['579']
    Key: source, Value: ['CCTyper']

GF(Repeat region, 135-714 (0))
type: repeat_region
location: [1495714:1496013](+)
id: NZ_CP023711.1_2
qualifiers:
    Key: Dbxref, Value: ['SO:0001459']
    Key: ID, Value: ['NZ_CP023711.1_2']
    Key: Note, Value: ['GTTTCAATCCACGCTCCTACATAGGGAGCGAC']
    Key: Ontology_term, Value: ['CRISPR']
    Key: score, Value: ['299']
    Key: source, Value: ['CCTyper']

GF(Repeat region, 3046-3345 (0))
type: repeat_region
location: [1496331:1496489](+)
id: NZ_CP023711.1-13_9
qualifiers:
    Key: Dbxref, Value: ['SO:0001459']
    Key: ID, Value: ['NZ_CP023711.1-13_9']
    Key: Note, Value: ['GTTTCAATCCACGCTCCCATAAAGGGAGC']
    Key: Ontology_term, Value: ['CRISPR']
    Key: score, Value: ['158']
    Key: source, Value: ['CCTyper']

GF(Repeat region, 3663-3821 (0))
type: repeat_region
location: [1504881:1505046](+)
id: NZ_CP023711.1-13_10
qualifiers:
    Key: Dbxref, Value: ['SO:0001459']
    Key: ID, Value: ['NZ_CP023711.1-13_10']
    Key: Note, Value: ['TCAATCCACGCTCCTACATAAGGAGCGAC']
    Key: Ontology_term, Value: ['CRISPR']
    Key: score, Value: ['165']
    Key: source, Value: ['CCTyper']

GF(Repeat region, 12213-12378 (0))
graphic feature from cctyper protein table: GF(PD, 4000-4992 (-1))
graphic feature from cctyper protein table: GF(Cmr6gr7, 4998-5828 (-1))
graphic feature from cctyper protein table: GF(Cmr5gr11, 5851-6222 (-1))
graphic feature from cctyper protein table: GF(Cmr4gr7, 6219-7178 (-1))
graphic feature from cctyper protein table: GF(Cmr3gr5, 7168-8457 (-1))
graphic feature from cctyper protein table: GF(Cmr1gr7, 10246-11799 (-1))
Index(['protein_id', 'start', 'end', 'effector', 'locus', 'sample', 'strand',
       'sequence', 'type'],
      dtype='object')
graphic feature from known effectors: GF(nucc, 4000-4992 (-1))
Index(['protein_id', 'start', 'end', 'effector', 'locus', 'sample', 'strand',
       'sequence'],
      dtype='object')
[GF(putative holin-like toxin, 1549-1663 (-1)), GF(None, 1747-2398 (-1)), GF(helix-turn-helix transcriptional regulator, 2570-2786 (1)), GF(None, 3999-4992 (-1)), GF(type III-B CRISPR module RAMP protein Cmr6, 4997-5828 (-1)), GF(type III-B CRISPR module-associated protein Cmr5, 5850-6222 (-1)), GF(type III-B CRISPR module RAMP protein Cmr4, 6218-7178 (-1)), GF(type III-B CRISPR module-associated protein Cmr3, 7167-8457 (-1)), GF(type III-B CRISPR-associated protein Cas10/Cmr2, 8425-10354 (-1)), GF(type III-B CRISPR module RAMP protein Cmr1, 10245-11799 (-1)), GF(None, 12577-13258 (-1)), GF(None, 13771-14602 (-1)), GF(AAA family ATPase, 14628-15066 (-1)), GF(Repeat region, 135-714 (0)), GF(Repeat region, 3046-3345 (0)), GF(Repeat region, 3663-3821 (0)), GF(Repeat region, 12213-12378 (0)), GF(PD, 4000-4992 (-1)), GF(Cmr6gr7, 4998-5828 (-1)), GF(Cmr5gr11, 5851-6222 (-1)), GF(Cmr4gr7, 6219-7178 (-1)), GF(Cmr3gr5, 7168-8457 (-1)), GF(Cmr1gr7, 10246-11799 (-1)), GF(nucc, 4000-4992 (-1)), GF(CRISPR-Cas locus, 4000-11799 (0))]
