Cas operons file:    Unnamed: 0       Contig  ...           locus_id           sample
0           1  NC_009073.1  ...  GCF_000015805.1_1  GCF_000015805.1

[1 rows x 19 columns]
The chosen contig: NC_009073.1
type: CDS
location: [254656:255199](+)
id: cds-WP_011848951.1
qualifiers:
    Key: Dbxref, Value: ['GenBank:WP_011848951.1', 'GeneID:4909630']
    Key: ID, Value: ['cds-WP_011848951.1']
    Key: Name, Value: ['WP_011848951.1']
    Key: Parent, Value: ['gene-PCAL_RS01390']
    Key: gbkey, Value: ['CDS']
    Key: inference, Value: ['COORDINATES: similar to AA sequence:RefSeq:WP_011848949.1']
    Key: locus_tag, Value: ['PCAL_RS01390']
    Key: phase, Value: ['0']
    Key: product, Value: ['PaREP1 family protein']
    Key: protein_id, Value: ['WP_011848951.1']
    Key: source, Value: ['Protein Homology']
    Key: transl_table, Value: ['11']

GF(PaREP1 family protein, 780-1323 (1))
type: CDS
location: [255264:255759](+)
id: cds-WP_011848952.1
qualifiers:
    Key: Dbxref, Value: ['GenBank:WP_011848952.1', 'GeneID:4909498']
    Key: ID, Value: ['cds-WP_011848952.1']
    Key: Name, Value: ['WP_011848952.1']
    Key: Parent, Value: ['gene-PCAL_RS01395']
    Key: gbkey, Value: ['CDS']
    Key: inference, Value: ['COORDINATES: similar to AA sequence:RefSeq:WP_011849177.1']
    Key: locus_tag, Value: ['PCAL_RS01395']
    Key: phase, Value: ['0']
    Key: product, Value: ['PaREP1 family protein']
    Key: protein_id, Value: ['WP_011848952.1']
    Key: source, Value: ['Protein Homology']
    Key: transl_table, Value: ['11']

GF(PaREP1 family protein, 1388-1883 (1))
type: CDS
location: [255880:256717](-)
id: cds-WP_193322792.1
qualifiers:
    Key: Dbxref, Value: ['GenBank:WP_193322792.1', 'GeneID:4908758']
    Key: ID, Value: ['cds-WP_193322792.1']
    Key: Name, Value: ['WP_193322792.1']
    Key: Parent, Value: ['gene-PCAL_RS01400']
    Key: gbkey, Value: ['CDS']
    Key: inference, Value: ['COORDINATES: ab initio prediction:GeneMarkS-2+']
    Key: locus_tag, Value: ['PCAL_RS01400']
    Key: phase, Value: ['0']
    Key: product, Value: ['hypothetical protein']
    Key: protein_id, Value: ['WP_193322792.1']
    Key: source, Value: ['GeneMarkS-2+']
    Key: transl_table, Value: ['11']

GF(None, 2004-2841 (-1))
type: CDS
location: [256756:257653](-)
id: cds-WP_011848954.1
qualifiers:
    Key: Dbxref, Value: ['GenBank:WP_011848954.1', 'GeneID:4908646']
    Key: ID, Value: ['cds-WP_011848954.1']
    Key: Name, Value: ['WP_011848954.1']
    Key: Parent, Value: ['gene-PCAL_RS01405']
    Key: gbkey, Value: ['CDS']
    Key: inference, Value: ['COORDINATES: ab initio prediction:GeneMarkS-2+']
    Key: locus_tag, Value: ['PCAL_RS01405']
    Key: phase, Value: ['0']
    Key: product, Value: ['hypothetical protein']
    Key: protein_id, Value: ['WP_011848954.1']
    Key: source, Value: ['GeneMarkS-2+']
    Key: transl_table, Value: ['11']

GF(None, 2880-3777 (-1))
type: CDS
location: [257875:258628](-)
id: cds-WP_011848955.1
qualifiers:
    Key: Dbxref, Value: ['GenBank:WP_011848955.1', 'GeneID:4909667']
    Key: ID, Value: ['cds-WP_011848955.1']
    Key: Name, Value: ['WP_011848955.1']
    Key: Parent, Value: ['gene-PCAL_RS01410']
    Key: gbkey, Value: ['CDS']
    Key: gene, Value: ['cas6']
    Key: inference, Value: ['COORDINATES: protein motif:HMM:NF021551.3']
    Key: locus_tag, Value: ['PCAL_RS01410']
    Key: phase, Value: ['0']
    Key: product, Value: ['CRISPR system precrRNA processing endoribonuclease RAMP protein Cas6']
    Key: protein_id, Value: ['WP_011848955.1']
    Key: source, Value: ['Protein Homology']
    Key: transl_table, Value: ['11']

GF(CRISPR system precrRNA processing endoribonuclease RAMP protein Cas6, 3999-4752 (-1))
type: CDS
location: [258661:258937](+)
id: cds-WP_011848956.1
qualifiers:
    Key: Dbxref, Value: ['GenBank:WP_011848956.1', 'GeneID:4908757']
    Key: ID, Value: ['cds-WP_011848956.1']
    Key: Name, Value: ['WP_011848956.1']
    Key: Parent, Value: ['gene-PCAL_RS01415']
    Key: gbkey, Value: ['CDS']
    Key: inference, Value: ['COORDINATES: ab initio prediction:GeneMarkS-2+']
    Key: locus_tag, Value: ['PCAL_RS01415']
    Key: phase, Value: ['0']
    Key: product, Value: ['hypothetical protein']
    Key: protein_id, Value: ['WP_011848956.1']
    Key: source, Value: ['GeneMarkS-2+']
    Key: transl_table, Value: ['11']

GF(None, 4785-5061 (1))
type: CDS
location: [259037:259451](-)
id: cds-WP_193322793.1
qualifiers:
    Key: Dbxref, Value: ['GenBank:WP_193322793.1', 'GeneID:4908590']
    Key: ID, Value: ['cds-WP_193322793.1']
    Key: Name, Value: ['WP_193322793.1']
    Key: Ontology_term, Value: ['GO:0043571', 'GO:0051607', 'GO:0003676', 'GO:0004519', 'GO:0046872']
    Key: Parent, Value: ['gene-PCAL_RS01420']
    Key: gbkey, Value: ['CDS']
    Key: go_function, Value: ['nucleic acid binding|0003676||IEA', 'endonuclease activity|0004519||IEA', 'metal ion binding|0046872||IEA']
    Key: go_process, Value: ['maintenance of CRISPR repeat elements|0043571||IEA', 'defense response to virus|0051607||IEA']
    Key: inference, Value: ['COORDINATES: protein motif:HMM:NF013984.3']
    Key: locus_tag, Value: ['PCAL_RS01420']
    Key: phase, Value: ['0']
    Key: product, Value: ['CRISPR-associated endonuclease Cas1']
    Key: protein_id, Value: ['WP_193322793.1']
    Key: source, Value: ['Protein Homology']
    Key: transl_table, Value: ['11']

GF(CRISPR-associated endonuclease Cas1, 5161-5575 (-1))
type: CDS
location: [259529:260286](-)
id: cds-PCAL_RS01425
qualifiers:
    Key: Dbxref, Value: ['GeneID:4909903']
    Key: ID, Value: ['cds-PCAL_RS01425']
    Key: Note, Value: ['frameshifted']
    Key: Ontology_term, Value: ['GO:0043571', 'GO:0003674']
    Key: Parent, Value: ['gene-PCAL_RS01425']
    Key: gbkey, Value: ['CDS']
    Key: gene, Value: ['cas4a']
    Key: go_function, Value: ['molecular_function|0003674||IEA']
    Key: go_process, Value: ['maintenance of CRISPR repeat elements|0043571||IEA']
    Key: inference, Value: ['COORDINATES: protein motif:HMM:NF017803.3']
    Key: locus_tag, Value: ['PCAL_RS01425']
    Key: phase, Value: ['0']
    Key: product, Value: ['type I-A CRISPR-associated protein Cas4/Csa1']
    Key: pseudo, Value: ['true']
    Key: source, Value: ['Protein Homology']
    Key: transl_table, Value: ['11']

GF(type I-A CRISPR-associated protein Cas4/Csa1, 5653-6410 (-1))
type: CDS
location: [260812:261478](-)
id: cds-WP_193322794.1
qualifiers:
    Key: Dbxref, Value: ['GenBank:WP_193322794.1', 'GeneID:4909796']
    Key: ID, Value: ['cds-WP_193322794.1']
    Key: Name, Value: ['WP_193322794.1']
    Key: Ontology_term, Value: ['GO:0043571']
    Key: Parent, Value: ['gene-PCAL_RS01430']
    Key: gbkey, Value: ['CDS']
    Key: gene, Value: ['csa3']
    Key: go_process, Value: ['maintenance of CRISPR repeat elements|0043571||IEA']
    Key: inference, Value: ['COORDINATES: protein motif:HMM:TIGR01884.1']
    Key: locus_tag, Value: ['PCAL_RS01430']
    Key: phase, Value: ['0']
    Key: product, Value: ['CRISPR-associated CARF protein Csa3']
    Key: protein_id, Value: ['WP_193322794.1']
    Key: source, Value: ['Protein Homology']
    Key: transl_table, Value: ['11']

GF(CRISPR-associated CARF protein Csa3, 6936-7602 (-1))
type: CDS
location: [261613:262171](-)
id: cds-WP_011848961.1
qualifiers:
    Key: Dbxref, Value: ['GenBank:WP_011848961.1', 'GeneID:4908647']
    Key: ID, Value: ['cds-WP_011848961.1']
    Key: Name, Value: ['WP_011848961.1']
    Key: Parent, Value: ['gene-PCAL_RS01435']
    Key: gbkey, Value: ['CDS']
    Key: inference, Value: ['COORDINATES: ab initio prediction:GeneMarkS-2+']
    Key: locus_tag, Value: ['PCAL_RS01435']
    Key: phase, Value: ['0']
    Key: product, Value: ['hypothetical protein']
    Key: protein_id, Value: ['WP_011848961.1']
    Key: source, Value: ['GeneMarkS-2+']
    Key: transl_table, Value: ['11']

GF(None, 7737-8295 (-1))
type: CDS
location: [262167:262683](-)
id: cds-WP_193322795.1
qualifiers:
    Key: Dbxref, Value: ['GenBank:WP_193322795.1', 'GeneID:4909544']
    Key: ID, Value: ['cds-WP_193322795.1']
    Key: Name, Value: ['WP_193322795.1']
    Key: Parent, Value: ['gene-PCAL_RS01440']
    Key: gbkey, Value: ['CDS']
    Key: inference, Value: ['COORDINATES: ab initio prediction:GeneMarkS-2+']
    Key: locus_tag, Value: ['PCAL_RS01440']
    Key: phase, Value: ['0']
    Key: product, Value: ['hypothetical protein']
    Key: protein_id, Value: ['WP_193322795.1']
    Key: source, Value: ['GeneMarkS-2+']
    Key: transl_table, Value: ['11']

GF(None, 8291-8807 (-1))
type: CDS
location: [262679:263951](-)
id: cds-WP_011848963.1
qualifiers:
    Key: Dbxref, Value: ['GenBank:WP_011848963.1', 'GeneID:4909942']
    Key: ID, Value: ['cds-WP_011848963.1']
    Key: Name, Value: ['WP_011848963.1']
    Key: Ontology_term, Value: ['GO:0005524', 'GO:0016887']
    Key: Parent, Value: ['gene-PCAL_RS01445']
    Key: gbkey, Value: ['CDS']
    Key: go_function, Value: ['ATP binding|0005524||IEA', 'ATP hydrolysis activity|0016887||IEA']
    Key: inference, Value: ['COORDINATES: protein motif:HMM:NF024700.3']
    Key: locus_tag, Value: ['PCAL_RS01445']
    Key: phase, Value: ['0']
    Key: product, Value: ['AAA family ATPase']
    Key: protein_id, Value: ['WP_011848963.1']
    Key: source, Value: ['Protein Homology']
    Key: transl_table, Value: ['11']

GF(AAA family ATPase, 8803-10075 (-1))
type: CDS
location: [265426:266596](-)
id: cds-WP_011848964.1
qualifiers:
    Key: Dbxref, Value: ['GenBank:WP_011848964.1', 'GeneID:4909887']
    Key: ID, Value: ['cds-WP_011848964.1']
    Key: Name, Value: ['WP_011848964.1']
    Key: Parent, Value: ['gene-PCAL_RS01450']
    Key: gbkey, Value: ['CDS']
    Key: inference, Value: ['COORDINATES: protein motif:HMM:NF021006.3']
    Key: locus_tag, Value: ['PCAL_RS01450']
    Key: phase, Value: ['0']
    Key: product, Value: ['TM1812 family CRISPR-associated protein']
    Key: protein_id, Value: ['WP_011848964.1']
    Key: source, Value: ['Protein Homology']
    Key: transl_table, Value: ['11']

GF(TM1812 family CRISPR-associated protein, 11550-12720 (-1))
type: CDS
location: [266592:267426](-)
id: cds-WP_011848965.1
qualifiers:
    Key: Dbxref, Value: ['GenBank:WP_011848965.1', 'GeneID:4908591']
    Key: ID, Value: ['cds-WP_011848965.1']
    Key: Name, Value: ['WP_011848965.1']
    Key: Parent, Value: ['gene-PCAL_RS01455']
    Key: gbkey, Value: ['CDS']
    Key: inference, Value: ['COORDINATES: ab initio prediction:GeneMarkS-2+']
    Key: locus_tag, Value: ['PCAL_RS01455']
    Key: phase, Value: ['0']
    Key: product, Value: ['CRISPR-associated Cmr3 family protein']
    Key: protein_id, Value: ['WP_011848965.1']
    Key: source, Value: ['GeneMarkS-2+']
    Key: transl_table, Value: ['11']

GF(CRISPR-associated Cmr3 family protein, 12716-13550 (-1))
type: CDS
location: [267422:270230](-)
id: cds-WP_011848966.1
qualifiers:
    Key: Dbxref, Value: ['GenBank:WP_011848966.1', 'GeneID:4908765']
    Key: ID, Value: ['cds-WP_011848966.1']
    Key: Name, Value: ['WP_011848966.1']
    Key: Ontology_term, Value: ['GO:0043571', 'GO:0003674']
    Key: Parent, Value: ['gene-PCAL_RS01460']
    Key: gbkey, Value: ['CDS']
    Key: gene, Value: ['cas10']
    Key: go_function, Value: ['molecular_function|0003674||IEA']
    Key: go_process, Value: ['maintenance of CRISPR repeat elements|0043571||IEA']
    Key: inference, Value: ['COORDINATES: protein motif:HMM:TIGR02577.1']
    Key: locus_tag, Value: ['PCAL_RS01460']
    Key: phase, Value: ['0']
    Key: product, Value: ['type III-B CRISPR-associated protein Cas10/Cmr2']
    Key: protein_id, Value: ['WP_011848966.1']
    Key: source, Value: ['Protein Homology']
    Key: transl_table, Value: ['11']

GF(type III-B CRISPR-associated protein Cas10/Cmr2, 13546-16354 (-1))
type: CDS
location: [270268:271171](+)
id: cds-WP_011848967.1
qualifiers:
    Key: Dbxref, Value: ['GenBank:WP_011848967.1', 'GeneID:4908767']
    Key: ID, Value: ['cds-WP_011848967.1']
    Key: Name, Value: ['WP_011848967.1']
    Key: Ontology_term, Value: ['GO:0043571', 'GO:0003674']
    Key: Parent, Value: ['gene-PCAL_RS01465']
    Key: gbkey, Value: ['CDS']
    Key: gene, Value: ['cmr4']
    Key: go_function, Value: ['molecular_function|0003674||IEA']
    Key: go_process, Value: ['maintenance of CRISPR repeat elements|0043571||IEA']
    Key: inference, Value: ['COORDINATES: similar to AA sequence:RefSeq:WP_014288147.1']
    Key: locus_tag, Value: ['PCAL_RS01465']
    Key: phase, Value: ['0']
    Key: product, Value: ['type III-B CRISPR module RAMP protein Cmr4']
    Key: protein_id, Value: ['WP_011848967.1']
    Key: source, Value: ['Protein Homology']
    Key: transl_table, Value: ['11']

GF(type III-B CRISPR module RAMP protein Cmr4, 16392-17295 (1))
type: CDS
location: [271158:271584](+)
id: cds-WP_193322796.1
qualifiers:
    Key: Dbxref, Value: ['GenBank:WP_193322796.1', 'GeneID:4908921']
    Key: ID, Value: ['cds-WP_193322796.1']
    Key: Name, Value: ['WP_193322796.1']
    Key: Ontology_term, Value: ['GO:0043571', 'GO:0003674']
    Key: Parent, Value: ['gene-PCAL_RS01470']
    Key: gbkey, Value: ['CDS']
    Key: gene, Value: ['cmr5']
    Key: go_function, Value: ['molecular_function|0003674||IEA']
    Key: go_process, Value: ['maintenance of CRISPR repeat elements|0043571||IEA']
    Key: inference, Value: ['COORDINATES: similar to AA sequence:RefSeq:WP_014288146.1']
    Key: locus_tag, Value: ['PCAL_RS01470']
    Key: phase, Value: ['0']
    Key: product, Value: ['type III-B CRISPR module-associated protein Cmr5']
    Key: protein_id, Value: ['WP_193322796.1']
    Key: source, Value: ['Protein Homology']
    Key: transl_table, Value: ['11']

GF(type III-B CRISPR module-associated protein Cmr5, 17282-17708 (1))
type: CDS
location: [271580:272744](+)
id: cds-WP_011848969.1
qualifiers:
    Key: Dbxref, Value: ['GenBank:WP_011848969.1', 'GeneID:4908722']
    Key: ID, Value: ['cds-WP_011848969.1']
    Key: Name, Value: ['WP_011848969.1']
    Key: Parent, Value: ['gene-PCAL_RS01475']
    Key: gbkey, Value: ['CDS']
    Key: inference, Value: ['COORDINATES: similar to AA sequence:RefSeq:WP_012349928.1']
    Key: locus_tag, Value: ['PCAL_RS01475']
    Key: phase, Value: ['0']
    Key: product, Value: ['CRISPR-associated protein Cmr1']
    Key: protein_id, Value: ['WP_011848969.1']
    Key: source, Value: ['Protein Homology']
    Key: transl_table, Value: ['11']

GF(CRISPR-associated protein Cmr1, 17704-18868 (1))
type: CDS
location: [272734:273529](+)
id: cds-WP_011848970.1
qualifiers:
    Key: Dbxref, Value: ['GenBank:WP_011848970.1', 'GeneID:4908848']
    Key: ID, Value: ['cds-WP_011848970.1']
    Key: Name, Value: ['WP_011848970.1']
    Key: Ontology_term, Value: ['GO:0043571', 'GO:0003674']
    Key: Parent, Value: ['gene-PCAL_RS01480']
    Key: gbkey, Value: ['CDS']
    Key: gene, Value: ['cmr6']
    Key: go_function, Value: ['molecular_function|0003674||IEA']
    Key: go_process, Value: ['maintenance of CRISPR repeat elements|0043571||IEA']
    Key: inference, Value: ['COORDINATES: similar to AA sequence:RefSeq:WP_014288144.1']
    Key: locus_tag, Value: ['PCAL_RS01480']
    Key: phase, Value: ['0']
    Key: product, Value: ['type III-B CRISPR module RAMP protein Cmr6']
    Key: protein_id, Value: ['WP_011848970.1']
    Key: source, Value: ['Protein Homology']
    Key: transl_table, Value: ['11']

GF(type III-B CRISPR module RAMP protein Cmr6, 18858-19653 (1))
type: CDS
location: [273450:275220](+)
id: cds-WP_226951980.1
qualifiers:
    Key: Dbxref, Value: ['GenBank:WP_226951980.1', 'GeneID:4908188']
    Key: ID, Value: ['cds-WP_226951980.1']
    Key: Name, Value: ['WP_226951980.1']
    Key: Parent, Value: ['gene-PCAL_RS01485']
    Key: gbkey, Value: ['CDS']
    Key: inference, Value: ['COORDINATES: protein motif:HMM:NF021006.3']
    Key: locus_tag, Value: ['PCAL_RS01485']
    Key: phase, Value: ['0']
    Key: product, Value: ['TM1812 family CRISPR-associated protein']
    Key: protein_id, Value: ['WP_226951980.1']
    Key: source, Value: ['Protein Homology']
    Key: transl_table, Value: ['11']

GF(TM1812 family CRISPR-associated protein, 19574-21344 (1))
type: CDS
location: [275202:275733](-)
id: cds-WP_193322798.1
qualifiers:
    Key: Dbxref, Value: ['GenBank:WP_193322798.1', 'GeneID:4909672']
    Key: ID, Value: ['cds-WP_193322798.1']
    Key: Name, Value: ['WP_193322798.1']
    Key: Parent, Value: ['gene-PCAL_RS01490']
    Key: gbkey, Value: ['CDS']
    Key: inference, Value: ['COORDINATES: ab initio prediction:GeneMarkS-2+']
    Key: locus_tag, Value: ['PCAL_RS01490']
    Key: phase, Value: ['0']
    Key: product, Value: ['hypothetical protein']
    Key: protein_id, Value: ['WP_193322798.1']
    Key: source, Value: ['GeneMarkS-2+']
    Key: transl_table, Value: ['11']

GF(None, 21326-21857 (-1))
type: CDS
location: [276129:276966](-)
id: cds-WP_011848973.1
qualifiers:
    Key: Dbxref, Value: ['GenBank:WP_011848973.1', 'GeneID:4908130']
    Key: ID, Value: ['cds-WP_011848973.1']
    Key: Name, Value: ['WP_011848973.1']
    Key: Parent, Value: ['gene-PCAL_RS01495']
    Key: gbkey, Value: ['CDS']
    Key: inference, Value: ['COORDINATES: ab initio prediction:GeneMarkS-2+']
    Key: locus_tag, Value: ['PCAL_RS01495']
    Key: phase, Value: ['0']
    Key: product, Value: ['ATP-binding protein']
    Key: protein_id, Value: ['WP_011848973.1']
    Key: source, Value: ['GeneMarkS-2+']
    Key: transl_table, Value: ['11']

GF(ATP-binding protein, 22253-23090 (-1))
type: CDS
location: [277052:277640](+)
id: cds-WP_011848974.1
qualifiers:
    Key: Dbxref, Value: ['GenBank:WP_011848974.1', 'GeneID:4908861']
    Key: ID, Value: ['cds-WP_011848974.1']
    Key: Name, Value: ['WP_011848974.1']
    Key: Parent, Value: ['gene-PCAL_RS01500']
    Key: gbkey, Value: ['CDS']
    Key: inference, Value: ['COORDINATES: ab initio prediction:GeneMarkS-2+']
    Key: locus_tag, Value: ['PCAL_RS01500']
    Key: phase, Value: ['0']
    Key: product, Value: ['hypothetical protein']
    Key: protein_id, Value: ['WP_011848974.1']
    Key: source, Value: ['GeneMarkS-2+']
    Key: transl_table, Value: ['11']

GF(None, 23176-23764 (1))
type: CDS
location: [278288:278681](+)
id: cds-WP_193322799.1
qualifiers:
    Key: Dbxref, Value: ['GenBank:WP_193322799.1', 'GeneID:4908184']
    Key: ID, Value: ['cds-WP_193322799.1']
    Key: Name, Value: ['WP_193322799.1']
    Key: Parent, Value: ['gene-PCAL_RS01505']
    Key: gbkey, Value: ['CDS']
    Key: inference, Value: ['COORDINATES: similar to AA sequence:RefSeq:WP_011761762.1']
    Key: locus_tag, Value: ['PCAL_RS01505']
    Key: phase, Value: ['0']
    Key: product, Value: ['hypothetical protein']
    Key: protein_id, Value: ['WP_193322799.1']
    Key: source, Value: ['Protein Homology']
    Key: transl_table, Value: ['11']

GF(None, 24412-24805 (1))
type: CDS
location: [278848:279301](-)
id: cds-WP_193322800.1
qualifiers:
    Key: Dbxref, Value: ['GenBank:WP_193322800.1', 'GeneID:4908866']
    Key: ID, Value: ['cds-WP_193322800.1']
    Key: Name, Value: ['WP_193322800.1']
    Key: Parent, Value: ['gene-PCAL_RS01510']
    Key: gbkey, Value: ['CDS']
    Key: inference, Value: ['COORDINATES: similar to AA sequence:RefSeq:WP_013678907.1']
    Key: locus_tag, Value: ['PCAL_RS01510']
    Key: phase, Value: ['0']
    Key: product, Value: ['PaREP1 family protein']
    Key: protein_id, Value: ['WP_193322800.1']
    Key: source, Value: ['Protein Homology']
    Key: transl_table, Value: ['11']

GF(PaREP1 family protein, 24972-25425 (-1))
type: CDS
location: [279328:279469](+)
id: cds-WP_193322801.1
qualifiers:
    Key: Dbxref, Value: ['GenBank:WP_193322801.1', 'GeneID:59388137']
    Key: ID, Value: ['cds-WP_193322801.1']
    Key: Name, Value: ['WP_193322801.1']
    Key: Parent, Value: ['gene-PCAL_RS01515']
    Key: gbkey, Value: ['CDS']
    Key: inference, Value: ['COORDINATES: ab initio prediction:GeneMarkS-2+']
    Key: locus_tag, Value: ['PCAL_RS01515']
    Key: phase, Value: ['0']
    Key: product, Value: ['hypothetical protein']
    Key: protein_id, Value: ['WP_193322801.1']
    Key: source, Value: ['GeneMarkS-2+']
    Key: transl_table, Value: ['11']

GF(None, 25452-25593 (1))
type: CDS
location: [279688:279844](+)
id: cds-WP_193322802.1
qualifiers:
    Key: Dbxref, Value: ['GenBank:WP_193322802.1', 'GeneID:59388138']
    Key: ID, Value: ['cds-WP_193322802.1']
    Key: Name, Value: ['WP_193322802.1']
    Key: Parent, Value: ['gene-PCAL_RS01520']
    Key: gbkey, Value: ['CDS']
    Key: inference, Value: ['COORDINATES: ab initio prediction:GeneMarkS-2+']
    Key: locus_tag, Value: ['PCAL_RS01520']
    Key: phase, Value: ['0']
    Key: product, Value: ['hypothetical protein']
    Key: protein_id, Value: ['WP_193322802.1']
    Key: source, Value: ['GeneMarkS-2+']
    Key: transl_table, Value: ['11']

GF(None, 25812-25968 (1))
graphic feature from known effectors: GF(csx1, 11551-12720 (-1))
[GF(PaREP1 family protein, 780-1323 (1)), GF(PaREP1 family protein, 1388-1883 (1)), GF(None, 2004-2841 (-1)), GF(None, 2880-3777 (-1)), GF(CRISPR system precrRNA processing endoribonuclease RAMP protein Cas6, 3999-4752 (-1)), GF(None, 4785-5061 (1)), GF(CRISPR-associated endonuclease Cas1, 5161-5575 (-1)), GF(type I-A CRISPR-associated protein Cas4/Csa1, 5653-6410 (-1)), GF(CRISPR-associated CARF protein Csa3, 6936-7602 (-1)), GF(None, 7737-8295 (-1)), GF(None, 8291-8807 (-1)), GF(AAA family ATPase, 8803-10075 (-1)), GF(TM1812 family CRISPR-associated protein, 11550-12720 (-1)), GF(CRISPR-associated Cmr3 family protein, 12716-13550 (-1)), GF(type III-B CRISPR-associated protein Cas10/Cmr2, 13546-16354 (-1)), GF(type III-B CRISPR module RAMP protein Cmr4, 16392-17295 (1)), GF(type III-B CRISPR module-associated protein Cmr5, 17282-17708 (1)), GF(CRISPR-associated protein Cmr1, 17704-18868 (1)), GF(type III-B CRISPR module RAMP protein Cmr6, 18858-19653 (1)), GF(TM1812 family CRISPR-associated protein, 19574-21344 (1)), GF(None, 21326-21857 (-1)), GF(ATP-binding protein, 22253-23090 (-1)), GF(None, 23176-23764 (1)), GF(None, 24412-24805 (1)), GF(PaREP1 family protein, 24972-25425 (-1)), GF(None, 25452-25593 (1)), GF(None, 25812-25968 (1)), GF(csx1, 11551-12720 (-1)), GF(CRISPR-Cas locus, 4000-23090 (0))]
