Cas operons file:    Unnamed: 0         Contig  ...           locus_id           sample
0           1  NZ_AP021879.1  ...  GCF_009689005.1_1  GCF_009689005.1

[1 rows x 19 columns]
The chosen contig: NZ_AP021879.1
type: CDS
location: [437998:438295](-)
id: cds-WP_155308698.1
qualifiers:
    Key: Dbxref, Value: ['GenBank:WP_155308698.1']
    Key: ID, Value: ['cds-WP_155308698.1']
    Key: Name, Value: ['WP_155308698.1']
    Key: Ontology_term, Value: ['GO:0009432', 'GO:0030541', 'GO:0051290', 'GO:0008657', 'GO:0042803']
    Key: Parent, Value: ['gene-GN112_RS02050']
    Key: gbkey, Value: ['CDS']
    Key: go_function, Value: ['DNA topoisomerase type II (double strand cut, ATP-hydrolyzing) inhibitor activity|0008657||IEA', 'protein homodimerization activity|0042803||IEA']
    Key: go_process, Value: ['SOS response|0009432||IEA', 'plasmid partitioning|0030541||IEA', 'protein heterotetramerization|0051290||IEA']
    Key: inference, Value: ['COORDINATES: similar to AA sequence:RefSeq:WP_012175535.1']
    Key: locus_tag, Value: ['GN112_RS02050']
    Key: phase, Value: ['0']
    Key: product, Value: ['type II toxin-antitoxin system RelE/ParE family toxin']
    Key: protein_id, Value: ['WP_155308698.1']
    Key: source, Value: ['Protein Homology']
    Key: transl_table, Value: ['11']

GF(type II toxin-antitoxin system RelE/ParE family toxin, 995-1292 (-1))
type: CDS
location: [438291:438573](-)
id: cds-WP_155308699.1
qualifiers:
    Key: Dbxref, Value: ['GenBank:WP_155308699.1']
    Key: ID, Value: ['cds-WP_155308699.1']
    Key: Name, Value: ['WP_155308699.1']
    Key: Ontology_term, Value: ['GO:0110001']
    Key: Parent, Value: ['gene-GN112_RS02055']
    Key: gbkey, Value: ['CDS']
    Key: go_component, Value: ['toxin-antitoxin complex|0110001||IEA']
    Key: inference, Value: ['COORDINATES: similar to AA sequence:RefSeq:WP_012175536.1']
    Key: locus_tag, Value: ['GN112_RS02055']
    Key: phase, Value: ['0']
    Key: product, Value: ['type II toxin-antitoxin system Phd/YefM family antitoxin']
    Key: protein_id, Value: ['WP_155308699.1']
    Key: source, Value: ['Protein Homology']
    Key: transl_table, Value: ['11']

GF(type II toxin-antitoxin system Phd/YefM family antitoxin, 1288-1570 (-1))
type: CDS
location: [439465:439744](+)
id: cds-WP_155308700.1
qualifiers:
    Key: Dbxref, Value: ['GenBank:WP_155308700.1']
    Key: ID, Value: ['cds-WP_155308700.1']
    Key: Name, Value: ['WP_155308700.1']
    Key: Parent, Value: ['gene-GN112_RS02060']
    Key: gbkey, Value: ['CDS']
    Key: inference, Value: ['COORDINATES: similar to AA sequence:RefSeq:WP_006966645.1']
    Key: locus_tag, Value: ['GN112_RS02060']
    Key: phase, Value: ['0']
    Key: product, Value: ['type II toxin-antitoxin system RelE/ParE family toxin']
    Key: protein_id, Value: ['WP_155308700.1']
    Key: source, Value: ['Protein Homology']
    Key: transl_table, Value: ['11']

GF(type II toxin-antitoxin system RelE/ParE family toxin, 2462-2741 (1))
type: CDS
location: [439761:440049](+)
id: cds-WP_155308701.1
qualifiers:
    Key: Dbxref, Value: ['GenBank:WP_155308701.1']
    Key: ID, Value: ['cds-WP_155308701.1']
    Key: Name, Value: ['WP_155308701.1']
    Key: Ontology_term, Value: ['GO:0003677']
    Key: Parent, Value: ['gene-GN112_RS02065']
    Key: gbkey, Value: ['CDS']
    Key: go_function, Value: ['DNA binding|0003677||IEA']
    Key: inference, Value: ['COORDINATES: similar to AA sequence:RefSeq:WP_020585830.1']
    Key: locus_tag, Value: ['GN112_RS02065']
    Key: phase, Value: ['0']
    Key: product, Value: ['HigA family addiction module antitoxin']
    Key: protein_id, Value: ['WP_155308701.1']
    Key: source, Value: ['Protein Homology']
    Key: transl_table, Value: ['11']

GF(HigA family addiction module antitoxin, 2758-3046 (1))
type: CDS
location: [441002:441836](-)
id: cds-WP_155308702.1
qualifiers:
    Key: Dbxref, Value: ['GenBank:WP_155308702.1']
    Key: ID, Value: ['cds-WP_155308702.1']
    Key: Name, Value: ['WP_155308702.1']
    Key: Parent, Value: ['gene-GN112_RS02070']
    Key: gbkey, Value: ['CDS']
    Key: inference, Value: ['COORDINATES: protein motif:HMM:NF012307.4']
    Key: locus_tag, Value: ['GN112_RS02070']
    Key: phase, Value: ['0']
    Key: product, Value: ['reverse transcriptase domain-containing protein']
    Key: protein_id, Value: ['WP_155308702.1']
    Key: source, Value: ['Protein Homology']
    Key: transl_table, Value: ['11']

GF(reverse transcriptase domain-containing protein, 3999-4833 (-1))
type: CDS
location: [441816:442833](-)
id: cds-WP_155308703.1
qualifiers:
    Key: Dbxref, Value: ['GenBank:WP_155308703.1']
    Key: ID, Value: ['cds-WP_155308703.1']
    Key: Name, Value: ['WP_155308703.1']
    Key: Ontology_term, Value: ['GO:0043571', 'GO:0004520', 'GO:0046872']
    Key: Parent, Value: ['gene-GN112_RS02075']
    Key: gbkey, Value: ['CDS']
    Key: gene, Value: ['cas1']
    Key: go_function, Value: ['DNA endonuclease activity|0004520||IEA', 'metal ion binding|0046872||IEA']
    Key: go_process, Value: ['maintenance of CRISPR repeat elements|0043571||IEA']
    Key: inference, Value: ['COORDINATES: protein motif:HMM:TIGR00287.1']
    Key: locus_tag, Value: ['GN112_RS02075']
    Key: phase, Value: ['0']
    Key: product, Value: ['CRISPR-associated endonuclease Cas1']
    Key: protein_id, Value: ['WP_155308703.1']
    Key: source, Value: ['Protein Homology']
    Key: transl_table, Value: ['11']

GF(CRISPR-associated endonuclease Cas1, 4813-5830 (-1))
type: CDS
location: [442829:443159](-)
id: cds-WP_162458737.1
qualifiers:
    Key: Dbxref, Value: ['GenBank:WP_162458737.1']
    Key: ID, Value: ['cds-WP_162458737.1']
    Key: Name, Value: ['WP_162458737.1']
    Key: Ontology_term, Value: ['GO:0043571', 'GO:0004521']
    Key: Parent, Value: ['gene-GN112_RS02080']
    Key: gbkey, Value: ['CDS']
    Key: gene, Value: ['cas2']
    Key: go_function, Value: ['RNA endonuclease activity|0004521||IEA']
    Key: go_process, Value: ['maintenance of CRISPR repeat elements|0043571||IEA']
    Key: inference, Value: ['COORDINATES: protein motif:HMM:TIGR01573.1']
    Key: locus_tag, Value: ['GN112_RS02080']
    Key: phase, Value: ['0']
    Key: product, Value: ['CRISPR-associated endonuclease Cas2']
    Key: protein_id, Value: ['WP_162458737.1']
    Key: source, Value: ['Protein Homology']
    Key: transl_table, Value: ['11']

GF(CRISPR-associated endonuclease Cas2, 5826-6156 (-1))
type: CDS
location: [443208:443493](-)
id: cds-WP_155308705.1
qualifiers:
    Key: Dbxref, Value: ['GenBank:WP_155308705.1']
    Key: ID, Value: ['cds-WP_155308705.1']
    Key: Name, Value: ['WP_155308705.1']
    Key: Ontology_term, Value: ['GO:0043571', 'GO:0004521']
    Key: Parent, Value: ['gene-GN112_RS02085']
    Key: gbkey, Value: ['CDS']
    Key: gene, Value: ['cas2']
    Key: go_function, Value: ['RNA endonuclease activity|0004521||IEA']
    Key: go_process, Value: ['maintenance of CRISPR repeat elements|0043571||IEA']
    Key: inference, Value: ['COORDINATES: protein motif:HMM:NF021356.4']
    Key: locus_tag, Value: ['GN112_RS02085']
    Key: phase, Value: ['0']
    Key: product, Value: ['CRISPR-associated endonuclease Cas2']
    Key: protein_id, Value: ['WP_155308705.1']
    Key: source, Value: ['Protein Homology']
    Key: transl_table, Value: ['11']

GF(CRISPR-associated endonuclease Cas2, 6205-6490 (-1))
type: CDS
location: [443543:444092](-)
id: cds-WP_155308706.1
qualifiers:
    Key: Dbxref, Value: ['GenBank:WP_155308706.1']
    Key: ID, Value: ['cds-WP_155308706.1']
    Key: Name, Value: ['WP_155308706.1']
    Key: Parent, Value: ['gene-GN112_RS02090']
    Key: gbkey, Value: ['CDS']
    Key: inference, Value: ['COORDINATES: ab initio prediction:GeneMarkS-2+']
    Key: locus_tag, Value: ['GN112_RS02090']
    Key: phase, Value: ['0']
    Key: product, Value: ['hypothetical protein']
    Key: protein_id, Value: ['WP_155308706.1']
    Key: source, Value: ['GeneMarkS-2+']
    Key: transl_table, Value: ['11']

GF(None, 6540-7089 (-1))
type: CDS
location: [444191:445268](-)
id: cds-WP_155308707.1
qualifiers:
    Key: Dbxref, Value: ['GenBank:WP_155308707.1']
    Key: ID, Value: ['cds-WP_155308707.1']
    Key: Name, Value: ['WP_155308707.1']
    Key: Parent, Value: ['gene-GN112_RS02095']
    Key: gbkey, Value: ['CDS']
    Key: inference, Value: ['COORDINATES: ab initio prediction:GeneMarkS-2+']
    Key: locus_tag, Value: ['GN112_RS02095']
    Key: phase, Value: ['0']
    Key: product, Value: ['hypothetical protein']
    Key: protein_id, Value: ['WP_155308707.1']
    Key: source, Value: ['GeneMarkS-2+']
    Key: transl_table, Value: ['11']

GF(None, 7188-8265 (-1))
type: CDS
location: [445407:446298](-)
id: cds-WP_155308708.1
qualifiers:
    Key: Dbxref, Value: ['GenBank:WP_155308708.1']
    Key: ID, Value: ['cds-WP_155308708.1']
    Key: Name, Value: ['WP_155308708.1']
    Key: Parent, Value: ['gene-GN112_RS02100']
    Key: gbkey, Value: ['CDS']
    Key: inference, Value: ['COORDINATES: ab initio prediction:GeneMarkS-2+']
    Key: locus_tag, Value: ['GN112_RS02100']
    Key: phase, Value: ['0']
    Key: product, Value: ['hypothetical protein']
    Key: protein_id, Value: ['WP_155308708.1']
    Key: source, Value: ['GeneMarkS-2+']
    Key: transl_table, Value: ['11']

GF(None, 8404-9295 (-1))
type: CDS
location: [446278:446662](-)
id: cds-WP_197743238.1
qualifiers:
    Key: Dbxref, Value: ['GenBank:WP_197743238.1']
    Key: ID, Value: ['cds-WP_197743238.1']
    Key: Name, Value: ['WP_197743238.1']
    Key: Ontology_term, Value: ['GO:0043571', 'GO:0003674']
    Key: Parent, Value: ['gene-GN112_RS02105']
    Key: gbkey, Value: ['CDS']
    Key: gene, Value: ['csx16']
    Key: go_function, Value: ['molecular_function|0003674||IEA']
    Key: go_process, Value: ['maintenance of CRISPR repeat elements|0043571||IEA']
    Key: inference, Value: ['COORDINATES: protein motif:HMM:TIGR02620.1']
    Key: locus_tag, Value: ['GN112_RS02105']
    Key: phase, Value: ['0']
    Key: product, Value: ['CRISPR-associated protein Csx16']
    Key: protein_id, Value: ['WP_197743238.1']
    Key: source, Value: ['Protein Homology']
    Key: transl_table, Value: ['11']

GF(CRISPR-associated protein Csx16, 9275-9659 (-1))
type: CDS
location: [449492:451160](-)
id: cds-WP_155308709.1
qualifiers:
    Key: Dbxref, Value: ['GenBank:WP_155308709.1']
    Key: ID, Value: ['cds-WP_155308709.1']
    Key: Name, Value: ['WP_155308709.1']
    Key: Parent, Value: ['gene-GN112_RS02110']
    Key: gbkey, Value: ['CDS']
    Key: inference, Value: ['COORDINATES: protein motif:HMM:NF024685.4']
    Key: locus_tag, Value: ['GN112_RS02110']
    Key: phase, Value: ['0']
    Key: product, Value: ['SIR2 family protein']
    Key: protein_id, Value: ['WP_155308709.1']
    Key: source, Value: ['Protein Homology']
    Key: transl_table, Value: ['11']

GF(SIR2 family protein, 12489-14157 (-1))
type: CDS
location: [451206:453477](-)
id: cds-WP_155308710.1
qualifiers:
    Key: Dbxref, Value: ['GenBank:WP_155308710.1']
    Key: ID, Value: ['cds-WP_155308710.1']
    Key: Name, Value: ['WP_155308710.1']
    Key: Parent, Value: ['gene-GN112_RS02115']
    Key: gbkey, Value: ['CDS']
    Key: inference, Value: ['COORDINATES: protein motif:HMM:TIGR03986.1']
    Key: locus_tag, Value: ['GN112_RS02115']
    Key: phase, Value: ['0']
    Key: product, Value: ['TIGR03986 family CRISPR-associated RAMP protein']
    Key: protein_id, Value: ['WP_155308710.1']
    Key: source, Value: ['Protein Homology']
    Key: transl_table, Value: ['11']

GF(TIGR03986 family CRISPR-associated RAMP protein, 14203-16474 (-1))
type: CDS
location: [453473:453974](-)
id: cds-WP_155308711.1
qualifiers:
    Key: Dbxref, Value: ['GenBank:WP_155308711.1']
    Key: ID, Value: ['cds-WP_155308711.1']
    Key: Name, Value: ['WP_155308711.1']
    Key: Parent, Value: ['gene-GN112_RS02120']
    Key: gbkey, Value: ['CDS']
    Key: inference, Value: ['COORDINATES: ab initio prediction:GeneMarkS-2+']
    Key: locus_tag, Value: ['GN112_RS02120']
    Key: phase, Value: ['0']
    Key: product, Value: ['hypothetical protein']
    Key: protein_id, Value: ['WP_155308711.1']
    Key: source, Value: ['GeneMarkS-2+']
    Key: transl_table, Value: ['11']

GF(None, 16470-16971 (-1))
type: CDS
location: [453973:455413](-)
id: cds-WP_155308712.1
qualifiers:
    Key: Dbxref, Value: ['GenBank:WP_155308712.1']
    Key: ID, Value: ['cds-WP_155308712.1']
    Key: Name, Value: ['WP_155308712.1']
    Key: Parent, Value: ['gene-GN112_RS02125']
    Key: gbkey, Value: ['CDS']
    Key: inference, Value: ['COORDINATES: protein motif:HMM:NF015728.4']
    Key: locus_tag, Value: ['GN112_RS02125']
    Key: phase, Value: ['0']
    Key: product, Value: ['RAMP superfamily CRISPR-associated protein']
    Key: protein_id, Value: ['WP_155308712.1']
    Key: source, Value: ['Protein Homology']
    Key: transl_table, Value: ['11']

GF(RAMP superfamily CRISPR-associated protein, 16970-18410 (-1))
type: CDS
location: [455409:456981](-)
id: cds-WP_155308713.1
qualifiers:
    Key: Dbxref, Value: ['GenBank:WP_155308713.1']
    Key: ID, Value: ['cds-WP_155308713.1']
    Key: Name, Value: ['WP_155308713.1']
    Key: Parent, Value: ['gene-GN112_RS02130']
    Key: gbkey, Value: ['CDS']
    Key: inference, Value: ['COORDINATES: ab initio prediction:GeneMarkS-2+']
    Key: locus_tag, Value: ['GN112_RS02130']
    Key: phase, Value: ['0']
    Key: product, Value: ['hypothetical protein']
    Key: protein_id, Value: ['WP_155308713.1']
    Key: source, Value: ['GeneMarkS-2+']
    Key: transl_table, Value: ['11']

GF(None, 18406-19978 (-1))
type: CDS
location: [456977:457640](-)
id: cds-WP_155308714.1
qualifiers:
    Key: Dbxref, Value: ['GenBank:WP_155308714.1']
    Key: ID, Value: ['cds-WP_155308714.1']
    Key: Name, Value: ['WP_155308714.1']
    Key: Parent, Value: ['gene-GN112_RS02135']
    Key: gbkey, Value: ['CDS']
    Key: inference, Value: ['COORDINATES: protein motif:HMM:NF015728.4']
    Key: locus_tag, Value: ['GN112_RS02135']
    Key: phase, Value: ['0']
    Key: product, Value: ['RAMP superfamily CRISPR-associated protein']
    Key: protein_id, Value: ['WP_155308714.1']
    Key: source, Value: ['Protein Homology']
    Key: transl_table, Value: ['11']

GF(RAMP superfamily CRISPR-associated protein, 19974-20637 (-1))
type: CDS
location: [457629:459231](-)
id: cds-WP_162458738.1
qualifiers:
    Key: Dbxref, Value: ['GenBank:WP_162458738.1']
    Key: ID, Value: ['cds-WP_162458738.1']
    Key: Name, Value: ['WP_162458738.1']
    Key: Parent, Value: ['gene-GN112_RS02140']
    Key: gbkey, Value: ['CDS']
    Key: inference, Value: ['COORDINATES: ab initio prediction:GeneMarkS-2+']
    Key: locus_tag, Value: ['GN112_RS02140']
    Key: phase, Value: ['0']
    Key: product, Value: ['hypothetical protein']
    Key: protein_id, Value: ['WP_162458738.1']
    Key: source, Value: ['GeneMarkS-2+']
    Key: transl_table, Value: ['11']

GF(None, 20626-22228 (-1))
type: CDS
location: [459248:460376](-)
id: cds-WP_155308716.1
qualifiers:
    Key: Dbxref, Value: ['GenBank:WP_155308716.1']
    Key: ID, Value: ['cds-WP_155308716.1']
    Key: Name, Value: ['WP_155308716.1']
    Key: Ontology_term, Value: ['GO:0043571', 'GO:0003674']
    Key: Parent, Value: ['gene-GN112_RS02145']
    Key: gbkey, Value: ['CDS']
    Key: gene, Value: ['csm6']
    Key: go_function, Value: ['molecular_function|0003674||IEA']
    Key: go_process, Value: ['maintenance of CRISPR repeat elements|0043571||IEA']
    Key: inference, Value: ['COORDINATES: protein motif:HMM:NF021162.4']
    Key: locus_tag, Value: ['GN112_RS02145']
    Key: phase, Value: ['0']
    Key: product, Value: ['CRISPR-associated ring nuclease Csm6']
    Key: protein_id, Value: ['WP_155308716.1']
    Key: source, Value: ['Protein Homology']
    Key: transl_table, Value: ['11']

GF(CRISPR-associated ring nuclease Csm6, 22245-23373 (-1))
type: CDS
location: [460518:461037](-)
id: cds-WP_231716911.1
qualifiers:
    Key: Dbxref, Value: ['GenBank:WP_231716911.1']
    Key: ID, Value: ['cds-WP_231716911.1']
    Key: Name, Value: ['WP_231716911.1']
    Key: Parent, Value: ['gene-GN112_RS02150']
    Key: gbkey, Value: ['CDS']
    Key: gene, Value: ['cas6']
    Key: inference, Value: ['COORDINATES: protein motif:HMM:NF021551.4']
    Key: locus_tag, Value: ['GN112_RS02150']
    Key: phase, Value: ['0']
    Key: product, Value: ['CRISPR system precrRNA processing endoribonuclease RAMP protein Cas6']
    Key: protein_id, Value: ['WP_231716911.1']
    Key: source, Value: ['Protein Homology']
    Key: transl_table, Value: ['11']

GF(CRISPR system precrRNA processing endoribonuclease RAMP protein Cas6, 23515-24034 (-1))
type: CDS
location: [461512:461677](-)
id: cds-WP_155308718.1
qualifiers:
    Key: Dbxref, Value: ['GenBank:WP_155308718.1']
    Key: ID, Value: ['cds-WP_155308718.1']
    Key: Name, Value: ['WP_155308718.1']
    Key: Parent, Value: ['gene-GN112_RS02155']
    Key: gbkey, Value: ['CDS']
    Key: inference, Value: ['COORDINATES: ab initio prediction:GeneMarkS-2+']
    Key: locus_tag, Value: ['GN112_RS02155']
    Key: phase, Value: ['0']
    Key: product, Value: ['hypothetical protein']
    Key: protein_id, Value: ['WP_155308718.1']
    Key: source, Value: ['GeneMarkS-2+']
    Key: transl_table, Value: ['11']

GF(None, 24509-24674 (-1))
type: CDS
location: [462867:464994](-)
id: cds-WP_155308719.1
qualifiers:
    Key: Dbxref, Value: ['GenBank:WP_155308719.1']
    Key: ID, Value: ['cds-WP_155308719.1']
    Key: Name, Value: ['WP_155308719.1']
    Key: Ontology_term, Value: ['GO:0006096']
    Key: Parent, Value: ['gene-GN112_RS02160']
    Key: gbkey, Value: ['CDS']
    Key: go_process, Value: ['glycolytic process|0006096||IEA']
    Key: inference, Value: ['COORDINATES: similar to AA sequence:RefSeq:WP_015949917.1']
    Key: locus_tag, Value: ['GN112_RS02160']
    Key: phase, Value: ['0']
    Key: product, Value: ['6-phosphofructokinase']
    Key: protein_id, Value: ['WP_155308719.1']
    Key: source, Value: ['Protein Homology']
    Key: transl_table, Value: ['11']

GF(6-phosphofructokinase, 25864-27991 (-1))
type: repeat_region
location: [446701:449213](+)
id: NZ_AP021879.1_1
qualifiers:
    Key: Dbxref, Value: ['SO:0001459']
    Key: ID, Value: ['NZ_AP021879.1_1']
    Key: Note, Value: ['GTCTTAATCCCTTCAGTTCAGGGAAACCATCCAACC']
    Key: Ontology_term, Value: ['CRISPR']
    Key: score, Value: ['2512']
    Key: source, Value: ['CCTyper']

GF(Repeat region, 9698-12210 (0))
graphic feature from cctyper protein table: GF(RT, 4000-4833 (-1))
graphic feature from cctyper protein table: GF(Cas1, 4814-5830 (-1))
graphic feature from cctyper protein table: GF(Cas2, 5827-6156 (-1))
graphic feature from cctyper protein table: GF(Cas2, 6206-6490 (-1))
graphic feature from cctyper protein table: GF(CasR, 8405-9295 (-1))
graphic feature from cctyper protein table: GF(Csx16, 9276-9659 (-1))
graphic feature from cctyper protein table: GF(Csm3gr7, 14204-16474 (-1))
graphic feature from cctyper protein table: GF(Csx19, 16471-16971 (-1))
graphic feature from cctyper protein table: GF(Csm3gr7, 16971-18410 (-1))
graphic feature from cctyper protein table: GF(Csx10gr5, 18407-19978 (-1))
graphic feature from cctyper protein table: GF(Csm3gr7, 19975-20637 (-1))
graphic feature from cctyper protein table: GF(Cas10, 20627-22228 (-1))
graphic feature from cctyper protein table: GF(Csx1, 22246-23373 (-1))
graphic feature from cctyper protein table: GF(Cas6, 23516-24034 (-1))
Index(['protein_id', 'start', 'end', 'effector', 'locus', 'sample', 'strand',
       'sequence', 'type'],
      dtype='object')
graphic feature from known effectors: GF(cam1, 8405-9295 (-1))
Index(['protein_id', 'start', 'end', 'effector', 'locus', 'sample', 'strand',
       'sequence', 'type'],
      dtype='object')
graphic feature from ring nucleases: GF(csx16, 9276-9659 (-1))
[GF(type II toxin-antitoxin system RelE/ParE family toxin, 995-1292 (-1)), GF(type II toxin-antitoxin system Phd/YefM family antitoxin, 1288-1570 (-1)), GF(type II toxin-antitoxin system RelE/ParE family toxin, 2462-2741 (1)), GF(HigA family addiction module antitoxin, 2758-3046 (1)), GF(reverse transcriptase domain-containing protein, 3999-4833 (-1)), GF(CRISPR-associated endonuclease Cas1, 4813-5830 (-1)), GF(CRISPR-associated endonuclease Cas2, 5826-6156 (-1)), GF(CRISPR-associated endonuclease Cas2, 6205-6490 (-1)), GF(None, 6540-7089 (-1)), GF(None, 7188-8265 (-1)), GF(None, 8404-9295 (-1)), GF(CRISPR-associated protein Csx16, 9275-9659 (-1)), GF(SIR2 family protein, 12489-14157 (-1)), GF(TIGR03986 family CRISPR-associated RAMP protein, 14203-16474 (-1)), GF(None, 16470-16971 (-1)), GF(RAMP superfamily CRISPR-associated protein, 16970-18410 (-1)), GF(None, 18406-19978 (-1)), GF(RAMP superfamily CRISPR-associated protein, 19974-20637 (-1)), GF(None, 20626-22228 (-1)), GF(CRISPR-associated ring nuclease Csm6, 22245-23373 (-1)), GF(CRISPR system precrRNA processing endoribonuclease RAMP protein Cas6, 23515-24034 (-1)), GF(None, 24509-24674 (-1)), GF(6-phosphofructokinase, 25864-27991 (-1)), GF(Repeat region, 9698-12210 (0)), GF(RT, 4000-4833 (-1)), GF(Cas1, 4814-5830 (-1)), GF(Cas2, 5827-6156 (-1)), GF(Cas2, 6206-6490 (-1)), GF(CasR, 8405-9295 (-1)), GF(Csx16, 9276-9659 (-1)), GF(Csm3gr7, 14204-16474 (-1)), GF(Csx19, 16471-16971 (-1)), GF(Csm3gr7, 16971-18410 (-1)), GF(Csx10gr5, 18407-19978 (-1)), GF(Csm3gr7, 19975-20637 (-1)), GF(Cas10, 20627-22228 (-1)), GF(Csx1, 22246-23373 (-1)), GF(Cas6, 23516-24034 (-1)), GF(cam1, 8405-9295 (-1)), GF(csx16, 9276-9659 (-1)), GF(CRISPR-Cas locus, 4000-24460 (0))]
