Cas operons file:    Unnamed: 0         Contig  ...           locus_id           sample
0           2  NZ_CP061336.1  ...  GCF_005473905.2_2  GCF_005473905.2

[1 rows x 19 columns]
The chosen contig: NZ_CP061336.1
type: CDS
location: [2769062:2769644](-)
id: cds-WP_137695836.1
qualifiers:
    Key: Dbxref, Value: ['GenBank:WP_137695836.1']
    Key: ID, Value: ['cds-WP_137695836.1']
    Key: Name, Value: ['WP_137695836.1']
    Key: Parent, Value: ['gene-EHE19_RS11335']
    Key: gbkey, Value: ['CDS']
    Key: inference, Value: ['COORDINATES: ab initio prediction:GeneMarkS-2+']
    Key: locus_tag, Value: ['EHE19_RS11335']
    Key: phase, Value: ['0']
    Key: product, Value: ['hypothetical protein']
    Key: protein_id, Value: ['WP_137695836.1']
    Key: source, Value: ['GeneMarkS-2+']
    Key: transl_table, Value: ['11']

GF(None, 1410-1992 (-1))
type: CDS
location: [2769654:2770968](-)
id: cds-WP_137695835.1
qualifiers:
    Key: Dbxref, Value: ['GenBank:WP_137695835.1']
    Key: ID, Value: ['cds-WP_137695835.1']
    Key: Name, Value: ['WP_137695835.1']
    Key: Parent, Value: ['gene-EHE19_RS11340']
    Key: gbkey, Value: ['CDS']
    Key: inference, Value: ['COORDINATES: protein motif:HMM:NF024573.2']
    Key: locus_tag, Value: ['EHE19_RS11340']
    Key: phase, Value: ['0']
    Key: product, Value: ['AAA family ATPase']
    Key: protein_id, Value: ['WP_137695835.1']
    Key: source, Value: ['Protein Homology']
    Key: transl_table, Value: ['11']

GF(AAA family ATPase, 2002-3316 (-1))
type: CDS
location: [2771651:2773850](-)
id: cds-WP_137695834.1
qualifiers:
    Key: Dbxref, Value: ['GenBank:WP_137695834.1']
    Key: ID, Value: ['cds-WP_137695834.1']
    Key: Name, Value: ['WP_137695834.1']
    Key: Parent, Value: ['gene-EHE19_RS11345']
    Key: gbkey, Value: ['CDS']
    Key: inference, Value: ['COORDINATES: protein motif:HMM:TIGR03986.1']
    Key: locus_tag, Value: ['EHE19_RS11345']
    Key: phase, Value: ['0']
    Key: product, Value: ['TIGR03986 family CRISPR-associated RAMP protein']
    Key: protein_id, Value: ['WP_137695834.1']
    Key: source, Value: ['Protein Homology']
    Key: transl_table, Value: ['11']

GF(TIGR03986 family CRISPR-associated RAMP protein, 3999-6198 (-1))
type: CDS
location: [2773827:2774454](-)
id: cds-WP_137695833.1
qualifiers:
    Key: Dbxref, Value: ['GenBank:WP_137695833.1']
    Key: ID, Value: ['cds-WP_137695833.1']
    Key: Name, Value: ['WP_137695833.1']
    Key: Parent, Value: ['gene-EHE19_RS11350']
    Key: gbkey, Value: ['CDS']
    Key: gene, Value: ['csx19']
    Key: inference, Value: ['COORDINATES: protein motif:HMM:TIGR03984.2']
    Key: locus_tag, Value: ['EHE19_RS11350']
    Key: phase, Value: ['0']
    Key: product, Value: ['CRISPR-associated protein Csx19']
    Key: protein_id, Value: ['WP_137695833.1']
    Key: source, Value: ['Protein Homology']
    Key: transl_table, Value: ['11']

GF(CRISPR-associated protein Csx19, 6175-6802 (-1))
type: CDS
location: [2774446:2776174](-)
id: cds-WP_171003465.1
qualifiers:
    Key: Dbxref, Value: ['GenBank:WP_171003465.1']
    Key: ID, Value: ['cds-WP_171003465.1']
    Key: Name, Value: ['WP_171003465.1']
    Key: Parent, Value: ['gene-EHE19_RS11355']
    Key: gbkey, Value: ['CDS']
    Key: inference, Value: ['COORDINATES: protein motif:HMM:NF015728.2']
    Key: locus_tag, Value: ['EHE19_RS11355']
    Key: phase, Value: ['0']
    Key: product, Value: ['RAMP superfamily CRISPR-associated protein']
    Key: protein_id, Value: ['WP_171003465.1']
    Key: source, Value: ['Protein Homology']
    Key: transl_table, Value: ['11']

GF(RAMP superfamily CRISPR-associated protein, 6794-8522 (-1))
type: CDS
location: [2776163:2778698](-)
id: cds-WP_137695831.1
qualifiers:
    Key: Dbxref, Value: ['GenBank:WP_137695831.1']
    Key: ID, Value: ['cds-WP_137695831.1']
    Key: Name, Value: ['WP_137695831.1']
    Key: Parent, Value: ['gene-EHE19_RS11360']
    Key: gbkey, Value: ['CDS']
    Key: inference, Value: ['COORDINATES: protein motif:HMM:NF015728.2']
    Key: locus_tag, Value: ['EHE19_RS11360']
    Key: phase, Value: ['0']
    Key: product, Value: ['RAMP superfamily CRISPR-associated protein']
    Key: protein_id, Value: ['WP_137695831.1']
    Key: source, Value: ['Protein Homology']
    Key: transl_table, Value: ['11']

GF(RAMP superfamily CRISPR-associated protein, 8511-11046 (-1))
type: CDS
location: [2778698:2780576](-)
id: cds-WP_137695830.1
qualifiers:
    Key: Dbxref, Value: ['GenBank:WP_137695830.1']
    Key: ID, Value: ['cds-WP_137695830.1']
    Key: Name, Value: ['WP_137695830.1']
    Key: Parent, Value: ['gene-EHE19_RS11365']
    Key: gbkey, Value: ['CDS']
    Key: inference, Value: ['COORDINATES: ab initio prediction:GeneMarkS-2+']
    Key: locus_tag, Value: ['EHE19_RS11365']
    Key: phase, Value: ['0']
    Key: product, Value: ['hypothetical protein']
    Key: protein_id, Value: ['WP_137695830.1']
    Key: source, Value: ['GeneMarkS-2+']
    Key: transl_table, Value: ['11']

GF(None, 11046-12924 (-1))
type: CDS
location: [2780734:2782216](+)
id: cds-WP_137695829.1
qualifiers:
    Key: Dbxref, Value: ['GenBank:WP_137695829.1']
    Key: ID, Value: ['cds-WP_137695829.1']
    Key: Name, Value: ['WP_137695829.1']
    Key: Parent, Value: ['gene-EHE19_RS11370']
    Key: gbkey, Value: ['CDS']
    Key: inference, Value: ['COORDINATES: ab initio prediction:GeneMarkS-2+']
    Key: locus_tag, Value: ['EHE19_RS11370']
    Key: phase, Value: ['0']
    Key: product, Value: ['TM1812 family CRISPR-associated protein']
    Key: protein_id, Value: ['WP_137695829.1']
    Key: source, Value: ['GeneMarkS-2+']
    Key: transl_table, Value: ['11']

GF(TM1812 family CRISPR-associated protein, 13082-14564 (1))
type: CDS
location: [2782241:2782601](+)
id: cds-WP_137695828.1
qualifiers:
    Key: Dbxref, Value: ['GenBank:WP_137695828.1']
    Key: ID, Value: ['cds-WP_137695828.1']
    Key: Name, Value: ['WP_137695828.1']
    Key: Parent, Value: ['gene-EHE19_RS11375']
    Key: gbkey, Value: ['CDS']
    Key: inference, Value: ['COORDINATES: ab initio prediction:GeneMarkS-2+']
    Key: locus_tag, Value: ['EHE19_RS11375']
    Key: phase, Value: ['0']
    Key: product, Value: ['CRISPR-associated protein']
    Key: protein_id, Value: ['WP_137695828.1']
    Key: source, Value: ['GeneMarkS-2+']
    Key: transl_table, Value: ['11']

GF(CRISPR-associated protein, 14589-14949 (1))
type: CDS
location: [2783254:2783674](-)
id: cds-WP_137695827.1
qualifiers:
    Key: Dbxref, Value: ['GenBank:WP_137695827.1']
    Key: ID, Value: ['cds-WP_137695827.1']
    Key: Name, Value: ['WP_137695827.1']
    Key: Parent, Value: ['gene-EHE19_RS11380']
    Key: gbkey, Value: ['CDS']
    Key: inference, Value: ['COORDINATES: similar to AA sequence:RefSeq:WP_004617678.1']
    Key: locus_tag, Value: ['EHE19_RS11380']
    Key: phase, Value: ['0']
    Key: product, Value: ['hypothetical protein']
    Key: protein_id, Value: ['WP_137695827.1']
    Key: source, Value: ['Protein Homology']
    Key: transl_table, Value: ['11']

GF(None, 15602-16022 (-1))
type: CDS
location: [2783735:2784299](-)
id: cds-WP_137695826.1
qualifiers:
    Key: Dbxref, Value: ['GenBank:WP_137695826.1']
    Key: ID, Value: ['cds-WP_137695826.1']
    Key: Name, Value: ['WP_137695826.1']
    Key: Ontology_term, Value: ['GO:0006414', 'GO:0003746', 'GO:0005737']
    Key: Parent, Value: ['gene-EHE19_RS11385']
    Key: gbkey, Value: ['CDS']
    Key: gene, Value: ['efp']
    Key: go_component, Value: ['cytoplasm|0005737||IEA']
    Key: go_function, Value: ['translation elongation factor activity|0003746||IEA']
    Key: go_process, Value: ['translational elongation|0006414||IEA']
    Key: inference, Value: ['COORDINATES: similar to AA sequence:RefSeq:WP_003517139.1']
    Key: locus_tag, Value: ['EHE19_RS11385']
    Key: phase, Value: ['0']
    Key: product, Value: ['elongation factor P']
    Key: protein_id, Value: ['WP_137695826.1']
    Key: source, Value: ['Protein Homology']
    Key: transl_table, Value: ['11']

GF(elongation factor P, 16083-16647 (-1))
type: CDS
location: [2784497:2785583](-)
id: cds-WP_137695825.1
qualifiers:
    Key: Dbxref, Value: ['GenBank:WP_137695825.1']
    Key: ID, Value: ['cds-WP_137695825.1']
    Key: Name, Value: ['WP_137695825.1']
    Key: Ontology_term, Value: ['GO:0006508', 'GO:0008233']
    Key: Parent, Value: ['gene-EHE19_RS11390']
    Key: gbkey, Value: ['CDS']
    Key: go_function, Value: ['peptidase activity|0008233||IEA']
    Key: go_process, Value: ['proteolysis|0006508||IEA']
    Key: inference, Value: ['COORDINATES: similar to AA sequence:RefSeq:WP_015925375.1']
    Key: locus_tag, Value: ['EHE19_RS11390']
    Key: phase, Value: ['0']
    Key: product, Value: ['Xaa-Pro peptidase family protein']
    Key: protein_id, Value: ['WP_137695825.1']
    Key: source, Value: ['Protein Homology']
    Key: transl_table, Value: ['11']

GF(Xaa-Pro peptidase family protein, 16845-17931 (-1))
type: CDS
location: [2785674:2786109](-)
id: cds-WP_137695824.1
qualifiers:
    Key: Dbxref, Value: ['GenBank:WP_137695824.1']
    Key: ID, Value: ['cds-WP_137695824.1']
    Key: Name, Value: ['WP_137695824.1']
    Key: Ontology_term, Value: ['GO:0009423', 'GO:0003855']
    Key: Parent, Value: ['gene-EHE19_RS11395']
    Key: gbkey, Value: ['CDS']
    Key: gene, Value: ['aroQ']
    Key: go_function, Value: ['3-dehydroquinate dehydratase activity|0003855||IEA']
    Key: go_process, Value: ['chorismate biosynthetic process|0009423||IEA']
    Key: inference, Value: ['COORDINATES: similar to AA sequence:RefSeq:WP_003517144.1']
    Key: locus_tag, Value: ['EHE19_RS11395']
    Key: phase, Value: ['0']
    Key: product, Value: ['type II 3-dehydroquinate dehydratase']
    Key: protein_id, Value: ['WP_137695824.1']
    Key: source, Value: ['Protein Homology']
    Key: transl_table, Value: ['11']

GF(type II 3-dehydroquinate dehydratase, 18022-18457 (-1))
graphic feature from cctyper protein table: GF(Csx19, 6176-6802 (-1))
graphic feature from cctyper protein table: GF(Csm3gr7, 6795-8522 (-1))
graphic feature from cctyper protein table: GF(Cas10, 11047-12924 (-1))
graphic feature from cctyper protein table: GF(Csx1, 13083-14564 (1))
graphic feature from cctyper protein table: GF(Csx20, 14590-14949 (1))
Index(['protein_id', 'start', 'end', 'effector', 'locus', 'sample', 'strand',
       'sequence', 'type'],
      dtype='object')
graphic feature from known effectors: GF(csx1, 13083-14564 (1))
Index(['protein_id', 'start', 'end', 'effector', 'locus', 'sample', 'strand',
       'sequence', 'type'],
      dtype='object')
graphic feature from ring nucleases: GF(csx20, 14590-14949 (1))
[GF(None, 1410-1992 (-1)), GF(AAA family ATPase, 2002-3316 (-1)), GF(TIGR03986 family CRISPR-associated RAMP protein, 3999-6198 (-1)), GF(CRISPR-associated protein Csx19, 6175-6802 (-1)), GF(RAMP superfamily CRISPR-associated protein, 6794-8522 (-1)), GF(RAMP superfamily CRISPR-associated protein, 8511-11046 (-1)), GF(None, 11046-12924 (-1)), GF(TM1812 family CRISPR-associated protein, 13082-14564 (1)), GF(CRISPR-associated protein, 14589-14949 (1)), GF(None, 15602-16022 (-1)), GF(elongation factor P, 16083-16647 (-1)), GF(Xaa-Pro peptidase family protein, 16845-17931 (-1)), GF(type II 3-dehydroquinate dehydratase, 18022-18457 (-1)), GF(Csx19, 6176-6802 (-1)), GF(Csm3gr7, 6795-8522 (-1)), GF(Cas10, 11047-12924 (-1)), GF(Csx1, 13083-14564 (1)), GF(Csx20, 14590-14949 (1)), GF(csx1, 13083-14564 (1)), GF(csx20, 14590-14949 (1)), GF(CRISPR-Cas locus, 4000-14949 (0))]
