Cas operons file:    Unnamed: 0         Contig  ...           locus_id           sample
0           1  NZ_CP098039.1  ...  GCF_023650955.1_1  GCF_023650955.1

[1 rows x 19 columns]
The chosen contig: NZ_CP098039.1
type: CDS
location: [646082:646982](-)
id: cds-WP_250683049.1
qualifiers:
    Key: Dbxref, Value: ['GenBank:WP_250683049.1']
    Key: ID, Value: ['cds-WP_250683049.1']
    Key: Name, Value: ['WP_250683049.1']
    Key: Ontology_term, Value: ['GO:0036211', 'GO:0008757']
    Key: Parent, Value: ['gene-NBE99_RS03135']
    Key: gbkey, Value: ['CDS']
    Key: gene, Value: ['prmA']
    Key: go_function, Value: ['S-adenosylmethionine-dependent methyltransferase activity|0008757||IEA']
    Key: go_process, Value: ['protein modification process|0036211||IEA']
    Key: inference, Value: ['COORDINATES: similar to AA sequence:RefSeq:WP_011056181.1']
    Key: locus_tag, Value: ['NBE99_RS03135']
    Key: phase, Value: ['0']
    Key: product, Value: ['50S ribosomal protein L11 methyltransferase']
    Key: protein_id, Value: ['WP_250683049.1']
    Key: source, Value: ['Protein Homology']
    Key: transl_table, Value: ['11']

GF(50S ribosomal protein L11 methyltransferase, 410-1310 (-1))
type: CDS
location: [646990:648574](-)
id: cds-WP_250683050.1
qualifiers:
    Key: Dbxref, Value: ['GenBank:WP_250683050.1']
    Key: ID, Value: ['cds-WP_250683050.1']
    Key: Name, Value: ['WP_250683050.1']
    Key: Ontology_term, Value: ['GO:0006564', 'GO:0004617']
    Key: Parent, Value: ['gene-NBE99_RS03140']
    Key: gbkey, Value: ['CDS']
    Key: gene, Value: ['serA']
    Key: go_function, Value: ['phosphoglycerate dehydrogenase activity|0004617||IEA']
    Key: go_process, Value: ['L-serine biosynthetic process|0006564||IEA']
    Key: inference, Value: ['COORDINATES: similar to AA sequence:RefSeq:WP_006668563.1']
    Key: locus_tag, Value: ['NBE99_RS03140']
    Key: phase, Value: ['0']
    Key: product, Value: ['phosphoglycerate dehydrogenase']
    Key: protein_id, Value: ['WP_250683050.1']
    Key: source, Value: ['Protein Homology']
    Key: transl_table, Value: ['11']

GF(phosphoglycerate dehydrogenase, 1318-2902 (-1))
type: CDS
location: [649433:649619](-)
id: cds-NBE99_RS13300
qualifiers:
    Key: ID, Value: ['cds-NBE99_RS13300']
    Key: Note, Value: ['incomplete; partial in the middle of a contig; missing C-terminus']
    Key: Ontology_term, Value: ['GO:0006457']
    Key: Parent, Value: ['gene-NBE99_RS13300']
    Key: gbkey, Value: ['CDS']
    Key: go_process, Value: ['protein folding|0006457||IEA']
    Key: inference, Value: ['COORDINATES: similar to AA sequence:RefSeq:WP_011227756.1']
    Key: locus_tag, Value: ['NBE99_RS13300']
    Key: partial, Value: ['true']
    Key: phase, Value: ['0']
    Key: product, Value: ['J domain-containing protein']
    Key: pseudo, Value: ['true']
    Key: source, Value: ['Protein Homology']
    Key: start_range, Value: ['.', '649434']
    Key: transl_table, Value: ['11']

GF(J domain-containing protein, 3761-3947 (-1))
type: CDS
location: [649671:651576](-)
id: cds-WP_250683052.1
qualifiers:
    Key: Dbxref, Value: ['GenBank:WP_250683052.1']
    Key: ID, Value: ['cds-WP_250683052.1']
    Key: Name, Value: ['WP_250683052.1']
    Key: Parent, Value: ['gene-NBE99_RS03150']
    Key: gbkey, Value: ['CDS']
    Key: inference, Value: ['COORDINATES: similar to AA sequence:RefSeq:WP_018396719.1']
    Key: locus_tag, Value: ['NBE99_RS03150']
    Key: phase, Value: ['0']
    Key: product, Value: ['RAMP superfamily CRISPR-associated protein']
    Key: protein_id, Value: ['WP_250683052.1']
    Key: source, Value: ['Protein Homology']
    Key: transl_table, Value: ['11']

GF(RAMP superfamily CRISPR-associated protein, 3999-5904 (-1))
type: CDS
location: [651588:651978](-)
id: cds-WP_250683053.1
qualifiers:
    Key: Dbxref, Value: ['GenBank:WP_250683053.1']
    Key: ID, Value: ['cds-WP_250683053.1']
    Key: Name, Value: ['WP_250683053.1']
    Key: Parent, Value: ['gene-NBE99_RS03155']
    Key: gbkey, Value: ['CDS']
    Key: inference, Value: ['COORDINATES: similar to AA sequence:RefSeq:WP_017303840.1']
    Key: locus_tag, Value: ['NBE99_RS03155']
    Key: phase, Value: ['0']
    Key: product, Value: ['hypothetical protein']
    Key: protein_id, Value: ['WP_250683053.1']
    Key: source, Value: ['Protein Homology']
    Key: transl_table, Value: ['11']

GF(None, 5916-6306 (-1))
type: CDS
location: [651980:652778](-)
id: cds-WP_250683054.1
qualifiers:
    Key: Dbxref, Value: ['GenBank:WP_250683054.1']
    Key: ID, Value: ['cds-WP_250683054.1']
    Key: Name, Value: ['WP_250683054.1']
    Key: Ontology_term, Value: ['GO:0043571', 'GO:0003674']
    Key: Parent, Value: ['gene-NBE99_RS03160']
    Key: gbkey, Value: ['CDS']
    Key: gene, Value: ['cmr4']
    Key: go_function, Value: ['molecular_function|0003674||IEA']
    Key: go_process, Value: ['maintenance of CRISPR repeat elements|0043571||IEA']
    Key: inference, Value: ['COORDINATES: similar to AA sequence:RefSeq:WP_006278124.1']
    Key: locus_tag, Value: ['NBE99_RS03160']
    Key: phase, Value: ['0']
    Key: product, Value: ['type III-B CRISPR module RAMP protein Cmr4']
    Key: protein_id, Value: ['WP_250683054.1']
    Key: source, Value: ['Protein Homology']
    Key: transl_table, Value: ['11']

GF(type III-B CRISPR module RAMP protein Cmr4, 6308-7106 (-1))
type: CDS
location: [652850:653981](-)
id: cds-WP_250683055.1
qualifiers:
    Key: Dbxref, Value: ['GenBank:WP_250683055.1']
    Key: ID, Value: ['cds-WP_250683055.1']
    Key: Name, Value: ['WP_250683055.1']
    Key: Parent, Value: ['gene-NBE99_RS03165']
    Key: gbkey, Value: ['CDS']
    Key: inference, Value: ['COORDINATES: protein motif:HMM:NF021236.3']
    Key: locus_tag, Value: ['NBE99_RS03165']
    Key: phase, Value: ['0']
    Key: product, Value: ['type III-B CRISPR module-associated protein Cmr3']
    Key: protein_id, Value: ['WP_250683055.1']
    Key: source, Value: ['Protein Homology']
    Key: transl_table, Value: ['11']

GF(type III-B CRISPR module-associated protein Cmr3, 7178-8309 (-1))
type: CDS
location: [653980:656767](-)
id: cds-WP_250683056.1
qualifiers:
    Key: Dbxref, Value: ['GenBank:WP_250683056.1']
    Key: ID, Value: ['cds-WP_250683056.1']
    Key: Name, Value: ['WP_250683056.1']
    Key: Ontology_term, Value: ['GO:0043571', 'GO:0003674']
    Key: Parent, Value: ['gene-NBE99_RS03170']
    Key: gbkey, Value: ['CDS']
    Key: gene, Value: ['cas10']
    Key: go_function, Value: ['molecular_function|0003674||IEA']
    Key: go_process, Value: ['maintenance of CRISPR repeat elements|0043571||IEA']
    Key: inference, Value: ['COORDINATES: protein motif:HMM:TIGR02577.1']
    Key: locus_tag, Value: ['NBE99_RS03170']
    Key: phase, Value: ['0']
    Key: product, Value: ['type III-B CRISPR-associated protein Cas10/Cmr2']
    Key: protein_id, Value: ['WP_250683056.1']
    Key: source, Value: ['Protein Homology']
    Key: transl_table, Value: ['11']

GF(type III-B CRISPR-associated protein Cas10/Cmr2, 8308-11095 (-1))
type: CDS
location: [656685:657012](-)
id: cds-WP_250683057.1
qualifiers:
    Key: Dbxref, Value: ['GenBank:WP_250683057.1']
    Key: ID, Value: ['cds-WP_250683057.1']
    Key: Name, Value: ['WP_250683057.1']
    Key: Parent, Value: ['gene-NBE99_RS03175']
    Key: gbkey, Value: ['CDS']
    Key: inference, Value: ['COORDINATES: ab initio prediction:GeneMarkS-2+']
    Key: locus_tag, Value: ['NBE99_RS03175']
    Key: phase, Value: ['0']
    Key: product, Value: ['hypothetical protein']
    Key: protein_id, Value: ['WP_250683057.1']
    Key: source, Value: ['GeneMarkS-2+']
    Key: transl_table, Value: ['11']

GF(None, 11013-11340 (-1))
type: CDS
location: [657662:658802](+)
id: cds-WP_250683058.1
qualifiers:
    Key: Dbxref, Value: ['GenBank:WP_250683058.1']
    Key: ID, Value: ['cds-WP_250683058.1']
    Key: Name, Value: ['WP_250683058.1']
    Key: Ontology_term, Value: ['GO:0006750', 'GO:0004357']
    Key: Parent, Value: ['gene-NBE99_RS03180']
    Key: gbkey, Value: ['CDS']
    Key: gene, Value: ['gshA']
    Key: go_function, Value: ['glutamate-cysteine ligase activity|0004357||IEA']
    Key: go_process, Value: ['glutathione biosynthetic process|0006750||IEA']
    Key: inference, Value: ['COORDINATES: similar to AA sequence:RefSeq:WP_011056177.1']
    Key: locus_tag, Value: ['NBE99_RS03180']
    Key: phase, Value: ['0']
    Key: product, Value: ['glutamate--cysteine ligase']
    Key: protein_id, Value: ['WP_250683058.1']
    Key: source, Value: ['Protein Homology']
    Key: transl_table, Value: ['11']

GF(glutamate--cysteine ligase, 11990-13130 (1))
type: CDS
location: [658804:659992](+)
id: cds-WP_250683059.1
qualifiers:
    Key: Dbxref, Value: ['GenBank:WP_250683059.1']
    Key: ID, Value: ['cds-WP_250683059.1']
    Key: Name, Value: ['WP_250683059.1']
    Key: Ontology_term, Value: ['GO:0009245', 'GO:0008915']
    Key: Parent, Value: ['gene-NBE99_RS03185']
    Key: gbkey, Value: ['CDS']
    Key: gene, Value: ['lpxB']
    Key: go_function, Value: ['lipid-A-disaccharide synthase activity|0008915||IEA']
    Key: go_process, Value: ['lipid A biosynthetic process|0009245||IEA']
    Key: inference, Value: ['COORDINATES: similar to AA sequence:RefSeq:WP_015172452.1']
    Key: locus_tag, Value: ['NBE99_RS03185']
    Key: phase, Value: ['0']
    Key: product, Value: ['lipid-A-disaccharide synthase']
    Key: protein_id, Value: ['WP_250683059.1']
    Key: source, Value: ['Protein Homology']
    Key: transl_table, Value: ['11']

GF(lipid-A-disaccharide synthase, 13132-14320 (1))
type: CDS
location: [660043:660484](-)
id: cds-WP_250683060.1
qualifiers:
    Key: Dbxref, Value: ['GenBank:WP_250683060.1']
    Key: ID, Value: ['cds-WP_250683060.1']
    Key: Name, Value: ['WP_250683060.1']
    Key: Parent, Value: ['gene-NBE99_RS03190']
    Key: gbkey, Value: ['CDS']
    Key: inference, Value: ['COORDINATES: protein motif:HMM:NF025173.3']
    Key: locus_tag, Value: ['NBE99_RS03190']
    Key: phase, Value: ['0']
    Key: product, Value: ['Spy/CpxP family protein refolding chaperone']
    Key: protein_id, Value: ['WP_250683060.1']
    Key: source, Value: ['Protein Homology']
    Key: transl_table, Value: ['11']

GF(Spy/CpxP family protein refolding chaperone, 14371-14812 (-1))
type: CDS
location: [660533:660854](-)
id: cds-WP_250683061.1
qualifiers:
    Key: Dbxref, Value: ['GenBank:WP_250683061.1']
    Key: ID, Value: ['cds-WP_250683061.1']
    Key: Name, Value: ['WP_250683061.1']
    Key: Parent, Value: ['gene-NBE99_RS03195']
    Key: gbkey, Value: ['CDS']
    Key: inference, Value: ['COORDINATES: ab initio prediction:GeneMarkS-2+']
    Key: locus_tag, Value: ['NBE99_RS03195']
    Key: phase, Value: ['0']
    Key: product, Value: ['hypothetical protein']
    Key: protein_id, Value: ['WP_250683061.1']
    Key: source, Value: ['GeneMarkS-2+']
    Key: transl_table, Value: ['11']

GF(None, 14861-15182 (-1))
type: CDS
location: [660850:661456](-)
id: cds-WP_250683062.1
qualifiers:
    Key: Dbxref, Value: ['GenBank:WP_250683062.1']
    Key: ID, Value: ['cds-WP_250683062.1']
    Key: Name, Value: ['WP_250683062.1']
    Key: Ontology_term, Value: ['GO:0006352', 'GO:0006355', 'GO:0003677', 'GO:0003700', 'GO:0016987']
    Key: Parent, Value: ['gene-NBE99_RS03200']
    Key: gbkey, Value: ['CDS']
    Key: go_function, Value: ['DNA binding|0003677||IEA', 'DNA-binding transcription factor activity|0003700||IEA', 'sigma factor activity|0016987||IEA']
    Key: go_process, Value: ['DNA-templated transcription initiation|0006352||IEA', 'regulation of DNA-templated transcription|0006355||IEA']
    Key: inference, Value: ['COORDINATES: similar to AA sequence:RefSeq:WP_011056172.1']
    Key: locus_tag, Value: ['NBE99_RS03200']
    Key: phase, Value: ['0']
    Key: product, Value: ['sigma-70 family RNA polymerase sigma factor']
    Key: protein_id, Value: ['WP_250683062.1']
    Key: source, Value: ['Protein Homology']
    Key: transl_table, Value: ['11']

GF(sigma-70 family RNA polymerase sigma factor, 15178-15784 (-1))
type: CDS
location: [661614:662274](+)
id: cds-WP_250683063.1
qualifiers:
    Key: Dbxref, Value: ['GenBank:WP_250683063.1']
    Key: ID, Value: ['cds-WP_250683063.1']
    Key: Name, Value: ['WP_250683063.1']
    Key: Ontology_term, Value: ['GO:0015031', 'GO:0005886']
    Key: Parent, Value: ['gene-NBE99_RS03205']
    Key: gbkey, Value: ['CDS']
    Key: go_component, Value: ['plasma membrane|0005886||IEA']
    Key: go_process, Value: ['protein transport|0015031||IEA']
    Key: inference, Value: ['COORDINATES: similar to AA sequence:RefSeq:WP_012626327.1']
    Key: locus_tag, Value: ['NBE99_RS03205']
    Key: phase, Value: ['0']
    Key: product, Value: ['MotA/TolQ/ExbB proton channel family protein']
    Key: protein_id, Value: ['WP_250683063.1']
    Key: source, Value: ['Protein Homology']
    Key: transl_table, Value: ['11']

GF(MotA/TolQ/ExbB proton channel family protein, 15942-16602 (1))
type: CDS
location: [662738:664334](-)
id: cds-WP_250683064.1
qualifiers:
    Key: Dbxref, Value: ['GenBank:WP_250683064.1']
    Key: ID, Value: ['cds-WP_250683064.1']
    Key: Name, Value: ['WP_250683064.1']
    Key: Ontology_term, Value: ['GO:0006096', 'GO:0046537']
    Key: Parent, Value: ['gene-NBE99_RS03210']
    Key: gbkey, Value: ['CDS']
    Key: gene, Value: ['gpmI']
    Key: go_function, Value: ['2,3-bisphosphoglycerate-independent phosphoglycerate mutase activity|0046537||IEA']
    Key: go_process, Value: ['glycolytic process|0006096||IEA']
    Key: inference, Value: ['COORDINATES: similar to AA sequence:RefSeq:WP_011056006.1']
    Key: locus_tag, Value: ['NBE99_RS03210']
    Key: phase, Value: ['0']
    Key: product, Value: ['2,3-bisphosphoglycerate-independent phosphoglycerate mutase']
    Key: protein_id, Value: ['WP_250683064.1']
    Key: source, Value: ['Protein Homology']
    Key: transl_table, Value: ['11']

GF(2,3-bisphosphoglycerate-independent phosphoglycerate mutase, 17066-18662 (-1))
[GF(50S ribosomal protein L11 methyltransferase, 410-1310 (-1)), GF(phosphoglycerate dehydrogenase, 1318-2902 (-1)), GF(J domain-containing protein, 3761-3947 (-1)), GF(RAMP superfamily CRISPR-associated protein, 3999-5904 (-1)), GF(None, 5916-6306 (-1)), GF(type III-B CRISPR module RAMP protein Cmr4, 6308-7106 (-1)), GF(type III-B CRISPR module-associated protein Cmr3, 7178-8309 (-1)), GF(type III-B CRISPR-associated protein Cas10/Cmr2, 8308-11095 (-1)), GF(None, 11013-11340 (-1)), GF(glutamate--cysteine ligase, 11990-13130 (1)), GF(lipid-A-disaccharide synthase, 13132-14320 (1)), GF(Spy/CpxP family protein refolding chaperone, 14371-14812 (-1)), GF(None, 14861-15182 (-1)), GF(sigma-70 family RNA polymerase sigma factor, 15178-15784 (-1)), GF(MotA/TolQ/ExbB proton channel family protein, 15942-16602 (1)), GF(2,3-bisphosphoglycerate-independent phosphoglycerate mutase, 17066-18662 (-1)), GF(CRISPR-Cas locus, 4000-14812 (0))]
