Cas operons file:    Unnamed: 0         Contig  ...           locus_id           sample
0           0  NZ_CP009509.1  ...  GCF_000970165.1_0  GCF_000970165.1

[1 rows x 19 columns]
The chosen contig: NZ_CP009509.1
type: CDS
location: [1616444:1617104](+)
id: cds-WP_080503125.1
qualifiers:
    Key: Dbxref, Value: ['GenBank:WP_080503125.1', 'GeneID:24850988']
    Key: ID, Value: ['cds-WP_080503125.1']
    Key: Name, Value: ['WP_080503125.1']
    Key: Parent, Value: ['gene-MSMAW_RS07000']
    Key: gbkey, Value: ['CDS']
    Key: inference, Value: ['COORDINATES: protein motif:HMM:NF012307.4']
    Key: locus_tag, Value: ['MSMAW_RS07000']
    Key: phase, Value: ['0']
    Key: product, Value: ['reverse transcriptase domain-containing protein']
    Key: protein_id, Value: ['WP_080503125.1']
    Key: source, Value: ['Protein Homology']
    Key: transl_table, Value: ['11']

GF(reverse transcriptase domain-containing protein, 3738-4398 (1))
type: CDS
location: [1617226:1617901](+)
id: cds-WP_048039899.1
qualifiers:
    Key: Dbxref, Value: ['GenBank:WP_048039899.1', 'GeneID:24850989']
    Key: ID, Value: ['cds-WP_048039899.1']
    Key: Name, Value: ['WP_048039899.1']
    Key: Parent, Value: ['gene-MSMAW_RS07005']
    Key: gbkey, Value: ['CDS']
    Key: inference, Value: ['COORDINATES: similar to AA sequence:RefSeq:WP_011035245.1']
    Key: locus_tag, Value: ['MSMAW_RS07005']
    Key: phase, Value: ['0']
    Key: product, Value: ['CRISPR-associated endonuclease Cas6']
    Key: protein_id, Value: ['WP_048039899.1']
    Key: source, Value: ['Protein Homology']
    Key: transl_table, Value: ['11']

GF(CRISPR-associated endonuclease Cas6, 4520-5195 (1))
type: CDS
location: [1618099:1618510](+)
id: cds-WP_015412052.1-2
qualifiers:
    Key: Dbxref, Value: ['GenBank:WP_015412052.1', 'GeneID:24850990']
    Key: ID, Value: ['cds-WP_015412052.1-2']
    Key: Name, Value: ['WP_015412052.1']
    Key: Ontology_term, Value: ['GO:0006313', 'GO:0004803']
    Key: Parent, Value: ['gene-MSMAW_RS07010']
    Key: gbkey, Value: ['CDS']
    Key: gene, Value: ['tnpA']
    Key: go_function, Value: ['transposase activity|0004803||IEA']
    Key: go_process, Value: ['DNA transposition|0006313||IEA']
    Key: inference, Value: ['COORDINATES: similar to AA sequence:RefSeq:WP_011033671.1']
    Key: locus_tag, Value: ['MSMAW_RS07010']
    Key: phase, Value: ['0']
    Key: product, Value: ['IS200/IS605-like element ISMma22 family transposase']
    Key: protein_id, Value: ['WP_015412052.1']
    Key: source, Value: ['Protein Homology']
    Key: transl_table, Value: ['11']

GF(IS200/IS605-like element ISMma22 family transposase, 5393-5804 (1))
type: CDS
location: [1618510:1619632](+)
id: cds-WP_011033672.1-2
qualifiers:
    Key: Dbxref, Value: ['GenBank:WP_011033672.1', 'GeneID:24850991']
    Key: ID, Value: ['cds-WP_011033672.1-2']
    Key: Name, Value: ['WP_011033672.1']
    Key: Ontology_term, Value: ['GO:0004803']
    Key: Parent, Value: ['gene-MSMAW_RS07015']
    Key: gbkey, Value: ['CDS']
    Key: go_function, Value: ['transposase activity|0004803||IEA']
    Key: inference, Value: ['COORDINATES: similar to AA sequence:RefSeq:WP_015325092.1']
    Key: locus_tag, Value: ['MSMAW_RS07015']
    Key: phase, Value: ['0']
    Key: product, Value: ['RNA-guided endonuclease TnpB family protein']
    Key: protein_id, Value: ['WP_011033672.1']
    Key: source, Value: ['Protein Homology']
    Key: transl_table, Value: ['11']

GF(RNA-guided endonuclease TnpB family protein, 5804-6926 (1))
type: CDS
location: [1619631:1620729](+)
id: cds-WP_048052928.1
qualifiers:
    Key: Dbxref, Value: ['GenBank:WP_048052928.1', 'GeneID:24850992']
    Key: ID, Value: ['cds-WP_048052928.1']
    Key: Name, Value: ['WP_048052928.1']
    Key: Ontology_term, Value: ['GO:0043571', 'GO:0003674']
    Key: Parent, Value: ['gene-MSMAW_RS07020']
    Key: gbkey, Value: ['CDS']
    Key: gene, Value: ['cmr1']
    Key: go_function, Value: ['molecular_function|0003674||IEA']
    Key: go_process, Value: ['maintenance of CRISPR repeat elements|0043571||IEA']
    Key: inference, Value: ['COORDINATES: protein motif:HMM:NF015728.4']
    Key: locus_tag, Value: ['MSMAW_RS07020']
    Key: phase, Value: ['0']
    Key: product, Value: ['type III-B CRISPR module RAMP protein Cmr1']
    Key: protein_id, Value: ['WP_048052928.1']
    Key: source, Value: ['Protein Homology']
    Key: transl_table, Value: ['11']

GF(type III-B CRISPR module RAMP protein Cmr1, 6925-8023 (1))
type: CDS
location: [1620725:1622642](+)
id: cds-WP_048039903.1
qualifiers:
    Key: Dbxref, Value: ['GenBank:WP_048039903.1', 'GeneID:24850993']
    Key: ID, Value: ['cds-WP_048039903.1']
    Key: Name, Value: ['WP_048039903.1']
    Key: Ontology_term, Value: ['GO:0043571', 'GO:0003674']
    Key: Parent, Value: ['gene-MSMAW_RS07025']
    Key: gbkey, Value: ['CDS']
    Key: gene, Value: ['cas10']
    Key: go_function, Value: ['molecular_function|0003674||IEA']
    Key: go_process, Value: ['maintenance of CRISPR repeat elements|0043571||IEA']
    Key: inference, Value: ['COORDINATES: protein motif:HMM:TIGR02577.1']
    Key: locus_tag, Value: ['MSMAW_RS07025']
    Key: phase, Value: ['0']
    Key: product, Value: ['type III-B CRISPR-associated protein Cas10/Cmr2']
    Key: protein_id, Value: ['WP_048039903.1']
    Key: source, Value: ['Protein Homology']
    Key: transl_table, Value: ['11']

GF(type III-B CRISPR-associated protein Cas10/Cmr2, 8019-9936 (1))
type: CDS
location: [1622638:1623808](+)
id: cds-WP_048039905.1
qualifiers:
    Key: Dbxref, Value: ['GenBank:WP_048039905.1', 'GeneID:24850994']
    Key: ID, Value: ['cds-WP_048039905.1']
    Key: Name, Value: ['WP_048039905.1']
    Key: Ontology_term, Value: ['GO:0043571', 'GO:0003674', 'GO:0005575']
    Key: Parent, Value: ['gene-MSMAW_RS07030']
    Key: gbkey, Value: ['CDS']
    Key: gene, Value: ['cmr3']
    Key: go_component, Value: ['cellular_component|0005575||IEA']
    Key: go_function, Value: ['molecular_function|0003674||IEA']
    Key: go_process, Value: ['maintenance of CRISPR repeat elements|0043571||IEA']
    Key: inference, Value: ['COORDINATES: protein motif:HMM:TIGR01888.1']
    Key: locus_tag, Value: ['MSMAW_RS07030']
    Key: phase, Value: ['0']
    Key: product, Value: ['type III-B CRISPR module-associated protein Cmr3']
    Key: protein_id, Value: ['WP_048039905.1']
    Key: source, Value: ['Protein Homology']
    Key: transl_table, Value: ['11']

GF(type III-B CRISPR module-associated protein Cmr3, 9932-11102 (1))
type: CDS
location: [1623809:1624784](+)
id: cds-WP_048047720.1
qualifiers:
    Key: Dbxref, Value: ['GenBank:WP_048047720.1', 'GeneID:24850995']
    Key: ID, Value: ['cds-WP_048047720.1']
    Key: Name, Value: ['WP_048047720.1']
    Key: Ontology_term, Value: ['GO:0043571', 'GO:0003674']
    Key: Parent, Value: ['gene-MSMAW_RS07035']
    Key: gbkey, Value: ['CDS']
    Key: gene, Value: ['cmr4']
    Key: go_function, Value: ['molecular_function|0003674||IEA']
    Key: go_process, Value: ['maintenance of CRISPR repeat elements|0043571||IEA']
    Key: inference, Value: ['COORDINATES: protein motif:HMM:TIGR02580.1']
    Key: locus_tag, Value: ['MSMAW_RS07035']
    Key: phase, Value: ['0']
    Key: product, Value: ['type III-B CRISPR module RAMP protein Cmr4']
    Key: protein_id, Value: ['WP_048047720.1']
    Key: source, Value: ['Protein Homology']
    Key: transl_table, Value: ['11']

GF(type III-B CRISPR module RAMP protein Cmr4, 11103-12078 (1))
type: CDS
location: [1624796:1625207](+)
id: cds-WP_048039908.1
qualifiers:
    Key: Dbxref, Value: ['GenBank:WP_048039908.1', 'GeneID:24850996']
    Key: ID, Value: ['cds-WP_048039908.1']
    Key: Name, Value: ['WP_048039908.1']
    Key: Ontology_term, Value: ['GO:0043571', 'GO:0003674']
    Key: Parent, Value: ['gene-MSMAW_RS07040']
    Key: gbkey, Value: ['CDS']
    Key: gene, Value: ['cmr5']
    Key: go_function, Value: ['molecular_function|0003674||IEA']
    Key: go_process, Value: ['maintenance of CRISPR repeat elements|0043571||IEA']
    Key: inference, Value: ['COORDINATES: protein motif:HMM:TIGR01881.1']
    Key: locus_tag, Value: ['MSMAW_RS07040']
    Key: phase, Value: ['0']
    Key: product, Value: ['type III-B CRISPR module-associated protein Cmr5']
    Key: protein_id, Value: ['WP_048039908.1']
    Key: source, Value: ['Protein Homology']
    Key: transl_table, Value: ['11']

GF(type III-B CRISPR module-associated protein Cmr5, 12090-12501 (1))
type: CDS
location: [1625209:1626034](+)
id: cds-WP_052716861.1
qualifiers:
    Key: Dbxref, Value: ['GenBank:WP_052716861.1', 'GeneID:24850997']
    Key: ID, Value: ['cds-WP_052716861.1']
    Key: Name, Value: ['WP_052716861.1']
    Key: Ontology_term, Value: ['GO:0043571', 'GO:0003674']
    Key: Parent, Value: ['gene-MSMAW_RS07045']
    Key: gbkey, Value: ['CDS']
    Key: gene, Value: ['cmr6']
    Key: go_function, Value: ['molecular_function|0003674||IEA']
    Key: go_process, Value: ['maintenance of CRISPR repeat elements|0043571||IEA']
    Key: inference, Value: ['COORDINATES: protein motif:HMM:TIGR01898.1']
    Key: locus_tag, Value: ['MSMAW_RS07045']
    Key: phase, Value: ['0']
    Key: product, Value: ['type III-B CRISPR module RAMP protein Cmr6']
    Key: protein_id, Value: ['WP_052716861.1']
    Key: source, Value: ['Protein Homology']
    Key: transl_table, Value: ['11']

GF(type III-B CRISPR module RAMP protein Cmr6, 12503-13328 (1))
type: CDS
location: [1626046:1626874](+)
id: cds-WP_048039910.1
qualifiers:
    Key: Dbxref, Value: ['GenBank:WP_048039910.1', 'GeneID:24850998']
    Key: ID, Value: ['cds-WP_048039910.1']
    Key: Name, Value: ['WP_048039910.1']
    Key: Ontology_term, Value: ['GO:0043571', 'GO:0003674']
    Key: Parent, Value: ['gene-MSMAW_RS07050']
    Key: gbkey, Value: ['CDS']
    Key: go_function, Value: ['molecular_function|0003674||IEA']
    Key: go_process, Value: ['maintenance of CRISPR repeat elements|0043571||IEA']
    Key: inference, Value: ['COORDINATES: protein motif:HMM:TIGR02619.1']
    Key: locus_tag, Value: ['MSMAW_RS07050']
    Key: phase, Value: ['0']
    Key: product, Value: ['putative CRISPR-associated protein']
    Key: protein_id, Value: ['WP_048039910.1']
    Key: source, Value: ['Protein Homology']
    Key: transl_table, Value: ['11']

GF(putative CRISPR-associated protein, 13340-14168 (1))
type: CDS
location: [1626884:1627817](+)
id: cds-WP_048039912.1
qualifiers:
    Key: Dbxref, Value: ['GenBank:WP_048039912.1', 'GeneID:24850999']
    Key: ID, Value: ['cds-WP_048039912.1']
    Key: Name, Value: ['WP_048039912.1']
    Key: Parent, Value: ['gene-MSMAW_RS07055']
    Key: gbkey, Value: ['CDS']
    Key: inference, Value: ['COORDINATES: ab initio prediction:GeneMarkS-2+']
    Key: locus_tag, Value: ['MSMAW_RS07055']
    Key: phase, Value: ['0']
    Key: product, Value: ['hypothetical protein']
    Key: protein_id, Value: ['WP_048039912.1']
    Key: source, Value: ['GeneMarkS-2+']
    Key: transl_table, Value: ['11']

GF(None, 14178-15111 (1))
type: CDS
location: [1628116:1629031](+)
id: cds-WP_080925755.1
qualifiers:
    Key: Dbxref, Value: ['GenBank:WP_080925755.1', 'GeneID:24851000']
    Key: ID, Value: ['cds-WP_080925755.1']
    Key: Name, Value: ['WP_080925755.1']
    Key: Ontology_term, Value: ['GO:0046872']
    Key: Parent, Value: ['gene-MSMAW_RS07060']
    Key: gbkey, Value: ['CDS']
    Key: go_function, Value: ['metal ion binding|0046872||IEA']
    Key: inference, Value: ['COORDINATES: similar to AA sequence:RefSeq:WP_011021919.1']
    Key: locus_tag, Value: ['MSMAW_RS07060']
    Key: phase, Value: ['0']
    Key: product, Value: ['SEC-C metal-binding domain-containing protein']
    Key: protein_id, Value: ['WP_080925755.1']
    Key: source, Value: ['Protein Homology']
    Key: transl_table, Value: ['11']

GF(SEC-C metal-binding domain-containing protein, 15410-16325 (1))
type: CDS
location: [1629848:1630415](+)
id: cds-WP_015413251.1
qualifiers:
    Key: Dbxref, Value: ['GenBank:WP_015413251.1', 'GeneID:24851001']
    Key: ID, Value: ['cds-WP_015413251.1']
    Key: Name, Value: ['WP_015413251.1']
    Key: Parent, Value: ['gene-MSMAW_RS07065']
    Key: gbkey, Value: ['CDS']
    Key: inference, Value: ['COORDINATES: similar to AA sequence:RefSeq:WP_011035236.1']
    Key: locus_tag, Value: ['MSMAW_RS07065']
    Key: phase, Value: ['0']
    Key: product, Value: ['plasmid pRiA4b ORF-3 family protein']
    Key: protein_id, Value: ['WP_015413251.1']
    Key: source, Value: ['Protein Homology']
    Key: transl_table, Value: ['11']

GF(plasmid pRiA4b ORF-3 family protein, 17142-17709 (1))
type: CDS
location: [1630690:1630888](+)
id: cds-WP_011035235.1
qualifiers:
    Key: Dbxref, Value: ['GenBank:WP_011035235.1', 'GeneID:68903340']
    Key: ID, Value: ['cds-WP_011035235.1']
    Key: Name, Value: ['WP_011035235.1']
    Key: Parent, Value: ['gene-MSMAW_RS19005']
    Key: gbkey, Value: ['CDS']
    Key: inference, Value: ['COORDINATES: ab initio prediction:GeneMarkS-2+']
    Key: locus_tag, Value: ['MSMAW_RS19005']
    Key: phase, Value: ['0']
    Key: product, Value: ['hypothetical protein']
    Key: protein_id, Value: ['WP_011035235.1']
    Key: source, Value: ['GeneMarkS-2+']
    Key: transl_table, Value: ['11']

GF(None, 17984-18182 (1))
type: CDS
location: [1630884:1631034](+)
id: cds-WP_200895160.1
qualifiers:
    Key: Dbxref, Value: ['GenBank:WP_200895160.1', 'GeneID:68903341']
    Key: ID, Value: ['cds-WP_200895160.1']
    Key: Name, Value: ['WP_200895160.1']
    Key: Parent, Value: ['gene-MSMAW_RS19010']
    Key: gbkey, Value: ['CDS']
    Key: inference, Value: ['COORDINATES: ab initio prediction:GeneMarkS-2+']
    Key: locus_tag, Value: ['MSMAW_RS19010']
    Key: phase, Value: ['0']
    Key: product, Value: ['hypothetical protein']
    Key: protein_id, Value: ['WP_200895160.1']
    Key: source, Value: ['GeneMarkS-2+']
    Key: transl_table, Value: ['11']

GF(None, 18178-18328 (1))
type: CDS
location: [1631066:1631246](+)
id: cds-WP_011035234.1
qualifiers:
    Key: Dbxref, Value: ['GenBank:WP_011035234.1', 'GeneID:68903342']
    Key: ID, Value: ['cds-WP_011035234.1']
    Key: Name, Value: ['WP_011035234.1']
    Key: Parent, Value: ['gene-MSMAW_RS19015']
    Key: gbkey, Value: ['CDS']
    Key: inference, Value: ['COORDINATES: ab initio prediction:GeneMarkS-2+']
    Key: locus_tag, Value: ['MSMAW_RS19015']
    Key: phase, Value: ['0']
    Key: product, Value: ['hypothetical protein']
    Key: protein_id, Value: ['WP_011035234.1']
    Key: source, Value: ['GeneMarkS-2+']
    Key: transl_table, Value: ['11']

GF(None, 18360-18540 (1))
graphic feature from validated effectors: GF(cam3, 14179-15111 (1))
graphic feature from known effectors: GF(cami1, 13341-14168 (1))
[GF(reverse transcriptase domain-containing protein, 3738-4398 (1)), GF(CRISPR-associated endonuclease Cas6, 4520-5195 (1)), GF(IS200/IS605-like element ISMma22 family transposase, 5393-5804 (1)), GF(RNA-guided endonuclease TnpB family protein, 5804-6926 (1)), GF(type III-B CRISPR module RAMP protein Cmr1, 6925-8023 (1)), GF(type III-B CRISPR-associated protein Cas10/Cmr2, 8019-9936 (1)), GF(type III-B CRISPR module-associated protein Cmr3, 9932-11102 (1)), GF(type III-B CRISPR module RAMP protein Cmr4, 11103-12078 (1)), GF(type III-B CRISPR module-associated protein Cmr5, 12090-12501 (1)), GF(type III-B CRISPR module RAMP protein Cmr6, 12503-13328 (1)), GF(putative CRISPR-associated protein, 13340-14168 (1)), GF(None, 14178-15111 (1)), GF(SEC-C metal-binding domain-containing protein, 15410-16325 (1)), GF(plasmid pRiA4b ORF-3 family protein, 17142-17709 (1)), GF(None, 17984-18182 (1)), GF(None, 18178-18328 (1)), GF(None, 18360-18540 (1)), GF(cam3, 14179-15111 (1)), GF(cami1, 13341-14168 (1)), GF(CRISPR-Cas locus, 4000-15111 (0))]
