Cas operons file:    Unnamed: 0         Contig  ...           locus_id           sample
0           4  NZ_AP024597.1  ...  GCF_019704315.1_4  GCF_019704315.1

[1 rows x 19 columns]
The chosen contig: NZ_AP024597.1
type: CDS
location: [1492964:1493564](+)
id: cds-WP_221286524.1
qualifiers:
    Key: Dbxref, Value: ['GenBank:WP_221286524.1', 'GeneID:66163135']
    Key: ID, Value: ['cds-WP_221286524.1']
    Key: Name, Value: ['WP_221286524.1']
    Key: Ontology_term, Value: ['GO:0008168']
    Key: Parent, Value: ['gene-KN1_RS06870']
    Key: gbkey, Value: ['CDS']
    Key: go_function, Value: ['methyltransferase activity|0008168||IEA']
    Key: inference, Value: ['COORDINATES: similar to AA sequence:RefSeq:WP_010979206.1']
    Key: locus_tag, Value: ['KN1_RS06870']
    Key: phase, Value: ['0']
    Key: product, Value: ['isoprenylcysteine carboxylmethyltransferase family protein']
    Key: protein_id, Value: ['WP_221286524.1']
    Key: source, Value: ['Protein Homology']
    Key: transl_table, Value: ['11']

GF(isoprenylcysteine carboxylmethyltransferase family protein, 341-941 (1))
type: CDS
location: [1494238:1495354](-)
id: cds-WP_221286526.1
qualifiers:
    Key: Dbxref, Value: ['GenBank:WP_221286526.1', 'GeneID:66163136']
    Key: ID, Value: ['cds-WP_221286526.1']
    Key: Name, Value: ['WP_221286526.1']
    Key: Parent, Value: ['gene-KN1_RS06875']
    Key: gbkey, Value: ['CDS']
    Key: inference, Value: ['COORDINATES: ab initio prediction:GeneMarkS-2+']
    Key: locus_tag, Value: ['KN1_RS06875']
    Key: phase, Value: ['0']
    Key: product, Value: ['hypothetical protein']
    Key: protein_id, Value: ['WP_221286526.1']
    Key: source, Value: ['GeneMarkS-2+']
    Key: transl_table, Value: ['11']

GF(None, 1615-2731 (-1))
type: CDS
location: [1495507:1496353](-)
id: cds-WP_221286527.1
qualifiers:
    Key: Dbxref, Value: ['GenBank:WP_221286527.1', 'GeneID:66163137']
    Key: ID, Value: ['cds-WP_221286527.1']
    Key: Name, Value: ['WP_221286527.1']
    Key: Parent, Value: ['gene-KN1_RS06880']
    Key: gbkey, Value: ['CDS']
    Key: inference, Value: ['COORDINATES: ab initio prediction:GeneMarkS-2+']
    Key: locus_tag, Value: ['KN1_RS06880']
    Key: phase, Value: ['0']
    Key: product, Value: ['hypothetical protein']
    Key: protein_id, Value: ['WP_221286527.1']
    Key: source, Value: ['GeneMarkS-2+']
    Key: transl_table, Value: ['11']

GF(None, 2884-3730 (-1))
type: CDS
location: [1496622:1498071](+)
id: cds-WP_221286528.1
qualifiers:
    Key: Dbxref, Value: ['GenBank:WP_221286528.1', 'GeneID:66163138']
    Key: ID, Value: ['cds-WP_221286528.1']
    Key: Name, Value: ['WP_221286528.1']
    Key: Parent, Value: ['gene-KN1_RS06885']
    Key: gbkey, Value: ['CDS']
    Key: inference, Value: ['COORDINATES: protein motif:HMM:NF021006.4']
    Key: locus_tag, Value: ['KN1_RS06885']
    Key: phase, Value: ['0']
    Key: product, Value: ['TM1812 family CRISPR-associated protein']
    Key: protein_id, Value: ['WP_221286528.1']
    Key: source, Value: ['Protein Homology']
    Key: transl_table, Value: ['11']

GF(TM1812 family CRISPR-associated protein, 3999-5448 (1))
type: CDS
location: [1498249:1499377](+)
id: cds-WP_221286529.1
qualifiers:
    Key: Dbxref, Value: ['GenBank:WP_221286529.1', 'GeneID:66163139']
    Key: ID, Value: ['cds-WP_221286529.1']
    Key: Name, Value: ['WP_221286529.1']
    Key: Parent, Value: ['gene-KN1_RS06890']
    Key: gbkey, Value: ['CDS']
    Key: inference, Value: ['COORDINATES: ab initio prediction:GeneMarkS-2+']
    Key: locus_tag, Value: ['KN1_RS06890']
    Key: phase, Value: ['0']
    Key: product, Value: ['hypothetical protein']
    Key: protein_id, Value: ['WP_221286529.1']
    Key: source, Value: ['GeneMarkS-2+']
    Key: transl_table, Value: ['11']

GF(None, 5626-6754 (1))
type: CDS
location: [1499564:1499696](+)
id: cds-WP_258712494.1
qualifiers:
    Key: Dbxref, Value: ['GenBank:WP_258712494.1', 'GeneID:74631444']
    Key: ID, Value: ['cds-WP_258712494.1']
    Key: Name, Value: ['WP_258712494.1']
    Key: Parent, Value: ['gene-KN1_RS14970']
    Key: gbkey, Value: ['CDS']
    Key: inference, Value: ['COORDINATES: ab initio prediction:GeneMarkS-2+']
    Key: locus_tag, Value: ['KN1_RS14970']
    Key: phase, Value: ['0']
    Key: product, Value: ['hypothetical protein']
    Key: protein_id, Value: ['WP_258712494.1']
    Key: source, Value: ['GeneMarkS-2+']
    Key: transl_table, Value: ['11']

GF(None, 6941-7073 (1))
type: CDS
location: [1499917:1500613](-)
id: cds-WP_221286530.1
qualifiers:
    Key: Dbxref, Value: ['GenBank:WP_221286530.1', 'GeneID:66163140']
    Key: ID, Value: ['cds-WP_221286530.1']
    Key: Name, Value: ['WP_221286530.1']
    Key: Parent, Value: ['gene-KN1_RS06895']
    Key: gbkey, Value: ['CDS']
    Key: inference, Value: ['COORDINATES: similar to AA sequence:RefSeq:WP_012713182.1']
    Key: locus_tag, Value: ['KN1_RS06895']
    Key: phase, Value: ['0']
    Key: product, Value: ['RAMP superfamily CRISPR-associated protein']
    Key: protein_id, Value: ['WP_221286530.1']
    Key: source, Value: ['Protein Homology']
    Key: transl_table, Value: ['11']

GF(RAMP superfamily CRISPR-associated protein, 7294-7990 (-1))
type: CDS
location: [1500612:1501548](-)
id: cds-WP_221286531.1
qualifiers:
    Key: Dbxref, Value: ['GenBank:WP_221286531.1', 'GeneID:66163141']
    Key: ID, Value: ['cds-WP_221286531.1']
    Key: Name, Value: ['WP_221286531.1']
    Key: Parent, Value: ['gene-KN1_RS06900']
    Key: gbkey, Value: ['CDS']
    Key: inference, Value: ['COORDINATES: similar to AA sequence:RefSeq:WP_011278842.1']
    Key: locus_tag, Value: ['KN1_RS06900']
    Key: phase, Value: ['0']
    Key: product, Value: ['hypothetical protein']
    Key: protein_id, Value: ['WP_221286531.1']
    Key: source, Value: ['Protein Homology']
    Key: transl_table, Value: ['11']

GF(None, 7989-8925 (-1))
type: CDS
location: [1501549:1502161](-)
id: cds-WP_221286532.1
qualifiers:
    Key: Dbxref, Value: ['GenBank:WP_221286532.1', 'GeneID:66163142']
    Key: ID, Value: ['cds-WP_221286532.1']
    Key: Name, Value: ['WP_221286532.1']
    Key: Parent, Value: ['gene-KN1_RS06905']
    Key: gbkey, Value: ['CDS']
    Key: inference, Value: ['COORDINATES: similar to AA sequence:RefSeq:WP_010977943.1']
    Key: locus_tag, Value: ['KN1_RS06905']
    Key: phase, Value: ['0']
    Key: product, Value: ['RAMP superfamily CRISPR-associated protein']
    Key: protein_id, Value: ['WP_221286532.1']
    Key: source, Value: ['Protein Homology']
    Key: transl_table, Value: ['11']

GF(RAMP superfamily CRISPR-associated protein, 8926-9538 (-1))
type: CDS
location: [1502160:1504812](-)
id: cds-WP_221286533.1
qualifiers:
    Key: Dbxref, Value: ['GenBank:WP_221286533.1', 'GeneID:66163143']
    Key: ID, Value: ['cds-WP_221286533.1']
    Key: Name, Value: ['WP_221286533.1']
    Key: Parent, Value: ['gene-KN1_RS06910']
    Key: gbkey, Value: ['CDS']
    Key: inference, Value: ['COORDINATES: similar to AA sequence:RefSeq:WP_010977942.1']
    Key: locus_tag, Value: ['KN1_RS06910']
    Key: phase, Value: ['0']
    Key: product, Value: ['HD domain-containing protein']
    Key: protein_id, Value: ['WP_221286533.1']
    Key: source, Value: ['Protein Homology']
    Key: transl_table, Value: ['11']

GF(HD domain-containing protein, 9537-12189 (-1))
type: CDS
location: [1504795:1504972](-)
id: cds-WP_221286534.1
qualifiers:
    Key: Dbxref, Value: ['GenBank:WP_221286534.1', 'GeneID:66163144']
    Key: ID, Value: ['cds-WP_221286534.1']
    Key: Name, Value: ['WP_221286534.1']
    Key: Parent, Value: ['gene-KN1_RS06915']
    Key: gbkey, Value: ['CDS']
    Key: inference, Value: ['COORDINATES: ab initio prediction:GeneMarkS-2+']
    Key: locus_tag, Value: ['KN1_RS06915']
    Key: phase, Value: ['0']
    Key: product, Value: ['hypothetical protein']
    Key: protein_id, Value: ['WP_221286534.1']
    Key: source, Value: ['GeneMarkS-2+']
    Key: transl_table, Value: ['11']

GF(None, 12172-12349 (-1))
type: CDS
location: [1504974:1505775](-)
id: cds-WP_221286535.1
qualifiers:
    Key: Dbxref, Value: ['GenBank:WP_221286535.1', 'GeneID:66163145']
    Key: ID, Value: ['cds-WP_221286535.1']
    Key: Name, Value: ['WP_221286535.1']
    Key: Parent, Value: ['gene-KN1_RS06920']
    Key: gbkey, Value: ['CDS']
    Key: inference, Value: ['COORDINATES: similar to AA sequence:RefSeq:WP_012718665.1']
    Key: locus_tag, Value: ['KN1_RS06920']
    Key: phase, Value: ['0']
    Key: product, Value: ['RAMP superfamily CRISPR-associated protein']
    Key: protein_id, Value: ['WP_221286535.1']
    Key: source, Value: ['Protein Homology']
    Key: transl_table, Value: ['11']

GF(RAMP superfamily CRISPR-associated protein, 12351-13152 (-1))
type: CDS
location: [1505746:1506583](-)
id: cds-WP_221286537.1
qualifiers:
    Key: Dbxref, Value: ['GenBank:WP_221286537.1', 'GeneID:66163146']
    Key: ID, Value: ['cds-WP_221286537.1']
    Key: Name, Value: ['WP_221286537.1']
    Key: Ontology_term, Value: ['GO:0043571', 'GO:0003674']
    Key: Parent, Value: ['gene-KN1_RS06925']
    Key: gbkey, Value: ['CDS']
    Key: gene, Value: ['csx7']
    Key: go_function, Value: ['molecular_function|0003674||IEA']
    Key: go_process, Value: ['maintenance of CRISPR repeat elements|0043571||IEA']
    Key: inference, Value: ['COORDINATES: similar to AA sequence:RefSeq:WP_012713177.1']
    Key: locus_tag, Value: ['KN1_RS06925']
    Key: phase, Value: ['0']
    Key: product, Value: ['CRISPR-associated RAMP protein Csx7']
    Key: protein_id, Value: ['WP_221286537.1']
    Key: source, Value: ['Protein Homology']
    Key: transl_table, Value: ['11']

GF(CRISPR-associated RAMP protein Csx7, 13123-13960 (-1))
type: CDS
location: [1506576:1507311](-)
id: cds-WP_221286538.1
qualifiers:
    Key: Dbxref, Value: ['GenBank:WP_221286538.1', 'GeneID:66163147']
    Key: ID, Value: ['cds-WP_221286538.1']
    Key: Name, Value: ['WP_221286538.1']
    Key: Ontology_term, Value: ['GO:0043571', 'GO:0003674']
    Key: Parent, Value: ['gene-KN1_RS06930']
    Key: gbkey, Value: ['CDS']
    Key: gene, Value: ['csx7']
    Key: go_function, Value: ['molecular_function|0003674||IEA']
    Key: go_process, Value: ['maintenance of CRISPR repeat elements|0043571||IEA']
    Key: inference, Value: ['COORDINATES: similar to AA sequence:RefSeq:WP_010977938.1']
    Key: locus_tag, Value: ['KN1_RS06930']
    Key: phase, Value: ['0']
    Key: product, Value: ['CRISPR-associated RAMP protein Csx7']
    Key: protein_id, Value: ['WP_221286538.1']
    Key: source, Value: ['Protein Homology']
    Key: transl_table, Value: ['11']

GF(CRISPR-associated RAMP protein Csx7, 13953-14688 (-1))
type: CDS
location: [1507312:1507726](-)
id: cds-WP_221286540.1
qualifiers:
    Key: Dbxref, Value: ['GenBank:WP_221286540.1', 'GeneID:66163148']
    Key: ID, Value: ['cds-WP_221286540.1']
    Key: Name, Value: ['WP_221286540.1']
    Key: Parent, Value: ['gene-KN1_RS06935']
    Key: gbkey, Value: ['CDS']
    Key: inference, Value: ['COORDINATES: similar to AA sequence:RefSeq:WP_012713175.1']
    Key: locus_tag, Value: ['KN1_RS06935']
    Key: phase, Value: ['0']
    Key: product, Value: ['hypothetical protein']
    Key: protein_id, Value: ['WP_221286540.1']
    Key: source, Value: ['Protein Homology']
    Key: transl_table, Value: ['11']

GF(None, 14689-15103 (-1))
type: CDS
location: [1507951:1508188](+)
id: cds-WP_221286542.1
qualifiers:
    Key: Dbxref, Value: ['GenBank:WP_221286542.1', 'GeneID:66163149']
    Key: ID, Value: ['cds-WP_221286542.1']
    Key: Name, Value: ['WP_221286542.1']
    Key: Parent, Value: ['gene-KN1_RS06940']
    Key: gbkey, Value: ['CDS']
    Key: inference, Value: ['COORDINATES: similar to AA sequence:RefSeq:WP_013776403.1']
    Key: locus_tag, Value: ['KN1_RS06940']
    Key: phase, Value: ['0']
    Key: product, Value: ['AbrB/MazE/SpoVT family DNA-binding domain-containing protein']
    Key: protein_id, Value: ['WP_221286542.1']
    Key: source, Value: ['Protein Homology']
    Key: transl_table, Value: ['11']

GF(AbrB/MazE/SpoVT family DNA-binding domain-containing protein, 15328-15565 (1))
type: CDS
location: [1508147:1508534](+)
id: cds-WP_225905614.1
qualifiers:
    Key: Dbxref, Value: ['GenBank:WP_225905614.1', 'GeneID:66163150']
    Key: ID, Value: ['cds-WP_225905614.1']
    Key: Name, Value: ['WP_225905614.1']
    Key: Parent, Value: ['gene-KN1_RS06945']
    Key: gbkey, Value: ['CDS']
    Key: inference, Value: ['COORDINATES: similar to AA sequence:RefSeq:WP_013776404.1']
    Key: locus_tag, Value: ['KN1_RS06945']
    Key: phase, Value: ['0']
    Key: product, Value: ['PIN domain-containing protein']
    Key: protein_id, Value: ['WP_225905614.1']
    Key: source, Value: ['Protein Homology']
    Key: transl_table, Value: ['11']

GF(PIN domain-containing protein, 15524-15911 (1))
type: CDS
location: [1508886:1509582](+)
id: cds-WP_221286544.1
qualifiers:
    Key: Dbxref, Value: ['GenBank:WP_221286544.1', 'GeneID:66163151']
    Key: ID, Value: ['cds-WP_221286544.1']
    Key: Name, Value: ['WP_221286544.1']
    Key: Parent, Value: ['gene-KN1_RS06950']
    Key: gbkey, Value: ['CDS']
    Key: inference, Value: ['COORDINATES: ab initio prediction:GeneMarkS-2+']
    Key: locus_tag, Value: ['KN1_RS06950']
    Key: phase, Value: ['0']
    Key: product, Value: ['hypothetical protein']
    Key: protein_id, Value: ['WP_221286544.1']
    Key: source, Value: ['GeneMarkS-2+']
    Key: transl_table, Value: ['11']

GF(None, 16263-16959 (1))
type: CDS
location: [1509562:1510261](+)
id: cds-WP_225905615.1
qualifiers:
    Key: Dbxref, Value: ['GenBank:WP_225905615.1', 'GeneID:66163152']
    Key: ID, Value: ['cds-WP_225905615.1']
    Key: Name, Value: ['WP_225905615.1']
    Key: Parent, Value: ['gene-KN1_RS06955']
    Key: gbkey, Value: ['CDS']
    Key: inference, Value: ['COORDINATES: similar to AA sequence:RefSeq:WP_012713172.1']
    Key: locus_tag, Value: ['KN1_RS06955']
    Key: phase, Value: ['0']
    Key: product, Value: ['CRISPR-associated endoribonuclease Cas6']
    Key: protein_id, Value: ['WP_225905615.1']
    Key: source, Value: ['Protein Homology']
    Key: transl_table, Value: ['11']

GF(CRISPR-associated endoribonuclease Cas6, 16939-17638 (1))
type: CDS
location: [1510261:1510582](+)
id: cds-WP_221286545.1
qualifiers:
    Key: Dbxref, Value: ['GenBank:WP_221286545.1', 'GeneID:66163153']
    Key: ID, Value: ['cds-WP_221286545.1']
    Key: Name, Value: ['WP_221286545.1']
    Key: Parent, Value: ['gene-KN1_RS06960']
    Key: gbkey, Value: ['CDS']
    Key: inference, Value: ['COORDINATES: protein motif:HMM:NF025280.4']
    Key: locus_tag, Value: ['KN1_RS06960']
    Key: phase, Value: ['0']
    Key: product, Value: ['C2H2-type zinc finger protein']
    Key: protein_id, Value: ['WP_221286545.1']
    Key: source, Value: ['Protein Homology']
    Key: transl_table, Value: ['11']

GF(C2H2-type zinc finger protein, 17638-17959 (1))
graphic feature from cctyper protein table: GF(Csx1, 4000-5448 (1))
graphic feature from cctyper protein table: GF(Csm3gr7, 7295-7990 (-1))
graphic feature from cctyper protein table: GF(Csx10gr5, 7990-8925 (-1))
graphic feature from cctyper protein table: GF(Csm3gr7, 8927-9538 (-1))
graphic feature from cctyper protein table: GF(Cas10, 9538-12189 (-1))
graphic feature from cctyper protein table: GF(Csm3gr7, 12352-13152 (-1))
graphic feature from cctyper protein table: GF(Csm3gr7, 13124-13960 (-1))
graphic feature from cctyper protein table: GF(Csm3gr7, 13954-14688 (-1))
graphic feature from cctyper protein table: GF(Csm2gr11, 14690-15103 (-1))
Index(['protein_id', 'start', 'end', 'effector', 'locus', 'sample', 'strand',
       'sequence'],
      dtype='object')
Index(['protein_id', 'start', 'end', 'effector', 'locus', 'sample', 'strand',
       'sequence'],
      dtype='object')
[GF(isoprenylcysteine carboxylmethyltransferase family protein, 341-941 (1)), GF(None, 1615-2731 (-1)), GF(None, 2884-3730 (-1)), GF(TM1812 family CRISPR-associated protein, 3999-5448 (1)), GF(None, 5626-6754 (1)), GF(None, 6941-7073 (1)), GF(RAMP superfamily CRISPR-associated protein, 7294-7990 (-1)), GF(None, 7989-8925 (-1)), GF(RAMP superfamily CRISPR-associated protein, 8926-9538 (-1)), GF(HD domain-containing protein, 9537-12189 (-1)), GF(None, 12172-12349 (-1)), GF(RAMP superfamily CRISPR-associated protein, 12351-13152 (-1)), GF(CRISPR-associated RAMP protein Csx7, 13123-13960 (-1)), GF(CRISPR-associated RAMP protein Csx7, 13953-14688 (-1)), GF(None, 14689-15103 (-1)), GF(AbrB/MazE/SpoVT family DNA-binding domain-containing protein, 15328-15565 (1)), GF(PIN domain-containing protein, 15524-15911 (1)), GF(None, 16263-16959 (1)), GF(CRISPR-associated endoribonuclease Cas6, 16939-17638 (1)), GF(C2H2-type zinc finger protein, 17638-17959 (1)), GF(Csx1, 4000-5448 (1)), GF(Csm3gr7, 7295-7990 (-1)), GF(Csx10gr5, 7990-8925 (-1)), GF(Csm3gr7, 8927-9538 (-1)), GF(Cas10, 9538-12189 (-1)), GF(Csm3gr7, 12352-13152 (-1)), GF(Csm3gr7, 13124-13960 (-1)), GF(Csm3gr7, 13954-14688 (-1)), GF(Csm2gr11, 14690-15103 (-1)), GF(CRISPR-Cas locus, 4000-15103 (0))]
