Cas operons file:    Unnamed: 0         Contig  ...           locus_id           sample
0           0  NZ_CP025197.1  ...  GCF_002844395.1_0  GCF_002844395.1

[1 rows x 19 columns]
The chosen contig: NZ_CP025197.1
type: CDS
location: [1099427:1099691](-)
id: cds-WP_101299766.1
qualifiers:
    Key: Dbxref, Value: ['GenBank:WP_101299766.1']
    Key: ID, Value: ['cds-WP_101299766.1']
    Key: Name, Value: ['WP_101299766.1']
    Key: Ontology_term, Value: ['GO:0043571', 'GO:0004521']
    Key: Parent, Value: ['gene-HVS_RS04950']
    Key: gbkey, Value: ['CDS']
    Key: gene, Value: ['cas2']
    Key: go_function, Value: ['endoribonuclease activity|0004521||IEA']
    Key: go_process, Value: ['maintenance of CRISPR repeat elements|0043571||IEA']
    Key: inference, Value: ['COORDINATES: similar to AA sequence:RefSeq:WP_003513463.1']
    Key: locus_tag, Value: ['HVS_RS04950']
    Key: phase, Value: ['0']
    Key: product, Value: ['CRISPR-associated endonuclease Cas2']
    Key: protein_id, Value: ['WP_101299766.1']
    Key: source, Value: ['Protein Homology']
    Key: transl_table, Value: ['11']

GF(CRISPR-associated endonuclease Cas2, 3999-4263 (-1))
type: CDS
location: [1099668:1099884](-)
id: cds-WP_159063396.1
qualifiers:
    Key: Dbxref, Value: ['GenBank:WP_159063396.1']
    Key: ID, Value: ['cds-WP_159063396.1']
    Key: Name, Value: ['WP_159063396.1']
    Key: Parent, Value: ['gene-HVS_RS04955']
    Key: gbkey, Value: ['CDS']
    Key: inference, Value: ['COORDINATES: ab initio prediction:GeneMarkS-2+']
    Key: locus_tag, Value: ['HVS_RS04955']
    Key: phase, Value: ['0']
    Key: product, Value: ['hypothetical protein']
    Key: protein_id, Value: ['WP_159063396.1']
    Key: source, Value: ['GeneMarkS-2+']
    Key: transl_table, Value: ['11']

GF(None, 4240-4456 (-1))
type: CDS
location: [1099892:1100885](-)
id: cds-WP_101299770.1
qualifiers:
    Key: Dbxref, Value: ['GenBank:WP_101299770.1']
    Key: ID, Value: ['cds-WP_101299770.1']
    Key: Name, Value: ['WP_101299770.1']
    Key: Ontology_term, Value: ['GO:0043571', 'GO:0004520']
    Key: Parent, Value: ['gene-HVS_RS04960']
    Key: gbkey, Value: ['CDS']
    Key: gene, Value: ['cas1b']
    Key: go_function, Value: ['endodeoxyribonuclease activity|0004520||IEA']
    Key: go_process, Value: ['maintenance of CRISPR repeat elements|0043571||IEA']
    Key: inference, Value: ['COORDINATES: similar to AA sequence:RefSeq:WP_003513460.1']
    Key: locus_tag, Value: ['HVS_RS04960']
    Key: phase, Value: ['0']
    Key: product, Value: ['type I-B CRISPR-associated endonuclease Cas1b']
    Key: protein_id, Value: ['WP_101299770.1']
    Key: source, Value: ['Protein Homology']
    Key: transl_table, Value: ['11']

GF(type I-B CRISPR-associated endonuclease Cas1b, 4464-5457 (-1))
type: CDS
location: [1100907:1101405](-)
id: cds-WP_101299774.1
qualifiers:
    Key: Dbxref, Value: ['GenBank:WP_101299774.1']
    Key: ID, Value: ['cds-WP_101299774.1']
    Key: Name, Value: ['WP_101299774.1']
    Key: Ontology_term, Value: ['GO:0043571', 'GO:0004518']
    Key: Parent, Value: ['gene-HVS_RS04965']
    Key: gbkey, Value: ['CDS']
    Key: gene, Value: ['cas4']
    Key: go_function, Value: ['nuclease activity|0004518||IEA']
    Key: go_process, Value: ['maintenance of CRISPR repeat elements|0043571||IEA']
    Key: inference, Value: ['COORDINATES: similar to AA sequence:RefSeq:WP_013842961.1']
    Key: locus_tag, Value: ['HVS_RS04965']
    Key: phase, Value: ['0']
    Key: product, Value: ['CRISPR-associated protein Cas4']
    Key: protein_id, Value: ['WP_101299774.1']
    Key: source, Value: ['Protein Homology']
    Key: transl_table, Value: ['11']

GF(CRISPR-associated protein Cas4, 5479-5977 (-1))
type: CDS
location: [1101566:1103834](-)
id: cds-WP_101299777.1
qualifiers:
    Key: Dbxref, Value: ['GenBank:WP_101299777.1']
    Key: ID, Value: ['cds-WP_101299777.1']
    Key: Name, Value: ['WP_101299777.1']
    Key: Parent, Value: ['gene-HVS_RS04970']
    Key: gbkey, Value: ['CDS']
    Key: inference, Value: ['COORDINATES: similar to AA sequence:RefSeq:WP_003513457.1']
    Key: locus_tag, Value: ['HVS_RS04970']
    Key: phase, Value: ['0']
    Key: product, Value: ['CRISPR-associated helicase/endonuclease Cas3']
    Key: protein_id, Value: ['WP_101299777.1']
    Key: source, Value: ['Protein Homology']
    Key: transl_table, Value: ['11']

GF(CRISPR-associated helicase/endonuclease Cas3, 6138-8406 (-1))
type: CDS
location: [1103865:1104588](-)
id: cds-WP_101299779.1
qualifiers:
    Key: Dbxref, Value: ['GenBank:WP_101299779.1']
    Key: ID, Value: ['cds-WP_101299779.1']
    Key: Name, Value: ['WP_101299779.1']
    Key: Ontology_term, Value: ['GO:0043571', 'GO:0003674']
    Key: Parent, Value: ['gene-HVS_RS04975']
    Key: gbkey, Value: ['CDS']
    Key: gene, Value: ['cas5']
    Key: go_function, Value: ['molecular_function|0003674||IEA']
    Key: go_process, Value: ['maintenance of CRISPR repeat elements|0043571||IEA']
    Key: inference, Value: ['COORDINATES: similar to AA sequence:RefSeq:WP_003513456.1']
    Key: locus_tag, Value: ['HVS_RS04975']
    Key: phase, Value: ['0']
    Key: product, Value: ['CRISPR-associated protein Cas5']
    Key: protein_id, Value: ['WP_101299779.1']
    Key: source, Value: ['Protein Homology']
    Key: transl_table, Value: ['11']

GF(CRISPR-associated protein Cas5, 8437-9160 (-1))
type: CDS
location: [1104605:1105487](-)
id: cds-WP_101299781.1
qualifiers:
    Key: Dbxref, Value: ['GenBank:WP_101299781.1']
    Key: ID, Value: ['cds-WP_101299781.1']
    Key: Name, Value: ['WP_101299781.1']
    Key: Ontology_term, Value: ['GO:0043571', 'GO:0003674']
    Key: Parent, Value: ['gene-HVS_RS04980']
    Key: gbkey, Value: ['CDS']
    Key: gene, Value: ['cas7i']
    Key: go_function, Value: ['molecular_function|0003674||IEA']
    Key: go_process, Value: ['maintenance of CRISPR repeat elements|0043571||IEA']
    Key: inference, Value: ['COORDINATES: similar to AA sequence:RefSeq:WP_003513455.1']
    Key: locus_tag, Value: ['HVS_RS04980']
    Key: phase, Value: ['0']
    Key: product, Value: ['type I-B CRISPR-associated protein Cas7/Cst2/DevR']
    Key: protein_id, Value: ['WP_101299781.1']
    Key: source, Value: ['Protein Homology']
    Key: transl_table, Value: ['11']

GF(type I-B CRISPR-associated protein Cas7/Cst2/DevR, 9177-10059 (-1))
type: CDS
location: [1105490:1107155](-)
id: cds-WP_101299783.1
qualifiers:
    Key: Dbxref, Value: ['GenBank:WP_101299783.1']
    Key: ID, Value: ['cds-WP_101299783.1']
    Key: Name, Value: ['WP_101299783.1']
    Key: Parent, Value: ['gene-HVS_RS04985']
    Key: gbkey, Value: ['CDS']
    Key: inference, Value: ['COORDINATES: similar to AA sequence:RefSeq:WP_003520728.1']
    Key: locus_tag, Value: ['HVS_RS04985']
    Key: phase, Value: ['0']
    Key: product, Value: ['hypothetical protein']
    Key: protein_id, Value: ['WP_101299783.1']
    Key: source, Value: ['Protein Homology']
    Key: transl_table, Value: ['11']

GF(None, 10062-11727 (-1))
type: CDS
location: [1107170:1107842](-)
id: cds-WP_242971691.1
qualifiers:
    Key: Dbxref, Value: ['GenBank:WP_242971691.1']
    Key: ID, Value: ['cds-WP_242971691.1']
    Key: Name, Value: ['WP_242971691.1']
    Key: Ontology_term, Value: ['GO:0043571', 'GO:0004521']
    Key: Parent, Value: ['gene-HVS_RS04990']
    Key: gbkey, Value: ['CDS']
    Key: gene, Value: ['cas6']
    Key: go_function, Value: ['endoribonuclease activity|0004521||IEA']
    Key: go_process, Value: ['maintenance of CRISPR repeat elements|0043571||IEA']
    Key: inference, Value: ['COORDINATES: similar to AA sequence:RefSeq:WP_003513453.1']
    Key: locus_tag, Value: ['HVS_RS04990']
    Key: phase, Value: ['0']
    Key: product, Value: ['CRISPR-associated endoribonuclease Cas6']
    Key: protein_id, Value: ['WP_242971691.1']
    Key: source, Value: ['Protein Homology']
    Key: transl_table, Value: ['11']

GF(CRISPR-associated endoribonuclease Cas6, 11742-12414 (-1))
type: CDS
location: [1108351:1109800](+)
id: cds-WP_101299787.1
qualifiers:
    Key: Dbxref, Value: ['GenBank:WP_101299787.1']
    Key: ID, Value: ['cds-WP_101299787.1']
    Key: Name, Value: ['WP_101299787.1']
    Key: Parent, Value: ['gene-HVS_RS04995']
    Key: gbkey, Value: ['CDS']
    Key: inference, Value: ['COORDINATES: similar to AA sequence:RefSeq:WP_003511806.1']
    Key: locus_tag, Value: ['HVS_RS04995']
    Key: phase, Value: ['0']
    Key: product, Value: ['hypothetical protein']
    Key: protein_id, Value: ['WP_101299787.1']
    Key: source, Value: ['Protein Homology']
    Key: transl_table, Value: ['11']

GF(None, 12923-14372 (1))
type: CDS
location: [1109812:1110487](+)
id: cds-WP_101299789.1
qualifiers:
    Key: Dbxref, Value: ['GenBank:WP_101299789.1']
    Key: ID, Value: ['cds-WP_101299789.1']
    Key: Name, Value: ['WP_101299789.1']
    Key: Parent, Value: ['gene-HVS_RS05000']
    Key: gbkey, Value: ['CDS']
    Key: inference, Value: ['COORDINATES: similar to AA sequence:RefSeq:WP_014255345.1']
    Key: locus_tag, Value: ['HVS_RS05000']
    Key: phase, Value: ['0']
    Key: product, Value: ['RAMP superfamily CRISPR-associated protein']
    Key: protein_id, Value: ['WP_101299789.1']
    Key: source, Value: ['Protein Homology']
    Key: transl_table, Value: ['11']

GF(RAMP superfamily CRISPR-associated protein, 14384-15059 (1))
type: CDS
location: [1110479:1112069](+)
id: cds-WP_101299791.1
qualifiers:
    Key: Dbxref, Value: ['GenBank:WP_101299791.1']
    Key: ID, Value: ['cds-WP_101299791.1']
    Key: Name, Value: ['WP_101299791.1']
    Key: Parent, Value: ['gene-HVS_RS05005']
    Key: gbkey, Value: ['CDS']
    Key: inference, Value: ['COORDINATES: similar to AA sequence:RefSeq:WP_014255344.1']
    Key: locus_tag, Value: ['HVS_RS05005']
    Key: phase, Value: ['0']
    Key: product, Value: ['CRISPR-associated protein']
    Key: protein_id, Value: ['WP_101299791.1']
    Key: source, Value: ['Protein Homology']
    Key: transl_table, Value: ['11']

GF(CRISPR-associated protein, 15051-16641 (1))
type: CDS
location: [1112068:1113391](+)
id: cds-WP_101299793.1
qualifiers:
    Key: Dbxref, Value: ['GenBank:WP_101299793.1']
    Key: ID, Value: ['cds-WP_101299793.1']
    Key: Name, Value: ['WP_101299793.1']
    Key: Parent, Value: ['gene-HVS_RS05010']
    Key: gbkey, Value: ['CDS']
    Key: inference, Value: ['COORDINATES: similar to AA sequence:RefSeq:WP_014255343.1']
    Key: locus_tag, Value: ['HVS_RS05010']
    Key: phase, Value: ['0']
    Key: product, Value: ['RAMP superfamily CRISPR-associated protein']
    Key: protein_id, Value: ['WP_101299793.1']
    Key: source, Value: ['Protein Homology']
    Key: transl_table, Value: ['11']

GF(RAMP superfamily CRISPR-associated protein, 16640-17963 (1))
type: CDS
location: [1113396:1113762](+)
id: cds-WP_101299795.1
qualifiers:
    Key: Dbxref, Value: ['GenBank:WP_101299795.1']
    Key: ID, Value: ['cds-WP_101299795.1']
    Key: Name, Value: ['WP_101299795.1']
    Key: Parent, Value: ['gene-HVS_RS05015']
    Key: gbkey, Value: ['CDS']
    Key: inference, Value: ['COORDINATES: similar to AA sequence:RefSeq:WP_003511815.1']
    Key: locus_tag, Value: ['HVS_RS05015']
    Key: phase, Value: ['0']
    Key: product, Value: ['hypothetical protein']
    Key: protein_id, Value: ['WP_101299795.1']
    Key: source, Value: ['Protein Homology']
    Key: transl_table, Value: ['11']

GF(None, 17968-18334 (1))
type: CDS
location: [1113765:1115814](+)
id: cds-WP_101299797.1
qualifiers:
    Key: Dbxref, Value: ['GenBank:WP_101299797.1']
    Key: ID, Value: ['cds-WP_101299797.1']
    Key: Name, Value: ['WP_101299797.1']
    Key: Parent, Value: ['gene-HVS_RS05020']
    Key: gbkey, Value: ['CDS']
    Key: inference, Value: ['COORDINATES: similar to AA sequence:RefSeq:WP_014255341.1']
    Key: locus_tag, Value: ['HVS_RS05020']
    Key: phase, Value: ['0']
    Key: product, Value: ['TIGR03986 family CRISPR-associated RAMP protein']
    Key: protein_id, Value: ['WP_101299797.1']
    Key: source, Value: ['Protein Homology']
    Key: transl_table, Value: ['11']

GF(TIGR03986 family CRISPR-associated RAMP protein, 18337-20386 (1))
type: CDS
location: [1115832:1117155](+)
id: cds-WP_101299799.1
qualifiers:
    Key: Dbxref, Value: ['GenBank:WP_101299799.1']
    Key: ID, Value: ['cds-WP_101299799.1']
    Key: Name, Value: ['WP_101299799.1']
    Key: Ontology_term, Value: ['GO:0043571', 'GO:0003674']
    Key: Parent, Value: ['gene-HVS_RS05025']
    Key: gbkey, Value: ['CDS']
    Key: gene, Value: ['csx2']
    Key: go_function, Value: ['molecular_function|0003674||IEA']
    Key: go_process, Value: ['maintenance of CRISPR repeat elements|0043571||IEA']
    Key: inference, Value: ['COORDINATES: similar to AA sequence:RefSeq:WP_003511822.1']
    Key: locus_tag, Value: ['HVS_RS05025']
    Key: phase, Value: ['0']
    Key: product, Value: ['TIGR02221 family CRISPR-associated protein']
    Key: protein_id, Value: ['WP_101299799.1']
    Key: source, Value: ['Protein Homology']
    Key: transl_table, Value: ['11']

GF(TIGR02221 family CRISPR-associated protein, 20404-21727 (1))
type: CDS
location: [1117144:1118587](+)
id: cds-WP_101299801.1
qualifiers:
    Key: Dbxref, Value: ['GenBank:WP_101299801.1']
    Key: ID, Value: ['cds-WP_101299801.1']
    Key: Name, Value: ['WP_101299801.1']
    Key: Ontology_term, Value: ['GO:0043571', 'GO:0003674']
    Key: Parent, Value: ['gene-HVS_RS05030']
    Key: gbkey, Value: ['CDS']
    Key: go_function, Value: ['molecular_function|0003674||IEA']
    Key: go_process, Value: ['maintenance of CRISPR repeat elements|0043571||IEA']
    Key: inference, Value: ['COORDINATES: similar to AA sequence:RefSeq:WP_003516061.1']
    Key: locus_tag, Value: ['HVS_RS05030']
    Key: phase, Value: ['0']
    Key: product, Value: ['TIGR02710 family CRISPR-associated CARF protein']
    Key: protein_id, Value: ['WP_101299801.1']
    Key: source, Value: ['Protein Homology']
    Key: transl_table, Value: ['11']

GF(TIGR02710 family CRISPR-associated CARF protein, 21716-23159 (1))
graphic feature from known effectors: GF(csx1, 20405-21727 (1))
graphic feature from known effectors: GF(csx1, 21717-23159 (1))
[GF(CRISPR-associated endonuclease Cas2, 3999-4263 (-1)), GF(None, 4240-4456 (-1)), GF(type I-B CRISPR-associated endonuclease Cas1b, 4464-5457 (-1)), GF(CRISPR-associated protein Cas4, 5479-5977 (-1)), GF(CRISPR-associated helicase/endonuclease Cas3, 6138-8406 (-1)), GF(CRISPR-associated protein Cas5, 8437-9160 (-1)), GF(type I-B CRISPR-associated protein Cas7/Cst2/DevR, 9177-10059 (-1)), GF(None, 10062-11727 (-1)), GF(CRISPR-associated endoribonuclease Cas6, 11742-12414 (-1)), GF(None, 12923-14372 (1)), GF(RAMP superfamily CRISPR-associated protein, 14384-15059 (1)), GF(CRISPR-associated protein, 15051-16641 (1)), GF(RAMP superfamily CRISPR-associated protein, 16640-17963 (1)), GF(None, 17968-18334 (1)), GF(TIGR03986 family CRISPR-associated RAMP protein, 18337-20386 (1)), GF(TIGR02221 family CRISPR-associated protein, 20404-21727 (1)), GF(TIGR02710 family CRISPR-associated CARF protein, 21716-23159 (1)), GF(csx1, 20405-21727 (1)), GF(csx1, 21717-23159 (1)), GF(CRISPR-Cas locus, 4000-23159 (0))]
