Cas operons file:    Unnamed: 0         Contig  ...           locus_id           sample
0           1  NZ_CP018477.1  ...  GCF_002277955.1_1  GCF_002277955.1

[1 rows x 19 columns]
The chosen contig: NZ_CP018477.1
type: CDS
location: [4732944:4733553](+)
id: cds-WP_157732215.1
qualifiers:
    Key: Dbxref, Value: ['GenBank:WP_157732215.1']
    Key: ID, Value: ['cds-WP_157732215.1']
    Key: Name, Value: ['WP_157732215.1']
    Key: Ontology_term, Value: ['GO:0043571', 'GO:0004521']
    Key: Parent, Value: ['gene-THTE_RS17495']
    Key: gbkey, Value: ['CDS']
    Key: gene, Value: ['cas6']
    Key: go_function, Value: ['RNA endonuclease activity|0004521||IEA']
    Key: go_process, Value: ['maintenance of CRISPR repeat elements|0043571||IEA']
    Key: inference, Value: ['COORDINATES: protein motif:HMM:TIGR01877.1']
    Key: locus_tag, Value: ['THTE_RS17495']
    Key: phase, Value: ['0']
    Key: product, Value: ['CRISPR-associated endoribonuclease Cas6']
    Key: protein_id, Value: ['WP_157732215.1']
    Key: source, Value: ['Protein Homology']
    Key: transl_table, Value: ['11']

GF(CRISPR-associated endoribonuclease Cas6, 3957-4566 (1))
type: CDS
location: [4733545:4734739](+)
id: cds-WP_095416655.1
qualifiers:
    Key: Dbxref, Value: ['GenBank:WP_095416655.1']
    Key: ID, Value: ['cds-WP_095416655.1']
    Key: Name, Value: ['WP_095416655.1']
    Key: Ontology_term, Value: ['GO:0043571', 'GO:0003674']
    Key: Parent, Value: ['gene-THTE_RS17500']
    Key: gbkey, Value: ['CDS']
    Key: gene, Value: ['cas8a1']
    Key: go_function, Value: ['molecular_function|0003674||IEA']
    Key: go_process, Value: ['maintenance of CRISPR repeat elements|0043571||IEA']
    Key: inference, Value: ['COORDINATES: protein motif:HMM:TIGR01908.1']
    Key: locus_tag, Value: ['THTE_RS17500']
    Key: phase, Value: ['0']
    Key: product, Value: ['type I-B CRISPR-associated protein Cas8b1/Cst1']
    Key: protein_id, Value: ['WP_095416655.1']
    Key: source, Value: ['Protein Homology']
    Key: transl_table, Value: ['11']

GF(type I-B CRISPR-associated protein Cas8b1/Cst1, 4558-5752 (1))
type: CDS
location: [4734716:4735244](+)
id: cds-WP_095416656.1
qualifiers:
    Key: Dbxref, Value: ['GenBank:WP_095416656.1']
    Key: ID, Value: ['cds-WP_095416656.1']
    Key: Name, Value: ['WP_095416656.1']
    Key: Parent, Value: ['gene-THTE_RS17505']
    Key: gbkey, Value: ['CDS']
    Key: inference, Value: ['COORDINATES: ab initio prediction:GeneMarkS-2+']
    Key: locus_tag, Value: ['THTE_RS17505']
    Key: phase, Value: ['0']
    Key: product, Value: ['hypothetical protein']
    Key: protein_id, Value: ['WP_095416656.1']
    Key: source, Value: ['GeneMarkS-2+']
    Key: transl_table, Value: ['11']

GF(None, 5729-6257 (1))
type: CDS
location: [4735259:4736363](+)
id: cds-WP_095416657.1
qualifiers:
    Key: Dbxref, Value: ['GenBank:WP_095416657.1']
    Key: ID, Value: ['cds-WP_095416657.1']
    Key: Name, Value: ['WP_095416657.1']
    Key: Ontology_term, Value: ['GO:0043571', 'GO:0003674']
    Key: Parent, Value: ['gene-THTE_RS17510']
    Key: gbkey, Value: ['CDS']
    Key: gene, Value: ['cas7i']
    Key: go_function, Value: ['molecular_function|0003674||IEA']
    Key: go_process, Value: ['maintenance of CRISPR repeat elements|0043571||IEA']
    Key: inference, Value: ['COORDINATES: protein motif:HMM:NF014018.4']
    Key: locus_tag, Value: ['THTE_RS17510']
    Key: phase, Value: ['0']
    Key: product, Value: ['type I-B CRISPR-associated protein Cas7/Cst2/DevR']
    Key: protein_id, Value: ['WP_095416657.1']
    Key: source, Value: ['Protein Homology']
    Key: transl_table, Value: ['11']

GF(type I-B CRISPR-associated protein Cas7/Cst2/DevR, 6272-7376 (1))
type: CDS
location: [4736389:4737208](+)
id: cds-WP_095416658.1
qualifiers:
    Key: Dbxref, Value: ['GenBank:WP_095416658.1']
    Key: ID, Value: ['cds-WP_095416658.1']
    Key: Name, Value: ['WP_095416658.1']
    Key: Ontology_term, Value: ['GO:0043571', 'GO:0003674']
    Key: Parent, Value: ['gene-THTE_RS17515']
    Key: gbkey, Value: ['CDS']
    Key: gene, Value: ['cas5b']
    Key: go_function, Value: ['molecular_function|0003674||IEA']
    Key: go_process, Value: ['maintenance of CRISPR repeat elements|0043571||IEA']
    Key: inference, Value: ['COORDINATES: protein motif:HMM:TIGR01895.1']
    Key: locus_tag, Value: ['THTE_RS17515']
    Key: phase, Value: ['0']
    Key: product, Value: ['type I-B CRISPR-associated protein Cas5b']
    Key: protein_id, Value: ['WP_095416658.1']
    Key: source, Value: ['Protein Homology']
    Key: transl_table, Value: ['11']

GF(type I-B CRISPR-associated protein Cas5b, 7402-8221 (1))
type: CDS
location: [4737210:4739979](+)
id: cds-WP_095416659.1
qualifiers:
    Key: Dbxref, Value: ['GenBank:WP_095416659.1']
    Key: ID, Value: ['cds-WP_095416659.1']
    Key: Name, Value: ['WP_095416659.1']
    Key: Parent, Value: ['gene-THTE_RS17520']
    Key: gbkey, Value: ['CDS']
    Key: inference, Value: ['COORDINATES: protein motif:HMM:TIGR01587.1']
    Key: locus_tag, Value: ['THTE_RS17520']
    Key: phase, Value: ['0']
    Key: product, Value: ['CRISPR-associated helicase/endonuclease Cas3']
    Key: protein_id, Value: ['WP_095416659.1']
    Key: source, Value: ['Protein Homology']
    Key: transl_table, Value: ['11']

GF(CRISPR-associated helicase/endonuclease Cas3, 8223-10992 (1))
type: CDS
location: [4740878:4742534](+)
id: cds-WP_095416660.1
qualifiers:
    Key: Dbxref, Value: ['GenBank:WP_095416660.1']
    Key: ID, Value: ['cds-WP_095416660.1']
    Key: Name, Value: ['WP_095416660.1']
    Key: Parent, Value: ['gene-THTE_RS17525']
    Key: gbkey, Value: ['CDS']
    Key: inference, Value: ['COORDINATES: ab initio prediction:GeneMarkS-2+']
    Key: locus_tag, Value: ['THTE_RS17525']
    Key: phase, Value: ['0']
    Key: product, Value: ['hypothetical protein']
    Key: protein_id, Value: ['WP_095416660.1']
    Key: source, Value: ['GeneMarkS-2+']
    Key: transl_table, Value: ['11']

GF(None, 11891-13547 (1))
type: CDS
location: [4742553:4743243](+)
id: cds-WP_095416661.1
qualifiers:
    Key: Dbxref, Value: ['GenBank:WP_095416661.1']
    Key: ID, Value: ['cds-WP_095416661.1']
    Key: Name, Value: ['WP_095416661.1']
    Key: Parent, Value: ['gene-THTE_RS17530']
    Key: gbkey, Value: ['CDS']
    Key: inference, Value: ['COORDINATES: protein motif:HMM:NF015728.4']
    Key: locus_tag, Value: ['THTE_RS17530']
    Key: phase, Value: ['0']
    Key: product, Value: ['RAMP superfamily CRISPR-associated protein']
    Key: protein_id, Value: ['WP_095416661.1']
    Key: source, Value: ['Protein Homology']
    Key: transl_table, Value: ['11']

GF(RAMP superfamily CRISPR-associated protein, 13566-14256 (1))
type: CDS
location: [4743239:4744853](+)
id: cds-WP_095416662.1
qualifiers:
    Key: Dbxref, Value: ['GenBank:WP_095416662.1']
    Key: ID, Value: ['cds-WP_095416662.1']
    Key: Name, Value: ['WP_095416662.1']
    Key: Parent, Value: ['gene-THTE_RS17535']
    Key: gbkey, Value: ['CDS']
    Key: inference, Value: ['COORDINATES: protein motif:HMM:NF015728.4']
    Key: locus_tag, Value: ['THTE_RS17535']
    Key: phase, Value: ['0']
    Key: product, Value: ['RAMP superfamily CRISPR-associated protein']
    Key: protein_id, Value: ['WP_095416662.1']
    Key: source, Value: ['Protein Homology']
    Key: transl_table, Value: ['11']

GF(RAMP superfamily CRISPR-associated protein, 14252-15866 (1))
type: CDS
location: [4744855:4746352](+)
id: cds-WP_095416663.1
qualifiers:
    Key: Dbxref, Value: ['GenBank:WP_095416663.1']
    Key: ID, Value: ['cds-WP_095416663.1']
    Key: Name, Value: ['WP_095416663.1']
    Key: Parent, Value: ['gene-THTE_RS17540']
    Key: gbkey, Value: ['CDS']
    Key: inference, Value: ['COORDINATES: protein motif:HMM:NF015728.4']
    Key: locus_tag, Value: ['THTE_RS17540']
    Key: phase, Value: ['0']
    Key: product, Value: ['RAMP superfamily CRISPR-associated protein']
    Key: protein_id, Value: ['WP_095416663.1']
    Key: source, Value: ['Protein Homology']
    Key: transl_table, Value: ['11']

GF(RAMP superfamily CRISPR-associated protein, 15868-17365 (1))
type: CDS
location: [4746348:4746942](+)
id: cds-WP_207651737.1
qualifiers:
    Key: Dbxref, Value: ['GenBank:WP_207651737.1']
    Key: ID, Value: ['cds-WP_207651737.1']
    Key: Name, Value: ['WP_207651737.1']
    Key: Parent, Value: ['gene-THTE_RS17545']
    Key: gbkey, Value: ['CDS']
    Key: gene, Value: ['csx19']
    Key: inference, Value: ['COORDINATES: protein motif:HMM:TIGR03984.2']
    Key: locus_tag, Value: ['THTE_RS17545']
    Key: phase, Value: ['0']
    Key: product, Value: ['CRISPR-associated protein Csx19']
    Key: protein_id, Value: ['WP_207651737.1']
    Key: source, Value: ['Protein Homology']
    Key: transl_table, Value: ['11']

GF(CRISPR-associated protein Csx19, 17361-17955 (1))
type: CDS
location: [4746938:4747832](+)
id: cds-WP_095416664.1
qualifiers:
    Key: Dbxref, Value: ['GenBank:WP_095416664.1']
    Key: ID, Value: ['cds-WP_095416664.1']
    Key: Name, Value: ['WP_095416664.1']
    Key: Parent, Value: ['gene-THTE_RS17550']
    Key: gbkey, Value: ['CDS']
    Key: inference, Value: ['COORDINATES: protein motif:HMM:NF015728.4']
    Key: locus_tag, Value: ['THTE_RS17550']
    Key: phase, Value: ['0']
    Key: product, Value: ['RAMP superfamily CRISPR-associated protein']
    Key: protein_id, Value: ['WP_095416664.1']
    Key: source, Value: ['Protein Homology']
    Key: transl_table, Value: ['11']

GF(RAMP superfamily CRISPR-associated protein, 17951-18845 (1))
type: CDS
location: [4747875:4748346](+)
id: cds-WP_157731745.1-3
qualifiers:
    Key: Dbxref, Value: ['GenBank:WP_157731745.1']
    Key: ID, Value: ['cds-WP_157731745.1-3']
    Key: Name, Value: ['WP_157731745.1']
    Key: Parent, Value: ['gene-THTE_RS17555']
    Key: gbkey, Value: ['CDS']
    Key: inference, Value: ['COORDINATES: protein motif:HMM:NF024954.4']
    Key: locus_tag, Value: ['THTE_RS17555']
    Key: phase, Value: ['0']
    Key: product, Value: ['helix-turn-helix domain-containing protein']
    Key: protein_id, Value: ['WP_157731745.1']
    Key: source, Value: ['Protein Homology']
    Key: transl_table, Value: ['11']

GF(helix-turn-helix domain-containing protein, 18888-19359 (1))
type: CDS
location: [4748342:4749011](+)
id: cds-WP_157732216.1
qualifiers:
    Key: Dbxref, Value: ['GenBank:WP_157732216.1']
    Key: ID, Value: ['cds-WP_157732216.1']
    Key: Name, Value: ['WP_157732216.1']
    Key: Ontology_term, Value: ['GO:0004803']
    Key: Parent, Value: ['gene-THTE_RS17560']
    Key: gbkey, Value: ['CDS']
    Key: go_function, Value: ['transposase activity|0004803||IEA']
    Key: inference, Value: ['COORDINATES: protein motif:HMM:NF033545.0']
    Key: locus_tag, Value: ['THTE_RS17560']
    Key: phase, Value: ['0']
    Key: product, Value: ['IS630 family transposase']
    Key: protein_id, Value: ['WP_157732216.1']
    Key: source, Value: ['Protein Homology']
    Key: transl_table, Value: ['11']

GF(IS630 family transposase, 19355-20024 (1))
type: CDS
location: [4749021:4750350](+)
id: cds-WP_157732217.1
qualifiers:
    Key: Dbxref, Value: ['GenBank:WP_157732217.1']
    Key: ID, Value: ['cds-WP_157732217.1']
    Key: Name, Value: ['WP_157732217.1']
    Key: Parent, Value: ['gene-THTE_RS17565']
    Key: gbkey, Value: ['CDS']
    Key: inference, Value: ['COORDINATES: protein motif:HMM:TIGR03986.1']
    Key: locus_tag, Value: ['THTE_RS17565']
    Key: phase, Value: ['0']
    Key: product, Value: ['TIGR03986 family CRISPR-associated RAMP protein']
    Key: protein_id, Value: ['WP_157732217.1']
    Key: source, Value: ['Protein Homology']
    Key: transl_table, Value: ['11']

GF(TIGR03986 family CRISPR-associated RAMP protein, 20034-21363 (1))
type: CDS
location: [4750504:4750651](-)
id: cds-WP_157732218.1
qualifiers:
    Key: Dbxref, Value: ['GenBank:WP_157732218.1']
    Key: ID, Value: ['cds-WP_157732218.1']
    Key: Name, Value: ['WP_157732218.1']
    Key: Parent, Value: ['gene-THTE_RS18145']
    Key: gbkey, Value: ['CDS']
    Key: inference, Value: ['COORDINATES: ab initio prediction:GeneMarkS-2+']
    Key: locus_tag, Value: ['THTE_RS18145']
    Key: phase, Value: ['0']
    Key: product, Value: ['hypothetical protein']
    Key: protein_id, Value: ['WP_157732218.1']
    Key: source, Value: ['GeneMarkS-2+']
    Key: transl_table, Value: ['11']

GF(None, 21517-21664 (-1))
type: CDS
location: [4750756:4750897](-)
id: cds-WP_157732219.1
qualifiers:
    Key: Dbxref, Value: ['GenBank:WP_157732219.1']
    Key: ID, Value: ['cds-WP_157732219.1']
    Key: Name, Value: ['WP_157732219.1']
    Key: Parent, Value: ['gene-THTE_RS18150']
    Key: gbkey, Value: ['CDS']
    Key: inference, Value: ['COORDINATES: ab initio prediction:GeneMarkS-2+']
    Key: locus_tag, Value: ['THTE_RS18150']
    Key: phase, Value: ['0']
    Key: product, Value: ['hypothetical protein']
    Key: protein_id, Value: ['WP_157732219.1']
    Key: source, Value: ['GeneMarkS-2+']
    Key: transl_table, Value: ['11']

GF(None, 21769-21910 (-1))
type: repeat_region
location: [4751084:4753276](+)
id: NZ_CP018477.1_6
qualifiers:
    Key: Dbxref, Value: ['SO:0001459']
    Key: ID, Value: ['NZ_CP018477.1_6']
    Key: Note, Value: ['GTCTTAATCGAACCAAGTTGGGATTGAAAC']
    Key: Ontology_term, Value: ['CRISPR']
    Key: score, Value: ['2192']
    Key: source, Value: ['CCTyper']

GF(Repeat region, 22097-24289 (0))
[GF(CRISPR-associated endoribonuclease Cas6, 3957-4566 (1)), GF(type I-B CRISPR-associated protein Cas8b1/Cst1, 4558-5752 (1)), GF(None, 5729-6257 (1)), GF(type I-B CRISPR-associated protein Cas7/Cst2/DevR, 6272-7376 (1)), GF(type I-B CRISPR-associated protein Cas5b, 7402-8221 (1)), GF(CRISPR-associated helicase/endonuclease Cas3, 8223-10992 (1)), GF(None, 11891-13547 (1)), GF(RAMP superfamily CRISPR-associated protein, 13566-14256 (1)), GF(RAMP superfamily CRISPR-associated protein, 14252-15866 (1)), GF(RAMP superfamily CRISPR-associated protein, 15868-17365 (1)), GF(CRISPR-associated protein Csx19, 17361-17955 (1)), GF(RAMP superfamily CRISPR-associated protein, 17951-18845 (1)), GF(helix-turn-helix domain-containing protein, 18888-19359 (1)), GF(IS630 family transposase, 19355-20024 (1)), GF(TIGR03986 family CRISPR-associated RAMP protein, 20034-21363 (1)), GF(None, 21517-21664 (-1)), GF(None, 21769-21910 (-1)), GF(Repeat region, 22097-24289 (0)), GF(CRISPR-Cas locus, 4000-21363 (0))]
