Cas operons file:    Unnamed: 0         Contig  ...           locus_id           sample
0           3  NZ_CP009504.1  ...  GCF_000970005.1_3  GCF_000970005.1

[1 rows x 19 columns]
The chosen contig: NZ_CP009504.1
type: CDS
location: [2056014:2056152](+)
id: cds-WP_156148124.1
qualifiers:
    Key: Dbxref, Value: ['GenBank:WP_156148124.1', 'GeneID:42854674']
    Key: ID, Value: ['cds-WP_156148124.1']
    Key: Name, Value: ['WP_156148124.1']
    Key: Parent, Value: ['gene-MSWH1_RS19070']
    Key: gbkey, Value: ['CDS']
    Key: inference, Value: ['COORDINATES: ab initio prediction:GeneMarkS-2+']
    Key: locus_tag, Value: ['MSWH1_RS19070']
    Key: phase, Value: ['0']
    Key: product, Value: ['hypothetical protein']
    Key: protein_id, Value: ['WP_156148124.1']
    Key: source, Value: ['GeneMarkS-2+']
    Key: transl_table, Value: ['11']

GF(None, 1049-1187 (1))
type: CDS
location: [2056276:2056447](+)
id: cds-WP_156148125.1
qualifiers:
    Key: Dbxref, Value: ['GenBank:WP_156148125.1', 'GeneID:42854675']
    Key: ID, Value: ['cds-WP_156148125.1']
    Key: Name, Value: ['WP_156148125.1']
    Key: Parent, Value: ['gene-MSWH1_RS19075']
    Key: gbkey, Value: ['CDS']
    Key: inference, Value: ['COORDINATES: ab initio prediction:GeneMarkS-2+']
    Key: locus_tag, Value: ['MSWH1_RS19075']
    Key: phase, Value: ['0']
    Key: product, Value: ['hypothetical protein']
    Key: protein_id, Value: ['WP_156148125.1']
    Key: source, Value: ['GeneMarkS-2+']
    Key: transl_table, Value: ['11']

GF(None, 1311-1482 (1))
type: CDS
location: [2056765:2057191](-)
id: cds-WP_231585675.1
qualifiers:
    Key: Dbxref, Value: ['GenBank:WP_231585675.1', 'GeneID:24814246']
    Key: ID, Value: ['cds-WP_231585675.1']
    Key: Name, Value: ['WP_231585675.1']
    Key: Parent, Value: ['gene-MSWH1_RS08990']
    Key: gbkey, Value: ['CDS']
    Key: inference, Value: ['COORDINATES: protein motif:HMM:NF013226.2']
    Key: locus_tag, Value: ['MSWH1_RS08990']
    Key: phase, Value: ['0']
    Key: product, Value: ['UbiA prenyltransferase family protein']
    Key: protein_id, Value: ['WP_231585675.1']
    Key: source, Value: ['Protein Homology']
    Key: transl_table, Value: ['11']

GF(UbiA prenyltransferase family protein, 1800-2226 (-1))
type: CDS
location: [2057232:2057628](-)
id: cds-WP_156148126.1
qualifiers:
    Key: Dbxref, Value: ['GenBank:WP_156148126.1', 'GeneID:24814247']
    Key: ID, Value: ['cds-WP_156148126.1']
    Key: Name, Value: ['WP_156148126.1']
    Key: Parent, Value: ['gene-MSWH1_RS08995']
    Key: gbkey, Value: ['CDS']
    Key: inference, Value: ['COORDINATES: ab initio prediction:GeneMarkS-2+']
    Key: locus_tag, Value: ['MSWH1_RS08995']
    Key: phase, Value: ['0']
    Key: product, Value: ['hypothetical protein']
    Key: protein_id, Value: ['WP_156148126.1']
    Key: source, Value: ['GeneMarkS-2+']
    Key: transl_table, Value: ['11']

GF(None, 2267-2663 (-1))
type: CDS
location: [2058357:2058699](-)
id: cds-WP_231591701.1
qualifiers:
    Key: Dbxref, Value: ['GenBank:WP_231591701.1', 'GeneID:24814248']
    Key: ID, Value: ['cds-WP_231591701.1']
    Key: Name, Value: ['WP_231591701.1']
    Key: Parent, Value: ['gene-MSWH1_RS09000']
    Key: gbkey, Value: ['CDS']
    Key: inference, Value: ['COORDINATES: ab initio prediction:GeneMarkS-2+']
    Key: locus_tag, Value: ['MSWH1_RS09000']
    Key: phase, Value: ['0']
    Key: product, Value: ['hypothetical protein']
    Key: protein_id, Value: ['WP_231591701.1']
    Key: source, Value: ['GeneMarkS-2+']
    Key: transl_table, Value: ['11']

GF(None, 3392-3734 (-1))
type: CDS
location: [2058964:2063044](-)
id: cds-WP_048127889.1
qualifiers:
    Key: Dbxref, Value: ['GenBank:WP_048127889.1', 'GeneID:24814249']
    Key: ID, Value: ['cds-WP_048127889.1']
    Key: Name, Value: ['WP_048127889.1']
    Key: Parent, Value: ['gene-MSWH1_RS09005']
    Key: gbkey, Value: ['CDS']
    Key: inference, Value: ['COORDINATES: ab initio prediction:GeneMarkS-2+']
    Key: locus_tag, Value: ['MSWH1_RS09005']
    Key: phase, Value: ['0']
    Key: product, Value: ['hypothetical protein']
    Key: protein_id, Value: ['WP_048127889.1']
    Key: source, Value: ['GeneMarkS-2+']
    Key: transl_table, Value: ['11']

GF(None, 3999-8079 (-1))
type: CDS
location: [2063069:2064242](-)
id: cds-WP_048127891.1
qualifiers:
    Key: Dbxref, Value: ['GenBank:WP_048127891.1', 'GeneID:24814250']
    Key: ID, Value: ['cds-WP_048127891.1']
    Key: Name, Value: ['WP_048127891.1']
    Key: Ontology_term, Value: ['GO:0043571', 'GO:0003674']
    Key: Parent, Value: ['gene-MSWH1_RS09010']
    Key: gbkey, Value: ['CDS']
    Key: gene, Value: ['csm5']
    Key: go_function, Value: ['molecular_function|0003674||IEA']
    Key: go_process, Value: ['maintenance of CRISPR repeat elements|0043571||IEA']
    Key: inference, Value: ['COORDINATES: protein motif:HMM:TIGR01899.1']
    Key: locus_tag, Value: ['MSWH1_RS09010']
    Key: phase, Value: ['0']
    Key: product, Value: ['type III-A CRISPR-associated RAMP protein Csm5']
    Key: protein_id, Value: ['WP_048127891.1']
    Key: source, Value: ['Protein Homology']
    Key: transl_table, Value: ['11']

GF(type III-A CRISPR-associated RAMP protein Csm5, 8104-9277 (-1))
type: CDS
location: [2064238:2065252](-)
id: cds-WP_048127893.1
qualifiers:
    Key: Dbxref, Value: ['GenBank:WP_048127893.1', 'GeneID:24814251']
    Key: ID, Value: ['cds-WP_048127893.1']
    Key: Name, Value: ['WP_048127893.1']
    Key: Ontology_term, Value: ['GO:0043571', 'GO:0003674']
    Key: Parent, Value: ['gene-MSWH1_RS09015']
    Key: gbkey, Value: ['CDS']
    Key: gene, Value: ['csm4']
    Key: go_function, Value: ['molecular_function|0003674||IEA']
    Key: go_process, Value: ['maintenance of CRISPR repeat elements|0043571||IEA']
    Key: inference, Value: ['COORDINATES: protein motif:HMM:TIGR01903.1']
    Key: locus_tag, Value: ['MSWH1_RS09015']
    Key: phase, Value: ['0']
    Key: product, Value: ['type III-A CRISPR-associated RAMP protein Csm4']
    Key: protein_id, Value: ['WP_048127893.1']
    Key: source, Value: ['Protein Homology']
    Key: transl_table, Value: ['11']

GF(type III-A CRISPR-associated RAMP protein Csm4, 9273-10287 (-1))
type: CDS
location: [2065244:2066021](-)
id: cds-WP_048127894.1
qualifiers:
    Key: Dbxref, Value: ['GenBank:WP_048127894.1', 'GeneID:24814252']
    Key: ID, Value: ['cds-WP_048127894.1']
    Key: Name, Value: ['WP_048127894.1']
    Key: Ontology_term, Value: ['GO:0043571', 'GO:0003674']
    Key: Parent, Value: ['gene-MSWH1_RS09020']
    Key: gbkey, Value: ['CDS']
    Key: gene, Value: ['csm3']
    Key: go_function, Value: ['molecular_function|0003674||IEA']
    Key: go_process, Value: ['maintenance of CRISPR repeat elements|0043571||IEA']
    Key: inference, Value: ['COORDINATES: similar to AA sequence:RefSeq:WP_011021929.1']
    Key: locus_tag, Value: ['MSWH1_RS09020']
    Key: phase, Value: ['0']
    Key: product, Value: ['type III-A CRISPR-associated RAMP protein Csm3']
    Key: protein_id, Value: ['WP_048127894.1']
    Key: source, Value: ['Protein Homology']
    Key: transl_table, Value: ['11']

GF(type III-A CRISPR-associated RAMP protein Csm3, 10279-11056 (-1))
type: CDS
location: [2066021:2066519](-)
id: cds-WP_048127896.1
qualifiers:
    Key: Dbxref, Value: ['GenBank:WP_048127896.1', 'GeneID:24814253']
    Key: ID, Value: ['cds-WP_048127896.1']
    Key: Name, Value: ['WP_048127896.1']
    Key: Ontology_term, Value: ['GO:0043571', 'GO:0003674']
    Key: Parent, Value: ['gene-MSWH1_RS09025']
    Key: gbkey, Value: ['CDS']
    Key: gene, Value: ['csm2']
    Key: go_function, Value: ['molecular_function|0003674||IEA']
    Key: go_process, Value: ['maintenance of CRISPR repeat elements|0043571||IEA']
    Key: inference, Value: ['COORDINATES: protein motif:HMM:NF015695.2']
    Key: locus_tag, Value: ['MSWH1_RS09025']
    Key: phase, Value: ['0']
    Key: product, Value: ['type III-A CRISPR-associated protein Csm2']
    Key: protein_id, Value: ['WP_048127896.1']
    Key: source, Value: ['Protein Homology']
    Key: transl_table, Value: ['11']

GF(type III-A CRISPR-associated protein Csm2, 11056-11554 (-1))
type: CDS
location: [2066515:2069038](-)
id: cds-WP_048127898.1
qualifiers:
    Key: Dbxref, Value: ['GenBank:WP_048127898.1', 'GeneID:24814254']
    Key: ID, Value: ['cds-WP_048127898.1']
    Key: Name, Value: ['WP_048127898.1']
    Key: Ontology_term, Value: ['GO:0043571', 'GO:0003674']
    Key: Parent, Value: ['gene-MSWH1_RS09030']
    Key: gbkey, Value: ['CDS']
    Key: gene, Value: ['cas10']
    Key: go_function, Value: ['molecular_function|0003674||IEA']
    Key: go_process, Value: ['maintenance of CRISPR repeat elements|0043571||IEA']
    Key: inference, Value: ['COORDINATES: protein motif:HMM:TIGR02578.1']
    Key: locus_tag, Value: ['MSWH1_RS09030']
    Key: phase, Value: ['0']
    Key: product, Value: ['type III-A CRISPR-associated protein Cas10/Csm1']
    Key: protein_id, Value: ['WP_048127898.1']
    Key: source, Value: ['Protein Homology']
    Key: transl_table, Value: ['11']

GF(type III-A CRISPR-associated protein Cas10/Csm1, 11550-14073 (-1))
type: CDS
location: [2070242:2071250](+)
id: cds-WP_052723155.1
qualifiers:
    Key: Dbxref, Value: ['GenBank:WP_052723155.1', 'GeneID:24814256']
    Key: ID, Value: ['cds-WP_052723155.1']
    Key: Name, Value: ['WP_052723155.1']
    Key: Ontology_term, Value: ['GO:0043571', 'GO:0004520', 'GO:0046872']
    Key: Parent, Value: ['gene-MSWH1_RS09040']
    Key: gbkey, Value: ['CDS']
    Key: gene, Value: ['cas1']
    Key: go_function, Value: ['DNA endonuclease activity|0004520||IEA', 'metal ion binding|0046872||IEA']
    Key: go_process, Value: ['maintenance of CRISPR repeat elements|0043571||IEA']
    Key: inference, Value: ['COORDINATES: protein motif:HMM:TIGR00287.1']
    Key: locus_tag, Value: ['MSWH1_RS09040']
    Key: phase, Value: ['0']
    Key: product, Value: ['CRISPR-associated endonuclease Cas1']
    Key: protein_id, Value: ['WP_052723155.1']
    Key: source, Value: ['Protein Homology']
    Key: transl_table, Value: ['11']

GF(CRISPR-associated endonuclease Cas1, 15277-16285 (1))
type: CDS
location: [2071252:2071555](+)
id: cds-WP_048130349.1
qualifiers:
    Key: Dbxref, Value: ['GenBank:WP_048130349.1', 'GeneID:24814257']
    Key: ID, Value: ['cds-WP_048130349.1']
    Key: Name, Value: ['WP_048130349.1']
    Key: Ontology_term, Value: ['GO:0043571', 'GO:0004521']
    Key: Parent, Value: ['gene-MSWH1_RS09045']
    Key: gbkey, Value: ['CDS']
    Key: gene, Value: ['cas2']
    Key: go_function, Value: ['RNA endonuclease activity|0004521||IEA']
    Key: go_process, Value: ['maintenance of CRISPR repeat elements|0043571||IEA']
    Key: inference, Value: ['COORDINATES: protein motif:HMM:TIGR01573.1']
    Key: locus_tag, Value: ['MSWH1_RS09045']
    Key: phase, Value: ['0']
    Key: product, Value: ['CRISPR-associated endonuclease Cas2']
    Key: protein_id, Value: ['WP_048130349.1']
    Key: source, Value: ['Protein Homology']
    Key: transl_table, Value: ['11']

GF(CRISPR-associated endonuclease Cas2, 16287-16590 (1))
type: CDS
location: [2071590:2072358](+)
id: cds-WP_048127902.1
qualifiers:
    Key: Dbxref, Value: ['GenBank:WP_048127902.1', 'GeneID:24814258']
    Key: ID, Value: ['cds-WP_048127902.1']
    Key: Name, Value: ['WP_048127902.1']
    Key: Parent, Value: ['gene-MSWH1_RS09050']
    Key: gbkey, Value: ['CDS']
    Key: inference, Value: ['COORDINATES: protein motif:HMM:NF040371.1']
    Key: locus_tag, Value: ['MSWH1_RS09050']
    Key: phase, Value: ['0']
    Key: product, Value: ['DUF6293 family protein']
    Key: protein_id, Value: ['WP_048127902.1']
    Key: source, Value: ['Protein Homology']
    Key: transl_table, Value: ['11']

GF(DUF6293 family protein, 16625-17393 (1))
type: CDS
location: [2072615:2073287](-)
id: cds-WP_048127904.1
qualifiers:
    Key: Dbxref, Value: ['GenBank:WP_048127904.1', 'GeneID:24814259']
    Key: ID, Value: ['cds-WP_048127904.1']
    Key: Name, Value: ['WP_048127904.1']
    Key: Parent, Value: ['gene-MSWH1_RS09055']
    Key: gbkey, Value: ['CDS']
    Key: inference, Value: ['COORDINATES: similar to AA sequence:RefSeq:WP_011021925.1']
    Key: locus_tag, Value: ['MSWH1_RS09055']
    Key: phase, Value: ['0']
    Key: product, Value: ['CRISPR-associated endonuclease Cas6']
    Key: protein_id, Value: ['WP_048127904.1']
    Key: source, Value: ['Protein Homology']
    Key: transl_table, Value: ['11']

GF(CRISPR-associated endonuclease Cas6, 17650-18322 (-1))
type: CDS
location: [2073345:2074599](-)
id: cds-WP_156148127.1
qualifiers:
    Key: Dbxref, Value: ['GenBank:WP_156148127.1', 'GeneID:24814260']
    Key: ID, Value: ['cds-WP_156148127.1']
    Key: Name, Value: ['WP_156148127.1']
    Key: Ontology_term, Value: ['GO:0000373', 'GO:0003964']
    Key: Parent, Value: ['gene-MSWH1_RS09060']
    Key: gbkey, Value: ['CDS']
    Key: gene, Value: ['ltrA']
    Key: go_function, Value: ['RNA-directed DNA polymerase activity|0003964||IEA']
    Key: go_process, Value: ['Group II intron splicing|0000373||IEA']
    Key: inference, Value: ['COORDINATES: protein motif:HMM:TIGR04416.1']
    Key: locus_tag, Value: ['MSWH1_RS09060']
    Key: phase, Value: ['0']
    Key: product, Value: ['group II intron reverse transcriptase/maturase']
    Key: protein_id, Value: ['WP_156148127.1']
    Key: source, Value: ['Protein Homology']
    Key: transl_table, Value: ['11']

GF(group II intron reverse transcriptase/maturase, 18380-19634 (-1))
type: CDS
location: [2077123:2077771](+)
id: cds-WP_048130351.1
qualifiers:
    Key: Dbxref, Value: ['GenBank:WP_048130351.1', 'GeneID:24814263']
    Key: ID, Value: ['cds-WP_048130351.1']
    Key: Name, Value: ['WP_048130351.1']
    Key: Ontology_term, Value: ['GO:0043571', 'GO:0004520', 'GO:0046872']
    Key: Parent, Value: ['gene-MSWH1_RS09075']
    Key: gbkey, Value: ['CDS']
    Key: gene, Value: ['cas1']
    Key: go_function, Value: ['DNA endonuclease activity|0004520||IEA', 'metal ion binding|0046872||IEA']
    Key: go_process, Value: ['maintenance of CRISPR repeat elements|0043571||IEA']
    Key: inference, Value: ['COORDINATES: protein motif:HMM:TIGR00287.1']
    Key: locus_tag, Value: ['MSWH1_RS09075']
    Key: phase, Value: ['0']
    Key: product, Value: ['CRISPR-associated endonuclease Cas1']
    Key: protein_id, Value: ['WP_048130351.1']
    Key: source, Value: ['Protein Homology']
    Key: transl_table, Value: ['11']

GF(CRISPR-associated endonuclease Cas1, 22158-22806 (1))
type: CDS
location: [2077928:2078375](-)
id: cds-WP_255350456.1
qualifiers:
    Key: Dbxref, Value: ['GenBank:WP_255350456.1', 'GeneID:24814264']
    Key: ID, Value: ['cds-WP_255350456.1']
    Key: Name, Value: ['WP_255350456.1']
    Key: Ontology_term, Value: ['GO:0008080']
    Key: Parent, Value: ['gene-MSWH1_RS09080']
    Key: gbkey, Value: ['CDS']
    Key: go_function, Value: ['N-acetyltransferase activity|0008080||IEA']
    Key: inference, Value: ['COORDINATES: protein motif:HMM:NF025054.2']
    Key: locus_tag, Value: ['MSWH1_RS09080']
    Key: phase, Value: ['0']
    Key: product, Value: ['GNAT family N-acetyltransferase']
    Key: protein_id, Value: ['WP_255350456.1']
    Key: source, Value: ['Protein Homology']
    Key: transl_table, Value: ['11']

GF(GNAT family N-acetyltransferase, 22963-23410 (-1))
type: CDS
location: [2078467:2078614](-)
id: cds-WP_156148128.1
qualifiers:
    Key: Dbxref, Value: ['GenBank:WP_156148128.1', 'GeneID:42854676']
    Key: ID, Value: ['cds-WP_156148128.1']
    Key: Name, Value: ['WP_156148128.1']
    Key: Parent, Value: ['gene-MSWH1_RS19080']
    Key: gbkey, Value: ['CDS']
    Key: inference, Value: ['COORDINATES: ab initio prediction:GeneMarkS-2+']
    Key: locus_tag, Value: ['MSWH1_RS19080']
    Key: phase, Value: ['0']
    Key: product, Value: ['hypothetical protein']
    Key: protein_id, Value: ['WP_156148128.1']
    Key: source, Value: ['GeneMarkS-2+']
    Key: transl_table, Value: ['11']

GF(None, 23502-23649 (-1))
type: CDS
location: [2078866:2079214](-)
id: cds-WP_197074580.1
qualifiers:
    Key: Dbxref, Value: ['GenBank:WP_197074580.1', 'GeneID:60431269']
    Key: ID, Value: ['cds-WP_197074580.1']
    Key: Name, Value: ['WP_197074580.1']
    Key: Parent, Value: ['gene-MSWH1_RS19635']
    Key: gbkey, Value: ['CDS']
    Key: inference, Value: ['COORDINATES: similar to AA sequence:RefSeq:WP_011032497.1']
    Key: locus_tag, Value: ['MSWH1_RS19635']
    Key: phase, Value: ['0']
    Key: product, Value: ['hypothetical protein']
    Key: protein_id, Value: ['WP_197074580.1']
    Key: source, Value: ['Protein Homology']
    Key: transl_table, Value: ['11']

GF(None, 23901-24249 (-1))
type: CDS
location: [2079125:2079350](-)
id: cds-MSWH1_RS20085
qualifiers:
    Key: Dbxref, Value: ['GeneID:69043044']
    Key: ID, Value: ['cds-MSWH1_RS20085']
    Key: Note, Value: ['incomplete; partial in the middle of a contig; missing N-terminus']
    Key: Parent, Value: ['gene-MSWH1_RS20085']
    Key: end_range, Value: ['2079350', '.']
    Key: gbkey, Value: ['CDS']
    Key: inference, Value: ['COORDINATES: similar to AA sequence:RefSeq:WP_011020875.1']
    Key: locus_tag, Value: ['MSWH1_RS20085']
    Key: partial, Value: ['true']
    Key: phase, Value: ['0']
    Key: product, Value: ['hypothetical protein']
    Key: pseudo, Value: ['true']
    Key: source, Value: ['Protein Homology']
    Key: transl_table, Value: ['11']

GF(None, 24160-24385 (-1))
type: CDS
location: [2080059:2080845](-)
id: cds-WP_197074052.1
qualifiers:
    Key: Dbxref, Value: ['GenBank:WP_197074052.1', 'GeneID:60431270']
    Key: ID, Value: ['cds-WP_197074052.1']
    Key: Name, Value: ['WP_197074052.1']
    Key: Parent, Value: ['gene-MSWH1_RS19640']
    Key: gbkey, Value: ['CDS']
    Key: inference, Value: ['COORDINATES: ab initio prediction:GeneMarkS-2+']
    Key: locus_tag, Value: ['MSWH1_RS19640']
    Key: phase, Value: ['0']
    Key: product, Value: ['hypothetical protein']
    Key: protein_id, Value: ['WP_197074052.1']
    Key: source, Value: ['GeneMarkS-2+']
    Key: transl_table, Value: ['11']

GF(None, 25094-25880 (-1))
type: repeat_region
location: [2069159:2069707](+)
id: NZ_CP009504.1_1
qualifiers:
    Key: Dbxref, Value: ['SO:0001459']
    Key: ID, Value: ['NZ_CP009504.1_1']
    Key: Note, Value: ['GTTTCAATCCTTGTTTTGCTGGAAGCTGTTTTTCAAC']
    Key: Ontology_term, Value: ['CRISPR']
    Key: score, Value: ['548']
    Key: source, Value: ['CCTyper']

GF(Repeat region, 14194-14742 (0))
type: repeat_region
location: [2075016:2076588](+)
id: NZ_CP009504.1_2
qualifiers:
    Key: Dbxref, Value: ['SO:0001459']
    Key: ID, Value: ['NZ_CP009504.1_2']
    Key: Note, Value: ['GTTTCAATCCTTGTTTTGCTGGAAGCTGTTTTTCAAC']
    Key: Ontology_term, Value: ['CRISPR']
    Key: score, Value: ['1572']
    Key: source, Value: ['CCTyper']

GF(Repeat region, 20051-21623 (0))
graphic feature from known effectors: GF(csx1, 4000-8079 (-1))
[GF(None, 1049-1187 (1)), GF(None, 1311-1482 (1)), GF(UbiA prenyltransferase family protein, 1800-2226 (-1)), GF(None, 2267-2663 (-1)), GF(None, 3392-3734 (-1)), GF(None, 3999-8079 (-1)), GF(type III-A CRISPR-associated RAMP protein Csm5, 8104-9277 (-1)), GF(type III-A CRISPR-associated RAMP protein Csm4, 9273-10287 (-1)), GF(type III-A CRISPR-associated RAMP protein Csm3, 10279-11056 (-1)), GF(type III-A CRISPR-associated protein Csm2, 11056-11554 (-1)), GF(type III-A CRISPR-associated protein Cas10/Csm1, 11550-14073 (-1)), GF(CRISPR-associated endonuclease Cas1, 15277-16285 (1)), GF(CRISPR-associated endonuclease Cas2, 16287-16590 (1)), GF(DUF6293 family protein, 16625-17393 (1)), GF(CRISPR-associated endonuclease Cas6, 17650-18322 (-1)), GF(group II intron reverse transcriptase/maturase, 18380-19634 (-1)), GF(CRISPR-associated endonuclease Cas1, 22158-22806 (1)), GF(GNAT family N-acetyltransferase, 22963-23410 (-1)), GF(None, 23502-23649 (-1)), GF(None, 23901-24249 (-1)), GF(None, 24160-24385 (-1)), GF(None, 25094-25880 (-1)), GF(Repeat region, 14194-14742 (0)), GF(Repeat region, 20051-21623 (0)), GF(csx1, 4000-8079 (-1)), GF(CRISPR-Cas locus, 4000-22806 (0))]
