Cas operons file:    Unnamed: 0       Contig  ...           locus_id           sample
0           0  NC_013156.1  ...  GCF_000023985.1_0  GCF_000023985.1

[1 rows x 19 columns]
The chosen contig: NC_013156.1
type: CDS
location: [266086:267190](-)
id: cds-WP_015790849.1
qualifiers:
    Key: Dbxref, Value: ['GenBank:WP_015790849.1', 'GeneID:8364937']
    Key: ID, Value: ['cds-WP_015790849.1']
    Key: Name, Value: ['WP_015790849.1']
    Key: Parent, Value: ['gene-MEFER_RS01350']
    Key: gbkey, Value: ['CDS']
    Key: inference, Value: ['COORDINATES: similar to AA sequence:RefSeq:WP_012980454.1']
    Key: locus_tag, Value: ['MEFER_RS01350']
    Key: phase, Value: ['0']
    Key: product, Value: ['tryptophan--tRNA ligase']
    Key: protein_id, Value: ['WP_015790849.1']
    Key: source, Value: ['Protein Homology']
    Key: transl_table, Value: ['11']

GF(tryptophan--tRNA ligase, 598-1702 (-1))
type: CDS
location: [267362:267965](+)
id: cds-WP_015790850.1
qualifiers:
    Key: Dbxref, Value: ['GenBank:WP_015790850.1', 'GeneID:8364938']
    Key: ID, Value: ['cds-WP_015790850.1']
    Key: Name, Value: ['WP_015790850.1']
    Key: Ontology_term, Value: ['GO:0008654', 'GO:0003882']
    Key: Parent, Value: ['gene-MEFER_RS01355']
    Key: gbkey, Value: ['CDS']
    Key: gene, Value: ['pssA']
    Key: go_function, Value: ['CDP-diacylglycerol-serine O-phosphatidyltransferase activity|0003882||IEA']
    Key: go_process, Value: ['phospholipid biosynthetic process|0008654||IEA']
    Key: inference, Value: ['COORDINATES: similar to AA sequence:RefSeq:WP_018153266.1']
    Key: locus_tag, Value: ['MEFER_RS01355']
    Key: phase, Value: ['0']
    Key: product, Value: ['CDP-diacylglycerol--serine O-phosphatidyltransferase']
    Key: protein_id, Value: ['WP_015790850.1']
    Key: source, Value: ['Protein Homology']
    Key: transl_table, Value: ['11']

GF(CDP-diacylglycerol--serine O-phosphatidyltransferase, 1874-2477 (1))
type: CDS
location: [267971:268601](+)
id: cds-WP_157200699.1
qualifiers:
    Key: Dbxref, Value: ['GenBank:WP_157200699.1', 'GeneID:8364939']
    Key: ID, Value: ['cds-WP_157200699.1']
    Key: Name, Value: ['WP_157200699.1']
    Key: Ontology_term, Value: ['GO:0006468', 'GO:0004672']
    Key: Parent, Value: ['gene-MEFER_RS01360']
    Key: gbkey, Value: ['CDS']
    Key: go_function, Value: ['protein kinase activity|0004672||IEA']
    Key: go_process, Value: ['protein phosphorylation|0006468||IEA']
    Key: inference, Value: ['COORDINATES: similar to AA sequence:RefSeq:WP_012980434.1']
    Key: locus_tag, Value: ['MEFER_RS01360']
    Key: phase, Value: ['0']
    Key: product, Value: ['protein kinase']
    Key: protein_id, Value: ['WP_157200699.1']
    Key: source, Value: ['Protein Homology']
    Key: transl_table, Value: ['11']

GF(protein kinase, 2483-3113 (1))
type: CDS
location: [268629:269397](+)
id: cds-WP_015790852.1
qualifiers:
    Key: Dbxref, Value: ['GenBank:WP_015790852.1', 'GeneID:8364940']
    Key: ID, Value: ['cds-WP_015790852.1']
    Key: Name, Value: ['WP_015790852.1']
    Key: Parent, Value: ['gene-MEFER_RS01365']
    Key: gbkey, Value: ['CDS']
    Key: inference, Value: ['COORDINATES: similar to AA sequence:RefSeq:WP_015790852.1']
    Key: locus_tag, Value: ['MEFER_RS01365']
    Key: phase, Value: ['0']
    Key: product, Value: ['proteasome assembly chaperone family protein']
    Key: protein_id, Value: ['WP_015790852.1']
    Key: source, Value: ['Protein Homology']
    Key: transl_table, Value: ['11']

GF(proteasome assembly chaperone family protein, 3141-3909 (1))
type: CDS
location: [269487:270648](+)
id: cds-WP_015790853.1
qualifiers:
    Key: Dbxref, Value: ['GenBank:WP_015790853.1', 'GeneID:8364941']
    Key: ID, Value: ['cds-WP_015790853.1']
    Key: Name, Value: ['WP_015790853.1']
    Key: Ontology_term, Value: ['GO:0043571', 'GO:0003674']
    Key: Parent, Value: ['gene-MEFER_RS01370']
    Key: gbkey, Value: ['CDS']
    Key: gene, Value: ['cmr1']
    Key: go_function, Value: ['molecular_function|0003674||IEA']
    Key: go_process, Value: ['maintenance of CRISPR repeat elements|0043571||IEA']
    Key: inference, Value: ['COORDINATES: similar to AA sequence:RefSeq:WP_015733365.1']
    Key: locus_tag, Value: ['MEFER_RS01370']
    Key: phase, Value: ['0']
    Key: product, Value: ['type III-B CRISPR module RAMP protein Cmr1']
    Key: protein_id, Value: ['WP_015790853.1']
    Key: source, Value: ['Protein Homology']
    Key: transl_table, Value: ['11']

GF(type III-B CRISPR module RAMP protein Cmr1, 3999-5160 (1))
type: CDS
location: [270628:271741](+)
id: cds-WP_015790854.1
qualifiers:
    Key: Dbxref, Value: ['GenBank:WP_015790854.1', 'GeneID:8364942']
    Key: ID, Value: ['cds-WP_015790854.1']
    Key: Name, Value: ['WP_015790854.1']
    Key: Parent, Value: ['gene-MEFER_RS01375']
    Key: gbkey, Value: ['CDS']
    Key: inference, Value: ['COORDINATES: similar to AA sequence:RefSeq:WP_015733366.1']
    Key: locus_tag, Value: ['MEFER_RS01375']
    Key: phase, Value: ['0']
    Key: product, Value: ['hypothetical protein']
    Key: protein_id, Value: ['WP_015790854.1']
    Key: source, Value: ['Protein Homology']
    Key: transl_table, Value: ['11']

GF(None, 5140-6253 (1))
type: CDS
location: [271731:272121](+)
id: cds-WP_015790855.1
qualifiers:
    Key: Dbxref, Value: ['GenBank:WP_015790855.1', 'GeneID:25394511']
    Key: ID, Value: ['cds-WP_015790855.1']
    Key: Name, Value: ['WP_015790855.1']
    Key: Parent, Value: ['gene-MEFER_RS08175']
    Key: gbkey, Value: ['CDS']
    Key: inference, Value: ['COORDINATES: ab initio prediction:GeneMarkS-2+']
    Key: locus_tag, Value: ['MEFER_RS08175']
    Key: phase, Value: ['0']
    Key: product, Value: ['hypothetical protein']
    Key: protein_id, Value: ['WP_015790855.1']
    Key: source, Value: ['GeneMarkS-2+']
    Key: transl_table, Value: ['11']

GF(None, 6243-6633 (1))
type: CDS
location: [272080:275251](+)
id: cds-WP_015790856.1
qualifiers:
    Key: Dbxref, Value: ['GenBank:WP_015790856.1', 'GeneID:8364944']
    Key: ID, Value: ['cds-WP_015790856.1']
    Key: Name, Value: ['WP_015790856.1']
    Key: Ontology_term, Value: ['GO:0043571', 'GO:0003674', 'GO:0005575']
    Key: Parent, Value: ['gene-MEFER_RS01380']
    Key: gbkey, Value: ['CDS']
    Key: go_component, Value: ['cellular_component|0005575||IEA']
    Key: go_function, Value: ['molecular_function|0003674||IEA']
    Key: go_process, Value: ['maintenance of CRISPR repeat elements|0043571||IEA']
    Key: inference, Value: ['COORDINATES: protein motif:HMM:TIGR02682.1']
    Key: locus_tag, Value: ['MEFER_RS01380']
    Key: phase, Value: ['0']
    Key: product, Value: ['CRISPR-associated protein Csx11']
    Key: protein_id, Value: ['WP_015790856.1']
    Key: source, Value: ['Protein Homology']
    Key: transl_table, Value: ['11']

GF(CRISPR-associated protein Csx11, 6592-9763 (1))
type: CDS
location: [275437:276808](+)
id: cds-WP_169301542.1
qualifiers:
    Key: Dbxref, Value: ['GenBank:WP_169301542.1', 'GeneID:8364945']
    Key: ID, Value: ['cds-WP_169301542.1']
    Key: Name, Value: ['WP_169301542.1']
    Key: Parent, Value: ['gene-MEFER_RS01385']
    Key: gbkey, Value: ['CDS']
    Key: inference, Value: ['COORDINATES: similar to AA sequence:RefSeq:WP_015733369.1']
    Key: locus_tag, Value: ['MEFER_RS01385']
    Key: phase, Value: ['0']
    Key: product, Value: ['RAMP superfamily CRISPR-associated protein']
    Key: protein_id, Value: ['WP_169301542.1']
    Key: source, Value: ['Protein Homology']
    Key: transl_table, Value: ['11']

GF(RAMP superfamily CRISPR-associated protein, 9949-11320 (1))
type: CDS
location: [276825:277287](+)
id: cds-WP_015790858.1
qualifiers:
    Key: Dbxref, Value: ['GenBank:WP_015790858.1', 'GeneID:8364946']
    Key: ID, Value: ['cds-WP_015790858.1']
    Key: Name, Value: ['WP_015790858.1']
    Key: Parent, Value: ['gene-MEFER_RS01390']
    Key: gbkey, Value: ['CDS']
    Key: inference, Value: ['COORDINATES: similar to AA sequence:RefSeq:WP_015733370.1']
    Key: locus_tag, Value: ['MEFER_RS01390']
    Key: phase, Value: ['0']
    Key: product, Value: ['hypothetical protein']
    Key: protein_id, Value: ['WP_015790858.1']
    Key: source, Value: ['Protein Homology']
    Key: transl_table, Value: ['11']

GF(None, 11337-11799 (1))
type: CDS
location: [277286:278093](+)
id: cds-WP_015790859.1
qualifiers:
    Key: Dbxref, Value: ['GenBank:WP_015790859.1', 'GeneID:8364947']
    Key: ID, Value: ['cds-WP_015790859.1']
    Key: Name, Value: ['WP_015790859.1']
    Key: Parent, Value: ['gene-MEFER_RS01395']
    Key: gbkey, Value: ['CDS']
    Key: inference, Value: ['COORDINATES: similar to AA sequence:RefSeq:WP_015733371.1']
    Key: locus_tag, Value: ['MEFER_RS01395']
    Key: phase, Value: ['0']
    Key: product, Value: ['hypothetical protein']
    Key: protein_id, Value: ['WP_015790859.1']
    Key: source, Value: ['Protein Homology']
    Key: transl_table, Value: ['11']

GF(None, 11798-12605 (1))
type: CDS
location: [278104:279325](-)
id: cds-WP_015790860.1
qualifiers:
    Key: Dbxref, Value: ['GenBank:WP_015790860.1', 'GeneID:8364948']
    Key: ID, Value: ['cds-WP_015790860.1']
    Key: Name, Value: ['WP_015790860.1']
    Key: Parent, Value: ['gene-MEFER_RS01400']
    Key: gbkey, Value: ['CDS']
    Key: inference, Value: ['COORDINATES: similar to AA sequence:RefSeq:WP_012980432.1']
    Key: locus_tag, Value: ['MEFER_RS01400']
    Key: phase, Value: ['0']
    Key: product, Value: ['methionine adenosyltransferase']
    Key: protein_id, Value: ['WP_015790860.1']
    Key: source, Value: ['Protein Homology']
    Key: transl_table, Value: ['11']

GF(methionine adenosyltransferase, 12616-13837 (-1))
type: CDS
location: [279442:280123](-)
id: cds-WP_015790861.1
qualifiers:
    Key: Dbxref, Value: ['GenBank:WP_015790861.1', 'GeneID:8364949']
    Key: ID, Value: ['cds-WP_015790861.1']
    Key: Name, Value: ['WP_015790861.1']
    Key: Parent, Value: ['gene-MEFER_RS01405']
    Key: gbkey, Value: ['CDS']
    Key: inference, Value: ['COORDINATES: similar to AA sequence:RefSeq:WP_010870719.1']
    Key: locus_tag, Value: ['MEFER_RS01405']
    Key: phase, Value: ['0']
    Key: product, Value: ['KEOPS complex subunit Pcc1']
    Key: protein_id, Value: ['WP_015790861.1']
    Key: source, Value: ['Protein Homology']
    Key: transl_table, Value: ['11']

GF(KEOPS complex subunit Pcc1, 13954-14635 (-1))
type: CDS
location: [280546:281224](+)
id: cds-WP_015790862.1
qualifiers:
    Key: Dbxref, Value: ['GenBank:WP_015790862.1', 'GeneID:8364952']
    Key: ID, Value: ['cds-WP_015790862.1']
    Key: Name, Value: ['WP_015790862.1']
    Key: Parent, Value: ['gene-MEFER_RS01420']
    Key: gbkey, Value: ['CDS']
    Key: inference, Value: ['COORDINATES: similar to AA sequence:RefSeq:WP_010870645.1']
    Key: locus_tag, Value: ['MEFER_RS01420']
    Key: phase, Value: ['0']
    Key: product, Value: ['segregation/condensation protein A']
    Key: protein_id, Value: ['WP_015790862.1']
    Key: source, Value: ['Protein Homology']
    Key: transl_table, Value: ['11']

GF(segregation/condensation protein A, 15058-15736 (1))
[GF(tryptophan--tRNA ligase, 598-1702 (-1)), GF(CDP-diacylglycerol--serine O-phosphatidyltransferase, 1874-2477 (1)), GF(protein kinase, 2483-3113 (1)), GF(proteasome assembly chaperone family protein, 3141-3909 (1)), GF(type III-B CRISPR module RAMP protein Cmr1, 3999-5160 (1)), GF(None, 5140-6253 (1)), GF(None, 6243-6633 (1)), GF(CRISPR-associated protein Csx11, 6592-9763 (1)), GF(RAMP superfamily CRISPR-associated protein, 9949-11320 (1)), GF(None, 11337-11799 (1)), GF(None, 11798-12605 (1)), GF(methionine adenosyltransferase, 12616-13837 (-1)), GF(KEOPS complex subunit Pcc1, 13954-14635 (-1)), GF(segregation/condensation protein A, 15058-15736 (1)), GF(CRISPR-Cas locus, 4000-12605 (0))]
