Cas operons file:    Unnamed: 0         Contig  ...           locus_id           sample
0           3  NZ_CP071793.1  ...  GCF_017498545.1_3  GCF_017498545.1

[1 rows x 19 columns]
The chosen contig: NZ_CP071793.1
type: CDS
location: [11343581:11344514](+)
id: cds-WP_237380335.1
qualifiers:
    Key: Dbxref, Value: ['GenBank:WP_237380335.1']
    Key: ID, Value: ['cds-WP_237380335.1']
    Key: Name, Value: ['WP_237380335.1']
    Key: Ontology_term, Value: ['GO:0030288']
    Key: Parent, Value: ['gene-J3U87_RS33470']
    Key: gbkey, Value: ['CDS']
    Key: go_component, Value: ['outer membrane-bounded periplasmic space|0030288||IEA']
    Key: inference, Value: ['COORDINATES: protein motif:HMM:NF015724.4']
    Key: locus_tag, Value: ['J3U87_RS33470']
    Key: phase, Value: ['0']
    Key: product, Value: ['CsgG/HfaB family protein']
    Key: protein_id, Value: ['WP_237380335.1']
    Key: source, Value: ['Protein Homology']
    Key: transl_table, Value: ['11']

GF(CsgG/HfaB family protein, 903-1836 (1))
type: CDS
location: [11344662:11346555](+)
id: cds-WP_237380337.1
qualifiers:
    Key: Dbxref, Value: ['GenBank:WP_237380337.1']
    Key: ID, Value: ['cds-WP_237380337.1']
    Key: Name, Value: ['WP_237380337.1']
    Key: Parent, Value: ['gene-J3U87_RS33475']
    Key: gbkey, Value: ['CDS']
    Key: inference, Value: ['COORDINATES: protein motif:HMM:NF033611.0']
    Key: locus_tag, Value: ['J3U87_RS33475']
    Key: phase, Value: ['0']
    Key: product, Value: ['SAVED domain-containing protein']
    Key: protein_id, Value: ['WP_237380337.1']
    Key: source, Value: ['Protein Homology']
    Key: transl_table, Value: ['11']

GF(SAVED domain-containing protein, 1984-3877 (1))
type: CDS
location: [11346677:11348504](+)
id: cds-WP_237380339.1
qualifiers:
    Key: Dbxref, Value: ['GenBank:WP_237380339.1']
    Key: ID, Value: ['cds-WP_237380339.1']
    Key: Name, Value: ['WP_237380339.1']
    Key: Parent, Value: ['gene-J3U87_RS33480']
    Key: gbkey, Value: ['CDS']
    Key: inference, Value: ['COORDINATES: ab initio prediction:GeneMarkS-2+']
    Key: locus_tag, Value: ['J3U87_RS33480']
    Key: phase, Value: ['0']
    Key: product, Value: ['hypothetical protein']
    Key: protein_id, Value: ['WP_237380339.1']
    Key: source, Value: ['GeneMarkS-2+']
    Key: transl_table, Value: ['11']

GF(None, 3999-5826 (1))
type: CDS
location: [11348500:11349172](+)
id: cds-WP_237380341.1
qualifiers:
    Key: Dbxref, Value: ['GenBank:WP_237380341.1']
    Key: ID, Value: ['cds-WP_237380341.1']
    Key: Name, Value: ['WP_237380341.1']
    Key: Parent, Value: ['gene-J3U87_RS33485']
    Key: gbkey, Value: ['CDS']
    Key: inference, Value: ['COORDINATES: protein motif:HMM:NF015728.4']
    Key: locus_tag, Value: ['J3U87_RS33485']
    Key: phase, Value: ['0']
    Key: product, Value: ['RAMP superfamily CRISPR-associated protein']
    Key: protein_id, Value: ['WP_237380341.1']
    Key: source, Value: ['Protein Homology']
    Key: transl_table, Value: ['11']

GF(RAMP superfamily CRISPR-associated protein, 5822-6494 (1))
type: CDS
location: [11349168:11350881](+)
id: cds-WP_237380343.1
qualifiers:
    Key: Dbxref, Value: ['GenBank:WP_237380343.1']
    Key: ID, Value: ['cds-WP_237380343.1']
    Key: Name, Value: ['WP_237380343.1']
    Key: Parent, Value: ['gene-J3U87_RS33490']
    Key: gbkey, Value: ['CDS']
    Key: inference, Value: ['COORDINATES: ab initio prediction:GeneMarkS-2+']
    Key: locus_tag, Value: ['J3U87_RS33490']
    Key: phase, Value: ['0']
    Key: product, Value: ['hypothetical protein']
    Key: protein_id, Value: ['WP_237380343.1']
    Key: source, Value: ['GeneMarkS-2+']
    Key: transl_table, Value: ['11']

GF(None, 6490-8203 (1))
type: CDS
location: [11350873:11352640](+)
id: cds-WP_237380345.1
qualifiers:
    Key: Dbxref, Value: ['GenBank:WP_237380345.1']
    Key: ID, Value: ['cds-WP_237380345.1']
    Key: Name, Value: ['WP_237380345.1']
    Key: Parent, Value: ['gene-J3U87_RS33495']
    Key: gbkey, Value: ['CDS']
    Key: inference, Value: ['COORDINATES: protein motif:HMM:NF015728.4']
    Key: locus_tag, Value: ['J3U87_RS33495']
    Key: phase, Value: ['0']
    Key: product, Value: ['RAMP superfamily CRISPR-associated protein']
    Key: protein_id, Value: ['WP_237380345.1']
    Key: source, Value: ['Protein Homology']
    Key: transl_table, Value: ['11']

GF(RAMP superfamily CRISPR-associated protein, 8195-9962 (1))
type: CDS
location: [11352629:11353238](+)
id: cds-WP_237380346.1
qualifiers:
    Key: Dbxref, Value: ['GenBank:WP_237380346.1']
    Key: ID, Value: ['cds-WP_237380346.1']
    Key: Name, Value: ['WP_237380346.1']
    Key: Parent, Value: ['gene-J3U87_RS33500']
    Key: gbkey, Value: ['CDS']
    Key: inference, Value: ['COORDINATES: ab initio prediction:GeneMarkS-2+']
    Key: locus_tag, Value: ['J3U87_RS33500']
    Key: phase, Value: ['0']
    Key: product, Value: ['hypothetical protein']
    Key: protein_id, Value: ['WP_237380346.1']
    Key: source, Value: ['GeneMarkS-2+']
    Key: transl_table, Value: ['11']

GF(None, 9951-10560 (1))
type: CDS
location: [11353372:11355736](+)
id: cds-WP_237380348.1
qualifiers:
    Key: Dbxref, Value: ['GenBank:WP_237380348.1']
    Key: ID, Value: ['cds-WP_237380348.1']
    Key: Name, Value: ['WP_237380348.1']
    Key: Parent, Value: ['gene-J3U87_RS33505']
    Key: gbkey, Value: ['CDS']
    Key: inference, Value: ['COORDINATES: protein motif:HMM:TIGR03986.1']
    Key: locus_tag, Value: ['J3U87_RS33505']
    Key: phase, Value: ['0']
    Key: product, Value: ['TIGR03986 family CRISPR-associated RAMP protein']
    Key: protein_id, Value: ['WP_237380348.1']
    Key: source, Value: ['Protein Homology']
    Key: transl_table, Value: ['11']

GF(TIGR03986 family CRISPR-associated RAMP protein, 10694-13058 (1))
type: CDS
location: [11355939:11356527](+)
id: cds-WP_237380350.1
qualifiers:
    Key: Dbxref, Value: ['GenBank:WP_237380350.1']
    Key: ID, Value: ['cds-WP_237380350.1']
    Key: Name, Value: ['WP_237380350.1']
    Key: Ontology_term, Value: ['GO:0006352', 'GO:0003677', 'GO:0016987']
    Key: Parent, Value: ['gene-J3U87_RS33510']
    Key: gbkey, Value: ['CDS']
    Key: go_function, Value: ['DNA binding|0003677||IEA', 'sigma factor activity|0016987||IEA']
    Key: go_process, Value: ['DNA-templated transcription initiation|0006352||IEA']
    Key: inference, Value: ['COORDINATES: protein motif:HMM:TIGR02937.1']
    Key: locus_tag, Value: ['J3U87_RS33510']
    Key: phase, Value: ['0']
    Key: product, Value: ['sigma-70 family RNA polymerase sigma factor']
    Key: protein_id, Value: ['WP_237380350.1']
    Key: source, Value: ['Protein Homology']
    Key: transl_table, Value: ['11']

GF(sigma-70 family RNA polymerase sigma factor, 13261-13849 (1))
type: CDS
location: [11356523:11357261](+)
id: cds-WP_237380351.1
qualifiers:
    Key: Dbxref, Value: ['GenBank:WP_237380351.1']
    Key: ID, Value: ['cds-WP_237380351.1']
    Key: Name, Value: ['WP_237380351.1']
    Key: Parent, Value: ['gene-J3U87_RS33515']
    Key: gbkey, Value: ['CDS']
    Key: inference, Value: ['COORDINATES: ab initio prediction:GeneMarkS-2+']
    Key: locus_tag, Value: ['J3U87_RS33515']
    Key: phase, Value: ['0']
    Key: product, Value: ['hypothetical protein']
    Key: protein_id, Value: ['WP_237380351.1']
    Key: source, Value: ['GeneMarkS-2+']
    Key: transl_table, Value: ['11']

GF(None, 13845-14583 (1))
[GF(CsgG/HfaB family protein, 903-1836 (1)), GF(SAVED domain-containing protein, 1984-3877 (1)), GF(None, 3999-5826 (1)), GF(RAMP superfamily CRISPR-associated protein, 5822-6494 (1)), GF(None, 6490-8203 (1)), GF(RAMP superfamily CRISPR-associated protein, 8195-9962 (1)), GF(None, 9951-10560 (1)), GF(TIGR03986 family CRISPR-associated RAMP protein, 10694-13058 (1)), GF(sigma-70 family RNA polymerase sigma factor, 13261-13849 (1)), GF(None, 13845-14583 (1)), GF(CRISPR-Cas locus, 4000-13058 (0))]
