Cas operons file:    Unnamed: 0         Contig  ...           locus_id           sample
0           0  NZ_CP046315.1  ...  GCF_009730335.1_0  GCF_009730335.1

[1 rows x 19 columns]
The chosen contig: NZ_CP046315.1
type: CDS
location: [1891338:1893774](-)
id: cds-WP_196773374.1
qualifiers:
    Key: Dbxref, Value: ['GenBank:WP_196773374.1']
    Key: ID, Value: ['cds-WP_196773374.1']
    Key: Name, Value: ['WP_196773374.1']
    Key: Ontology_term, Value: ['GO:0006508', 'GO:0008236']
    Key: Parent, Value: ['gene-FOC40_RS08275']
    Key: gbkey, Value: ['CDS']
    Key: go_function, Value: ['serine-type peptidase activity|0008236||IEA']
    Key: go_process, Value: ['proteolysis|0006508||IEA']
    Key: inference, Value: ['COORDINATES: similar to AA sequence:RefSeq:WP_009054442.1']
    Key: locus_tag, Value: ['FOC40_RS08275']
    Key: phase, Value: ['0']
    Key: product, Value: ['S8 family serine peptidase']
    Key: protein_id, Value: ['WP_196773374.1']
    Key: source, Value: ['Protein Homology']
    Key: transl_table, Value: ['11']

GF(S8 family serine peptidase, 1104-3540 (-1))
type: CDS
location: [1894404:1895037](+)
id: cds-WP_003794747.1
qualifiers:
    Key: Dbxref, Value: ['GenBank:WP_003794747.1']
    Key: ID, Value: ['cds-WP_003794747.1']
    Key: Name, Value: ['WP_003794747.1']
    Key: Parent, Value: ['gene-FOC40_RS08280']
    Key: gbkey, Value: ['CDS']
    Key: gene, Value: ['cas6']
    Key: inference, Value: ['COORDINATES: protein motif:HMM:NF021551.4']
    Key: locus_tag, Value: ['FOC40_RS08280']
    Key: phase, Value: ['0']
    Key: product, Value: ['CRISPR system precrRNA processing endoribonuclease RAMP protein Cas6']
    Key: protein_id, Value: ['WP_003794747.1']
    Key: source, Value: ['Protein Homology']
    Key: transl_table, Value: ['11']

GF(CRISPR system precrRNA processing endoribonuclease RAMP protein Cas6, 4170-4803 (1))
type: CDS
location: [1895057:1895723](+)
id: cds-WP_003794745.1
qualifiers:
    Key: Dbxref, Value: ['GenBank:WP_003794745.1']
    Key: ID, Value: ['cds-WP_003794745.1']
    Key: Name, Value: ['WP_003794745.1']
    Key: Parent, Value: ['gene-FOC40_RS08285']
    Key: gbkey, Value: ['CDS']
    Key: inference, Value: ['COORDINATES: similar to AA sequence:RefSeq:WP_009054940.1']
    Key: locus_tag, Value: ['FOC40_RS08285']
    Key: phase, Value: ['0']
    Key: product, Value: ['hypothetical protein']
    Key: protein_id, Value: ['WP_003794745.1']
    Key: source, Value: ['Protein Homology']
    Key: transl_table, Value: ['11']

GF(None, 4823-5489 (1))
type: CDS
location: [1895736:1897710](+)
id: cds-WP_003794744.1
qualifiers:
    Key: Dbxref, Value: ['GenBank:WP_003794744.1']
    Key: ID, Value: ['cds-WP_003794744.1']
    Key: Name, Value: ['WP_003794744.1']
    Key: Parent, Value: ['gene-FOC40_RS08290']
    Key: gbkey, Value: ['CDS']
    Key: inference, Value: ['COORDINATES: similar to AA sequence:RefSeq:WP_009647292.1']
    Key: locus_tag, Value: ['FOC40_RS08290']
    Key: phase, Value: ['0']
    Key: product, Value: ['hypothetical protein']
    Key: protein_id, Value: ['WP_003794744.1']
    Key: source, Value: ['Protein Homology']
    Key: transl_table, Value: ['11']

GF(None, 5502-7476 (1))
type: CDS
location: [1897706:1899797](+)
id: cds-WP_039929279.1
qualifiers:
    Key: Dbxref, Value: ['GenBank:WP_039929279.1']
    Key: ID, Value: ['cds-WP_039929279.1']
    Key: Name, Value: ['WP_039929279.1']
    Key: Parent, Value: ['gene-FOC40_RS08295']
    Key: gbkey, Value: ['CDS']
    Key: inference, Value: ['COORDINATES: similar to AA sequence:RefSeq:WP_005985292.1']
    Key: locus_tag, Value: ['FOC40_RS08295']
    Key: phase, Value: ['0']
    Key: product, Value: ['RAMP superfamily CRISPR-associated protein']
    Key: protein_id, Value: ['WP_039929279.1']
    Key: source, Value: ['Protein Homology']
    Key: transl_table, Value: ['11']

GF(RAMP superfamily CRISPR-associated protein, 7472-9563 (1))
type: CDS
location: [1899793:1902607](+)
id: cds-WP_003794741.1
qualifiers:
    Key: Dbxref, Value: ['GenBank:WP_003794741.1']
    Key: ID, Value: ['cds-WP_003794741.1']
    Key: Name, Value: ['WP_003794741.1']
    Key: Parent, Value: ['gene-FOC40_RS08300']
    Key: gbkey, Value: ['CDS']
    Key: inference, Value: ['COORDINATES: similar to AA sequence:RefSeq:WP_009647287.1']
    Key: locus_tag, Value: ['FOC40_RS08300']
    Key: phase, Value: ['0']
    Key: product, Value: ['RAMP superfamily CRISPR-associated protein']
    Key: protein_id, Value: ['WP_003794741.1']
    Key: source, Value: ['Protein Homology']
    Key: transl_table, Value: ['11']

GF(RAMP superfamily CRISPR-associated protein, 9559-12373 (1))
type: CDS
location: [1902603:1903197](+)
id: cds-WP_003794740.1
qualifiers:
    Key: Dbxref, Value: ['GenBank:WP_003794740.1']
    Key: ID, Value: ['cds-WP_003794740.1']
    Key: Name, Value: ['WP_003794740.1']
    Key: Parent, Value: ['gene-FOC40_RS08305']
    Key: gbkey, Value: ['CDS']
    Key: inference, Value: ['COORDINATES: similar to AA sequence:RefSeq:WP_005985296.1']
    Key: locus_tag, Value: ['FOC40_RS08305']
    Key: phase, Value: ['0']
    Key: product, Value: ['hypothetical protein']
    Key: protein_id, Value: ['WP_003794740.1']
    Key: source, Value: ['Protein Homology']
    Key: transl_table, Value: ['11']

GF(None, 12369-12963 (1))
type: CDS
location: [1903189:1905397](+)
id: cds-WP_003794739.1
qualifiers:
    Key: Dbxref, Value: ['GenBank:WP_003794739.1']
    Key: ID, Value: ['cds-WP_003794739.1']
    Key: Name, Value: ['WP_003794739.1']
    Key: Parent, Value: ['gene-FOC40_RS08310']
    Key: gbkey, Value: ['CDS']
    Key: inference, Value: ['COORDINATES: similar to AA sequence:RefSeq:WP_005985299.1']
    Key: locus_tag, Value: ['FOC40_RS08310']
    Key: phase, Value: ['0']
    Key: product, Value: ['RAMP superfamily CRISPR-associated protein']
    Key: protein_id, Value: ['WP_003794739.1']
    Key: source, Value: ['Protein Homology']
    Key: transl_table, Value: ['11']

GF(RAMP superfamily CRISPR-associated protein, 12955-15163 (1))
type: CDS
location: [1905401:1905683](-)
id: cds-WP_003794737.1
qualifiers:
    Key: Dbxref, Value: ['GenBank:WP_003794737.1']
    Key: ID, Value: ['cds-WP_003794737.1']
    Key: Name, Value: ['WP_003794737.1']
    Key: Ontology_term, Value: ['GO:0043571', 'GO:0004521']
    Key: Parent, Value: ['gene-FOC40_RS08315']
    Key: gbkey, Value: ['CDS']
    Key: gene, Value: ['cas2']
    Key: go_function, Value: ['RNA endonuclease activity|0004521||IEA']
    Key: go_process, Value: ['maintenance of CRISPR repeat elements|0043571||IEA']
    Key: inference, Value: ['COORDINATES: similar to AA sequence:RefSeq:WP_005985301.1']
    Key: locus_tag, Value: ['FOC40_RS08315']
    Key: phase, Value: ['0']
    Key: product, Value: ['CRISPR-associated endonuclease Cas2']
    Key: protein_id, Value: ['WP_003794737.1']
    Key: source, Value: ['Protein Homology']
    Key: transl_table, Value: ['11']

GF(CRISPR-associated endonuclease Cas2, 15167-15449 (-1))
type: CDS
location: [1905679:1906114](-)
id: cds-WP_081445510.1
qualifiers:
    Key: Dbxref, Value: ['GenBank:WP_081445510.1']
    Key: ID, Value: ['cds-WP_081445510.1']
    Key: Name, Value: ['WP_081445510.1']
    Key: Ontology_term, Value: ['GO:0043571', 'GO:0004520', 'GO:0046872']
    Key: Parent, Value: ['gene-FOC40_RS10785']
    Key: gbkey, Value: ['CDS']
    Key: gene, Value: ['cas1']
    Key: go_function, Value: ['DNA endonuclease activity|0004520||IEA', 'metal ion binding|0046872||IEA']
    Key: go_process, Value: ['maintenance of CRISPR repeat elements|0043571||IEA']
    Key: inference, Value: ['COORDINATES: protein motif:HMM:TIGR00287.1']
    Key: locus_tag, Value: ['FOC40_RS10785']
    Key: phase, Value: ['0']
    Key: product, Value: ['CRISPR-associated endonuclease Cas1']
    Key: protein_id, Value: ['WP_081445510.1']
    Key: source, Value: ['Protein Homology']
    Key: transl_table, Value: ['11']

GF(CRISPR-associated endonuclease Cas1, 15445-15880 (-1))
type: CDS
location: [1906106:1906220](-)
id: cds-WP_081445509.1
qualifiers:
    Key: Dbxref, Value: ['GenBank:WP_081445509.1']
    Key: ID, Value: ['cds-WP_081445509.1']
    Key: Name, Value: ['WP_081445509.1']
    Key: Ontology_term, Value: ['GO:0043571', 'GO:0051607', 'GO:0003676', 'GO:0004519', 'GO:0046872']
    Key: Parent, Value: ['gene-FOC40_RS10790']
    Key: gbkey, Value: ['CDS']
    Key: go_function, Value: ['nucleic acid binding|0003676||IEA', 'endonuclease activity|0004519||IEA', 'metal ion binding|0046872||IEA']
    Key: go_process, Value: ['maintenance of CRISPR repeat elements|0043571||IEA', 'defense response to virus|0051607||IEA']
    Key: inference, Value: ['COORDINATES: protein motif:HMM:NF013984.4']
    Key: locus_tag, Value: ['FOC40_RS10790']
    Key: phase, Value: ['0']
    Key: product, Value: ['CRISPR-associated endonuclease Cas1']
    Key: protein_id, Value: ['WP_081445509.1']
    Key: source, Value: ['Protein Homology']
    Key: transl_table, Value: ['11']

GF(CRISPR-associated endonuclease Cas1, 15872-15986 (-1))
type: CDS
location: [1906287:1906782](-)
id: cds-FOC40_RS10795
qualifiers:
    Key: ID, Value: ['cds-FOC40_RS10795']
    Key: Note, Value: ['incomplete; partial in the middle of a contig; missing C-terminus']
    Key: Ontology_term, Value: ['GO:0043571', 'GO:0051607', 'GO:0003676', 'GO:0004519', 'GO:0046872']
    Key: Parent, Value: ['gene-FOC40_RS10795']
    Key: gbkey, Value: ['CDS']
    Key: go_function, Value: ['nucleic acid binding|0003676||IEA', 'endonuclease activity|0004519||IEA', 'metal ion binding|0046872||IEA']
    Key: go_process, Value: ['maintenance of CRISPR repeat elements|0043571||IEA', 'defense response to virus|0051607||IEA']
    Key: inference, Value: ['COORDINATES: protein motif:HMM:NF013984.4']
    Key: locus_tag, Value: ['FOC40_RS10795']
    Key: partial, Value: ['true']
    Key: phase, Value: ['0']
    Key: product, Value: ['CRISPR-associated endonuclease Cas1']
    Key: pseudo, Value: ['true']
    Key: source, Value: ['Protein Homology']
    Key: start_range, Value: ['.', '1906288']
    Key: transl_table, Value: ['11']

GF(CRISPR-associated endonuclease Cas1, 16053-16548 (-1))
type: CDS
location: [1906689:1907223](+)
id: cds-WP_155844134.1
qualifiers:
    Key: Dbxref, Value: ['GenBank:WP_155844134.1']
    Key: ID, Value: ['cds-WP_155844134.1']
    Key: Name, Value: ['WP_155844134.1']
    Key: Parent, Value: ['gene-FOC40_RS08330']
    Key: gbkey, Value: ['CDS']
    Key: inference, Value: ['COORDINATES: ab initio prediction:GeneMarkS-2+']
    Key: locus_tag, Value: ['FOC40_RS08330']
    Key: phase, Value: ['0']
    Key: product, Value: ['hypothetical protein']
    Key: protein_id, Value: ['WP_155844134.1']
    Key: source, Value: ['GeneMarkS-2+']
    Key: transl_table, Value: ['11']

GF(None, 16455-16989 (1))
type: repeat_region
location: [1907724:1908063](+)
id: NZ_CP046315.1_2
qualifiers:
    Key: Dbxref, Value: ['SO:0001459']
    Key: ID, Value: ['NZ_CP046315.1_2']
    Key: Note, Value: ['GTCAGAAAGCACCGAGCGCCAAAAGGTGCATTAAGAC']
    Key: Ontology_term, Value: ['CRISPR']
    Key: score, Value: ['339']
    Key: source, Value: ['CCTyper']

GF(Repeat region, 17490-17829 (0))
graphic feature from validated effectors: GF(cam2, 4824-5489 (1))
graphic feature from cctyper protein table: GF(Cas6, 4171-4803 (1))
graphic feature from cctyper protein table: GF(Mem, 4824-5489 (1))
graphic feature from cctyper protein table: GF(Cas10, 5503-7476 (1))
graphic feature from cctyper protein table: GF(Csm3gr7, 9560-12373 (1))
graphic feature from cctyper protein table: GF(Csx19, 12370-12963 (1))
graphic feature from cctyper protein table: GF(Csm3gr7, 12956-15163 (1))
graphic feature from cctyper protein table: GF(Cas2, 15168-15449 (-1))
Index(['protein_id', 'start', 'end', 'effector', 'locus', 'sample', 'strand',
       'sequence'],
      dtype='object')
Index(['protein_id', 'start', 'end', 'effector', 'locus', 'sample', 'strand',
       'sequence'],
      dtype='object')
[GF(S8 family serine peptidase, 1104-3540 (-1)), GF(CRISPR system precrRNA processing endoribonuclease RAMP protein Cas6, 4170-4803 (1)), GF(None, 4823-5489 (1)), GF(None, 5502-7476 (1)), GF(RAMP superfamily CRISPR-associated protein, 7472-9563 (1)), GF(RAMP superfamily CRISPR-associated protein, 9559-12373 (1)), GF(None, 12369-12963 (1)), GF(RAMP superfamily CRISPR-associated protein, 12955-15163 (1)), GF(CRISPR-associated endonuclease Cas2, 15167-15449 (-1)), GF(CRISPR-associated endonuclease Cas1, 15445-15880 (-1)), GF(CRISPR-associated endonuclease Cas1, 15872-15986 (-1)), GF(CRISPR-associated endonuclease Cas1, 16053-16548 (-1)), GF(None, 16455-16989 (1)), GF(Repeat region, 17490-17829 (0)), GF(cam2, 4824-5489 (1)), GF(Cas6, 4171-4803 (1)), GF(Mem, 4824-5489 (1)), GF(Cas10, 5503-7476 (1)), GF(Csm3gr7, 9560-12373 (1)), GF(Csx19, 12370-12963 (1)), GF(Csm3gr7, 12956-15163 (1)), GF(Cas2, 15168-15449 (-1)), GF(CRISPR-Cas locus, 4000-15449 (0))]
