Cas operons file:    Unnamed: 0         Contig  ...           locus_id           sample
0           0  NZ_CP077717.1  ...  GCF_019175345.1_0  GCF_019175345.1

[1 rows x 19 columns]
The chosen contig: NZ_CP077717.1
type: CDS
location: [1502648:1502864](-)
id: cds-WP_244988750.1
qualifiers:
    Key: Dbxref, Value: ['GenBank:WP_244988750.1', 'GeneID:65563197']
    Key: ID, Value: ['cds-WP_244988750.1']
    Key: Name, Value: ['WP_244988750.1']
    Key: Parent, Value: ['gene-J5U23_RS08150']
    Key: gbkey, Value: ['CDS']
    Key: inference, Value: ['COORDINATES: ab initio prediction:GeneMarkS-2+']
    Key: locus_tag, Value: ['J5U23_RS08150']
    Key: phase, Value: ['0']
    Key: product, Value: ['hypothetical protein']
    Key: protein_id, Value: ['WP_244988750.1']
    Key: source, Value: ['GeneMarkS-2+']
    Key: transl_table, Value: ['11']

GF(None, 203-419 (-1))
type: CDS
location: [1502903:1503251](-)
id: cds-WP_218265826.1
qualifiers:
    Key: Dbxref, Value: ['GenBank:WP_218265826.1', 'GeneID:65563198']
    Key: ID, Value: ['cds-WP_218265826.1']
    Key: Name, Value: ['WP_218265826.1']
    Key: Parent, Value: ['gene-J5U23_RS08155']
    Key: gbkey, Value: ['CDS']
    Key: inference, Value: ['COORDINATES: similar to AA sequence:RefSeq:WP_012716757.1']
    Key: locus_tag, Value: ['J5U23_RS08155']
    Key: phase, Value: ['0']
    Key: product, Value: ['hypothetical protein']
    Key: protein_id, Value: ['WP_218265826.1']
    Key: source, Value: ['Protein Homology']
    Key: transl_table, Value: ['11']

GF(None, 458-806 (-1))
type: CDS
location: [1503330:1503534](-)
id: cds-WP_218257768.1
qualifiers:
    Key: Dbxref, Value: ['GenBank:WP_218257768.1', 'GeneID:65563199']
    Key: ID, Value: ['cds-WP_218257768.1']
    Key: Name, Value: ['WP_218257768.1']
    Key: Parent, Value: ['gene-J5U23_RS08160']
    Key: gbkey, Value: ['CDS']
    Key: inference, Value: ['COORDINATES: ab initio prediction:GeneMarkS-2+']
    Key: locus_tag, Value: ['J5U23_RS08160']
    Key: phase, Value: ['0']
    Key: product, Value: ['hypothetical protein']
    Key: protein_id, Value: ['WP_218257768.1']
    Key: source, Value: ['GeneMarkS-2+']
    Key: transl_table, Value: ['11']

GF(None, 885-1089 (-1))
type: CDS
location: [1503629:1503959](-)
id: cds-WP_218265827.1
qualifiers:
    Key: Dbxref, Value: ['GenBank:WP_218265827.1', 'GeneID:65563200']
    Key: ID, Value: ['cds-WP_218265827.1']
    Key: Name, Value: ['WP_218265827.1']
    Key: Parent, Value: ['gene-J5U23_RS08165']
    Key: gbkey, Value: ['CDS']
    Key: inference, Value: ['COORDINATES: similar to AA sequence:RefSeq:WP_016731441.1']
    Key: locus_tag, Value: ['J5U23_RS08165']
    Key: phase, Value: ['0']
    Key: product, Value: ['hypothetical protein']
    Key: protein_id, Value: ['WP_218265827.1']
    Key: source, Value: ['Protein Homology']
    Key: transl_table, Value: ['11']

GF(None, 1184-1514 (-1))
type: CDS
location: [1504139:1504280](-)
id: cds-J5U23_RS08170
qualifiers:
    Key: Dbxref, Value: ['GeneID:65563201']
    Key: ID, Value: ['cds-J5U23_RS08170']
    Key: Note, Value: ['incomplete; partial in the middle of a contig; missing N-terminus']
    Key: Parent, Value: ['gene-J5U23_RS08170']
    Key: end_range, Value: ['1504280', '.']
    Key: gbkey, Value: ['CDS']
    Key: inference, Value: ['COORDINATES: similar to AA sequence:RefSeq:WP_076612310.1']
    Key: locus_tag, Value: ['J5U23_RS08170']
    Key: partial, Value: ['true']
    Key: phase, Value: ['0']
    Key: product, Value: ['IS1 family transposase']
    Key: pseudo, Value: ['true']
    Key: source, Value: ['Protein Homology']
    Key: transl_table, Value: ['11']

GF(IS1 family transposase, 1694-1835 (-1))
type: CDS
location: [1504299:1504770](-)
id: cds-J5U23_RS08175
qualifiers:
    Key: Dbxref, Value: ['GeneID:65563202']
    Key: ID, Value: ['cds-J5U23_RS08175']
    Key: Note, Value: ['incomplete; partial in the middle of a contig; missing N-terminus']
    Key: Parent, Value: ['gene-J5U23_RS08175']
    Key: end_range, Value: ['1504770', '.']
    Key: gbkey, Value: ['CDS']
    Key: inference, Value: ['COORDINATES: similar to AA sequence:RefSeq:WP_016729792.1']
    Key: locus_tag, Value: ['J5U23_RS08175']
    Key: partial, Value: ['true']
    Key: phase, Value: ['0']
    Key: product, Value: ['transposase']
    Key: pseudo, Value: ['true']
    Key: source, Value: ['Protein Homology']
    Key: transl_table, Value: ['11']

GF(transposase, 1854-2325 (-1))
type: CDS
location: [1504823:1505366](-)
id: cds-WP_218265828.1
qualifiers:
    Key: Dbxref, Value: ['GenBank:WP_218265828.1', 'GeneID:65563203']
    Key: ID, Value: ['cds-WP_218265828.1']
    Key: Name, Value: ['WP_218265828.1']
    Key: Parent, Value: ['gene-J5U23_RS08180']
    Key: gbkey, Value: ['CDS']
    Key: inference, Value: ['COORDINATES: protein motif:HMM:NF017729.3']
    Key: locus_tag, Value: ['J5U23_RS08180']
    Key: phase, Value: ['0']
    Key: product, Value: ['PaREP1 family protein']
    Key: protein_id, Value: ['WP_218265828.1']
    Key: source, Value: ['Protein Homology']
    Key: transl_table, Value: ['11']

GF(PaREP1 family protein, 2378-2921 (-1))
type: CDS
location: [1506444:1507203](-)
id: cds-WP_218265829.1
qualifiers:
    Key: Dbxref, Value: ['GenBank:WP_218265829.1', 'GeneID:65563204']
    Key: ID, Value: ['cds-WP_218265829.1']
    Key: Name, Value: ['WP_218265829.1']
    Key: Parent, Value: ['gene-J5U23_RS08185']
    Key: gbkey, Value: ['CDS']
    Key: inference, Value: ['COORDINATES: similar to AA sequence:RefSeq:WP_012718663.1']
    Key: locus_tag, Value: ['J5U23_RS08185']
    Key: phase, Value: ['0']
    Key: product, Value: ['RAMP superfamily CRISPR-associated protein']
    Key: protein_id, Value: ['WP_218265829.1']
    Key: source, Value: ['Protein Homology']
    Key: transl_table, Value: ['11']

GF(RAMP superfamily CRISPR-associated protein, 3999-4758 (-1))
type: CDS
location: [1507204:1508074](-)
id: cds-WP_218267518.1
qualifiers:
    Key: Dbxref, Value: ['GenBank:WP_218267518.1', 'GeneID:65563205']
    Key: ID, Value: ['cds-WP_218267518.1']
    Key: Name, Value: ['WP_218267518.1']
    Key: Parent, Value: ['gene-J5U23_RS08190']
    Key: gbkey, Value: ['CDS']
    Key: inference, Value: ['COORDINATES: similar to AA sequence:RefSeq:WP_016730668.1']
    Key: locus_tag, Value: ['J5U23_RS08190']
    Key: phase, Value: ['0']
    Key: product, Value: ['hypothetical protein']
    Key: protein_id, Value: ['WP_218267518.1']
    Key: source, Value: ['Protein Homology']
    Key: transl_table, Value: ['11']

GF(None, 4759-5629 (-1))
type: CDS
location: [1508115:1508733](-)
id: cds-WP_218265830.1
qualifiers:
    Key: Dbxref, Value: ['GenBank:WP_218265830.1', 'GeneID:65563206']
    Key: ID, Value: ['cds-WP_218265830.1']
    Key: Name, Value: ['WP_218265830.1']
    Key: Parent, Value: ['gene-J5U23_RS08195']
    Key: gbkey, Value: ['CDS']
    Key: inference, Value: ['COORDINATES: similar to AA sequence:RefSeq:WP_012710940.1']
    Key: locus_tag, Value: ['J5U23_RS08195']
    Key: phase, Value: ['0']
    Key: product, Value: ['RAMP superfamily CRISPR-associated protein']
    Key: protein_id, Value: ['WP_218265830.1']
    Key: source, Value: ['Protein Homology']
    Key: transl_table, Value: ['11']

GF(RAMP superfamily CRISPR-associated protein, 5670-6288 (-1))
type: CDS
location: [1508729:1511222](-)
id: cds-WP_244988752.1
qualifiers:
    Key: Dbxref, Value: ['GenBank:WP_244988752.1', 'GeneID:65563207']
    Key: ID, Value: ['cds-WP_244988752.1']
    Key: Name, Value: ['WP_244988752.1']
    Key: Parent, Value: ['gene-J5U23_RS08200']
    Key: gbkey, Value: ['CDS']
    Key: inference, Value: ['COORDINATES: similar to AA sequence:RefSeq:WP_012718664.1']
    Key: locus_tag, Value: ['J5U23_RS08200']
    Key: phase, Value: ['0']
    Key: product, Value: ['HD domain-containing protein']
    Key: protein_id, Value: ['WP_244988752.1']
    Key: source, Value: ['Protein Homology']
    Key: transl_table, Value: ['11']

GF(HD domain-containing protein, 6284-8777 (-1))
type: CDS
location: [1511229:1511394](-)
id: cds-WP_244988753.1
qualifiers:
    Key: Dbxref, Value: ['GenBank:WP_244988753.1', 'GeneID:65563208']
    Key: ID, Value: ['cds-WP_244988753.1']
    Key: Name, Value: ['WP_244988753.1']
    Key: Parent, Value: ['gene-J5U23_RS08205']
    Key: gbkey, Value: ['CDS']
    Key: inference, Value: ['COORDINATES: similar to AA sequence:RefSeq:WP_016731268.1']
    Key: locus_tag, Value: ['J5U23_RS08205']
    Key: phase, Value: ['0']
    Key: product, Value: ['hypothetical protein']
    Key: protein_id, Value: ['WP_244988753.1']
    Key: source, Value: ['Protein Homology']
    Key: transl_table, Value: ['11']

GF(None, 8784-8949 (-1))
type: CDS
location: [1511395:1512214](-)
id: cds-WP_218265832.1
qualifiers:
    Key: Dbxref, Value: ['GenBank:WP_218265832.1', 'GeneID:65563209']
    Key: ID, Value: ['cds-WP_218265832.1']
    Key: Name, Value: ['WP_218265832.1']
    Key: Parent, Value: ['gene-J5U23_RS08210']
    Key: gbkey, Value: ['CDS']
    Key: inference, Value: ['COORDINATES: similar to AA sequence:RefSeq:WP_012718665.1']
    Key: locus_tag, Value: ['J5U23_RS08210']
    Key: phase, Value: ['0']
    Key: product, Value: ['RAMP superfamily CRISPR-associated protein']
    Key: protein_id, Value: ['WP_218265832.1']
    Key: source, Value: ['Protein Homology']
    Key: transl_table, Value: ['11']

GF(RAMP superfamily CRISPR-associated protein, 8950-9769 (-1))
type: CDS
location: [1512185:1513022](-)
id: cds-WP_218265833.1
qualifiers:
    Key: Dbxref, Value: ['GenBank:WP_218265833.1', 'GeneID:65563210']
    Key: ID, Value: ['cds-WP_218265833.1']
    Key: Name, Value: ['WP_218265833.1']
    Key: Ontology_term, Value: ['GO:0043571', 'GO:0003674']
    Key: Parent, Value: ['gene-J5U23_RS08215']
    Key: gbkey, Value: ['CDS']
    Key: gene, Value: ['csx7']
    Key: go_function, Value: ['molecular_function|0003674||IEA']
    Key: go_process, Value: ['maintenance of CRISPR repeat elements|0043571||IEA']
    Key: inference, Value: ['COORDINATES: similar to AA sequence:RefSeq:WP_012710943.1']
    Key: locus_tag, Value: ['J5U23_RS08215']
    Key: phase, Value: ['0']
    Key: product, Value: ['CRISPR-associated RAMP protein Csx7']
    Key: protein_id, Value: ['WP_218265833.1']
    Key: source, Value: ['Protein Homology']
    Key: transl_table, Value: ['11']

GF(CRISPR-associated RAMP protein Csx7, 9740-10577 (-1))
type: CDS
location: [1513014:1513752](-)
id: cds-WP_218267519.1
qualifiers:
    Key: Dbxref, Value: ['GenBank:WP_218267519.1', 'GeneID:65563211']
    Key: ID, Value: ['cds-WP_218267519.1']
    Key: Name, Value: ['WP_218267519.1']
    Key: Ontology_term, Value: ['GO:0043571', 'GO:0003674']
    Key: Parent, Value: ['gene-J5U23_RS08220']
    Key: gbkey, Value: ['CDS']
    Key: gene, Value: ['csx7']
    Key: go_function, Value: ['molecular_function|0003674||IEA']
    Key: go_process, Value: ['maintenance of CRISPR repeat elements|0043571||IEA']
    Key: inference, Value: ['COORDINATES: similar to AA sequence:RefSeq:WP_016731711.1']
    Key: locus_tag, Value: ['J5U23_RS08220']
    Key: phase, Value: ['0']
    Key: product, Value: ['CRISPR-associated RAMP protein Csx7']
    Key: protein_id, Value: ['WP_218267519.1']
    Key: source, Value: ['Protein Homology']
    Key: transl_table, Value: ['11']

GF(CRISPR-associated RAMP protein Csx7, 10569-11307 (-1))
type: CDS
location: [1513763:1514141](-)
id: cds-WP_244988754.1
qualifiers:
    Key: Dbxref, Value: ['GenBank:WP_244988754.1', 'GeneID:65563212']
    Key: ID, Value: ['cds-WP_244988754.1']
    Key: Name, Value: ['WP_244988754.1']
    Key: Parent, Value: ['gene-J5U23_RS08225']
    Key: gbkey, Value: ['CDS']
    Key: inference, Value: ['COORDINATES: similar to AA sequence:RefSeq:WP_016730673.1']
    Key: locus_tag, Value: ['J5U23_RS08225']
    Key: phase, Value: ['0']
    Key: product, Value: ['hypothetical protein']
    Key: protein_id, Value: ['WP_244988754.1']
    Key: source, Value: ['Protein Homology']
    Key: transl_table, Value: ['11']

GF(None, 11318-11696 (-1))
type: CDS
location: [1514157:1514775](-)
id: cds-WP_218257777.1
qualifiers:
    Key: Dbxref, Value: ['GenBank:WP_218257777.1', 'GeneID:65563213']
    Key: ID, Value: ['cds-WP_218257777.1']
    Key: Name, Value: ['WP_218257777.1']
    Key: Parent, Value: ['gene-J5U23_RS08230']
    Key: gbkey, Value: ['CDS']
    Key: inference, Value: ['COORDINATES: similar to AA sequence:RefSeq:WP_012718667.1']
    Key: locus_tag, Value: ['J5U23_RS08230']
    Key: phase, Value: ['0']
    Key: product, Value: ['helix-turn-helix domain-containing protein']
    Key: protein_id, Value: ['WP_218257777.1']
    Key: source, Value: ['Protein Homology']
    Key: transl_table, Value: ['11']

GF(helix-turn-helix domain-containing protein, 11712-12330 (-1))
type: CDS
location: [1514762:1515482](-)
id: cds-WP_218257778.1
qualifiers:
    Key: Dbxref, Value: ['GenBank:WP_218257778.1', 'GeneID:65563214']
    Key: ID, Value: ['cds-WP_218257778.1']
    Key: Name, Value: ['WP_218257778.1']
    Key: Ontology_term, Value: ['GO:0043571', 'GO:0004521']
    Key: Parent, Value: ['gene-J5U23_RS08235']
    Key: gbkey, Value: ['CDS']
    Key: gene, Value: ['cas6']
    Key: go_function, Value: ['RNA endonuclease activity|0004521||IEA']
    Key: go_process, Value: ['maintenance of CRISPR repeat elements|0043571||IEA']
    Key: inference, Value: ['COORDINATES: similar to AA sequence:RefSeq:WP_012710947.1']
    Key: locus_tag, Value: ['J5U23_RS08235']
    Key: phase, Value: ['0']
    Key: product, Value: ['CRISPR-associated endoribonuclease Cas6']
    Key: protein_id, Value: ['WP_218257778.1']
    Key: source, Value: ['Protein Homology']
    Key: transl_table, Value: ['11']

GF(CRISPR-associated endoribonuclease Cas6, 12317-13037 (-1))
type: CDS
location: [1515481:1515754](-)
id: cds-WP_218257779.1
qualifiers:
    Key: Dbxref, Value: ['GenBank:WP_218257779.1', 'GeneID:65563215']
    Key: ID, Value: ['cds-WP_218257779.1']
    Key: Name, Value: ['WP_218257779.1']
    Key: Parent, Value: ['gene-J5U23_RS08240']
    Key: gbkey, Value: ['CDS']
    Key: inference, Value: ['COORDINATES: similar to AA sequence:RefSeq:WP_012710948.1']
    Key: locus_tag, Value: ['J5U23_RS08240']
    Key: phase, Value: ['0']
    Key: product, Value: ['hypothetical protein']
    Key: protein_id, Value: ['WP_218257779.1']
    Key: source, Value: ['Protein Homology']
    Key: transl_table, Value: ['11']

GF(None, 13036-13309 (-1))
type: CDS
location: [1515750:1516263](-)
id: cds-WP_218265834.1
qualifiers:
    Key: Dbxref, Value: ['GenBank:WP_218265834.1', 'GeneID:65563216']
    Key: ID, Value: ['cds-WP_218265834.1']
    Key: Name, Value: ['WP_218265834.1']
    Key: Parent, Value: ['gene-J5U23_RS08245']
    Key: gbkey, Value: ['CDS']
    Key: inference, Value: ['COORDINATES: similar to AA sequence:RefSeq:WP_016730676.1']
    Key: locus_tag, Value: ['J5U23_RS08245']
    Key: phase, Value: ['0']
    Key: product, Value: ['hypothetical protein']
    Key: protein_id, Value: ['WP_218265834.1']
    Key: source, Value: ['Protein Homology']
    Key: transl_table, Value: ['11']

GF(None, 13305-13818 (-1))
type: CDS
location: [1516825:1517245](-)
id: cds-WP_218265835.1
qualifiers:
    Key: Dbxref, Value: ['GenBank:WP_218265835.1', 'GeneID:65563217']
    Key: ID, Value: ['cds-WP_218265835.1']
    Key: Name, Value: ['WP_218265835.1']
    Key: Parent, Value: ['gene-J5U23_RS08250']
    Key: gbkey, Value: ['CDS']
    Key: inference, Value: ['COORDINATES: ab initio prediction:GeneMarkS-2+']
    Key: locus_tag, Value: ['J5U23_RS08250']
    Key: phase, Value: ['0']
    Key: product, Value: ['hypothetical protein']
    Key: protein_id, Value: ['WP_218265835.1']
    Key: source, Value: ['GeneMarkS-2+']
    Key: transl_table, Value: ['11']

GF(None, 14380-14800 (-1))
type: CDS
location: [1517296:1517839](-)
id: cds-WP_218265836.1
qualifiers:
    Key: Dbxref, Value: ['GenBank:WP_218265836.1', 'GeneID:65563218']
    Key: ID, Value: ['cds-WP_218265836.1']
    Key: Name, Value: ['WP_218265836.1']
    Key: Parent, Value: ['gene-J5U23_RS08255']
    Key: gbkey, Value: ['CDS']
    Key: inference, Value: ['COORDINATES: ab initio prediction:GeneMarkS-2+']
    Key: locus_tag, Value: ['J5U23_RS08255']
    Key: phase, Value: ['0']
    Key: product, Value: ['hypothetical protein']
    Key: protein_id, Value: ['WP_218265836.1']
    Key: source, Value: ['GeneMarkS-2+']
    Key: transl_table, Value: ['11']

GF(None, 14851-15394 (-1))
type: CDS
location: [1517843:1517996](-)
id: cds-WP_218257783.1
qualifiers:
    Key: Dbxref, Value: ['GenBank:WP_218257783.1', 'GeneID:65563219']
    Key: ID, Value: ['cds-WP_218257783.1']
    Key: Name, Value: ['WP_218257783.1']
    Key: Parent, Value: ['gene-J5U23_RS08260']
    Key: gbkey, Value: ['CDS']
    Key: inference, Value: ['COORDINATES: ab initio prediction:GeneMarkS-2+']
    Key: locus_tag, Value: ['J5U23_RS08260']
    Key: phase, Value: ['0']
    Key: product, Value: ['hypothetical protein']
    Key: protein_id, Value: ['WP_218257783.1']
    Key: source, Value: ['GeneMarkS-2+']
    Key: transl_table, Value: ['11']

GF(None, 15398-15551 (-1))
graphic feature from cctyper protein table: GF(Csm3gr7, 4000-4758 (-1))
graphic feature from cctyper protein table: GF(Csx10gr5, 4760-5629 (-1))
graphic feature from cctyper protein table: GF(Csm3, 5671-6288 (-1))
graphic feature from cctyper protein table: GF(Cas10, 6285-8777 (-1))
graphic feature from cctyper protein table: GF(Csm3gr7, 8951-9769 (-1))
graphic feature from cctyper protein table: GF(Csm3gr7, 9741-10577 (-1))
graphic feature from cctyper protein table: GF(Csm3gr7, 10570-11307 (-1))
graphic feature from cctyper protein table: GF(Csm2gr11, 11319-11696 (-1))
graphic feature from cctyper protein table: GF(CasR, 11713-12330 (-1))
graphic feature from cctyper protein table: GF(Cas6, 12318-13037 (-1))
graphic feature from cctyper protein table: GF(Cas4, 13306-13818 (-1))
Index(['protein_id', 'start', 'end', 'effector', 'locus', 'sample', 'strand',
       'sequence'],
      dtype='object')
Index(['protein_id', 'start', 'end', 'effector', 'locus', 'sample', 'strand',
       'sequence'],
      dtype='object')
[GF(None, 203-419 (-1)), GF(None, 458-806 (-1)), GF(None, 885-1089 (-1)), GF(None, 1184-1514 (-1)), GF(IS1 family transposase, 1694-1835 (-1)), GF(transposase, 1854-2325 (-1)), GF(PaREP1 family protein, 2378-2921 (-1)), GF(RAMP superfamily CRISPR-associated protein, 3999-4758 (-1)), GF(None, 4759-5629 (-1)), GF(RAMP superfamily CRISPR-associated protein, 5670-6288 (-1)), GF(HD domain-containing protein, 6284-8777 (-1)), GF(None, 8784-8949 (-1)), GF(RAMP superfamily CRISPR-associated protein, 8950-9769 (-1)), GF(CRISPR-associated RAMP protein Csx7, 9740-10577 (-1)), GF(CRISPR-associated RAMP protein Csx7, 10569-11307 (-1)), GF(None, 11318-11696 (-1)), GF(helix-turn-helix domain-containing protein, 11712-12330 (-1)), GF(CRISPR-associated endoribonuclease Cas6, 12317-13037 (-1)), GF(None, 13036-13309 (-1)), GF(None, 13305-13818 (-1)), GF(None, 14380-14800 (-1)), GF(None, 14851-15394 (-1)), GF(None, 15398-15551 (-1)), GF(Csm3gr7, 4000-4758 (-1)), GF(Csx10gr5, 4760-5629 (-1)), GF(Csm3, 5671-6288 (-1)), GF(Cas10, 6285-8777 (-1)), GF(Csm3gr7, 8951-9769 (-1)), GF(Csm3gr7, 9741-10577 (-1)), GF(Csm3gr7, 10570-11307 (-1)), GF(Csm2gr11, 11319-11696 (-1)), GF(CasR, 11713-12330 (-1)), GF(Cas6, 12318-13037 (-1)), GF(Cas4, 13306-13818 (-1)), GF(CRISPR-Cas locus, 4000-13818 (0))]
