Cas operons file:    Unnamed: 0       Contig  ...           locus_id           sample
0           0  NC_015681.1  ...  GCF_000217795.1_0  GCF_000217795.1

[1 rows x 19 columns]
The chosen contig: NC_015681.1
type: CDS
location: [215751:216057](-)
id: cds-WP_013906844.1
qualifiers:
    Key: Dbxref, Value: ['GenBank:WP_013906844.1']
    Key: ID, Value: ['cds-WP_013906844.1']
    Key: Name, Value: ['WP_013906844.1']
    Key: Parent, Value: ['gene-THEIN_RS01065']
    Key: gbkey, Value: ['CDS']
    Key: inference, Value: ['COORDINATES: protein motif:HMM:NF016204.2']
    Key: locus_tag, Value: ['THEIN_RS01065']
    Key: phase, Value: ['0']
    Key: product, Value: ['YlxR family protein']
    Key: protein_id, Value: ['WP_013906844.1']
    Key: source, Value: ['Protein Homology']
    Key: transl_table, Value: ['11']

GF(YlxR family protein, 596-902 (-1))
type: CDS
location: [216059:217346](-)
id: cds-WP_013906845.1
qualifiers:
    Key: Dbxref, Value: ['GenBank:WP_013906845.1']
    Key: ID, Value: ['cds-WP_013906845.1']
    Key: Name, Value: ['WP_013906845.1']
    Key: Ontology_term, Value: ['GO:0006353']
    Key: Parent, Value: ['gene-THEIN_RS01070']
    Key: gbkey, Value: ['CDS']
    Key: gene, Value: ['nusA']
    Key: go_process, Value: ['DNA-templated transcription termination|0006353||IEA']
    Key: inference, Value: ['COORDINATES: similar to AA sequence:RefSeq:WP_013910255.1']
    Key: locus_tag, Value: ['THEIN_RS01070']
    Key: phase, Value: ['0']
    Key: product, Value: ['transcription termination factor NusA']
    Key: protein_id, Value: ['WP_013906845.1']
    Key: source, Value: ['Protein Homology']
    Key: transl_table, Value: ['11']

GF(transcription termination factor NusA, 904-2191 (-1))
type: CDS
location: [217359:217827](-)
id: cds-WP_013906846.1
qualifiers:
    Key: Dbxref, Value: ['GenBank:WP_013906846.1']
    Key: ID, Value: ['cds-WP_013906846.1']
    Key: Name, Value: ['WP_013906846.1']
    Key: Ontology_term, Value: ['GO:0000028', 'GO:0006412', 'GO:0042274']
    Key: Parent, Value: ['gene-THEIN_RS01075']
    Key: gbkey, Value: ['CDS']
    Key: gene, Value: ['rimP']
    Key: go_process, Value: ['ribosomal small subunit assembly|0000028||IEA', 'translation|0006412||IEA', 'ribosomal small subunit biogenesis|0042274||IEA']
    Key: inference, Value: ['COORDINATES: similar to AA sequence:RefSeq:WP_013910256.1']
    Key: locus_tag, Value: ['THEIN_RS01075']
    Key: phase, Value: ['0']
    Key: product, Value: ['ribosome maturation factor RimP']
    Key: protein_id, Value: ['WP_013906846.1']
    Key: source, Value: ['Protein Homology']
    Key: transl_table, Value: ['11']

GF(ribosome maturation factor RimP, 2204-2672 (-1))
type: CDS
location: [218147:219005](+)
id: cds-WP_013906847.1
qualifiers:
    Key: Dbxref, Value: ['GenBank:WP_013906847.1']
    Key: ID, Value: ['cds-WP_013906847.1']
    Key: Name, Value: ['WP_013906847.1']
    Key: Parent, Value: ['gene-THEIN_RS01085']
    Key: gbkey, Value: ['CDS']
    Key: inference, Value: ['COORDINATES: similar to AA sequence:RefSeq:WP_013906653.1']
    Key: locus_tag, Value: ['THEIN_RS01085']
    Key: phase, Value: ['0']
    Key: product, Value: ['hypothetical protein']
    Key: protein_id, Value: ['WP_013906847.1']
    Key: source, Value: ['Protein Homology']
    Key: transl_table, Value: ['11']

GF(None, 2992-3850 (1))
type: CDS
location: [219154:219973](+)
id: cds-WP_013906848.1
qualifiers:
    Key: Dbxref, Value: ['GenBank:WP_013906848.1']
    Key: ID, Value: ['cds-WP_013906848.1']
    Key: Name, Value: ['WP_013906848.1']
    Key: Ontology_term, Value: ['GO:0043571', 'GO:0004521']
    Key: Parent, Value: ['gene-THEIN_RS01090']
    Key: gbkey, Value: ['CDS']
    Key: gene, Value: ['cas6']
    Key: go_function, Value: ['endoribonuclease activity|0004521||IEA']
    Key: go_process, Value: ['maintenance of CRISPR repeat elements|0043571||IEA']
    Key: inference, Value: ['COORDINATES: protein motif:HMM:TIGR01877.1']
    Key: locus_tag, Value: ['THEIN_RS01090']
    Key: phase, Value: ['0']
    Key: product, Value: ['CRISPR-associated endoribonuclease Cas6']
    Key: protein_id, Value: ['WP_013906848.1']
    Key: source, Value: ['Protein Homology']
    Key: transl_table, Value: ['11']

GF(CRISPR-associated endoribonuclease Cas6, 3999-4818 (1))
type: CDS
location: [219991:221062](+)
id: cds-WP_013906849.1
qualifiers:
    Key: Dbxref, Value: ['GenBank:WP_013906849.1']
    Key: ID, Value: ['cds-WP_013906849.1']
    Key: Name, Value: ['WP_013906849.1']
    Key: Ontology_term, Value: ['GO:0043571', 'GO:0003674']
    Key: Parent, Value: ['gene-THEIN_RS01095']
    Key: gbkey, Value: ['CDS']
    Key: gene, Value: ['cmr1']
    Key: go_function, Value: ['molecular_function|0003674||IEA']
    Key: go_process, Value: ['maintenance of CRISPR repeat elements|0043571||IEA']
    Key: inference, Value: ['COORDINATES: protein motif:HMM:NF015728.2']
    Key: locus_tag, Value: ['THEIN_RS01095']
    Key: phase, Value: ['0']
    Key: product, Value: ['type III-B CRISPR module RAMP protein Cmr1']
    Key: protein_id, Value: ['WP_013906849.1']
    Key: source, Value: ['Protein Homology']
    Key: transl_table, Value: ['11']

GF(type III-B CRISPR module RAMP protein Cmr1, 4836-5907 (1))
type: CDS
location: [221066:222287](+)
id: cds-WP_013906850.1
qualifiers:
    Key: Dbxref, Value: ['GenBank:WP_013906850.1']
    Key: ID, Value: ['cds-WP_013906850.1']
    Key: Name, Value: ['WP_013906850.1']
    Key: Parent, Value: ['gene-THEIN_RS11435']
    Key: gbkey, Value: ['CDS']
    Key: inference, Value: ['COORDINATES: protein motif:HMM:NF015728.2']
    Key: locus_tag, Value: ['THEIN_RS11435']
    Key: phase, Value: ['0']
    Key: product, Value: ['RAMP superfamily CRISPR-associated protein']
    Key: protein_id, Value: ['WP_013906850.1']
    Key: source, Value: ['Protein Homology']
    Key: transl_table, Value: ['11']

GF(RAMP superfamily CRISPR-associated protein, 5911-7132 (1))
type: CDS
location: [222273:222510](+)
id: cds-WP_013906851.1
qualifiers:
    Key: Dbxref, Value: ['GenBank:WP_013906851.1']
    Key: ID, Value: ['cds-WP_013906851.1']
    Key: Name, Value: ['WP_013906851.1']
    Key: Parent, Value: ['gene-THEIN_RS01105']
    Key: gbkey, Value: ['CDS']
    Key: inference, Value: ['COORDINATES: ab initio prediction:GeneMarkS-2+']
    Key: locus_tag, Value: ['THEIN_RS01105']
    Key: phase, Value: ['0']
    Key: product, Value: ['hypothetical protein']
    Key: protein_id, Value: ['WP_013906851.1']
    Key: source, Value: ['GeneMarkS-2+']
    Key: transl_table, Value: ['11']

GF(None, 7118-7355 (1))
type: CDS
location: [222493:223171](+)
id: cds-WP_013906852.1
qualifiers:
    Key: Dbxref, Value: ['GenBank:WP_013906852.1']
    Key: ID, Value: ['cds-WP_013906852.1']
    Key: Name, Value: ['WP_013906852.1']
    Key: Parent, Value: ['gene-THEIN_RS01110']
    Key: gbkey, Value: ['CDS']
    Key: inference, Value: ['COORDINATES: protein motif:HMM:NF020419.2']
    Key: locus_tag, Value: ['THEIN_RS01110']
    Key: phase, Value: ['0']
    Key: product, Value: ['nucleotidyl transferase AbiEii/AbiGii toxin family protein']
    Key: protein_id, Value: ['WP_013906852.1']
    Key: source, Value: ['Protein Homology']
    Key: transl_table, Value: ['11']

GF(nucleotidyl transferase AbiEii/AbiGii toxin family protein, 7338-8016 (1))
type: CDS
location: [223172:226454](+)
id: cds-WP_013906853.1
qualifiers:
    Key: Dbxref, Value: ['GenBank:WP_013906853.1']
    Key: ID, Value: ['cds-WP_013906853.1']
    Key: Name, Value: ['WP_013906853.1']
    Key: Parent, Value: ['gene-THEIN_RS11440']
    Key: gbkey, Value: ['CDS']
    Key: inference, Value: ['COORDINATES: ab initio prediction:GeneMarkS-2+']
    Key: locus_tag, Value: ['THEIN_RS11440']
    Key: phase, Value: ['0']
    Key: product, Value: ['hypothetical protein']
    Key: protein_id, Value: ['WP_013906853.1']
    Key: source, Value: ['GeneMarkS-2+']
    Key: transl_table, Value: ['11']

GF(None, 8017-11299 (1))
type: CDS
location: [226446:227559](+)
id: cds-WP_013906854.1
qualifiers:
    Key: Dbxref, Value: ['GenBank:WP_013906854.1']
    Key: ID, Value: ['cds-WP_013906854.1']
    Key: Name, Value: ['WP_013906854.1']
    Key: Ontology_term, Value: ['GO:0043571', 'GO:0003674']
    Key: Parent, Value: ['gene-THEIN_RS01120']
    Key: gbkey, Value: ['CDS']
    Key: gene, Value: ['cmr4']
    Key: go_function, Value: ['molecular_function|0003674||IEA']
    Key: go_process, Value: ['maintenance of CRISPR repeat elements|0043571||IEA']
    Key: inference, Value: ['COORDINATES: protein motif:HMM:NF015728.2']
    Key: locus_tag, Value: ['THEIN_RS01120']
    Key: phase, Value: ['0']
    Key: product, Value: ['type III-B CRISPR module RAMP protein Cmr4']
    Key: protein_id, Value: ['WP_013906854.1']
    Key: source, Value: ['Protein Homology']
    Key: transl_table, Value: ['11']

GF(type III-B CRISPR module RAMP protein Cmr4, 11291-12404 (1))
type: CDS
location: [227555:227969](+)
id: cds-WP_013906855.1
qualifiers:
    Key: Dbxref, Value: ['GenBank:WP_013906855.1']
    Key: ID, Value: ['cds-WP_013906855.1']
    Key: Name, Value: ['WP_013906855.1']
    Key: Parent, Value: ['gene-THEIN_RS01125']
    Key: gbkey, Value: ['CDS']
    Key: inference, Value: ['COORDINATES: ab initio prediction:GeneMarkS-2+']
    Key: locus_tag, Value: ['THEIN_RS01125']
    Key: phase, Value: ['0']
    Key: product, Value: ['hypothetical protein']
    Key: protein_id, Value: ['WP_013906855.1']
    Key: source, Value: ['GeneMarkS-2+']
    Key: transl_table, Value: ['11']

GF(None, 12400-12814 (1))
type: CDS
location: [227965:228919](+)
id: cds-WP_013906856.1
qualifiers:
    Key: Dbxref, Value: ['GenBank:WP_013906856.1']
    Key: ID, Value: ['cds-WP_013906856.1']
    Key: Name, Value: ['WP_013906856.1']
    Key: Parent, Value: ['gene-THEIN_RS11445']
    Key: gbkey, Value: ['CDS']
    Key: inference, Value: ['COORDINATES: ab initio prediction:GeneMarkS-2+']
    Key: locus_tag, Value: ['THEIN_RS11445']
    Key: phase, Value: ['0']
    Key: product, Value: ['hypothetical protein']
    Key: protein_id, Value: ['WP_013906856.1']
    Key: source, Value: ['GeneMarkS-2+']
    Key: transl_table, Value: ['11']

GF(None, 12810-13764 (1))
type: CDS
location: [229441:229990](+)
id: cds-WP_013906857.1
qualifiers:
    Key: Dbxref, Value: ['GenBank:WP_013906857.1']
    Key: ID, Value: ['cds-WP_013906857.1']
    Key: Name, Value: ['WP_013906857.1']
    Key: Ontology_term, Value: ['GO:0051536']
    Key: Parent, Value: ['gene-THEIN_RS01135']
    Key: gbkey, Value: ['CDS']
    Key: go_function, Value: ['iron-sulfur cluster binding|0051536||IEA']
    Key: inference, Value: ['COORDINATES: protein motif:HMM:NF015987.2']
    Key: locus_tag, Value: ['THEIN_RS01135']
    Key: phase, Value: ['0']
    Key: product, Value: ['(Fe-S)-binding protein']
    Key: protein_id, Value: ['WP_013906857.1']
    Key: source, Value: ['Protein Homology']
    Key: transl_table, Value: ['11']

GF((Fe-S)-binding protein, 14286-14835 (1))
type: CDS
location: [230423:231875](+)
id: cds-WP_013906858.1
qualifiers:
    Key: Dbxref, Value: ['GenBank:WP_013906858.1']
    Key: ID, Value: ['cds-WP_013906858.1']
    Key: Name, Value: ['WP_013906858.1']
    Key: Parent, Value: ['gene-THEIN_RS01140']
    Key: gbkey, Value: ['CDS']
    Key: inference, Value: ['COORDINATES: ab initio prediction:GeneMarkS-2+']
    Key: locus_tag, Value: ['THEIN_RS01140']
    Key: phase, Value: ['0']
    Key: product, Value: ['hypothetical protein']
    Key: protein_id, Value: ['WP_013906858.1']
    Key: source, Value: ['GeneMarkS-2+']
    Key: transl_table, Value: ['11']

GF(None, 15268-16720 (1))
type: CDS
location: [231876:232827](+)
id: cds-WP_013906859.1
qualifiers:
    Key: Dbxref, Value: ['GenBank:WP_013906859.1']
    Key: ID, Value: ['cds-WP_013906859.1']
    Key: Name, Value: ['WP_013906859.1']
    Key: Ontology_term, Value: ['GO:0043571', 'GO:0003674']
    Key: Parent, Value: ['gene-THEIN_RS01145']
    Key: gbkey, Value: ['CDS']
    Key: gene, Value: ['cas7i']
    Key: go_function, Value: ['molecular_function|0003674||IEA']
    Key: go_process, Value: ['maintenance of CRISPR repeat elements|0043571||IEA']
    Key: inference, Value: ['COORDINATES: protein motif:HMM:TIGR02585.1']
    Key: locus_tag, Value: ['THEIN_RS01145']
    Key: phase, Value: ['0']
    Key: product, Value: ['type I-B CRISPR-associated protein Cas7/Cst2/DevR']
    Key: protein_id, Value: ['WP_013906859.1']
    Key: source, Value: ['Protein Homology']
    Key: transl_table, Value: ['11']

GF(type I-B CRISPR-associated protein Cas7/Cst2/DevR, 16721-17672 (1))
type: CDS
location: [232814:233540](+)
id: cds-WP_013906860.1
qualifiers:
    Key: Dbxref, Value: ['GenBank:WP_013906860.1']
    Key: ID, Value: ['cds-WP_013906860.1']
    Key: Name, Value: ['WP_013906860.1']
    Key: Parent, Value: ['gene-THEIN_RS01150']
    Key: gbkey, Value: ['CDS']
    Key: inference, Value: ['COORDINATES: protein motif:HMM:NF021240.2']
    Key: locus_tag, Value: ['THEIN_RS01150']
    Key: phase, Value: ['0']
    Key: product, Value: ['CRISPR-associated protein Cas5']
    Key: protein_id, Value: ['WP_013906860.1']
    Key: source, Value: ['Protein Homology']
    Key: transl_table, Value: ['11']

GF(CRISPR-associated protein Cas5, 17659-18385 (1))
type: CDS
location: [233524:235705](+)
id: cds-WP_013906861.1
qualifiers:
    Key: Dbxref, Value: ['GenBank:WP_013906861.1']
    Key: ID, Value: ['cds-WP_013906861.1']
    Key: Name, Value: ['WP_013906861.1']
    Key: Parent, Value: ['gene-THEIN_RS01155']
    Key: gbkey, Value: ['CDS']
    Key: inference, Value: ['COORDINATES: protein motif:HMM:TIGR01587.1']
    Key: locus_tag, Value: ['THEIN_RS01155']
    Key: phase, Value: ['0']
    Key: product, Value: ['CRISPR-associated helicase/endonuclease Cas3']
    Key: protein_id, Value: ['WP_013906861.1']
    Key: source, Value: ['Protein Homology']
    Key: transl_table, Value: ['11']

GF(CRISPR-associated helicase/endonuclease Cas3, 18369-20550 (1))
type: CDS
location: [235801:236035](+)
id: cds-WP_013906862.1
qualifiers:
    Key: Dbxref, Value: ['GenBank:WP_013906862.1']
    Key: ID, Value: ['cds-WP_013906862.1']
    Key: Name, Value: ['WP_013906862.1']
    Key: Parent, Value: ['gene-THEIN_RS01160']
    Key: gbkey, Value: ['CDS']
    Key: inference, Value: ['COORDINATES: protein motif:HMM:NF015947.2']
    Key: locus_tag, Value: ['THEIN_RS01160']
    Key: phase, Value: ['0']
    Key: product, Value: ['AbrB/MazE/SpoVT family DNA-binding domain-containing protein']
    Key: protein_id, Value: ['WP_013906862.1']
    Key: source, Value: ['Protein Homology']
    Key: transl_table, Value: ['11']

GF(AbrB/MazE/SpoVT family DNA-binding domain-containing protein, 20646-20880 (1))
type: CDS
location: [236034:236532](+)
id: cds-WP_013906863.1
qualifiers:
    Key: Dbxref, Value: ['GenBank:WP_013906863.1']
    Key: ID, Value: ['cds-WP_013906863.1']
    Key: Name, Value: ['WP_013906863.1']
    Key: Ontology_term, Value: ['GO:0043571', 'GO:0004518']
    Key: Parent, Value: ['gene-THEIN_RS01165']
    Key: gbkey, Value: ['CDS']
    Key: gene, Value: ['cas4']
    Key: go_function, Value: ['nuclease activity|0004518||IEA']
    Key: go_process, Value: ['maintenance of CRISPR repeat elements|0043571||IEA']
    Key: inference, Value: ['COORDINATES: protein motif:HMM:NF014040.2']
    Key: locus_tag, Value: ['THEIN_RS01165']
    Key: phase, Value: ['0']
    Key: product, Value: ['CRISPR-associated protein Cas4']
    Key: protein_id, Value: ['WP_013906863.1']
    Key: source, Value: ['Protein Homology']
    Key: transl_table, Value: ['11']

GF(CRISPR-associated protein Cas4, 20879-21377 (1))
type: CDS
location: [236947:237940](+)
id: cds-WP_013906864.1
qualifiers:
    Key: Dbxref, Value: ['GenBank:WP_013906864.1']
    Key: ID, Value: ['cds-WP_013906864.1']
    Key: Name, Value: ['WP_013906864.1']
    Key: Ontology_term, Value: ['GO:0043571', 'GO:0004520']
    Key: Parent, Value: ['gene-THEIN_RS01170']
    Key: gbkey, Value: ['CDS']
    Key: gene, Value: ['cas1b']
    Key: go_function, Value: ['endodeoxyribonuclease activity|0004520||IEA']
    Key: go_process, Value: ['maintenance of CRISPR repeat elements|0043571||IEA']
    Key: inference, Value: ['COORDINATES: protein motif:HMM:TIGR03641.1']
    Key: locus_tag, Value: ['THEIN_RS01170']
    Key: phase, Value: ['0']
    Key: product, Value: ['type I-B CRISPR-associated endonuclease Cas1b']
    Key: protein_id, Value: ['WP_013906864.1']
    Key: source, Value: ['Protein Homology']
    Key: transl_table, Value: ['11']

GF(type I-B CRISPR-associated endonuclease Cas1b, 21792-22785 (1))
type: CDS
location: [237939:238206](+)
id: cds-WP_013906865.1
qualifiers:
    Key: Dbxref, Value: ['GenBank:WP_013906865.1']
    Key: ID, Value: ['cds-WP_013906865.1']
    Key: Name, Value: ['WP_013906865.1']
    Key: Ontology_term, Value: ['GO:0043571', 'GO:0004521']
    Key: Parent, Value: ['gene-THEIN_RS01175']
    Key: gbkey, Value: ['CDS']
    Key: gene, Value: ['cas2']
    Key: go_function, Value: ['endoribonuclease activity|0004521||IEA']
    Key: go_process, Value: ['maintenance of CRISPR repeat elements|0043571||IEA']
    Key: inference, Value: ['COORDINATES: protein motif:HMM:TIGR01573.1']
    Key: locus_tag, Value: ['THEIN_RS01175']
    Key: phase, Value: ['0']
    Key: product, Value: ['CRISPR-associated endonuclease Cas2']
    Key: protein_id, Value: ['WP_013906865.1']
    Key: source, Value: ['Protein Homology']
    Key: transl_table, Value: ['11']

GF(CRISPR-associated endonuclease Cas2, 22784-23051 (1))
[GF(YlxR family protein, 596-902 (-1)), GF(transcription termination factor NusA, 904-2191 (-1)), GF(ribosome maturation factor RimP, 2204-2672 (-1)), GF(None, 2992-3850 (1)), GF(CRISPR-associated endoribonuclease Cas6, 3999-4818 (1)), GF(type III-B CRISPR module RAMP protein Cmr1, 4836-5907 (1)), GF(RAMP superfamily CRISPR-associated protein, 5911-7132 (1)), GF(None, 7118-7355 (1)), GF(nucleotidyl transferase AbiEii/AbiGii toxin family protein, 7338-8016 (1)), GF(None, 8017-11299 (1)), GF(type III-B CRISPR module RAMP protein Cmr4, 11291-12404 (1)), GF(None, 12400-12814 (1)), GF(None, 12810-13764 (1)), GF((Fe-S)-binding protein, 14286-14835 (1)), GF(None, 15268-16720 (1)), GF(type I-B CRISPR-associated protein Cas7/Cst2/DevR, 16721-17672 (1)), GF(CRISPR-associated protein Cas5, 17659-18385 (1)), GF(CRISPR-associated helicase/endonuclease Cas3, 18369-20550 (1)), GF(AbrB/MazE/SpoVT family DNA-binding domain-containing protein, 20646-20880 (1)), GF(CRISPR-associated protein Cas4, 20879-21377 (1)), GF(type I-B CRISPR-associated endonuclease Cas1b, 21792-22785 (1)), GF(CRISPR-associated endonuclease Cas2, 22784-23051 (1)), GF(CRISPR-Cas locus, 4000-23051 (0))]
