Cas operons file:    Unnamed: 0         Contig  ...           locus_id           sample
0           2  NZ_AP018553.1  ...  GCF_003967175.1_2  GCF_003967175.1

[1 rows x 19 columns]
The chosen contig: NZ_AP018553.1
type: CDS
location: [1849186:1849393](-)
id: cds-WP_126450728.1
qualifiers:
    Key: Dbxref, Value: ['GenBank:WP_126450728.1', 'GeneID:38667364']
    Key: ID, Value: ['cds-WP_126450728.1']
    Key: Name, Value: ['WP_126450728.1']
    Key: Parent, Value: ['gene-HS1genome_RS09390']
    Key: gbkey, Value: ['CDS']
    Key: inference, Value: ['COORDINATES: ab initio prediction:GeneMarkS-2+']
    Key: locus_tag, Value: ['HS1genome_RS09390']
    Key: phase, Value: ['0']
    Key: product, Value: ['hypothetical protein']
    Key: protein_id, Value: ['WP_126450728.1']
    Key: source, Value: ['GeneMarkS-2+']
    Key: transl_table, Value: ['11']

GF(None, 863-1070 (-1))
type: CDS
location: [1849438:1849699](-)
id: cds-WP_126450729.1
qualifiers:
    Key: Dbxref, Value: ['GenBank:WP_126450729.1', 'GeneID:38667365']
    Key: ID, Value: ['cds-WP_126450729.1']
    Key: Name, Value: ['WP_126450729.1']
    Key: Parent, Value: ['gene-HS1genome_RS09395']
    Key: gbkey, Value: ['CDS']
    Key: inference, Value: ['COORDINATES: ab initio prediction:GeneMarkS-2+']
    Key: locus_tag, Value: ['HS1genome_RS09395']
    Key: phase, Value: ['0']
    Key: product, Value: ['hypothetical protein']
    Key: protein_id, Value: ['WP_126450729.1']
    Key: source, Value: ['GeneMarkS-2+']
    Key: transl_table, Value: ['11']

GF(None, 1115-1376 (-1))
type: CDS
location: [1849783:1850293](-)
id: cds-WP_126450731.1
qualifiers:
    Key: Dbxref, Value: ['GenBank:WP_126450731.1', 'GeneID:38667366']
    Key: ID, Value: ['cds-WP_126450731.1']
    Key: Name, Value: ['WP_126450731.1']
    Key: Ontology_term, Value: ['GO:0016787']
    Key: Parent, Value: ['gene-HS1genome_RS09400']
    Key: gbkey, Value: ['CDS']
    Key: go_function, Value: ['hydrolase activity|0016787||IEA']
    Key: inference, Value: ['COORDINATES: protein motif:HMM:TIGR01662.1']
    Key: locus_tag, Value: ['HS1genome_RS09400']
    Key: phase, Value: ['0']
    Key: product, Value: ['HAD-IIIA family hydrolase']
    Key: protein_id, Value: ['WP_126450731.1']
    Key: source, Value: ['Protein Homology']
    Key: transl_table, Value: ['11']

GF(HAD-IIIA family hydrolase, 1460-1970 (-1))
type: CDS
location: [1850289:1850499](-)
id: cds-WP_126450733.1
qualifiers:
    Key: Dbxref, Value: ['GenBank:WP_126450733.1', 'GeneID:38667367']
    Key: ID, Value: ['cds-WP_126450733.1']
    Key: Name, Value: ['WP_126450733.1']
    Key: Parent, Value: ['gene-HS1genome_RS09405']
    Key: gbkey, Value: ['CDS']
    Key: inference, Value: ['COORDINATES: ab initio prediction:GeneMarkS-2+']
    Key: locus_tag, Value: ['HS1genome_RS09405']
    Key: phase, Value: ['0']
    Key: product, Value: ['hypothetical protein']
    Key: protein_id, Value: ['WP_126450733.1']
    Key: source, Value: ['GeneMarkS-2+']
    Key: transl_table, Value: ['11']

GF(None, 1966-2176 (-1))
type: CDS
location: [1850518:1851568](+)
id: cds-WP_126450735.1
qualifiers:
    Key: Dbxref, Value: ['GenBank:WP_126450735.1', 'GeneID:38667368']
    Key: ID, Value: ['cds-WP_126450735.1']
    Key: Name, Value: ['WP_126450735.1']
    Key: Ontology_term, Value: ['GO:0016757']
    Key: Parent, Value: ['gene-HS1genome_RS09410']
    Key: gbkey, Value: ['CDS']
    Key: go_function, Value: ['glycosyltransferase activity|0016757||IEA']
    Key: inference, Value: ['COORDINATES: similar to AA sequence:RefSeq:WP_012021774.1']
    Key: locus_tag, Value: ['HS1genome_RS09410']
    Key: phase, Value: ['0']
    Key: product, Value: ['glycosyltransferase family 4 protein']
    Key: protein_id, Value: ['WP_126450735.1']
    Key: source, Value: ['Protein Homology']
    Key: transl_table, Value: ['11']

GF(glycosyltransferase family 4 protein, 2195-3245 (1))
type: CDS
location: [1852042:1852318](+)
id: cds-WP_126450737.1
qualifiers:
    Key: Dbxref, Value: ['GenBank:WP_126450737.1', 'GeneID:38667369']
    Key: ID, Value: ['cds-WP_126450737.1']
    Key: Name, Value: ['WP_126450737.1']
    Key: Parent, Value: ['gene-HS1genome_RS09415']
    Key: gbkey, Value: ['CDS']
    Key: inference, Value: ['COORDINATES: ab initio prediction:GeneMarkS-2+']
    Key: locus_tag, Value: ['HS1genome_RS09415']
    Key: phase, Value: ['0']
    Key: product, Value: ['hypothetical protein']
    Key: protein_id, Value: ['WP_126450737.1']
    Key: source, Value: ['GeneMarkS-2+']
    Key: transl_table, Value: ['11']

GF(None, 3719-3995 (1))
type: CDS
location: [1852322:1853357](+)
id: cds-WP_126450739.1
qualifiers:
    Key: Dbxref, Value: ['GenBank:WP_126450739.1', 'GeneID:38667370']
    Key: ID, Value: ['cds-WP_126450739.1']
    Key: Name, Value: ['WP_126450739.1']
    Key: Parent, Value: ['gene-HS1genome_RS09420']
    Key: gbkey, Value: ['CDS']
    Key: inference, Value: ['COORDINATES: similar to AA sequence:RefSeq:WP_012717935.1']
    Key: locus_tag, Value: ['HS1genome_RS09420']
    Key: phase, Value: ['0']
    Key: product, Value: ['RAMP superfamily CRISPR-associated protein']
    Key: protein_id, Value: ['WP_126450739.1']
    Key: source, Value: ['Protein Homology']
    Key: transl_table, Value: ['11']

GF(RAMP superfamily CRISPR-associated protein, 3999-5034 (1))
type: CDS
location: [1853367:1853754](+)
id: cds-WP_126450741.1
qualifiers:
    Key: Dbxref, Value: ['GenBank:WP_126450741.1', 'GeneID:38667371']
    Key: ID, Value: ['cds-WP_126450741.1']
    Key: Name, Value: ['WP_126450741.1']
    Key: Parent, Value: ['gene-HS1genome_RS09425']
    Key: gbkey, Value: ['CDS']
    Key: inference, Value: ['COORDINATES: ab initio prediction:GeneMarkS-2+']
    Key: locus_tag, Value: ['HS1genome_RS09425']
    Key: phase, Value: ['0']
    Key: product, Value: ['hypothetical protein']
    Key: protein_id, Value: ['WP_126450741.1']
    Key: source, Value: ['GeneMarkS-2+']
    Key: transl_table, Value: ['11']

GF(None, 5044-5431 (1))
type: CDS
location: [1853750:1854323](+)
id: cds-WP_126450743.1
qualifiers:
    Key: Dbxref, Value: ['GenBank:WP_126450743.1', 'GeneID:38667372']
    Key: ID, Value: ['cds-WP_126450743.1']
    Key: Name, Value: ['WP_126450743.1']
    Key: Parent, Value: ['gene-HS1genome_RS09430']
    Key: gbkey, Value: ['CDS']
    Key: inference, Value: ['COORDINATES: ab initio prediction:GeneMarkS-2+']
    Key: locus_tag, Value: ['HS1genome_RS09430']
    Key: phase, Value: ['0']
    Key: product, Value: ['hypothetical protein']
    Key: protein_id, Value: ['WP_126450743.1']
    Key: source, Value: ['GeneMarkS-2+']
    Key: transl_table, Value: ['11']

GF(None, 5427-6000 (1))
type: CDS
location: [1854360:1856850](+)
id: cds-WP_126450745.1
qualifiers:
    Key: Dbxref, Value: ['GenBank:WP_126450745.1', 'GeneID:38667373']
    Key: ID, Value: ['cds-WP_126450745.1']
    Key: Name, Value: ['WP_126450745.1']
    Key: Parent, Value: ['gene-HS1genome_RS09435']
    Key: gbkey, Value: ['CDS']
    Key: inference, Value: ['COORDINATES: ab initio prediction:GeneMarkS-2+']
    Key: locus_tag, Value: ['HS1genome_RS09435']
    Key: phase, Value: ['0']
    Key: product, Value: ['hypothetical protein']
    Key: protein_id, Value: ['WP_126450745.1']
    Key: source, Value: ['GeneMarkS-2+']
    Key: transl_table, Value: ['11']

GF(None, 6037-8527 (1))
type: CDS
location: [1856846:1857533](+)
id: cds-WP_126450747.1
qualifiers:
    Key: Dbxref, Value: ['GenBank:WP_126450747.1', 'GeneID:38667374']
    Key: ID, Value: ['cds-WP_126450747.1']
    Key: Name, Value: ['WP_126450747.1']
    Key: Parent, Value: ['gene-HS1genome_RS09440']
    Key: gbkey, Value: ['CDS']
    Key: inference, Value: ['COORDINATES: ab initio prediction:GeneMarkS-2+']
    Key: locus_tag, Value: ['HS1genome_RS09440']
    Key: phase, Value: ['0']
    Key: product, Value: ['hypothetical protein']
    Key: protein_id, Value: ['WP_126450747.1']
    Key: source, Value: ['GeneMarkS-2+']
    Key: transl_table, Value: ['11']

GF(None, 8523-9210 (1))
type: CDS
location: [1859573:1859840](-)
id: cds-WP_126450749.1
qualifiers:
    Key: Dbxref, Value: ['GenBank:WP_126450749.1', 'GeneID:38667376']
    Key: ID, Value: ['cds-WP_126450749.1']
    Key: Name, Value: ['WP_126450749.1']
    Key: Parent, Value: ['gene-HS1genome_RS09450']
    Key: gbkey, Value: ['CDS']
    Key: inference, Value: ['COORDINATES: similar to AA sequence:RefSeq:WP_012715768.1']
    Key: locus_tag, Value: ['HS1genome_RS09450']
    Key: phase, Value: ['0']
    Key: product, Value: ['hypothetical protein']
    Key: protein_id, Value: ['WP_126450749.1']
    Key: source, Value: ['Protein Homology']
    Key: transl_table, Value: ['11']

GF(None, 11250-11517 (-1))
type: CDS
location: [1860547:1860712](+)
id: cds-WP_158613783.1
qualifiers:
    Key: Dbxref, Value: ['GenBank:WP_158613783.1', 'GeneID:43516670']
    Key: ID, Value: ['cds-WP_158613783.1']
    Key: Name, Value: ['WP_158613783.1']
    Key: Parent, Value: ['gene-HS1genome_RS12110']
    Key: gbkey, Value: ['CDS']
    Key: inference, Value: ['COORDINATES: ab initio prediction:GeneMarkS-2+']
    Key: locus_tag, Value: ['HS1genome_RS12110']
    Key: phase, Value: ['0']
    Key: product, Value: ['hypothetical protein']
    Key: protein_id, Value: ['WP_158613783.1']
    Key: source, Value: ['GeneMarkS-2+']
    Key: transl_table, Value: ['11']

GF(None, 12224-12389 (1))
[GF(None, 863-1070 (-1)), GF(None, 1115-1376 (-1)), GF(HAD-IIIA family hydrolase, 1460-1970 (-1)), GF(None, 1966-2176 (-1)), GF(glycosyltransferase family 4 protein, 2195-3245 (1)), GF(None, 3719-3995 (1)), GF(RAMP superfamily CRISPR-associated protein, 3999-5034 (1)), GF(None, 5044-5431 (1)), GF(None, 5427-6000 (1)), GF(None, 6037-8527 (1)), GF(None, 8523-9210 (1)), GF(None, 11250-11517 (-1)), GF(None, 12224-12389 (1)), GF(CRISPR-Cas locus, 4000-9210 (0))]
