Cas operons file:    Unnamed: 0         Contig  ...           locus_id           sample
0           0  NZ_OY762653.1  ...  GCF_963666195.1_0  GCF_963666195.1

[1 rows x 19 columns]
The chosen contig: NZ_OY762653.1
type: CDS
location: [1121356:1123585](-)
id: cds-WP_319996176.1
qualifiers:
    Key: Dbxref, Value: ['GenBank:WP_319996176.1']
    Key: ID, Value: ['cds-WP_319996176.1']
    Key: Name, Value: ['WP_319996176.1']
    Key: Parent, Value: ['gene-SNQ41_RS05150']
    Key: gbkey, Value: ['CDS']
    Key: inference, Value: ['COORDINATES: protein motif:HMM:NF012869.4']
    Key: locus_tag, Value: ['SNQ41_RS05150']
    Key: phase, Value: ['0']
    Key: product, Value: ['ABC transporter ATP-binding protein']
    Key: protein_id, Value: ['WP_319996176.1']
    Key: source, Value: ['Protein Homology']
    Key: transl_table, Value: ['11']

GF(ABC transporter ATP-binding protein, 1746-3975 (-1))
type: CDS
location: [1123609:1124077](-)
id: cds-WP_319996177.1
qualifiers:
    Key: Dbxref, Value: ['GenBank:WP_319996177.1']
    Key: ID, Value: ['cds-WP_319996177.1']
    Key: Name, Value: ['WP_319996177.1']
    Key: Ontology_term, Value: ['GO:0003677', 'GO:0003700']
    Key: Parent, Value: ['gene-SNQ41_RS05155']
    Key: gbkey, Value: ['CDS']
    Key: go_function, Value: ['DNA binding|0003677||IEA', 'DNA-binding transcription factor activity|0003700||IEA']
    Key: inference, Value: ['COORDINATES: protein motif:HMM:NF024854.4']
    Key: locus_tag, Value: ['SNQ41_RS05155']
    Key: phase, Value: ['0']
    Key: product, Value: ['MarR family transcriptional regulator']
    Key: protein_id, Value: ['WP_319996177.1']
    Key: source, Value: ['Protein Homology']
    Key: transl_table, Value: ['11']

GF(MarR family transcriptional regulator, 3999-4467 (-1))
type: CDS
location: [1124234:1124591](+)
id: cds-WP_319996178.1
qualifiers:
    Key: Dbxref, Value: ['GenBank:WP_319996178.1']
    Key: ID, Value: ['cds-WP_319996178.1']
    Key: Name, Value: ['WP_319996178.1']
    Key: Parent, Value: ['gene-SNQ41_RS05160']
    Key: gbkey, Value: ['CDS']
    Key: inference, Value: ['COORDINATES: protein motif:HMM:NF016152.4']
    Key: locus_tag, Value: ['SNQ41_RS05160']
    Key: phase, Value: ['0']
    Key: product, Value: ['MmcQ/YjbR family DNA-binding protein']
    Key: protein_id, Value: ['WP_319996178.1']
    Key: source, Value: ['Protein Homology']
    Key: transl_table, Value: ['11']

GF(MmcQ/YjbR family DNA-binding protein, 4624-4981 (1))
type: CDS
location: [1124713:1125997](+)
id: cds-WP_319996179.1
qualifiers:
    Key: Dbxref, Value: ['GenBank:WP_319996179.1']
    Key: ID, Value: ['cds-WP_319996179.1']
    Key: Name, Value: ['WP_319996179.1']
    Key: Ontology_term, Value: ['GO:0016491']
    Key: Parent, Value: ['gene-SNQ41_RS05165']
    Key: gbkey, Value: ['CDS']
    Key: go_function, Value: ['oxidoreductase activity|0016491||IEA']
    Key: inference, Value: ['COORDINATES: protein motif:HMM:NF013434.4']
    Key: locus_tag, Value: ['SNQ41_RS05165']
    Key: phase, Value: ['0']
    Key: product, Value: ['FAD-binding oxidoreductase']
    Key: protein_id, Value: ['WP_319996179.1']
    Key: source, Value: ['Protein Homology']
    Key: transl_table, Value: ['11']

GF(FAD-binding oxidoreductase, 5103-6387 (1))
type: CDS
location: [1127527:1128268](-)
id: cds-WP_319996180.1
qualifiers:
    Key: Dbxref, Value: ['GenBank:WP_319996180.1']
    Key: ID, Value: ['cds-WP_319996180.1']
    Key: Name, Value: ['WP_319996180.1']
    Key: Parent, Value: ['gene-SNQ41_RS05170']
    Key: gbkey, Value: ['CDS']
    Key: gene, Value: ['cas6']
    Key: inference, Value: ['COORDINATES: protein motif:HMM:NF021551.4']
    Key: locus_tag, Value: ['SNQ41_RS05170']
    Key: phase, Value: ['0']
    Key: product, Value: ['CRISPR system precrRNA processing endoribonuclease RAMP protein Cas6']
    Key: protein_id, Value: ['WP_319996180.1']
    Key: source, Value: ['Protein Homology']
    Key: transl_table, Value: ['11']

GF(CRISPR system precrRNA processing endoribonuclease RAMP protein Cas6, 7917-8658 (-1))
type: CDS
location: [1128292:1129471](-)
id: cds-WP_319996181.1
qualifiers:
    Key: Dbxref, Value: ['GenBank:WP_319996181.1']
    Key: ID, Value: ['cds-WP_319996181.1']
    Key: Name, Value: ['WP_319996181.1']
    Key: Ontology_term, Value: ['GO:0043571', 'GO:0003674']
    Key: Parent, Value: ['gene-SNQ41_RS05175']
    Key: gbkey, Value: ['CDS']
    Key: gene, Value: ['cmr6']
    Key: go_function, Value: ['molecular_function|0003674||IEA']
    Key: go_process, Value: ['maintenance of CRISPR repeat elements|0043571||IEA']
    Key: inference, Value: ['COORDINATES: protein motif:HMM:NF015728.4']
    Key: locus_tag, Value: ['SNQ41_RS05175']
    Key: phase, Value: ['0']
    Key: product, Value: ['type III-B CRISPR module RAMP protein Cmr6']
    Key: protein_id, Value: ['WP_319996181.1']
    Key: source, Value: ['Protein Homology']
    Key: transl_table, Value: ['11']

GF(type III-B CRISPR module RAMP protein Cmr6, 8682-9861 (-1))
type: CDS
location: [1129492:1129858](-)
id: cds-WP_319996182.1
qualifiers:
    Key: Dbxref, Value: ['GenBank:WP_319996182.1']
    Key: ID, Value: ['cds-WP_319996182.1']
    Key: Name, Value: ['WP_319996182.1']
    Key: Ontology_term, Value: ['GO:0043571', 'GO:0003674']
    Key: Parent, Value: ['gene-SNQ41_RS05180']
    Key: gbkey, Value: ['CDS']
    Key: gene, Value: ['cmr5']
    Key: go_function, Value: ['molecular_function|0003674||IEA']
    Key: go_process, Value: ['maintenance of CRISPR repeat elements|0043571||IEA']
    Key: inference, Value: ['COORDINATES: protein motif:HMM:NF021237.4']
    Key: locus_tag, Value: ['SNQ41_RS05180']
    Key: phase, Value: ['0']
    Key: product, Value: ['type III-B CRISPR module-associated protein Cmr5']
    Key: protein_id, Value: ['WP_319996182.1']
    Key: source, Value: ['Protein Homology']
    Key: transl_table, Value: ['11']

GF(type III-B CRISPR module-associated protein Cmr5, 9882-10248 (-1))
type: CDS
location: [1129854:1130772](-)
id: cds-WP_319996183.1
qualifiers:
    Key: Dbxref, Value: ['GenBank:WP_319996183.1']
    Key: ID, Value: ['cds-WP_319996183.1']
    Key: Name, Value: ['WP_319996183.1']
    Key: Ontology_term, Value: ['GO:0043571', 'GO:0003674']
    Key: Parent, Value: ['gene-SNQ41_RS05185']
    Key: gbkey, Value: ['CDS']
    Key: gene, Value: ['cmr4']
    Key: go_function, Value: ['molecular_function|0003674||IEA']
    Key: go_process, Value: ['maintenance of CRISPR repeat elements|0043571||IEA']
    Key: inference, Value: ['COORDINATES: protein motif:HMM:TIGR02580.1']
    Key: locus_tag, Value: ['SNQ41_RS05185']
    Key: phase, Value: ['0']
    Key: product, Value: ['type III-B CRISPR module RAMP protein Cmr4']
    Key: protein_id, Value: ['WP_319996183.1']
    Key: source, Value: ['Protein Homology']
    Key: transl_table, Value: ['11']

GF(type III-B CRISPR module RAMP protein Cmr4, 10244-11162 (-1))
type: CDS
location: [1130776:1131865](-)
id: cds-WP_319996184.1
qualifiers:
    Key: Dbxref, Value: ['GenBank:WP_319996184.1']
    Key: ID, Value: ['cds-WP_319996184.1']
    Key: Name, Value: ['WP_319996184.1']
    Key: Parent, Value: ['gene-SNQ41_RS05190']
    Key: gbkey, Value: ['CDS']
    Key: inference, Value: ['COORDINATES: protein motif:HMM:NF021236.4']
    Key: locus_tag, Value: ['SNQ41_RS05190']
    Key: phase, Value: ['0']
    Key: product, Value: ['type III-B CRISPR module-associated Cmr3 family protein']
    Key: protein_id, Value: ['WP_319996184.1']
    Key: source, Value: ['Protein Homology']
    Key: transl_table, Value: ['11']

GF(type III-B CRISPR module-associated Cmr3 family protein, 11166-12255 (-1))
type: CDS
location: [1131842:1133624](-)
id: cds-WP_319996185.1
qualifiers:
    Key: Dbxref, Value: ['GenBank:WP_319996185.1']
    Key: ID, Value: ['cds-WP_319996185.1']
    Key: Name, Value: ['WP_319996185.1']
    Key: Ontology_term, Value: ['GO:0043571', 'GO:0003674']
    Key: Parent, Value: ['gene-SNQ41_RS05195']
    Key: gbkey, Value: ['CDS']
    Key: gene, Value: ['cas10']
    Key: go_function, Value: ['molecular_function|0003674||IEA']
    Key: go_process, Value: ['maintenance of CRISPR repeat elements|0043571||IEA']
    Key: inference, Value: ['COORDINATES: protein motif:HMM:TIGR02577.1']
    Key: locus_tag, Value: ['SNQ41_RS05195']
    Key: phase, Value: ['0']
    Key: product, Value: ['type III-B CRISPR-associated protein Cas10/Cmr2']
    Key: protein_id, Value: ['WP_319996185.1']
    Key: source, Value: ['Protein Homology']
    Key: transl_table, Value: ['11']

GF(type III-B CRISPR-associated protein Cas10/Cmr2, 12232-14014 (-1))
type: CDS
location: [1133639:1134545](-)
id: cds-WP_319996186.1
qualifiers:
    Key: Dbxref, Value: ['GenBank:WP_319996186.1']
    Key: ID, Value: ['cds-WP_319996186.1']
    Key: Name, Value: ['WP_319996186.1']
    Key: Ontology_term, Value: ['GO:0043571', 'GO:0003674']
    Key: Parent, Value: ['gene-SNQ41_RS05200']
    Key: gbkey, Value: ['CDS']
    Key: gene, Value: ['cmr1']
    Key: go_function, Value: ['molecular_function|0003674||IEA']
    Key: go_process, Value: ['maintenance of CRISPR repeat elements|0043571||IEA']
    Key: inference, Value: ['COORDINATES: protein motif:HMM:NF015728.4']
    Key: locus_tag, Value: ['SNQ41_RS05200']
    Key: phase, Value: ['0']
    Key: product, Value: ['type III-B CRISPR module RAMP protein Cmr1']
    Key: protein_id, Value: ['WP_319996186.1']
    Key: source, Value: ['Protein Homology']
    Key: transl_table, Value: ['11']

GF(type III-B CRISPR module RAMP protein Cmr1, 14029-14935 (-1))
type: CDS
location: [1134551:1135847](-)
id: cds-WP_319996187.1
qualifiers:
    Key: Dbxref, Value: ['GenBank:WP_319996187.1']
    Key: ID, Value: ['cds-WP_319996187.1']
    Key: Name, Value: ['WP_319996187.1']
    Key: Parent, Value: ['gene-SNQ41_RS05205']
    Key: gbkey, Value: ['CDS']
    Key: inference, Value: ['COORDINATES: protein motif:HMM:NF021006.4']
    Key: locus_tag, Value: ['SNQ41_RS05205']
    Key: phase, Value: ['0']
    Key: product, Value: ['TM1812 family CRISPR-associated protein']
    Key: protein_id, Value: ['WP_319996187.1']
    Key: source, Value: ['Protein Homology']
    Key: transl_table, Value: ['11']

GF(TM1812 family CRISPR-associated protein, 14941-16237 (-1))
type: CDS
location: [1136058:1137264](-)
id: cds-WP_319996188.1
qualifiers:
    Key: Dbxref, Value: ['GenBank:WP_319996188.1']
    Key: ID, Value: ['cds-WP_319996188.1']
    Key: Name, Value: ['WP_319996188.1']
    Key: Parent, Value: ['gene-SNQ41_RS05210']
    Key: gbkey, Value: ['CDS']
    Key: inference, Value: ['COORDINATES: protein motif:HMM:NF021189.4']
    Key: locus_tag, Value: ['SNQ41_RS05210']
    Key: phase, Value: ['0']
    Key: product, Value: ['hypothetical protein']
    Key: protein_id, Value: ['WP_319996188.1']
    Key: source, Value: ['Protein Homology']
    Key: transl_table, Value: ['11']

GF(None, 16448-17654 (-1))
type: CDS
location: [1137341:1137626](-)
id: cds-WP_319996189.1
qualifiers:
    Key: Dbxref, Value: ['GenBank:WP_319996189.1']
    Key: ID, Value: ['cds-WP_319996189.1']
    Key: Name, Value: ['WP_319996189.1']
    Key: Ontology_term, Value: ['GO:0043571', 'GO:0004521']
    Key: Parent, Value: ['gene-SNQ41_RS05215']
    Key: gbkey, Value: ['CDS']
    Key: gene, Value: ['cas2']
    Key: go_function, Value: ['RNA endonuclease activity|0004521||IEA']
    Key: go_process, Value: ['maintenance of CRISPR repeat elements|0043571||IEA']
    Key: inference, Value: ['COORDINATES: protein motif:HMM:TIGR01573.1']
    Key: locus_tag, Value: ['SNQ41_RS05215']
    Key: phase, Value: ['0']
    Key: product, Value: ['CRISPR-associated endonuclease Cas2']
    Key: protein_id, Value: ['WP_319996189.1']
    Key: source, Value: ['Protein Homology']
    Key: transl_table, Value: ['11']

GF(CRISPR-associated endonuclease Cas2, 17731-18016 (-1))
type: CDS
location: [1137632:1138637](-)
id: cds-WP_319996190.1
qualifiers:
    Key: Dbxref, Value: ['GenBank:WP_319996190.1']
    Key: ID, Value: ['cds-WP_319996190.1']
    Key: Name, Value: ['WP_319996190.1']
    Key: Ontology_term, Value: ['GO:0043571', 'GO:0004520', 'GO:0046872']
    Key: Parent, Value: ['gene-SNQ41_RS05220']
    Key: gbkey, Value: ['CDS']
    Key: gene, Value: ['cas1']
    Key: go_function, Value: ['DNA endonuclease activity|0004520||IEA', 'metal ion binding|0046872||IEA']
    Key: go_process, Value: ['maintenance of CRISPR repeat elements|0043571||IEA']
    Key: inference, Value: ['COORDINATES: protein motif:HMM:TIGR00287.1']
    Key: locus_tag, Value: ['SNQ41_RS05220']
    Key: phase, Value: ['0']
    Key: product, Value: ['CRISPR-associated endonuclease Cas1']
    Key: protein_id, Value: ['WP_319996190.1']
    Key: source, Value: ['Protein Homology']
    Key: transl_table, Value: ['11']

GF(CRISPR-associated endonuclease Cas1, 18022-19027 (-1))
type: CDS
location: [1139739:1140459](-)
id: cds-WP_319996191.1
qualifiers:
    Key: Dbxref, Value: ['GenBank:WP_319996191.1']
    Key: ID, Value: ['cds-WP_319996191.1']
    Key: Name, Value: ['WP_319996191.1']
    Key: Parent, Value: ['gene-SNQ41_RS05225']
    Key: gbkey, Value: ['CDS']
    Key: inference, Value: ['COORDINATES: similar to AA sequence:RefSeq:WP_007720547.1']
    Key: locus_tag, Value: ['SNQ41_RS05225']
    Key: phase, Value: ['0']
    Key: product, Value: ['16S rRNA pseudouridine(516) synthase']
    Key: protein_id, Value: ['WP_319996191.1']
    Key: source, Value: ['Protein Homology']
    Key: transl_table, Value: ['11']

GF(16S rRNA pseudouridine(516) synthase, 20129-20849 (-1))
type: CDS
location: [1140568:1141087](-)
id: cds-WP_319996192.1
qualifiers:
    Key: Dbxref, Value: ['GenBank:WP_319996192.1']
    Key: ID, Value: ['cds-WP_319996192.1']
    Key: Name, Value: ['WP_319996192.1']
    Key: Ontology_term, Value: ['GO:0017111']
    Key: Parent, Value: ['gene-SNQ41_RS05230']
    Key: gbkey, Value: ['CDS']
    Key: go_function, Value: ['ribonucleoside triphosphate phosphatase activity|0017111||IEA']
    Key: inference, Value: ['COORDINATES: protein motif:HMM:NF015239.4']
    Key: locus_tag, Value: ['SNQ41_RS05230']
    Key: phase, Value: ['0']
    Key: product, Value: ['nucleoside-triphosphatase']
    Key: protein_id, Value: ['WP_319996192.1']
    Key: source, Value: ['Protein Homology']
    Key: transl_table, Value: ['11']

GF(nucleoside-triphosphatase, 20958-21477 (-1))
type: CDS
location: [1141097:1141712](-)
id: cds-WP_319996193.1
qualifiers:
    Key: Dbxref, Value: ['GenBank:WP_319996193.1']
    Key: ID, Value: ['cds-WP_319996193.1']
    Key: Name, Value: ['WP_319996193.1']
    Key: Parent, Value: ['gene-SNQ41_RS05235']
    Key: gbkey, Value: ['CDS']
    Key: inference, Value: ['COORDINATES: ab initio prediction:GeneMarkS-2+']
    Key: locus_tag, Value: ['SNQ41_RS05235']
    Key: phase, Value: ['0']
    Key: product, Value: ['hypothetical protein']
    Key: protein_id, Value: ['WP_319996193.1']
    Key: source, Value: ['GeneMarkS-2+']
    Key: transl_table, Value: ['11']

GF(None, 21487-22102 (-1))
type: repeat_region
location: [1126876:1127186](+)
id: NZ_OY762653.1_3
qualifiers:
    Key: Dbxref, Value: ['SO:0001459']
    Key: ID, Value: ['NZ_OY762653.1_3']
    Key: Note, Value: ['GTTTCCGACCCCTTATTGGGGAG']
    Key: Ontology_term, Value: ['CRISPR']
    Key: score, Value: ['310']
    Key: source, Value: ['CCTyper']

GF(Repeat region, 7266-7576 (0))
type: repeat_region
location: [1138727:1139060](+)
id: NZ_OY762653.1_4
qualifiers:
    Key: Dbxref, Value: ['SO:0001459']
    Key: ID, Value: ['NZ_OY762653.1_4']
    Key: Note, Value: ['TGGGTTTCCGACCCCTCATTGGGGAGATGTTTCTTAAC']
    Key: Ontology_term, Value: ['CRISPR']
    Key: score, Value: ['333']
    Key: source, Value: ['CCTyper']

GF(Repeat region, 19117-19450 (0))
graphic feature from known effectors: GF(csx1, 14942-16237 (-1))
graphic feature from known effectors: GF(cami1, 16449-17654 (-1))
[GF(ABC transporter ATP-binding protein, 1746-3975 (-1)), GF(MarR family transcriptional regulator, 3999-4467 (-1)), GF(MmcQ/YjbR family DNA-binding protein, 4624-4981 (1)), GF(FAD-binding oxidoreductase, 5103-6387 (1)), GF(CRISPR system precrRNA processing endoribonuclease RAMP protein Cas6, 7917-8658 (-1)), GF(type III-B CRISPR module RAMP protein Cmr6, 8682-9861 (-1)), GF(type III-B CRISPR module-associated protein Cmr5, 9882-10248 (-1)), GF(type III-B CRISPR module RAMP protein Cmr4, 10244-11162 (-1)), GF(type III-B CRISPR module-associated Cmr3 family protein, 11166-12255 (-1)), GF(type III-B CRISPR-associated protein Cas10/Cmr2, 12232-14014 (-1)), GF(type III-B CRISPR module RAMP protein Cmr1, 14029-14935 (-1)), GF(TM1812 family CRISPR-associated protein, 14941-16237 (-1)), GF(None, 16448-17654 (-1)), GF(CRISPR-associated endonuclease Cas2, 17731-18016 (-1)), GF(CRISPR-associated endonuclease Cas1, 18022-19027 (-1)), GF(16S rRNA pseudouridine(516) synthase, 20129-20849 (-1)), GF(nucleoside-triphosphatase, 20958-21477 (-1)), GF(None, 21487-22102 (-1)), GF(Repeat region, 7266-7576 (0)), GF(Repeat region, 19117-19450 (0)), GF(csx1, 14942-16237 (-1)), GF(cami1, 16449-17654 (-1)), GF(CRISPR-Cas locus, 4000-18913 (0))]
