Cas operons file:    Unnamed: 0       Contig  ...           locus_id           sample
0           1  NC_011026.1  ...  GCF_000020525.1_1  GCF_000020525.1

[1 rows x 19 columns]
The chosen contig: NC_011026.1
type: CDS
location: [1114392:1115406](-)
id: cds-WP_012499488.1
qualifiers:
    Key: Dbxref, Value: ['GenBank:WP_012499488.1']
    Key: ID, Value: ['cds-WP_012499488.1']
    Key: Name, Value: ['WP_012499488.1']
    Key: Ontology_term, Value: ['GO:0016757']
    Key: Parent, Value: ['gene-CTHA_RS04895']
    Key: gbkey, Value: ['CDS']
    Key: go_function, Value: ['glycosyltransferase activity|0016757||IEA']
    Key: inference, Value: ['COORDINATES: similar to AA sequence:RefSeq:WP_012502944.1']
    Key: locus_tag, Value: ['CTHA_RS04895']
    Key: phase, Value: ['0']
    Key: product, Value: ['glycosyltransferase family 2 protein']
    Key: protein_id, Value: ['WP_012499488.1']
    Key: source, Value: ['Protein Homology']
    Key: transl_table, Value: ['11']

GF(glycosyltransferase family 2 protein, 154-1168 (-1))
type: CDS
location: [1115554:1115755](-)
id: cds-WP_169304711.1
qualifiers:
    Key: Dbxref, Value: ['GenBank:WP_169304711.1']
    Key: ID, Value: ['cds-WP_169304711.1']
    Key: Name, Value: ['WP_169304711.1']
    Key: Parent, Value: ['gene-CTHA_RS15140']
    Key: gbkey, Value: ['CDS']
    Key: inference, Value: ['COORDINATES: ab initio prediction:GeneMarkS-2+']
    Key: locus_tag, Value: ['CTHA_RS15140']
    Key: phase, Value: ['0']
    Key: product, Value: ['hypothetical protein']
    Key: protein_id, Value: ['WP_169304711.1']
    Key: source, Value: ['GeneMarkS-2+']
    Key: transl_table, Value: ['11']

GF(None, 1316-1517 (-1))
type: CDS
location: [1115725:1118146](+)
id: cds-WP_012499489.1
qualifiers:
    Key: Dbxref, Value: ['GenBank:WP_012499489.1']
    Key: ID, Value: ['cds-WP_012499489.1']
    Key: Name, Value: ['WP_012499489.1']
    Key: Parent, Value: ['gene-CTHA_RS04900']
    Key: gbkey, Value: ['CDS']
    Key: inference, Value: ['COORDINATES: protein motif:HMM:NF023478.2']
    Key: locus_tag, Value: ['CTHA_RS04900']
    Key: phase, Value: ['0']
    Key: product, Value: ['DUF3536 domain-containing protein']
    Key: protein_id, Value: ['WP_012499489.1']
    Key: source, Value: ['Protein Homology']
    Key: transl_table, Value: ['11']

GF(DUF3536 domain-containing protein, 1487-3908 (1))
type: CDS
location: [1118237:1119119](-)
id: cds-WP_012499490.1
qualifiers:
    Key: Dbxref, Value: ['GenBank:WP_012499490.1']
    Key: ID, Value: ['cds-WP_012499490.1']
    Key: Name, Value: ['WP_012499490.1']
    Key: Ontology_term, Value: ['GO:0043571', 'GO:0003674']
    Key: Parent, Value: ['gene-CTHA_RS04905']
    Key: gbkey, Value: ['CDS']
    Key: gene, Value: ['cmr1']
    Key: go_function, Value: ['molecular_function|0003674||IEA']
    Key: go_process, Value: ['maintenance of CRISPR repeat elements|0043571||IEA']
    Key: inference, Value: ['COORDINATES: protein motif:HMM:TIGR01894.1']
    Key: locus_tag, Value: ['CTHA_RS04905']
    Key: phase, Value: ['0']
    Key: product, Value: ['type III-B CRISPR module RAMP protein Cmr1']
    Key: protein_id, Value: ['WP_012499490.1']
    Key: source, Value: ['Protein Homology']
    Key: transl_table, Value: ['11']

GF(type III-B CRISPR module RAMP protein Cmr1, 3999-4881 (-1))
type: CDS
location: [1119115:1120528](-)
id: cds-WP_012499491.1
qualifiers:
    Key: Dbxref, Value: ['GenBank:WP_012499491.1']
    Key: ID, Value: ['cds-WP_012499491.1']
    Key: Name, Value: ['WP_012499491.1']
    Key: Ontology_term, Value: ['GO:0043571', 'GO:0003674']
    Key: Parent, Value: ['gene-CTHA_RS14465']
    Key: gbkey, Value: ['CDS']
    Key: gene, Value: ['cmr6']
    Key: go_function, Value: ['molecular_function|0003674||IEA']
    Key: go_process, Value: ['maintenance of CRISPR repeat elements|0043571||IEA']
    Key: inference, Value: ['COORDINATES: protein motif:HMM:TIGR01898.1']
    Key: locus_tag, Value: ['CTHA_RS14465']
    Key: phase, Value: ['0']
    Key: product, Value: ['type III-B CRISPR module RAMP protein Cmr6']
    Key: protein_id, Value: ['WP_012499491.1']
    Key: source, Value: ['Protein Homology']
    Key: transl_table, Value: ['11']

GF(type III-B CRISPR module RAMP protein Cmr6, 4877-6290 (-1))
type: CDS
location: [1120529:1120943](-)
id: cds-WP_012499492.1
qualifiers:
    Key: Dbxref, Value: ['GenBank:WP_012499492.1']
    Key: ID, Value: ['cds-WP_012499492.1']
    Key: Name, Value: ['WP_012499492.1']
    Key: Ontology_term, Value: ['GO:0043571', 'GO:0003674']
    Key: Parent, Value: ['gene-CTHA_RS04915']
    Key: gbkey, Value: ['CDS']
    Key: gene, Value: ['cmr5']
    Key: go_function, Value: ['molecular_function|0003674||IEA']
    Key: go_process, Value: ['maintenance of CRISPR repeat elements|0043571||IEA']
    Key: inference, Value: ['COORDINATES: protein motif:HMM:TIGR01881.1']
    Key: locus_tag, Value: ['CTHA_RS04915']
    Key: phase, Value: ['0']
    Key: product, Value: ['type III-B CRISPR module-associated protein Cmr5']
    Key: protein_id, Value: ['WP_012499492.1']
    Key: source, Value: ['Protein Homology']
    Key: transl_table, Value: ['11']

GF(type III-B CRISPR module-associated protein Cmr5, 6291-6705 (-1))
type: CDS
location: [1120955:1121927](-)
id: cds-WP_012499493.1
qualifiers:
    Key: Dbxref, Value: ['GenBank:WP_012499493.1']
    Key: ID, Value: ['cds-WP_012499493.1']
    Key: Name, Value: ['WP_012499493.1']
    Key: Ontology_term, Value: ['GO:0043571', 'GO:0003674']
    Key: Parent, Value: ['gene-CTHA_RS04920']
    Key: gbkey, Value: ['CDS']
    Key: gene, Value: ['cmr4']
    Key: go_function, Value: ['molecular_function|0003674||IEA']
    Key: go_process, Value: ['maintenance of CRISPR repeat elements|0043571||IEA']
    Key: inference, Value: ['COORDINATES: protein motif:HMM:TIGR02580.1']
    Key: locus_tag, Value: ['CTHA_RS04920']
    Key: phase, Value: ['0']
    Key: product, Value: ['type III-B CRISPR module RAMP protein Cmr4']
    Key: protein_id, Value: ['WP_012499493.1']
    Key: source, Value: ['Protein Homology']
    Key: transl_table, Value: ['11']

GF(type III-B CRISPR module RAMP protein Cmr4, 6717-7689 (-1))
type: CDS
location: [1121939:1123328](-)
id: cds-WP_012499494.1
qualifiers:
    Key: Dbxref, Value: ['GenBank:WP_012499494.1']
    Key: ID, Value: ['cds-WP_012499494.1']
    Key: Name, Value: ['WP_012499494.1']
    Key: Parent, Value: ['gene-CTHA_RS04925']
    Key: gbkey, Value: ['CDS']
    Key: inference, Value: ['COORDINATES: protein motif:HMM:NF021189.2']
    Key: locus_tag, Value: ['CTHA_RS04925']
    Key: phase, Value: ['0']
    Key: product, Value: ['hypothetical protein']
    Key: protein_id, Value: ['WP_012499494.1']
    Key: source, Value: ['Protein Homology']
    Key: transl_table, Value: ['11']

GF(None, 7701-9090 (-1))
type: CDS
location: [1123327:1124389](-)
id: cds-WP_169304712.1
qualifiers:
    Key: Dbxref, Value: ['GenBank:WP_169304712.1']
    Key: ID, Value: ['cds-WP_169304712.1']
    Key: Name, Value: ['WP_169304712.1']
    Key: Ontology_term, Value: ['GO:0043571', 'GO:0003674', 'GO:0005575']
    Key: Parent, Value: ['gene-CTHA_RS04930']
    Key: gbkey, Value: ['CDS']
    Key: gene, Value: ['cmr3']
    Key: go_component, Value: ['cellular_component|0005575||IEA']
    Key: go_function, Value: ['molecular_function|0003674||IEA']
    Key: go_process, Value: ['maintenance of CRISPR repeat elements|0043571||IEA']
    Key: inference, Value: ['COORDINATES: protein motif:HMM:NF021236.2']
    Key: locus_tag, Value: ['CTHA_RS04930']
    Key: phase, Value: ['0']
    Key: product, Value: ['type III-B CRISPR module-associated protein Cmr3']
    Key: protein_id, Value: ['WP_169304712.1']
    Key: source, Value: ['Protein Homology']
    Key: transl_table, Value: ['11']

GF(type III-B CRISPR module-associated protein Cmr3, 9089-10151 (-1))
type: CDS
location: [1124378:1126262](-)
id: cds-WP_012499496.1
qualifiers:
    Key: Dbxref, Value: ['GenBank:WP_012499496.1']
    Key: ID, Value: ['cds-WP_012499496.1']
    Key: Name, Value: ['WP_012499496.1']
    Key: Ontology_term, Value: ['GO:0043571', 'GO:0003674']
    Key: Parent, Value: ['gene-CTHA_RS04935']
    Key: gbkey, Value: ['CDS']
    Key: gene, Value: ['cas10']
    Key: go_function, Value: ['molecular_function|0003674||IEA']
    Key: go_process, Value: ['maintenance of CRISPR repeat elements|0043571||IEA']
    Key: inference, Value: ['COORDINATES: protein motif:HMM:TIGR02577.1']
    Key: locus_tag, Value: ['CTHA_RS04935']
    Key: phase, Value: ['0']
    Key: product, Value: ['type III-B CRISPR-associated protein Cas10/Cmr2']
    Key: protein_id, Value: ['WP_012499496.1']
    Key: source, Value: ['Protein Homology']
    Key: transl_table, Value: ['11']

GF(type III-B CRISPR-associated protein Cas10/Cmr2, 10140-12024 (-1))
type: CDS
location: [1126639:1127512](-)
id: cds-WP_012499497.1
qualifiers:
    Key: Dbxref, Value: ['GenBank:WP_012499497.1']
    Key: ID, Value: ['cds-WP_012499497.1']
    Key: Name, Value: ['WP_012499497.1']
    Key: Parent, Value: ['gene-CTHA_RS04945']
    Key: gbkey, Value: ['CDS']
    Key: inference, Value: ['COORDINATES: similar to AA sequence:RefSeq:WP_012466631.1']
    Key: locus_tag, Value: ['CTHA_RS04945']
    Key: phase, Value: ['0']
    Key: product, Value: ['carbon-nitrogen hydrolase']
    Key: protein_id, Value: ['WP_012499497.1']
    Key: source, Value: ['Protein Homology']
    Key: transl_table, Value: ['11']

GF(carbon-nitrogen hydrolase, 12401-13274 (-1))
type: CDS
location: [1127683:1128604](-)
id: cds-WP_012499498.1
qualifiers:
    Key: Dbxref, Value: ['GenBank:WP_012499498.1']
    Key: ID, Value: ['cds-WP_012499498.1']
    Key: Name, Value: ['WP_012499498.1']
    Key: Ontology_term, Value: ['GO:0009234', 'GO:0046428', 'GO:0016020']
    Key: Parent, Value: ['gene-CTHA_RS04950']
    Key: gbkey, Value: ['CDS']
    Key: go_component, Value: ['membrane|0016020||IEA']
    Key: go_function, Value: ['1,4-dihydroxy-2-naphthoate octaprenyltransferase activity|0046428||IEA']
    Key: go_process, Value: ['menaquinone biosynthetic process|0009234||IEA']
    Key: inference, Value: ['COORDINATES: similar to AA sequence:RefSeq:WP_012466632.1']
    Key: locus_tag, Value: ['CTHA_RS04950']
    Key: phase, Value: ['0']
    Key: product, Value: ['1,4-dihydroxy-2-naphthoate polyprenyltransferase']
    Key: protein_id, Value: ['WP_012499498.1']
    Key: source, Value: ['Protein Homology']
    Key: transl_table, Value: ['11']

GF(1,4-dihydroxy-2-naphthoate polyprenyltransferase, 13445-14366 (-1))
type: CDS
location: [1128804:1129848](-)
id: cds-WP_012499499.1
qualifiers:
    Key: Dbxref, Value: ['GenBank:WP_012499499.1']
    Key: ID, Value: ['cds-WP_012499499.1']
    Key: Name, Value: ['WP_012499499.1']
    Key: Ontology_term, Value: ['GO:0016491', 'GO:0050660']
    Key: Parent, Value: ['gene-CTHA_RS04960']
    Key: gbkey, Value: ['CDS']
    Key: go_function, Value: ['oxidoreductase activity|0016491||IEA', 'flavin adenine dinucleotide binding|0050660||IEA']
    Key: inference, Value: ['COORDINATES: similar to AA sequence:RefSeq:WP_012499499.1']
    Key: locus_tag, Value: ['CTHA_RS04960']
    Key: phase, Value: ['0']
    Key: product, Value: ['NAD(P)/FAD-dependent oxidoreductase']
    Key: protein_id, Value: ['WP_012499499.1']
    Key: source, Value: ['Protein Homology']
    Key: transl_table, Value: ['11']

GF(NAD(P)/FAD-dependent oxidoreductase, 14566-15610 (-1))
graphic feature from cctyper protein table: GF(Cmr1gr7, 4000-4881 (-1))
graphic feature from cctyper protein table: GF(Cmr6gr7, 4878-6290 (-1))
graphic feature from cctyper protein table: GF(Cmr5gr11, 6292-6705 (-1))
graphic feature from cctyper protein table: GF(Cmr4gr7, 6718-7689 (-1))
graphic feature from cctyper protein table: GF(Csm6, 7702-9090 (-1))
graphic feature from cctyper protein table: GF(Cmr3gr5, 9090-10151 (-1))
graphic feature from cctyper protein table: GF(Cas10, 10141-12024 (-1))
Index(['protein_id', 'start', 'end', 'effector', 'locus', 'sample', 'strand',
       'sequence', 'type'],
      dtype='object')
graphic feature from known effectors: GF(cami1, 7702-9090 (-1))
Index(['protein_id', 'start', 'end', 'effector', 'locus', 'sample', 'strand',
       'sequence'],
      dtype='object')
[GF(glycosyltransferase family 2 protein, 154-1168 (-1)), GF(None, 1316-1517 (-1)), GF(DUF3536 domain-containing protein, 1487-3908 (1)), GF(type III-B CRISPR module RAMP protein Cmr1, 3999-4881 (-1)), GF(type III-B CRISPR module RAMP protein Cmr6, 4877-6290 (-1)), GF(type III-B CRISPR module-associated protein Cmr5, 6291-6705 (-1)), GF(type III-B CRISPR module RAMP protein Cmr4, 6717-7689 (-1)), GF(None, 7701-9090 (-1)), GF(type III-B CRISPR module-associated protein Cmr3, 9089-10151 (-1)), GF(type III-B CRISPR-associated protein Cas10/Cmr2, 10140-12024 (-1)), GF(carbon-nitrogen hydrolase, 12401-13274 (-1)), GF(1,4-dihydroxy-2-naphthoate polyprenyltransferase, 13445-14366 (-1)), GF(NAD(P)/FAD-dependent oxidoreductase, 14566-15610 (-1)), GF(Cmr1gr7, 4000-4881 (-1)), GF(Cmr6gr7, 4878-6290 (-1)), GF(Cmr5gr11, 6292-6705 (-1)), GF(Cmr4gr7, 6718-7689 (-1)), GF(Csm6, 7702-9090 (-1)), GF(Cmr3gr5, 9090-10151 (-1)), GF(Cas10, 10141-12024 (-1)), GF(cami1, 7702-9090 (-1)), GF(CRISPR-Cas locus, 4000-12024 (0))]
