Cas operons file:    Unnamed: 0         Contig  ...           locus_id           sample
0           0  NZ_CP040463.1  ...  GCF_005843985.1_0  GCF_005843985.1

[1 rows x 19 columns]
The chosen contig: NZ_CP040463.1
type: CDS
location: [1309039:1309537](-)
id: cds-WP_138323620.1
qualifiers:
    Key: Dbxref, Value: ['GenBank:WP_138323620.1']
    Key: ID, Value: ['cds-WP_138323620.1']
    Key: Name, Value: ['WP_138323620.1']
    Key: Parent, Value: ['gene-FE773_RS07040']
    Key: gbkey, Value: ['CDS']
    Key: inference, Value: ['COORDINATES: ab initio prediction:GeneMarkS-2+']
    Key: locus_tag, Value: ['FE773_RS07040']
    Key: phase, Value: ['0']
    Key: product, Value: ['hypothetical protein']
    Key: protein_id, Value: ['WP_138323620.1']
    Key: source, Value: ['GeneMarkS-2+']
    Key: transl_table, Value: ['11']

GF(None, 944-1442 (-1))
type: CDS
location: [1309529:1309991](-)
id: cds-WP_007473109.1
qualifiers:
    Key: Dbxref, Value: ['GenBank:WP_007473109.1']
    Key: ID, Value: ['cds-WP_007473109.1']
    Key: Name, Value: ['WP_007473109.1']
    Key: Parent, Value: ['gene-FE773_RS07045']
    Key: gbkey, Value: ['CDS']
    Key: inference, Value: ['COORDINATES: similar to AA sequence:RefSeq:WP_015902407.1']
    Key: locus_tag, Value: ['FE773_RS07045']
    Key: phase, Value: ['0']
    Key: product, Value: ['histidine phosphatase family protein']
    Key: protein_id, Value: ['WP_007473109.1']
    Key: source, Value: ['Protein Homology']
    Key: transl_table, Value: ['11']

GF(histidine phosphatase family protein, 1434-1896 (-1))
type: CDS
location: [1309987:1311121](-)
id: cds-WP_138323621.1
qualifiers:
    Key: Dbxref, Value: ['GenBank:WP_138323621.1']
    Key: ID, Value: ['cds-WP_138323621.1']
    Key: Name, Value: ['WP_138323621.1']
    Key: Ontology_term, Value: ['GO:0006364', 'GO:0008168']
    Key: Parent, Value: ['gene-FE773_RS07050']
    Key: gbkey, Value: ['CDS']
    Key: go_function, Value: ['methyltransferase activity|0008168||IEA']
    Key: go_process, Value: ['rRNA processing|0006364||IEA']
    Key: inference, Value: ['COORDINATES: similar to AA sequence:RefSeq:WP_007473111.1']
    Key: locus_tag, Value: ['FE773_RS07050']
    Key: phase, Value: ['0']
    Key: product, Value: ['class I SAM-dependent rRNA methyltransferase']
    Key: protein_id, Value: ['WP_138323621.1']
    Key: source, Value: ['Protein Homology']
    Key: transl_table, Value: ['11']

GF(class I SAM-dependent rRNA methyltransferase, 1892-3026 (-1))
type: CDS
location: [1312094:1312394](-)
id: cds-WP_138323622.1
qualifiers:
    Key: Dbxref, Value: ['GenBank:WP_138323622.1']
    Key: ID, Value: ['cds-WP_138323622.1']
    Key: Name, Value: ['WP_138323622.1']
    Key: Ontology_term, Value: ['GO:0043571', 'GO:0004521']
    Key: Parent, Value: ['gene-FE773_RS07055']
    Key: gbkey, Value: ['CDS']
    Key: gene, Value: ['cas2']
    Key: go_function, Value: ['endoribonuclease activity|0004521||IEA']
    Key: go_process, Value: ['maintenance of CRISPR repeat elements|0043571||IEA']
    Key: inference, Value: ['COORDINATES: similar to AA sequence:RefSeq:WP_007473114.1']
    Key: locus_tag, Value: ['FE773_RS07055']
    Key: phase, Value: ['0']
    Key: product, Value: ['CRISPR-associated endonuclease Cas2']
    Key: protein_id, Value: ['WP_138323622.1']
    Key: source, Value: ['Protein Homology']
    Key: transl_table, Value: ['11']

GF(CRISPR-associated endonuclease Cas2, 3999-4299 (-1))
type: CDS
location: [1312390:1313383](-)
id: cds-WP_138323623.1
qualifiers:
    Key: Dbxref, Value: ['GenBank:WP_138323623.1']
    Key: ID, Value: ['cds-WP_138323623.1']
    Key: Name, Value: ['WP_138323623.1']
    Key: Ontology_term, Value: ['GO:0043571', 'GO:0004520']
    Key: Parent, Value: ['gene-FE773_RS07060']
    Key: gbkey, Value: ['CDS']
    Key: gene, Value: ['cas1b']
    Key: go_function, Value: ['endodeoxyribonuclease activity|0004520||IEA']
    Key: go_process, Value: ['maintenance of CRISPR repeat elements|0043571||IEA']
    Key: inference, Value: ['COORDINATES: similar to AA sequence:RefSeq:WP_007473116.1']
    Key: locus_tag, Value: ['FE773_RS07060']
    Key: phase, Value: ['0']
    Key: product, Value: ['type I-B CRISPR-associated endonuclease Cas1b']
    Key: protein_id, Value: ['WP_138323623.1']
    Key: source, Value: ['Protein Homology']
    Key: transl_table, Value: ['11']

GF(type I-B CRISPR-associated endonuclease Cas1b, 4295-5288 (-1))
type: CDS
location: [1313445:1313928](-)
id: cds-WP_138323624.1
qualifiers:
    Key: Dbxref, Value: ['GenBank:WP_138323624.1']
    Key: ID, Value: ['cds-WP_138323624.1']
    Key: Name, Value: ['WP_138323624.1']
    Key: Ontology_term, Value: ['GO:0043571', 'GO:0004518']
    Key: Parent, Value: ['gene-FE773_RS07065']
    Key: gbkey, Value: ['CDS']
    Key: gene, Value: ['cas4']
    Key: go_function, Value: ['nuclease activity|0004518||IEA']
    Key: go_process, Value: ['maintenance of CRISPR repeat elements|0043571||IEA']
    Key: inference, Value: ['COORDINATES: similar to AA sequence:RefSeq:WP_007473120.1']
    Key: locus_tag, Value: ['FE773_RS07065']
    Key: phase, Value: ['0']
    Key: product, Value: ['CRISPR-associated protein Cas4']
    Key: protein_id, Value: ['WP_138323624.1']
    Key: source, Value: ['Protein Homology']
    Key: transl_table, Value: ['11']

GF(CRISPR-associated protein Cas4, 5350-5833 (-1))
type: CDS
location: [1313924:1316213](-)
id: cds-WP_138323625.1
qualifiers:
    Key: Dbxref, Value: ['GenBank:WP_138323625.1']
    Key: ID, Value: ['cds-WP_138323625.1']
    Key: Name, Value: ['WP_138323625.1']
    Key: Ontology_term, Value: ['GO:0043571', 'GO:0004386']
    Key: Parent, Value: ['gene-FE773_RS07070']
    Key: gbkey, Value: ['CDS']
    Key: gene, Value: ['cas3']
    Key: go_function, Value: ['helicase activity|0004386||IEA']
    Key: go_process, Value: ['maintenance of CRISPR repeat elements|0043571||IEA']
    Key: inference, Value: ['COORDINATES: protein motif:HMM:TIGR01587.1']
    Key: locus_tag, Value: ['FE773_RS07070']
    Key: phase, Value: ['0']
    Key: product, Value: ["CRISPR-associated helicase Cas3'"]
    Key: protein_id, Value: ['WP_138323625.1']
    Key: source, Value: ['Protein Homology']
    Key: transl_table, Value: ['11']

GF(CRISPR-associated helicase Cas3', 5829-8118 (-1))
type: CDS
location: [1316212:1318549](-)
id: cds-WP_138323626.1
qualifiers:
    Key: Dbxref, Value: ['GenBank:WP_138323626.1']
    Key: ID, Value: ['cds-WP_138323626.1']
    Key: Name, Value: ['WP_138323626.1']
    Key: Ontology_term, Value: ['GO:0046872']
    Key: Parent, Value: ['gene-FE773_RS07075']
    Key: gbkey, Value: ['CDS']
    Key: go_function, Value: ['metal ion binding|0046872||IEA']
    Key: inference, Value: ['COORDINATES: ab initio prediction:GeneMarkS-2+']
    Key: locus_tag, Value: ['FE773_RS07075']
    Key: phase, Value: ['0']
    Key: product, Value: ['SEC-C metal-binding domain-containing protein']
    Key: protein_id, Value: ['WP_138323626.1']
    Key: source, Value: ['GeneMarkS-2+']
    Key: transl_table, Value: ['11']

GF(SEC-C metal-binding domain-containing protein, 8117-10454 (-1))
type: CDS
location: [1318561:1319263](-)
id: cds-WP_138323627.1
qualifiers:
    Key: Dbxref, Value: ['GenBank:WP_138323627.1']
    Key: ID, Value: ['cds-WP_138323627.1']
    Key: Name, Value: ['WP_138323627.1']
    Key: Ontology_term, Value: ['GO:0043571', 'GO:0003674']
    Key: Parent, Value: ['gene-FE773_RS07080']
    Key: gbkey, Value: ['CDS']
    Key: gene, Value: ['cas5b']
    Key: go_function, Value: ['molecular_function|0003674||IEA']
    Key: go_process, Value: ['maintenance of CRISPR repeat elements|0043571||IEA']
    Key: inference, Value: ['COORDINATES: protein motif:HMM:TIGR02592.1']
    Key: locus_tag, Value: ['FE773_RS07080']
    Key: phase, Value: ['0']
    Key: product, Value: ['type I-B CRISPR-associated protein Cas5b']
    Key: protein_id, Value: ['WP_138323627.1']
    Key: source, Value: ['Protein Homology']
    Key: transl_table, Value: ['11']

GF(type I-B CRISPR-associated protein Cas5b, 10466-11168 (-1))
type: CDS
location: [1319262:1320141](-)
id: cds-WP_138323628.1
qualifiers:
    Key: Dbxref, Value: ['GenBank:WP_138323628.1']
    Key: ID, Value: ['cds-WP_138323628.1']
    Key: Name, Value: ['WP_138323628.1']
    Key: Ontology_term, Value: ['GO:0043571']
    Key: Parent, Value: ['gene-FE773_RS07085']
    Key: gbkey, Value: ['CDS']
    Key: go_process, Value: ['maintenance of CRISPR repeat elements|0043571||IEA']
    Key: inference, Value: ['COORDINATES: similar to AA sequence:RefSeq:WP_007473126.1']
    Key: locus_tag, Value: ['FE773_RS07085']
    Key: phase, Value: ['0']
    Key: product, Value: ['type I CRISPR-associated protein Cas7']
    Key: protein_id, Value: ['WP_138323628.1']
    Key: source, Value: ['Protein Homology']
    Key: transl_table, Value: ['11']

GF(type I CRISPR-associated protein Cas7, 11167-12046 (-1))
type: CDS
location: [1320144:1321323](-)
id: cds-WP_138323629.1
qualifiers:
    Key: Dbxref, Value: ['GenBank:WP_138323629.1']
    Key: ID, Value: ['cds-WP_138323629.1']
    Key: Name, Value: ['WP_138323629.1']
    Key: Parent, Value: ['gene-FE773_RS07090']
    Key: gbkey, Value: ['CDS']
    Key: inference, Value: ['COORDINATES: protein motif:HMM:NF012955.2']
    Key: locus_tag, Value: ['FE773_RS07090']
    Key: phase, Value: ['0']
    Key: product, Value: ['MBL fold metallo-hydrolase']
    Key: protein_id, Value: ['WP_138323629.1']
    Key: source, Value: ['Protein Homology']
    Key: transl_table, Value: ['11']

GF(MBL fold metallo-hydrolase, 12049-13228 (-1))
type: CDS
location: [1321319:1322954](-)
id: cds-WP_217495519.1
qualifiers:
    Key: Dbxref, Value: ['GenBank:WP_217495519.1']
    Key: ID, Value: ['cds-WP_217495519.1']
    Key: Name, Value: ['WP_217495519.1']
    Key: Parent, Value: ['gene-FE773_RS07095']
    Key: gbkey, Value: ['CDS']
    Key: inference, Value: ['COORDINATES: ab initio prediction:GeneMarkS-2+']
    Key: locus_tag, Value: ['FE773_RS07095']
    Key: phase, Value: ['0']
    Key: product, Value: ['hypothetical protein']
    Key: protein_id, Value: ['WP_217495519.1']
    Key: source, Value: ['GeneMarkS-2+']
    Key: transl_table, Value: ['11']

GF(None, 13224-14859 (-1))
type: CDS
location: [1322928:1323633](-)
id: cds-WP_138323631.1
qualifiers:
    Key: Dbxref, Value: ['GenBank:WP_138323631.1']
    Key: ID, Value: ['cds-WP_138323631.1']
    Key: Name, Value: ['WP_138323631.1']
    Key: Parent, Value: ['gene-FE773_RS07100']
    Key: gbkey, Value: ['CDS']
    Key: inference, Value: ['COORDINATES: protein motif:HMM:NF013997.2']
    Key: locus_tag, Value: ['FE773_RS07100']
    Key: phase, Value: ['0']
    Key: product, Value: ['CRISPR-associated endoribonuclease Cas6']
    Key: protein_id, Value: ['WP_138323631.1']
    Key: source, Value: ['Protein Homology']
    Key: transl_table, Value: ['11']

GF(CRISPR-associated endoribonuclease Cas6, 14833-15538 (-1))
type: CDS
location: [1324643:1325360](-)
id: cds-WP_138323632.1
qualifiers:
    Key: Dbxref, Value: ['GenBank:WP_138323632.1']
    Key: ID, Value: ['cds-WP_138323632.1']
    Key: Name, Value: ['WP_138323632.1']
    Key: Parent, Value: ['gene-FE773_RS07105']
    Key: gbkey, Value: ['CDS']
    Key: inference, Value: ['COORDINATES: ab initio prediction:GeneMarkS-2+']
    Key: locus_tag, Value: ['FE773_RS07105']
    Key: phase, Value: ['0']
    Key: product, Value: ['hypothetical protein']
    Key: protein_id, Value: ['WP_138323632.1']
    Key: source, Value: ['GeneMarkS-2+']
    Key: transl_table, Value: ['11']

GF(None, 16548-17265 (-1))
type: CDS
location: [1325352:1325715](-)
id: cds-WP_138323633.1
qualifiers:
    Key: Dbxref, Value: ['GenBank:WP_138323633.1']
    Key: ID, Value: ['cds-WP_138323633.1']
    Key: Name, Value: ['WP_138323633.1']
    Key: Parent, Value: ['gene-FE773_RS07110']
    Key: gbkey, Value: ['CDS']
    Key: inference, Value: ['COORDINATES: similar to AA sequence:RefSeq:WP_007473135.1']
    Key: locus_tag, Value: ['FE773_RS07110']
    Key: phase, Value: ['0']
    Key: product, Value: ['hypothetical protein']
    Key: protein_id, Value: ['WP_138323633.1']
    Key: source, Value: ['Protein Homology']
    Key: transl_table, Value: ['11']

GF(None, 17257-17620 (-1))
type: CDS
location: [1325724:1326708](-)
id: cds-WP_138323634.1
qualifiers:
    Key: Dbxref, Value: ['GenBank:WP_138323634.1']
    Key: ID, Value: ['cds-WP_138323634.1']
    Key: Name, Value: ['WP_138323634.1']
    Key: Parent, Value: ['gene-FE773_RS07115']
    Key: gbkey, Value: ['CDS']
    Key: inference, Value: ['COORDINATES: similar to AA sequence:RefSeq:WP_007473137.1']
    Key: locus_tag, Value: ['FE773_RS07115']
    Key: phase, Value: ['0']
    Key: product, Value: ['RAMP superfamily CRISPR-associated protein']
    Key: protein_id, Value: ['WP_138323634.1']
    Key: source, Value: ['Protein Homology']
    Key: transl_table, Value: ['11']

GF(RAMP superfamily CRISPR-associated protein, 17629-18613 (-1))
type: CDS
location: [1326709:1327300](-)
id: cds-WP_138323635.1
qualifiers:
    Key: Dbxref, Value: ['GenBank:WP_138323635.1']
    Key: ID, Value: ['cds-WP_138323635.1']
    Key: Name, Value: ['WP_138323635.1']
    Key: Parent, Value: ['gene-FE773_RS07120']
    Key: gbkey, Value: ['CDS']
    Key: inference, Value: ['COORDINATES: ab initio prediction:GeneMarkS-2+']
    Key: locus_tag, Value: ['FE773_RS07120']
    Key: phase, Value: ['0']
    Key: product, Value: ['hypothetical protein']
    Key: protein_id, Value: ['WP_138323635.1']
    Key: source, Value: ['GeneMarkS-2+']
    Key: transl_table, Value: ['11']

GF(None, 18614-19205 (-1))
type: CDS
location: [1327696:1329742](-)
id: cds-WP_175403761.1
qualifiers:
    Key: Dbxref, Value: ['GenBank:WP_175403761.1']
    Key: ID, Value: ['cds-WP_175403761.1']
    Key: Name, Value: ['WP_175403761.1']
    Key: Ontology_term, Value: ['GO:0043571', 'GO:0003674', 'GO:0005575']
    Key: Parent, Value: ['gene-FE773_RS07125']
    Key: gbkey, Value: ['CDS']
    Key: go_component, Value: ['cellular_component|0005575||IEA']
    Key: go_function, Value: ['molecular_function|0003674||IEA']
    Key: go_process, Value: ['maintenance of CRISPR repeat elements|0043571||IEA']
    Key: inference, Value: ['COORDINATES: protein motif:HMM:TIGR02682.1']
    Key: locus_tag, Value: ['FE773_RS07125']
    Key: phase, Value: ['0']
    Key: product, Value: ['CRISPR-associated protein Csx11']
    Key: protein_id, Value: ['WP_175403761.1']
    Key: source, Value: ['Protein Homology']
    Key: transl_table, Value: ['11']

GF(CRISPR-associated protein Csx11, 19601-21647 (-1))
type: CDS
location: [1329729:1330656](-)
id: cds-WP_138323637.1
qualifiers:
    Key: Dbxref, Value: ['GenBank:WP_138323637.1']
    Key: ID, Value: ['cds-WP_138323637.1']
    Key: Name, Value: ['WP_138323637.1']
    Key: Parent, Value: ['gene-FE773_RS07130']
    Key: gbkey, Value: ['CDS']
    Key: inference, Value: ['COORDINATES: protein motif:HMM:NF015728.2']
    Key: locus_tag, Value: ['FE773_RS07130']
    Key: phase, Value: ['0']
    Key: product, Value: ['RAMP superfamily CRISPR-associated protein']
    Key: protein_id, Value: ['WP_138323637.1']
    Key: source, Value: ['Protein Homology']
    Key: transl_table, Value: ['11']

GF(RAMP superfamily CRISPR-associated protein, 21634-22561 (-1))
type: CDS
location: [1330652:1331663](-)
id: cds-WP_138323638.1
qualifiers:
    Key: Dbxref, Value: ['GenBank:WP_138323638.1']
    Key: ID, Value: ['cds-WP_138323638.1']
    Key: Name, Value: ['WP_138323638.1']
    Key: Ontology_term, Value: ['GO:0043571', 'GO:0003674']
    Key: Parent, Value: ['gene-FE773_RS07135']
    Key: gbkey, Value: ['CDS']
    Key: gene, Value: ['cmr1']
    Key: go_function, Value: ['molecular_function|0003674||IEA']
    Key: go_process, Value: ['maintenance of CRISPR repeat elements|0043571||IEA']
    Key: inference, Value: ['COORDINATES: protein motif:HMM:TIGR01894.1']
    Key: locus_tag, Value: ['FE773_RS07135']
    Key: phase, Value: ['0']
    Key: product, Value: ['type III-B CRISPR module RAMP protein Cmr1']
    Key: protein_id, Value: ['WP_138323638.1']
    Key: source, Value: ['Protein Homology']
    Key: transl_table, Value: ['11']

GF(type III-B CRISPR module RAMP protein Cmr1, 22557-23568 (-1))
type: CDS
location: [1333126:1335052](-)
id: cds-WP_138323639.1
qualifiers:
    Key: Dbxref, Value: ['GenBank:WP_138323639.1']
    Key: ID, Value: ['cds-WP_138323639.1']
    Key: Name, Value: ['WP_138323639.1']
    Key: Ontology_term, Value: ['GO:0006281', 'GO:0003678']
    Key: Parent, Value: ['gene-FE773_RS07140']
    Key: gbkey, Value: ['CDS']
    Key: go_function, Value: ['DNA helicase activity|0003678||IEA']
    Key: go_process, Value: ['DNA repair|0006281||IEA']
    Key: inference, Value: ['COORDINATES: similar to AA sequence:RefSeq:WP_007473144.1']
    Key: locus_tag, Value: ['FE773_RS07140']
    Key: phase, Value: ['0']
    Key: product, Value: ['IGHMBP2 family helicase']
    Key: protein_id, Value: ['WP_138323639.1']
    Key: source, Value: ['Protein Homology']
    Key: transl_table, Value: ['11']

GF(IGHMBP2 family helicase, 25031-26957 (-1))
type: repeat_region
location: [1311389:1311942](+)
id: NZ_CP040463.1_4
qualifiers:
    Key: Dbxref, Value: ['SO:0001459']
    Key: ID, Value: ['NZ_CP040463.1_4']
    Key: Note, Value: ['GTTTCCAAACACTACGTGTATCGGTTAAAG']
    Key: Ontology_term, Value: ['CRISPR']
    Key: score, Value: ['553']
    Key: source, Value: ['CCTyper']

GF(Repeat region, 3294-3847 (0))
type: repeat_region
location: [1323825:1324513](+)
id: NZ_CP040463.1_5
qualifiers:
    Key: Dbxref, Value: ['SO:0001459']
    Key: ID, Value: ['NZ_CP040463.1_5']
    Key: Note, Value: ['ATTCAACCGATACACGTAGTGTTTGGAAAC']
    Key: Ontology_term, Value: ['CRISPR']
    Key: score, Value: ['688']
    Key: source, Value: ['CCTyper']

GF(Repeat region, 15730-16418 (0))
type: repeat_region
location: [1331860:1332943](+)
id: NZ_CP040463.1_6
qualifiers:
    Key: Dbxref, Value: ['SO:0001459']
    Key: ID, Value: ['NZ_CP040463.1_6']
    Key: Note, Value: ['TTTAACCGATACACGTAGTGTTTGGAAAC']
    Key: Ontology_term, Value: ['CRISPR']
    Key: score, Value: ['1083']
    Key: source, Value: ['CCTyper']

GF(Repeat region, 23765-24848 (0))
[GF(None, 944-1442 (-1)), GF(histidine phosphatase family protein, 1434-1896 (-1)), GF(class I SAM-dependent rRNA methyltransferase, 1892-3026 (-1)), GF(CRISPR-associated endonuclease Cas2, 3999-4299 (-1)), GF(type I-B CRISPR-associated endonuclease Cas1b, 4295-5288 (-1)), GF(CRISPR-associated protein Cas4, 5350-5833 (-1)), GF(CRISPR-associated helicase Cas3', 5829-8118 (-1)), GF(SEC-C metal-binding domain-containing protein, 8117-10454 (-1)), GF(type I-B CRISPR-associated protein Cas5b, 10466-11168 (-1)), GF(type I CRISPR-associated protein Cas7, 11167-12046 (-1)), GF(MBL fold metallo-hydrolase, 12049-13228 (-1)), GF(None, 13224-14859 (-1)), GF(CRISPR-associated endoribonuclease Cas6, 14833-15538 (-1)), GF(None, 16548-17265 (-1)), GF(None, 17257-17620 (-1)), GF(RAMP superfamily CRISPR-associated protein, 17629-18613 (-1)), GF(None, 18614-19205 (-1)), GF(CRISPR-associated protein Csx11, 19601-21647 (-1)), GF(RAMP superfamily CRISPR-associated protein, 21634-22561 (-1)), GF(type III-B CRISPR module RAMP protein Cmr1, 22557-23568 (-1)), GF(IGHMBP2 family helicase, 25031-26957 (-1)), GF(Repeat region, 3294-3847 (0)), GF(Repeat region, 15730-16418 (0)), GF(Repeat region, 23765-24848 (0)), GF(CRISPR-Cas locus, 4000-23568 (0))]
