Cas operons file:    Unnamed: 0         Contig  ...           locus_id           sample
0           0  NZ_AP021876.1  ...  GCF_009688985.1_0  GCF_009688985.1

[1 rows x 19 columns]
The chosen contig: NZ_AP021876.1
type: CDS
location: [510112:511087](+)
id: cds-WP_155308697.1
qualifiers:
    Key: Dbxref, Value: ['GenBank:WP_155308697.1']
    Key: ID, Value: ['cds-WP_155308697.1']
    Key: Name, Value: ['WP_155308697.1']
    Key: Ontology_term, Value: ['GO:0003824']
    Key: Parent, Value: ['gene-GN113_RS02415']
    Key: gbkey, Value: ['CDS']
    Key: go_function, Value: ['catalytic activity|0003824||IEA']
    Key: inference, Value: ['COORDINATES: protein motif:HMM:NF014826.4']
    Key: locus_tag, Value: ['GN113_RS02415']
    Key: phase, Value: ['0']
    Key: product, Value: ['PHP domain-containing protein']
    Key: protein_id, Value: ['WP_155308697.1']
    Key: source, Value: ['Protein Homology']
    Key: transl_table, Value: ['11']

GF(PHP domain-containing protein, 1468-2443 (1))
type: CDS
location: [511293:511590](-)
id: cds-WP_155308698.1
qualifiers:
    Key: Dbxref, Value: ['GenBank:WP_155308698.1']
    Key: ID, Value: ['cds-WP_155308698.1']
    Key: Name, Value: ['WP_155308698.1']
    Key: Ontology_term, Value: ['GO:0009432', 'GO:0030541', 'GO:0051290', 'GO:0008657', 'GO:0042803']
    Key: Parent, Value: ['gene-GN113_RS02420']
    Key: gbkey, Value: ['CDS']
    Key: go_function, Value: ['DNA topoisomerase type II (double strand cut, ATP-hydrolyzing) inhibitor activity|0008657||IEA', 'protein homodimerization activity|0042803||IEA']
    Key: go_process, Value: ['SOS response|0009432||IEA', 'plasmid partitioning|0030541||IEA', 'protein heterotetramerization|0051290||IEA']
    Key: inference, Value: ['COORDINATES: similar to AA sequence:RefSeq:WP_012175535.1']
    Key: locus_tag, Value: ['GN113_RS02420']
    Key: phase, Value: ['0']
    Key: product, Value: ['type II toxin-antitoxin system RelE/ParE family toxin']
    Key: protein_id, Value: ['WP_155308698.1']
    Key: source, Value: ['Protein Homology']
    Key: transl_table, Value: ['11']

GF(type II toxin-antitoxin system RelE/ParE family toxin, 2649-2946 (-1))
type: CDS
location: [511586:511868](-)
id: cds-WP_155321007.1
qualifiers:
    Key: Dbxref, Value: ['GenBank:WP_155321007.1']
    Key: ID, Value: ['cds-WP_155321007.1']
    Key: Name, Value: ['WP_155321007.1']
    Key: Ontology_term, Value: ['GO:0110001']
    Key: Parent, Value: ['gene-GN113_RS02425']
    Key: gbkey, Value: ['CDS']
    Key: go_component, Value: ['toxin-antitoxin complex|0110001||IEA']
    Key: inference, Value: ['COORDINATES: similar to AA sequence:RefSeq:WP_012175536.1']
    Key: locus_tag, Value: ['GN113_RS02425']
    Key: phase, Value: ['0']
    Key: product, Value: ['type II toxin-antitoxin system Phd/YefM family antitoxin']
    Key: protein_id, Value: ['WP_155321007.1']
    Key: source, Value: ['Protein Homology']
    Key: transl_table, Value: ['11']

GF(type II toxin-antitoxin system Phd/YefM family antitoxin, 2942-3224 (-1))
type: CDS
location: [512643:513477](-)
id: cds-WP_155321008.1
qualifiers:
    Key: Dbxref, Value: ['GenBank:WP_155321008.1']
    Key: ID, Value: ['cds-WP_155321008.1']
    Key: Name, Value: ['WP_155321008.1']
    Key: Parent, Value: ['gene-GN113_RS02430']
    Key: gbkey, Value: ['CDS']
    Key: inference, Value: ['COORDINATES: protein motif:HMM:NF012307.4']
    Key: locus_tag, Value: ['GN113_RS02430']
    Key: phase, Value: ['0']
    Key: product, Value: ['reverse transcriptase domain-containing protein']
    Key: protein_id, Value: ['WP_155321008.1']
    Key: source, Value: ['Protein Homology']
    Key: transl_table, Value: ['11']

GF(reverse transcriptase domain-containing protein, 3999-4833 (-1))
type: CDS
location: [513457:514474](-)
id: cds-WP_155308703.1
qualifiers:
    Key: Dbxref, Value: ['GenBank:WP_155308703.1']
    Key: ID, Value: ['cds-WP_155308703.1']
    Key: Name, Value: ['WP_155308703.1']
    Key: Ontology_term, Value: ['GO:0043571', 'GO:0004520', 'GO:0046872']
    Key: Parent, Value: ['gene-GN113_RS02435']
    Key: gbkey, Value: ['CDS']
    Key: gene, Value: ['cas1']
    Key: go_function, Value: ['DNA endonuclease activity|0004520||IEA', 'metal ion binding|0046872||IEA']
    Key: go_process, Value: ['maintenance of CRISPR repeat elements|0043571||IEA']
    Key: inference, Value: ['COORDINATES: protein motif:HMM:TIGR00287.1']
    Key: locus_tag, Value: ['GN113_RS02435']
    Key: phase, Value: ['0']
    Key: product, Value: ['CRISPR-associated endonuclease Cas1']
    Key: protein_id, Value: ['WP_155308703.1']
    Key: source, Value: ['Protein Homology']
    Key: transl_table, Value: ['11']

GF(CRISPR-associated endonuclease Cas1, 4813-5830 (-1))
type: CDS
location: [514470:514800](-)
id: cds-WP_173179020.1
qualifiers:
    Key: Dbxref, Value: ['GenBank:WP_173179020.1']
    Key: ID, Value: ['cds-WP_173179020.1']
    Key: Name, Value: ['WP_173179020.1']
    Key: Ontology_term, Value: ['GO:0043571', 'GO:0004521']
    Key: Parent, Value: ['gene-GN113_RS02440']
    Key: gbkey, Value: ['CDS']
    Key: gene, Value: ['cas2']
    Key: go_function, Value: ['RNA endonuclease activity|0004521||IEA']
    Key: go_process, Value: ['maintenance of CRISPR repeat elements|0043571||IEA']
    Key: inference, Value: ['COORDINATES: protein motif:HMM:TIGR01573.1']
    Key: locus_tag, Value: ['GN113_RS02440']
    Key: phase, Value: ['0']
    Key: product, Value: ['CRISPR-associated endonuclease Cas2']
    Key: protein_id, Value: ['WP_173179020.1']
    Key: source, Value: ['Protein Homology']
    Key: transl_table, Value: ['11']

GF(CRISPR-associated endonuclease Cas2, 5826-6156 (-1))
type: CDS
location: [514849:515134](-)
id: cds-WP_155308705.1
qualifiers:
    Key: Dbxref, Value: ['GenBank:WP_155308705.1']
    Key: ID, Value: ['cds-WP_155308705.1']
    Key: Name, Value: ['WP_155308705.1']
    Key: Ontology_term, Value: ['GO:0043571', 'GO:0004521']
    Key: Parent, Value: ['gene-GN113_RS02445']
    Key: gbkey, Value: ['CDS']
    Key: gene, Value: ['cas2']
    Key: go_function, Value: ['RNA endonuclease activity|0004521||IEA']
    Key: go_process, Value: ['maintenance of CRISPR repeat elements|0043571||IEA']
    Key: inference, Value: ['COORDINATES: protein motif:HMM:NF021356.4']
    Key: locus_tag, Value: ['GN113_RS02445']
    Key: phase, Value: ['0']
    Key: product, Value: ['CRISPR-associated endonuclease Cas2']
    Key: protein_id, Value: ['WP_155308705.1']
    Key: source, Value: ['Protein Homology']
    Key: transl_table, Value: ['11']

GF(CRISPR-associated endonuclease Cas2, 6205-6490 (-1))
type: CDS
location: [515184:515733](-)
id: cds-WP_155321010.1
qualifiers:
    Key: Dbxref, Value: ['GenBank:WP_155321010.1']
    Key: ID, Value: ['cds-WP_155321010.1']
    Key: Name, Value: ['WP_155321010.1']
    Key: Parent, Value: ['gene-GN113_RS02450']
    Key: gbkey, Value: ['CDS']
    Key: inference, Value: ['COORDINATES: ab initio prediction:GeneMarkS-2+']
    Key: locus_tag, Value: ['GN113_RS02450']
    Key: phase, Value: ['0']
    Key: product, Value: ['hypothetical protein']
    Key: protein_id, Value: ['WP_155321010.1']
    Key: source, Value: ['GeneMarkS-2+']
    Key: transl_table, Value: ['11']

GF(None, 6540-7089 (-1))
type: CDS
location: [515832:516909](-)
id: cds-WP_155321011.1
qualifiers:
    Key: Dbxref, Value: ['GenBank:WP_155321011.1']
    Key: ID, Value: ['cds-WP_155321011.1']
    Key: Name, Value: ['WP_155321011.1']
    Key: Parent, Value: ['gene-GN113_RS02455']
    Key: gbkey, Value: ['CDS']
    Key: inference, Value: ['COORDINATES: ab initio prediction:GeneMarkS-2+']
    Key: locus_tag, Value: ['GN113_RS02455']
    Key: phase, Value: ['0']
    Key: product, Value: ['hypothetical protein']
    Key: protein_id, Value: ['WP_155321011.1']
    Key: source, Value: ['GeneMarkS-2+']
    Key: transl_table, Value: ['11']

GF(None, 7188-8265 (-1))
type: CDS
location: [517048:517939](-)
id: cds-WP_155308708.1
qualifiers:
    Key: Dbxref, Value: ['GenBank:WP_155308708.1']
    Key: ID, Value: ['cds-WP_155308708.1']
    Key: Name, Value: ['WP_155308708.1']
    Key: Parent, Value: ['gene-GN113_RS02460']
    Key: gbkey, Value: ['CDS']
    Key: inference, Value: ['COORDINATES: ab initio prediction:GeneMarkS-2+']
    Key: locus_tag, Value: ['GN113_RS02460']
    Key: phase, Value: ['0']
    Key: product, Value: ['hypothetical protein']
    Key: protein_id, Value: ['WP_155308708.1']
    Key: source, Value: ['GeneMarkS-2+']
    Key: transl_table, Value: ['11']

GF(None, 8404-9295 (-1))
type: CDS
location: [517919:518303](-)
id: cds-WP_197743238.1
qualifiers:
    Key: Dbxref, Value: ['GenBank:WP_197743238.1']
    Key: ID, Value: ['cds-WP_197743238.1']
    Key: Name, Value: ['WP_197743238.1']
    Key: Ontology_term, Value: ['GO:0043571', 'GO:0003674']
    Key: Parent, Value: ['gene-GN113_RS02465']
    Key: gbkey, Value: ['CDS']
    Key: gene, Value: ['csx16']
    Key: go_function, Value: ['molecular_function|0003674||IEA']
    Key: go_process, Value: ['maintenance of CRISPR repeat elements|0043571||IEA']
    Key: inference, Value: ['COORDINATES: protein motif:HMM:TIGR02620.1']
    Key: locus_tag, Value: ['GN113_RS02465']
    Key: phase, Value: ['0']
    Key: product, Value: ['CRISPR-associated protein Csx16']
    Key: protein_id, Value: ['WP_197743238.1']
    Key: source, Value: ['Protein Homology']
    Key: transl_table, Value: ['11']

GF(CRISPR-associated protein Csx16, 9275-9659 (-1))
type: CDS
location: [520734:521814](-)
id: cds-WP_155321012.1
qualifiers:
    Key: Dbxref, Value: ['GenBank:WP_155321012.1']
    Key: ID, Value: ['cds-WP_155321012.1']
    Key: Name, Value: ['WP_155321012.1']
    Key: Ontology_term, Value: ['GO:0043571', 'GO:0003674']
    Key: Parent, Value: ['gene-GN113_RS02470']
    Key: gbkey, Value: ['CDS']
    Key: gene, Value: ['cmr6']
    Key: go_function, Value: ['molecular_function|0003674||IEA']
    Key: go_process, Value: ['maintenance of CRISPR repeat elements|0043571||IEA']
    Key: inference, Value: ['COORDINATES: protein motif:HMM:TIGR01898.1']
    Key: locus_tag, Value: ['GN113_RS02470']
    Key: phase, Value: ['0']
    Key: product, Value: ['type III-B CRISPR module RAMP protein Cmr6']
    Key: protein_id, Value: ['WP_155321012.1']
    Key: source, Value: ['Protein Homology']
    Key: transl_table, Value: ['11']

GF(type III-B CRISPR module RAMP protein Cmr6, 12090-13170 (-1))
type: CDS
location: [521817:522192](-)
id: cds-WP_155321013.1
qualifiers:
    Key: Dbxref, Value: ['GenBank:WP_155321013.1']
    Key: ID, Value: ['cds-WP_155321013.1']
    Key: Name, Value: ['WP_155321013.1']
    Key: Ontology_term, Value: ['GO:0043571', 'GO:0003674']
    Key: Parent, Value: ['gene-GN113_RS02475']
    Key: gbkey, Value: ['CDS']
    Key: gene, Value: ['cmr5']
    Key: go_function, Value: ['molecular_function|0003674||IEA']
    Key: go_process, Value: ['maintenance of CRISPR repeat elements|0043571||IEA']
    Key: inference, Value: ['COORDINATES: protein motif:HMM:TIGR01881.1']
    Key: locus_tag, Value: ['GN113_RS02475']
    Key: phase, Value: ['0']
    Key: product, Value: ['type III-B CRISPR module-associated protein Cmr5']
    Key: protein_id, Value: ['WP_155321013.1']
    Key: source, Value: ['Protein Homology']
    Key: transl_table, Value: ['11']

GF(type III-B CRISPR module-associated protein Cmr5, 13173-13548 (-1))
type: CDS
location: [522192:523143](-)
id: cds-WP_197910401.1
qualifiers:
    Key: Dbxref, Value: ['GenBank:WP_197910401.1']
    Key: ID, Value: ['cds-WP_197910401.1']
    Key: Name, Value: ['WP_197910401.1']
    Key: Ontology_term, Value: ['GO:0043571', 'GO:0003674']
    Key: Parent, Value: ['gene-GN113_RS02480']
    Key: gbkey, Value: ['CDS']
    Key: gene, Value: ['cmr4']
    Key: go_function, Value: ['molecular_function|0003674||IEA']
    Key: go_process, Value: ['maintenance of CRISPR repeat elements|0043571||IEA']
    Key: inference, Value: ['COORDINATES: protein motif:HMM:TIGR02580.1']
    Key: locus_tag, Value: ['GN113_RS02480']
    Key: phase, Value: ['0']
    Key: product, Value: ['type III-B CRISPR module RAMP protein Cmr4']
    Key: protein_id, Value: ['WP_197910401.1']
    Key: source, Value: ['Protein Homology']
    Key: transl_table, Value: ['11']

GF(type III-B CRISPR module RAMP protein Cmr4, 13548-14499 (-1))
type: CDS
location: [523145:524342](-)
id: cds-WP_155321014.1
qualifiers:
    Key: Dbxref, Value: ['GenBank:WP_155321014.1']
    Key: ID, Value: ['cds-WP_155321014.1']
    Key: Name, Value: ['WP_155321014.1']
    Key: Ontology_term, Value: ['GO:0043571', 'GO:0003674', 'GO:0005575']
    Key: Parent, Value: ['gene-GN113_RS02485']
    Key: gbkey, Value: ['CDS']
    Key: gene, Value: ['cmr3']
    Key: go_component, Value: ['cellular_component|0005575||IEA']
    Key: go_function, Value: ['molecular_function|0003674||IEA']
    Key: go_process, Value: ['maintenance of CRISPR repeat elements|0043571||IEA']
    Key: inference, Value: ['COORDINATES: protein motif:HMM:NF021236.4']
    Key: locus_tag, Value: ['GN113_RS02485']
    Key: phase, Value: ['0']
    Key: product, Value: ['type III-B CRISPR module-associated protein Cmr3']
    Key: protein_id, Value: ['WP_155321014.1']
    Key: source, Value: ['Protein Homology']
    Key: transl_table, Value: ['11']

GF(type III-B CRISPR module-associated protein Cmr3, 14501-15698 (-1))
type: CDS
location: [524338:526294](-)
id: cds-WP_155321015.1
qualifiers:
    Key: Dbxref, Value: ['GenBank:WP_155321015.1']
    Key: ID, Value: ['cds-WP_155321015.1']
    Key: Name, Value: ['WP_155321015.1']
    Key: Ontology_term, Value: ['GO:0043571', 'GO:0003674']
    Key: Parent, Value: ['gene-GN113_RS02490']
    Key: gbkey, Value: ['CDS']
    Key: gene, Value: ['cas10']
    Key: go_function, Value: ['molecular_function|0003674||IEA']
    Key: go_process, Value: ['maintenance of CRISPR repeat elements|0043571||IEA']
    Key: inference, Value: ['COORDINATES: protein motif:HMM:TIGR02577.1']
    Key: locus_tag, Value: ['GN113_RS02490']
    Key: phase, Value: ['0']
    Key: product, Value: ['type III-B CRISPR-associated protein Cas10/Cmr2']
    Key: protein_id, Value: ['WP_155321015.1']
    Key: source, Value: ['Protein Homology']
    Key: transl_table, Value: ['11']

GF(type III-B CRISPR-associated protein Cas10/Cmr2, 15694-17650 (-1))
type: CDS
location: [526263:527547](-)
id: cds-WP_155321016.1
qualifiers:
    Key: Dbxref, Value: ['GenBank:WP_155321016.1']
    Key: ID, Value: ['cds-WP_155321016.1']
    Key: Name, Value: ['WP_155321016.1']
    Key: Ontology_term, Value: ['GO:0043571', 'GO:0003674']
    Key: Parent, Value: ['gene-GN113_RS02495']
    Key: gbkey, Value: ['CDS']
    Key: gene, Value: ['cmr1']
    Key: go_function, Value: ['molecular_function|0003674||IEA']
    Key: go_process, Value: ['maintenance of CRISPR repeat elements|0043571||IEA']
    Key: inference, Value: ['COORDINATES: protein motif:HMM:TIGR01894.1']
    Key: locus_tag, Value: ['GN113_RS02495']
    Key: phase, Value: ['0']
    Key: product, Value: ['type III-B CRISPR module RAMP protein Cmr1']
    Key: protein_id, Value: ['WP_155321016.1']
    Key: source, Value: ['Protein Homology']
    Key: transl_table, Value: ['11']

GF(type III-B CRISPR module RAMP protein Cmr1, 17619-18903 (-1))
type: CDS
location: [527559:528684](-)
id: cds-WP_155321017.1
qualifiers:
    Key: Dbxref, Value: ['GenBank:WP_155321017.1']
    Key: ID, Value: ['cds-WP_155321017.1']
    Key: Name, Value: ['WP_155321017.1']
    Key: Ontology_term, Value: ['GO:0043571', 'GO:0003674']
    Key: Parent, Value: ['gene-GN113_RS02500']
    Key: gbkey, Value: ['CDS']
    Key: gene, Value: ['csm6']
    Key: go_function, Value: ['molecular_function|0003674||IEA']
    Key: go_process, Value: ['maintenance of CRISPR repeat elements|0043571||IEA']
    Key: inference, Value: ['COORDINATES: protein motif:HMM:NF021162.4']
    Key: locus_tag, Value: ['GN113_RS02500']
    Key: phase, Value: ['0']
    Key: product, Value: ['CRISPR-associated ring nuclease Csm6']
    Key: protein_id, Value: ['WP_155321017.1']
    Key: source, Value: ['Protein Homology']
    Key: transl_table, Value: ['11']

GF(CRISPR-associated ring nuclease Csm6, 18915-20040 (-1))
type: CDS
location: [528826:529108](-)
id: cds-WP_231714046.1
qualifiers:
    Key: Dbxref, Value: ['GenBank:WP_231714046.1']
    Key: ID, Value: ['cds-WP_231714046.1']
    Key: Name, Value: ['WP_231714046.1']
    Key: Parent, Value: ['gene-GN113_RS02505']
    Key: gbkey, Value: ['CDS']
    Key: gene, Value: ['cas6']
    Key: inference, Value: ['COORDINATES: protein motif:HMM:NF021551.4']
    Key: locus_tag, Value: ['GN113_RS02505']
    Key: phase, Value: ['0']
    Key: product, Value: ['CRISPR system precrRNA processing endoribonuclease RAMP protein Cas6']
    Key: protein_id, Value: ['WP_231714046.1']
    Key: source, Value: ['Protein Homology']
    Key: transl_table, Value: ['11']

GF(CRISPR system precrRNA processing endoribonuclease RAMP protein Cas6, 20182-20464 (-1))
type: CDS
location: [529104:529770](-)
id: cds-WP_155321019.1
qualifiers:
    Key: Dbxref, Value: ['GenBank:WP_155321019.1']
    Key: ID, Value: ['cds-WP_155321019.1']
    Key: Name, Value: ['WP_155321019.1']
    Key: Parent, Value: ['gene-GN113_RS02510']
    Key: gbkey, Value: ['CDS']
    Key: inference, Value: ['COORDINATES: ab initio prediction:GeneMarkS-2+']
    Key: locus_tag, Value: ['GN113_RS02510']
    Key: phase, Value: ['0']
    Key: product, Value: ['hypothetical protein']
    Key: protein_id, Value: ['WP_155321019.1']
    Key: source, Value: ['GeneMarkS-2+']
    Key: transl_table, Value: ['11']

GF(None, 20460-21126 (-1))
type: CDS
location: [529826:529991](-)
id: cds-WP_155321020.1
qualifiers:
    Key: Dbxref, Value: ['GenBank:WP_155321020.1']
    Key: ID, Value: ['cds-WP_155321020.1']
    Key: Name, Value: ['WP_155321020.1']
    Key: Parent, Value: ['gene-GN113_RS02515']
    Key: gbkey, Value: ['CDS']
    Key: inference, Value: ['COORDINATES: ab initio prediction:GeneMarkS-2+']
    Key: locus_tag, Value: ['GN113_RS02515']
    Key: phase, Value: ['0']
    Key: product, Value: ['hypothetical protein']
    Key: protein_id, Value: ['WP_155321020.1']
    Key: source, Value: ['GeneMarkS-2+']
    Key: transl_table, Value: ['11']

GF(None, 21182-21347 (-1))
type: repeat_region
location: [518342:520448](+)
id: NZ_AP021876.1_1
qualifiers:
    Key: Dbxref, Value: ['SO:0001459']
    Key: ID, Value: ['NZ_AP021876.1_1']
    Key: Note, Value: ['GTCTTAATCCCTTCAGTTCAGGGAAACCATCCAACC']
    Key: Ontology_term, Value: ['CRISPR']
    Key: score, Value: ['2106']
    Key: source, Value: ['CCTyper']

GF(Repeat region, 9698-11804 (0))
type: repeat_region
location: [531354:531706](+)
id: NZ_AP021876.1_2
qualifiers:
    Key: Dbxref, Value: ['SO:0001459']
    Key: ID, Value: ['NZ_AP021876.1_2']
    Key: Note, Value: ['GTCTCAATCGCCCGAAGGCTCTGCTTATCGCTGCAAC']
    Key: Ontology_term, Value: ['CRISPR']
    Key: score, Value: ['352']
    Key: source, Value: ['CCTyper']

GF(Repeat region, 22710-23062 (0))
graphic feature from known effectors: GF(cam1, 8405-9295 (-1))
[GF(PHP domain-containing protein, 1468-2443 (1)), GF(type II toxin-antitoxin system RelE/ParE family toxin, 2649-2946 (-1)), GF(type II toxin-antitoxin system Phd/YefM family antitoxin, 2942-3224 (-1)), GF(reverse transcriptase domain-containing protein, 3999-4833 (-1)), GF(CRISPR-associated endonuclease Cas1, 4813-5830 (-1)), GF(CRISPR-associated endonuclease Cas2, 5826-6156 (-1)), GF(CRISPR-associated endonuclease Cas2, 6205-6490 (-1)), GF(None, 6540-7089 (-1)), GF(None, 7188-8265 (-1)), GF(None, 8404-9295 (-1)), GF(CRISPR-associated protein Csx16, 9275-9659 (-1)), GF(type III-B CRISPR module RAMP protein Cmr6, 12090-13170 (-1)), GF(type III-B CRISPR module-associated protein Cmr5, 13173-13548 (-1)), GF(type III-B CRISPR module RAMP protein Cmr4, 13548-14499 (-1)), GF(type III-B CRISPR module-associated protein Cmr3, 14501-15698 (-1)), GF(type III-B CRISPR-associated protein Cas10/Cmr2, 15694-17650 (-1)), GF(type III-B CRISPR module RAMP protein Cmr1, 17619-18903 (-1)), GF(CRISPR-associated ring nuclease Csm6, 18915-20040 (-1)), GF(CRISPR system precrRNA processing endoribonuclease RAMP protein Cas6, 20182-20464 (-1)), GF(None, 20460-21126 (-1)), GF(None, 21182-21347 (-1)), GF(Repeat region, 9698-11804 (0)), GF(Repeat region, 22710-23062 (0)), GF(cam1, 8405-9295 (-1)), GF(CRISPR-Cas locus, 4000-21126 (0))]
