Cas operons file:    Unnamed: 0       Contig  ...           locus_id           sample
0           0  NC_015848.1  ...  GCF_000253375.1_0  GCF_000253375.1

[1 rows x 19 columns]
The chosen contig: NC_015848.1
type: CDS
location: [3180843:3181024](+)
id: cds-MCAN_RS23180
qualifiers:
    Key: Dbxref, Value: ['GeneID:55863885']
    Key: ID, Value: ['cds-MCAN_RS23180']
    Key: Note, Value: ['frameshifted; incomplete; partial in the middle of a contig; missing N-terminus']
    Key: Parent, Value: ['gene-MCAN_RS23180']
    Key: gbkey, Value: ['CDS']
    Key: inference, Value: ['COORDINATES: similar to AA sequence:RefSeq:NP_217738.1']
    Key: locus_tag, Value: ['MCAN_RS23180']
    Key: partial, Value: ['true']
    Key: phase, Value: ['0']
    Key: product, Value: ['hypothetical protein']
    Key: pseudo, Value: ['true']
    Key: source, Value: ['Protein Homology']
    Key: start_range, Value: ['.', '3180844']
    Key: transl_table, Value: ['11']

GF(None, 1231-1412 (1))
type: CDS
location: [3181020:3181230](-)
id: cds-MCAN_RS23280
qualifiers:
    Key: Dbxref, Value: ['GeneID:60596841']
    Key: ID, Value: ['cds-MCAN_RS23280']
    Key: Note, Value: ['incomplete; partial in the middle of a contig; missing C-terminus']
    Key: Parent, Value: ['gene-MCAN_RS23280']
    Key: gbkey, Value: ['CDS']
    Key: inference, Value: ['COORDINATES: similar to AA sequence:RefSeq:WP_076612328.1']
    Key: locus_tag, Value: ['MCAN_RS23280']
    Key: partial, Value: ['true']
    Key: phase, Value: ['0']
    Key: product, Value: ['ISL3 family transposase']
    Key: pseudo, Value: ['true']
    Key: source, Value: ['Protein Homology']
    Key: start_range, Value: ['.', '3181021']
    Key: transl_table, Value: ['11']

GF(ISL3 family transposase, 1408-1618 (-1))
type: CDS
location: [3183611:3183953](-)
id: cds-WP_014001440.1
qualifiers:
    Key: Dbxref, Value: ['GenBank:WP_014001440.1', 'GeneID:45426804']
    Key: ID, Value: ['cds-WP_014001440.1']
    Key: Name, Value: ['WP_014001440.1']
    Key: Ontology_term, Value: ['GO:0043571', 'GO:0004521']
    Key: Parent, Value: ['gene-MCAN_RS14930']
    Key: gbkey, Value: ['CDS']
    Key: gene, Value: ['cas2']
    Key: go_function, Value: ['RNA endonuclease activity|0004521||IEA']
    Key: go_process, Value: ['maintenance of CRISPR repeat elements|0043571||IEA']
    Key: inference, Value: ['COORDINATES: similar to AA sequence:RefSeq:WP_014001440.1']
    Key: locus_tag, Value: ['MCAN_RS14930']
    Key: phase, Value: ['0']
    Key: product, Value: ['CRISPR-associated endonuclease Cas2']
    Key: protein_id, Value: ['WP_014001440.1']
    Key: source, Value: ['Protein Homology']
    Key: transl_table, Value: ['11']

GF(CRISPR-associated endonuclease Cas2, 3999-4341 (-1))
type: CDS
location: [3183953:3184970](-)
id: cds-WP_003414279.1
qualifiers:
    Key: Dbxref, Value: ['GenBank:WP_003414279.1', 'GeneID:45426805']
    Key: ID, Value: ['cds-WP_003414279.1']
    Key: Name, Value: ['WP_003414279.1']
    Key: Ontology_term, Value: ['GO:0043571', 'GO:0004520', 'GO:0046872']
    Key: Parent, Value: ['gene-MCAN_RS14935']
    Key: gbkey, Value: ['CDS']
    Key: gene, Value: ['cas1']
    Key: go_function, Value: ['DNA endonuclease activity|0004520||IEA', 'metal ion binding|0046872||IEA']
    Key: go_process, Value: ['maintenance of CRISPR repeat elements|0043571||IEA']
    Key: inference, Value: ['COORDINATES: similar to AA sequence:RefSeq:NP_217333.1']
    Key: locus_tag, Value: ['MCAN_RS14935']
    Key: phase, Value: ['0']
    Key: product, Value: ['CRISPR-associated endonuclease Cas1']
    Key: protein_id, Value: ['WP_003414279.1']
    Key: source, Value: ['Protein Homology']
    Key: transl_table, Value: ['11']

GF(CRISPR-associated endonuclease Cas1, 4341-5358 (-1))
type: CDS
location: [3184982:3186230](-)
id: cds-WP_041180132.1
qualifiers:
    Key: Dbxref, Value: ['GenBank:WP_041180132.1', 'GeneID:45426806']
    Key: ID, Value: ['cds-WP_041180132.1']
    Key: Name, Value: ['WP_041180132.1']
    Key: Ontology_term, Value: ['GO:0043571', 'GO:0003674']
    Key: Parent, Value: ['gene-MCAN_RS14940']
    Key: gbkey, Value: ['CDS']
    Key: gene, Value: ['csm6']
    Key: go_function, Value: ['molecular_function|0003674||IEA']
    Key: go_process, Value: ['maintenance of CRISPR repeat elements|0043571||IEA']
    Key: inference, Value: ['COORDINATES: similar to AA sequence:RefSeq:WP_003899494.1']
    Key: locus_tag, Value: ['MCAN_RS14940']
    Key: phase, Value: ['0']
    Key: product, Value: ['type III-A CRISPR-associated CARF protein Csm6']
    Key: protein_id, Value: ['WP_041180132.1']
    Key: source, Value: ['Protein Homology']
    Key: transl_table, Value: ['11']

GF(type III-A CRISPR-associated CARF protein Csm6, 5370-6618 (-1))
type: CDS
location: [3186226:3187354](-)
id: cds-WP_014001442.1
qualifiers:
    Key: Dbxref, Value: ['GenBank:WP_014001442.1', 'GeneID:45426807']
    Key: ID, Value: ['cds-WP_014001442.1']
    Key: Name, Value: ['WP_014001442.1']
    Key: Ontology_term, Value: ['GO:0043571', 'GO:0003674']
    Key: Parent, Value: ['gene-MCAN_RS14945']
    Key: gbkey, Value: ['CDS']
    Key: gene, Value: ['csm5']
    Key: go_function, Value: ['molecular_function|0003674||IEA']
    Key: go_process, Value: ['maintenance of CRISPR repeat elements|0043571||IEA']
    Key: inference, Value: ['COORDINATES: similar to AA sequence:RefSeq:NP_217335.1']
    Key: locus_tag, Value: ['MCAN_RS14945']
    Key: phase, Value: ['0']
    Key: product, Value: ['type III-A CRISPR-associated RAMP protein Csm5']
    Key: protein_id, Value: ['WP_014001442.1']
    Key: source, Value: ['Protein Homology']
    Key: transl_table, Value: ['11']

GF(type III-A CRISPR-associated RAMP protein Csm5, 6614-7742 (-1))
type: CDS
location: [3187350:3188259](-)
id: cds-WP_014001443.1
qualifiers:
    Key: Dbxref, Value: ['GenBank:WP_014001443.1', 'GeneID:45426808']
    Key: ID, Value: ['cds-WP_014001443.1']
    Key: Name, Value: ['WP_014001443.1']
    Key: Ontology_term, Value: ['GO:0043571', 'GO:0003674']
    Key: Parent, Value: ['gene-MCAN_RS14950']
    Key: gbkey, Value: ['CDS']
    Key: gene, Value: ['csm4']
    Key: go_function, Value: ['molecular_function|0003674||IEA']
    Key: go_process, Value: ['maintenance of CRISPR repeat elements|0043571||IEA']
    Key: inference, Value: ['COORDINATES: similar to AA sequence:RefSeq:NP_217336.1']
    Key: locus_tag, Value: ['MCAN_RS14950']
    Key: phase, Value: ['0']
    Key: product, Value: ['type III-A CRISPR-associated RAMP protein Csm4']
    Key: protein_id, Value: ['WP_014001443.1']
    Key: source, Value: ['Protein Homology']
    Key: transl_table, Value: ['11']

GF(type III-A CRISPR-associated RAMP protein Csm4, 7738-8647 (-1))
type: CDS
location: [3188239:3188950](-)
id: cds-WP_014001444.1
qualifiers:
    Key: Dbxref, Value: ['GenBank:WP_014001444.1', 'GeneID:45426809']
    Key: ID, Value: ['cds-WP_014001444.1']
    Key: Name, Value: ['WP_014001444.1']
    Key: Ontology_term, Value: ['GO:0043571', 'GO:0003674']
    Key: Parent, Value: ['gene-MCAN_RS14955']
    Key: gbkey, Value: ['CDS']
    Key: gene, Value: ['csm3']
    Key: go_function, Value: ['molecular_function|0003674||IEA']
    Key: go_process, Value: ['maintenance of CRISPR repeat elements|0043571||IEA']
    Key: inference, Value: ['COORDINATES: similar to AA sequence:RefSeq:NP_217337.1']
    Key: locus_tag, Value: ['MCAN_RS14955']
    Key: phase, Value: ['0']
    Key: product, Value: ['type III-A CRISPR-associated RAMP protein Csm3']
    Key: protein_id, Value: ['WP_014001444.1']
    Key: source, Value: ['Protein Homology']
    Key: transl_table, Value: ['11']

GF(type III-A CRISPR-associated RAMP protein Csm3, 8627-9338 (-1))
type: CDS
location: [3188946:3189339](-)
id: cds-WP_014001445.1
qualifiers:
    Key: Dbxref, Value: ['GenBank:WP_014001445.1', 'GeneID:45426810']
    Key: ID, Value: ['cds-WP_014001445.1']
    Key: Name, Value: ['WP_014001445.1']
    Key: Ontology_term, Value: ['GO:0043571', 'GO:0003674']
    Key: Parent, Value: ['gene-MCAN_RS14960']
    Key: gbkey, Value: ['CDS']
    Key: gene, Value: ['csm2']
    Key: go_function, Value: ['molecular_function|0003674||IEA']
    Key: go_process, Value: ['maintenance of CRISPR repeat elements|0043571||IEA']
    Key: inference, Value: ['COORDINATES: similar to AA sequence:RefSeq:WP_014001445.1']
    Key: locus_tag, Value: ['MCAN_RS14960']
    Key: phase, Value: ['0']
    Key: product, Value: ['type III-A CRISPR-associated protein Csm2']
    Key: protein_id, Value: ['WP_014001445.1']
    Key: source, Value: ['Protein Homology']
    Key: transl_table, Value: ['11']

GF(type III-A CRISPR-associated protein Csm2, 9334-9727 (-1))
type: CDS
location: [3189335:3191777](-)
id: cds-WP_014001446.1
qualifiers:
    Key: Dbxref, Value: ['GenBank:WP_014001446.1', 'GeneID:45426811']
    Key: ID, Value: ['cds-WP_014001446.1']
    Key: Name, Value: ['WP_014001446.1']
    Key: Ontology_term, Value: ['GO:0043571', 'GO:0003674']
    Key: Parent, Value: ['gene-MCAN_RS14965']
    Key: gbkey, Value: ['CDS']
    Key: gene, Value: ['cas10']
    Key: go_function, Value: ['molecular_function|0003674||IEA']
    Key: go_process, Value: ['maintenance of CRISPR repeat elements|0043571||IEA']
    Key: inference, Value: ['COORDINATES: similar to AA sequence:RefSeq:NP_217339.1']
    Key: locus_tag, Value: ['MCAN_RS14965']
    Key: phase, Value: ['0']
    Key: product, Value: ['type III-A CRISPR-associated protein Cas10/Csm1']
    Key: protein_id, Value: ['WP_014001446.1']
    Key: source, Value: ['Protein Homology']
    Key: transl_table, Value: ['11']

GF(type III-A CRISPR-associated protein Cas10/Csm1, 9723-12165 (-1))
type: CDS
location: [3191773:3192562](-)
id: cds-WP_015288384.1
qualifiers:
    Key: Dbxref, Value: ['GenBank:WP_015288384.1', 'GeneID:45426812']
    Key: ID, Value: ['cds-WP_015288384.1']
    Key: Name, Value: ['WP_015288384.1']
    Key: Ontology_term, Value: ['GO:0043571', 'GO:0004521']
    Key: Parent, Value: ['gene-MCAN_RS14970']
    Key: gbkey, Value: ['CDS']
    Key: gene, Value: ['cas6']
    Key: go_function, Value: ['RNA endonuclease activity|0004521||IEA']
    Key: go_process, Value: ['maintenance of CRISPR repeat elements|0043571||IEA']
    Key: inference, Value: ['COORDINATES: similar to AA sequence:RefSeq:WP_003917092.1']
    Key: locus_tag, Value: ['MCAN_RS14970']
    Key: phase, Value: ['0']
    Key: product, Value: ['CRISPR-associated endoribonuclease Cas6']
    Key: protein_id, Value: ['WP_015288384.1']
    Key: source, Value: ['Protein Homology']
    Key: transl_table, Value: ['11']

GF(CRISPR-associated endoribonuclease Cas6, 12161-12950 (-1))
type: CDS
location: [3192835:3193096](+)
id: cds-MCAN_RS23685
qualifiers:
    Key: Dbxref, Value: ['GeneID:69102955']
    Key: ID, Value: ['cds-MCAN_RS23685']
    Key: Note, Value: ['incomplete; partial in the middle of a contig; missing C-terminus']
    Key: Parent, Value: ['gene-MCAN_RS23685']
    Key: end_range, Value: ['3193096', '.']
    Key: gbkey, Value: ['CDS']
    Key: inference, Value: ['COORDINATES: similar to AA sequence:RefSeq:NP_217321.1']
    Key: locus_tag, Value: ['MCAN_RS23685']
    Key: partial, Value: ['true']
    Key: phase, Value: ['0']
    Key: product, Value: ['transposase']
    Key: pseudo, Value: ['true']
    Key: source, Value: ['Protein Homology']
    Key: transl_table, Value: ['11']

GF(transposase, 13223-13484 (1))
type: CDS
location: [3193144:3193972](+)
id: cds-WP_328514394.1
qualifiers:
    Key: Dbxref, Value: ['GenBank:WP_328514394.1', 'GeneID:87624307']
    Key: ID, Value: ['cds-WP_328514394.1']
    Key: Name, Value: ['WP_328514394.1']
    Key: Parent, Value: ['gene-MCAN_RS23985']
    Key: gbkey, Value: ['CDS']
    Key: inference, Value: ['COORDINATES: protein motif:HMM:NF012870.4']
    Key: locus_tag, Value: ['MCAN_RS23985']
    Key: phase, Value: ['0']
    Key: product, Value: ['transposase family protein']
    Key: protein_id, Value: ['WP_328514394.1']
    Key: source, Value: ['Protein Homology']
    Key: transl_table, Value: ['11']

GF(transposase family protein, 13532-14360 (1))
type: CDS
location: [3194486:3195032](-)
id: cds-WP_014001448.1
qualifiers:
    Key: Dbxref, Value: ['GenBank:WP_014001448.1', 'GeneID:45426814']
    Key: ID, Value: ['cds-WP_014001448.1']
    Key: Name, Value: ['WP_014001448.1']
    Key: Parent, Value: ['gene-MCAN_RS14980']
    Key: gbkey, Value: ['CDS']
    Key: inference, Value: ['COORDINATES: similar to AA sequence:RefSeq:NP_217344.1']
    Key: locus_tag, Value: ['MCAN_RS14980']
    Key: phase, Value: ['0']
    Key: product, Value: ['DUF1802 family protein']
    Key: protein_id, Value: ['WP_014001448.1']
    Key: source, Value: ['Protein Homology']
    Key: transl_table, Value: ['11']

GF(DUF1802 family protein, 14874-15420 (-1))
type: CDS
location: [3195028:3195298](-)
id: cds-WP_015288386.1
qualifiers:
    Key: Dbxref, Value: ['GenBank:WP_015288386.1', 'GeneID:45426815']
    Key: ID, Value: ['cds-WP_015288386.1']
    Key: Name, Value: ['WP_015288386.1']
    Key: Parent, Value: ['gene-MCAN_RS14985']
    Key: gbkey, Value: ['CDS']
    Key: inference, Value: ['COORDINATES: similar to AA sequence:RefSeq:WP_012393701.1']
    Key: locus_tag, Value: ['MCAN_RS14985']
    Key: phase, Value: ['0']
    Key: product, Value: ['DUF2277 family protein']
    Key: protein_id, Value: ['WP_015288386.1']
    Key: source, Value: ['Protein Homology']
    Key: transl_table, Value: ['11']

GF(DUF2277 family protein, 15416-15686 (-1))
type: CDS
location: [3195318:3195711](-)
id: cds-WP_014001449.1
qualifiers:
    Key: Dbxref, Value: ['GenBank:WP_014001449.1', 'GeneID:45426816']
    Key: ID, Value: ['cds-WP_014001449.1']
    Key: Name, Value: ['WP_014001449.1']
    Key: Parent, Value: ['gene-MCAN_RS14990']
    Key: gbkey, Value: ['CDS']
    Key: inference, Value: ['COORDINATES: similar to AA sequence:RefSeq:NP_217345.1']
    Key: locus_tag, Value: ['MCAN_RS14990']
    Key: phase, Value: ['0']
    Key: product, Value: ['PIN domain-containing protein']
    Key: protein_id, Value: ['WP_014001449.1']
    Key: source, Value: ['Protein Homology']
    Key: transl_table, Value: ['11']

GF(PIN domain-containing protein, 15706-16099 (-1))
type: CDS
location: [3195707:3195923](-)
id: cds-WP_014001450.1
qualifiers:
    Key: Dbxref, Value: ['GenBank:WP_014001450.1', 'GeneID:45426817']
    Key: ID, Value: ['cds-WP_014001450.1']
    Key: Name, Value: ['WP_014001450.1']
    Key: Ontology_term, Value: ['GO:0008219']
    Key: Parent, Value: ['gene-MCAN_RS14995']
    Key: gbkey, Value: ['CDS']
    Key: go_process, Value: ['cell death|0008219||IEA']
    Key: inference, Value: ['COORDINATES: similar to AA sequence:RefSeq:NP_217346.1']
    Key: locus_tag, Value: ['MCAN_RS14995']
    Key: phase, Value: ['0']
    Key: product, Value: ['type II toxin-antitoxin system prevent-host-death family antitoxin']
    Key: protein_id, Value: ['WP_014001450.1']
    Key: source, Value: ['Protein Homology']
    Key: transl_table, Value: ['11']

GF(type II toxin-antitoxin system prevent-host-death family antitoxin, 16095-16311 (-1))
type: repeat_region
location: [3181322:3183563](+)
id: NC_015848.1_1
qualifiers:
    Key: Dbxref, Value: ['SO:0001459']
    Key: ID, Value: ['NC_015848.1_1']
    Key: Note, Value: ['GTTTCCGTCCCCTCTCGGGGTTTTGGGTCTGACGAC']
    Key: Ontology_term, Value: ['CRISPR']
    Key: score, Value: ['2241']
    Key: source, Value: ['CCTyper']

GF(Repeat region, 1710-3951 (0))
graphic feature from cctyper protein table: GF(Cas2, 4000-4341 (-1))
graphic feature from cctyper protein table: GF(Cas1, 4342-5358 (-1))
graphic feature from cctyper protein table: GF(Csm6, 5371-6618 (-1))
graphic feature from cctyper protein table: GF(Csm5gr7, 6615-7742 (-1))
graphic feature from cctyper protein table: GF(Csm4gr5, 7739-8647 (-1))
graphic feature from cctyper protein table: GF(Csm3gr7, 8628-9338 (-1))
graphic feature from cctyper protein table: GF(Csm2gr11, 9335-9727 (-1))
graphic feature from cctyper protein table: GF(Cas10, 9724-12165 (-1))
graphic feature from cctyper protein table: GF(Cas6, 12162-12950 (-1))
Index(['protein_id', 'start', 'end', 'effector', 'locus', 'sample', 'strand',
       'sequence', 'type'],
      dtype='object')
graphic feature from known effectors: GF(csm6-ca6, 5371-6618 (-1))
Index(['protein_id', 'start', 'end', 'effector', 'locus', 'sample', 'strand',
       'sequence'],
      dtype='object')
[GF(None, 1231-1412 (1)), GF(ISL3 family transposase, 1408-1618 (-1)), GF(CRISPR-associated endonuclease Cas2, 3999-4341 (-1)), GF(CRISPR-associated endonuclease Cas1, 4341-5358 (-1)), GF(type III-A CRISPR-associated CARF protein Csm6, 5370-6618 (-1)), GF(type III-A CRISPR-associated RAMP protein Csm5, 6614-7742 (-1)), GF(type III-A CRISPR-associated RAMP protein Csm4, 7738-8647 (-1)), GF(type III-A CRISPR-associated RAMP protein Csm3, 8627-9338 (-1)), GF(type III-A CRISPR-associated protein Csm2, 9334-9727 (-1)), GF(type III-A CRISPR-associated protein Cas10/Csm1, 9723-12165 (-1)), GF(CRISPR-associated endoribonuclease Cas6, 12161-12950 (-1)), GF(transposase, 13223-13484 (1)), GF(transposase family protein, 13532-14360 (1)), GF(DUF1802 family protein, 14874-15420 (-1)), GF(DUF2277 family protein, 15416-15686 (-1)), GF(PIN domain-containing protein, 15706-16099 (-1)), GF(type II toxin-antitoxin system prevent-host-death family antitoxin, 16095-16311 (-1)), GF(Repeat region, 1710-3951 (0)), GF(Cas2, 4000-4341 (-1)), GF(Cas1, 4342-5358 (-1)), GF(Csm6, 5371-6618 (-1)), GF(Csm5gr7, 6615-7742 (-1)), GF(Csm4gr5, 7739-8647 (-1)), GF(Csm3gr7, 8628-9338 (-1)), GF(Csm2gr11, 9335-9727 (-1)), GF(Cas10, 9724-12165 (-1)), GF(Cas6, 12162-12950 (-1)), GF(csm6-ca6, 5371-6618 (-1)), GF(CRISPR-Cas locus, 4000-12950 (0))]
