Cas operons file:    Unnamed: 0         Contig  ...           locus_id           sample
0           0  NZ_CP019913.2  ...  GCF_002009335.2_0  GCF_002009335.2

[1 rows x 19 columns]
The chosen contig: NZ_CP019913.2
type: CDS
location: [2899480:2900074](-)
id: cds-WP_020878426.1
qualifiers:
    Key: Dbxref, Value: ['GenBank:WP_020878426.1']
    Key: ID, Value: ['cds-WP_020878426.1']
    Key: Name, Value: ['WP_020878426.1']
    Key: Parent, Value: ['gene-B2D07_RS12770']
    Key: gbkey, Value: ['CDS']
    Key: inference, Value: ['COORDINATES: ab initio prediction:GeneMarkS-2+']
    Key: locus_tag, Value: ['B2D07_RS12770']
    Key: phase, Value: ['0']
    Key: product, Value: ['hypothetical protein']
    Key: protein_id, Value: ['WP_020878426.1']
    Key: source, Value: ['GeneMarkS-2+']
    Key: transl_table, Value: ['11']

GF(None, 1015-1609 (-1))
type: CDS
location: [2900126:2902286](-)
id: cds-WP_020878427.1
qualifiers:
    Key: Dbxref, Value: ['GenBank:WP_020878427.1']
    Key: ID, Value: ['cds-WP_020878427.1']
    Key: Name, Value: ['WP_020878427.1']
    Key: Parent, Value: ['gene-B2D07_RS12775']
    Key: gbkey, Value: ['CDS']
    Key: inference, Value: ['COORDINATES: protein motif:HMM:NF013155.4']
    Key: locus_tag, Value: ['B2D07_RS12775']
    Key: phase, Value: ['0']
    Key: product, Value: ['adenosine/AMP deaminase']
    Key: protein_id, Value: ['WP_020878427.1']
    Key: source, Value: ['Protein Homology']
    Key: transl_table, Value: ['11']

GF(adenosine/AMP deaminase, 1661-3821 (-1))
type: CDS
location: [2902464:2903607](-)
id: cds-WP_020878428.1
qualifiers:
    Key: Dbxref, Value: ['GenBank:WP_020878428.1']
    Key: ID, Value: ['cds-WP_020878428.1']
    Key: Name, Value: ['WP_020878428.1']
    Key: Ontology_term, Value: ['GO:0043571', 'GO:0003674']
    Key: Parent, Value: ['gene-B2D07_RS12780']
    Key: gbkey, Value: ['CDS']
    Key: gene, Value: ['cmr6']
    Key: go_function, Value: ['molecular_function|0003674||IEA']
    Key: go_process, Value: ['maintenance of CRISPR repeat elements|0043571||IEA']
    Key: inference, Value: ['COORDINATES: protein motif:HMM:NF015728.4']
    Key: locus_tag, Value: ['B2D07_RS12780']
    Key: phase, Value: ['0']
    Key: product, Value: ['type III-B CRISPR module RAMP protein Cmr6']
    Key: protein_id, Value: ['WP_020878428.1']
    Key: source, Value: ['Protein Homology']
    Key: transl_table, Value: ['11']

GF(type III-B CRISPR module RAMP protein Cmr6, 3999-5142 (-1))
type: CDS
location: [2903611:2904007](-)
id: cds-WP_020878429.1
qualifiers:
    Key: Dbxref, Value: ['GenBank:WP_020878429.1']
    Key: ID, Value: ['cds-WP_020878429.1']
    Key: Name, Value: ['WP_020878429.1']
    Key: Ontology_term, Value: ['GO:0043571', 'GO:0003674']
    Key: Parent, Value: ['gene-B2D07_RS12785']
    Key: gbkey, Value: ['CDS']
    Key: gene, Value: ['cmr5']
    Key: go_function, Value: ['molecular_function|0003674||IEA']
    Key: go_process, Value: ['maintenance of CRISPR repeat elements|0043571||IEA']
    Key: inference, Value: ['COORDINATES: protein motif:HMM:NF021237.4']
    Key: locus_tag, Value: ['B2D07_RS12785']
    Key: phase, Value: ['0']
    Key: product, Value: ['type III-B CRISPR module-associated protein Cmr5']
    Key: protein_id, Value: ['WP_020878429.1']
    Key: source, Value: ['Protein Homology']
    Key: transl_table, Value: ['11']

GF(type III-B CRISPR module-associated protein Cmr5, 5146-5542 (-1))
type: CDS
location: [2904003:2904912](-)
id: cds-WP_020878430.1
qualifiers:
    Key: Dbxref, Value: ['GenBank:WP_020878430.1']
    Key: ID, Value: ['cds-WP_020878430.1']
    Key: Name, Value: ['WP_020878430.1']
    Key: Ontology_term, Value: ['GO:0043571', 'GO:0003674']
    Key: Parent, Value: ['gene-B2D07_RS12790']
    Key: gbkey, Value: ['CDS']
    Key: gene, Value: ['cmr4']
    Key: go_function, Value: ['molecular_function|0003674||IEA']
    Key: go_process, Value: ['maintenance of CRISPR repeat elements|0043571||IEA']
    Key: inference, Value: ['COORDINATES: protein motif:HMM:NF015728.4']
    Key: locus_tag, Value: ['B2D07_RS12790']
    Key: phase, Value: ['0']
    Key: product, Value: ['type III-B CRISPR module RAMP protein Cmr4']
    Key: protein_id, Value: ['WP_020878430.1']
    Key: source, Value: ['Protein Homology']
    Key: transl_table, Value: ['11']

GF(type III-B CRISPR module RAMP protein Cmr4, 5538-6447 (-1))
type: CDS
location: [2904921:2905863](-)
id: cds-WP_020878431.1
qualifiers:
    Key: Dbxref, Value: ['GenBank:WP_020878431.1']
    Key: ID, Value: ['cds-WP_020878431.1']
    Key: Name, Value: ['WP_020878431.1']
    Key: Parent, Value: ['gene-B2D07_RS12795']
    Key: gbkey, Value: ['CDS']
    Key: inference, Value: ['COORDINATES: protein motif:HMM:NF021236.4']
    Key: locus_tag, Value: ['B2D07_RS12795']
    Key: phase, Value: ['0']
    Key: product, Value: ['type III-B CRISPR module-associated Cmr3 family protein']
    Key: protein_id, Value: ['WP_020878431.1']
    Key: source, Value: ['Protein Homology']
    Key: transl_table, Value: ['11']

GF(type III-B CRISPR module-associated Cmr3 family protein, 6456-7398 (-1))
type: CDS
location: [2905862:2908568](-)
id: cds-WP_020878432.1
qualifiers:
    Key: Dbxref, Value: ['GenBank:WP_020878432.1']
    Key: ID, Value: ['cds-WP_020878432.1']
    Key: Name, Value: ['WP_020878432.1']
    Key: Ontology_term, Value: ['GO:0043571', 'GO:0003674']
    Key: Parent, Value: ['gene-B2D07_RS12800']
    Key: gbkey, Value: ['CDS']
    Key: gene, Value: ['cas10']
    Key: go_function, Value: ['molecular_function|0003674||IEA']
    Key: go_process, Value: ['maintenance of CRISPR repeat elements|0043571||IEA']
    Key: inference, Value: ['COORDINATES: protein motif:HMM:TIGR02577.1']
    Key: locus_tag, Value: ['B2D07_RS12800']
    Key: phase, Value: ['0']
    Key: product, Value: ['type III-B CRISPR-associated protein Cas10/Cmr2']
    Key: protein_id, Value: ['WP_020878432.1']
    Key: source, Value: ['Protein Homology']
    Key: transl_table, Value: ['11']

GF(type III-B CRISPR-associated protein Cas10/Cmr2, 7397-10103 (-1))
type: CDS
location: [2908564:2909545](-)
id: cds-WP_020878433.1
qualifiers:
    Key: Dbxref, Value: ['GenBank:WP_020878433.1']
    Key: ID, Value: ['cds-WP_020878433.1']
    Key: Name, Value: ['WP_020878433.1']
    Key: Ontology_term, Value: ['GO:0043571', 'GO:0003674']
    Key: Parent, Value: ['gene-B2D07_RS12805']
    Key: gbkey, Value: ['CDS']
    Key: gene, Value: ['cmr1']
    Key: go_function, Value: ['molecular_function|0003674||IEA']
    Key: go_process, Value: ['maintenance of CRISPR repeat elements|0043571||IEA']
    Key: inference, Value: ['COORDINATES: protein motif:HMM:TIGR01894.1']
    Key: locus_tag, Value: ['B2D07_RS12805']
    Key: phase, Value: ['0']
    Key: product, Value: ['type III-B CRISPR module RAMP protein Cmr1']
    Key: protein_id, Value: ['WP_020878433.1']
    Key: source, Value: ['Protein Homology']
    Key: transl_table, Value: ['11']

GF(type III-B CRISPR module RAMP protein Cmr1, 10099-11080 (-1))
type: CDS
location: [2909656:2909992](-)
id: cds-WP_020878434.1
qualifiers:
    Key: Dbxref, Value: ['GenBank:WP_020878434.1']
    Key: ID, Value: ['cds-WP_020878434.1']
    Key: Name, Value: ['WP_020878434.1']
    Key: Parent, Value: ['gene-B2D07_RS12810']
    Key: gbkey, Value: ['CDS']
    Key: inference, Value: ['COORDINATES: protein motif:HMM:NF018508.4']
    Key: locus_tag, Value: ['B2D07_RS12810']
    Key: phase, Value: ['0']
    Key: product, Value: ['DUF1232 domain-containing protein']
    Key: protein_id, Value: ['WP_020878434.1']
    Key: source, Value: ['Protein Homology']
    Key: transl_table, Value: ['11']

GF(DUF1232 domain-containing protein, 11191-11527 (-1))
type: CDS
location: [2909981:2910422](-)
id: cds-WP_020878435.1
qualifiers:
    Key: Dbxref, Value: ['GenBank:WP_020878435.1']
    Key: ID, Value: ['cds-WP_020878435.1']
    Key: Name, Value: ['WP_020878435.1']
    Key: Parent, Value: ['gene-B2D07_RS12815']
    Key: gbkey, Value: ['CDS']
    Key: inference, Value: ['COORDINATES: protein motif:HMM:NF020530.4']
    Key: locus_tag, Value: ['B2D07_RS12815']
    Key: phase, Value: ['0']
    Key: product, Value: ['DUF1874 domain-containing protein']
    Key: protein_id, Value: ['WP_020878435.1']
    Key: source, Value: ['Protein Homology']
    Key: transl_table, Value: ['11']

GF(DUF1874 domain-containing protein, 11516-11957 (-1))
type: CDS
location: [2911087:2911564](+)
id: cds-WP_020878436.1
qualifiers:
    Key: Dbxref, Value: ['GenBank:WP_020878436.1']
    Key: ID, Value: ['cds-WP_020878436.1']
    Key: Name, Value: ['WP_020878436.1']
    Key: Parent, Value: ['gene-B2D07_RS12820']
    Key: gbkey, Value: ['CDS']
    Key: inference, Value: ['COORDINATES: ab initio prediction:GeneMarkS-2+']
    Key: locus_tag, Value: ['B2D07_RS12820']
    Key: phase, Value: ['0']
    Key: product, Value: ['hypothetical protein']
    Key: protein_id, Value: ['WP_020878436.1']
    Key: source, Value: ['GeneMarkS-2+']
    Key: transl_table, Value: ['11']

GF(None, 12622-13099 (1))
type: CDS
location: [2911648:2912698](+)
id: cds-WP_020878437.1
qualifiers:
    Key: Dbxref, Value: ['GenBank:WP_020878437.1']
    Key: ID, Value: ['cds-WP_020878437.1']
    Key: Name, Value: ['WP_020878437.1']
    Key: Parent, Value: ['gene-B2D07_RS12825']
    Key: gbkey, Value: ['CDS']
    Key: inference, Value: ['COORDINATES: ab initio prediction:GeneMarkS-2+']
    Key: locus_tag, Value: ['B2D07_RS12825']
    Key: phase, Value: ['0']
    Key: product, Value: ['hypothetical protein']
    Key: protein_id, Value: ['WP_020878437.1']
    Key: source, Value: ['GeneMarkS-2+']
    Key: transl_table, Value: ['11']

GF(None, 13183-14233 (1))
type: CDS
location: [2912733:2913900](+)
id: cds-WP_020878438.1
qualifiers:
    Key: Dbxref, Value: ['GenBank:WP_020878438.1']
    Key: ID, Value: ['cds-WP_020878438.1']
    Key: Name, Value: ['WP_020878438.1']
    Key: Parent, Value: ['gene-B2D07_RS12830']
    Key: gbkey, Value: ['CDS']
    Key: inference, Value: ['COORDINATES: ab initio prediction:GeneMarkS-2+']
    Key: locus_tag, Value: ['B2D07_RS12830']
    Key: phase, Value: ['0']
    Key: product, Value: ['hypothetical protein']
    Key: protein_id, Value: ['WP_020878438.1']
    Key: source, Value: ['GeneMarkS-2+']
    Key: transl_table, Value: ['11']

GF(None, 14268-15435 (1))
[GF(None, 1015-1609 (-1)), GF(adenosine/AMP deaminase, 1661-3821 (-1)), GF(type III-B CRISPR module RAMP protein Cmr6, 3999-5142 (-1)), GF(type III-B CRISPR module-associated protein Cmr5, 5146-5542 (-1)), GF(type III-B CRISPR module RAMP protein Cmr4, 5538-6447 (-1)), GF(type III-B CRISPR module-associated Cmr3 family protein, 6456-7398 (-1)), GF(type III-B CRISPR-associated protein Cas10/Cmr2, 7397-10103 (-1)), GF(type III-B CRISPR module RAMP protein Cmr1, 10099-11080 (-1)), GF(DUF1232 domain-containing protein, 11191-11527 (-1)), GF(DUF1874 domain-containing protein, 11516-11957 (-1)), GF(None, 12622-13099 (1)), GF(None, 13183-14233 (1)), GF(None, 14268-15435 (1)), GF(CRISPR-Cas locus, 4000-11957 (0))]
