Cas operons file:    Unnamed: 0         Contig  ...           locus_id           sample
0           1  NZ_CP076448.1  ...  GCF_019203965.1_1  GCF_019203965.1

[1 rows x 19 columns]
The chosen contig: NZ_CP076448.1
type: CDS
location: [1936317:1937061](+)
id: cds-WP_235691777.1
qualifiers:
    Key: Dbxref, Value: ['GenBank:WP_235691777.1']
    Key: ID, Value: ['cds-WP_235691777.1']
    Key: Name, Value: ['WP_235691777.1']
    Key: Parent, Value: ['gene-KO353_RS09330']
    Key: gbkey, Value: ['CDS']
    Key: inference, Value: ['COORDINATES: similar to AA sequence:RefSeq:WP_019013423.1']
    Key: locus_tag, Value: ['KO353_RS09330']
    Key: phase, Value: ['0']
    Key: product, Value: ['CBS domain-containing protein']
    Key: protein_id, Value: ['WP_235691777.1']
    Key: source, Value: ['Protein Homology']
    Key: transl_table, Value: ['11']

GF(CBS domain-containing protein, 1118-1862 (1))
type: CDS
location: [1937194:1939045](+)
id: cds-WP_218284390.1
qualifiers:
    Key: Dbxref, Value: ['GenBank:WP_218284390.1']
    Key: ID, Value: ['cds-WP_218284390.1']
    Key: Name, Value: ['WP_218284390.1']
    Key: Ontology_term, Value: ['GO:0008658']
    Key: Parent, Value: ['gene-KO353_RS09335']
    Key: gbkey, Value: ['CDS']
    Key: go_function, Value: ['penicillin binding|0008658||IEA']
    Key: inference, Value: ['COORDINATES: similar to AA sequence:RefSeq:WP_019013151.1']
    Key: locus_tag, Value: ['KO353_RS09335']
    Key: phase, Value: ['0']
    Key: product, Value: ['PBP1A family penicillin-binding protein']
    Key: protein_id, Value: ['WP_218284390.1']
    Key: source, Value: ['Protein Homology']
    Key: transl_table, Value: ['11']

GF(PBP1A family penicillin-binding protein, 1995-3846 (1))
type: CDS
location: [1939198:1940095](+)
id: cds-WP_218284392.1
qualifiers:
    Key: Dbxref, Value: ['GenBank:WP_218284392.1']
    Key: ID, Value: ['cds-WP_218284392.1']
    Key: Name, Value: ['WP_218284392.1']
    Key: Parent, Value: ['gene-KO353_RS09340']
    Key: gbkey, Value: ['CDS']
    Key: gene, Value: ['cas6']
    Key: inference, Value: ['COORDINATES: protein motif:HMM:NF021551.4']
    Key: locus_tag, Value: ['KO353_RS09340']
    Key: phase, Value: ['0']
    Key: product, Value: ['CRISPR system precrRNA processing endoribonuclease RAMP protein Cas6']
    Key: protein_id, Value: ['WP_218284392.1']
    Key: source, Value: ['Protein Homology']
    Key: transl_table, Value: ['11']

GF(CRISPR system precrRNA processing endoribonuclease RAMP protein Cas6, 3999-4896 (1))
type: CDS
location: [1940084:1941191](+)
id: cds-WP_218284393.1
qualifiers:
    Key: Dbxref, Value: ['GenBank:WP_218284393.1']
    Key: ID, Value: ['cds-WP_218284393.1']
    Key: Name, Value: ['WP_218284393.1']
    Key: Ontology_term, Value: ['GO:0043571', 'GO:0003674']
    Key: Parent, Value: ['gene-KO353_RS09345']
    Key: gbkey, Value: ['CDS']
    Key: gene, Value: ['csm6']
    Key: go_function, Value: ['molecular_function|0003674||IEA']
    Key: go_process, Value: ['maintenance of CRISPR repeat elements|0043571||IEA']
    Key: inference, Value: ['COORDINATES: protein motif:HMM:TIGR02584.1']
    Key: locus_tag, Value: ['KO353_RS09345']
    Key: phase, Value: ['0']
    Key: product, Value: ['CRISPR-associated ring nuclease Csm6']
    Key: protein_id, Value: ['WP_218284393.1']
    Key: source, Value: ['Protein Homology']
    Key: transl_table, Value: ['11']

GF(CRISPR-associated ring nuclease Csm6, 4885-5992 (1))
type: CDS
location: [1941187:1943698](+)
id: cds-WP_218284395.1
qualifiers:
    Key: Dbxref, Value: ['GenBank:WP_218284395.1']
    Key: ID, Value: ['cds-WP_218284395.1']
    Key: Name, Value: ['WP_218284395.1']
    Key: Ontology_term, Value: ['GO:0043571', 'GO:0003674']
    Key: Parent, Value: ['gene-KO353_RS09350']
    Key: gbkey, Value: ['CDS']
    Key: gene, Value: ['cas10']
    Key: go_function, Value: ['molecular_function|0003674||IEA']
    Key: go_process, Value: ['maintenance of CRISPR repeat elements|0043571||IEA']
    Key: inference, Value: ['COORDINATES: protein motif:HMM:TIGR02578.1']
    Key: locus_tag, Value: ['KO353_RS09350']
    Key: phase, Value: ['0']
    Key: product, Value: ['type III-A CRISPR-associated protein Cas10/Csm1']
    Key: protein_id, Value: ['WP_218284395.1']
    Key: source, Value: ['Protein Homology']
    Key: transl_table, Value: ['11']

GF(type III-A CRISPR-associated protein Cas10/Csm1, 5988-8499 (1))
type: CDS
location: [1943712:1944258](+)
id: cds-WP_218284397.1
qualifiers:
    Key: Dbxref, Value: ['GenBank:WP_218284397.1']
    Key: ID, Value: ['cds-WP_218284397.1']
    Key: Name, Value: ['WP_218284397.1']
    Key: Ontology_term, Value: ['GO:0043571', 'GO:0003674']
    Key: Parent, Value: ['gene-KO353_RS09355']
    Key: gbkey, Value: ['CDS']
    Key: gene, Value: ['csm2']
    Key: go_function, Value: ['molecular_function|0003674||IEA']
    Key: go_process, Value: ['maintenance of CRISPR repeat elements|0043571||IEA']
    Key: inference, Value: ['COORDINATES: protein motif:HMM:NF015695.4']
    Key: locus_tag, Value: ['KO353_RS09355']
    Key: phase, Value: ['0']
    Key: product, Value: ['type III-A CRISPR-associated protein Csm2']
    Key: protein_id, Value: ['WP_218284397.1']
    Key: source, Value: ['Protein Homology']
    Key: transl_table, Value: ['11']

GF(type III-A CRISPR-associated protein Csm2, 8513-9059 (1))
type: CDS
location: [1944254:1945034](+)
id: cds-WP_218284398.1
qualifiers:
    Key: Dbxref, Value: ['GenBank:WP_218284398.1']
    Key: ID, Value: ['cds-WP_218284398.1']
    Key: Name, Value: ['WP_218284398.1']
    Key: Ontology_term, Value: ['GO:0043571', 'GO:0003674']
    Key: Parent, Value: ['gene-KO353_RS09360']
    Key: gbkey, Value: ['CDS']
    Key: gene, Value: ['csm3']
    Key: go_function, Value: ['molecular_function|0003674||IEA']
    Key: go_process, Value: ['maintenance of CRISPR repeat elements|0043571||IEA']
    Key: inference, Value: ['COORDINATES: protein motif:HMM:TIGR02582.1']
    Key: locus_tag, Value: ['KO353_RS09360']
    Key: phase, Value: ['0']
    Key: product, Value: ['type III-A CRISPR-associated RAMP protein Csm3']
    Key: protein_id, Value: ['WP_218284398.1']
    Key: source, Value: ['Protein Homology']
    Key: transl_table, Value: ['11']

GF(type III-A CRISPR-associated RAMP protein Csm3, 9055-9835 (1))
type: CDS
location: [1945033:1946038](+)
id: cds-WP_218284399.1
qualifiers:
    Key: Dbxref, Value: ['GenBank:WP_218284399.1']
    Key: ID, Value: ['cds-WP_218284399.1']
    Key: Name, Value: ['WP_218284399.1']
    Key: Parent, Value: ['gene-KO353_RS09365']
    Key: gbkey, Value: ['CDS']
    Key: inference, Value: ['COORDINATES: ab initio prediction:GeneMarkS-2+']
    Key: locus_tag, Value: ['KO353_RS09365']
    Key: phase, Value: ['0']
    Key: product, Value: ['hypothetical protein']
    Key: protein_id, Value: ['WP_218284399.1']
    Key: source, Value: ['GeneMarkS-2+']
    Key: transl_table, Value: ['11']

GF(None, 9834-10839 (1))
type: CDS
location: [1946037:1947186](+)
id: cds-WP_218284400.1
qualifiers:
    Key: Dbxref, Value: ['GenBank:WP_218284400.1']
    Key: ID, Value: ['cds-WP_218284400.1']
    Key: Name, Value: ['WP_218284400.1']
    Key: Parent, Value: ['gene-KO353_RS09370']
    Key: gbkey, Value: ['CDS']
    Key: inference, Value: ['COORDINATES: protein motif:HMM:NF015728.4']
    Key: locus_tag, Value: ['KO353_RS09370']
    Key: phase, Value: ['0']
    Key: product, Value: ['RAMP superfamily CRISPR-associated protein']
    Key: protein_id, Value: ['WP_218284400.1']
    Key: source, Value: ['Protein Homology']
    Key: transl_table, Value: ['11']

GF(RAMP superfamily CRISPR-associated protein, 10838-11987 (1))
type: CDS
location: [1947182:1948448](+)
id: cds-WP_218284401.1
qualifiers:
    Key: Dbxref, Value: ['GenBank:WP_218284401.1']
    Key: ID, Value: ['cds-WP_218284401.1']
    Key: Name, Value: ['WP_218284401.1']
    Key: Ontology_term, Value: ['GO:0043571', 'GO:0003674']
    Key: Parent, Value: ['gene-KO353_RS09375']
    Key: gbkey, Value: ['CDS']
    Key: go_function, Value: ['molecular_function|0003674||IEA']
    Key: go_process, Value: ['maintenance of CRISPR repeat elements|0043571||IEA']
    Key: inference, Value: ['COORDINATES: protein motif:HMM:NF021207.4']
    Key: locus_tag, Value: ['KO353_RS09375']
    Key: phase, Value: ['0']
    Key: product, Value: ['TIGR02710 family CRISPR-associated CARF protein']
    Key: protein_id, Value: ['WP_218284401.1']
    Key: source, Value: ['Protein Homology']
    Key: transl_table, Value: ['11']

GF(TIGR02710 family CRISPR-associated CARF protein, 11983-13249 (1))
type: CDS
location: [1948515:1948800](+)
id: cds-WP_218284402.1
qualifiers:
    Key: Dbxref, Value: ['GenBank:WP_218284402.1']
    Key: ID, Value: ['cds-WP_218284402.1']
    Key: Name, Value: ['WP_218284402.1']
    Key: Ontology_term, Value: ['GO:0043571', 'GO:0004521']
    Key: Parent, Value: ['gene-KO353_RS09380']
    Key: gbkey, Value: ['CDS']
    Key: gene, Value: ['cas2']
    Key: go_function, Value: ['RNA endonuclease activity|0004521||IEA']
    Key: go_process, Value: ['maintenance of CRISPR repeat elements|0043571||IEA']
    Key: inference, Value: ['COORDINATES: protein motif:HMM:TIGR01573.1']
    Key: locus_tag, Value: ['KO353_RS09380']
    Key: phase, Value: ['0']
    Key: product, Value: ['CRISPR-associated endonuclease Cas2']
    Key: protein_id, Value: ['WP_218284402.1']
    Key: source, Value: ['Protein Homology']
    Key: transl_table, Value: ['11']

GF(CRISPR-associated endonuclease Cas2, 13316-13601 (1))
type: CDS
location: [1948805:1949795](+)
id: cds-WP_218284404.1
qualifiers:
    Key: Dbxref, Value: ['GenBank:WP_218284404.1']
    Key: ID, Value: ['cds-WP_218284404.1']
    Key: Name, Value: ['WP_218284404.1']
    Key: Ontology_term, Value: ['GO:0043571', 'GO:0004520', 'GO:0046872']
    Key: Parent, Value: ['gene-KO353_RS09385']
    Key: gbkey, Value: ['CDS']
    Key: gene, Value: ['cas1']
    Key: go_function, Value: ['DNA endonuclease activity|0004520||IEA', 'metal ion binding|0046872||IEA']
    Key: go_process, Value: ['maintenance of CRISPR repeat elements|0043571||IEA']
    Key: inference, Value: ['COORDINATES: protein motif:HMM:TIGR00287.1']
    Key: locus_tag, Value: ['KO353_RS09385']
    Key: phase, Value: ['0']
    Key: product, Value: ['CRISPR-associated endonuclease Cas1']
    Key: protein_id, Value: ['WP_218284404.1']
    Key: source, Value: ['Protein Homology']
    Key: transl_table, Value: ['11']

GF(CRISPR-associated endonuclease Cas1, 13606-14596 (1))
type: CDS
location: [1949772:1950570](+)
id: cds-WP_218284405.1
qualifiers:
    Key: Dbxref, Value: ['GenBank:WP_218284405.1']
    Key: ID, Value: ['cds-WP_218284405.1']
    Key: Name, Value: ['WP_218284405.1']
    Key: Parent, Value: ['gene-KO353_RS09390']
    Key: gbkey, Value: ['CDS']
    Key: inference, Value: ['COORDINATES: ab initio prediction:GeneMarkS-2+']
    Key: locus_tag, Value: ['KO353_RS09390']
    Key: phase, Value: ['0']
    Key: product, Value: ['hypothetical protein']
    Key: protein_id, Value: ['WP_218284405.1']
    Key: source, Value: ['GeneMarkS-2+']
    Key: transl_table, Value: ['11']

GF(None, 14573-15371 (1))
type: CDS
location: [1950579:1950927](+)
id: cds-WP_218284407.1
qualifiers:
    Key: Dbxref, Value: ['GenBank:WP_218284407.1']
    Key: ID, Value: ['cds-WP_218284407.1']
    Key: Name, Value: ['WP_218284407.1']
    Key: Ontology_term, Value: ['GO:0043571', 'GO:0004521']
    Key: Parent, Value: ['gene-KO353_RS09395']
    Key: gbkey, Value: ['CDS']
    Key: gene, Value: ['cas2']
    Key: go_function, Value: ['RNA endonuclease activity|0004521||IEA']
    Key: go_process, Value: ['maintenance of CRISPR repeat elements|0043571||IEA']
    Key: inference, Value: ['COORDINATES: protein motif:HMM:NF021356.4']
    Key: locus_tag, Value: ['KO353_RS09395']
    Key: phase, Value: ['0']
    Key: product, Value: ['CRISPR-associated endonuclease Cas2']
    Key: protein_id, Value: ['WP_218284407.1']
    Key: source, Value: ['Protein Homology']
    Key: transl_table, Value: ['11']

GF(CRISPR-associated endonuclease Cas2, 15380-15728 (1))
type: repeat_region
location: [1951017:1954461](+)
id: NZ_CP076448.1_2
qualifiers:
    Key: Dbxref, Value: ['SO:0001459']
    Key: ID, Value: ['NZ_CP076448.1_2']
    Key: Note, Value: ['CTTCCAAAGCAGACCCGATCTTCAGGGGGTCAAAAC']
    Key: Ontology_term, Value: ['CRISPR']
    Key: score, Value: ['3444']
    Key: source, Value: ['CCTyper']

GF(Repeat region, 15818-19262 (0))
graphic feature from known effectors: GF(csx1, 11984-13249 (1))
[GF(CBS domain-containing protein, 1118-1862 (1)), GF(PBP1A family penicillin-binding protein, 1995-3846 (1)), GF(CRISPR system precrRNA processing endoribonuclease RAMP protein Cas6, 3999-4896 (1)), GF(CRISPR-associated ring nuclease Csm6, 4885-5992 (1)), GF(type III-A CRISPR-associated protein Cas10/Csm1, 5988-8499 (1)), GF(type III-A CRISPR-associated protein Csm2, 8513-9059 (1)), GF(type III-A CRISPR-associated RAMP protein Csm3, 9055-9835 (1)), GF(None, 9834-10839 (1)), GF(RAMP superfamily CRISPR-associated protein, 10838-11987 (1)), GF(TIGR02710 family CRISPR-associated CARF protein, 11983-13249 (1)), GF(CRISPR-associated endonuclease Cas2, 13316-13601 (1)), GF(CRISPR-associated endonuclease Cas1, 13606-14596 (1)), GF(None, 14573-15371 (1)), GF(CRISPR-associated endonuclease Cas2, 15380-15728 (1)), GF(Repeat region, 15818-19262 (0)), GF(csx1, 11984-13249 (1)), GF(CRISPR-Cas locus, 4000-15728 (0))]
