Cas operons file:    Unnamed: 0         Contig  ...           locus_id           sample
0           0  NZ_CP050251.1  ...  GCF_022833145.1_0  GCF_022833145.1

[1 rows x 19 columns]
The chosen contig: NZ_CP050251.1
type: CDS
location: [1470090:1470759](+)
id: cds-WP_021135889.1
qualifiers:
    Key: Dbxref, Value: ['GenBank:WP_021135889.1']
    Key: ID, Value: ['cds-WP_021135889.1']
    Key: Name, Value: ['WP_021135889.1']
    Key: Ontology_term, Value: ['GO:0008168', 'GO:1904047']
    Key: Parent, Value: ['gene-G8E05_RS07060']
    Key: gbkey, Value: ['CDS']
    Key: go_function, Value: ['methyltransferase activity|0008168||IEA', 'S-adenosyl-L-methionine binding|1904047||IEA']
    Key: inference, Value: ['COORDINATES: similar to AA sequence:RefSeq:WP_007061213.1']
    Key: locus_tag, Value: ['G8E05_RS07060']
    Key: phase, Value: ['0']
    Key: product, Value: ['class I SAM-dependent methyltransferase']
    Key: protein_id, Value: ['WP_021135889.1']
    Key: source, Value: ['Protein Homology']
    Key: transl_table, Value: ['11']

GF(class I SAM-dependent methyltransferase, 710-1379 (1))
type: CDS
location: [1473379:1474069](+)
id: cds-WP_222642950.1
qualifiers:
    Key: Dbxref, Value: ['GenBank:WP_222642950.1']
    Key: ID, Value: ['cds-WP_222642950.1']
    Key: Name, Value: ['WP_222642950.1']
    Key: Ontology_term, Value: ['GO:0043571', 'GO:0004521']
    Key: Parent, Value: ['gene-G8E05_RS07065']
    Key: gbkey, Value: ['CDS']
    Key: gene, Value: ['cas6']
    Key: go_function, Value: ['endoribonuclease activity|0004521||IEA']
    Key: go_process, Value: ['maintenance of CRISPR repeat elements|0043571||IEA']
    Key: inference, Value: ['COORDINATES: similar to AA sequence:RefSeq:WP_012100157.1']
    Key: locus_tag, Value: ['G8E05_RS07065']
    Key: phase, Value: ['0']
    Key: product, Value: ['CRISPR-associated endoribonuclease Cas6']
    Key: protein_id, Value: ['WP_222642950.1']
    Key: source, Value: ['Protein Homology']
    Key: transl_table, Value: ['11']

GF(CRISPR-associated endoribonuclease Cas6, 3999-4689 (1))
type: CDS
location: [1474088:1474586](+)
id: cds-WP_003401763.1
qualifiers:
    Key: Dbxref, Value: ['GenBank:WP_003401763.1']
    Key: ID, Value: ['cds-WP_003401763.1']
    Key: Name, Value: ['WP_003401763.1']
    Key: Parent, Value: ['gene-G8E05_RS07070']
    Key: gbkey, Value: ['CDS']
    Key: inference, Value: ['COORDINATES: similar to AA sequence:RefSeq:WP_003401763.1']
    Key: locus_tag, Value: ['G8E05_RS07070']
    Key: phase, Value: ['0']
    Key: product, Value: ['hypothetical protein']
    Key: protein_id, Value: ['WP_003401763.1']
    Key: source, Value: ['Protein Homology']
    Key: transl_table, Value: ['11']

GF(None, 4708-5206 (1))
type: CDS
location: [1474621:1476298](+)
id: cds-WP_222642989.1
qualifiers:
    Key: Dbxref, Value: ['GenBank:WP_222642989.1']
    Key: ID, Value: ['cds-WP_222642989.1']
    Key: Name, Value: ['WP_222642989.1']
    Key: Parent, Value: ['gene-G8E05_RS07075']
    Key: gbkey, Value: ['CDS']
    Key: inference, Value: ['COORDINATES: similar to AA sequence:RefSeq:WP_003401761.1']
    Key: locus_tag, Value: ['G8E05_RS07075']
    Key: phase, Value: ['0']
    Key: product, Value: ['hypothetical protein']
    Key: protein_id, Value: ['WP_222642989.1']
    Key: source, Value: ['Protein Homology']
    Key: transl_table, Value: ['11']

GF(None, 5241-6918 (1))
type: CDS
location: [1476299:1478615](+)
id: cds-WP_003401759.1
qualifiers:
    Key: Dbxref, Value: ['GenBank:WP_003401759.1']
    Key: ID, Value: ['cds-WP_003401759.1']
    Key: Name, Value: ['WP_003401759.1']
    Key: Parent, Value: ['gene-G8E05_RS07080']
    Key: gbkey, Value: ['CDS']
    Key: inference, Value: ['COORDINATES: similar to AA sequence:RefSeq:WP_003401759.1']
    Key: locus_tag, Value: ['G8E05_RS07080']
    Key: phase, Value: ['0']
    Key: product, Value: ['RAMP superfamily CRISPR-associated protein']
    Key: protein_id, Value: ['WP_003401759.1']
    Key: source, Value: ['Protein Homology']
    Key: transl_table, Value: ['11']

GF(RAMP superfamily CRISPR-associated protein, 6919-9235 (1))
type: CDS
location: [1478607:1479999](+)
id: cds-WP_222642940.1
qualifiers:
    Key: Dbxref, Value: ['GenBank:WP_222642940.1']
    Key: ID, Value: ['cds-WP_222642940.1']
    Key: Name, Value: ['WP_222642940.1']
    Key: Parent, Value: ['gene-G8E05_RS07085']
    Key: gbkey, Value: ['CDS']
    Key: inference, Value: ['COORDINATES: similar to AA sequence:RefSeq:WP_003401757.1']
    Key: locus_tag, Value: ['G8E05_RS07085']
    Key: phase, Value: ['0']
    Key: product, Value: ['RAMP superfamily CRISPR-associated protein']
    Key: protein_id, Value: ['WP_222642940.1']
    Key: source, Value: ['Protein Homology']
    Key: transl_table, Value: ['11']

GF(RAMP superfamily CRISPR-associated protein, 9227-10619 (1))
type: CDS
location: [1480010:1480439](+)
id: cds-WP_021135881.1
qualifiers:
    Key: Dbxref, Value: ['GenBank:WP_021135881.1']
    Key: ID, Value: ['cds-WP_021135881.1']
    Key: Name, Value: ['WP_021135881.1']
    Key: Parent, Value: ['gene-G8E05_RS07090']
    Key: gbkey, Value: ['CDS']
    Key: inference, Value: ['COORDINATES: similar to AA sequence:RefSeq:WP_003401752.1']
    Key: locus_tag, Value: ['G8E05_RS07090']
    Key: phase, Value: ['0']
    Key: product, Value: ['hypothetical protein']
    Key: protein_id, Value: ['WP_021135881.1']
    Key: source, Value: ['Protein Homology']
    Key: transl_table, Value: ['11']

GF(None, 10630-11059 (1))
type: CDS
location: [1480416:1482618](+)
id: cds-WP_222642938.1
qualifiers:
    Key: Dbxref, Value: ['GenBank:WP_222642938.1']
    Key: ID, Value: ['cds-WP_222642938.1']
    Key: Name, Value: ['WP_222642938.1']
    Key: Parent, Value: ['gene-G8E05_RS07095']
    Key: gbkey, Value: ['CDS']
    Key: inference, Value: ['COORDINATES: similar to AA sequence:RefSeq:WP_003401750.1']
    Key: locus_tag, Value: ['G8E05_RS07095']
    Key: phase, Value: ['0']
    Key: product, Value: ['TIGR03986 family CRISPR-associated RAMP protein']
    Key: protein_id, Value: ['WP_222642938.1']
    Key: source, Value: ['Protein Homology']
    Key: transl_table, Value: ['11']

GF(TIGR03986 family CRISPR-associated RAMP protein, 11036-13238 (1))
type: CDS
location: [1482640:1483525](+)
id: cds-WP_061320899.1
qualifiers:
    Key: Dbxref, Value: ['GenBank:WP_061320899.1']
    Key: ID, Value: ['cds-WP_061320899.1']
    Key: Name, Value: ['WP_061320899.1']
    Key: Parent, Value: ['gene-G8E05_RS07100']
    Key: gbkey, Value: ['CDS']
    Key: inference, Value: ['COORDINATES: similar to AA sequence:RefSeq:WP_015957904.1']
    Key: locus_tag, Value: ['G8E05_RS07100']
    Key: phase, Value: ['0']
    Key: product, Value: ['hypothetical protein']
    Key: protein_id, Value: ['WP_061320899.1']
    Key: source, Value: ['Protein Homology']
    Key: transl_table, Value: ['11']

GF(None, 13260-14145 (1))
type: CDS
location: [1483567:1483825](+)
id: cds-WP_134791525.1
qualifiers:
    Key: Dbxref, Value: ['GenBank:WP_134791525.1']
    Key: ID, Value: ['cds-WP_134791525.1']
    Key: Name, Value: ['WP_134791525.1']
    Key: Parent, Value: ['gene-G8E05_RS07105']
    Key: gbkey, Value: ['CDS']
    Key: inference, Value: ['COORDINATES: similar to AA sequence:RefSeq:WP_003401748.1']
    Key: locus_tag, Value: ['G8E05_RS07105']
    Key: phase, Value: ['0']
    Key: product, Value: ['virion tegument protein']
    Key: protein_id, Value: ['WP_134791525.1']
    Key: source, Value: ['Protein Homology']
    Key: transl_table, Value: ['11']

GF(virion tegument protein, 14187-14445 (1))
type: CDS
location: [1484057:1484351](+)
id: cds-WP_011986668.1
qualifiers:
    Key: Dbxref, Value: ['GenBank:WP_011986668.1']
    Key: ID, Value: ['cds-WP_011986668.1']
    Key: Name, Value: ['WP_011986668.1']
    Key: Parent, Value: ['gene-G8E05_RS07110']
    Key: gbkey, Value: ['CDS']
    Key: inference, Value: ['COORDINATES: similar to AA sequence:RefSeq:WP_003361938.1']
    Key: locus_tag, Value: ['G8E05_RS07110']
    Key: phase, Value: ['0']
    Key: product, Value: ['hypothetical protein']
    Key: protein_id, Value: ['WP_011986668.1']
    Key: source, Value: ['Protein Homology']
    Key: transl_table, Value: ['11']

GF(None, 14677-14971 (1))
type: CDS
location: [1484398:1485196](+)
id: cds-WP_024931534.1
qualifiers:
    Key: Dbxref, Value: ['GenBank:WP_024931534.1']
    Key: ID, Value: ['cds-WP_024931534.1']
    Key: Name, Value: ['WP_024931534.1']
    Key: Ontology_term, Value: ['GO:0006355', 'GO:0003677']
    Key: Parent, Value: ['gene-G8E05_RS07115']
    Key: gbkey, Value: ['CDS']
    Key: go_function, Value: ['DNA binding|0003677||IEA']
    Key: go_process, Value: ['regulation of DNA-templated transcription|0006355||IEA']
    Key: inference, Value: ['COORDINATES: similar to AA sequence:RefSeq:WP_003493848.1']
    Key: locus_tag, Value: ['G8E05_RS07115']
    Key: phase, Value: ['0']
    Key: product, Value: ['MerR family transcriptional regulator']
    Key: protein_id, Value: ['WP_024931534.1']
    Key: source, Value: ['Protein Homology']
    Key: transl_table, Value: ['11']

GF(MerR family transcriptional regulator, 15018-15816 (1))
type: CDS
location: [1485292:1487290](+)
id: cds-WP_024931533.1
qualifiers:
    Key: Dbxref, Value: ['GenBank:WP_024931533.1']
    Key: ID, Value: ['cds-WP_024931533.1']
    Key: Name, Value: ['WP_024931533.1']
    Key: Ontology_term, Value: ['GO:0016491']
    Key: Parent, Value: ['gene-G8E05_RS07120']
    Key: gbkey, Value: ['CDS']
    Key: go_function, Value: ['oxidoreductase activity|0016491||IEA']
    Key: inference, Value: ['COORDINATES: similar to AA sequence:RefSeq:WP_011986666.1']
    Key: locus_tag, Value: ['G8E05_RS07120']
    Key: phase, Value: ['0']
    Key: product, Value: ['FAD-dependent oxidoreductase']
    Key: protein_id, Value: ['WP_024931533.1']
    Key: source, Value: ['Protein Homology']
    Key: transl_table, Value: ['11']

GF(FAD-dependent oxidoreductase, 15912-17910 (1))
type: repeat_region
location: [1471659:1472015](+)
id: NZ_CP050251.1_1
qualifiers:
    Key: Dbxref, Value: ['SO:0001459']
    Key: ID, Value: ['NZ_CP050251.1_1']
    Key: Note, Value: ['GCTGAACATTAACATGAGATGTATTTAAA']
    Key: Ontology_term, Value: ['CRISPR']
    Key: score, Value: ['356']
    Key: source, Value: ['CCTyper']

GF(Repeat region, 2279-2635 (0))
type: repeat_region
location: [1472920:1473143](+)
id: NZ_CP050251.1_2
qualifiers:
    Key: Dbxref, Value: ['SO:0001459']
    Key: ID, Value: ['NZ_CP050251.1_2']
    Key: Note, Value: ['GTTGAACATTAACATGAGATGTATTTAAAT']
    Key: Ontology_term, Value: ['CRISPR']
    Key: score, Value: ['223']
    Key: source, Value: ['CCTyper']

GF(Repeat region, 3540-3763 (0))
type: repeat_region
location: [1471179:1471407](+)
id: NZ_CP050251.1-16_3
qualifiers:
    Key: Dbxref, Value: ['SO:0001459']
    Key: ID, Value: ['NZ_CP050251.1-16_3']
    Key: Note, Value: ['GTTGAACATTAACATGAGATGTATTTAAAT']
    Key: Ontology_term, Value: ['CRISPR']
    Key: score, Value: ['228']
    Key: source, Value: ['CCTyper']

GF(Repeat region, 1799-2027 (0))
graphic feature from cctyper protein table: GF(Cas6, 4000-4689 (1))
graphic feature from cctyper protein table: GF(CasR, 4709-5206 (1))
graphic feature from cctyper protein table: GF(Cas10, 5242-6918 (1))
graphic feature from cctyper protein table: GF(Csm3gr7, 9228-10619 (1))
graphic feature from cctyper protein table: GF(Csx19, 10631-11059 (1))
graphic feature from cctyper protein table: GF(Csm3gr7, 11037-13238 (1))
graphic feature from cctyper protein table: GF(Mem, 13261-14145 (1))
Index(['protein_id', 'start', 'end', 'effector', 'locus', 'sample', 'strand',
       'sequence'],
      dtype='object')
Index(['protein_id', 'start', 'end', 'effector', 'locus', 'sample', 'strand',
       'sequence'],
      dtype='object')
[GF(class I SAM-dependent methyltransferase, 710-1379 (1)), GF(CRISPR-associated endoribonuclease Cas6, 3999-4689 (1)), GF(None, 4708-5206 (1)), GF(None, 5241-6918 (1)), GF(RAMP superfamily CRISPR-associated protein, 6919-9235 (1)), GF(RAMP superfamily CRISPR-associated protein, 9227-10619 (1)), GF(None, 10630-11059 (1)), GF(TIGR03986 family CRISPR-associated RAMP protein, 11036-13238 (1)), GF(None, 13260-14145 (1)), GF(virion tegument protein, 14187-14445 (1)), GF(None, 14677-14971 (1)), GF(MerR family transcriptional regulator, 15018-15816 (1)), GF(FAD-dependent oxidoreductase, 15912-17910 (1)), GF(Repeat region, 2279-2635 (0)), GF(Repeat region, 3540-3763 (0)), GF(Repeat region, 1799-2027 (0)), GF(Cas6, 4000-4689 (1)), GF(CasR, 4709-5206 (1)), GF(Cas10, 5242-6918 (1)), GF(Csm3gr7, 9228-10619 (1)), GF(Csx19, 10631-11059 (1)), GF(Csm3gr7, 11037-13238 (1)), GF(Mem, 13261-14145 (1)), GF(CRISPR-Cas locus, 4000-14145 (0))]
