Cas operons file:    Unnamed: 0         Contig  ...           locus_id           sample
0           1  NZ_CP097607.1  ...  GCF_023572945.1_1  GCF_023572945.1

[1 rows x 19 columns]
The chosen contig: NZ_CP097607.1
type: CDS
location: [821516:822131](-)
id: cds-WP_014391165.1
qualifiers:
    Key: Dbxref, Value: ['GenBank:WP_014391165.1']
    Key: ID, Value: ['cds-WP_014391165.1']
    Key: Name, Value: ['WP_014391165.1']
    Key: Parent, Value: ['gene-M8847_RS03700']
    Key: gbkey, Value: ['CDS']
    Key: inference, Value: ['COORDINATES: similar to AA sequence:RefSeq:WP_014391165.1']
    Key: locus_tag, Value: ['M8847_RS03700']
    Key: phase, Value: ['0']
    Key: product, Value: ['DNA glycosylase']
    Key: protein_id, Value: ['WP_014391165.1']
    Key: source, Value: ['Protein Homology']
    Key: transl_table, Value: ['11']

GF(DNA glycosylase, 42-657 (-1))
type: CDS
location: [822240:823665](-)
id: cds-WP_005726734.1
qualifiers:
    Key: Dbxref, Value: ['GenBank:WP_005726734.1']
    Key: ID, Value: ['cds-WP_005726734.1']
    Key: Name, Value: ['WP_005726734.1']
    Key: Ontology_term, Value: ['GO:0008750', 'GO:0050661', 'GO:0016020']
    Key: Parent, Value: ['gene-M8847_RS03705']
    Key: gbkey, Value: ['CDS']
    Key: gene, Value: ['pntB']
    Key: go_component, Value: ['membrane|0016020||IEA']
    Key: go_function, Value: ['NAD(P)+ transhydrogenase (AB-specific) activity|0008750||IEA', 'NADP binding|0050661||IEA']
    Key: inference, Value: ['COORDINATES: similar to AA sequence:RefSeq:WP_005693997.1']
    Key: locus_tag, Value: ['M8847_RS03705']
    Key: phase, Value: ['0']
    Key: product, Value: ['Re/Si-specific NAD(P)(+) transhydrogenase subunit beta']
    Key: protein_id, Value: ['WP_005726734.1']
    Key: source, Value: ['Protein Homology']
    Key: transl_table, Value: ['11']

GF(Re/Si-specific NAD(P)(+) transhydrogenase subunit beta, 766-2191 (-1))
type: CDS
location: [823675:825205](-)
id: cds-WP_250191784.1
qualifiers:
    Key: Dbxref, Value: ['GenBank:WP_250191784.1']
    Key: ID, Value: ['cds-WP_250191784.1']
    Key: Name, Value: ['WP_250191784.1']
    Key: Ontology_term, Value: ['GO:0008750']
    Key: Parent, Value: ['gene-M8847_RS03710']
    Key: gbkey, Value: ['CDS']
    Key: gene, Value: ['pntA']
    Key: go_function, Value: ['NAD(P)+ transhydrogenase (AB-specific) activity|0008750||IEA']
    Key: inference, Value: ['COORDINATES: similar to AA sequence:RefSeq:WP_005716502.1']
    Key: locus_tag, Value: ['M8847_RS03710']
    Key: phase, Value: ['0']
    Key: product, Value: ['Re/Si-specific NAD(P)(+) transhydrogenase subunit alpha']
    Key: protein_id, Value: ['WP_250191784.1']
    Key: source, Value: ['Protein Homology']
    Key: transl_table, Value: ['11']

GF(Re/Si-specific NAD(P)(+) transhydrogenase subunit alpha, 2201-3731 (-1))
type: CDS
location: [825473:828089](+)
id: cds-WP_250192922.1
qualifiers:
    Key: Dbxref, Value: ['GenBank:WP_250192922.1']
    Key: ID, Value: ['cds-WP_250192922.1']
    Key: Name, Value: ['WP_250192922.1']
    Key: Ontology_term, Value: ['GO:0043571', 'GO:0003674']
    Key: Parent, Value: ['gene-M8847_RS03715']
    Key: gbkey, Value: ['CDS']
    Key: gene, Value: ['cas10']
    Key: go_function, Value: ['molecular_function|0003674||IEA']
    Key: go_process, Value: ['maintenance of CRISPR repeat elements|0043571||IEA']
    Key: inference, Value: ['COORDINATES: protein motif:HMM:TIGR02578.1']
    Key: locus_tag, Value: ['M8847_RS03715']
    Key: phase, Value: ['0']
    Key: product, Value: ['type III-A CRISPR-associated protein Cas10/Csm1']
    Key: protein_id, Value: ['WP_250192922.1']
    Key: source, Value: ['Protein Homology']
    Key: transl_table, Value: ['11']

GF(type III-A CRISPR-associated protein Cas10/Csm1, 3999-6615 (1))
type: CDS
location: [828100:828505](+)
id: cds-WP_046333280.1
qualifiers:
    Key: Dbxref, Value: ['GenBank:WP_046333280.1']
    Key: ID, Value: ['cds-WP_046333280.1']
    Key: Name, Value: ['WP_046333280.1']
    Key: Ontology_term, Value: ['GO:0043571', 'GO:0003674']
    Key: Parent, Value: ['gene-M8847_RS03720']
    Key: gbkey, Value: ['CDS']
    Key: gene, Value: ['csm2']
    Key: go_function, Value: ['molecular_function|0003674||IEA']
    Key: go_process, Value: ['maintenance of CRISPR repeat elements|0043571||IEA']
    Key: inference, Value: ['COORDINATES: similar to AA sequence:RefSeq:WP_005634028.1']
    Key: locus_tag, Value: ['M8847_RS03720']
    Key: phase, Value: ['0']
    Key: product, Value: ['type III-A CRISPR-associated protein Csm2']
    Key: protein_id, Value: ['WP_046333280.1']
    Key: source, Value: ['Protein Homology']
    Key: transl_table, Value: ['11']

GF(type III-A CRISPR-associated protein Csm2, 6626-7031 (1))
type: CDS
location: [828515:829214](+)
id: cds-WP_250191783.1
qualifiers:
    Key: Dbxref, Value: ['GenBank:WP_250191783.1']
    Key: ID, Value: ['cds-WP_250191783.1']
    Key: Name, Value: ['WP_250191783.1']
    Key: Ontology_term, Value: ['GO:0043571', 'GO:0003674']
    Key: Parent, Value: ['gene-M8847_RS03725']
    Key: gbkey, Value: ['CDS']
    Key: gene, Value: ['csm3']
    Key: go_function, Value: ['molecular_function|0003674||IEA']
    Key: go_process, Value: ['maintenance of CRISPR repeat elements|0043571||IEA']
    Key: inference, Value: ['COORDINATES: similar to AA sequence:RefSeq:WP_007526791.1']
    Key: locus_tag, Value: ['M8847_RS03725']
    Key: phase, Value: ['0']
    Key: product, Value: ['type III-A CRISPR-associated RAMP protein Csm3']
    Key: protein_id, Value: ['WP_250191783.1']
    Key: source, Value: ['Protein Homology']
    Key: transl_table, Value: ['11']

GF(type III-A CRISPR-associated RAMP protein Csm3, 7041-7740 (1))
type: CDS
location: [829223:830159](+)
id: cds-WP_250191782.1
qualifiers:
    Key: Dbxref, Value: ['GenBank:WP_250191782.1']
    Key: ID, Value: ['cds-WP_250191782.1']
    Key: Name, Value: ['WP_250191782.1']
    Key: Parent, Value: ['gene-M8847_RS03730']
    Key: gbkey, Value: ['CDS']
    Key: inference, Value: ['COORDINATES: similar to AA sequence:RefSeq:WP_013747054.1']
    Key: locus_tag, Value: ['M8847_RS03730']
    Key: phase, Value: ['0']
    Key: product, Value: ['CRISPR-associated protein Csm4']
    Key: protein_id, Value: ['WP_250191782.1']
    Key: source, Value: ['Protein Homology']
    Key: transl_table, Value: ['11']

GF(CRISPR-associated protein Csm4, 7749-8685 (1))
type: CDS
location: [830163:831705](+)
id: cds-WP_250191781.1
qualifiers:
    Key: Dbxref, Value: ['GenBank:WP_250191781.1']
    Key: ID, Value: ['cds-WP_250191781.1']
    Key: Name, Value: ['WP_250191781.1']
    Key: Ontology_term, Value: ['GO:0043571', 'GO:0003674']
    Key: Parent, Value: ['gene-M8847_RS03735']
    Key: gbkey, Value: ['CDS']
    Key: gene, Value: ['csm5']
    Key: go_function, Value: ['molecular_function|0003674||IEA']
    Key: go_process, Value: ['maintenance of CRISPR repeat elements|0043571||IEA']
    Key: inference, Value: ['COORDINATES: similar to AA sequence:RefSeq:WP_005634022.1']
    Key: locus_tag, Value: ['M8847_RS03735']
    Key: phase, Value: ['0']
    Key: product, Value: ['type III-A CRISPR-associated RAMP protein Csm5']
    Key: protein_id, Value: ['WP_250191781.1']
    Key: source, Value: ['Protein Homology']
    Key: transl_table, Value: ['11']

GF(type III-A CRISPR-associated RAMP protein Csm5, 8689-10231 (1))
type: CDS
location: [831708:832626](+)
id: cds-WP_046333284.1
qualifiers:
    Key: Dbxref, Value: ['GenBank:WP_046333284.1']
    Key: ID, Value: ['cds-WP_046333284.1']
    Key: Name, Value: ['WP_046333284.1']
    Key: Parent, Value: ['gene-M8847_RS03740']
    Key: gbkey, Value: ['CDS']
    Key: gene, Value: ['cas6']
    Key: inference, Value: ['COORDINATES: similar to AA sequence:RefSeq:WP_007526934.1']
    Key: locus_tag, Value: ['M8847_RS03740']
    Key: phase, Value: ['0']
    Key: product, Value: ['CRISPR system precrRNA processing endoribonuclease RAMP protein Cas6']
    Key: protein_id, Value: ['WP_046333284.1']
    Key: source, Value: ['Protein Homology']
    Key: transl_table, Value: ['11']

GF(CRISPR system precrRNA processing endoribonuclease RAMP protein Cas6, 10234-11152 (1))
type: CDS
location: [832705:832996](+)
id: cds-WP_046333286.1
qualifiers:
    Key: Dbxref, Value: ['GenBank:WP_046333286.1']
    Key: ID, Value: ['cds-WP_046333286.1']
    Key: Name, Value: ['WP_046333286.1']
    Key: Ontology_term, Value: ['GO:0043571', 'GO:0003674']
    Key: Parent, Value: ['gene-M8847_RS03745']
    Key: gbkey, Value: ['CDS']
    Key: gene, Value: ['csx16']
    Key: go_function, Value: ['molecular_function|0003674||IEA']
    Key: go_process, Value: ['maintenance of CRISPR repeat elements|0043571||IEA']
    Key: inference, Value: ['COORDINATES: similar to AA sequence:RefSeq:WP_005634018.1']
    Key: locus_tag, Value: ['M8847_RS03745']
    Key: phase, Value: ['0']
    Key: product, Value: ['CRISPR-associated protein Csx16']
    Key: protein_id, Value: ['WP_046333286.1']
    Key: source, Value: ['Protein Homology']
    Key: transl_table, Value: ['11']

GF(CRISPR-associated protein Csx16, 11231-11522 (1))
type: CDS
location: [833006:834182](+)
id: cds-WP_250191780.1
qualifiers:
    Key: Dbxref, Value: ['GenBank:WP_250191780.1']
    Key: ID, Value: ['cds-WP_250191780.1']
    Key: Name, Value: ['WP_250191780.1']
    Key: Parent, Value: ['gene-M8847_RS03750']
    Key: gbkey, Value: ['CDS']
    Key: inference, Value: ['COORDINATES: similar to AA sequence:RefSeq:WP_005634016.1']
    Key: locus_tag, Value: ['M8847_RS03750']
    Key: phase, Value: ['0']
    Key: product, Value: ['DUF1887 family CARF protein']
    Key: protein_id, Value: ['WP_250191780.1']
    Key: source, Value: ['Protein Homology']
    Key: transl_table, Value: ['11']

GF(DUF1887 family CARF protein, 11532-12708 (1))
type: CDS
location: [834181:835306](+)
id: cds-WP_046333288.1
qualifiers:
    Key: Dbxref, Value: ['GenBank:WP_046333288.1']
    Key: ID, Value: ['cds-WP_046333288.1']
    Key: Name, Value: ['WP_046333288.1']
    Key: Ontology_term, Value: ['GO:0043571', 'GO:0003674']
    Key: Parent, Value: ['gene-M8847_RS03755']
    Key: gbkey, Value: ['CDS']
    Key: gene, Value: ['csm6']
    Key: go_function, Value: ['molecular_function|0003674||IEA']
    Key: go_process, Value: ['maintenance of CRISPR repeat elements|0043571||IEA']
    Key: inference, Value: ['COORDINATES: similar to AA sequence:RefSeq:WP_005634014.1']
    Key: locus_tag, Value: ['M8847_RS03755']
    Key: phase, Value: ['0']
    Key: product, Value: ['CRISPR-associated ring nuclease Csm6']
    Key: protein_id, Value: ['WP_046333288.1']
    Key: source, Value: ['Protein Homology']
    Key: transl_table, Value: ['11']

GF(CRISPR-associated ring nuclease Csm6, 12707-13832 (1))
type: CDS
location: [835435:835888](+)
id: cds-WP_250191779.1
qualifiers:
    Key: Dbxref, Value: ['GenBank:WP_250191779.1']
    Key: ID, Value: ['cds-WP_250191779.1']
    Key: Name, Value: ['WP_250191779.1']
    Key: Parent, Value: ['gene-M8847_RS03760']
    Key: gbkey, Value: ['CDS']
    Key: inference, Value: ['COORDINATES: ab initio prediction:GeneMarkS-2+']
    Key: locus_tag, Value: ['M8847_RS03760']
    Key: phase, Value: ['0']
    Key: product, Value: ['hypothetical protein']
    Key: protein_id, Value: ['WP_250191779.1']
    Key: source, Value: ['GeneMarkS-2+']
    Key: transl_table, Value: ['11']

GF(None, 13961-14414 (1))
type: CDS
location: [837354:837636](+)
id: cds-WP_250191778.1
qualifiers:
    Key: Dbxref, Value: ['GenBank:WP_250191778.1']
    Key: ID, Value: ['cds-WP_250191778.1']
    Key: Name, Value: ['WP_250191778.1']
    Key: Ontology_term, Value: ['GO:0043571', 'GO:0004521']
    Key: Parent, Value: ['gene-M8847_RS03765']
    Key: gbkey, Value: ['CDS']
    Key: gene, Value: ['cas2']
    Key: go_function, Value: ['RNA endonuclease activity|0004521||IEA']
    Key: go_process, Value: ['maintenance of CRISPR repeat elements|0043571||IEA']
    Key: inference, Value: ['COORDINATES: similar to AA sequence:RefSeq:WP_005634012.1']
    Key: locus_tag, Value: ['M8847_RS03765']
    Key: phase, Value: ['0']
    Key: product, Value: ['CRISPR-associated endonuclease Cas2']
    Key: protein_id, Value: ['WP_250191778.1']
    Key: source, Value: ['Protein Homology']
    Key: transl_table, Value: ['11']

GF(CRISPR-associated endonuclease Cas2, 15880-16162 (1))
type: CDS
location: [837651:838722](+)
id: cds-WP_250191777.1
qualifiers:
    Key: Dbxref, Value: ['GenBank:WP_250191777.1']
    Key: ID, Value: ['cds-WP_250191777.1']
    Key: Name, Value: ['WP_250191777.1']
    Key: Ontology_term, Value: ['GO:0043571', 'GO:0004520', 'GO:0046872']
    Key: Parent, Value: ['gene-M8847_RS03770']
    Key: gbkey, Value: ['CDS']
    Key: gene, Value: ['cas1']
    Key: go_function, Value: ['DNA endonuclease activity|0004520||IEA', 'metal ion binding|0046872||IEA']
    Key: go_process, Value: ['maintenance of CRISPR repeat elements|0043571||IEA']
    Key: inference, Value: ['COORDINATES: similar to AA sequence:RefSeq:WP_007525841.1']
    Key: locus_tag, Value: ['M8847_RS03770']
    Key: phase, Value: ['0']
    Key: product, Value: ['CRISPR-associated endonuclease Cas1']
    Key: protein_id, Value: ['WP_250191777.1']
    Key: source, Value: ['Protein Homology']
    Key: transl_table, Value: ['11']

GF(CRISPR-associated endonuclease Cas1, 16177-17248 (1))
type: CDS
location: [838730:839030](+)
id: cds-WP_046333292.1
qualifiers:
    Key: Dbxref, Value: ['GenBank:WP_046333292.1']
    Key: ID, Value: ['cds-WP_046333292.1']
    Key: Name, Value: ['WP_046333292.1']
    Key: Ontology_term, Value: ['GO:0043571', 'GO:0004521']
    Key: Parent, Value: ['gene-M8847_RS03775']
    Key: gbkey, Value: ['CDS']
    Key: gene, Value: ['cas2']
    Key: go_function, Value: ['RNA endonuclease activity|0004521||IEA']
    Key: go_process, Value: ['maintenance of CRISPR repeat elements|0043571||IEA']
    Key: inference, Value: ['COORDINATES: similar to AA sequence:RefSeq:WP_007525897.1']
    Key: locus_tag, Value: ['M8847_RS03775']
    Key: phase, Value: ['0']
    Key: product, Value: ['CRISPR-associated endonuclease Cas2']
    Key: protein_id, Value: ['WP_046333292.1']
    Key: source, Value: ['Protein Homology']
    Key: transl_table, Value: ['11']

GF(CRISPR-associated endonuclease Cas2, 17256-17556 (1))
type: CDS
location: [839151:839874](+)
id: cds-WP_005751567.1
qualifiers:
    Key: Dbxref, Value: ['GenBank:WP_005751567.1']
    Key: ID, Value: ['cds-WP_005751567.1']
    Key: Name, Value: ['WP_005751567.1']
    Key: Ontology_term, Value: ['GO:0000023', 'GO:0003677']
    Key: Parent, Value: ['gene-M8847_RS03780']
    Key: gbkey, Value: ['CDS']
    Key: gene, Value: ['sfsA']
    Key: go_function, Value: ['DNA binding|0003677||IEA']
    Key: go_process, Value: ['maltose metabolic process|0000023||IEA']
    Key: inference, Value: ['COORDINATES: similar to AA sequence:RefSeq:WP_014326082.1']
    Key: locus_tag, Value: ['M8847_RS03780']
    Key: phase, Value: ['0']
    Key: product, Value: ['DNA/RNA nuclease SfsA']
    Key: protein_id, Value: ['WP_005751567.1']
    Key: source, Value: ['Protein Homology']
    Key: transl_table, Value: ['11']

GF(DNA/RNA nuclease SfsA, 17677-18400 (1))
type: CDS
location: [840473:841661](+)
id: cds-WP_005726740.1
qualifiers:
    Key: Dbxref, Value: ['GenBank:WP_005726740.1']
    Key: ID, Value: ['cds-WP_005726740.1']
    Key: Name, Value: ['WP_005726740.1']
    Key: Ontology_term, Value: ['GO:0006437', 'GO:0004831', 'GO:0005737']
    Key: Parent, Value: ['gene-M8847_RS03785']
    Key: gbkey, Value: ['CDS']
    Key: gene, Value: ['tyrS']
    Key: go_component, Value: ['cytoplasm|0005737||IEA']
    Key: go_function, Value: ['tyrosine-tRNA ligase activity|0004831||IEA']
    Key: go_process, Value: ['tyrosyl-tRNA aminoacylation|0006437||IEA']
    Key: inference, Value: ['COORDINATES: similar to AA sequence:RefSeq:WP_009501027.1']
    Key: locus_tag, Value: ['M8847_RS03785']
    Key: phase, Value: ['0']
    Key: product, Value: ['tyrosine--tRNA ligase']
    Key: protein_id, Value: ['WP_005726740.1']
    Key: source, Value: ['Protein Homology']
    Key: transl_table, Value: ['11']

GF(tyrosine--tRNA ligase, 18999-20187 (1))
type: repeat_region
location: [836134:837245](+)
id: NZ_CP097607.1_3
qualifiers:
    Key: Dbxref, Value: ['SO:0001459']
    Key: ID, Value: ['NZ_CP097607.1_3']
    Key: Note, Value: ['GTCTAAAGACACCGCCCTGTTCTAAAGGGATTGAGAC']
    Key: Ontology_term, Value: ['CRISPR']
    Key: score, Value: ['1111']
    Key: source, Value: ['CCTyper']

GF(Repeat region, 14660-15771 (0))
graphic feature from known effectors: GF(can1-2, 11533-12708 (1))
[GF(DNA glycosylase, 42-657 (-1)), GF(Re/Si-specific NAD(P)(+) transhydrogenase subunit beta, 766-2191 (-1)), GF(Re/Si-specific NAD(P)(+) transhydrogenase subunit alpha, 2201-3731 (-1)), GF(type III-A CRISPR-associated protein Cas10/Csm1, 3999-6615 (1)), GF(type III-A CRISPR-associated protein Csm2, 6626-7031 (1)), GF(type III-A CRISPR-associated RAMP protein Csm3, 7041-7740 (1)), GF(CRISPR-associated protein Csm4, 7749-8685 (1)), GF(type III-A CRISPR-associated RAMP protein Csm5, 8689-10231 (1)), GF(CRISPR system precrRNA processing endoribonuclease RAMP protein Cas6, 10234-11152 (1)), GF(CRISPR-associated protein Csx16, 11231-11522 (1)), GF(DUF1887 family CARF protein, 11532-12708 (1)), GF(CRISPR-associated ring nuclease Csm6, 12707-13832 (1)), GF(None, 13961-14414 (1)), GF(CRISPR-associated endonuclease Cas2, 15880-16162 (1)), GF(CRISPR-associated endonuclease Cas1, 16177-17248 (1)), GF(CRISPR-associated endonuclease Cas2, 17256-17556 (1)), GF(DNA/RNA nuclease SfsA, 17677-18400 (1)), GF(tyrosine--tRNA ligase, 18999-20187 (1)), GF(Repeat region, 14660-15771 (0)), GF(can1-2, 11533-12708 (1)), GF(CRISPR-Cas locus, 4000-17556 (0))]
