Cas operons file:    Unnamed: 0         Contig  ...           locus_id           sample
0           5  NZ_CP011456.1  ...  GCF_001277295.1_5  GCF_001277295.1

[1 rows x 19 columns]
The chosen contig: NZ_CP011456.1
type: CDS
location: [871117:871933](-)
id: cds-WP_053537986.1
qualifiers:
    Key: Dbxref, Value: ['GenBank:WP_053537986.1']
    Key: ID, Value: ['cds-WP_053537986.1']
    Key: Name, Value: ['WP_053537986.1']
    Key: Ontology_term, Value: ['GO:0006561', 'GO:0004735']
    Key: Parent, Value: ['gene-AA650_RS03545']
    Key: gbkey, Value: ['CDS']
    Key: gene, Value: ['proC']
    Key: go_function, Value: ['pyrroline-5-carboxylate reductase activity|0004735||IEA']
    Key: go_process, Value: ['proline biosynthetic process|0006561||IEA']
    Key: inference, Value: ['COORDINATES: similar to AA sequence:RefSeq:WP_013192739.1']
    Key: locus_tag, Value: ['AA650_RS03545']
    Key: phase, Value: ['0']
    Key: product, Value: ['pyrroline-5-carboxylate reductase']
    Key: protein_id, Value: ['WP_053537986.1']
    Key: source, Value: ['Protein Homology']
    Key: transl_table, Value: ['11']

GF(pyrroline-5-carboxylate reductase, 729-1545 (-1))
type: CDS
location: [871985:872588](-)
id: cds-WP_053537987.1
qualifiers:
    Key: Dbxref, Value: ['GenBank:WP_053537987.1']
    Key: ID, Value: ['cds-WP_053537987.1']
    Key: Name, Value: ['WP_053537987.1']
    Key: Parent, Value: ['gene-AA650_RS03550']
    Key: gbkey, Value: ['CDS']
    Key: inference, Value: ['COORDINATES: similar to AA sequence:RefSeq:WP_011319648.1']
    Key: locus_tag, Value: ['AA650_RS03550']
    Key: phase, Value: ['0']
    Key: product, Value: ['cell division protein SepF']
    Key: protein_id, Value: ['WP_053537987.1']
    Key: source, Value: ['Protein Homology']
    Key: transl_table, Value: ['11']

GF(cell division protein SepF, 1597-2200 (-1))
type: CDS
location: [872954:873644](-)
id: cds-WP_053537988.1
qualifiers:
    Key: Dbxref, Value: ['GenBank:WP_053537988.1']
    Key: ID, Value: ['cds-WP_053537988.1']
    Key: Name, Value: ['WP_053537988.1']
    Key: Ontology_term, Value: ['GO:0030170']
    Key: Parent, Value: ['gene-AA650_RS03555']
    Key: gbkey, Value: ['CDS']
    Key: go_function, Value: ['pyridoxal phosphate binding|0030170||IEA']
    Key: inference, Value: ['COORDINATES: similar to AA sequence:RefSeq:WP_015078591.1']
    Key: locus_tag, Value: ['AA650_RS03555']
    Key: phase, Value: ['0']
    Key: product, Value: ['YggS family pyridoxal phosphate-dependent enzyme']
    Key: protein_id, Value: ['WP_053537988.1']
    Key: source, Value: ['Protein Homology']
    Key: transl_table, Value: ['11']

GF(YggS family pyridoxal phosphate-dependent enzyme, 2566-3256 (-1))
type: CDS
location: [873640:873919](-)
id: cds-WP_027402694.1
qualifiers:
    Key: Dbxref, Value: ['GenBank:WP_027402694.1']
    Key: ID, Value: ['cds-WP_027402694.1']
    Key: Name, Value: ['WP_027402694.1']
    Key: Parent, Value: ['gene-AA650_RS03560']
    Key: gbkey, Value: ['CDS']
    Key: inference, Value: ['COORDINATES: similar to AA sequence:RefSeq:WP_016865403.1']
    Key: locus_tag, Value: ['AA650_RS03560']
    Key: phase, Value: ['0']
    Key: product, Value: ['PipX family protein']
    Key: protein_id, Value: ['WP_027402694.1']
    Key: source, Value: ['Protein Homology']
    Key: transl_table, Value: ['11']

GF(PipX family protein, 3252-3531 (-1))
type: CDS
location: [874387:877285](+)
id: cds-WP_053537989.1
qualifiers:
    Key: Dbxref, Value: ['GenBank:WP_053537989.1']
    Key: ID, Value: ['cds-WP_053537989.1']
    Key: Name, Value: ['WP_053537989.1']
    Key: Ontology_term, Value: ['GO:0043571', 'GO:0003674']
    Key: Parent, Value: ['gene-AA650_RS03565']
    Key: gbkey, Value: ['CDS']
    Key: gene, Value: ['cas10']
    Key: go_function, Value: ['molecular_function|0003674||IEA']
    Key: go_process, Value: ['maintenance of CRISPR repeat elements|0043571||IEA']
    Key: inference, Value: ['COORDINATES: similar to AA sequence:RefSeq:WP_015217680.1']
    Key: locus_tag, Value: ['AA650_RS03565']
    Key: phase, Value: ['0']
    Key: product, Value: ['type III-B CRISPR-associated protein Cas10/Cmr2']
    Key: protein_id, Value: ['WP_053537989.1']
    Key: source, Value: ['Protein Homology']
    Key: transl_table, Value: ['11']

GF(type III-B CRISPR-associated protein Cas10/Cmr2, 3999-6897 (1))
type: CDS
location: [877379:877544](+)
id: cds-WP_199924370.1
qualifiers:
    Key: Dbxref, Value: ['GenBank:WP_199924370.1']
    Key: ID, Value: ['cds-WP_199924370.1']
    Key: Name, Value: ['WP_199924370.1']
    Key: Parent, Value: ['gene-AA650_RS27540']
    Key: gbkey, Value: ['CDS']
    Key: inference, Value: ['COORDINATES: ab initio prediction:GeneMarkS-2+']
    Key: locus_tag, Value: ['AA650_RS27540']
    Key: phase, Value: ['0']
    Key: product, Value: ['hypothetical protein']
    Key: protein_id, Value: ['WP_199924370.1']
    Key: source, Value: ['GeneMarkS-2+']
    Key: transl_table, Value: ['11']

GF(None, 6991-7156 (1))
type: CDS
location: [877543:878674](+)
id: cds-WP_081424131.1
qualifiers:
    Key: Dbxref, Value: ['GenBank:WP_081424131.1']
    Key: ID, Value: ['cds-WP_081424131.1']
    Key: Name, Value: ['WP_081424131.1']
    Key: Parent, Value: ['gene-AA650_RS03570']
    Key: gbkey, Value: ['CDS']
    Key: inference, Value: ['COORDINATES: similar to AA sequence:RefSeq:WP_006278123.1']
    Key: locus_tag, Value: ['AA650_RS03570']
    Key: phase, Value: ['0']
    Key: product, Value: ['type III-B CRISPR module-associated Cmr3 family protein']
    Key: protein_id, Value: ['WP_081424131.1']
    Key: source, Value: ['Protein Homology']
    Key: transl_table, Value: ['11']

GF(type III-B CRISPR module-associated Cmr3 family protein, 7155-8286 (1))
type: CDS
location: [878686:879127](+)
id: cds-WP_053537990.1
qualifiers:
    Key: Dbxref, Value: ['GenBank:WP_053537990.1']
    Key: ID, Value: ['cds-WP_053537990.1']
    Key: Name, Value: ['WP_053537990.1']
    Key: Parent, Value: ['gene-AA650_RS03575']
    Key: gbkey, Value: ['CDS']
    Key: inference, Value: ['COORDINATES: similar to AA sequence:RefSeq:WP_012308587.1']
    Key: locus_tag, Value: ['AA650_RS03575']
    Key: phase, Value: ['0']
    Key: product, Value: ['hypothetical protein']
    Key: protein_id, Value: ['WP_053537990.1']
    Key: source, Value: ['Protein Homology']
    Key: transl_table, Value: ['11']

GF(None, 8298-8739 (1))
type: CDS
location: [879146:880997](+)
id: cds-WP_053537991.1
qualifiers:
    Key: Dbxref, Value: ['GenBank:WP_053537991.1']
    Key: ID, Value: ['cds-WP_053537991.1']
    Key: Name, Value: ['WP_053537991.1']
    Key: Parent, Value: ['gene-AA650_RS03580']
    Key: gbkey, Value: ['CDS']
    Key: inference, Value: ['COORDINATES: protein motif:HMM:NF015728.4']
    Key: locus_tag, Value: ['AA650_RS03580']
    Key: phase, Value: ['0']
    Key: product, Value: ['RAMP superfamily CRISPR-associated protein']
    Key: protein_id, Value: ['WP_053537991.1']
    Key: source, Value: ['Protein Homology']
    Key: transl_table, Value: ['11']

GF(RAMP superfamily CRISPR-associated protein, 8758-10609 (1))
type: CDS
location: [880981:882691](+)
id: cds-WP_053537992.1
qualifiers:
    Key: Dbxref, Value: ['GenBank:WP_053537992.1']
    Key: ID, Value: ['cds-WP_053537992.1']
    Key: Name, Value: ['WP_053537992.1']
    Key: Parent, Value: ['gene-AA650_RS03585']
    Key: gbkey, Value: ['CDS']
    Key: inference, Value: ['COORDINATES: ab initio prediction:GeneMarkS-2+']
    Key: locus_tag, Value: ['AA650_RS03585']
    Key: phase, Value: ['0']
    Key: product, Value: ['hypothetical protein']
    Key: protein_id, Value: ['WP_053537992.1']
    Key: source, Value: ['GeneMarkS-2+']
    Key: transl_table, Value: ['11']

GF(None, 10593-12303 (1))
type: CDS
location: [882939:885015](+)
id: cds-WP_053537993.1
qualifiers:
    Key: Dbxref, Value: ['GenBank:WP_053537993.1']
    Key: ID, Value: ['cds-WP_053537993.1']
    Key: Name, Value: ['WP_053537993.1']
    Key: Parent, Value: ['gene-AA650_RS03590']
    Key: gbkey, Value: ['CDS']
    Key: inference, Value: ['COORDINATES: similar to AA sequence:RefSeq:WP_015209506.1']
    Key: locus_tag, Value: ['AA650_RS03590']
    Key: phase, Value: ['0']
    Key: product, Value: ['WYL domain-containing protein']
    Key: protein_id, Value: ['WP_053537993.1']
    Key: source, Value: ['Protein Homology']
    Key: transl_table, Value: ['11']

GF(WYL domain-containing protein, 12551-14627 (1))
type: CDS
location: [885133:885706](+)
id: cds-WP_053537994.1
qualifiers:
    Key: Dbxref, Value: ['GenBank:WP_053537994.1']
    Key: ID, Value: ['cds-WP_053537994.1']
    Key: Name, Value: ['WP_053537994.1']
    Key: Ontology_term, Value: ['GO:0006313', 'GO:0003677', 'GO:0004803']
    Key: Parent, Value: ['gene-AA650_RS03595']
    Key: gbkey, Value: ['CDS']
    Key: go_function, Value: ['DNA binding|0003677||IEA', 'transposase activity|0004803||IEA']
    Key: go_process, Value: ['DNA transposition|0006313||IEA']
    Key: inference, Value: ['COORDINATES: similar to AA sequence:RefSeq:WP_016952010.1']
    Key: locus_tag, Value: ['AA650_RS03595']
    Key: phase, Value: ['0']
    Key: product, Value: ['transposase']
    Key: protein_id, Value: ['WP_053537994.1']
    Key: source, Value: ['Protein Homology']
    Key: transl_table, Value: ['11']

GF(transposase, 14745-15318 (1))
type: CDS
location: [885784:885916](-)
id: cds-WP_257720892.1
qualifiers:
    Key: Dbxref, Value: ['GenBank:WP_257720892.1']
    Key: ID, Value: ['cds-WP_257720892.1']
    Key: Name, Value: ['WP_257720892.1']
    Key: Parent, Value: ['gene-AA650_RS29045']
    Key: gbkey, Value: ['CDS']
    Key: inference, Value: ['COORDINATES: ab initio prediction:GeneMarkS-2+']
    Key: locus_tag, Value: ['AA650_RS29045']
    Key: phase, Value: ['0']
    Key: product, Value: ['hypothetical protein']
    Key: protein_id, Value: ['WP_257720892.1']
    Key: source, Value: ['GeneMarkS-2+']
    Key: transl_table, Value: ['11']

GF(None, 15396-15528 (-1))
type: CDS
location: [887264:887519](+)
id: cds-WP_039203187.1
qualifiers:
    Key: Dbxref, Value: ['GenBank:WP_039203187.1']
    Key: ID, Value: ['cds-WP_039203187.1']
    Key: Name, Value: ['WP_039203187.1']
    Key: Parent, Value: ['gene-AA650_RS03600']
    Key: gbkey, Value: ['CDS']
    Key: gene, Value: ['csx18']
    Key: inference, Value: ['COORDINATES: similar to AA sequence:RefSeq:WP_017655699.1']
    Key: locus_tag, Value: ['AA650_RS03600']
    Key: phase, Value: ['0']
    Key: product, Value: ['CRISPR-associated protein Csx18']
    Key: protein_id, Value: ['WP_039203187.1']
    Key: source, Value: ['Protein Homology']
    Key: transl_table, Value: ['11']

GF(CRISPR-associated protein Csx18, 16876-17131 (1))
type: CDS
location: [887558:888551](+)
id: cds-WP_053537995.1
qualifiers:
    Key: Dbxref, Value: ['GenBank:WP_053537995.1']
    Key: ID, Value: ['cds-WP_053537995.1']
    Key: Name, Value: ['WP_053537995.1']
    Key: Ontology_term, Value: ['GO:0043571', 'GO:0004520', 'GO:0046872']
    Key: Parent, Value: ['gene-AA650_RS03605']
    Key: gbkey, Value: ['CDS']
    Key: gene, Value: ['cas1']
    Key: go_function, Value: ['DNA endonuclease activity|0004520||IEA', 'metal ion binding|0046872||IEA']
    Key: go_process, Value: ['maintenance of CRISPR repeat elements|0043571||IEA']
    Key: inference, Value: ['COORDINATES: similar to AA sequence:RefSeq:WP_016874573.1']
    Key: locus_tag, Value: ['AA650_RS03605']
    Key: phase, Value: ['0']
    Key: product, Value: ['CRISPR-associated endonuclease Cas1']
    Key: protein_id, Value: ['WP_053537995.1']
    Key: source, Value: ['Protein Homology']
    Key: transl_table, Value: ['11']

GF(CRISPR-associated endonuclease Cas1, 17170-18163 (1))
type: CDS
location: [888550:888829](+)
id: cds-WP_039203185.1
qualifiers:
    Key: Dbxref, Value: ['GenBank:WP_039203185.1']
    Key: ID, Value: ['cds-WP_039203185.1']
    Key: Name, Value: ['WP_039203185.1']
    Key: Ontology_term, Value: ['GO:0043571', 'GO:0004521']
    Key: Parent, Value: ['gene-AA650_RS03610']
    Key: gbkey, Value: ['CDS']
    Key: gene, Value: ['cas2']
    Key: go_function, Value: ['RNA endonuclease activity|0004521||IEA']
    Key: go_process, Value: ['maintenance of CRISPR repeat elements|0043571||IEA']
    Key: inference, Value: ['COORDINATES: similar to AA sequence:RefSeq:WP_016874572.1']
    Key: locus_tag, Value: ['AA650_RS03610']
    Key: phase, Value: ['0']
    Key: product, Value: ['CRISPR-associated endonuclease Cas2']
    Key: protein_id, Value: ['WP_039203185.1']
    Key: source, Value: ['Protein Homology']
    Key: transl_table, Value: ['11']

GF(CRISPR-associated endonuclease Cas2, 18162-18441 (1))
type: CDS
location: [889293:891153](-)
id: cds-WP_199924371.1
qualifiers:
    Key: Dbxref, Value: ['GenBank:WP_199924371.1']
    Key: ID, Value: ['cds-WP_199924371.1']
    Key: Name, Value: ['WP_199924371.1']
    Key: Parent, Value: ['gene-AA650_RS03615']
    Key: gbkey, Value: ['CDS']
    Key: inference, Value: ['COORDINATES: similar to AA sequence:RefSeq:WP_015078588.1']
    Key: locus_tag, Value: ['AA650_RS03615']
    Key: phase, Value: ['0']
    Key: product, Value: ['hypothetical protein']
    Key: protein_id, Value: ['WP_199924371.1']
    Key: source, Value: ['Protein Homology']
    Key: transl_table, Value: ['11']

GF(None, 18905-20765 (-1))
type: CDS
location: [891293:891599](-)
id: cds-WP_027402681.1
qualifiers:
    Key: Dbxref, Value: ['GenBank:WP_027402681.1']
    Key: ID, Value: ['cds-WP_027402681.1']
    Key: Name, Value: ['WP_027402681.1']
    Key: Parent, Value: ['gene-AA650_RS03620']
    Key: gbkey, Value: ['CDS']
    Key: inference, Value: ['COORDINATES: similar to AA sequence:RefSeq:WP_016870036.1']
    Key: locus_tag, Value: ['AA650_RS03620']
    Key: phase, Value: ['0']
    Key: product, Value: ['acyl carrier protein']
    Key: protein_id, Value: ['WP_027402681.1']
    Key: source, Value: ['Protein Homology']
    Key: transl_table, Value: ['11']

GF(acyl carrier protein, 20905-21211 (-1))
type: repeat_region
location: [886057:886971](+)
id: NZ_CP011456.1_1
qualifiers:
    Key: Dbxref, Value: ['SO:0001459']
    Key: ID, Value: ['NZ_CP011456.1_1']
    Key: Note, Value: ['GTTTCCATTAATTCCACTTCCTATAAAAGAAGCGAT']
    Key: Ontology_term, Value: ['CRISPR']
    Key: score, Value: ['914']
    Key: source, Value: ['CCTyper']

GF(Repeat region, 15669-16583 (0))
graphic feature from cctyper protein table: GF(Cas10, 4000-6897 (1))
graphic feature from cctyper protein table: GF(Cmr3gr5, 7156-8286 (1))
graphic feature from cctyper protein table: GF(Cmr5gr11, 8299-8739 (1))
graphic feature from cctyper protein table: GF(Cmr6gr7, 8759-10609 (1))
graphic feature from cctyper protein table: GF(WYL, 12552-14627 (1))
graphic feature from cctyper protein table: GF(Csx18, 16877-17131 (1))
graphic feature from cctyper protein table: GF(Cas1, 17171-18163 (1))
graphic feature from cctyper protein table: GF(Cas2, 18163-18441 (1))
Index(['protein_id', 'start', 'end', 'effector', 'locus', 'sample', 'strand',
       'sequence', 'type'],
      dtype='object')
graphic feature from known effectors: GF(csx1, 10594-12303 (1))
Index(['protein_id', 'start', 'end', 'effector', 'locus', 'sample', 'strand',
       'sequence'],
      dtype='object')
[GF(pyrroline-5-carboxylate reductase, 729-1545 (-1)), GF(cell division protein SepF, 1597-2200 (-1)), GF(YggS family pyridoxal phosphate-dependent enzyme, 2566-3256 (-1)), GF(PipX family protein, 3252-3531 (-1)), GF(type III-B CRISPR-associated protein Cas10/Cmr2, 3999-6897 (1)), GF(None, 6991-7156 (1)), GF(type III-B CRISPR module-associated Cmr3 family protein, 7155-8286 (1)), GF(None, 8298-8739 (1)), GF(RAMP superfamily CRISPR-associated protein, 8758-10609 (1)), GF(None, 10593-12303 (1)), GF(WYL domain-containing protein, 12551-14627 (1)), GF(transposase, 14745-15318 (1)), GF(None, 15396-15528 (-1)), GF(CRISPR-associated protein Csx18, 16876-17131 (1)), GF(CRISPR-associated endonuclease Cas1, 17170-18163 (1)), GF(CRISPR-associated endonuclease Cas2, 18162-18441 (1)), GF(None, 18905-20765 (-1)), GF(acyl carrier protein, 20905-21211 (-1)), GF(Repeat region, 15669-16583 (0)), GF(Cas10, 4000-6897 (1)), GF(Cmr3gr5, 7156-8286 (1)), GF(Cmr5gr11, 8299-8739 (1)), GF(Cmr6gr7, 8759-10609 (1)), GF(WYL, 12552-14627 (1)), GF(Csx18, 16877-17131 (1)), GF(Cas1, 17171-18163 (1)), GF(Cas2, 18163-18441 (1)), GF(csx1, 10594-12303 (1)), GF(CRISPR-Cas locus, 4000-18441 (0))]
