Cas operons file:    Unnamed: 0       Contig  ...           locus_id           sample
0           0  NC_008701.1  ...  GCF_000015205.1_0  GCF_000015205.1

[1 rows x 19 columns]
The chosen contig: NC_008701.1
type: CDS
location: [1401259:1401490](-)
id: cds-WP_011763267.1
qualifiers:
    Key: Dbxref, Value: ['GenBank:WP_011763267.1', 'GeneID:4617634']
    Key: ID, Value: ['cds-WP_011763267.1']
    Key: Name, Value: ['WP_011763267.1']
    Key: Parent, Value: ['gene-PISL_RS07890']
    Key: gbkey, Value: ['CDS']
    Key: inference, Value: ['COORDINATES: similar to AA sequence:RefSeq:WP_013603424.1']
    Key: locus_tag, Value: ['PISL_RS07890']
    Key: phase, Value: ['0']
    Key: product, Value: ['hypothetical protein']
    Key: protein_id, Value: ['WP_011763267.1']
    Key: source, Value: ['Protein Homology']
    Key: transl_table, Value: ['11']

GF(None, 154-385 (-1))
type: CDS
location: [1402071:1402371](+)
id: cds-WP_011763268.1
qualifiers:
    Key: Dbxref, Value: ['GenBank:WP_011763268.1', 'GeneID:4617947']
    Key: ID, Value: ['cds-WP_011763268.1']
    Key: Name, Value: ['WP_011763268.1']
    Key: Parent, Value: ['gene-PISL_RS07895']
    Key: gbkey, Value: ['CDS']
    Key: inference, Value: ['COORDINATES: similar to AA sequence:RefSeq:WP_012349920.1']
    Key: locus_tag, Value: ['PISL_RS07895']
    Key: phase, Value: ['0']
    Key: product, Value: ['hypothetical protein']
    Key: protein_id, Value: ['WP_011763268.1']
    Key: source, Value: ['Protein Homology']
    Key: transl_table, Value: ['11']

GF(None, 966-1266 (1))
type: CDS
location: [1402421:1402805](+)
id: cds-WP_245218364.1
qualifiers:
    Key: Dbxref, Value: ['GenBank:WP_245218364.1', 'GeneID:4618283']
    Key: ID, Value: ['cds-WP_245218364.1']
    Key: Name, Value: ['WP_245218364.1']
    Key: Parent, Value: ['gene-PISL_RS07900']
    Key: gbkey, Value: ['CDS']
    Key: inference, Value: ['COORDINATES: similar to AA sequence:RefSeq:WP_014287805.1']
    Key: locus_tag, Value: ['PISL_RS07900']
    Key: phase, Value: ['0']
    Key: product, Value: ['hypothetical protein']
    Key: protein_id, Value: ['WP_245218364.1']
    Key: source, Value: ['Protein Homology']
    Key: transl_table, Value: ['11']

GF(None, 1316-1700 (1))
type: CDS
location: [1403391:1403757](-)
id: cds-WP_053240448.1
qualifiers:
    Key: Dbxref, Value: ['GenBank:WP_053240448.1', 'GeneID:4616399']
    Key: ID, Value: ['cds-WP_053240448.1']
    Key: Name, Value: ['WP_053240448.1']
    Key: Parent, Value: ['gene-PISL_RS07905']
    Key: gbkey, Value: ['CDS']
    Key: inference, Value: ['COORDINATES: similar to AA sequence:RefSeq:WP_011761762.1']
    Key: locus_tag, Value: ['PISL_RS07905']
    Key: phase, Value: ['0']
    Key: product, Value: ['hypothetical protein']
    Key: protein_id, Value: ['WP_053240448.1']
    Key: source, Value: ['Protein Homology']
    Key: transl_table, Value: ['11']

GF(None, 2286-2652 (-1))
type: CDS
location: [1404375:1404696](+)
id: cds-WP_053240449.1
qualifiers:
    Key: Dbxref, Value: ['GenBank:WP_053240449.1', 'GeneID:25478890']
    Key: ID, Value: ['cds-WP_053240449.1']
    Key: Name, Value: ['WP_053240449.1']
    Key: Parent, Value: ['gene-PISL_RS07910']
    Key: gbkey, Value: ['CDS']
    Key: inference, Value: ['COORDINATES: ab initio prediction:GeneMarkS-2+']
    Key: locus_tag, Value: ['PISL_RS07910']
    Key: phase, Value: ['0']
    Key: product, Value: ['hypothetical protein']
    Key: protein_id, Value: ['WP_053240449.1']
    Key: source, Value: ['GeneMarkS-2+']
    Key: transl_table, Value: ['11']

GF(None, 3270-3591 (1))
type: CDS
location: [1404692:1405193](+)
id: cds-WP_167827670.1
qualifiers:
    Key: Dbxref, Value: ['GenBank:WP_167827670.1', 'GeneID:52278284']
    Key: ID, Value: ['cds-WP_167827670.1']
    Key: Name, Value: ['WP_167827670.1']
    Key: Parent, Value: ['gene-PISL_RS11010']
    Key: gbkey, Value: ['CDS']
    Key: inference, Value: ['COORDINATES: ab initio prediction:GeneMarkS-2+']
    Key: locus_tag, Value: ['PISL_RS11010']
    Key: phase, Value: ['0']
    Key: product, Value: ['hypothetical protein']
    Key: protein_id, Value: ['WP_167827670.1']
    Key: source, Value: ['GeneMarkS-2+']
    Key: transl_table, Value: ['11']

GF(None, 3587-4088 (1))
type: CDS
location: [1405104:1408203](-)
id: cds-WP_011763271.1
qualifiers:
    Key: Dbxref, Value: ['GenBank:WP_011763271.1', 'GeneID:4618015']
    Key: ID, Value: ['cds-WP_011763271.1']
    Key: Name, Value: ['WP_011763271.1']
    Key: Parent, Value: ['gene-PISL_RS07915']
    Key: gbkey, Value: ['CDS']
    Key: inference, Value: ['COORDINATES: ab initio prediction:GeneMarkS-2+']
    Key: locus_tag, Value: ['PISL_RS07915']
    Key: phase, Value: ['0']
    Key: product, Value: ['HD superfamily hydrolase']
    Key: protein_id, Value: ['WP_011763271.1']
    Key: source, Value: ['GeneMarkS-2+']
    Key: transl_table, Value: ['11']

GF(HD superfamily hydrolase, 3999-7098 (-1))
type: CDS
location: [1408190:1409204](-)
id: cds-WP_209319994.1
qualifiers:
    Key: Dbxref, Value: ['GenBank:WP_209319994.1', 'GeneID:4617998']
    Key: ID, Value: ['cds-WP_209319994.1']
    Key: Name, Value: ['WP_209319994.1']
    Key: Ontology_term, Value: ['GO:0043571', 'GO:0003674']
    Key: Parent, Value: ['gene-PISL_RS07920']
    Key: gbkey, Value: ['CDS']
    Key: gene, Value: ['csm5']
    Key: go_function, Value: ['molecular_function|0003674||IEA']
    Key: go_process, Value: ['maintenance of CRISPR repeat elements|0043571||IEA']
    Key: inference, Value: ['COORDINATES: protein motif:HMM:TIGR01899.1']
    Key: locus_tag, Value: ['PISL_RS07920']
    Key: phase, Value: ['0']
    Key: product, Value: ['type III-A CRISPR-associated RAMP protein Csm5']
    Key: protein_id, Value: ['WP_209319994.1']
    Key: source, Value: ['Protein Homology']
    Key: transl_table, Value: ['11']

GF(type III-A CRISPR-associated RAMP protein Csm5, 7085-8099 (-1))
type: CDS
location: [1409208:1410162](-)
id: cds-WP_011763273.1
qualifiers:
    Key: Dbxref, Value: ['GenBank:WP_011763273.1', 'GeneID:4616451']
    Key: ID, Value: ['cds-WP_011763273.1']
    Key: Name, Value: ['WP_011763273.1']
    Key: Parent, Value: ['gene-PISL_RS07925']
    Key: gbkey, Value: ['CDS']
    Key: inference, Value: ['COORDINATES: ab initio prediction:GeneMarkS-2+']
    Key: locus_tag, Value: ['PISL_RS07925']
    Key: phase, Value: ['0']
    Key: product, Value: ['hypothetical protein']
    Key: protein_id, Value: ['WP_011763273.1']
    Key: source, Value: ['GeneMarkS-2+']
    Key: transl_table, Value: ['11']

GF(None, 8103-9057 (-1))
type: CDS
location: [1410158:1411148](-)
id: cds-WP_011763274.1
qualifiers:
    Key: Dbxref, Value: ['GenBank:WP_011763274.1', 'GeneID:4618140']
    Key: ID, Value: ['cds-WP_011763274.1']
    Key: Name, Value: ['WP_011763274.1']
    Key: Ontology_term, Value: ['GO:0043571', 'GO:0003674']
    Key: Parent, Value: ['gene-PISL_RS07930']
    Key: gbkey, Value: ['CDS']
    Key: gene, Value: ['csm3']
    Key: go_function, Value: ['molecular_function|0003674||IEA']
    Key: go_process, Value: ['maintenance of CRISPR repeat elements|0043571||IEA']
    Key: inference, Value: ['COORDINATES: protein motif:HMM:TIGR02582.1']
    Key: locus_tag, Value: ['PISL_RS07930']
    Key: phase, Value: ['0']
    Key: product, Value: ['type III-A CRISPR-associated RAMP protein Csm3']
    Key: protein_id, Value: ['WP_011763274.1']
    Key: source, Value: ['Protein Homology']
    Key: transl_table, Value: ['11']

GF(type III-A CRISPR-associated RAMP protein Csm3, 9053-10043 (-1))
type: CDS
location: [1411137:1411620](-)
id: cds-WP_053240450.1
qualifiers:
    Key: Dbxref, Value: ['GenBank:WP_053240450.1', 'GeneID:4616662']
    Key: ID, Value: ['cds-WP_053240450.1']
    Key: Name, Value: ['WP_053240450.1']
    Key: Parent, Value: ['gene-PISL_RS07935']
    Key: gbkey, Value: ['CDS']
    Key: inference, Value: ['COORDINATES: ab initio prediction:GeneMarkS-2+']
    Key: locus_tag, Value: ['PISL_RS07935']
    Key: phase, Value: ['0']
    Key: product, Value: ['hypothetical protein']
    Key: protein_id, Value: ['WP_053240450.1']
    Key: source, Value: ['GeneMarkS-2+']
    Key: transl_table, Value: ['11']

GF(None, 10032-10515 (-1))
type: CDS
location: [1411651:1411963](+)
id: cds-WP_053240451.1
qualifiers:
    Key: Dbxref, Value: ['GenBank:WP_053240451.1', 'GeneID:25478891']
    Key: ID, Value: ['cds-WP_053240451.1']
    Key: Name, Value: ['WP_053240451.1']
    Key: Parent, Value: ['gene-PISL_RS07940']
    Key: gbkey, Value: ['CDS']
    Key: inference, Value: ['COORDINATES: ab initio prediction:GeneMarkS-2+']
    Key: locus_tag, Value: ['PISL_RS07940']
    Key: phase, Value: ['0']
    Key: product, Value: ['hypothetical protein']
    Key: protein_id, Value: ['WP_053240451.1']
    Key: source, Value: ['GeneMarkS-2+']
    Key: transl_table, Value: ['11']

GF(None, 10546-10858 (1))
type: CDS
location: [1411959:1412400](+)
id: cds-WP_053240452.1
qualifiers:
    Key: Dbxref, Value: ['GenBank:WP_053240452.1', 'GeneID:4618228']
    Key: ID, Value: ['cds-WP_053240452.1']
    Key: Name, Value: ['WP_053240452.1']
    Key: Parent, Value: ['gene-PISL_RS07945']
    Key: gbkey, Value: ['CDS']
    Key: inference, Value: ['COORDINATES: ab initio prediction:GeneMarkS-2+']
    Key: locus_tag, Value: ['PISL_RS07945']
    Key: phase, Value: ['0']
    Key: product, Value: ['hypothetical protein']
    Key: protein_id, Value: ['WP_053240452.1']
    Key: source, Value: ['GeneMarkS-2+']
    Key: transl_table, Value: ['11']

GF(None, 10854-11295 (1))
type: CDS
location: [1412607:1412826](-)
id: cds-WP_167827671.1
qualifiers:
    Key: Dbxref, Value: ['GenBank:WP_167827671.1', 'GeneID:52278285']
    Key: ID, Value: ['cds-WP_167827671.1']
    Key: Name, Value: ['WP_167827671.1']
    Key: Parent, Value: ['gene-PISL_RS11015']
    Key: gbkey, Value: ['CDS']
    Key: inference, Value: ['COORDINATES: ab initio prediction:GeneMarkS-2+']
    Key: locus_tag, Value: ['PISL_RS11015']
    Key: phase, Value: ['0']
    Key: product, Value: ['hypothetical protein']
    Key: protein_id, Value: ['WP_167827671.1']
    Key: source, Value: ['GeneMarkS-2+']
    Key: transl_table, Value: ['11']

GF(None, 11502-11721 (-1))
type: CDS
location: [1413118:1413700](+)
id: cds-WP_053240453.1
qualifiers:
    Key: Dbxref, Value: ['GenBank:WP_053240453.1', 'GeneID:25478892']
    Key: ID, Value: ['cds-WP_053240453.1']
    Key: Name, Value: ['WP_053240453.1']
    Key: Parent, Value: ['gene-PISL_RS07950']
    Key: gbkey, Value: ['CDS']
    Key: inference, Value: ['COORDINATES: ab initio prediction:GeneMarkS-2+']
    Key: locus_tag, Value: ['PISL_RS07950']
    Key: phase, Value: ['0']
    Key: product, Value: ['hypothetical protein']
    Key: protein_id, Value: ['WP_053240453.1']
    Key: source, Value: ['GeneMarkS-2+']
    Key: transl_table, Value: ['11']

GF(None, 12013-12595 (1))
type: CDS
location: [1414439:1414571](+)
id: cds-WP_280531760.1
qualifiers:
    Key: Dbxref, Value: ['GenBank:WP_280531760.1', 'GeneID:80428958']
    Key: ID, Value: ['cds-WP_280531760.1']
    Key: Name, Value: ['WP_280531760.1']
    Key: Parent, Value: ['gene-PISL_RS11570']
    Key: gbkey, Value: ['CDS']
    Key: inference, Value: ['COORDINATES: ab initio prediction:GeneMarkS-2+']
    Key: locus_tag, Value: ['PISL_RS11570']
    Key: phase, Value: ['0']
    Key: product, Value: ['hypothetical protein']
    Key: protein_id, Value: ['WP_280531760.1']
    Key: source, Value: ['GeneMarkS-2+']
    Key: transl_table, Value: ['11']

GF(None, 13334-13466 (1))
type: CDS
location: [1414830:1415103](-)
id: cds-WP_053240454.1
qualifiers:
    Key: Dbxref, Value: ['GenBank:WP_053240454.1', 'GeneID:25478893']
    Key: ID, Value: ['cds-WP_053240454.1']
    Key: Name, Value: ['WP_053240454.1']
    Key: Parent, Value: ['gene-PISL_RS07955']
    Key: gbkey, Value: ['CDS']
    Key: inference, Value: ['COORDINATES: ab initio prediction:GeneMarkS-2+']
    Key: locus_tag, Value: ['PISL_RS07955']
    Key: phase, Value: ['0']
    Key: product, Value: ['hypothetical protein']
    Key: protein_id, Value: ['WP_053240454.1']
    Key: source, Value: ['GeneMarkS-2+']
    Key: transl_table, Value: ['11']

GF(None, 13725-13998 (-1))
type: repeat_region
location: [1404031:1404192](+)
id: NC_008701.1_3
qualifiers:
    Key: Dbxref, Value: ['SO:0001459']
    Key: ID, Value: ['NC_008701.1_3']
    Key: Note, Value: ['CCAGAAATCAAAAGATAGTAGAAAC']
    Key: Ontology_term, Value: ['CRISPR']
    Key: score, Value: ['161']
    Key: source, Value: ['CCTyper']

GF(Repeat region, 2926-3087 (0))
type: repeat_region
location: [1413728:1414026](+)
id: NC_008701.1_4
qualifiers:
    Key: Dbxref, Value: ['SO:0001459']
    Key: ID, Value: ['NC_008701.1_4']
    Key: Note, Value: ['GTTTCTACTATCTTTTGATTTCTG']
    Key: Ontology_term, Value: ['CRISPR']
    Key: score, Value: ['298']
    Key: source, Value: ['CCTyper']

GF(Repeat region, 12623-12921 (0))
graphic feature from cctyper protein table: GF(Cas10, 4000-7098 (-1))
graphic feature from cctyper protein table: GF(Csm5, 7086-8099 (-1))
graphic feature from cctyper protein table: GF(Csm4gr5, 8104-9057 (-1))
graphic feature from cctyper protein table: GF(Csm3gr7, 9054-10043 (-1))
graphic feature from cctyper protein table: GF(Csm2gr11, 10033-10515 (-1))
Index(['protein_id', 'start', 'end', 'effector', 'locus', 'sample', 'strand',
       'sequence'],
      dtype='object')
Index(['protein_id', 'start', 'end', 'effector', 'locus', 'sample', 'strand',
       'sequence'],
      dtype='object')
[GF(None, 154-385 (-1)), GF(None, 966-1266 (1)), GF(None, 1316-1700 (1)), GF(None, 2286-2652 (-1)), GF(None, 3270-3591 (1)), GF(None, 3587-4088 (1)), GF(HD superfamily hydrolase, 3999-7098 (-1)), GF(type III-A CRISPR-associated RAMP protein Csm5, 7085-8099 (-1)), GF(None, 8103-9057 (-1)), GF(type III-A CRISPR-associated RAMP protein Csm3, 9053-10043 (-1)), GF(None, 10032-10515 (-1)), GF(None, 10546-10858 (1)), GF(None, 10854-11295 (1)), GF(None, 11502-11721 (-1)), GF(None, 12013-12595 (1)), GF(None, 13334-13466 (1)), GF(None, 13725-13998 (-1)), GF(Repeat region, 2926-3087 (0)), GF(Repeat region, 12623-12921 (0)), GF(Cas10, 4000-7098 (-1)), GF(Csm5, 7086-8099 (-1)), GF(Csm4gr5, 8104-9057 (-1)), GF(Csm3gr7, 9054-10043 (-1)), GF(Csm2gr11, 10033-10515 (-1)), GF(CRISPR-Cas locus, 4000-10515 (0))]
