Cas operons file:    Unnamed: 0         Contig  ...           locus_id           sample
0           0  NZ_AP013044.1  ...  GCF_001547875.1_0  GCF_001547875.1

[1 rows x 19 columns]
The chosen contig: NZ_AP013044.1
type: CDS
location: [197419:198043](+)
id: cds-WP_157755262.1
qualifiers:
    Key: Dbxref, Value: ['GenBank:WP_157755262.1']
    Key: ID, Value: ['cds-WP_157755262.1']
    Key: Name, Value: ['WP_157755262.1']
    Key: Parent, Value: ['gene-TF3313_RS00760']
    Key: gbkey, Value: ['CDS']
    Key: inference, Value: ['COORDINATES: protein motif:HMM:NF024811.3']
    Key: locus_tag, Value: ['TF3313_RS00760']
    Key: phase, Value: ['0']
    Key: product, Value: ['HAD family phosphatase']
    Key: protein_id, Value: ['WP_157755262.1']
    Key: source, Value: ['Protein Homology']
    Key: transl_table, Value: ['11']

GF(HAD family phosphatase, 208-832 (1))
type: CDS
location: [198180:198729](+)
id: cds-WP_014223670.1
qualifiers:
    Key: Dbxref, Value: ['GenBank:WP_014223670.1']
    Key: ID, Value: ['cds-WP_014223670.1']
    Key: Name, Value: ['WP_014223670.1']
    Key: Ontology_term, Value: ['GO:0006352', 'GO:0006355', 'GO:0003677', 'GO:0003700', 'GO:0016987']
    Key: Parent, Value: ['gene-TF3313_RS00765']
    Key: gbkey, Value: ['CDS']
    Key: go_function, Value: ['DNA binding|0003677||IEA', 'DNA-binding transcription factor activity|0003700||IEA', 'sigma factor activity|0016987||IEA']
    Key: go_process, Value: ['DNA-templated transcription initiation|0006352||IEA', 'regulation of DNA-templated transcription|0006355||IEA']
    Key: inference, Value: ['COORDINATES: similar to AA sequence:RefSeq:WP_004368022.1']
    Key: locus_tag, Value: ['TF3313_RS00765']
    Key: phase, Value: ['0']
    Key: product, Value: ['sigma-70 family RNA polymerase sigma factor']
    Key: protein_id, Value: ['WP_014223670.1']
    Key: source, Value: ['Protein Homology']
    Key: transl_table, Value: ['11']

GF(sigma-70 family RNA polymerase sigma factor, 969-1518 (1))
type: CDS
location: [199412:200633](+)
id: cds-WP_231964389.1
qualifiers:
    Key: Dbxref, Value: ['GenBank:WP_231964389.1']
    Key: ID, Value: ['cds-WP_231964389.1']
    Key: Name, Value: ['WP_231964389.1']
    Key: Parent, Value: ['gene-TF3313_RS00780']
    Key: gbkey, Value: ['CDS']
    Key: inference, Value: ['COORDINATES: similar to AA sequence:RefSeq:WP_004344106.1']
    Key: locus_tag, Value: ['TF3313_RS00780']
    Key: phase, Value: ['0']
    Key: product, Value: ['spondin domain-containing protein']
    Key: protein_id, Value: ['WP_231964389.1']
    Key: source, Value: ['Protein Homology']
    Key: transl_table, Value: ['11']

GF(spondin domain-containing protein, 2201-3422 (1))
type: CDS
location: [201210:202776](+)
id: cds-WP_060827136.1
qualifiers:
    Key: Dbxref, Value: ['GenBank:WP_060827136.1']
    Key: ID, Value: ['cds-WP_060827136.1']
    Key: Name, Value: ['WP_060827136.1']
    Key: Parent, Value: ['gene-TF3313_RS00785']
    Key: gbkey, Value: ['CDS']
    Key: inference, Value: ['COORDINATES: similar to AA sequence:RefSeq:WP_004366849.1']
    Key: locus_tag, Value: ['TF3313_RS00785']
    Key: phase, Value: ['0']
    Key: product, Value: ['hypothetical protein']
    Key: protein_id, Value: ['WP_060827136.1']
    Key: source, Value: ['Protein Homology']
    Key: transl_table, Value: ['11']

GF(None, 3999-5565 (1))
type: CDS
location: [202778:203342](+)
id: cds-WP_060827137.1
qualifiers:
    Key: Dbxref, Value: ['GenBank:WP_060827137.1']
    Key: ID, Value: ['cds-WP_060827137.1']
    Key: Name, Value: ['WP_060827137.1']
    Key: Parent, Value: ['gene-TF3313_RS00790']
    Key: gbkey, Value: ['CDS']
    Key: inference, Value: ['COORDINATES: protein motif:HMM:NF015728.3']
    Key: locus_tag, Value: ['TF3313_RS00790']
    Key: phase, Value: ['0']
    Key: product, Value: ['RAMP superfamily CRISPR-associated protein']
    Key: protein_id, Value: ['WP_060827137.1']
    Key: source, Value: ['Protein Homology']
    Key: transl_table, Value: ['11']

GF(RAMP superfamily CRISPR-associated protein, 5567-6131 (1))
type: CDS
location: [203338:204829](+)
id: cds-WP_060827138.1
qualifiers:
    Key: Dbxref, Value: ['GenBank:WP_060827138.1']
    Key: ID, Value: ['cds-WP_060827138.1']
    Key: Name, Value: ['WP_060827138.1']
    Key: Parent, Value: ['gene-TF3313_RS00795']
    Key: gbkey, Value: ['CDS']
    Key: inference, Value: ['COORDINATES: similar to AA sequence:RefSeq:WP_004366845.1']
    Key: locus_tag, Value: ['TF3313_RS00795']
    Key: phase, Value: ['0']
    Key: product, Value: ['hypothetical protein']
    Key: protein_id, Value: ['WP_060827138.1']
    Key: source, Value: ['Protein Homology']
    Key: transl_table, Value: ['11']

GF(None, 6127-7618 (1))
type: CDS
location: [204825:206244](+)
id: cds-WP_070098932.1
qualifiers:
    Key: Dbxref, Value: ['GenBank:WP_070098932.1']
    Key: ID, Value: ['cds-WP_070098932.1']
    Key: Name, Value: ['WP_070098932.1']
    Key: Parent, Value: ['gene-TF3313_RS00800']
    Key: gbkey, Value: ['CDS']
    Key: inference, Value: ['COORDINATES: similar to AA sequence:RefSeq:WP_013672146.1']
    Key: locus_tag, Value: ['TF3313_RS00800']
    Key: phase, Value: ['0']
    Key: product, Value: ['RAMP superfamily CRISPR-associated protein']
    Key: protein_id, Value: ['WP_070098932.1']
    Key: source, Value: ['Protein Homology']
    Key: transl_table, Value: ['11']

GF(RAMP superfamily CRISPR-associated protein, 7614-9033 (1))
type: CDS
location: [206240:206627](+)
id: cds-WP_060827139.1
qualifiers:
    Key: Dbxref, Value: ['GenBank:WP_060827139.1']
    Key: ID, Value: ['cds-WP_060827139.1']
    Key: Name, Value: ['WP_060827139.1']
    Key: Parent, Value: ['gene-TF3313_RS00805']
    Key: gbkey, Value: ['CDS']
    Key: inference, Value: ['COORDINATES: protein motif:HMM:TIGR04423.1']
    Key: locus_tag, Value: ['TF3313_RS00805']
    Key: phase, Value: ['0']
    Key: product, Value: ['TIGR04423 family type III CRISPR-associated protein']
    Key: protein_id, Value: ['WP_060827139.1']
    Key: source, Value: ['Protein Homology']
    Key: transl_table, Value: ['11']

GF(TIGR04423 family type III CRISPR-associated protein, 9029-9416 (1))
type: CDS
location: [206629:209002](+)
id: cds-WP_046825643.1
qualifiers:
    Key: Dbxref, Value: ['GenBank:WP_046825643.1']
    Key: ID, Value: ['cds-WP_046825643.1']
    Key: Name, Value: ['WP_046825643.1']
    Key: Parent, Value: ['gene-TF3313_RS00810']
    Key: gbkey, Value: ['CDS']
    Key: inference, Value: ['COORDINATES: protein motif:HMM:TIGR03986.1']
    Key: locus_tag, Value: ['TF3313_RS00810']
    Key: phase, Value: ['0']
    Key: product, Value: ['TIGR03986 family CRISPR-associated RAMP protein']
    Key: protein_id, Value: ['WP_046825643.1']
    Key: source, Value: ['Protein Homology']
    Key: transl_table, Value: ['11']

GF(TIGR03986 family CRISPR-associated RAMP protein, 9418-11791 (1))
type: CDS
location: [209187:210333](+)
id: cds-WP_140230592.1
qualifiers:
    Key: Dbxref, Value: ['GenBank:WP_140230592.1']
    Key: ID, Value: ['cds-WP_140230592.1']
    Key: Name, Value: ['WP_140230592.1']
    Key: Parent, Value: ['gene-TF3313_RS00815']
    Key: gbkey, Value: ['CDS']
    Key: inference, Value: ['COORDINATES: ab initio prediction:GeneMarkS-2+']
    Key: locus_tag, Value: ['TF3313_RS00815']
    Key: phase, Value: ['0']
    Key: product, Value: ['DUF1887 family protein']
    Key: protein_id, Value: ['WP_140230592.1']
    Key: source, Value: ['GeneMarkS-2+']
    Key: transl_table, Value: ['11']

GF(DUF1887 family protein, 11976-13122 (1))
type: CDS
location: [210336:211629](+)
id: cds-WP_052449066.1
qualifiers:
    Key: Dbxref, Value: ['GenBank:WP_052449066.1']
    Key: ID, Value: ['cds-WP_052449066.1']
    Key: Name, Value: ['WP_052449066.1']
    Key: Ontology_term, Value: ['GO:0043571', 'GO:0003674']
    Key: Parent, Value: ['gene-TF3313_RS00820']
    Key: gbkey, Value: ['CDS']
    Key: gene, Value: ['csx2']
    Key: go_function, Value: ['molecular_function|0003674||IEA']
    Key: go_process, Value: ['maintenance of CRISPR repeat elements|0043571||IEA']
    Key: inference, Value: ['COORDINATES: protein motif:HMM:NF021006.3']
    Key: locus_tag, Value: ['TF3313_RS00820']
    Key: phase, Value: ['0']
    Key: product, Value: ['TIGR02221 family CRISPR-associated protein']
    Key: protein_id, Value: ['WP_052449066.1']
    Key: source, Value: ['Protein Homology']
    Key: transl_table, Value: ['11']

GF(TIGR02221 family CRISPR-associated protein, 13125-14418 (1))
type: CDS
location: [211612:212008](+)
id: cds-WP_197653741.1
qualifiers:
    Key: Dbxref, Value: ['GenBank:WP_197653741.1']
    Key: ID, Value: ['cds-WP_197653741.1']
    Key: Name, Value: ['WP_197653741.1']
    Key: Parent, Value: ['gene-TF3313_RS00825']
    Key: gbkey, Value: ['CDS']
    Key: inference, Value: ['COORDINATES: ab initio prediction:GeneMarkS-2+']
    Key: locus_tag, Value: ['TF3313_RS00825']
    Key: phase, Value: ['0']
    Key: product, Value: ['CRISPR-associated protein']
    Key: protein_id, Value: ['WP_197653741.1']
    Key: source, Value: ['GeneMarkS-2+']
    Key: transl_table, Value: ['11']

GF(CRISPR-associated protein, 14401-14797 (1))
type: CDS
location: [212194:212962](+)
id: cds-TF3313_RS00830
qualifiers:
    Key: ID, Value: ['cds-TF3313_RS00830']
    Key: Note, Value: ['incomplete; partial in the middle of a contig; missing N-terminus and C-terminus']
    Key: Ontology_term, Value: ['GO:0006313', 'GO:0003677', 'GO:0004803']
    Key: Parent, Value: ['gene-TF3313_RS00830']
    Key: end_range, Value: ['212962', '.']
    Key: gbkey, Value: ['CDS']
    Key: go_function, Value: ['DNA binding|0003677||IEA', 'transposase activity|0004803||IEA']
    Key: go_process, Value: ['DNA transposition|0006313||IEA']
    Key: inference, Value: ['COORDINATES: similar to AA sequence:RefSeq:WP_010956029.1']
    Key: locus_tag, Value: ['TF3313_RS00830']
    Key: partial, Value: ['true']
    Key: phase, Value: ['0']
    Key: product, Value: ['transposase']
    Key: pseudo, Value: ['true']
    Key: source, Value: ['Protein Homology']
    Key: start_range, Value: ['.', '212195']
    Key: transl_table, Value: ['11']

GF(transposase, 14983-15751 (1))
type: CDS
location: [213046:213415](-)
id: cds-WP_060827141.1
qualifiers:
    Key: Dbxref, Value: ['GenBank:WP_060827141.1']
    Key: ID, Value: ['cds-WP_060827141.1']
    Key: Name, Value: ['WP_060827141.1']
    Key: Parent, Value: ['gene-TF3313_RS00835']
    Key: gbkey, Value: ['CDS']
    Key: inference, Value: ['COORDINATES: similar to AA sequence:RefSeq:WP_004305785.1']
    Key: locus_tag, Value: ['TF3313_RS00835']
    Key: phase, Value: ['0']
    Key: product, Value: ['DUF488 family protein']
    Key: protein_id, Value: ['WP_060827141.1']
    Key: source, Value: ['Protein Homology']
    Key: transl_table, Value: ['11']

GF(DUF488 family protein, 15835-16204 (-1))
type: CDS
location: [213562:213688](-)
id: cds-WP_262509321.1
qualifiers:
    Key: Dbxref, Value: ['GenBank:WP_262509321.1']
    Key: ID, Value: ['cds-WP_262509321.1']
    Key: Name, Value: ['WP_262509321.1']
    Key: Parent, Value: ['gene-TF3313_RS15395']
    Key: gbkey, Value: ['CDS']
    Key: inference, Value: ['COORDINATES: ab initio prediction:GeneMarkS-2+']
    Key: locus_tag, Value: ['TF3313_RS15395']
    Key: phase, Value: ['0']
    Key: product, Value: ['hypothetical protein']
    Key: protein_id, Value: ['WP_262509321.1']
    Key: source, Value: ['GeneMarkS-2+']
    Key: transl_table, Value: ['11']

GF(None, 16351-16477 (-1))
type: CDS
location: [213848:214019](-)
id: cds-WP_155642384.1
qualifiers:
    Key: Dbxref, Value: ['GenBank:WP_155642384.1']
    Key: ID, Value: ['cds-WP_155642384.1']
    Key: Name, Value: ['WP_155642384.1']
    Key: Parent, Value: ['gene-TF3313_RS00840']
    Key: gbkey, Value: ['CDS']
    Key: inference, Value: ['COORDINATES: ab initio prediction:GeneMarkS-2+']
    Key: locus_tag, Value: ['TF3313_RS00840']
    Key: phase, Value: ['0']
    Key: product, Value: ['hypothetical protein']
    Key: protein_id, Value: ['WP_155642384.1']
    Key: source, Value: ['GeneMarkS-2+']
    Key: transl_table, Value: ['11']

GF(None, 16637-16808 (-1))
type: CDS
location: [214048:214189](-)
id: cds-TF3313_RS14110
qualifiers:
    Key: ID, Value: ['cds-TF3313_RS14110']
    Key: Note, Value: ['incomplete; partial in the middle of a contig; missing N-terminus and C-terminus']
    Key: Ontology_term, Value: ['GO:0010181']
    Key: Parent, Value: ['gene-TF3313_RS14110']
    Key: end_range, Value: ['214189', '.']
    Key: gbkey, Value: ['CDS']
    Key: go_function, Value: ['FMN binding|0010181||IEA']
    Key: inference, Value: ['COORDINATES: similar to AA sequence:RefSeq:WP_005800390.1']
    Key: locus_tag, Value: ['TF3313_RS14110']
    Key: partial, Value: ['true']
    Key: phase, Value: ['0']
    Key: product, Value: ['flavodoxin']
    Key: pseudo, Value: ['true']
    Key: source, Value: ['Protein Homology']
    Key: start_range, Value: ['.', '214049']
    Key: transl_table, Value: ['11']

GF(flavodoxin, 16837-16978 (-1))
graphic feature from known effectors: GF(csx1, 13126-14418 (1))
graphic feature from known effectors: GF(can1-2, 11977-13122 (1))
[GF(HAD family phosphatase, 208-832 (1)), GF(sigma-70 family RNA polymerase sigma factor, 969-1518 (1)), GF(spondin domain-containing protein, 2201-3422 (1)), GF(None, 3999-5565 (1)), GF(RAMP superfamily CRISPR-associated protein, 5567-6131 (1)), GF(None, 6127-7618 (1)), GF(RAMP superfamily CRISPR-associated protein, 7614-9033 (1)), GF(TIGR04423 family type III CRISPR-associated protein, 9029-9416 (1)), GF(TIGR03986 family CRISPR-associated RAMP protein, 9418-11791 (1)), GF(DUF1887 family protein, 11976-13122 (1)), GF(TIGR02221 family CRISPR-associated protein, 13125-14418 (1)), GF(CRISPR-associated protein, 14401-14797 (1)), GF(transposase, 14983-15751 (1)), GF(DUF488 family protein, 15835-16204 (-1)), GF(None, 16351-16477 (-1)), GF(None, 16637-16808 (-1)), GF(flavodoxin, 16837-16978 (-1)), GF(csx1, 13126-14418 (1)), GF(can1-2, 11977-13122 (1)), GF(CRISPR-Cas locus, 4000-14797 (0))]
