Cas operons file:    Unnamed: 0         Contig  ...           locus_id           sample
0           0  NZ_CP027663.1  ...  GCF_003184265.1_0  GCF_003184265.1

[1 rows x 19 columns]
The chosen contig: NZ_CP027663.1
type: CDS
location: [377668:378889](+)
id: cds-WP_110135903.1
qualifiers:
    Key: Dbxref, Value: ['GenBank:WP_110135903.1']
    Key: ID, Value: ['cds-WP_110135903.1']
    Key: Name, Value: ['WP_110135903.1']
    Key: Ontology_term, Value: ['GO:0005524']
    Key: Parent, Value: ['gene-C4901_RS01960']
    Key: gbkey, Value: ['CDS']
    Key: go_function, Value: ['ATP binding|0005524||IEA']
    Key: inference, Value: ['COORDINATES: protein motif:HMM:NF025019.2']
    Key: locus_tag, Value: ['C4901_RS01960']
    Key: phase, Value: ['0']
    Key: product, Value: ['ATP-binding protein']
    Key: protein_id, Value: ['WP_110135903.1']
    Key: source, Value: ['Protein Homology']
    Key: transl_table, Value: ['11']

GF(ATP-binding protein, 742-1963 (1))
type: CDS
location: [379816:380221](-)
id: cds-WP_110135905.1
qualifiers:
    Key: Dbxref, Value: ['GenBank:WP_110135905.1']
    Key: ID, Value: ['cds-WP_110135905.1']
    Key: Name, Value: ['WP_110135905.1']
    Key: Parent, Value: ['gene-C4901_RS01970']
    Key: gbkey, Value: ['CDS']
    Key: inference, Value: ['COORDINATES: protein motif:HMM:NF013970.2']
    Key: locus_tag, Value: ['C4901_RS01970']
    Key: phase, Value: ['0']
    Key: product, Value: ['PIN domain-containing protein']
    Key: protein_id, Value: ['WP_110135905.1']
    Key: source, Value: ['Protein Homology']
    Key: transl_table, Value: ['11']

GF(PIN domain-containing protein, 2890-3295 (-1))
type: CDS
location: [380207:380423](-)
id: cds-WP_110135906.1
qualifiers:
    Key: Dbxref, Value: ['GenBank:WP_110135906.1']
    Key: ID, Value: ['cds-WP_110135906.1']
    Key: Name, Value: ['WP_110135906.1']
    Key: Parent, Value: ['gene-C4901_RS01975']
    Key: gbkey, Value: ['CDS']
    Key: inference, Value: ['COORDINATES: protein motif:HMM:NF021474.2']
    Key: locus_tag, Value: ['C4901_RS01975']
    Key: phase, Value: ['0']
    Key: product, Value: ['type II toxin-antitoxin system VapB family antitoxin']
    Key: protein_id, Value: ['WP_110135906.1']
    Key: source, Value: ['Protein Homology']
    Key: transl_table, Value: ['11']

GF(type II toxin-antitoxin system VapB family antitoxin, 3281-3497 (-1))
type: CDS
location: [380925:382071](-)
id: cds-WP_168185488.1
qualifiers:
    Key: Dbxref, Value: ['GenBank:WP_168185488.1']
    Key: ID, Value: ['cds-WP_168185488.1']
    Key: Name, Value: ['WP_168185488.1']
    Key: Parent, Value: ['gene-C4901_RS01980']
    Key: gbkey, Value: ['CDS']
    Key: inference, Value: ['COORDINATES: protein motif:HMM:NF020571.2']
    Key: locus_tag, Value: ['C4901_RS01980']
    Key: phase, Value: ['0']
    Key: product, Value: ['DUF1887 family CARF protein']
    Key: protein_id, Value: ['WP_168185488.1']
    Key: source, Value: ['Protein Homology']
    Key: transl_table, Value: ['11']

GF(DUF1887 family CARF protein, 3999-5145 (-1))
type: CDS
location: [382067:382364](-)
id: cds-WP_110135908.1
qualifiers:
    Key: Dbxref, Value: ['GenBank:WP_110135908.1']
    Key: ID, Value: ['cds-WP_110135908.1']
    Key: Name, Value: ['WP_110135908.1']
    Key: Ontology_term, Value: ['GO:0043571', 'GO:0003674']
    Key: Parent, Value: ['gene-C4901_RS01985']
    Key: gbkey, Value: ['CDS']
    Key: gene, Value: ['csx16']
    Key: go_function, Value: ['molecular_function|0003674||IEA']
    Key: go_process, Value: ['maintenance of CRISPR repeat elements|0043571||IEA']
    Key: inference, Value: ['COORDINATES: protein motif:HMM:TIGR02620.1']
    Key: locus_tag, Value: ['C4901_RS01985']
    Key: phase, Value: ['0']
    Key: product, Value: ['CRISPR-associated protein Csx16']
    Key: protein_id, Value: ['WP_110135908.1']
    Key: source, Value: ['Protein Homology']
    Key: transl_table, Value: ['11']

GF(CRISPR-associated protein Csx16, 5141-5438 (-1))
type: CDS
location: [382614:382836](-)
id: cds-WP_168185489.1
qualifiers:
    Key: Dbxref, Value: ['GenBank:WP_168185489.1']
    Key: ID, Value: ['cds-WP_168185489.1']
    Key: Name, Value: ['WP_168185489.1']
    Key: Parent, Value: ['gene-C4901_RS01990']
    Key: gbkey, Value: ['CDS']
    Key: inference, Value: ['COORDINATES: ab initio prediction:GeneMarkS-2+']
    Key: locus_tag, Value: ['C4901_RS01990']
    Key: phase, Value: ['0']
    Key: product, Value: ['HEPN domain-containing protein']
    Key: protein_id, Value: ['WP_168185489.1']
    Key: source, Value: ['GeneMarkS-2+']
    Key: transl_table, Value: ['11']

GF(HEPN domain-containing protein, 5688-5910 (-1))
type: CDS
location: [383076:383484](-)
id: cds-WP_145960592.1
qualifiers:
    Key: Dbxref, Value: ['GenBank:WP_145960592.1']
    Key: ID, Value: ['cds-WP_145960592.1']
    Key: Name, Value: ['WP_145960592.1']
    Key: Ontology_term, Value: ['GO:0016779', 'GO:0046872']
    Key: Parent, Value: ['gene-C4901_RS02000']
    Key: gbkey, Value: ['CDS']
    Key: go_function, Value: ['nucleotidyltransferase activity|0016779||IEA', 'metal ion binding|0046872||IEA']
    Key: inference, Value: ['COORDINATES: protein motif:HMM:NF037100.2']
    Key: locus_tag, Value: ['C4901_RS02000']
    Key: phase, Value: ['0']
    Key: product, Value: ['nucleotidyltransferase domain-containing protein']
    Key: protein_id, Value: ['WP_145960592.1']
    Key: source, Value: ['Protein Homology']
    Key: transl_table, Value: ['11']

GF(nucleotidyltransferase domain-containing protein, 6150-6558 (-1))
type: CDS
location: [383685:383838](-)
id: cds-WP_168185490.1
qualifiers:
    Key: Dbxref, Value: ['GenBank:WP_168185490.1']
    Key: ID, Value: ['cds-WP_168185490.1']
    Key: Name, Value: ['WP_168185490.1']
    Key: Parent, Value: ['gene-C4901_RS17440']
    Key: gbkey, Value: ['CDS']
    Key: inference, Value: ['COORDINATES: ab initio prediction:GeneMarkS-2+']
    Key: locus_tag, Value: ['C4901_RS17440']
    Key: phase, Value: ['0']
    Key: product, Value: ['hypothetical protein']
    Key: protein_id, Value: ['WP_168185490.1']
    Key: source, Value: ['GeneMarkS-2+']
    Key: transl_table, Value: ['11']

GF(None, 6759-6912 (-1))
type: CDS
location: [383826:384963](+)
id: cds-WP_110135911.1
qualifiers:
    Key: Dbxref, Value: ['GenBank:WP_110135911.1']
    Key: ID, Value: ['cds-WP_110135911.1']
    Key: Name, Value: ['WP_110135911.1']
    Key: Ontology_term, Value: ['GO:0043571', 'GO:0003674']
    Key: Parent, Value: ['gene-C4901_RS02005']
    Key: gbkey, Value: ['CDS']
    Key: gene, Value: ['csm6']
    Key: go_function, Value: ['molecular_function|0003674||IEA']
    Key: go_process, Value: ['maintenance of CRISPR repeat elements|0043571||IEA']
    Key: inference, Value: ['COORDINATES: protein motif:HMM:NF021162.2']
    Key: locus_tag, Value: ['C4901_RS02005']
    Key: phase, Value: ['0']
    Key: product, Value: ['CRISPR-associated ring nuclease Csm6']
    Key: protein_id, Value: ['WP_110135911.1']
    Key: source, Value: ['Protein Homology']
    Key: transl_table, Value: ['11']

GF(CRISPR-associated ring nuclease Csm6, 6900-8037 (1))
type: CDS
location: [385253:386300](+)
id: cds-WP_110135912.1
qualifiers:
    Key: Dbxref, Value: ['GenBank:WP_110135912.1']
    Key: ID, Value: ['cds-WP_110135912.1']
    Key: Name, Value: ['WP_110135912.1']
    Key: Parent, Value: ['gene-C4901_RS02010']
    Key: gbkey, Value: ['CDS']
    Key: gene, Value: ['cas6']
    Key: inference, Value: ['COORDINATES: protein motif:HMM:NF021551.2']
    Key: locus_tag, Value: ['C4901_RS02010']
    Key: phase, Value: ['0']
    Key: product, Value: ['CRISPR system precrRNA processing endoribonuclease RAMP protein Cas6']
    Key: protein_id, Value: ['WP_110135912.1']
    Key: source, Value: ['Protein Homology']
    Key: transl_table, Value: ['11']

GF(CRISPR system precrRNA processing endoribonuclease RAMP protein Cas6, 8327-9374 (1))
type: CDS
location: [386673:388038](+)
id: cds-WP_110135913.1
qualifiers:
    Key: Dbxref, Value: ['GenBank:WP_110135913.1']
    Key: ID, Value: ['cds-WP_110135913.1']
    Key: Name, Value: ['WP_110135913.1']
    Key: Parent, Value: ['gene-C4901_RS02015']
    Key: gbkey, Value: ['CDS']
    Key: inference, Value: ['COORDINATES: protein motif:HMM:NF021427.2']
    Key: locus_tag, Value: ['C4901_RS02015']
    Key: phase, Value: ['0']
    Key: product, Value: ['DUF2130 domain-containing protein']
    Key: protein_id, Value: ['WP_110135913.1']
    Key: source, Value: ['Protein Homology']
    Key: transl_table, Value: ['11']

GF(DUF2130 domain-containing protein, 9747-11112 (1))
type: CDS
location: [388101:389172](+)
id: cds-WP_110135914.1
qualifiers:
    Key: Dbxref, Value: ['GenBank:WP_110135914.1']
    Key: ID, Value: ['cds-WP_110135914.1']
    Key: Name, Value: ['WP_110135914.1']
    Key: Parent, Value: ['gene-C4901_RS02020']
    Key: gbkey, Value: ['CDS']
    Key: inference, Value: ['COORDINATES: ab initio prediction:GeneMarkS-2+']
    Key: locus_tag, Value: ['C4901_RS02020']
    Key: phase, Value: ['0']
    Key: product, Value: ['hypothetical protein']
    Key: protein_id, Value: ['WP_110135914.1']
    Key: source, Value: ['GeneMarkS-2+']
    Key: transl_table, Value: ['11']

GF(None, 11175-12246 (1))
type: CDS
location: [389175:392247](+)
id: cds-WP_168185491.1
qualifiers:
    Key: Dbxref, Value: ['GenBank:WP_168185491.1']
    Key: ID, Value: ['cds-WP_168185491.1']
    Key: Name, Value: ['WP_168185491.1']
    Key: Ontology_term, Value: ['GO:0043571', 'GO:0003674']
    Key: Parent, Value: ['gene-C4901_RS02025']
    Key: gbkey, Value: ['CDS']
    Key: gene, Value: ['cas10']
    Key: go_function, Value: ['molecular_function|0003674||IEA']
    Key: go_process, Value: ['maintenance of CRISPR repeat elements|0043571||IEA']
    Key: inference, Value: ['COORDINATES: protein motif:HMM:TIGR02577.1']
    Key: locus_tag, Value: ['C4901_RS02025']
    Key: phase, Value: ['0']
    Key: product, Value: ['type III-B CRISPR-associated protein Cas10/Cmr2']
    Key: protein_id, Value: ['WP_168185491.1']
    Key: source, Value: ['Protein Homology']
    Key: transl_table, Value: ['11']

GF(type III-B CRISPR-associated protein Cas10/Cmr2, 12249-15321 (1))
type: CDS
location: [392243:393383](+)
id: cds-WP_110135915.1
qualifiers:
    Key: Dbxref, Value: ['GenBank:WP_110135915.1']
    Key: ID, Value: ['cds-WP_110135915.1']
    Key: Name, Value: ['WP_110135915.1']
    Key: Parent, Value: ['gene-C4901_RS02030']
    Key: gbkey, Value: ['CDS']
    Key: inference, Value: ['COORDINATES: protein motif:HMM:NF021236.2']
    Key: locus_tag, Value: ['C4901_RS02030']
    Key: phase, Value: ['0']
    Key: product, Value: ['type III-B CRISPR module-associated Cmr3 family protein']
    Key: protein_id, Value: ['WP_110135915.1']
    Key: source, Value: ['Protein Homology']
    Key: transl_table, Value: ['11']

GF(type III-B CRISPR module-associated Cmr3 family protein, 15317-16457 (1))
type: CDS
location: [393398:394313](+)
id: cds-WP_110135916.1
qualifiers:
    Key: Dbxref, Value: ['GenBank:WP_110135916.1']
    Key: ID, Value: ['cds-WP_110135916.1']
    Key: Name, Value: ['WP_110135916.1']
    Key: Ontology_term, Value: ['GO:0043571', 'GO:0003674']
    Key: Parent, Value: ['gene-C4901_RS02035']
    Key: gbkey, Value: ['CDS']
    Key: gene, Value: ['cmr4']
    Key: go_function, Value: ['molecular_function|0003674||IEA']
    Key: go_process, Value: ['maintenance of CRISPR repeat elements|0043571||IEA']
    Key: inference, Value: ['COORDINATES: protein motif:HMM:TIGR02580.1']
    Key: locus_tag, Value: ['C4901_RS02035']
    Key: phase, Value: ['0']
    Key: product, Value: ['type III-B CRISPR module RAMP protein Cmr4']
    Key: protein_id, Value: ['WP_110135916.1']
    Key: source, Value: ['Protein Homology']
    Key: transl_table, Value: ['11']

GF(type III-B CRISPR module RAMP protein Cmr4, 16472-17387 (1))
type: CDS
location: [394317:394683](+)
id: cds-WP_110135917.1
qualifiers:
    Key: Dbxref, Value: ['GenBank:WP_110135917.1']
    Key: ID, Value: ['cds-WP_110135917.1']
    Key: Name, Value: ['WP_110135917.1']
    Key: Ontology_term, Value: ['GO:0043571', 'GO:0003674']
    Key: Parent, Value: ['gene-C4901_RS02040']
    Key: gbkey, Value: ['CDS']
    Key: gene, Value: ['cmr5']
    Key: go_function, Value: ['molecular_function|0003674||IEA']
    Key: go_process, Value: ['maintenance of CRISPR repeat elements|0043571||IEA']
    Key: inference, Value: ['COORDINATES: protein motif:HMM:NF021237.2']
    Key: locus_tag, Value: ['C4901_RS02040']
    Key: phase, Value: ['0']
    Key: product, Value: ['type III-B CRISPR module-associated protein Cmr5']
    Key: protein_id, Value: ['WP_110135917.1']
    Key: source, Value: ['Protein Homology']
    Key: transl_table, Value: ['11']

GF(type III-B CRISPR module-associated protein Cmr5, 17391-17757 (1))
type: CDS
location: [394687:395953](+)
id: cds-WP_168185492.1
qualifiers:
    Key: Dbxref, Value: ['GenBank:WP_168185492.1']
    Key: ID, Value: ['cds-WP_168185492.1']
    Key: Name, Value: ['WP_168185492.1']
    Key: Ontology_term, Value: ['GO:0043571', 'GO:0003674']
    Key: Parent, Value: ['gene-C4901_RS02045']
    Key: gbkey, Value: ['CDS']
    Key: gene, Value: ['cmr6']
    Key: go_function, Value: ['molecular_function|0003674||IEA']
    Key: go_process, Value: ['maintenance of CRISPR repeat elements|0043571||IEA']
    Key: inference, Value: ['COORDINATES: protein motif:HMM:NF015728.2']
    Key: locus_tag, Value: ['C4901_RS02045']
    Key: phase, Value: ['0']
    Key: product, Value: ['type III-B CRISPR module RAMP protein Cmr6']
    Key: protein_id, Value: ['WP_168185492.1']
    Key: source, Value: ['Protein Homology']
    Key: transl_table, Value: ['11']

GF(type III-B CRISPR module RAMP protein Cmr6, 17761-19027 (1))
type: CDS
location: [396474:397791](+)
id: cds-WP_110135919.1
qualifiers:
    Key: Dbxref, Value: ['GenBank:WP_110135919.1']
    Key: ID, Value: ['cds-WP_110135919.1']
    Key: Name, Value: ['WP_110135919.1']
    Key: Ontology_term, Value: ['GO:0004803']
    Key: Parent, Value: ['gene-C4901_RS02055']
    Key: gbkey, Value: ['CDS']
    Key: go_function, Value: ['transposase activity|0004803||IEA']
    Key: inference, Value: ['COORDINATES: similar to AA sequence:RefSeq:WP_015243809.1']
    Key: locus_tag, Value: ['C4901_RS02055']
    Key: phase, Value: ['0']
    Key: product, Value: ['ISAzo13 family transposase']
    Key: protein_id, Value: ['WP_110135919.1']
    Key: source, Value: ['Protein Homology']
    Key: transl_table, Value: ['11']

GF(ISAzo13 family transposase, 19548-20865 (1))
type: CDS
location: [398324:399563](+)
id: cds-WP_110135921.1
qualifiers:
    Key: Dbxref, Value: ['GenBank:WP_110135921.1']
    Key: ID, Value: ['cds-WP_110135921.1']
    Key: Name, Value: ['WP_110135921.1']
    Key: Ontology_term, Value: ['GO:0043571', 'GO:0003674']
    Key: Parent, Value: ['gene-C4901_RS02065']
    Key: gbkey, Value: ['CDS']
    Key: gene, Value: ['csx2']
    Key: go_function, Value: ['molecular_function|0003674||IEA']
    Key: go_process, Value: ['maintenance of CRISPR repeat elements|0043571||IEA']
    Key: inference, Value: ['COORDINATES: protein motif:HMM:NF021006.2']
    Key: locus_tag, Value: ['C4901_RS02065']
    Key: phase, Value: ['0']
    Key: product, Value: ['TIGR02221 family CRISPR-associated protein']
    Key: protein_id, Value: ['WP_110135921.1']
    Key: source, Value: ['Protein Homology']
    Key: transl_table, Value: ['11']

GF(TIGR02221 family CRISPR-associated protein, 21398-22637 (1))
type: CDS
location: [399632:400190](-)
id: cds-WP_110135922.1
qualifiers:
    Key: Dbxref, Value: ['GenBank:WP_110135922.1']
    Key: ID, Value: ['cds-WP_110135922.1']
    Key: Name, Value: ['WP_110135922.1']
    Key: Ontology_term, Value: ['GO:0003677', 'GO:0004519']
    Key: Parent, Value: ['gene-C4901_RS02070']
    Key: gbkey, Value: ['CDS']
    Key: go_function, Value: ['DNA binding|0003677||IEA', 'endonuclease activity|0004519||IEA']
    Key: inference, Value: ['COORDINATES: protein motif:HMM:NF017496.2']
    Key: locus_tag, Value: ['C4901_RS02070']
    Key: phase, Value: ['0']
    Key: product, Value: ['Uma2 family endonuclease']
    Key: protein_id, Value: ['WP_110135922.1']
    Key: source, Value: ['Protein Homology']
    Key: transl_table, Value: ['11']

GF(Uma2 family endonuclease, 22706-23264 (-1))
type: CDS
location: [400315:400600](+)
id: cds-WP_110138477.1
qualifiers:
    Key: Dbxref, Value: ['GenBank:WP_110138477.1']
    Key: ID, Value: ['cds-WP_110138477.1']
    Key: Name, Value: ['WP_110138477.1']
    Key: Parent, Value: ['gene-C4901_RS02075']
    Key: gbkey, Value: ['CDS']
    Key: inference, Value: ['COORDINATES: protein motif:HMM:NF021356.2']
    Key: locus_tag, Value: ['C4901_RS02075']
    Key: phase, Value: ['0']
    Key: product, Value: ['CRISPR-associated endonuclease Cas2']
    Key: protein_id, Value: ['WP_110138477.1']
    Key: source, Value: ['Protein Homology']
    Key: transl_table, Value: ['11']

GF(CRISPR-associated endonuclease Cas2, 23389-23674 (1))
type: CDS
location: [400603:401593](+)
id: cds-WP_110135923.1
qualifiers:
    Key: Dbxref, Value: ['GenBank:WP_110135923.1']
    Key: ID, Value: ['cds-WP_110135923.1']
    Key: Name, Value: ['WP_110135923.1']
    Key: Ontology_term, Value: ['GO:0043571', 'GO:0004520', 'GO:0046872']
    Key: Parent, Value: ['gene-C4901_RS02080']
    Key: gbkey, Value: ['CDS']
    Key: gene, Value: ['cas1']
    Key: go_function, Value: ['DNA endonuclease activity|0004520||IEA', 'metal ion binding|0046872||IEA']
    Key: go_process, Value: ['maintenance of CRISPR repeat elements|0043571||IEA']
    Key: inference, Value: ['COORDINATES: protein motif:HMM:TIGR00287.1']
    Key: locus_tag, Value: ['C4901_RS02080']
    Key: phase, Value: ['0']
    Key: product, Value: ['CRISPR-associated endonuclease Cas1']
    Key: protein_id, Value: ['WP_110135923.1']
    Key: source, Value: ['Protein Homology']
    Key: transl_table, Value: ['11']

GF(CRISPR-associated endonuclease Cas1, 23677-24667 (1))
type: CDS
location: [401624:402431](+)
id: cds-WP_168185493.1
qualifiers:
    Key: Dbxref, Value: ['GenBank:WP_168185493.1']
    Key: ID, Value: ['cds-WP_168185493.1']
    Key: Name, Value: ['WP_168185493.1']
    Key: Ontology_term, Value: ['GO:0043571', 'GO:0051607', 'GO:0003676', 'GO:0004519', 'GO:0046872']
    Key: Parent, Value: ['gene-C4901_RS02085']
    Key: gbkey, Value: ['CDS']
    Key: go_function, Value: ['nucleic acid binding|0003676||IEA', 'endonuclease activity|0004519||IEA', 'metal ion binding|0046872||IEA']
    Key: go_process, Value: ['maintenance of CRISPR repeat elements|0043571||IEA', 'defense response to virus|0051607||IEA']
    Key: inference, Value: ['COORDINATES: protein motif:HMM:NF013984.2']
    Key: locus_tag, Value: ['C4901_RS02085']
    Key: phase, Value: ['0']
    Key: product, Value: ['CRISPR-associated endonuclease Cas1']
    Key: protein_id, Value: ['WP_168185493.1']
    Key: source, Value: ['Protein Homology']
    Key: transl_table, Value: ['11']

GF(CRISPR-associated endonuclease Cas1, 24698-25505 (1))
type: CDS
location: [402421:402721](+)
id: cds-WP_110135925.1
qualifiers:
    Key: Dbxref, Value: ['GenBank:WP_110135925.1']
    Key: ID, Value: ['cds-WP_110135925.1']
    Key: Name, Value: ['WP_110135925.1']
    Key: Ontology_term, Value: ['GO:0043571', 'GO:0004521']
    Key: Parent, Value: ['gene-C4901_RS02090']
    Key: gbkey, Value: ['CDS']
    Key: gene, Value: ['cas2']
    Key: go_function, Value: ['RNA endonuclease activity|0004521||IEA']
    Key: go_process, Value: ['maintenance of CRISPR repeat elements|0043571||IEA']
    Key: inference, Value: ['COORDINATES: protein motif:HMM:TIGR01573.1']
    Key: locus_tag, Value: ['C4901_RS02090']
    Key: phase, Value: ['0']
    Key: product, Value: ['CRISPR-associated endonuclease Cas2']
    Key: protein_id, Value: ['WP_110135925.1']
    Key: source, Value: ['Protein Homology']
    Key: transl_table, Value: ['11']

GF(CRISPR-associated endonuclease Cas2, 25495-25795 (1))
type: CDS
location: [405797:406244](+)
id: cds-WP_240611810.1
qualifiers:
    Key: Dbxref, Value: ['GenBank:WP_240611810.1']
    Key: ID, Value: ['cds-WP_240611810.1']
    Key: Name, Value: ['WP_240611810.1']
    Key: Parent, Value: ['gene-C4901_RS18360']
    Key: gbkey, Value: ['CDS']
    Key: inference, Value: ['COORDINATES: ab initio prediction:GeneMarkS-2+']
    Key: locus_tag, Value: ['C4901_RS18360']
    Key: phase, Value: ['0']
    Key: product, Value: ['hypothetical protein']
    Key: protein_id, Value: ['WP_240611810.1']
    Key: source, Value: ['GeneMarkS-2+']
    Key: transl_table, Value: ['11']

GF(None, 28871-29318 (1))
type: repeat_region
location: [402880:405526](+)
id: NZ_CP027663.1_1
qualifiers:
    Key: Dbxref, Value: ['SO:0001459']
    Key: ID, Value: ['NZ_CP027663.1_1']
    Key: Note, Value: ['ATTGAACGATTGACCTGATGAAGAAGGGATTAAGAC']
    Key: Ontology_term, Value: ['CRISPR']
    Key: score, Value: ['2646']
    Key: source, Value: ['CCTyper']

GF(Repeat region, 25954-28600 (0))
graphic feature from cctyper protein table: GF(Can2, 4000-5145 (-1))
graphic feature from cctyper protein table: GF(Csx16, 5142-5438 (-1))
graphic feature from cctyper protein table: GF(Csx1, 6901-8037 (1))
graphic feature from cctyper protein table: GF(Cas6, 8328-9374 (1))
graphic feature from cctyper protein table: GF(Cas10, 12250-15321 (1))
graphic feature from cctyper protein table: GF(Cmr3gr5, 15318-16457 (1))
graphic feature from cctyper protein table: GF(Cmr4gr7, 16473-17387 (1))
graphic feature from cctyper protein table: GF(Cmr5gr11, 17392-17757 (1))
graphic feature from cctyper protein table: GF(Cmr6gr7, 17762-19027 (1))
graphic feature from cctyper protein table: GF(Csx1, 21399-22637 (1))
graphic feature from cctyper protein table: GF(Cas2, 23390-23674 (1))
graphic feature from cctyper protein table: GF(Cas1, 23678-24667 (1))
graphic feature from cctyper protein table: GF(Cas1, 24699-25505 (1))
graphic feature from cctyper protein table: GF(Cas2, 25496-25795 (1))
Index(['protein_id', 'start', 'end', 'effector', 'locus', 'sample', 'strand',
       'sequence', 'type'],
      dtype='object')
graphic feature from known effectors: GF(csx1, 21399-22637 (1))
graphic feature from known effectors: GF(can1-2, 4000-5145 (-1))
Index(['protein_id', 'start', 'end', 'effector', 'locus', 'sample', 'strand',
       'sequence', 'type'],
      dtype='object')
graphic feature from ring nucleases: GF(csx16, 5142-5438 (-1))
[GF(ATP-binding protein, 742-1963 (1)), GF(PIN domain-containing protein, 2890-3295 (-1)), GF(type II toxin-antitoxin system VapB family antitoxin, 3281-3497 (-1)), GF(DUF1887 family CARF protein, 3999-5145 (-1)), GF(CRISPR-associated protein Csx16, 5141-5438 (-1)), GF(HEPN domain-containing protein, 5688-5910 (-1)), GF(nucleotidyltransferase domain-containing protein, 6150-6558 (-1)), GF(None, 6759-6912 (-1)), GF(CRISPR-associated ring nuclease Csm6, 6900-8037 (1)), GF(CRISPR system precrRNA processing endoribonuclease RAMP protein Cas6, 8327-9374 (1)), GF(DUF2130 domain-containing protein, 9747-11112 (1)), GF(None, 11175-12246 (1)), GF(type III-B CRISPR-associated protein Cas10/Cmr2, 12249-15321 (1)), GF(type III-B CRISPR module-associated Cmr3 family protein, 15317-16457 (1)), GF(type III-B CRISPR module RAMP protein Cmr4, 16472-17387 (1)), GF(type III-B CRISPR module-associated protein Cmr5, 17391-17757 (1)), GF(type III-B CRISPR module RAMP protein Cmr6, 17761-19027 (1)), GF(ISAzo13 family transposase, 19548-20865 (1)), GF(TIGR02221 family CRISPR-associated protein, 21398-22637 (1)), GF(Uma2 family endonuclease, 22706-23264 (-1)), GF(CRISPR-associated endonuclease Cas2, 23389-23674 (1)), GF(CRISPR-associated endonuclease Cas1, 23677-24667 (1)), GF(CRISPR-associated endonuclease Cas1, 24698-25505 (1)), GF(CRISPR-associated endonuclease Cas2, 25495-25795 (1)), GF(None, 28871-29318 (1)), GF(Repeat region, 25954-28600 (0)), GF(Can2, 4000-5145 (-1)), GF(Csx16, 5142-5438 (-1)), GF(Csx1, 6901-8037 (1)), GF(Cas6, 8328-9374 (1)), GF(Cas10, 12250-15321 (1)), GF(Cmr3gr5, 15318-16457 (1)), GF(Cmr4gr7, 16473-17387 (1)), GF(Cmr5gr11, 17392-17757 (1)), GF(Cmr6gr7, 17762-19027 (1)), GF(Csx1, 21399-22637 (1)), GF(Cas2, 23390-23674 (1)), GF(Cas1, 23678-24667 (1)), GF(Cas1, 24699-25505 (1)), GF(Cas2, 25496-25795 (1)), GF(csx1, 21399-22637 (1)), GF(can1-2, 4000-5145 (-1)), GF(csx16, 5142-5438 (-1)), GF(CRISPR-Cas locus, 4000-25795 (0))]
