Cas operons file:    Unnamed: 0         Contig  ...           locus_id           sample
0           1  NZ_CP086393.1  ...  GCF_022494515.1_1  GCF_022494515.1

[1 rows x 19 columns]
The chosen contig: NZ_CP086393.1
type: CDS
location: [2132991:2134467](+)
id: cds-WP_036626394.1
qualifiers:
    Key: Dbxref, Value: ['GenBank:WP_036626394.1']
    Key: ID, Value: ['cds-WP_036626394.1']
    Key: Name, Value: ['WP_036626394.1']
    Key: Ontology_term, Value: ['GO:0043571', 'GO:0003674']
    Key: Parent, Value: ['gene-LMZ02_RS09440']
    Key: gbkey, Value: ['CDS']
    Key: gene, Value: ['cmr1']
    Key: go_function, Value: ['molecular_function|0003674||IEA']
    Key: go_process, Value: ['maintenance of CRISPR repeat elements|0043571||IEA']
    Key: inference, Value: ['COORDINATES: protein motif:HMM:TIGR01894.1']
    Key: locus_tag, Value: ['LMZ02_RS09440']
    Key: phase, Value: ['0']
    Key: product, Value: ['type III-B CRISPR module RAMP protein Cmr1']
    Key: protein_id, Value: ['WP_036626394.1']
    Key: source, Value: ['Protein Homology']
    Key: transl_table, Value: ['11']

GF(type III-B CRISPR module RAMP protein Cmr1, 3999-5475 (1))
type: CDS
location: [2134442:2136239](+)
id: cds-WP_051985720.1
qualifiers:
    Key: Dbxref, Value: ['GenBank:WP_051985720.1']
    Key: ID, Value: ['cds-WP_051985720.1']
    Key: Name, Value: ['WP_051985720.1']
    Key: Ontology_term, Value: ['GO:0043571', 'GO:0003674']
    Key: Parent, Value: ['gene-LMZ02_RS09445']
    Key: gbkey, Value: ['CDS']
    Key: gene, Value: ['cas10']
    Key: go_function, Value: ['molecular_function|0003674||IEA']
    Key: go_process, Value: ['maintenance of CRISPR repeat elements|0043571||IEA']
    Key: inference, Value: ['COORDINATES: protein motif:HMM:TIGR02577.1']
    Key: locus_tag, Value: ['LMZ02_RS09445']
    Key: phase, Value: ['0']
    Key: product, Value: ['type III-B CRISPR-associated protein Cas10/Cmr2']
    Key: protein_id, Value: ['WP_051985720.1']
    Key: source, Value: ['Protein Homology']
    Key: transl_table, Value: ['11']

GF(type III-B CRISPR-associated protein Cas10/Cmr2, 5450-7247 (1))
type: CDS
location: [2136207:2137509](+)
id: cds-WP_051985719.1
qualifiers:
    Key: Dbxref, Value: ['GenBank:WP_051985719.1']
    Key: ID, Value: ['cds-WP_051985719.1']
    Key: Name, Value: ['WP_051985719.1']
    Key: Ontology_term, Value: ['GO:0043571', 'GO:0003674', 'GO:0005575']
    Key: Parent, Value: ['gene-LMZ02_RS09450']
    Key: gbkey, Value: ['CDS']
    Key: gene, Value: ['cmr3']
    Key: go_component, Value: ['cellular_component|0005575||IEA']
    Key: go_function, Value: ['molecular_function|0003674||IEA']
    Key: go_process, Value: ['maintenance of CRISPR repeat elements|0043571||IEA']
    Key: inference, Value: ['COORDINATES: protein motif:HMM:NF021236.2']
    Key: locus_tag, Value: ['LMZ02_RS09450']
    Key: phase, Value: ['0']
    Key: product, Value: ['type III-B CRISPR module-associated protein Cmr3']
    Key: protein_id, Value: ['WP_051985719.1']
    Key: source, Value: ['Protein Homology']
    Key: transl_table, Value: ['11']

GF(type III-B CRISPR module-associated protein Cmr3, 7215-8517 (1))
type: CDS
location: [2137505:2138516](+)
id: cds-WP_036626393.1
qualifiers:
    Key: Dbxref, Value: ['GenBank:WP_036626393.1']
    Key: ID, Value: ['cds-WP_036626393.1']
    Key: Name, Value: ['WP_036626393.1']
    Key: Ontology_term, Value: ['GO:0043571', 'GO:0003674']
    Key: Parent, Value: ['gene-LMZ02_RS09455']
    Key: gbkey, Value: ['CDS']
    Key: gene, Value: ['cmr4']
    Key: go_function, Value: ['molecular_function|0003674||IEA']
    Key: go_process, Value: ['maintenance of CRISPR repeat elements|0043571||IEA']
    Key: inference, Value: ['COORDINATES: similar to AA sequence:RefSeq:WP_007496715.1']
    Key: locus_tag, Value: ['LMZ02_RS09455']
    Key: phase, Value: ['0']
    Key: product, Value: ['type III-B CRISPR module RAMP protein Cmr4']
    Key: protein_id, Value: ['WP_036626393.1']
    Key: source, Value: ['Protein Homology']
    Key: transl_table, Value: ['11']

GF(type III-B CRISPR module RAMP protein Cmr4, 8513-9524 (1))
type: CDS
location: [2138512:2138890](+)
id: cds-WP_036626392.1
qualifiers:
    Key: Dbxref, Value: ['GenBank:WP_036626392.1']
    Key: ID, Value: ['cds-WP_036626392.1']
    Key: Name, Value: ['WP_036626392.1']
    Key: Ontology_term, Value: ['GO:0043571', 'GO:0003674']
    Key: Parent, Value: ['gene-LMZ02_RS09460']
    Key: gbkey, Value: ['CDS']
    Key: gene, Value: ['cmr5']
    Key: go_function, Value: ['molecular_function|0003674||IEA']
    Key: go_process, Value: ['maintenance of CRISPR repeat elements|0043571||IEA']
    Key: inference, Value: ['COORDINATES: protein motif:HMM:TIGR01881.1']
    Key: locus_tag, Value: ['LMZ02_RS09460']
    Key: phase, Value: ['0']
    Key: product, Value: ['type III-B CRISPR module-associated protein Cmr5']
    Key: protein_id, Value: ['WP_036626392.1']
    Key: source, Value: ['Protein Homology']
    Key: transl_table, Value: ['11']

GF(type III-B CRISPR module-associated protein Cmr5, 9520-9898 (1))
type: CDS
location: [2138919:2139759](+)
id: cds-WP_051985718.1
qualifiers:
    Key: Dbxref, Value: ['GenBank:WP_051985718.1']
    Key: ID, Value: ['cds-WP_051985718.1']
    Key: Name, Value: ['WP_051985718.1']
    Key: Ontology_term, Value: ['GO:0043571', 'GO:0003674']
    Key: Parent, Value: ['gene-LMZ02_RS09465']
    Key: gbkey, Value: ['CDS']
    Key: gene, Value: ['cmr6']
    Key: go_function, Value: ['molecular_function|0003674||IEA']
    Key: go_process, Value: ['maintenance of CRISPR repeat elements|0043571||IEA']
    Key: inference, Value: ['COORDINATES: protein motif:HMM:TIGR01898.1']
    Key: locus_tag, Value: ['LMZ02_RS09465']
    Key: phase, Value: ['0']
    Key: product, Value: ['type III-B CRISPR module RAMP protein Cmr6']
    Key: protein_id, Value: ['WP_051985718.1']
    Key: source, Value: ['Protein Homology']
    Key: transl_table, Value: ['11']

GF(type III-B CRISPR module RAMP protein Cmr6, 9927-10767 (1))
type: CDS
location: [2139736:2140696](+)
id: cds-WP_051985717.1
qualifiers:
    Key: Dbxref, Value: ['GenBank:WP_051985717.1']
    Key: ID, Value: ['cds-WP_051985717.1']
    Key: Name, Value: ['WP_051985717.1']
    Key: Parent, Value: ['gene-LMZ02_RS09470']
    Key: gbkey, Value: ['CDS']
    Key: inference, Value: ['COORDINATES: similar to AA sequence:RefSeq:WP_006284522.1']
    Key: locus_tag, Value: ['LMZ02_RS09470']
    Key: phase, Value: ['0']
    Key: product, Value: ['hypothetical protein']
    Key: protein_id, Value: ['WP_051985717.1']
    Key: source, Value: ['Protein Homology']
    Key: transl_table, Value: ['11']

GF(None, 10744-11704 (1))
type: repeat_region
location: [2130800:2132360](+)
id: NZ_CP086393.1_7
qualifiers:
    Key: Dbxref, Value: ['SO:0001459']
    Key: ID, Value: ['NZ_CP086393.1_7']
    Key: Note, Value: ['GTCGCTCCCTATGCGGGAGCGTGGATTGAAAG']
    Key: Ontology_term, Value: ['CRISPR']
    Key: score, Value: ['1560']
    Key: source, Value: ['CCTyper']

GF(Repeat region, 1808-3368 (0))
type: repeat_region
location: [2140921:2143568](+)
id: NZ_CP086393.1_8
qualifiers:
    Key: Dbxref, Value: ['SO:0001459']
    Key: ID, Value: ['NZ_CP086393.1_8']
    Key: Note, Value: ['GTCGCTCCCTATGCGGGAGCGTGGATTGAAAG']
    Key: Ontology_term, Value: ['CRISPR']
    Key: score, Value: ['2647']
    Key: source, Value: ['CCTyper']

GF(Repeat region, 11929-14576 (0))
graphic feature from known effectors: GF(nucc, 10745-11704 (1))
[GF(type III-B CRISPR module RAMP protein Cmr1, 3999-5475 (1)), GF(type III-B CRISPR-associated protein Cas10/Cmr2, 5450-7247 (1)), GF(type III-B CRISPR module-associated protein Cmr3, 7215-8517 (1)), GF(type III-B CRISPR module RAMP protein Cmr4, 8513-9524 (1)), GF(type III-B CRISPR module-associated protein Cmr5, 9520-9898 (1)), GF(type III-B CRISPR module RAMP protein Cmr6, 9927-10767 (1)), GF(None, 10744-11704 (1)), GF(Repeat region, 1808-3368 (0)), GF(Repeat region, 11929-14576 (0)), GF(nucc, 10745-11704 (1)), GF(CRISPR-Cas locus, 4000-11704 (0))]
