Cas operons file:    Unnamed: 0       Contig  ...           locus_id           sample
0           0  NC_008346.1  ...  GCF_000014725.1_0  GCF_000014725.1

[1 rows x 19 columns]
The chosen contig: NC_008346.1
type: CDS
location: [1991347:1992682](-)
id: cds-WP_011641139.1
qualifiers:
    Key: Dbxref, Value: ['GenBank:WP_011641139.1']
    Key: ID, Value: ['cds-WP_011641139.1']
    Key: Name, Value: ['WP_011641139.1']
    Key: Parent, Value: ['gene-SWOL_RS09030']
    Key: gbkey, Value: ['CDS']
    Key: inference, Value: ['COORDINATES: protein motif:HMM:NF014594.2']
    Key: locus_tag, Value: ['SWOL_RS09030']
    Key: phase, Value: ['0']
    Key: product, Value: ['acetyl-CoA hydrolase/transferase C-terminal domain-containing protein']
    Key: protein_id, Value: ['WP_011641139.1']
    Key: source, Value: ['Protein Homology']
    Key: transl_table, Value: ['11']

GF(acetyl-CoA hydrolase/transferase C-terminal domain-containing protein, 395-1730 (-1))
type: CDS
location: [1993023:1994736](+)
id: cds-WP_011641140.1
qualifiers:
    Key: Dbxref, Value: ['GenBank:WP_011641140.1']
    Key: ID, Value: ['cds-WP_011641140.1']
    Key: Name, Value: ['WP_011641140.1']
    Key: Ontology_term, Value: ['GO:0004803']
    Key: Parent, Value: ['gene-SWOL_RS09035']
    Key: gbkey, Value: ['CDS']
    Key: go_function, Value: ['transposase activity|0004803||IEA']
    Key: inference, Value: ['COORDINATES: similar to AA sequence:RefSeq:WP_019226929.1']
    Key: locus_tag, Value: ['SWOL_RS09035']
    Key: phase, Value: ['0']
    Key: product, Value: ['IS1634 family transposase']
    Key: protein_id, Value: ['WP_011641140.1']
    Key: source, Value: ['Protein Homology']
    Key: transl_table, Value: ['11']

GF(IS1634 family transposase, 2071-3784 (1))
type: CDS
location: [1994951:1996277](-)
id: cds-WP_081424827.1
qualifiers:
    Key: Dbxref, Value: ['GenBank:WP_081424827.1']
    Key: ID, Value: ['cds-WP_081424827.1']
    Key: Name, Value: ['WP_081424827.1']
    Key: Parent, Value: ['gene-SWOL_RS09040']
    Key: gbkey, Value: ['CDS']
    Key: inference, Value: ['COORDINATES: protein motif:HMM:NF021196.2']
    Key: locus_tag, Value: ['SWOL_RS09040']
    Key: phase, Value: ['0']
    Key: product, Value: ['hypothetical protein']
    Key: protein_id, Value: ['WP_081424827.1']
    Key: source, Value: ['Protein Homology']
    Key: transl_table, Value: ['11']

GF(None, 3999-5325 (-1))
type: CDS
location: [1996473:1997694](-)
id: cds-WP_011639960.1-3
qualifiers:
    Key: Dbxref, Value: ['GenBank:WP_011639960.1']
    Key: ID, Value: ['cds-WP_011639960.1-3']
    Key: Name, Value: ['WP_011639960.1']
    Key: Ontology_term, Value: ['GO:0006313', 'GO:0003677', 'GO:0004803']
    Key: Parent, Value: ['gene-SWOL_RS09045']
    Key: gbkey, Value: ['CDS']
    Key: go_function, Value: ['DNA binding|0003677||IEA', 'transposase activity|0004803||IEA']
    Key: go_process, Value: ['transposition, DNA-mediated|0006313||IEA']
    Key: inference, Value: ['COORDINATES: similar to AA sequence:RefSeq:WP_011640148.1']
    Key: locus_tag, Value: ['SWOL_RS09045']
    Key: phase, Value: ['0']
    Key: product, Value: ['transposase']
    Key: protein_id, Value: ['WP_011639960.1']
    Key: source, Value: ['Protein Homology']
    Key: transl_table, Value: ['11']

GF(transposase, 5521-6742 (-1))
type: CDS
location: [1997890:1998220](-)
id: cds-WP_011641142.1
qualifiers:
    Key: Dbxref, Value: ['GenBank:WP_011641142.1']
    Key: ID, Value: ['cds-WP_011641142.1']
    Key: Name, Value: ['WP_011641142.1']
    Key: Ontology_term, Value: ['GO:0043571', 'GO:0004521']
    Key: Parent, Value: ['gene-SWOL_RS09050']
    Key: gbkey, Value: ['CDS']
    Key: gene, Value: ['cas2']
    Key: go_function, Value: ['endoribonuclease activity|0004521||IEA']
    Key: go_process, Value: ['maintenance of CRISPR repeat elements|0043571||IEA']
    Key: inference, Value: ['COORDINATES: similar to AA sequence:RefSeq:WP_013120864.1']
    Key: locus_tag, Value: ['SWOL_RS09050']
    Key: phase, Value: ['0']
    Key: product, Value: ['CRISPR-associated endonuclease Cas2']
    Key: protein_id, Value: ['WP_011641142.1']
    Key: source, Value: ['Protein Homology']
    Key: transl_table, Value: ['11']

GF(CRISPR-associated endonuclease Cas2, 6938-7268 (-1))
type: CDS
location: [1998216:1999227](-)
id: cds-WP_011641143.1
qualifiers:
    Key: Dbxref, Value: ['GenBank:WP_011641143.1']
    Key: ID, Value: ['cds-WP_011641143.1']
    Key: Name, Value: ['WP_011641143.1']
    Key: Ontology_term, Value: ['GO:0043571', 'GO:0004520', 'GO:0046872']
    Key: Parent, Value: ['gene-SWOL_RS09055']
    Key: gbkey, Value: ['CDS']
    Key: gene, Value: ['cas1']
    Key: go_function, Value: ['endodeoxyribonuclease activity|0004520||IEA', 'metal ion binding|0046872||IEA']
    Key: go_process, Value: ['maintenance of CRISPR repeat elements|0043571||IEA']
    Key: inference, Value: ['COORDINATES: protein motif:HMM:TIGR00287.1']
    Key: locus_tag, Value: ['SWOL_RS09055']
    Key: phase, Value: ['0']
    Key: product, Value: ['CRISPR-associated endonuclease Cas1']
    Key: protein_id, Value: ['WP_011641143.1']
    Key: source, Value: ['Protein Homology']
    Key: transl_table, Value: ['11']

GF(CRISPR-associated endonuclease Cas1, 7264-8275 (-1))
type: CDS
location: [2000509:2001787](+)
id: cds-WP_011641144.1
qualifiers:
    Key: Dbxref, Value: ['GenBank:WP_011641144.1']
    Key: ID, Value: ['cds-WP_011641144.1']
    Key: Name, Value: ['WP_011641144.1']
    Key: Ontology_term, Value: ['GO:0004803']
    Key: Parent, Value: ['gene-SWOL_RS09060']
    Key: gbkey, Value: ['CDS']
    Key: go_function, Value: ['transposase activity|0004803||IEA']
    Key: inference, Value: ['COORDINATES: similar to AA sequence:RefSeq:WP_011640152.1']
    Key: locus_tag, Value: ['SWOL_RS09060']
    Key: phase, Value: ['0']
    Key: product, Value: ['IS110 family transposase']
    Key: protein_id, Value: ['WP_011641144.1']
    Key: source, Value: ['Protein Homology']
    Key: transl_table, Value: ['11']

GF(IS110 family transposase, 9557-10835 (1))
type: CDS
location: [2001815:2001968](+)
id: cds-WP_155814122.1-2
qualifiers:
    Key: Dbxref, Value: ['GenBank:WP_155814122.1']
    Key: ID, Value: ['cds-WP_155814122.1-2']
    Key: Name, Value: ['WP_155814122.1']
    Key: Parent, Value: ['gene-SWOL_RS14745']
    Key: gbkey, Value: ['CDS']
    Key: inference, Value: ['COORDINATES: ab initio prediction:GeneMarkS-2+']
    Key: locus_tag, Value: ['SWOL_RS14745']
    Key: phase, Value: ['0']
    Key: product, Value: ['hypothetical protein']
    Key: protein_id, Value: ['WP_155814122.1']
    Key: source, Value: ['GeneMarkS-2+']
    Key: transl_table, Value: ['11']

GF(None, 10863-11016 (1))
type: CDS
location: [2002711:2003461](-)
id: cds-WP_011641145.1
qualifiers:
    Key: Dbxref, Value: ['GenBank:WP_011641145.1']
    Key: ID, Value: ['cds-WP_011641145.1']
    Key: Name, Value: ['WP_011641145.1']
    Key: Ontology_term, Value: ['GO:0043571', 'GO:0004521']
    Key: Parent, Value: ['gene-SWOL_RS09065']
    Key: gbkey, Value: ['CDS']
    Key: gene, Value: ['cas6']
    Key: go_function, Value: ['endoribonuclease activity|0004521||IEA']
    Key: go_process, Value: ['maintenance of CRISPR repeat elements|0043571||IEA']
    Key: inference, Value: ['COORDINATES: protein motif:HMM:TIGR01877.1']
    Key: locus_tag, Value: ['SWOL_RS09065']
    Key: phase, Value: ['0']
    Key: product, Value: ['CRISPR-associated endoribonuclease Cas6']
    Key: protein_id, Value: ['WP_011641145.1']
    Key: source, Value: ['Protein Homology']
    Key: transl_table, Value: ['11']

GF(CRISPR-associated endoribonuclease Cas6, 11759-12509 (-1))
type: CDS
location: [2003611:2004754](-)
id: cds-WP_011641146.1
qualifiers:
    Key: Dbxref, Value: ['GenBank:WP_011641146.1']
    Key: ID, Value: ['cds-WP_011641146.1']
    Key: Name, Value: ['WP_011641146.1']
    Key: Ontology_term, Value: ['GO:0043571', 'GO:0003674']
    Key: Parent, Value: ['gene-SWOL_RS09070']
    Key: gbkey, Value: ['CDS']
    Key: gene, Value: ['csm5']
    Key: go_function, Value: ['molecular_function|0003674||IEA']
    Key: go_process, Value: ['maintenance of CRISPR repeat elements|0043571||IEA']
    Key: inference, Value: ['COORDINATES: protein motif:HMM:TIGR01899.1']
    Key: locus_tag, Value: ['SWOL_RS09070']
    Key: phase, Value: ['0']
    Key: product, Value: ['type III-A CRISPR-associated RAMP protein Csm5']
    Key: protein_id, Value: ['WP_011641146.1']
    Key: source, Value: ['Protein Homology']
    Key: transl_table, Value: ['11']

GF(type III-A CRISPR-associated RAMP protein Csm5, 12659-13802 (-1))
type: CDS
location: [2004750:2005698](-)
id: cds-WP_011641147.1
qualifiers:
    Key: Dbxref, Value: ['GenBank:WP_011641147.1']
    Key: ID, Value: ['cds-WP_011641147.1']
    Key: Name, Value: ['WP_011641147.1']
    Key: Ontology_term, Value: ['GO:0043571', 'GO:0003674']
    Key: Parent, Value: ['gene-SWOL_RS09075']
    Key: gbkey, Value: ['CDS']
    Key: gene, Value: ['csm4']
    Key: go_function, Value: ['molecular_function|0003674||IEA']
    Key: go_process, Value: ['maintenance of CRISPR repeat elements|0043571||IEA']
    Key: inference, Value: ['COORDINATES: protein motif:HMM:TIGR01903.1']
    Key: locus_tag, Value: ['SWOL_RS09075']
    Key: phase, Value: ['0']
    Key: product, Value: ['type III-A CRISPR-associated RAMP protein Csm4']
    Key: protein_id, Value: ['WP_011641147.1']
    Key: source, Value: ['Protein Homology']
    Key: transl_table, Value: ['11']

GF(type III-A CRISPR-associated RAMP protein Csm4, 13798-14746 (-1))
type: CDS
location: [2005672:2006368](-)
id: cds-WP_041427503.1
qualifiers:
    Key: Dbxref, Value: ['GenBank:WP_041427503.1']
    Key: ID, Value: ['cds-WP_041427503.1']
    Key: Name, Value: ['WP_041427503.1']
    Key: Ontology_term, Value: ['GO:0043571', 'GO:0003674']
    Key: Parent, Value: ['gene-SWOL_RS09080']
    Key: gbkey, Value: ['CDS']
    Key: gene, Value: ['csm3']
    Key: go_function, Value: ['molecular_function|0003674||IEA']
    Key: go_process, Value: ['maintenance of CRISPR repeat elements|0043571||IEA']
    Key: inference, Value: ['COORDINATES: similar to AA sequence:RefSeq:WP_015538133.1']
    Key: locus_tag, Value: ['SWOL_RS09080']
    Key: phase, Value: ['0']
    Key: product, Value: ['type III-A CRISPR-associated RAMP protein Csm3']
    Key: protein_id, Value: ['WP_041427503.1']
    Key: source, Value: ['Protein Homology']
    Key: transl_table, Value: ['11']

GF(type III-A CRISPR-associated RAMP protein Csm3, 14720-15416 (-1))
type: CDS
location: [2006387:2006864](-)
id: cds-WP_011641149.1
qualifiers:
    Key: Dbxref, Value: ['GenBank:WP_011641149.1']
    Key: ID, Value: ['cds-WP_011641149.1']
    Key: Name, Value: ['WP_011641149.1']
    Key: Ontology_term, Value: ['GO:0043571', 'GO:0003674']
    Key: Parent, Value: ['gene-SWOL_RS09085']
    Key: gbkey, Value: ['CDS']
    Key: gene, Value: ['csm2']
    Key: go_function, Value: ['molecular_function|0003674||IEA']
    Key: go_process, Value: ['maintenance of CRISPR repeat elements|0043571||IEA']
    Key: inference, Value: ['COORDINATES: protein motif:HMM:NF015695.2']
    Key: locus_tag, Value: ['SWOL_RS09085']
    Key: phase, Value: ['0']
    Key: product, Value: ['type III-A CRISPR-associated protein Csm2']
    Key: protein_id, Value: ['WP_011641149.1']
    Key: source, Value: ['Protein Homology']
    Key: transl_table, Value: ['11']

GF(type III-A CRISPR-associated protein Csm2, 15435-15912 (-1))
type: CDS
location: [2006856:2009283](-)
id: cds-WP_011641150.1
qualifiers:
    Key: Dbxref, Value: ['GenBank:WP_011641150.1']
    Key: ID, Value: ['cds-WP_011641150.1']
    Key: Name, Value: ['WP_011641150.1']
    Key: Ontology_term, Value: ['GO:0043571', 'GO:0003674']
    Key: Parent, Value: ['gene-SWOL_RS09090']
    Key: gbkey, Value: ['CDS']
    Key: gene, Value: ['cas10']
    Key: go_function, Value: ['molecular_function|0003674||IEA']
    Key: go_process, Value: ['maintenance of CRISPR repeat elements|0043571||IEA']
    Key: inference, Value: ['COORDINATES: protein motif:HMM:TIGR02578.1']
    Key: locus_tag, Value: ['SWOL_RS09090']
    Key: phase, Value: ['0']
    Key: product, Value: ['type III-A CRISPR-associated protein Cas10/Csm1']
    Key: protein_id, Value: ['WP_011641150.1']
    Key: source, Value: ['Protein Homology']
    Key: transl_table, Value: ['11']

GF(type III-A CRISPR-associated protein Cas10/Csm1, 15904-18331 (-1))
type: CDS
location: [2009535:2011182](+)
id: cds-WP_011639746.1-6
qualifiers:
    Key: Dbxref, Value: ['GenBank:WP_011639746.1']
    Key: ID, Value: ['cds-WP_011639746.1-6']
    Key: Name, Value: ['WP_011639746.1']
    Key: Parent, Value: ['gene-SWOL_RS09095']
    Key: gbkey, Value: ['CDS']
    Key: inference, Value: ['COORDINATES: protein motif:HMM:NF013752.2']
    Key: locus_tag, Value: ['SWOL_RS09095']
    Key: phase, Value: ['0']
    Key: product, Value: ['transposase']
    Key: protein_id, Value: ['WP_011639746.1']
    Key: source, Value: ['Protein Homology']
    Key: transl_table, Value: ['11']

GF(transposase, 18583-20230 (1))
type: CDS
location: [2011815:2012220](-)
id: cds-WP_242649400.1
qualifiers:
    Key: Dbxref, Value: ['GenBank:WP_242649400.1']
    Key: ID, Value: ['cds-WP_242649400.1']
    Key: Name, Value: ['WP_242649400.1']
    Key: Ontology_term, Value: ['GO:0016020']
    Key: Parent, Value: ['gene-SWOL_RS14930']
    Key: gbkey, Value: ['CDS']
    Key: go_component, Value: ['membrane|0016020||IEA']
    Key: inference, Value: ['COORDINATES: protein motif:HMM:NF016154.2']
    Key: locus_tag, Value: ['SWOL_RS14930']
    Key: phase, Value: ['0']
    Key: product, Value: ['DUF421 domain-containing protein']
    Key: protein_id, Value: ['WP_242649400.1']
    Key: source, Value: ['Protein Homology']
    Key: transl_table, Value: ['11']

GF(DUF421 domain-containing protein, 20863-21268 (-1))
type: repeat_region
location: [1999254:2000383](+)
id: NC_008346.1_2
qualifiers:
    Key: Dbxref, Value: ['SO:0001459']
    Key: ID, Value: ['NC_008346.1_2']
    Key: Note, Value: ['GTTTCCGTCCCCTTAAAGGGGTCCTTCGTTTTTAAT']
    Key: Ontology_term, Value: ['CRISPR']
    Key: score, Value: ['1129']
    Key: source, Value: ['CCTyper']

GF(Repeat region, 8302-9431 (0))
type: repeat_region
location: [2002262:2002514](+)
id: NC_008346.1_3
qualifiers:
    Key: Dbxref, Value: ['SO:0001459']
    Key: ID, Value: ['NC_008346.1_3']
    Key: Note, Value: ['GTTTCCGTCCCCTTAAAGGGGTCCTTCGTTTTTAAT']
    Key: Ontology_term, Value: ['CRISPR']
    Key: score, Value: ['252']
    Key: source, Value: ['CCTyper']

GF(Repeat region, 11310-11562 (0))
graphic feature from known effectors: GF(csm6-ca6, 4000-5325 (-1))
[GF(acetyl-CoA hydrolase/transferase C-terminal domain-containing protein, 395-1730 (-1)), GF(IS1634 family transposase, 2071-3784 (1)), GF(None, 3999-5325 (-1)), GF(transposase, 5521-6742 (-1)), GF(CRISPR-associated endonuclease Cas2, 6938-7268 (-1)), GF(CRISPR-associated endonuclease Cas1, 7264-8275 (-1)), GF(IS110 family transposase, 9557-10835 (1)), GF(None, 10863-11016 (1)), GF(CRISPR-associated endoribonuclease Cas6, 11759-12509 (-1)), GF(type III-A CRISPR-associated RAMP protein Csm5, 12659-13802 (-1)), GF(type III-A CRISPR-associated RAMP protein Csm4, 13798-14746 (-1)), GF(type III-A CRISPR-associated RAMP protein Csm3, 14720-15416 (-1)), GF(type III-A CRISPR-associated protein Csm2, 15435-15912 (-1)), GF(type III-A CRISPR-associated protein Cas10/Csm1, 15904-18331 (-1)), GF(transposase, 18583-20230 (1)), GF(DUF421 domain-containing protein, 20863-21268 (-1)), GF(Repeat region, 8302-9431 (0)), GF(Repeat region, 11310-11562 (0)), GF(csm6-ca6, 4000-5325 (-1)), GF(CRISPR-Cas locus, 4000-18331 (0))]
