Cas operons file:    Unnamed: 0       Contig  ...           locus_id           sample
0           1  NC_018870.1  ...  GCF_000305935.1_1  GCF_000305935.1

[1 rows x 19 columns]
The chosen contig: NC_018870.1
type: CDS
location: [2464856:2465594](-)
id: cds-WP_015051476.1
qualifiers:
    Key: Dbxref, Value: ['GenBank:WP_015051476.1']
    Key: ID, Value: ['cds-WP_015051476.1']
    Key: Name, Value: ['WP_015051476.1']
    Key: Ontology_term, Value: ['GO:0043571', 'GO:0004521']
    Key: Parent, Value: ['gene-TPH_RS12080']
    Key: gbkey, Value: ['CDS']
    Key: gene, Value: ['cas6']
    Key: go_function, Value: ['RNA endonuclease activity|0004521||IEA']
    Key: go_process, Value: ['maintenance of CRISPR repeat elements|0043571||IEA']
    Key: inference, Value: ['COORDINATES: protein motif:HMM:TIGR01877.1']
    Key: locus_tag, Value: ['TPH_RS12080']
    Key: phase, Value: ['0']
    Key: product, Value: ['CRISPR-associated endoribonuclease Cas6']
    Key: protein_id, Value: ['WP_015051476.1']
    Key: source, Value: ['Protein Homology']
    Key: transl_table, Value: ['11']

GF(CRISPR-associated endoribonuclease Cas6, 3999-4737 (-1))
type: CDS
location: [2465607:2465871](-)
id: cds-WP_015051477.1
qualifiers:
    Key: Dbxref, Value: ['GenBank:WP_015051477.1']
    Key: ID, Value: ['cds-WP_015051477.1']
    Key: Name, Value: ['WP_015051477.1']
    Key: Ontology_term, Value: ['GO:0043571', 'GO:0004521']
    Key: Parent, Value: ['gene-TPH_RS12085']
    Key: gbkey, Value: ['CDS']
    Key: gene, Value: ['cas2']
    Key: go_function, Value: ['RNA endonuclease activity|0004521||IEA']
    Key: go_process, Value: ['maintenance of CRISPR repeat elements|0043571||IEA']
    Key: inference, Value: ['COORDINATES: similar to AA sequence:RefSeq:WP_015738694.1']
    Key: locus_tag, Value: ['TPH_RS12085']
    Key: phase, Value: ['0']
    Key: product, Value: ['CRISPR-associated endonuclease Cas2']
    Key: protein_id, Value: ['WP_015051477.1']
    Key: source, Value: ['Protein Homology']
    Key: transl_table, Value: ['11']

GF(CRISPR-associated endonuclease Cas2, 4750-5014 (-1))
type: CDS
location: [2465873:2466866](-)
id: cds-WP_015051478.1
qualifiers:
    Key: Dbxref, Value: ['GenBank:WP_015051478.1']
    Key: ID, Value: ['cds-WP_015051478.1']
    Key: Name, Value: ['WP_015051478.1']
    Key: Ontology_term, Value: ['GO:0043571', 'GO:0004520']
    Key: Parent, Value: ['gene-TPH_RS12090']
    Key: gbkey, Value: ['CDS']
    Key: gene, Value: ['cas1b']
    Key: go_function, Value: ['DNA endonuclease activity|0004520||IEA']
    Key: go_process, Value: ['maintenance of CRISPR repeat elements|0043571||IEA']
    Key: inference, Value: ['COORDINATES: similar to AA sequence:RefSeq:WP_003867575.1']
    Key: locus_tag, Value: ['TPH_RS12090']
    Key: phase, Value: ['0']
    Key: product, Value: ['type I-B CRISPR-associated endonuclease Cas1b']
    Key: protein_id, Value: ['WP_015051478.1']
    Key: source, Value: ['Protein Homology']
    Key: transl_table, Value: ['11']

GF(type I-B CRISPR-associated endonuclease Cas1b, 5016-6009 (-1))
type: CDS
location: [2466877:2467393](-)
id: cds-WP_015051479.1
qualifiers:
    Key: Dbxref, Value: ['GenBank:WP_015051479.1']
    Key: ID, Value: ['cds-WP_015051479.1']
    Key: Name, Value: ['WP_015051479.1']
    Key: Ontology_term, Value: ['GO:0043571', 'GO:0004518']
    Key: Parent, Value: ['gene-TPH_RS12095']
    Key: gbkey, Value: ['CDS']
    Key: gene, Value: ['cas4']
    Key: go_function, Value: ['nuclease activity|0004518||IEA']
    Key: go_process, Value: ['maintenance of CRISPR repeat elements|0043571||IEA']
    Key: inference, Value: ['COORDINATES: similar to AA sequence:RefSeq:WP_013781801.1']
    Key: locus_tag, Value: ['TPH_RS12095']
    Key: phase, Value: ['0']
    Key: product, Value: ['CRISPR-associated protein Cas4']
    Key: protein_id, Value: ['WP_015051479.1']
    Key: source, Value: ['Protein Homology']
    Key: transl_table, Value: ['11']

GF(CRISPR-associated protein Cas4, 6020-6536 (-1))
type: CDS
location: [2467373:2469641](-)
id: cds-WP_015051480.1
qualifiers:
    Key: Dbxref, Value: ['GenBank:WP_015051480.1']
    Key: ID, Value: ['cds-WP_015051480.1']
    Key: Name, Value: ['WP_015051480.1']
    Key: Parent, Value: ['gene-TPH_RS12100']
    Key: gbkey, Value: ['CDS']
    Key: inference, Value: ['COORDINATES: protein motif:HMM:TIGR01587.1']
    Key: locus_tag, Value: ['TPH_RS12100']
    Key: phase, Value: ['0']
    Key: product, Value: ['CRISPR-associated helicase/endonuclease Cas3']
    Key: protein_id, Value: ['WP_015051480.1']
    Key: source, Value: ['Protein Homology']
    Key: transl_table, Value: ['11']

GF(CRISPR-associated helicase/endonuclease Cas3, 6516-8784 (-1))
type: CDS
location: [2469627:2470350](-)
id: cds-WP_015051481.1
qualifiers:
    Key: Dbxref, Value: ['GenBank:WP_015051481.1']
    Key: ID, Value: ['cds-WP_015051481.1']
    Key: Name, Value: ['WP_015051481.1']
    Key: Ontology_term, Value: ['GO:0043571', 'GO:0003674']
    Key: Parent, Value: ['gene-TPH_RS12105']
    Key: gbkey, Value: ['CDS']
    Key: gene, Value: ['cas5b']
    Key: go_function, Value: ['molecular_function|0003674||IEA']
    Key: go_process, Value: ['maintenance of CRISPR repeat elements|0043571||IEA']
    Key: inference, Value: ['COORDINATES: protein motif:HMM:TIGR02592.1']
    Key: locus_tag, Value: ['TPH_RS12105']
    Key: phase, Value: ['0']
    Key: product, Value: ['type I-B CRISPR-associated protein Cas5b']
    Key: protein_id, Value: ['WP_015051481.1']
    Key: source, Value: ['Protein Homology']
    Key: transl_table, Value: ['11']

GF(type I-B CRISPR-associated protein Cas5b, 8770-9493 (-1))
type: CDS
location: [2470356:2471274](-)
id: cds-WP_015051482.1
qualifiers:
    Key: Dbxref, Value: ['GenBank:WP_015051482.1']
    Key: ID, Value: ['cds-WP_015051482.1']
    Key: Name, Value: ['WP_015051482.1']
    Key: Ontology_term, Value: ['GO:0043571', 'GO:0003674']
    Key: Parent, Value: ['gene-TPH_RS12110']
    Key: gbkey, Value: ['CDS']
    Key: gene, Value: ['cas7b']
    Key: go_function, Value: ['molecular_function|0003674||IEA']
    Key: go_process, Value: ['maintenance of CRISPR repeat elements|0043571||IEA']
    Key: inference, Value: ['COORDINATES: protein motif:HMM:TIGR01595.1']
    Key: locus_tag, Value: ['TPH_RS12110']
    Key: phase, Value: ['0']
    Key: product, Value: ['type I-B CRISPR-associated protein Cas7/Csh2']
    Key: protein_id, Value: ['WP_015051482.1']
    Key: source, Value: ['Protein Homology']
    Key: transl_table, Value: ['11']

GF(type I-B CRISPR-associated protein Cas7/Csh2, 9499-10417 (-1))
type: CDS
location: [2471273:2471699](-)
id: cds-WP_015051483.1
qualifiers:
    Key: Dbxref, Value: ['GenBank:WP_015051483.1']
    Key: ID, Value: ['cds-WP_015051483.1']
    Key: Name, Value: ['WP_015051483.1']
    Key: Parent, Value: ['gene-TPH_RS16240']
    Key: gbkey, Value: ['CDS']
    Key: inference, Value: ['COORDINATES: protein motif:HMM:NF021033.4']
    Key: locus_tag, Value: ['TPH_RS16240']
    Key: phase, Value: ['0']
    Key: product, Value: ['TM1802 family CRISPR-associated protein']
    Key: protein_id, Value: ['WP_015051483.1']
    Key: source, Value: ['Protein Homology']
    Key: transl_table, Value: ['11']

GF(TM1802 family CRISPR-associated protein, 10416-10842 (-1))
type: CDS
location: [2471695:2473132](-)
id: cds-WP_015051484.1
qualifiers:
    Key: Dbxref, Value: ['GenBank:WP_015051484.1']
    Key: ID, Value: ['cds-WP_015051484.1']
    Key: Name, Value: ['WP_015051484.1']
    Key: Parent, Value: ['gene-TPH_RS12120']
    Key: gbkey, Value: ['CDS']
    Key: inference, Value: ['COORDINATES: protein motif:HMM:NF021033.4']
    Key: locus_tag, Value: ['TPH_RS12120']
    Key: phase, Value: ['0']
    Key: product, Value: ['TM1802 family CRISPR-associated protein']
    Key: protein_id, Value: ['WP_015051484.1']
    Key: source, Value: ['Protein Homology']
    Key: transl_table, Value: ['11']

GF(TM1802 family CRISPR-associated protein, 10838-12275 (-1))
type: CDS
location: [2473259:2474513](-)
id: cds-WP_015051485.1
qualifiers:
    Key: Dbxref, Value: ['GenBank:WP_015051485.1']
    Key: ID, Value: ['cds-WP_015051485.1']
    Key: Name, Value: ['WP_015051485.1']
    Key: Parent, Value: ['gene-TPH_RS12125']
    Key: gbkey, Value: ['CDS']
    Key: inference, Value: ['COORDINATES: protein motif:HMM:NF021006.4']
    Key: locus_tag, Value: ['TPH_RS12125']
    Key: phase, Value: ['0']
    Key: product, Value: ['TM1812 family CRISPR-associated protein']
    Key: protein_id, Value: ['WP_015051485.1']
    Key: source, Value: ['Protein Homology']
    Key: transl_table, Value: ['11']

GF(TM1812 family CRISPR-associated protein, 12402-13656 (-1))
type: CDS
location: [2474553:2475300](-)
id: cds-WP_015051486.1
qualifiers:
    Key: Dbxref, Value: ['GenBank:WP_015051486.1']
    Key: ID, Value: ['cds-WP_015051486.1']
    Key: Name, Value: ['WP_015051486.1']
    Key: Ontology_term, Value: ['GO:0043571', 'GO:0004521']
    Key: Parent, Value: ['gene-TPH_RS12130']
    Key: gbkey, Value: ['CDS']
    Key: gene, Value: ['cas6']
    Key: go_function, Value: ['RNA endonuclease activity|0004521||IEA']
    Key: go_process, Value: ['maintenance of CRISPR repeat elements|0043571||IEA']
    Key: inference, Value: ['COORDINATES: similar to AA sequence:RefSeq:WP_011026656.1']
    Key: locus_tag, Value: ['TPH_RS12130']
    Key: phase, Value: ['0']
    Key: product, Value: ['CRISPR-associated endoribonuclease Cas6']
    Key: protein_id, Value: ['WP_015051486.1']
    Key: source, Value: ['Protein Homology']
    Key: transl_table, Value: ['11']

GF(CRISPR-associated endoribonuclease Cas6, 13696-14443 (-1))
type: CDS
location: [2475315:2475822](-)
id: cds-WP_015051487.1
qualifiers:
    Key: Dbxref, Value: ['GenBank:WP_015051487.1']
    Key: ID, Value: ['cds-WP_015051487.1']
    Key: Name, Value: ['WP_015051487.1']
    Key: Parent, Value: ['gene-TPH_RS12135']
    Key: gbkey, Value: ['CDS']
    Key: inference, Value: ['COORDINATES: ab initio prediction:GeneMarkS-2+']
    Key: locus_tag, Value: ['TPH_RS12135']
    Key: phase, Value: ['0']
    Key: product, Value: ['hypothetical protein']
    Key: protein_id, Value: ['WP_015051487.1']
    Key: source, Value: ['GeneMarkS-2+']
    Key: transl_table, Value: ['11']

GF(None, 14458-14965 (-1))
type: CDS
location: [2475849:2476947](-)
id: cds-WP_015051488.1
qualifiers:
    Key: Dbxref, Value: ['GenBank:WP_015051488.1']
    Key: ID, Value: ['cds-WP_015051488.1']
    Key: Name, Value: ['WP_015051488.1']
    Key: Parent, Value: ['gene-TPH_RS12140']
    Key: gbkey, Value: ['CDS']
    Key: inference, Value: ['COORDINATES: protein motif:HMM:NF015728.4']
    Key: locus_tag, Value: ['TPH_RS12140']
    Key: phase, Value: ['0']
    Key: product, Value: ['RAMP superfamily CRISPR-associated protein']
    Key: protein_id, Value: ['WP_015051488.1']
    Key: source, Value: ['Protein Homology']
    Key: transl_table, Value: ['11']

GF(RAMP superfamily CRISPR-associated protein, 14992-16090 (-1))
type: CDS
location: [2476939:2477839](-)
id: cds-WP_049886130.1
qualifiers:
    Key: Dbxref, Value: ['GenBank:WP_049886130.1']
    Key: ID, Value: ['cds-WP_049886130.1']
    Key: Name, Value: ['WP_049886130.1']
    Key: Parent, Value: ['gene-TPH_RS12145']
    Key: gbkey, Value: ['CDS']
    Key: inference, Value: ['COORDINATES: protein motif:HMM:NF015728.4']
    Key: locus_tag, Value: ['TPH_RS12145']
    Key: phase, Value: ['0']
    Key: product, Value: ['RAMP superfamily CRISPR-associated protein']
    Key: protein_id, Value: ['WP_049886130.1']
    Key: source, Value: ['Protein Homology']
    Key: transl_table, Value: ['11']

GF(RAMP superfamily CRISPR-associated protein, 16082-16982 (-1))
type: CDS
location: [2477831:2478653](-)
id: cds-WP_015051490.1
qualifiers:
    Key: Dbxref, Value: ['GenBank:WP_015051490.1']
    Key: ID, Value: ['cds-WP_015051490.1']
    Key: Name, Value: ['WP_015051490.1']
    Key: Ontology_term, Value: ['GO:0043571', 'GO:0003674']
    Key: Parent, Value: ['gene-TPH_RS12150']
    Key: gbkey, Value: ['CDS']
    Key: gene, Value: ['csx7']
    Key: go_function, Value: ['molecular_function|0003674||IEA']
    Key: go_process, Value: ['maintenance of CRISPR repeat elements|0043571||IEA']
    Key: inference, Value: ['COORDINATES: protein motif:HMM:TIGR02581.1']
    Key: locus_tag, Value: ['TPH_RS12150']
    Key: phase, Value: ['0']
    Key: product, Value: ['CRISPR-associated RAMP protein Csx7']
    Key: protein_id, Value: ['WP_015051490.1']
    Key: source, Value: ['Protein Homology']
    Key: transl_table, Value: ['11']

GF(CRISPR-associated RAMP protein Csx7, 16974-17796 (-1))
type: CDS
location: [2478636:2479110](-)
id: cds-WP_015051491.1
qualifiers:
    Key: Dbxref, Value: ['GenBank:WP_015051491.1']
    Key: ID, Value: ['cds-WP_015051491.1']
    Key: Name, Value: ['WP_015051491.1']
    Key: Parent, Value: ['gene-TPH_RS12155']
    Key: gbkey, Value: ['CDS']
    Key: inference, Value: ['COORDINATES: ab initio prediction:GeneMarkS-2+']
    Key: locus_tag, Value: ['TPH_RS12155']
    Key: phase, Value: ['0']
    Key: product, Value: ['hypothetical protein']
    Key: protein_id, Value: ['WP_015051491.1']
    Key: source, Value: ['GeneMarkS-2+']
    Key: transl_table, Value: ['11']

GF(None, 17779-18253 (-1))
type: CDS
location: [2479113:2480283](-)
id: cds-WP_015051492.1
qualifiers:
    Key: Dbxref, Value: ['GenBank:WP_015051492.1']
    Key: ID, Value: ['cds-WP_015051492.1']
    Key: Name, Value: ['WP_015051492.1']
    Key: Parent, Value: ['gene-TPH_RS12160']
    Key: gbkey, Value: ['CDS']
    Key: inference, Value: ['COORDINATES: ab initio prediction:GeneMarkS-2+']
    Key: locus_tag, Value: ['TPH_RS12160']
    Key: phase, Value: ['0']
    Key: product, Value: ['hypothetical protein']
    Key: protein_id, Value: ['WP_015051492.1']
    Key: source, Value: ['GeneMarkS-2+']
    Key: transl_table, Value: ['11']

GF(None, 18256-19426 (-1))
type: CDS
location: [2480285:2480867](-)
id: cds-WP_015051493.1
qualifiers:
    Key: Dbxref, Value: ['GenBank:WP_015051493.1']
    Key: ID, Value: ['cds-WP_015051493.1']
    Key: Name, Value: ['WP_015051493.1']
    Key: Parent, Value: ['gene-TPH_RS12165']
    Key: gbkey, Value: ['CDS']
    Key: inference, Value: ['COORDINATES: protein motif:HMM:NF015728.4']
    Key: locus_tag, Value: ['TPH_RS12165']
    Key: phase, Value: ['0']
    Key: product, Value: ['RAMP superfamily CRISPR-associated protein']
    Key: protein_id, Value: ['WP_015051493.1']
    Key: source, Value: ['Protein Homology']
    Key: transl_table, Value: ['11']

GF(RAMP superfamily CRISPR-associated protein, 19428-20010 (-1))
type: CDS
location: [2480863:2483098](-)
id: cds-WP_015051494.1
qualifiers:
    Key: Dbxref, Value: ['GenBank:WP_015051494.1']
    Key: ID, Value: ['cds-WP_015051494.1']
    Key: Name, Value: ['WP_015051494.1']
    Key: Parent, Value: ['gene-TPH_RS12170']
    Key: gbkey, Value: ['CDS']
    Key: inference, Value: ['COORDINATES: ab initio prediction:GeneMarkS-2+']
    Key: locus_tag, Value: ['TPH_RS12170']
    Key: phase, Value: ['0']
    Key: product, Value: ['CRISPR-associated hydrolase of the HD superfamily']
    Key: protein_id, Value: ['WP_015051494.1']
    Key: source, Value: ['GeneMarkS-2+']
    Key: transl_table, Value: ['11']

GF(CRISPR-associated hydrolase of the HD superfamily, 20006-22241 (-1))
type: CDS
location: [2483153:2483534](-)
id: cds-WP_015051495.1
qualifiers:
    Key: Dbxref, Value: ['GenBank:WP_015051495.1']
    Key: ID, Value: ['cds-WP_015051495.1']
    Key: Name, Value: ['WP_015051495.1']
    Key: Parent, Value: ['gene-TPH_RS12175']
    Key: gbkey, Value: ['CDS']
    Key: gene, Value: ['csx15']
    Key: inference, Value: ['COORDINATES: similar to AA sequence:RefSeq:WP_011026657.1']
    Key: locus_tag, Value: ['TPH_RS12175']
    Key: phase, Value: ['0']
    Key: product, Value: ['CRISPR-associated protein Csx15']
    Key: protein_id, Value: ['WP_015051495.1']
    Key: source, Value: ['Protein Homology']
    Key: transl_table, Value: ['11']

GF(CRISPR-associated protein Csx15, 22296-22677 (-1))
type: CDS
location: [2483538:2484432](-)
id: cds-WP_015051496.1
qualifiers:
    Key: Dbxref, Value: ['GenBank:WP_015051496.1']
    Key: ID, Value: ['cds-WP_015051496.1']
    Key: Name, Value: ['WP_015051496.1']
    Key: Parent, Value: ['gene-TPH_RS12180']
    Key: gbkey, Value: ['CDS']
    Key: inference, Value: ['COORDINATES: protein motif:HMM:NF020571.4']
    Key: locus_tag, Value: ['TPH_RS12180']
    Key: phase, Value: ['0']
    Key: product, Value: ['DUF1887 family CARF protein']
    Key: protein_id, Value: ['WP_015051496.1']
    Key: source, Value: ['Protein Homology']
    Key: transl_table, Value: ['11']

GF(DUF1887 family CARF protein, 22681-23575 (-1))
type: CDS
location: [2484452:2485337](-)
id: cds-WP_236608795.1
qualifiers:
    Key: Dbxref, Value: ['GenBank:WP_236608795.1']
    Key: ID, Value: ['cds-WP_236608795.1']
    Key: Name, Value: ['WP_236608795.1']
    Key: Parent, Value: ['gene-TPH_RS12185']
    Key: gbkey, Value: ['CDS']
    Key: inference, Value: ['COORDINATES: similar to AA sequence:RefSeq:WP_009609698.1']
    Key: locus_tag, Value: ['TPH_RS12185']
    Key: phase, Value: ['0']
    Key: product, Value: ['CRISPR-associated ring nuclease']
    Key: protein_id, Value: ['WP_236608795.1']
    Key: source, Value: ['Protein Homology']
    Key: transl_table, Value: ['11']

GF(CRISPR-associated ring nuclease, 23595-24480 (-1))
type: CDS
location: [2486022:2486703](+)
id: cds-WP_201764453.1
qualifiers:
    Key: Dbxref, Value: ['GenBank:WP_201764453.1']
    Key: ID, Value: ['cds-WP_201764453.1']
    Key: Name, Value: ['WP_201764453.1']
    Key: Parent, Value: ['gene-TPH_RS12190']
    Key: gbkey, Value: ['CDS']
    Key: inference, Value: ['COORDINATES: protein motif:HMM:NF019947.4']
    Key: locus_tag, Value: ['TPH_RS12190']
    Key: phase, Value: ['0']
    Key: product, Value: ['PAS domain-containing protein']
    Key: protein_id, Value: ['WP_201764453.1']
    Key: source, Value: ['Protein Homology']
    Key: transl_table, Value: ['11']

GF(PAS domain-containing protein, 25165-25846 (1))
type: CDS
location: [2486923:2488243](+)
id: cds-WP_015051499.1
qualifiers:
    Key: Dbxref, Value: ['GenBank:WP_015051499.1']
    Key: ID, Value: ['cds-WP_015051499.1']
    Key: Name, Value: ['WP_015051499.1']
    Key: Parent, Value: ['gene-TPH_RS12195']
    Key: gbkey, Value: ['CDS']
    Key: inference, Value: ['COORDINATES: protein motif:HMM:NF015284.4']
    Key: locus_tag, Value: ['TPH_RS12195']
    Key: phase, Value: ['0']
    Key: product, Value: ['L-serine ammonia-lyase, iron-sulfur-dependent, subunit alpha']
    Key: protein_id, Value: ['WP_015051499.1']
    Key: source, Value: ['Protein Homology']
    Key: transl_table, Value: ['11']

GF(L-serine ammonia-lyase, iron-sulfur-dependent, subunit alpha, 26066-27386 (1))
type: repeat_region
location: [2463741:2464503](+)
id: NC_018870.1_11
qualifiers:
    Key: Dbxref, Value: ['SO:0001459']
    Key: ID, Value: ['NC_018870.1_11']
    Key: Note, Value: ['GTTTCAATTCCTCATAGGTACGCTGAAAAC']
    Key: Ontology_term, Value: ['CRISPR']
    Key: score, Value: ['762']
    Key: source, Value: ['CCTyper']

GF(Repeat region, 2884-3646 (0))
graphic feature from cctyper protein table: GF(Cas6, 4000-4737 (-1))
graphic feature from cctyper protein table: GF(Cas2, 4751-5014 (-1))
graphic feature from cctyper protein table: GF(Cas1, 5017-6009 (-1))
graphic feature from cctyper protein table: GF(Cas4, 6021-6536 (-1))
graphic feature from cctyper protein table: GF(Cas3, 6517-8784 (-1))
graphic feature from cctyper protein table: GF(Cas5, 8771-9493 (-1))
graphic feature from cctyper protein table: GF(Cas7, 9500-10417 (-1))
graphic feature from cctyper protein table: GF(Cas8b1, 10417-10842 (-1))
graphic feature from cctyper protein table: GF(Cas8b1, 10839-12275 (-1))
graphic feature from cctyper protein table: GF(Csx1, 12403-13656 (-1))
graphic feature from cctyper protein table: GF(Cas6, 13697-14443 (-1))
graphic feature from cctyper protein table: GF(Csm2gr11, 14459-14965 (-1))
graphic feature from cctyper protein table: GF(Csm3gr7, 14993-16090 (-1))
graphic feature from cctyper protein table: GF(Csm3gr7, 16083-16982 (-1))
graphic feature from cctyper protein table: GF(Csm3gr7, 16975-17796 (-1))
graphic feature from cctyper protein table: GF(Csm2, 17780-18253 (-1))
graphic feature from cctyper protein table: GF(Csx10gr5, 18257-19426 (-1))
graphic feature from cctyper protein table: GF(Csm3gr7, 19429-20010 (-1))
graphic feature from cctyper protein table: GF(Cas10, 20007-22241 (-1))
graphic feature from cctyper protein table: GF(Csx15, 22297-22677 (-1))
graphic feature from cctyper protein table: GF(Can2, 22682-23575 (-1))
graphic feature from cctyper protein table: GF(Csx1, 23596-24480 (-1))
Index(['protein_id', 'start', 'end', 'effector', 'locus', 'sample', 'strand',
       'sequence', 'type'],
      dtype='object')
graphic feature from known effectors: GF(csx1, 12403-13656 (-1))
graphic feature from known effectors: GF(can1-2, 22682-23575 (-1))
Index(['protein_id', 'start', 'end', 'effector', 'locus', 'sample', 'strand',
       'sequence', 'type'],
      dtype='object')
graphic feature from ring nucleases: GF(csx15, 22297-22677 (-1))
graphic feature from ring nucleases: GF(crn1, 23596-24480 (-1))
[GF(CRISPR-associated endoribonuclease Cas6, 3999-4737 (-1)), GF(CRISPR-associated endonuclease Cas2, 4750-5014 (-1)), GF(type I-B CRISPR-associated endonuclease Cas1b, 5016-6009 (-1)), GF(CRISPR-associated protein Cas4, 6020-6536 (-1)), GF(CRISPR-associated helicase/endonuclease Cas3, 6516-8784 (-1)), GF(type I-B CRISPR-associated protein Cas5b, 8770-9493 (-1)), GF(type I-B CRISPR-associated protein Cas7/Csh2, 9499-10417 (-1)), GF(TM1802 family CRISPR-associated protein, 10416-10842 (-1)), GF(TM1802 family CRISPR-associated protein, 10838-12275 (-1)), GF(TM1812 family CRISPR-associated protein, 12402-13656 (-1)), GF(CRISPR-associated endoribonuclease Cas6, 13696-14443 (-1)), GF(None, 14458-14965 (-1)), GF(RAMP superfamily CRISPR-associated protein, 14992-16090 (-1)), GF(RAMP superfamily CRISPR-associated protein, 16082-16982 (-1)), GF(CRISPR-associated RAMP protein Csx7, 16974-17796 (-1)), GF(None, 17779-18253 (-1)), GF(None, 18256-19426 (-1)), GF(RAMP superfamily CRISPR-associated protein, 19428-20010 (-1)), GF(CRISPR-associated hydrolase of the HD superfamily, 20006-22241 (-1)), GF(CRISPR-associated protein Csx15, 22296-22677 (-1)), GF(DUF1887 family CARF protein, 22681-23575 (-1)), GF(CRISPR-associated ring nuclease, 23595-24480 (-1)), GF(PAS domain-containing protein, 25165-25846 (1)), GF(L-serine ammonia-lyase, iron-sulfur-dependent, subunit alpha, 26066-27386 (1)), GF(Repeat region, 2884-3646 (0)), GF(Cas6, 4000-4737 (-1)), GF(Cas2, 4751-5014 (-1)), GF(Cas1, 5017-6009 (-1)), GF(Cas4, 6021-6536 (-1)), GF(Cas3, 6517-8784 (-1)), GF(Cas5, 8771-9493 (-1)), GF(Cas7, 9500-10417 (-1)), GF(Cas8b1, 10417-10842 (-1)), GF(Cas8b1, 10839-12275 (-1)), GF(Csx1, 12403-13656 (-1)), GF(Cas6, 13697-14443 (-1)), GF(Csm2gr11, 14459-14965 (-1)), GF(Csm3gr7, 14993-16090 (-1)), GF(Csm3gr7, 16083-16982 (-1)), GF(Csm3gr7, 16975-17796 (-1)), GF(Csm2, 17780-18253 (-1)), GF(Csx10gr5, 18257-19426 (-1)), GF(Csm3gr7, 19429-20010 (-1)), GF(Cas10, 20007-22241 (-1)), GF(Csx15, 22297-22677 (-1)), GF(Can2, 22682-23575 (-1)), GF(Csx1, 23596-24480 (-1)), GF(csx1, 12403-13656 (-1)), GF(can1-2, 22682-23575 (-1)), GF(csx15, 22297-22677 (-1)), GF(crn1, 23596-24480 (-1)), GF(CRISPR-Cas locus, 4000-24474 (0))]
