Cas operons file:    Unnamed: 0         Contig  ...           locus_id           sample
0           0  NZ_CP091284.1  ...  GCF_021650815.1_0  GCF_021650815.1

[1 rows x 19 columns]
The chosen contig: NZ_CP091284.1
type: CDS
location: [63565:63847](+)
id: cds-WP_006277913.1
qualifiers:
    Key: Dbxref, Value: ['GenBank:WP_006277913.1']
    Key: ID, Value: ['cds-WP_006277913.1']
    Key: Name, Value: ['WP_006277913.1']
    Key: Ontology_term, Value: ['GO:0043571', 'GO:0004521']
    Key: Parent, Value: ['gene-L3I90_RS00295']
    Key: gbkey, Value: ['CDS']
    Key: gene, Value: ['cas2']
    Key: go_function, Value: ['RNA endonuclease activity|0004521||IEA']
    Key: go_process, Value: ['maintenance of CRISPR repeat elements|0043571||IEA']
    Key: inference, Value: ['COORDINATES: similar to AA sequence:RefSeq:WP_015116143.1']
    Key: locus_tag, Value: ['L3I90_RS00295']
    Key: phase, Value: ['0']
    Key: product, Value: ['CRISPR-associated endonuclease Cas2']
    Key: protein_id, Value: ['WP_006277913.1']
    Key: source, Value: ['Protein Homology']
    Key: transl_table, Value: ['11']

GF(CRISPR-associated endonuclease Cas2, 491-773 (1))
type: CDS
location: [66592:66793](+)
id: cds-WP_006278807.1
qualifiers:
    Key: Dbxref, Value: ['GenBank:WP_006278807.1']
    Key: ID, Value: ['cds-WP_006278807.1']
    Key: Name, Value: ['WP_006278807.1']
    Key: Parent, Value: ['gene-L3I90_RS00300']
    Key: gbkey, Value: ['CDS']
    Key: inference, Value: ['COORDINATES: similar to AA sequence:RefSeq:WP_015081078.1']
    Key: locus_tag, Value: ['L3I90_RS00300']
    Key: phase, Value: ['0']
    Key: product, Value: ['type II toxin-antitoxin system HicB family antitoxin']
    Key: protein_id, Value: ['WP_006278807.1']
    Key: source, Value: ['Protein Homology']
    Key: transl_table, Value: ['11']

GF(type II toxin-antitoxin system HicB family antitoxin, 3518-3719 (1))
type: CDS
location: [66789:66999](+)
id: cds-WP_006278808.1
qualifiers:
    Key: Dbxref, Value: ['GenBank:WP_006278808.1']
    Key: ID, Value: ['cds-WP_006278808.1']
    Key: Name, Value: ['WP_006278808.1']
    Key: Ontology_term, Value: ['GO:0003729']
    Key: Parent, Value: ['gene-L3I90_RS00305']
    Key: gbkey, Value: ['CDS']
    Key: go_function, Value: ['mRNA binding|0003729||IEA']
    Key: inference, Value: ['COORDINATES: similar to AA sequence:RefSeq:WP_015216522.1']
    Key: locus_tag, Value: ['L3I90_RS00305']
    Key: phase, Value: ['0']
    Key: product, Value: ['type II toxin-antitoxin system HicA family toxin']
    Key: protein_id, Value: ['WP_006278808.1']
    Key: source, Value: ['Protein Homology']
    Key: transl_table, Value: ['11']

GF(type II toxin-antitoxin system HicA family toxin, 3715-3925 (1))
type: CDS
location: [67073:69209](-)
id: cds-WP_256450118.1
qualifiers:
    Key: Dbxref, Value: ['GenBank:WP_256450118.1']
    Key: ID, Value: ['cds-WP_256450118.1']
    Key: Name, Value: ['WP_256450118.1']
    Key: Parent, Value: ['gene-L3I90_RS00310']
    Key: gbkey, Value: ['CDS']
    Key: inference, Value: ['COORDINATES: protein motif:HMM:NF024676.2']
    Key: locus_tag, Value: ['L3I90_RS00310']
    Key: phase, Value: ['0']
    Key: product, Value: ['WYL domain-containing protein']
    Key: protein_id, Value: ['WP_256450118.1']
    Key: source, Value: ['Protein Homology']
    Key: transl_table, Value: ['11']

GF(WYL domain-containing protein, 3999-6135 (-1))
type: CDS
location: [69694:72892](+)
id: cds-WP_236308463.1
qualifiers:
    Key: Dbxref, Value: ['GenBank:WP_236308463.1']
    Key: ID, Value: ['cds-WP_236308463.1']
    Key: Name, Value: ['WP_236308463.1']
    Key: Parent, Value: ['gene-L3I90_RS00315']
    Key: gbkey, Value: ['CDS']
    Key: inference, Value: ['COORDINATES: similar to AA sequence:RefSeq:WP_015217680.1']
    Key: locus_tag, Value: ['L3I90_RS00315']
    Key: phase, Value: ['0']
    Key: product, Value: ['type III-B CRISPR-associated protein Cas10/Cmr2']
    Key: protein_id, Value: ['WP_236308463.1']
    Key: source, Value: ['Protein Homology']
    Key: transl_table, Value: ['11']

GF(type III-B CRISPR-associated protein Cas10/Cmr2, 6620-9818 (1))
type: CDS
location: [73083:74313](+)
id: cds-WP_236308464.1
qualifiers:
    Key: Dbxref, Value: ['GenBank:WP_236308464.1']
    Key: ID, Value: ['cds-WP_236308464.1']
    Key: Name, Value: ['WP_236308464.1']
    Key: Parent, Value: ['gene-L3I90_RS00320']
    Key: gbkey, Value: ['CDS']
    Key: inference, Value: ['COORDINATES: similar to AA sequence:RefSeq:WP_006278123.1']
    Key: locus_tag, Value: ['L3I90_RS00320']
    Key: phase, Value: ['0']
    Key: product, Value: ['type III-B CRISPR module-associated protein Cmr3']
    Key: protein_id, Value: ['WP_236308464.1']
    Key: source, Value: ['Protein Homology']
    Key: transl_table, Value: ['11']

GF(type III-B CRISPR module-associated protein Cmr3, 10009-11239 (1))
type: CDS
location: [74319:75249](+)
id: cds-WP_236308465.1
qualifiers:
    Key: Dbxref, Value: ['GenBank:WP_236308465.1']
    Key: ID, Value: ['cds-WP_236308465.1']
    Key: Name, Value: ['WP_236308465.1']
    Key: Ontology_term, Value: ['GO:0043571', 'GO:0003674']
    Key: Parent, Value: ['gene-L3I90_RS00325']
    Key: gbkey, Value: ['CDS']
    Key: gene, Value: ['cmr4']
    Key: go_function, Value: ['molecular_function|0003674||IEA']
    Key: go_process, Value: ['maintenance of CRISPR repeat elements|0043571||IEA']
    Key: inference, Value: ['COORDINATES: similar to AA sequence:RefSeq:WP_006278814.1']
    Key: locus_tag, Value: ['L3I90_RS00325']
    Key: phase, Value: ['0']
    Key: product, Value: ['type III-B CRISPR module RAMP protein Cmr4']
    Key: protein_id, Value: ['WP_236308465.1']
    Key: source, Value: ['Protein Homology']
    Key: transl_table, Value: ['11']

GF(type III-B CRISPR module RAMP protein Cmr4, 11245-12175 (1))
type: CDS
location: [75417:75801](+)
id: cds-WP_006278815.1
qualifiers:
    Key: Dbxref, Value: ['GenBank:WP_006278815.1']
    Key: ID, Value: ['cds-WP_006278815.1']
    Key: Name, Value: ['WP_006278815.1']
    Key: Parent, Value: ['gene-L3I90_RS00330']
    Key: gbkey, Value: ['CDS']
    Key: inference, Value: ['COORDINATES: similar to AA sequence:RefSeq:WP_016874568.1']
    Key: locus_tag, Value: ['L3I90_RS00330']
    Key: phase, Value: ['0']
    Key: product, Value: ['hypothetical protein']
    Key: protein_id, Value: ['WP_006278815.1']
    Key: source, Value: ['Protein Homology']
    Key: transl_table, Value: ['11']

GF(None, 12343-12727 (1))
type: CDS
location: [75816:77709](+)
id: cds-WP_236308466.1
qualifiers:
    Key: Dbxref, Value: ['GenBank:WP_236308466.1']
    Key: ID, Value: ['cds-WP_236308466.1']
    Key: Name, Value: ['WP_236308466.1']
    Key: Parent, Value: ['gene-L3I90_RS00335']
    Key: gbkey, Value: ['CDS']
    Key: inference, Value: ['COORDINATES: similar to AA sequence:RefSeq:WP_006278816.1']
    Key: locus_tag, Value: ['L3I90_RS00335']
    Key: phase, Value: ['0']
    Key: product, Value: ['RAMP superfamily CRISPR-associated protein']
    Key: protein_id, Value: ['WP_236308466.1']
    Key: source, Value: ['Protein Homology']
    Key: transl_table, Value: ['11']

GF(RAMP superfamily CRISPR-associated protein, 12742-14635 (1))
type: CDS
location: [77943:80025](+)
id: cds-WP_236308467.1
qualifiers:
    Key: Dbxref, Value: ['GenBank:WP_236308467.1']
    Key: ID, Value: ['cds-WP_236308467.1']
    Key: Name, Value: ['WP_236308467.1']
    Key: Ontology_term, Value: ['GO:0003676']
    Key: Parent, Value: ['gene-L3I90_RS00340']
    Key: gbkey, Value: ['CDS']
    Key: go_function, Value: ['nucleic acid binding|0003676||IEA']
    Key: inference, Value: ['COORDINATES: protein motif:HMM:NF012784.2']
    Key: locus_tag, Value: ['L3I90_RS00340']
    Key: phase, Value: ['0']
    Key: product, Value: ['S1 RNA-binding domain-containing protein']
    Key: protein_id, Value: ['WP_236308467.1']
    Key: source, Value: ['Protein Homology']
    Key: transl_table, Value: ['11']

GF(S1 RNA-binding domain-containing protein, 14869-16951 (1))
type: CDS
location: [80338:80569](-)
id: cds-WP_236308468.1
qualifiers:
    Key: Dbxref, Value: ['GenBank:WP_236308468.1']
    Key: ID, Value: ['cds-WP_236308468.1']
    Key: Name, Value: ['WP_236308468.1']
    Key: Parent, Value: ['gene-L3I90_RS00345']
    Key: gbkey, Value: ['CDS']
    Key: inference, Value: ['COORDINATES: ab initio prediction:GeneMarkS-2+']
    Key: locus_tag, Value: ['L3I90_RS00345']
    Key: phase, Value: ['0']
    Key: product, Value: ['hypothetical protein']
    Key: protein_id, Value: ['WP_236308468.1']
    Key: source, Value: ['GeneMarkS-2+']
    Key: transl_table, Value: ['11']

GF(None, 17264-17495 (-1))
type: CDS
location: [81224:81920](+)
id: cds-WP_236308469.1
qualifiers:
    Key: Dbxref, Value: ['GenBank:WP_236308469.1']
    Key: ID, Value: ['cds-WP_236308469.1']
    Key: Name, Value: ['WP_236308469.1']
    Key: Parent, Value: ['gene-L3I90_RS00350']
    Key: gbkey, Value: ['CDS']
    Key: gene, Value: ['fabG']
    Key: inference, Value: ['COORDINATES: similar to AA sequence:RefSeq:WP_017310015.1']
    Key: locus_tag, Value: ['L3I90_RS00350']
    Key: phase, Value: ['0']
    Key: product, Value: ['3-oxoacyl-ACP reductase FabG']
    Key: protein_id, Value: ['WP_236308469.1']
    Key: source, Value: ['Protein Homology']
    Key: transl_table, Value: ['11']

GF(3-oxoacyl-ACP reductase FabG, 18150-18846 (1))
type: CDS
location: [82032:82512](+)
id: cds-WP_236308470.1
qualifiers:
    Key: Dbxref, Value: ['GenBank:WP_236308470.1']
    Key: ID, Value: ['cds-WP_236308470.1']
    Key: Name, Value: ['WP_236308470.1']
    Key: Parent, Value: ['gene-L3I90_RS00355']
    Key: gbkey, Value: ['CDS']
    Key: inference, Value: ['COORDINATES: similar to AA sequence:RefSeq:WP_020479984.1']
    Key: locus_tag, Value: ['L3I90_RS00355']
    Key: phase, Value: ['0']
    Key: product, Value: ['transposase']
    Key: protein_id, Value: ['WP_236308470.1']
    Key: source, Value: ['Protein Homology']
    Key: transl_table, Value: ['11']

GF(transposase, 18958-19438 (1))
type: CDS
location: [82486:83176](-)
id: cds-WP_236308471.1
qualifiers:
    Key: Dbxref, Value: ['GenBank:WP_236308471.1']
    Key: ID, Value: ['cds-WP_236308471.1']
    Key: Name, Value: ['WP_236308471.1']
    Key: Ontology_term, Value: ['GO:0016787']
    Key: Parent, Value: ['gene-L3I90_RS00360']
    Key: gbkey, Value: ['CDS']
    Key: go_function, Value: ['hydrolase activity|0016787||IEA']
    Key: inference, Value: ['COORDINATES: similar to AA sequence:RefSeq:WP_009343481.1']
    Key: locus_tag, Value: ['L3I90_RS00360']
    Key: phase, Value: ['0']
    Key: product, Value: ['dienelactone hydrolase family protein']
    Key: protein_id, Value: ['WP_236308471.1']
    Key: source, Value: ['Protein Homology']
    Key: transl_table, Value: ['11']

GF(dienelactone hydrolase family protein, 19412-20102 (-1))
type: CDS
location: [83293:83497](+)
id: cds-WP_141302998.1
qualifiers:
    Key: Dbxref, Value: ['GenBank:WP_141302998.1']
    Key: ID, Value: ['cds-WP_141302998.1']
    Key: Name, Value: ['WP_141302998.1']
    Key: Parent, Value: ['gene-L3I90_RS00365']
    Key: gbkey, Value: ['CDS']
    Key: inference, Value: ['COORDINATES: similar to AA sequence:RefSeq:WP_015078627.1']
    Key: locus_tag, Value: ['L3I90_RS00365']
    Key: phase, Value: ['0']
    Key: product, Value: ['type II toxin-antitoxin system HicB family antitoxin']
    Key: protein_id, Value: ['WP_141302998.1']
    Key: source, Value: ['Protein Homology']
    Key: transl_table, Value: ['11']

GF(type II toxin-antitoxin system HicB family antitoxin, 20219-20423 (1))
type: CDS
location: [83493:83724](+)
id: cds-WP_236308472.1
qualifiers:
    Key: Dbxref, Value: ['GenBank:WP_236308472.1']
    Key: ID, Value: ['cds-WP_236308472.1']
    Key: Name, Value: ['WP_236308472.1']
    Key: Ontology_term, Value: ['GO:0003729']
    Key: Parent, Value: ['gene-L3I90_RS00370']
    Key: gbkey, Value: ['CDS']
    Key: go_function, Value: ['mRNA binding|0003729||IEA']
    Key: inference, Value: ['COORDINATES: similar to AA sequence:RefSeq:WP_015184305.1']
    Key: locus_tag, Value: ['L3I90_RS00370']
    Key: phase, Value: ['0']
    Key: product, Value: ['type II toxin-antitoxin system HicA family toxin']
    Key: protein_id, Value: ['WP_236308472.1']
    Key: source, Value: ['Protein Homology']
    Key: transl_table, Value: ['11']

GF(type II toxin-antitoxin system HicA family toxin, 20419-20650 (1))
type: CDS
location: [83806:83911](-)
id: cds-L3I90_RS00375
qualifiers:
    Key: ID, Value: ['cds-L3I90_RS00375']
    Key: Note, Value: ['incomplete; partial in the middle of a contig; missing N-terminus and C-terminus']
    Key: Parent, Value: ['gene-L3I90_RS00375']
    Key: end_range, Value: ['83911', '.']
    Key: gbkey, Value: ['CDS']
    Key: inference, Value: ['COORDINATES: similar to AA sequence:RefSeq:WP_006278822.1']
    Key: locus_tag, Value: ['L3I90_RS00375']
    Key: partial, Value: ['true']
    Key: phase, Value: ['0']
    Key: product, Value: ['alpha/beta hydrolase']
    Key: pseudo, Value: ['true']
    Key: source, Value: ['Protein Homology']
    Key: start_range, Value: ['.', '83807']
    Key: transl_table, Value: ['11']

GF(alpha/beta hydrolase, 20732-20837 (-1))
type: repeat_region
location: [64250:66371](+)
id: NZ_CP091284.1_1
qualifiers:
    Key: Dbxref, Value: ['SO:0001459']
    Key: ID, Value: ['NZ_CP091284.1_1']
    Key: Note, Value: ['CCCCGCTTCCCTCTGGGAAGTGGAATCAATGGAAAC']
    Key: Ontology_term, Value: ['CRISPR']
    Key: score, Value: ['2121']
    Key: source, Value: ['CCTyper']

GF(Repeat region, 1176-3297 (0))
graphic feature from known effectors: GF(csx1, 14870-16951 (1))
[GF(CRISPR-associated endonuclease Cas2, 491-773 (1)), GF(type II toxin-antitoxin system HicB family antitoxin, 3518-3719 (1)), GF(type II toxin-antitoxin system HicA family toxin, 3715-3925 (1)), GF(WYL domain-containing protein, 3999-6135 (-1)), GF(type III-B CRISPR-associated protein Cas10/Cmr2, 6620-9818 (1)), GF(type III-B CRISPR module-associated protein Cmr3, 10009-11239 (1)), GF(type III-B CRISPR module RAMP protein Cmr4, 11245-12175 (1)), GF(None, 12343-12727 (1)), GF(RAMP superfamily CRISPR-associated protein, 12742-14635 (1)), GF(S1 RNA-binding domain-containing protein, 14869-16951 (1)), GF(None, 17264-17495 (-1)), GF(3-oxoacyl-ACP reductase FabG, 18150-18846 (1)), GF(transposase, 18958-19438 (1)), GF(dienelactone hydrolase family protein, 19412-20102 (-1)), GF(type II toxin-antitoxin system HicB family antitoxin, 20219-20423 (1)), GF(type II toxin-antitoxin system HicA family toxin, 20419-20650 (1)), GF(alpha/beta hydrolase, 20732-20837 (-1)), GF(Repeat region, 1176-3297 (0)), GF(csx1, 14870-16951 (1)), GF(CRISPR-Cas locus, 4000-16951 (0))]
