Cas operons file:    Unnamed: 0         Contig  ...           locus_id           sample
0           1  NZ_AP024966.1  ...  GCF_019974115.1_1  GCF_019974115.1

[1 rows x 19 columns]
The chosen contig: NZ_AP024966.1
type: CDS
location: [1026159:1027038](+)
id: cds-WP_008538126.1
qualifiers:
    Key: Dbxref, Value: ['GenBank:WP_008538126.1', 'GeneID:69726714']
    Key: ID, Value: ['cds-WP_008538126.1']
    Key: Name, Value: ['WP_008538126.1']
    Key: Ontology_term, Value: ['GO:0006426', 'GO:0004820', 'GO:0009345']
    Key: Parent, Value: ['gene-LDM97_RS05020']
    Key: gbkey, Value: ['CDS']
    Key: gene, Value: ['glyQ']
    Key: go_component, Value: ['glycine-tRNA ligase complex|0009345||IEA']
    Key: go_function, Value: ['glycine-tRNA ligase activity|0004820||IEA']
    Key: go_process, Value: ['glycyl-tRNA aminoacylation|0006426||IEA']
    Key: inference, Value: ['COORDINATES: similar to AA sequence:RefSeq:WP_019542044.1']
    Key: locus_tag, Value: ['LDM97_RS05020']
    Key: phase, Value: ['0']
    Key: product, Value: ['glycine--tRNA ligase subunit alpha']
    Key: protein_id, Value: ['WP_008538126.1']
    Key: source, Value: ['Protein Homology']
    Key: transl_table, Value: ['11']

GF(glycine--tRNA ligase subunit alpha, 785-1664 (1))
type: CDS
location: [1027040:1029098](+)
id: cds-WP_224169787.1
qualifiers:
    Key: Dbxref, Value: ['GenBank:WP_224169787.1', 'GeneID:69726715']
    Key: ID, Value: ['cds-WP_224169787.1']
    Key: Name, Value: ['WP_224169787.1']
    Key: Ontology_term, Value: ['GO:0006426', 'GO:0004820', 'GO:0009345']
    Key: Parent, Value: ['gene-LDM97_RS05025']
    Key: gbkey, Value: ['CDS']
    Key: gene, Value: ['glyS']
    Key: go_component, Value: ['glycine-tRNA ligase complex|0009345||IEA']
    Key: go_function, Value: ['glycine-tRNA ligase activity|0004820||IEA']
    Key: go_process, Value: ['glycyl-tRNA aminoacylation|0006426||IEA']
    Key: inference, Value: ['COORDINATES: similar to AA sequence:RefSeq:WP_018998994.1']
    Key: locus_tag, Value: ['LDM97_RS05025']
    Key: phase, Value: ['0']
    Key: product, Value: ['glycine--tRNA ligase subunit beta']
    Key: protein_id, Value: ['WP_224169787.1']
    Key: source, Value: ['Protein Homology']
    Key: transl_table, Value: ['11']

GF(glycine--tRNA ligase subunit beta, 1666-3724 (1))
type: CDS
location: [1029373:1031857](+)
id: cds-WP_224169788.1
qualifiers:
    Key: Dbxref, Value: ['GenBank:WP_224169788.1', 'GeneID:69726716']
    Key: ID, Value: ['cds-WP_224169788.1']
    Key: Name, Value: ['WP_224169788.1']
    Key: Ontology_term, Value: ['GO:0043571', 'GO:0003674']
    Key: Parent, Value: ['gene-LDM97_RS05030']
    Key: gbkey, Value: ['CDS']
    Key: gene, Value: ['cas10']
    Key: go_function, Value: ['molecular_function|0003674||IEA']
    Key: go_process, Value: ['maintenance of CRISPR repeat elements|0043571||IEA']
    Key: inference, Value: ['COORDINATES: protein motif:HMM:TIGR02578.1']
    Key: locus_tag, Value: ['LDM97_RS05030']
    Key: phase, Value: ['0']
    Key: product, Value: ['type III-A CRISPR-associated protein Cas10/Csm1']
    Key: protein_id, Value: ['WP_224169788.1']
    Key: source, Value: ['Protein Homology']
    Key: transl_table, Value: ['11']

GF(type III-A CRISPR-associated protein Cas10/Csm1, 3999-6483 (1))
type: CDS
location: [1031863:1032259](+)
id: cds-WP_224169789.1
qualifiers:
    Key: Dbxref, Value: ['GenBank:WP_224169789.1', 'GeneID:69726717']
    Key: ID, Value: ['cds-WP_224169789.1']
    Key: Name, Value: ['WP_224169789.1']
    Key: Ontology_term, Value: ['GO:0043571', 'GO:0003674']
    Key: Parent, Value: ['gene-LDM97_RS05035']
    Key: gbkey, Value: ['CDS']
    Key: gene, Value: ['csm2']
    Key: go_function, Value: ['molecular_function|0003674||IEA']
    Key: go_process, Value: ['maintenance of CRISPR repeat elements|0043571||IEA']
    Key: inference, Value: ['COORDINATES: protein motif:HMM:NF015695.4']
    Key: locus_tag, Value: ['LDM97_RS05035']
    Key: phase, Value: ['0']
    Key: product, Value: ['type III-A CRISPR-associated protein Csm2']
    Key: protein_id, Value: ['WP_224169789.1']
    Key: source, Value: ['Protein Homology']
    Key: transl_table, Value: ['11']

GF(type III-A CRISPR-associated protein Csm2, 6489-6885 (1))
type: CDS
location: [1032258:1032954](+)
id: cds-WP_224169790.1
qualifiers:
    Key: Dbxref, Value: ['GenBank:WP_224169790.1', 'GeneID:69726718']
    Key: ID, Value: ['cds-WP_224169790.1']
    Key: Name, Value: ['WP_224169790.1']
    Key: Ontology_term, Value: ['GO:0043571', 'GO:0003674']
    Key: Parent, Value: ['gene-LDM97_RS05040']
    Key: gbkey, Value: ['CDS']
    Key: gene, Value: ['csm3']
    Key: go_function, Value: ['molecular_function|0003674||IEA']
    Key: go_process, Value: ['maintenance of CRISPR repeat elements|0043571||IEA']
    Key: inference, Value: ['COORDINATES: similar to AA sequence:RefSeq:WP_018998997.1']
    Key: locus_tag, Value: ['LDM97_RS05040']
    Key: phase, Value: ['0']
    Key: product, Value: ['type III-A CRISPR-associated RAMP protein Csm3']
    Key: protein_id, Value: ['WP_224169790.1']
    Key: source, Value: ['Protein Homology']
    Key: transl_table, Value: ['11']

GF(type III-A CRISPR-associated RAMP protein Csm3, 6884-7580 (1))
type: CDS
location: [1032953:1033976](+)
id: cds-WP_224169791.1
qualifiers:
    Key: Dbxref, Value: ['GenBank:WP_224169791.1', 'GeneID:69726719']
    Key: ID, Value: ['cds-WP_224169791.1']
    Key: Name, Value: ['WP_224169791.1']
    Key: Ontology_term, Value: ['GO:0043571', 'GO:0003674']
    Key: Parent, Value: ['gene-LDM97_RS05045']
    Key: gbkey, Value: ['CDS']
    Key: gene, Value: ['csm4']
    Key: go_function, Value: ['molecular_function|0003674||IEA']
    Key: go_process, Value: ['maintenance of CRISPR repeat elements|0043571||IEA']
    Key: inference, Value: ['COORDINATES: protein motif:HMM:TIGR01903.1']
    Key: locus_tag, Value: ['LDM97_RS05045']
    Key: phase, Value: ['0']
    Key: product, Value: ['type III-A CRISPR-associated RAMP protein Csm4']
    Key: protein_id, Value: ['WP_224169791.1']
    Key: source, Value: ['Protein Homology']
    Key: transl_table, Value: ['11']

GF(type III-A CRISPR-associated RAMP protein Csm4, 7579-8602 (1))
type: CDS
location: [1033968:1035153](+)
id: cds-WP_224169792.1
qualifiers:
    Key: Dbxref, Value: ['GenBank:WP_224169792.1', 'GeneID:69726720']
    Key: ID, Value: ['cds-WP_224169792.1']
    Key: Name, Value: ['WP_224169792.1']
    Key: Ontology_term, Value: ['GO:0043571', 'GO:0003674']
    Key: Parent, Value: ['gene-LDM97_RS05050']
    Key: gbkey, Value: ['CDS']
    Key: gene, Value: ['csm5']
    Key: go_function, Value: ['molecular_function|0003674||IEA']
    Key: go_process, Value: ['maintenance of CRISPR repeat elements|0043571||IEA']
    Key: inference, Value: ['COORDINATES: protein motif:HMM:TIGR01899.1']
    Key: locus_tag, Value: ['LDM97_RS05050']
    Key: phase, Value: ['0']
    Key: product, Value: ['type III-A CRISPR-associated RAMP protein Csm5']
    Key: protein_id, Value: ['WP_224169792.1']
    Key: source, Value: ['Protein Homology']
    Key: transl_table, Value: ['11']

GF(type III-A CRISPR-associated RAMP protein Csm5, 8594-9779 (1))
type: CDS
location: [1035155:1035926](+)
id: cds-WP_224169793.1
qualifiers:
    Key: Dbxref, Value: ['GenBank:WP_224169793.1', 'GeneID:69726721']
    Key: ID, Value: ['cds-WP_224169793.1']
    Key: Name, Value: ['WP_224169793.1']
    Key: Parent, Value: ['gene-LDM97_RS05055']
    Key: gbkey, Value: ['CDS']
    Key: gene, Value: ['cas6']
    Key: inference, Value: ['COORDINATES: protein motif:HMM:NF021551.4']
    Key: locus_tag, Value: ['LDM97_RS05055']
    Key: phase, Value: ['0']
    Key: product, Value: ['CRISPR system precrRNA processing endoribonuclease RAMP protein Cas6']
    Key: protein_id, Value: ['WP_224169793.1']
    Key: source, Value: ['Protein Homology']
    Key: transl_table, Value: ['11']

GF(CRISPR system precrRNA processing endoribonuclease RAMP protein Cas6, 9781-10552 (1))
type: CDS
location: [1037774:1038479](+)
id: cds-WP_224169794.1
qualifiers:
    Key: Dbxref, Value: ['GenBank:WP_224169794.1', 'GeneID:69726722']
    Key: ID, Value: ['cds-WP_224169794.1']
    Key: Name, Value: ['WP_224169794.1']
    Key: Ontology_term, Value: ['GO:0043571', 'GO:0004521']
    Key: Parent, Value: ['gene-LDM97_RS05060']
    Key: gbkey, Value: ['CDS']
    Key: gene, Value: ['cas6']
    Key: go_function, Value: ['RNA endonuclease activity|0004521||IEA']
    Key: go_process, Value: ['maintenance of CRISPR repeat elements|0043571||IEA']
    Key: inference, Value: ['COORDINATES: similar to AA sequence:RefSeq:WP_008538124.1']
    Key: locus_tag, Value: ['LDM97_RS05060']
    Key: phase, Value: ['0']
    Key: product, Value: ['CRISPR-associated endoribonuclease Cas6']
    Key: protein_id, Value: ['WP_224169794.1']
    Key: source, Value: ['Protein Homology']
    Key: transl_table, Value: ['11']

GF(CRISPR-associated endoribonuclease Cas6, 12400-13105 (1))
type: CDS
location: [1038646:1039087](+)
id: cds-WP_008538123.1
qualifiers:
    Key: Dbxref, Value: ['GenBank:WP_008538123.1', 'GeneID:69726723']
    Key: ID, Value: ['cds-WP_008538123.1']
    Key: Name, Value: ['WP_008538123.1']
    Key: Ontology_term, Value: ['GO:0051219']
    Key: Parent, Value: ['gene-LDM97_RS05065']
    Key: gbkey, Value: ['CDS']
    Key: go_function, Value: ['phosphoprotein binding|0051219||IEA']
    Key: inference, Value: ['COORDINATES: similar to AA sequence:RefSeq:WP_015562392.1']
    Key: locus_tag, Value: ['LDM97_RS05065']
    Key: phase, Value: ['0']
    Key: product, Value: ['FHA domain-containing protein']
    Key: protein_id, Value: ['WP_008538123.1']
    Key: source, Value: ['Protein Homology']
    Key: transl_table, Value: ['11']

GF(FHA domain-containing protein, 13272-13713 (1))
type: CDS
location: [1039092:1039800](+)
id: cds-WP_018999002.1
qualifiers:
    Key: Dbxref, Value: ['GenBank:WP_018999002.1', 'GeneID:69726724']
    Key: ID, Value: ['cds-WP_018999002.1']
    Key: Name, Value: ['WP_018999002.1']
    Key: Ontology_term, Value: ['GO:0006470', 'GO:0004722']
    Key: Parent, Value: ['gene-LDM97_RS05070']
    Key: gbkey, Value: ['CDS']
    Key: go_function, Value: ['protein serine/threonine phosphatase activity|0004722||IEA']
    Key: go_process, Value: ['protein dephosphorylation|0006470||IEA']
    Key: inference, Value: ['COORDINATES: similar to AA sequence:RefSeq:WP_018999002.1']
    Key: locus_tag, Value: ['LDM97_RS05070']
    Key: phase, Value: ['0']
    Key: product, Value: ['Stp1/IreP family PP2C-type Ser/Thr phosphatase']
    Key: protein_id, Value: ['WP_018999002.1']
    Key: source, Value: ['Protein Homology']
    Key: transl_table, Value: ['11']

GF(Stp1/IreP family PP2C-type Ser/Thr phosphatase, 13718-14426 (1))
type: CDS
location: [1039796:1041041](+)
id: cds-WP_117464259.1
qualifiers:
    Key: Dbxref, Value: ['GenBank:WP_117464259.1', 'GeneID:69726725']
    Key: ID, Value: ['cds-WP_117464259.1']
    Key: Name, Value: ['WP_117464259.1']
    Key: Ontology_term, Value: ['GO:0009252', 'GO:0051301']
    Key: Parent, Value: ['gene-LDM97_RS05075']
    Key: gbkey, Value: ['CDS']
    Key: go_process, Value: ['peptidoglycan biosynthetic process|0009252||IEA', 'cell division|0051301||IEA']
    Key: inference, Value: ['COORDINATES: similar to AA sequence:RefSeq:WP_018999003.1']
    Key: locus_tag, Value: ['LDM97_RS05075']
    Key: phase, Value: ['0']
    Key: product, Value: ['FtsW/RodA/SpoVE family cell cycle protein']
    Key: protein_id, Value: ['WP_117464259.1']
    Key: source, Value: ['Protein Homology']
    Key: transl_table, Value: ['11']

GF(FtsW/RodA/SpoVE family cell cycle protein, 14422-15667 (1))
type: CDS
location: [1041043:1042465](+)
id: cds-WP_075554564.1
qualifiers:
    Key: Dbxref, Value: ['GenBank:WP_075554564.1', 'GeneID:69726726']
    Key: ID, Value: ['cds-WP_075554564.1']
    Key: Name, Value: ['WP_075554564.1']
    Key: Ontology_term, Value: ['GO:0008658']
    Key: Parent, Value: ['gene-LDM97_RS05080']
    Key: gbkey, Value: ['CDS']
    Key: go_function, Value: ['penicillin binding|0008658||IEA']
    Key: inference, Value: ['COORDINATES: similar to AA sequence:RefSeq:WP_008538120.1']
    Key: locus_tag, Value: ['LDM97_RS05080']
    Key: phase, Value: ['0']
    Key: product, Value: ['penicillin-binding transpeptidase domain-containing protein']
    Key: protein_id, Value: ['WP_075554564.1']
    Key: source, Value: ['Protein Homology']
    Key: transl_table, Value: ['11']

GF(penicillin-binding transpeptidase domain-containing protein, 15669-17091 (1))
type: repeat_region
location: [1035972:1037582](+)
id: NZ_AP024966.1_3
qualifiers:
    Key: Dbxref, Value: ['SO:0001459']
    Key: ID, Value: ['NZ_AP024966.1_3']
    Key: Note, Value: ['GTTTTCGTACAGTATCTGTTGATATTTATC']
    Key: Ontology_term, Value: ['CRISPR']
    Key: score, Value: ['1610']
    Key: source, Value: ['CCTyper']

GF(Repeat region, 10598-12208 (0))
[GF(glycine--tRNA ligase subunit alpha, 785-1664 (1)), GF(glycine--tRNA ligase subunit beta, 1666-3724 (1)), GF(type III-A CRISPR-associated protein Cas10/Csm1, 3999-6483 (1)), GF(type III-A CRISPR-associated protein Csm2, 6489-6885 (1)), GF(type III-A CRISPR-associated RAMP protein Csm3, 6884-7580 (1)), GF(type III-A CRISPR-associated RAMP protein Csm4, 7579-8602 (1)), GF(type III-A CRISPR-associated RAMP protein Csm5, 8594-9779 (1)), GF(CRISPR system precrRNA processing endoribonuclease RAMP protein Cas6, 9781-10552 (1)), GF(CRISPR-associated endoribonuclease Cas6, 12400-13105 (1)), GF(FHA domain-containing protein, 13272-13713 (1)), GF(Stp1/IreP family PP2C-type Ser/Thr phosphatase, 13718-14426 (1)), GF(FtsW/RodA/SpoVE family cell cycle protein, 14422-15667 (1)), GF(penicillin-binding transpeptidase domain-containing protein, 15669-17091 (1)), GF(Repeat region, 10598-12208 (0)), GF(CRISPR-Cas locus, 4000-13105 (0))]
