Cas operons file:    Unnamed: 0         Contig  ...           locus_id           sample
0           0  NZ_OY782507.1  ...  GCF_963677725.1_0  GCF_963677725.1

[1 rows x 19 columns]
The chosen contig: NZ_OY782507.1
type: CDS
location: [532553:533090](+)
id: cds-WP_321444800.1
qualifiers:
    Key: Dbxref, Value: ['GenBank:WP_321444800.1']
    Key: ID, Value: ['cds-WP_321444800.1']
    Key: Name, Value: ['WP_321444800.1']
    Key: Parent, Value: ['gene-U2957_RS02260']
    Key: gbkey, Value: ['CDS']
    Key: inference, Value: ['COORDINATES: ab initio prediction:GeneMarkS-2+']
    Key: locus_tag, Value: ['U2957_RS02260']
    Key: phase, Value: ['0']
    Key: product, Value: ['hypothetical protein']
    Key: protein_id, Value: ['WP_321444800.1']
    Key: source, Value: ['GeneMarkS-2+']
    Key: transl_table, Value: ['11']

GF(None, 1653-2190 (1))
type: CDS
location: [533291:533870](+)
id: cds-WP_321444801.1
qualifiers:
    Key: Dbxref, Value: ['GenBank:WP_321444801.1']
    Key: ID, Value: ['cds-WP_321444801.1']
    Key: Name, Value: ['WP_321444801.1']
    Key: Parent, Value: ['gene-U2957_RS02265']
    Key: gbkey, Value: ['CDS']
    Key: inference, Value: ['COORDINATES: ab initio prediction:GeneMarkS-2+']
    Key: locus_tag, Value: ['U2957_RS02265']
    Key: phase, Value: ['0']
    Key: product, Value: ['hypothetical protein']
    Key: protein_id, Value: ['WP_321444801.1']
    Key: source, Value: ['GeneMarkS-2+']
    Key: transl_table, Value: ['11']

GF(None, 2391-2970 (1))
type: CDS
location: [534127:534685](+)
id: cds-WP_321444802.1
qualifiers:
    Key: Dbxref, Value: ['GenBank:WP_321444802.1']
    Key: ID, Value: ['cds-WP_321444802.1']
    Key: Name, Value: ['WP_321444802.1']
    Key: Parent, Value: ['gene-U2957_RS02270']
    Key: gbkey, Value: ['CDS']
    Key: inference, Value: ['COORDINATES: ab initio prediction:GeneMarkS-2+']
    Key: locus_tag, Value: ['U2957_RS02270']
    Key: phase, Value: ['0']
    Key: product, Value: ['hypothetical protein']
    Key: protein_id, Value: ['WP_321444802.1']
    Key: source, Value: ['GeneMarkS-2+']
    Key: transl_table, Value: ['11']

GF(None, 3227-3785 (1))
type: CDS
location: [534899:535856](-)
id: cds-WP_321444803.1
qualifiers:
    Key: Dbxref, Value: ['GenBank:WP_321444803.1']
    Key: ID, Value: ['cds-WP_321444803.1']
    Key: Name, Value: ['WP_321444803.1']
    Key: Parent, Value: ['gene-U2957_RS02275']
    Key: gbkey, Value: ['CDS']
    Key: gene, Value: ['cas6']
    Key: inference, Value: ['COORDINATES: protein motif:HMM:NF021551.4']
    Key: locus_tag, Value: ['U2957_RS02275']
    Key: phase, Value: ['0']
    Key: product, Value: ['CRISPR system precrRNA processing endoribonuclease RAMP protein Cas6']
    Key: protein_id, Value: ['WP_321444803.1']
    Key: source, Value: ['Protein Homology']
    Key: transl_table, Value: ['11']

GF(CRISPR system precrRNA processing endoribonuclease RAMP protein Cas6, 3999-4956 (-1))
type: CDS
location: [535852:536140](-)
id: cds-WP_321444804.1
qualifiers:
    Key: Dbxref, Value: ['GenBank:WP_321444804.1']
    Key: ID, Value: ['cds-WP_321444804.1']
    Key: Name, Value: ['WP_321444804.1']
    Key: Ontology_term, Value: ['GO:0043571', 'GO:0004521']
    Key: Parent, Value: ['gene-U2957_RS02280']
    Key: gbkey, Value: ['CDS']
    Key: gene, Value: ['cas2']
    Key: go_function, Value: ['RNA endonuclease activity|0004521||IEA']
    Key: go_process, Value: ['maintenance of CRISPR repeat elements|0043571||IEA']
    Key: inference, Value: ['COORDINATES: protein motif:HMM:TIGR01573.1']
    Key: locus_tag, Value: ['U2957_RS02280']
    Key: phase, Value: ['0']
    Key: product, Value: ['CRISPR-associated endonuclease Cas2']
    Key: protein_id, Value: ['WP_321444804.1']
    Key: source, Value: ['Protein Homology']
    Key: transl_table, Value: ['11']

GF(CRISPR-associated endonuclease Cas2, 4952-5240 (-1))
type: CDS
location: [536147:538193](-)
id: cds-WP_321444805.1
qualifiers:
    Key: Dbxref, Value: ['GenBank:WP_321444805.1']
    Key: ID, Value: ['cds-WP_321444805.1']
    Key: Name, Value: ['WP_321444805.1']
    Key: Ontology_term, Value: ['GO:0043571', 'GO:0004520', 'GO:0046872']
    Key: Parent, Value: ['gene-U2957_RS02285']
    Key: gbkey, Value: ['CDS']
    Key: gene, Value: ['cas1']
    Key: go_function, Value: ['DNA endonuclease activity|0004520||IEA', 'metal ion binding|0046872||IEA']
    Key: go_process, Value: ['maintenance of CRISPR repeat elements|0043571||IEA']
    Key: inference, Value: ['COORDINATES: protein motif:HMM:NF013984.4']
    Key: locus_tag, Value: ['U2957_RS02285']
    Key: phase, Value: ['0']
    Key: product, Value: ['CRISPR-associated endonuclease Cas1']
    Key: protein_id, Value: ['WP_321444805.1']
    Key: source, Value: ['Protein Homology']
    Key: transl_table, Value: ['11']

GF(CRISPR-associated endonuclease Cas1, 5247-7293 (-1))
type: CDS
location: [539329:541801](-)
id: cds-WP_321444806.1
qualifiers:
    Key: Dbxref, Value: ['GenBank:WP_321444806.1']
    Key: ID, Value: ['cds-WP_321444806.1']
    Key: Name, Value: ['WP_321444806.1']
    Key: Parent, Value: ['gene-U2957_RS02290']
    Key: gbkey, Value: ['CDS']
    Key: inference, Value: ['COORDINATES: protein motif:HMM:TIGR03986.1']
    Key: locus_tag, Value: ['U2957_RS02290']
    Key: phase, Value: ['0']
    Key: product, Value: ['TIGR03986 family CRISPR-associated RAMP protein']
    Key: protein_id, Value: ['WP_321444806.1']
    Key: source, Value: ['Protein Homology']
    Key: transl_table, Value: ['11']

GF(TIGR03986 family CRISPR-associated RAMP protein, 8429-10901 (-1))
type: CDS
location: [541803:543129](-)
id: cds-WP_321444807.1
qualifiers:
    Key: Dbxref, Value: ['GenBank:WP_321444807.1']
    Key: ID, Value: ['cds-WP_321444807.1']
    Key: Name, Value: ['WP_321444807.1']
    Key: Parent, Value: ['gene-U2957_RS02295']
    Key: gbkey, Value: ['CDS']
    Key: inference, Value: ['COORDINATES: protein motif:HMM:NF015728.4']
    Key: locus_tag, Value: ['U2957_RS02295']
    Key: phase, Value: ['0']
    Key: product, Value: ['RAMP superfamily CRISPR-associated protein']
    Key: protein_id, Value: ['WP_321444807.1']
    Key: source, Value: ['Protein Homology']
    Key: transl_table, Value: ['11']

GF(RAMP superfamily CRISPR-associated protein, 10903-12229 (-1))
type: CDS
location: [543128:544985](-)
id: cds-WP_321444808.1
qualifiers:
    Key: Dbxref, Value: ['GenBank:WP_321444808.1']
    Key: ID, Value: ['cds-WP_321444808.1']
    Key: Name, Value: ['WP_321444808.1']
    Key: Parent, Value: ['gene-U2957_RS02300']
    Key: gbkey, Value: ['CDS']
    Key: inference, Value: ['COORDINATES: protein motif:HMM:NF015728.4']
    Key: locus_tag, Value: ['U2957_RS02300']
    Key: phase, Value: ['0']
    Key: product, Value: ['RAMP superfamily CRISPR-associated protein']
    Key: protein_id, Value: ['WP_321444808.1']
    Key: source, Value: ['Protein Homology']
    Key: transl_table, Value: ['11']

GF(RAMP superfamily CRISPR-associated protein, 12228-14085 (-1))
type: CDS
location: [544981:546616](-)
id: cds-WP_321444809.1
qualifiers:
    Key: Dbxref, Value: ['GenBank:WP_321444809.1']
    Key: ID, Value: ['cds-WP_321444809.1']
    Key: Name, Value: ['WP_321444809.1']
    Key: Parent, Value: ['gene-U2957_RS02305']
    Key: gbkey, Value: ['CDS']
    Key: inference, Value: ['COORDINATES: ab initio prediction:GeneMarkS-2+']
    Key: locus_tag, Value: ['U2957_RS02305']
    Key: phase, Value: ['0']
    Key: product, Value: ['hypothetical protein']
    Key: protein_id, Value: ['WP_321444809.1']
    Key: source, Value: ['GeneMarkS-2+']
    Key: transl_table, Value: ['11']

GF(None, 14081-15716 (-1))
type: CDS
location: [548197:550381](+)
id: cds-WP_321444810.1
qualifiers:
    Key: Dbxref, Value: ['GenBank:WP_321444810.1']
    Key: ID, Value: ['cds-WP_321444810.1']
    Key: Name, Value: ['WP_321444810.1']
    Key: Parent, Value: ['gene-U2957_RS02310']
    Key: gbkey, Value: ['CDS']
    Key: inference, Value: ['COORDINATES: ab initio prediction:GeneMarkS-2+']
    Key: locus_tag, Value: ['U2957_RS02310']
    Key: phase, Value: ['0']
    Key: product, Value: ['hypothetical protein']
    Key: protein_id, Value: ['WP_321444810.1']
    Key: source, Value: ['GeneMarkS-2+']
    Key: transl_table, Value: ['11']

GF(None, 17297-19481 (1))
type: CDS
location: [550377:551175](+)
id: cds-WP_321444811.1
qualifiers:
    Key: Dbxref, Value: ['GenBank:WP_321444811.1']
    Key: ID, Value: ['cds-WP_321444811.1']
    Key: Name, Value: ['WP_321444811.1']
    Key: Parent, Value: ['gene-U2957_RS02315']
    Key: gbkey, Value: ['CDS']
    Key: inference, Value: ['COORDINATES: ab initio prediction:GeneMarkS-2+']
    Key: locus_tag, Value: ['U2957_RS02315']
    Key: phase, Value: ['0']
    Key: product, Value: ['hypothetical protein']
    Key: protein_id, Value: ['WP_321444811.1']
    Key: source, Value: ['GeneMarkS-2+']
    Key: transl_table, Value: ['11']

GF(None, 19477-20275 (1))
type: CDS
location: [551777:552422](-)
id: cds-WP_321444812.1
qualifiers:
    Key: Dbxref, Value: ['GenBank:WP_321444812.1']
    Key: ID, Value: ['cds-WP_321444812.1']
    Key: Name, Value: ['WP_321444812.1']
    Key: Ontology_term, Value: ['GO:0003677']
    Key: Parent, Value: ['gene-U2957_RS02325']
    Key: gbkey, Value: ['CDS']
    Key: go_function, Value: ['DNA binding|0003677||IEA']
    Key: inference, Value: ['COORDINATES: protein motif:HMM:NF019960.4']
    Key: locus_tag, Value: ['U2957_RS02325']
    Key: phase, Value: ['0']
    Key: product, Value: ['TetR family transcriptional regulator']
    Key: protein_id, Value: ['WP_321444812.1']
    Key: source, Value: ['Protein Homology']
    Key: transl_table, Value: ['11']

GF(TetR family transcriptional regulator, 20877-21522 (-1))
type: CDS
location: [552603:553698](+)
id: cds-WP_321444813.1
qualifiers:
    Key: Dbxref, Value: ['GenBank:WP_321444813.1']
    Key: ID, Value: ['cds-WP_321444813.1']
    Key: Name, Value: ['WP_321444813.1']
    Key: Ontology_term, Value: ['GO:0006810', 'GO:0005215']
    Key: Parent, Value: ['gene-U2957_RS02330']
    Key: gbkey, Value: ['CDS']
    Key: go_function, Value: ['transporter activity|0005215||IEA']
    Key: go_process, Value: ['transport|0006810||IEA']
    Key: inference, Value: ['COORDINATES: protein motif:HMM:TIGR01730.1']
    Key: locus_tag, Value: ['U2957_RS02330']
    Key: phase, Value: ['0']
    Key: product, Value: ['efflux RND transporter periplasmic adaptor subunit']
    Key: protein_id, Value: ['WP_321444813.1']
    Key: source, Value: ['Protein Homology']
    Key: transl_table, Value: ['11']

GF(efflux RND transporter periplasmic adaptor subunit, 21703-22798 (1))
type: repeat_region
location: [538379:539250](+)
id: NZ_OY782507.1_1
qualifiers:
    Key: Dbxref, Value: ['SO:0001459']
    Key: ID, Value: ['NZ_OY782507.1_1']
    Key: Note, Value: ['ATAAGCAGCATGCTCACCACGTAGAGTGGATAGTGAC']
    Key: Ontology_term, Value: ['CRISPR']
    Key: score, Value: ['871']
    Key: source, Value: ['CCTyper']

GF(Repeat region, 7479-8350 (0))
type: repeat_region
location: [547051:548069](+)
id: NZ_OY782507.1_2
qualifiers:
    Key: Dbxref, Value: ['SO:0001459']
    Key: ID, Value: ['NZ_OY782507.1_2']
    Key: Note, Value: ['ATAAGCCGAAGGTACGCCACGTAGAGTGGATAGAGAC']
    Key: Ontology_term, Value: ['CRISPR']
    Key: score, Value: ['1018']
    Key: source, Value: ['CCTyper']

GF(Repeat region, 16151-17169 (0))
graphic feature from known effectors: GF(cora, 17298-19481 (1))
[GF(None, 1653-2190 (1)), GF(None, 2391-2970 (1)), GF(None, 3227-3785 (1)), GF(CRISPR system precrRNA processing endoribonuclease RAMP protein Cas6, 3999-4956 (-1)), GF(CRISPR-associated endonuclease Cas2, 4952-5240 (-1)), GF(CRISPR-associated endonuclease Cas1, 5247-7293 (-1)), GF(TIGR03986 family CRISPR-associated RAMP protein, 8429-10901 (-1)), GF(RAMP superfamily CRISPR-associated protein, 10903-12229 (-1)), GF(RAMP superfamily CRISPR-associated protein, 12228-14085 (-1)), GF(None, 14081-15716 (-1)), GF(None, 17297-19481 (1)), GF(None, 19477-20275 (1)), GF(TetR family transcriptional regulator, 20877-21522 (-1)), GF(efflux RND transporter periplasmic adaptor subunit, 21703-22798 (1)), GF(Repeat region, 7479-8350 (0)), GF(Repeat region, 16151-17169 (0)), GF(cora, 17298-19481 (1)), GF(CRISPR-Cas locus, 4000-20275 (0))]
