Cas operons file:    Unnamed: 0       Contig  ...           locus_id           sample
0           0  NC_013921.1  ...  GCF_000025645.1_0  GCF_000025645.1

[1 rows x 19 columns]
The chosen contig: NC_013921.1
type: CDS
location: [1378942:1379419](-)
id: cds-WP_012995397.1
qualifiers:
    Key: Dbxref, Value: ['GenBank:WP_012995397.1']
    Key: ID, Value: ['cds-WP_012995397.1']
    Key: Name, Value: ['WP_012995397.1']
    Key: Parent, Value: ['gene-THIT_RS06735']
    Key: gbkey, Value: ['CDS']
    Key: gene, Value: ['brxF']
    Key: inference, Value: ['COORDINATES: similar to AA sequence:RefSeq:WP_003869593.1']
    Key: locus_tag, Value: ['THIT_RS06735']
    Key: phase, Value: ['0']
    Key: product, Value: ['BREX-3 system P-loop-containing protein BrxF']
    Key: protein_id, Value: ['WP_012995397.1']
    Key: source, Value: ['Protein Homology']
    Key: transl_table, Value: ['11']

GF(BREX-3 system P-loop-containing protein BrxF, 3361-3838 (-1))
type: CDS
location: [1379580:1380624](-)
id: cds-WP_012995398.1
qualifiers:
    Key: Dbxref, Value: ['GenBank:WP_012995398.1']
    Key: ID, Value: ['cds-WP_012995398.1']
    Key: Name, Value: ['WP_012995398.1']
    Key: Parent, Value: ['gene-THIT_RS06740']
    Key: gbkey, Value: ['CDS']
    Key: inference, Value: ['COORDINATES: similar to AA sequence:RefSeq:WP_003868385.1']
    Key: locus_tag, Value: ['THIT_RS06740']
    Key: phase, Value: ['0']
    Key: product, Value: ['hypothetical protein']
    Key: protein_id, Value: ['WP_012995398.1']
    Key: source, Value: ['Protein Homology']
    Key: transl_table, Value: ['11']

GF(None, 3999-5043 (-1))
type: CDS
location: [1380627:1381002](-)
id: cds-WP_003868384.1
qualifiers:
    Key: Dbxref, Value: ['GenBank:WP_003868384.1']
    Key: ID, Value: ['cds-WP_003868384.1']
    Key: Name, Value: ['WP_003868384.1']
    Key: Parent, Value: ['gene-THIT_RS06745']
    Key: gbkey, Value: ['CDS']
    Key: inference, Value: ['COORDINATES: similar to AA sequence:RefSeq:WP_003868384.1']
    Key: locus_tag, Value: ['THIT_RS06745']
    Key: phase, Value: ['0']
    Key: product, Value: ['hypothetical protein']
    Key: protein_id, Value: ['WP_003868384.1']
    Key: source, Value: ['Protein Homology']
    Key: transl_table, Value: ['11']

GF(None, 5046-5421 (-1))
type: CDS
location: [1380998:1382195](-)
id: cds-WP_012995399.1
qualifiers:
    Key: Dbxref, Value: ['GenBank:WP_012995399.1']
    Key: ID, Value: ['cds-WP_012995399.1']
    Key: Name, Value: ['WP_012995399.1']
    Key: Parent, Value: ['gene-THIT_RS06750']
    Key: gbkey, Value: ['CDS']
    Key: inference, Value: ['COORDINATES: similar to AA sequence:RefSeq:WP_019907727.1']
    Key: locus_tag, Value: ['THIT_RS06750']
    Key: phase, Value: ['0']
    Key: product, Value: ['RAMP superfamily CRISPR-associated protein']
    Key: protein_id, Value: ['WP_012995399.1']
    Key: source, Value: ['Protein Homology']
    Key: transl_table, Value: ['11']

GF(RAMP superfamily CRISPR-associated protein, 5417-6614 (-1))
type: CDS
location: [1382199:1385733](-)
id: cds-WP_012995400.1
qualifiers:
    Key: Dbxref, Value: ['GenBank:WP_012995400.1']
    Key: ID, Value: ['cds-WP_012995400.1']
    Key: Name, Value: ['WP_012995400.1']
    Key: Ontology_term, Value: ['GO:0043571', 'GO:0003674', 'GO:0005575']
    Key: Parent, Value: ['gene-THIT_RS06755']
    Key: gbkey, Value: ['CDS']
    Key: go_component, Value: ['cellular_component|0005575||IEA']
    Key: go_function, Value: ['molecular_function|0003674||IEA']
    Key: go_process, Value: ['maintenance of CRISPR repeat elements|0043571||IEA']
    Key: inference, Value: ['COORDINATES: similar to AA sequence:RefSeq:WP_013433697.1']
    Key: locus_tag, Value: ['THIT_RS06755']
    Key: phase, Value: ['0']
    Key: product, Value: ['CRISPR-associated protein Csx11']
    Key: protein_id, Value: ['WP_012995400.1']
    Key: source, Value: ['Protein Homology']
    Key: transl_table, Value: ['11']

GF(CRISPR-associated protein Csx11, 6618-10152 (-1))
type: CDS
location: [1385764:1387015](-)
id: cds-WP_012995401.1
qualifiers:
    Key: Dbxref, Value: ['GenBank:WP_012995401.1']
    Key: ID, Value: ['cds-WP_012995401.1']
    Key: Name, Value: ['WP_012995401.1']
    Key: Parent, Value: ['gene-THIT_RS06760']
    Key: gbkey, Value: ['CDS']
    Key: inference, Value: ['COORDINATES: protein motif:HMM:NF015728.2']
    Key: locus_tag, Value: ['THIT_RS06760']
    Key: phase, Value: ['0']
    Key: product, Value: ['RAMP superfamily CRISPR-associated protein']
    Key: protein_id, Value: ['WP_012995401.1']
    Key: source, Value: ['Protein Homology']
    Key: transl_table, Value: ['11']

GF(RAMP superfamily CRISPR-associated protein, 10183-11434 (-1))
type: CDS
location: [1387007:1388024](-)
id: cds-WP_012995402.1
qualifiers:
    Key: Dbxref, Value: ['GenBank:WP_012995402.1']
    Key: ID, Value: ['cds-WP_012995402.1']
    Key: Name, Value: ['WP_012995402.1']
    Key: Ontology_term, Value: ['GO:0043571', 'GO:0003674']
    Key: Parent, Value: ['gene-THIT_RS06765']
    Key: gbkey, Value: ['CDS']
    Key: gene, Value: ['cmr1']
    Key: go_function, Value: ['molecular_function|0003674||IEA']
    Key: go_process, Value: ['maintenance of CRISPR repeat elements|0043571||IEA']
    Key: inference, Value: ['COORDINATES: similar to AA sequence:RefSeq:WP_003869600.1']
    Key: locus_tag, Value: ['THIT_RS06765']
    Key: phase, Value: ['0']
    Key: product, Value: ['type III-B CRISPR module RAMP protein Cmr1']
    Key: protein_id, Value: ['WP_012995402.1']
    Key: source, Value: ['Protein Homology']
    Key: transl_table, Value: ['11']

GF(type III-B CRISPR module RAMP protein Cmr1, 11426-12443 (-1))
type: CDS
location: [1388493:1389714](+)
id: cds-WP_012995403.1
qualifiers:
    Key: Dbxref, Value: ['GenBank:WP_012995403.1']
    Key: ID, Value: ['cds-WP_012995403.1']
    Key: Name, Value: ['WP_012995403.1']
    Key: Ontology_term, Value: ['GO:0004803']
    Key: Parent, Value: ['gene-THIT_RS06770']
    Key: gbkey, Value: ['CDS']
    Key: go_function, Value: ['transposase activity|0004803||IEA']
    Key: inference, Value: ['COORDINATES: similar to AA sequence:RefSeq:WP_003869601.1']
    Key: locus_tag, Value: ['THIT_RS06770']
    Key: phase, Value: ['0']
    Key: product, Value: ['IS110 family transposase']
    Key: protein_id, Value: ['WP_012995403.1']
    Key: source, Value: ['Protein Homology']
    Key: transl_table, Value: ['11']

GF(IS110 family transposase, 12912-14133 (1))
type: repeat_region
location: [1389800:1391699](+)
id: NC_013921.1_2
qualifiers:
    Key: Dbxref, Value: ['SO:0001459']
    Key: ID, Value: ['NC_013921.1_2']
    Key: Note, Value: ['ACTATTTTCAGGATAGGTAGGCTAAAAAC']
    Key: Ontology_term, Value: ['CRISPR']
    Key: score, Value: ['1899']
    Key: source, Value: ['CCTyper']

GF(Repeat region, 14219-16118 (0))
[GF(BREX-3 system P-loop-containing protein BrxF, 3361-3838 (-1)), GF(None, 3999-5043 (-1)), GF(None, 5046-5421 (-1)), GF(RAMP superfamily CRISPR-associated protein, 5417-6614 (-1)), GF(CRISPR-associated protein Csx11, 6618-10152 (-1)), GF(RAMP superfamily CRISPR-associated protein, 10183-11434 (-1)), GF(type III-B CRISPR module RAMP protein Cmr1, 11426-12443 (-1)), GF(IS110 family transposase, 12912-14133 (1)), GF(Repeat region, 14219-16118 (0)), GF(CRISPR-Cas locus, 4000-12443 (0))]
