Cas operons file:    Unnamed: 0         Contig  ...           locus_id           sample
0           2  NZ_CP062698.1  ...  GCF_018389385.1_2  GCF_018389385.1

[1 rows x 19 columns]
The chosen contig: NZ_CP062698.1
type: CDS
location: [2591499:2592615](+)
id: cds-WP_218079664.1
qualifiers:
    Key: Dbxref, Value: ['GenBank:WP_218079664.1']
    Key: ID, Value: ['cds-WP_218079664.1']
    Key: Name, Value: ['WP_218079664.1']
    Key: Parent, Value: ['gene-IL331_RS12195']
    Key: gbkey, Value: ['CDS']
    Key: inference, Value: ['COORDINATES: similar to AA sequence:RefSeq:WP_011143741.1']
    Key: locus_tag, Value: ['IL331_RS12195']
    Key: phase, Value: ['0']
    Key: product, Value: ['aldo/keto reductase']
    Key: protein_id, Value: ['WP_218079664.1']
    Key: source, Value: ['Protein Homology']
    Key: transl_table, Value: ['11']

GF(aldo/keto reductase, 1396-2512 (1))
type: CDS
location: [2592665:2592761](-)
id: cds-WP_281067816.1
qualifiers:
    Key: Dbxref, Value: ['GenBank:WP_281067816.1']
    Key: ID, Value: ['cds-WP_281067816.1']
    Key: Name, Value: ['WP_281067816.1']
    Key: Parent, Value: ['gene-IL331_RS20265']
    Key: gbkey, Value: ['CDS']
    Key: inference, Value: ['COORDINATES: protein motif:HMM:NF012381.3']
    Key: locus_tag, Value: ['IL331_RS20265']
    Key: phase, Value: ['0']
    Key: product, Value: ['hypothetical protein']
    Key: protein_id, Value: ['WP_281067816.1']
    Key: source, Value: ['Protein Homology']
    Key: transl_table, Value: ['11']

GF(None, 2562-2658 (-1))
type: CDS
location: [2593101:2593548](-)
id: cds-WP_315863204.1
qualifiers:
    Key: Dbxref, Value: ['GenBank:WP_315863204.1']
    Key: ID, Value: ['cds-WP_315863204.1']
    Key: Name, Value: ['WP_315863204.1']
    Key: Ontology_term, Value: ['GO:0009307', 'GO:0003677', 'GO:0004519']
    Key: Parent, Value: ['gene-IL331_RS12205']
    Key: gbkey, Value: ['CDS']
    Key: go_function, Value: ['DNA binding|0003677||IEA', 'endonuclease activity|0004519||IEA']
    Key: go_process, Value: ['DNA restriction-modification system|0009307||IEA']
    Key: inference, Value: ['COORDINATES: protein motif:HMM:NF016362.3']
    Key: locus_tag, Value: ['IL331_RS12205']
    Key: phase, Value: ['0']
    Key: product, Value: ['restriction endonuclease']
    Key: protein_id, Value: ['WP_315863204.1']
    Key: source, Value: ['Protein Homology']
    Key: transl_table, Value: ['11']

GF(restriction endonuclease, 2998-3445 (-1))
type: CDS
location: [2594150:2595713](+)
id: cds-WP_218079666.1
qualifiers:
    Key: Dbxref, Value: ['GenBank:WP_218079666.1']
    Key: ID, Value: ['cds-WP_218079666.1']
    Key: Name, Value: ['WP_218079666.1']
    Key: Parent, Value: ['gene-IL331_RS12210']
    Key: gbkey, Value: ['CDS']
    Key: inference, Value: ['COORDINATES: protein motif:HMM:NF023885.3']
    Key: locus_tag, Value: ['IL331_RS12210']
    Key: phase, Value: ['0']
    Key: product, Value: ['type III-B CRISPR-associated protein Cas10/Cmr2']
    Key: protein_id, Value: ['WP_218079666.1']
    Key: source, Value: ['Protein Homology']
    Key: transl_table, Value: ['11']

GF(type III-B CRISPR-associated protein Cas10/Cmr2, 4047-5610 (1))
type: CDS
location: [2595697:2596693](+)
id: cds-WP_218079667.1
qualifiers:
    Key: Dbxref, Value: ['GenBank:WP_218079667.1']
    Key: ID, Value: ['cds-WP_218079667.1']
    Key: Name, Value: ['WP_218079667.1']
    Key: Parent, Value: ['gene-IL331_RS12215']
    Key: gbkey, Value: ['CDS']
    Key: inference, Value: ['COORDINATES: protein motif:HMM:NF021236.3']
    Key: locus_tag, Value: ['IL331_RS12215']
    Key: phase, Value: ['0']
    Key: product, Value: ['type III-B CRISPR module-associated Cmr3 family protein']
    Key: protein_id, Value: ['WP_218079667.1']
    Key: source, Value: ['Protein Homology']
    Key: transl_table, Value: ['11']

GF(type III-B CRISPR module-associated Cmr3 family protein, 5594-6590 (1))
type: CDS
location: [2596692:2597496](+)
id: cds-WP_218079668.1
qualifiers:
    Key: Dbxref, Value: ['GenBank:WP_218079668.1']
    Key: ID, Value: ['cds-WP_218079668.1']
    Key: Name, Value: ['WP_218079668.1']
    Key: Parent, Value: ['gene-IL331_RS12220']
    Key: gbkey, Value: ['CDS']
    Key: inference, Value: ['COORDINATES: protein motif:HMM:NF015728.3']
    Key: locus_tag, Value: ['IL331_RS12220']
    Key: phase, Value: ['0']
    Key: product, Value: ['RAMP superfamily CRISPR-associated protein']
    Key: protein_id, Value: ['WP_218079668.1']
    Key: source, Value: ['Protein Homology']
    Key: transl_table, Value: ['11']

GF(RAMP superfamily CRISPR-associated protein, 6589-7393 (1))
type: CDS
location: [2597498:2597891](+)
id: cds-WP_218079669.1
qualifiers:
    Key: Dbxref, Value: ['GenBank:WP_218079669.1']
    Key: ID, Value: ['cds-WP_218079669.1']
    Key: Name, Value: ['WP_218079669.1']
    Key: Parent, Value: ['gene-IL331_RS12225']
    Key: gbkey, Value: ['CDS']
    Key: inference, Value: ['COORDINATES: ab initio prediction:GeneMarkS-2+']
    Key: locus_tag, Value: ['IL331_RS12225']
    Key: phase, Value: ['0']
    Key: product, Value: ['hypothetical protein']
    Key: protein_id, Value: ['WP_218079669.1']
    Key: source, Value: ['GeneMarkS-2+']
    Key: transl_table, Value: ['11']

GF(None, 7395-7788 (1))
type: CDS
location: [2597903:2599496](+)
id: cds-WP_218079670.1
qualifiers:
    Key: Dbxref, Value: ['GenBank:WP_218079670.1']
    Key: ID, Value: ['cds-WP_218079670.1']
    Key: Name, Value: ['WP_218079670.1']
    Key: Parent, Value: ['gene-IL331_RS12230']
    Key: gbkey, Value: ['CDS']
    Key: inference, Value: ['COORDINATES: ab initio prediction:GeneMarkS-2+']
    Key: locus_tag, Value: ['IL331_RS12230']
    Key: phase, Value: ['0']
    Key: product, Value: ['hypothetical protein']
    Key: protein_id, Value: ['WP_218079670.1']
    Key: source, Value: ['GeneMarkS-2+']
    Key: transl_table, Value: ['11']

GF(None, 7800-9393 (1))
type: CDS
location: [2599504:2601079](+)
id: cds-WP_218079671.1
qualifiers:
    Key: Dbxref, Value: ['GenBank:WP_218079671.1']
    Key: ID, Value: ['cds-WP_218079671.1']
    Key: Name, Value: ['WP_218079671.1']
    Key: Parent, Value: ['gene-IL331_RS12235']
    Key: gbkey, Value: ['CDS']
    Key: inference, Value: ['COORDINATES: ab initio prediction:GeneMarkS-2+']
    Key: locus_tag, Value: ['IL331_RS12235']
    Key: phase, Value: ['0']
    Key: product, Value: ['hypothetical protein']
    Key: protein_id, Value: ['WP_218079671.1']
    Key: source, Value: ['GeneMarkS-2+']
    Key: transl_table, Value: ['11']

GF(None, 9401-10976 (1))
type: CDS
location: [2601150:2601507](-)
id: cds-WP_218079672.1
qualifiers:
    Key: Dbxref, Value: ['GenBank:WP_218079672.1']
    Key: ID, Value: ['cds-WP_218079672.1']
    Key: Name, Value: ['WP_218079672.1']
    Key: Parent, Value: ['gene-IL331_RS12240']
    Key: gbkey, Value: ['CDS']
    Key: inference, Value: ['COORDINATES: ab initio prediction:GeneMarkS-2+']
    Key: locus_tag, Value: ['IL331_RS12240']
    Key: phase, Value: ['0']
    Key: product, Value: ['hypothetical protein']
    Key: protein_id, Value: ['WP_218079672.1']
    Key: source, Value: ['GeneMarkS-2+']
    Key: transl_table, Value: ['11']

GF(None, 11047-11404 (-1))
type: CDS
location: [2601543:2601852](+)
id: cds-WP_218079673.1
qualifiers:
    Key: Dbxref, Value: ['GenBank:WP_218079673.1']
    Key: ID, Value: ['cds-WP_218079673.1']
    Key: Name, Value: ['WP_218079673.1']
    Key: Parent, Value: ['gene-IL331_RS12245']
    Key: gbkey, Value: ['CDS']
    Key: inference, Value: ['COORDINATES: ab initio prediction:GeneMarkS-2+']
    Key: locus_tag, Value: ['IL331_RS12245']
    Key: phase, Value: ['0']
    Key: product, Value: ['hypothetical protein']
    Key: protein_id, Value: ['WP_218079673.1']
    Key: source, Value: ['GeneMarkS-2+']
    Key: transl_table, Value: ['11']

GF(None, 11440-11749 (1))
type: CDS
location: [2603399:2603675](-)
id: cds-WP_218079674.1
qualifiers:
    Key: Dbxref, Value: ['GenBank:WP_218079674.1']
    Key: ID, Value: ['cds-WP_218079674.1']
    Key: Name, Value: ['WP_218079674.1']
    Key: Ontology_term, Value: ['GO:0043571', 'GO:0004521']
    Key: Parent, Value: ['gene-IL331_RS12250']
    Key: gbkey, Value: ['CDS']
    Key: gene, Value: ['cas2']
    Key: go_function, Value: ['RNA endonuclease activity|0004521||IEA']
    Key: go_process, Value: ['maintenance of CRISPR repeat elements|0043571||IEA']
    Key: inference, Value: ['COORDINATES: protein motif:HMM:TIGR01573.1']
    Key: locus_tag, Value: ['IL331_RS12250']
    Key: phase, Value: ['0']
    Key: product, Value: ['CRISPR-associated endonuclease Cas2']
    Key: protein_id, Value: ['WP_218079674.1']
    Key: source, Value: ['Protein Homology']
    Key: transl_table, Value: ['11']

GF(CRISPR-associated endonuclease Cas2, 13296-13572 (-1))
type: CDS
location: [2603677:2604673](-)
id: cds-WP_218079675.1
qualifiers:
    Key: Dbxref, Value: ['GenBank:WP_218079675.1']
    Key: ID, Value: ['cds-WP_218079675.1']
    Key: Name, Value: ['WP_218079675.1']
    Key: Ontology_term, Value: ['GO:0043571', 'GO:0004520', 'GO:0046872']
    Key: Parent, Value: ['gene-IL331_RS12255']
    Key: gbkey, Value: ['CDS']
    Key: gene, Value: ['cas1']
    Key: go_function, Value: ['DNA endonuclease activity|0004520||IEA', 'metal ion binding|0046872||IEA']
    Key: go_process, Value: ['maintenance of CRISPR repeat elements|0043571||IEA']
    Key: inference, Value: ['COORDINATES: protein motif:HMM:TIGR00287.1']
    Key: locus_tag, Value: ['IL331_RS12255']
    Key: phase, Value: ['0']
    Key: product, Value: ['CRISPR-associated endonuclease Cas1']
    Key: protein_id, Value: ['WP_218079675.1']
    Key: source, Value: ['Protein Homology']
    Key: transl_table, Value: ['11']

GF(CRISPR-associated endonuclease Cas1, 13574-14570 (-1))
type: CDS
location: [2604665:2604902](-)
id: cds-WP_218079676.1
qualifiers:
    Key: Dbxref, Value: ['GenBank:WP_218079676.1']
    Key: ID, Value: ['cds-WP_218079676.1']
    Key: Name, Value: ['WP_218079676.1']
    Key: Parent, Value: ['gene-IL331_RS12260']
    Key: gbkey, Value: ['CDS']
    Key: gene, Value: ['csx18']
    Key: inference, Value: ['COORDINATES: protein motif:HMM:NF040558.1']
    Key: locus_tag, Value: ['IL331_RS12260']
    Key: phase, Value: ['0']
    Key: product, Value: ['CRISPR-associated protein Csx18']
    Key: protein_id, Value: ['WP_218079676.1']
    Key: source, Value: ['Protein Homology']
    Key: transl_table, Value: ['11']

GF(CRISPR-associated protein Csx18, 14562-14799 (-1))
type: CDS
location: [2605117:2607124](+)
id: cds-WP_218079677.1
qualifiers:
    Key: Dbxref, Value: ['GenBank:WP_218079677.1']
    Key: ID, Value: ['cds-WP_218079677.1']
    Key: Name, Value: ['WP_218079677.1']
    Key: Parent, Value: ['gene-IL331_RS12265']
    Key: gbkey, Value: ['CDS']
    Key: inference, Value: ['COORDINATES: protein motif:HMM:NF024676.3']
    Key: locus_tag, Value: ['IL331_RS12265']
    Key: phase, Value: ['0']
    Key: product, Value: ['AAA family ATPase']
    Key: protein_id, Value: ['WP_218079677.1']
    Key: source, Value: ['Protein Homology']
    Key: transl_table, Value: ['11']

GF(AAA family ATPase, 15014-17021 (1))
type: CDS
location: [2607230:2607932](+)
id: cds-WP_218079678.1
qualifiers:
    Key: Dbxref, Value: ['GenBank:WP_218079678.1']
    Key: ID, Value: ['cds-WP_218079678.1']
    Key: Name, Value: ['WP_218079678.1']
    Key: Parent, Value: ['gene-IL331_RS12270']
    Key: gbkey, Value: ['CDS']
    Key: inference, Value: ['COORDINATES: ab initio prediction:GeneMarkS-2+']
    Key: locus_tag, Value: ['IL331_RS12270']
    Key: phase, Value: ['0']
    Key: product, Value: ['hypothetical protein']
    Key: protein_id, Value: ['WP_218079678.1']
    Key: source, Value: ['GeneMarkS-2+']
    Key: transl_table, Value: ['11']

GF(None, 17127-17829 (1))
type: CDS
location: [2608228:2608954](-)
id: cds-WP_218079679.1
qualifiers:
    Key: Dbxref, Value: ['GenBank:WP_218079679.1']
    Key: ID, Value: ['cds-WP_218079679.1']
    Key: Name, Value: ['WP_218079679.1']
    Key: Parent, Value: ['gene-IL331_RS12280']
    Key: gbkey, Value: ['CDS']
    Key: inference, Value: ['COORDINATES: similar to AA sequence:RefSeq:WP_011142137.1']
    Key: locus_tag, Value: ['IL331_RS12280']
    Key: phase, Value: ['0']
    Key: product, Value: ['RNA methyltransferase']
    Key: protein_id, Value: ['WP_218079679.1']
    Key: source, Value: ['Protein Homology']
    Key: transl_table, Value: ['11']

GF(RNA methyltransferase, 18125-18851 (-1))
type: CDS
location: [2608959:2609925](-)
id: cds-WP_218079680.1
qualifiers:
    Key: Dbxref, Value: ['GenBank:WP_218079680.1']
    Key: ID, Value: ['cds-WP_218079680.1']
    Key: Name, Value: ['WP_218079680.1']
    Key: Parent, Value: ['gene-IL331_RS12285']
    Key: gbkey, Value: ['CDS']
    Key: inference, Value: ['COORDINATES: protein motif:HMM:NF024772.3']
    Key: locus_tag, Value: ['IL331_RS12285']
    Key: phase, Value: ['0']
    Key: product, Value: ['ABC transporter substrate-binding protein']
    Key: protein_id, Value: ['WP_218079680.1']
    Key: source, Value: ['Protein Homology']
    Key: transl_table, Value: ['11']

GF(ABC transporter substrate-binding protein, 18856-19822 (-1))
type: repeat_region
location: [2602067:2603208](+)
id: NZ_CP062698.1_2
qualifiers:
    Key: Dbxref, Value: ['SO:0001459']
    Key: ID, Value: ['NZ_CP062698.1_2']
    Key: Note, Value: ['GTTTCCAACTAATCGCCCTCAAAGAGGCGTGAAGAC']
    Key: Ontology_term, Value: ['CRISPR']
    Key: score, Value: ['1141']
    Key: source, Value: ['CCTyper']

GF(Repeat region, 11964-13105 (0))
graphic feature from cctyper protein table: GF(Cas10, 4048-5610 (1))
graphic feature from cctyper protein table: GF(Cmr3gr5, 5595-6590 (1))
graphic feature from cctyper protein table: GF(Cmr4gr7, 6590-7393 (1))
graphic feature from cctyper protein table: GF(Cmr5gr11, 7396-7788 (1))
graphic feature from cctyper protein table: GF(Cmr6gr7, 7801-9393 (1))
graphic feature from cctyper protein table: GF(Csx1, 9402-10976 (1))
graphic feature from cctyper protein table: GF(Cas2, 13297-13572 (-1))
graphic feature from cctyper protein table: GF(Cas1, 13575-14570 (-1))
graphic feature from cctyper protein table: GF(Csx18, 14563-14799 (-1))
graphic feature from cctyper protein table: GF(WYL, 15015-17021 (1))
Index(['protein_id', 'start', 'end', 'effector', 'locus', 'sample', 'strand',
       'sequence', 'type'],
      dtype='object')
graphic feature from known effectors: GF(csx1, 9402-10976 (1))
Index(['protein_id', 'start', 'end', 'effector', 'locus', 'sample', 'strand',
       'sequence'],
      dtype='object')
[GF(aldo/keto reductase, 1396-2512 (1)), GF(None, 2562-2658 (-1)), GF(restriction endonuclease, 2998-3445 (-1)), GF(type III-B CRISPR-associated protein Cas10/Cmr2, 4047-5610 (1)), GF(type III-B CRISPR module-associated Cmr3 family protein, 5594-6590 (1)), GF(RAMP superfamily CRISPR-associated protein, 6589-7393 (1)), GF(None, 7395-7788 (1)), GF(None, 7800-9393 (1)), GF(None, 9401-10976 (1)), GF(None, 11047-11404 (-1)), GF(None, 11440-11749 (1)), GF(CRISPR-associated endonuclease Cas2, 13296-13572 (-1)), GF(CRISPR-associated endonuclease Cas1, 13574-14570 (-1)), GF(CRISPR-associated protein Csx18, 14562-14799 (-1)), GF(AAA family ATPase, 15014-17021 (1)), GF(None, 17127-17829 (1)), GF(RNA methyltransferase, 18125-18851 (-1)), GF(ABC transporter substrate-binding protein, 18856-19822 (-1)), GF(Repeat region, 11964-13105 (0)), GF(Cas10, 4048-5610 (1)), GF(Cmr3gr5, 5595-6590 (1)), GF(Cmr4gr7, 6590-7393 (1)), GF(Cmr5gr11, 7396-7788 (1)), GF(Cmr6gr7, 7801-9393 (1)), GF(Csx1, 9402-10976 (1)), GF(Cas2, 13297-13572 (-1)), GF(Cas1, 13575-14570 (-1)), GF(Csx18, 14563-14799 (-1)), GF(WYL, 15015-17021 (1)), GF(csx1, 9402-10976 (1)), GF(CRISPR-Cas locus, 4000-17021 (0))]
