Cas operons file:    Unnamed: 0       Contig  ...           locus_id           sample
0           3  NC_012622.1  ...  GCF_000022465.1_3  GCF_000022465.1

[1 rows x 19 columns]
The chosen contig: NC_012622.1
type: CDS
location: [599657:599924](-)
id: cds-WP_012715752.1
qualifiers:
    Key: Dbxref, Value: ['GenBank:WP_012715752.1', 'GeneID:7806966']
    Key: ID, Value: ['cds-WP_012715752.1']
    Key: Name, Value: ['WP_012715752.1']
    Key: Parent, Value: ['gene-YG5714_RS03110']
    Key: gbkey, Value: ['CDS']
    Key: inference, Value: ['COORDINATES: ab initio prediction:GeneMarkS-2+']
    Key: locus_tag, Value: ['YG5714_RS03110']
    Key: phase, Value: ['0']
    Key: product, Value: ['hypothetical protein']
    Key: protein_id, Value: ['WP_012715752.1']
    Key: source, Value: ['GeneMarkS-2+']
    Key: transl_table, Value: ['11']

GF(None, 770-1037 (-1))
type: CDS
location: [600225:600993](+)
id: cds-WP_012715753.1
qualifiers:
    Key: Dbxref, Value: ['GenBank:WP_012715753.1', 'GeneID:7807126']
    Key: ID, Value: ['cds-WP_012715753.1']
    Key: Name, Value: ['WP_012715753.1']
    Key: Parent, Value: ['gene-YG5714_RS03115']
    Key: gbkey, Value: ['CDS']
    Key: inference, Value: ['COORDINATES: similar to AA sequence:RefSeq:WP_013776402.1']
    Key: locus_tag, Value: ['YG5714_RS03115']
    Key: phase, Value: ['0']
    Key: product, Value: ['glycosyltransferase family 2 protein']
    Key: protein_id, Value: ['WP_012715753.1']
    Key: source, Value: ['Protein Homology']
    Key: transl_table, Value: ['11']

GF(glycosyltransferase family 2 protein, 1338-2106 (1))
type: CDS
location: [602041:602353](-)
id: cds-WP_012715754.1
qualifiers:
    Key: Dbxref, Value: ['GenBank:WP_012715754.1', 'GeneID:7807127']
    Key: ID, Value: ['cds-WP_012715754.1']
    Key: Name, Value: ['WP_012715754.1']
    Key: Parent, Value: ['gene-YG5714_RS03120']
    Key: gbkey, Value: ['CDS']
    Key: inference, Value: ['COORDINATES: ab initio prediction:GeneMarkS-2+']
    Key: locus_tag, Value: ['YG5714_RS03120']
    Key: phase, Value: ['0']
    Key: product, Value: ['hypothetical protein']
    Key: protein_id, Value: ['WP_012715754.1']
    Key: source, Value: ['GeneMarkS-2+']
    Key: transl_table, Value: ['11']

GF(None, 3154-3466 (-1))
type: CDS
location: [602504:602759](+)
id: cds-WP_012715756.1
qualifiers:
    Key: Dbxref, Value: ['GenBank:WP_012715756.1', 'GeneID:7807129']
    Key: ID, Value: ['cds-WP_012715756.1']
    Key: Name, Value: ['WP_012715756.1']
    Key: Parent, Value: ['gene-YG5714_RS03125']
    Key: gbkey, Value: ['CDS']
    Key: inference, Value: ['COORDINATES: similar to AA sequence:RefSeq:WP_012717934.1']
    Key: locus_tag, Value: ['YG5714_RS03125']
    Key: phase, Value: ['0']
    Key: product, Value: ['hypothetical protein']
    Key: protein_id, Value: ['WP_012715756.1']
    Key: source, Value: ['Protein Homology']
    Key: transl_table, Value: ['11']

GF(None, 3617-3872 (1))
type: CDS
location: [602805:603855](+)
id: cds-WP_080513519.1
qualifiers:
    Key: Dbxref, Value: ['GenBank:WP_080513519.1', 'GeneID:7807130']
    Key: ID, Value: ['cds-WP_080513519.1']
    Key: Name, Value: ['WP_080513519.1']
    Key: Parent, Value: ['gene-YG5714_RS03130']
    Key: gbkey, Value: ['CDS']
    Key: inference, Value: ['COORDINATES: protein motif:HMM:NF015728.2']
    Key: locus_tag, Value: ['YG5714_RS03130']
    Key: phase, Value: ['0']
    Key: product, Value: ['RAMP superfamily CRISPR-associated protein']
    Key: protein_id, Value: ['WP_080513519.1']
    Key: source, Value: ['Protein Homology']
    Key: transl_table, Value: ['11']

GF(RAMP superfamily CRISPR-associated protein, 3918-4968 (1))
type: CDS
location: [603838:604252](+)
id: cds-WP_012715758.1
qualifiers:
    Key: Dbxref, Value: ['GenBank:WP_012715758.1', 'GeneID:7807131']
    Key: ID, Value: ['cds-WP_012715758.1']
    Key: Name, Value: ['WP_012715758.1']
    Key: Parent, Value: ['gene-YG5714_RS03135']
    Key: gbkey, Value: ['CDS']
    Key: inference, Value: ['COORDINATES: similar to AA sequence:RefSeq:WP_012717936.1']
    Key: locus_tag, Value: ['YG5714_RS03135']
    Key: phase, Value: ['0']
    Key: product, Value: ['hypothetical protein']
    Key: protein_id, Value: ['WP_012715758.1']
    Key: source, Value: ['Protein Homology']
    Key: transl_table, Value: ['11']

GF(None, 4951-5365 (1))
type: CDS
location: [604232:604838](+)
id: cds-WP_012715759.1
qualifiers:
    Key: Dbxref, Value: ['GenBank:WP_012715759.1', 'GeneID:7807132']
    Key: ID, Value: ['cds-WP_012715759.1']
    Key: Name, Value: ['WP_012715759.1']
    Key: Parent, Value: ['gene-YG5714_RS03140']
    Key: gbkey, Value: ['CDS']
    Key: inference, Value: ['COORDINATES: similar to AA sequence:RefSeq:WP_010980064.1']
    Key: locus_tag, Value: ['YG5714_RS03140']
    Key: phase, Value: ['0']
    Key: product, Value: ['hypothetical protein']
    Key: protein_id, Value: ['WP_012715759.1']
    Key: source, Value: ['Protein Homology']
    Key: transl_table, Value: ['11']

GF(None, 5345-5951 (1))
type: CDS
location: [604840:607360](+)
id: cds-WP_012715760.1
qualifiers:
    Key: Dbxref, Value: ['GenBank:WP_012715760.1', 'GeneID:7807133']
    Key: ID, Value: ['cds-WP_012715760.1']
    Key: Name, Value: ['WP_012715760.1']
    Key: Parent, Value: ['gene-YG5714_RS03145']
    Key: gbkey, Value: ['CDS']
    Key: inference, Value: ['COORDINATES: similar to AA sequence:RefSeq:WP_012717938.1']
    Key: locus_tag, Value: ['YG5714_RS03145']
    Key: phase, Value: ['0']
    Key: product, Value: ['hypothetical protein']
    Key: protein_id, Value: ['WP_012715760.1']
    Key: source, Value: ['Protein Homology']
    Key: transl_table, Value: ['11']

GF(None, 5953-8473 (1))
type: CDS
location: [607356:608040](+)
id: cds-WP_012715761.1
qualifiers:
    Key: Dbxref, Value: ['GenBank:WP_012715761.1', 'GeneID:7807134']
    Key: ID, Value: ['cds-WP_012715761.1']
    Key: Name, Value: ['WP_012715761.1']
    Key: Parent, Value: ['gene-YG5714_RS03150']
    Key: gbkey, Value: ['CDS']
    Key: inference, Value: ['COORDINATES: similar to AA sequence:RefSeq:WP_012717939.1']
    Key: locus_tag, Value: ['YG5714_RS03150']
    Key: phase, Value: ['0']
    Key: product, Value: ['hypothetical protein']
    Key: protein_id, Value: ['WP_012715761.1']
    Key: source, Value: ['Protein Homology']
    Key: transl_table, Value: ['11']

GF(None, 8469-9153 (1))
type: CDS
location: [608077:608284](-)
id: cds-WP_274378974.1
qualifiers:
    Key: Dbxref, Value: ['GenBank:WP_274378974.1', 'GeneID:78824193']
    Key: ID, Value: ['cds-WP_274378974.1']
    Key: Name, Value: ['WP_274378974.1']
    Key: Parent, Value: ['gene-YG5714_RS16405']
    Key: gbkey, Value: ['CDS']
    Key: inference, Value: ['COORDINATES: protein motif:HMM:NF024950.2']
    Key: locus_tag, Value: ['YG5714_RS16405']
    Key: phase, Value: ['0']
    Key: product, Value: ['SDR family oxidoreductase']
    Key: protein_id, Value: ['WP_274378974.1']
    Key: source, Value: ['Protein Homology']
    Key: transl_table, Value: ['11']

GF(SDR family oxidoreductase, 9190-9397 (-1))
type: CDS
location: [608335:609496](+)
id: cds-WP_012715762.1
qualifiers:
    Key: Dbxref, Value: ['GenBank:WP_012715762.1', 'GeneID:7807136']
    Key: ID, Value: ['cds-WP_012715762.1']
    Key: Name, Value: ['WP_012715762.1']
    Key: Parent, Value: ['gene-YG5714_RS03155']
    Key: gbkey, Value: ['CDS']
    Key: inference, Value: ['COORDINATES: similar to AA sequence:RefSeq:WP_012717940.1']
    Key: locus_tag, Value: ['YG5714_RS03155']
    Key: phase, Value: ['0']
    Key: product, Value: ['RNA-guided endonuclease TnpB family protein']
    Key: protein_id, Value: ['WP_012715762.1']
    Key: source, Value: ['Protein Homology']
    Key: transl_table, Value: ['11']

GF(RNA-guided endonuclease TnpB family protein, 9448-10609 (1))
type: CDS
location: [609415:609820](-)
id: cds-WP_238526234.1
qualifiers:
    Key: Dbxref, Value: ['GenBank:WP_238526234.1', 'GeneID:31485454']
    Key: ID, Value: ['cds-WP_238526234.1']
    Key: Name, Value: ['WP_238526234.1']
    Key: Parent, Value: ['gene-YG5714_RS14840']
    Key: gbkey, Value: ['CDS']
    Key: inference, Value: ['COORDINATES: similar to AA sequence:RefSeq:WP_012717941.1']
    Key: locus_tag, Value: ['YG5714_RS14840']
    Key: phase, Value: ['0']
    Key: product, Value: ['hypothetical protein']
    Key: protein_id, Value: ['WP_238526234.1']
    Key: source, Value: ['Protein Homology']
    Key: transl_table, Value: ['11']

GF(None, 10528-10933 (-1))
type: CDS
location: [609822:610320](-)
id: cds-WP_238526235.1
qualifiers:
    Key: Dbxref, Value: ['GenBank:WP_238526235.1', 'GeneID:7807138']
    Key: ID, Value: ['cds-WP_238526235.1']
    Key: Name, Value: ['WP_238526235.1']
    Key: Parent, Value: ['gene-YG5714_RS03160']
    Key: gbkey, Value: ['CDS']
    Key: inference, Value: ['COORDINATES: similar to AA sequence:RefSeq:WP_012715764.1']
    Key: locus_tag, Value: ['YG5714_RS03160']
    Key: phase, Value: ['0']
    Key: product, Value: ['hypothetical protein']
    Key: protein_id, Value: ['WP_238526235.1']
    Key: source, Value: ['Protein Homology']
    Key: transl_table, Value: ['11']

GF(None, 10935-11433 (-1))
type: CDS
location: [610337:610937](-)
id: cds-WP_012715765.1
qualifiers:
    Key: Dbxref, Value: ['GenBank:WP_012715765.1', 'GeneID:7807139']
    Key: ID, Value: ['cds-WP_012715765.1']
    Key: Name, Value: ['WP_012715765.1']
    Key: Parent, Value: ['gene-YG5714_RS03165']
    Key: gbkey, Value: ['CDS']
    Key: inference, Value: ['COORDINATES: similar to AA sequence:RefSeq:WP_014513778.1']
    Key: locus_tag, Value: ['YG5714_RS03165']
    Key: phase, Value: ['0']
    Key: product, Value: ['hypothetical protein']
    Key: protein_id, Value: ['WP_012715765.1']
    Key: source, Value: ['Protein Homology']
    Key: transl_table, Value: ['11']

GF(None, 11450-12050 (-1))
type: CDS
location: [611279:611444](+)
id: cds-WP_187146850.1
qualifiers:
    Key: Dbxref, Value: ['GenBank:WP_187146850.1', 'GeneID:58787477']
    Key: ID, Value: ['cds-WP_187146850.1']
    Key: Name, Value: ['WP_187146850.1']
    Key: Parent, Value: ['gene-YG5714_RS15815']
    Key: gbkey, Value: ['CDS']
    Key: inference, Value: ['COORDINATES: similar to AA sequence:RefSeq:WP_012715820.1']
    Key: locus_tag, Value: ['YG5714_RS15815']
    Key: phase, Value: ['0']
    Key: product, Value: ['hypothetical protein']
    Key: protein_id, Value: ['WP_187146850.1']
    Key: source, Value: ['Protein Homology']
    Key: transl_table, Value: ['11']

GF(None, 12392-12557 (1))
graphic feature from cctyper protein table: GF(Csx26, 4952-5365 (1))
graphic feature from cctyper protein table: GF(Csm3gr7, 5346-5951 (1))
graphic feature from cctyper protein table: GF(Cas10, 5954-8473 (1))
graphic feature from cctyper protein table: GF(Csm4gr5, 8470-9153 (1))
Index(['protein_id', 'start', 'end', 'effector', 'locus', 'sample', 'strand',
       'sequence'],
      dtype='object')
Index(['protein_id', 'start', 'end', 'effector', 'locus', 'sample', 'strand',
       'sequence'],
      dtype='object')
[GF(None, 770-1037 (-1)), GF(glycosyltransferase family 2 protein, 1338-2106 (1)), GF(None, 3154-3466 (-1)), GF(None, 3617-3872 (1)), GF(RAMP superfamily CRISPR-associated protein, 3918-4968 (1)), GF(None, 4951-5365 (1)), GF(None, 5345-5951 (1)), GF(None, 5953-8473 (1)), GF(None, 8469-9153 (1)), GF(SDR family oxidoreductase, 9190-9397 (-1)), GF(RNA-guided endonuclease TnpB family protein, 9448-10609 (1)), GF(None, 10528-10933 (-1)), GF(None, 10935-11433 (-1)), GF(None, 11450-12050 (-1)), GF(None, 12392-12557 (1)), GF(Csx26, 4952-5365 (1)), GF(Csm3gr7, 5346-5951 (1)), GF(Cas10, 5954-8473 (1)), GF(Csm4gr5, 8470-9153 (1)), GF(CRISPR-Cas locus, 4000-9153 (0))]
