Cas operons file:    Unnamed: 0         Contig  ...           locus_id           sample
0           0  NZ_CP053844.1  ...  GCF_013201685.1_0  GCF_013201685.1

[1 rows x 19 columns]
The chosen contig: NZ_CP053844.1
type: CDS
location: [46985:47138](+)
id: cds-WP_165590146.1
qualifiers:
    Key: Dbxref, Value: ['GenBank:WP_165590146.1']
    Key: ID, Value: ['cds-WP_165590146.1']
    Key: Name, Value: ['WP_165590146.1']
    Key: Parent, Value: ['gene-CGEO_RS00245']
    Key: gbkey, Value: ['CDS']
    Key: inference, Value: ['COORDINATES: ab initio prediction:GeneMarkS-2+']
    Key: locus_tag, Value: ['CGEO_RS00245']
    Key: phase, Value: ['0']
    Key: product, Value: ['hypothetical protein']
    Key: protein_id, Value: ['WP_165590146.1']
    Key: source, Value: ['GeneMarkS-2+']
    Key: transl_table, Value: ['11']

GF(None, 962-1115 (1))
type: CDS
location: [47221:47593](+)
id: cds-WP_075539957.1
qualifiers:
    Key: Dbxref, Value: ['GenBank:WP_075539957.1']
    Key: ID, Value: ['cds-WP_075539957.1']
    Key: Name, Value: ['WP_075539957.1']
    Key: Ontology_term, Value: ['GO:0006654', 'GO:0008654', 'GO:0016310', 'GO:0004143', 'GO:0005524', 'GO:0046872']
    Key: Parent, Value: ['gene-CGEO_RS00250']
    Key: gbkey, Value: ['CDS']
    Key: go_function, Value: ['ATP-dependent diacylglycerol kinase activity|0004143||IEA', 'ATP binding|0005524||IEA', 'metal ion binding|0046872||IEA']
    Key: go_process, Value: ['phosphatidic acid biosynthetic process|0006654||IEA', 'phospholipid biosynthetic process|0008654||IEA', 'phosphorylation|0016310||IEA']
    Key: inference, Value: ['COORDINATES: similar to AA sequence:RefSeq:WP_002850819.1']
    Key: locus_tag, Value: ['CGEO_RS00250']
    Key: phase, Value: ['0']
    Key: product, Value: ['diacylglycerol kinase']
    Key: protein_id, Value: ['WP_075539957.1']
    Key: source, Value: ['Protein Homology']
    Key: transl_table, Value: ['11']

GF(diacylglycerol kinase, 1198-1570 (1))
type: CDS
location: [48165:49578](-)
id: cds-WP_075531251.1
qualifiers:
    Key: Dbxref, Value: ['GenBank:WP_075531251.1']
    Key: ID, Value: ['cds-WP_075531251.1']
    Key: Name, Value: ['WP_075531251.1']
    Key: Ontology_term, Value: ['GO:0006820', 'GO:0008509', 'GO:0005886']
    Key: Parent, Value: ['gene-CGEO_RS00255']
    Key: gbkey, Value: ['CDS']
    Key: go_component, Value: ['plasma membrane|0005886||IEA']
    Key: go_function, Value: ['monoatomic anion transmembrane transporter activity|0008509||IEA']
    Key: go_process, Value: ['monoatomic anion transport|0006820||IEA']
    Key: inference, Value: ['COORDINATES: similar to AA sequence:RefSeq:WP_012108665.1']
    Key: locus_tag, Value: ['CGEO_RS00255']
    Key: phase, Value: ['0']
    Key: product, Value: ['DASS family sodium-coupled anion symporter']
    Key: protein_id, Value: ['WP_075531251.1']
    Key: source, Value: ['Protein Homology']
    Key: transl_table, Value: ['11']

GF(DASS family sodium-coupled anion symporter, 2142-3555 (-1))
type: CDS
location: [50022:51531](+)
id: cds-WP_075539956.1
qualifiers:
    Key: Dbxref, Value: ['GenBank:WP_075539956.1']
    Key: ID, Value: ['cds-WP_075539956.1']
    Key: Name, Value: ['WP_075539956.1']
    Key: Parent, Value: ['gene-CGEO_RS00260']
    Key: gbkey, Value: ['CDS']
    Key: inference, Value: ['COORDINATES: ab initio prediction:GeneMarkS-2+']
    Key: locus_tag, Value: ['CGEO_RS00260']
    Key: phase, Value: ['0']
    Key: product, Value: ['hypothetical protein']
    Key: protein_id, Value: ['WP_075539956.1']
    Key: source, Value: ['GeneMarkS-2+']
    Key: transl_table, Value: ['11']

GF(None, 3999-5508 (1))
type: CDS
location: [51515:53558](+)
id: cds-WP_075539955.1
qualifiers:
    Key: Dbxref, Value: ['GenBank:WP_075539955.1']
    Key: ID, Value: ['cds-WP_075539955.1']
    Key: Name, Value: ['WP_075539955.1']
    Key: Parent, Value: ['gene-CGEO_RS00265']
    Key: gbkey, Value: ['CDS']
    Key: inference, Value: ['COORDINATES: protein motif:HMM:NF015728.2']
    Key: locus_tag, Value: ['CGEO_RS00265']
    Key: phase, Value: ['0']
    Key: product, Value: ['RAMP superfamily CRISPR-associated protein']
    Key: protein_id, Value: ['WP_075539955.1']
    Key: source, Value: ['Protein Homology']
    Key: transl_table, Value: ['11']

GF(RAMP superfamily CRISPR-associated protein, 5492-7535 (1))
type: CDS
location: [53554:54817](+)
id: cds-WP_075539954.1
qualifiers:
    Key: Dbxref, Value: ['GenBank:WP_075539954.1']
    Key: ID, Value: ['cds-WP_075539954.1']
    Key: Name, Value: ['WP_075539954.1']
    Key: Parent, Value: ['gene-CGEO_RS00270']
    Key: gbkey, Value: ['CDS']
    Key: inference, Value: ['COORDINATES: protein motif:HMM:NF015728.2']
    Key: locus_tag, Value: ['CGEO_RS00270']
    Key: phase, Value: ['0']
    Key: product, Value: ['RAMP superfamily CRISPR-associated protein']
    Key: protein_id, Value: ['WP_075539954.1']
    Key: source, Value: ['Protein Homology']
    Key: transl_table, Value: ['11']

GF(RAMP superfamily CRISPR-associated protein, 7531-8794 (1))
type: CDS
location: [54813:55320](+)
id: cds-WP_075539953.1
qualifiers:
    Key: Dbxref, Value: ['GenBank:WP_075539953.1']
    Key: ID, Value: ['cds-WP_075539953.1']
    Key: Name, Value: ['WP_075539953.1']
    Key: Parent, Value: ['gene-CGEO_RS00275']
    Key: gbkey, Value: ['CDS']
    Key: gene, Value: ['csx19']
    Key: inference, Value: ['COORDINATES: protein motif:HMM:TIGR03984.2']
    Key: locus_tag, Value: ['CGEO_RS00275']
    Key: phase, Value: ['0']
    Key: product, Value: ['CRISPR-associated protein Csx19']
    Key: protein_id, Value: ['WP_075539953.1']
    Key: source, Value: ['Protein Homology']
    Key: transl_table, Value: ['11']

GF(CRISPR-associated protein Csx19, 8790-9297 (1))
type: CDS
location: [55321:57103](+)
id: cds-WP_075539952.1
qualifiers:
    Key: Dbxref, Value: ['GenBank:WP_075539952.1']
    Key: ID, Value: ['cds-WP_075539952.1']
    Key: Name, Value: ['WP_075539952.1']
    Key: Parent, Value: ['gene-CGEO_RS00280']
    Key: gbkey, Value: ['CDS']
    Key: inference, Value: ['COORDINATES: protein motif:HMM:TIGR03986.1']
    Key: locus_tag, Value: ['CGEO_RS00280']
    Key: phase, Value: ['0']
    Key: product, Value: ['TIGR03986 family CRISPR-associated RAMP protein']
    Key: protein_id, Value: ['WP_075539952.1']
    Key: source, Value: ['Protein Homology']
    Key: transl_table, Value: ['11']

GF(TIGR03986 family CRISPR-associated RAMP protein, 9298-11080 (1))
type: CDS
location: [57116:58574](+)
id: cds-WP_075539951.1
qualifiers:
    Key: Dbxref, Value: ['GenBank:WP_075539951.1']
    Key: ID, Value: ['cds-WP_075539951.1']
    Key: Name, Value: ['WP_075539951.1']
    Key: Parent, Value: ['gene-CGEO_RS00285']
    Key: gbkey, Value: ['CDS']
    Key: inference, Value: ['COORDINATES: ab initio prediction:GeneMarkS-2+']
    Key: locus_tag, Value: ['CGEO_RS00285']
    Key: phase, Value: ['0']
    Key: product, Value: ['hypothetical protein']
    Key: protein_id, Value: ['WP_075539951.1']
    Key: source, Value: ['GeneMarkS-2+']
    Key: transl_table, Value: ['11']

GF(None, 11093-12551 (1))
type: CDS
location: [58570:58939](+)
id: cds-WP_075539950.1
qualifiers:
    Key: Dbxref, Value: ['GenBank:WP_075539950.1']
    Key: ID, Value: ['cds-WP_075539950.1']
    Key: Name, Value: ['WP_075539950.1']
    Key: Parent, Value: ['gene-CGEO_RS00290']
    Key: gbkey, Value: ['CDS']
    Key: gene, Value: ['csx20']
    Key: inference, Value: ['COORDINATES: protein motif:HMM:NF040559.1']
    Key: locus_tag, Value: ['CGEO_RS00290']
    Key: phase, Value: ['0']
    Key: product, Value: ['CRISPR-associated protein Csx20']
    Key: protein_id, Value: ['WP_075539950.1']
    Key: source, Value: ['Protein Homology']
    Key: transl_table, Value: ['11']

GF(CRISPR-associated protein Csx20, 12547-12916 (1))
type: CDS
location: [58939:61138](+)
id: cds-WP_075539949.1
qualifiers:
    Key: Dbxref, Value: ['GenBank:WP_075539949.1']
    Key: ID, Value: ['cds-WP_075539949.1']
    Key: Name, Value: ['WP_075539949.1']
    Key: Ontology_term, Value: ['GO:0043571', 'GO:0004520', 'GO:0046872']
    Key: Parent, Value: ['gene-CGEO_RS00295']
    Key: gbkey, Value: ['CDS']
    Key: gene, Value: ['cas1']
    Key: go_function, Value: ['DNA endonuclease activity|0004520||IEA', 'metal ion binding|0046872||IEA']
    Key: go_process, Value: ['maintenance of CRISPR repeat elements|0043571||IEA']
    Key: inference, Value: ['COORDINATES: protein motif:HMM:TIGR00287.1']
    Key: locus_tag, Value: ['CGEO_RS00295']
    Key: phase, Value: ['0']
    Key: product, Value: ['CRISPR-associated endonuclease Cas1']
    Key: protein_id, Value: ['WP_075539949.1']
    Key: source, Value: ['Protein Homology']
    Key: transl_table, Value: ['11']

GF(CRISPR-associated endonuclease Cas1, 12916-15115 (1))
type: CDS
location: [61140:61413](+)
id: cds-WP_075539948.1
qualifiers:
    Key: Dbxref, Value: ['GenBank:WP_075539948.1']
    Key: ID, Value: ['cds-WP_075539948.1']
    Key: Name, Value: ['WP_075539948.1']
    Key: Ontology_term, Value: ['GO:0043571', 'GO:0004521']
    Key: Parent, Value: ['gene-CGEO_RS00300']
    Key: gbkey, Value: ['CDS']
    Key: gene, Value: ['cas2']
    Key: go_function, Value: ['RNA endonuclease activity|0004521||IEA']
    Key: go_process, Value: ['maintenance of CRISPR repeat elements|0043571||IEA']
    Key: inference, Value: ['COORDINATES: protein motif:HMM:TIGR01573.1']
    Key: locus_tag, Value: ['CGEO_RS00300']
    Key: phase, Value: ['0']
    Key: product, Value: ['CRISPR-associated endonuclease Cas2']
    Key: protein_id, Value: ['WP_075539948.1']
    Key: source, Value: ['Protein Homology']
    Key: transl_table, Value: ['11']

GF(CRISPR-associated endonuclease Cas2, 15117-15390 (1))
type: CDS
location: [63741:64113](+)
id: cds-WP_075494296.1
qualifiers:
    Key: Dbxref, Value: ['GenBank:WP_075494296.1']
    Key: ID, Value: ['cds-WP_075494296.1']
    Key: Name, Value: ['WP_075494296.1']
    Key: Parent, Value: ['gene-CGEO_RS00305']
    Key: gbkey, Value: ['CDS']
    Key: inference, Value: ['COORDINATES: ab initio prediction:GeneMarkS-2+']
    Key: locus_tag, Value: ['CGEO_RS00305']
    Key: phase, Value: ['0']
    Key: product, Value: ['hypothetical protein']
    Key: protein_id, Value: ['WP_075494296.1']
    Key: source, Value: ['GeneMarkS-2+']
    Key: transl_table, Value: ['11']

GF(None, 17718-18090 (1))
type: CDS
location: [64272:64878](+)
id: cds-WP_075539947.1
qualifiers:
    Key: Dbxref, Value: ['GenBank:WP_075539947.1']
    Key: ID, Value: ['cds-WP_075539947.1']
    Key: Name, Value: ['WP_075539947.1']
    Key: Parent, Value: ['gene-CGEO_RS00310']
    Key: gbkey, Value: ['CDS']
    Key: inference, Value: ['COORDINATES: protein motif:HMM:NF025840.2']
    Key: locus_tag, Value: ['CGEO_RS00310']
    Key: phase, Value: ['0']
    Key: product, Value: ['DUF4433 domain-containing protein']
    Key: protein_id, Value: ['WP_075539947.1']
    Key: source, Value: ['Protein Homology']
    Key: transl_table, Value: ['11']

GF(DUF4433 domain-containing protein, 18249-18855 (1))
type: CDS
location: [64887:65607](+)
id: cds-WP_075531261.1
qualifiers:
    Key: Dbxref, Value: ['GenBank:WP_075531261.1']
    Key: ID, Value: ['cds-WP_075531261.1']
    Key: Name, Value: ['WP_075531261.1']
    Key: Parent, Value: ['gene-CGEO_RS00315']
    Key: gbkey, Value: ['CDS']
    Key: inference, Value: ['COORDINATES: protein motif:HMM:NF013798.2']
    Key: locus_tag, Value: ['CGEO_RS00315']
    Key: phase, Value: ['0']
    Key: product, Value: ['macro domain-containing protein']
    Key: protein_id, Value: ['WP_075531261.1']
    Key: source, Value: ['Protein Homology']
    Key: transl_table, Value: ['11']

GF(macro domain-containing protein, 18864-19584 (1))
type: CDS
location: [65615:66569](+)
id: cds-WP_075539946.1
qualifiers:
    Key: Dbxref, Value: ['GenBank:WP_075539946.1']
    Key: ID, Value: ['cds-WP_075539946.1']
    Key: Name, Value: ['WP_075539946.1']
    Key: Parent, Value: ['gene-CGEO_RS00320']
    Key: gbkey, Value: ['CDS']
    Key: inference, Value: ['COORDINATES: protein motif:HMM:NF024676.2']
    Key: locus_tag, Value: ['CGEO_RS00320']
    Key: phase, Value: ['0']
    Key: product, Value: ['WYL domain-containing transcriptional regulator']
    Key: protein_id, Value: ['WP_075539946.1']
    Key: source, Value: ['Protein Homology']
    Key: transl_table, Value: ['11']

GF(WYL domain-containing transcriptional regulator, 19592-20546 (1))
type: CDS
location: [66651:67800](+)
id: cds-WP_075539945.1
qualifiers:
    Key: Dbxref, Value: ['GenBank:WP_075539945.1']
    Key: ID, Value: ['cds-WP_075539945.1']
    Key: Name, Value: ['WP_075539945.1']
    Key: Parent, Value: ['gene-CGEO_RS00325']
    Key: gbkey, Value: ['CDS']
    Key: inference, Value: ['COORDINATES: protein motif:HMM:NF021006.2']
    Key: locus_tag, Value: ['CGEO_RS00325']
    Key: phase, Value: ['0']
    Key: product, Value: ['TM1812 family CRISPR-associated protein']
    Key: protein_id, Value: ['WP_075539945.1']
    Key: source, Value: ['Protein Homology']
    Key: transl_table, Value: ['11']

GF(TM1812 family CRISPR-associated protein, 20628-21777 (1))
type: CDS
location: [67796:68615](+)
id: cds-WP_075539944.1
qualifiers:
    Key: Dbxref, Value: ['GenBank:WP_075539944.1']
    Key: ID, Value: ['cds-WP_075539944.1']
    Key: Name, Value: ['WP_075539944.1']
    Key: Parent, Value: ['gene-CGEO_RS00330']
    Key: gbkey, Value: ['CDS']
    Key: gene, Value: ['cas6']
    Key: inference, Value: ['COORDINATES: protein motif:HMM:NF021551.2']
    Key: locus_tag, Value: ['CGEO_RS00330']
    Key: phase, Value: ['0']
    Key: product, Value: ['CRISPR system precrRNA processing endoribonuclease RAMP protein Cas6']
    Key: protein_id, Value: ['WP_075539944.1']
    Key: source, Value: ['Protein Homology']
    Key: transl_table, Value: ['11']

GF(CRISPR system precrRNA processing endoribonuclease RAMP protein Cas6, 21773-22592 (1))
type: CDS
location: [68912:69599](-)
id: cds-WP_075494290.1
qualifiers:
    Key: Dbxref, Value: ['GenBank:WP_075494290.1']
    Key: ID, Value: ['cds-WP_075494290.1']
    Key: Name, Value: ['WP_075494290.1']
    Key: Ontology_term, Value: ['GO:0000160', 'GO:0006355', 'GO:0003677']
    Key: Parent, Value: ['gene-CGEO_RS00335']
    Key: gbkey, Value: ['CDS']
    Key: go_function, Value: ['DNA binding|0003677||IEA']
    Key: go_process, Value: ['phosphorelay signal transduction system|0000160||IEA', 'regulation of DNA-templated transcription|0006355||IEA']
    Key: inference, Value: ['COORDINATES: similar to AA sequence:RefSeq:WP_009650748.1']
    Key: locus_tag, Value: ['CGEO_RS00335']
    Key: phase, Value: ['0']
    Key: product, Value: ['response regulator transcription factor']
    Key: protein_id, Value: ['WP_075494290.1']
    Key: source, Value: ['Protein Homology']
    Key: transl_table, Value: ['11']

GF(response regulator transcription factor, 22889-23576 (-1))
type: CDS
location: [69592:71209](-)
id: cds-WP_075494289.1
qualifiers:
    Key: Dbxref, Value: ['GenBank:WP_075494289.1']
    Key: ID, Value: ['cds-WP_075494289.1']
    Key: Name, Value: ['WP_075494289.1']
    Key: Parent, Value: ['gene-CGEO_RS00340']
    Key: gbkey, Value: ['CDS']
    Key: inference, Value: ['COORDINATES: similar to AA sequence:RefSeq:WP_004318748.1']
    Key: locus_tag, Value: ['CGEO_RS00340']
    Key: phase, Value: ['0']
    Key: product, Value: ['sensor histidine kinase']
    Key: protein_id, Value: ['WP_075494289.1']
    Key: source, Value: ['Protein Homology']
    Key: transl_table, Value: ['11']

GF(sensor histidine kinase, 23569-25186 (-1))
type: CDS
location: [71230:71785](-)
id: cds-WP_075494288.1
qualifiers:
    Key: Dbxref, Value: ['GenBank:WP_075494288.1']
    Key: ID, Value: ['cds-WP_075494288.1']
    Key: Name, Value: ['WP_075494288.1']
    Key: Parent, Value: ['gene-CGEO_RS00345']
    Key: gbkey, Value: ['CDS']
    Key: inference, Value: ['COORDINATES: similar to AA sequence:RefSeq:WP_011731711.1']
    Key: locus_tag, Value: ['CGEO_RS00345']
    Key: phase, Value: ['0']
    Key: product, Value: ['NapC/NirT family cytochrome c']
    Key: protein_id, Value: ['WP_075494288.1']
    Key: source, Value: ['Protein Homology']
    Key: transl_table, Value: ['11']

GF(NapC/NirT family cytochrome c, 25207-25762 (-1))
type: CDS
location: [71794:72178](-)
id: cds-WP_075531264.1
qualifiers:
    Key: Dbxref, Value: ['GenBank:WP_075531264.1']
    Key: ID, Value: ['cds-WP_075531264.1']
    Key: Name, Value: ['WP_075531264.1']
    Key: Ontology_term, Value: ['GO:0009055', 'GO:0020037']
    Key: Parent, Value: ['gene-CGEO_RS00350']
    Key: gbkey, Value: ['CDS']
    Key: go_function, Value: ['electron transfer activity|0009055||IEA', 'heme binding|0020037||IEA']
    Key: inference, Value: ['COORDINATES: similar to AA sequence:RefSeq:WP_002848131.1']
    Key: locus_tag, Value: ['CGEO_RS00350']
    Key: phase, Value: ['0']
    Key: product, Value: ['cytochrome c3 family protein']
    Key: protein_id, Value: ['WP_075531264.1']
    Key: source, Value: ['Protein Homology']
    Key: transl_table, Value: ['11']

GF(cytochrome c3 family protein, 25771-26155 (-1))
type: repeat_region
location: [61990:63644](+)
id: NZ_CP053844.1_1
qualifiers:
    Key: Dbxref, Value: ['SO:0001459']
    Key: ID, Value: ['NZ_CP053844.1_1']
    Key: Note, Value: ['GTTTAGACACTTTCTCCGATTATTAGGGGATTGAAAC']
    Key: Ontology_term, Value: ['CRISPR']
    Key: score, Value: ['1654']
    Key: source, Value: ['CCTyper']

GF(Repeat region, 15967-17621 (0))
[GF(None, 962-1115 (1)), GF(diacylglycerol kinase, 1198-1570 (1)), GF(DASS family sodium-coupled anion symporter, 2142-3555 (-1)), GF(None, 3999-5508 (1)), GF(RAMP superfamily CRISPR-associated protein, 5492-7535 (1)), GF(RAMP superfamily CRISPR-associated protein, 7531-8794 (1)), GF(CRISPR-associated protein Csx19, 8790-9297 (1)), GF(TIGR03986 family CRISPR-associated RAMP protein, 9298-11080 (1)), GF(None, 11093-12551 (1)), GF(CRISPR-associated protein Csx20, 12547-12916 (1)), GF(CRISPR-associated endonuclease Cas1, 12916-15115 (1)), GF(CRISPR-associated endonuclease Cas2, 15117-15390 (1)), GF(None, 17718-18090 (1)), GF(DUF4433 domain-containing protein, 18249-18855 (1)), GF(macro domain-containing protein, 18864-19584 (1)), GF(WYL domain-containing transcriptional regulator, 19592-20546 (1)), GF(TM1812 family CRISPR-associated protein, 20628-21777 (1)), GF(CRISPR system precrRNA processing endoribonuclease RAMP protein Cas6, 21773-22592 (1)), GF(response regulator transcription factor, 22889-23576 (-1)), GF(sensor histidine kinase, 23569-25186 (-1)), GF(NapC/NirT family cytochrome c, 25207-25762 (-1)), GF(cytochrome c3 family protein, 25771-26155 (-1)), GF(Repeat region, 15967-17621 (0)), GF(CRISPR-Cas locus, 4000-22592 (0))]
