Cas operons file:    Unnamed: 0         Contig  ...           locus_id           sample
0           0  NZ_CP116615.1  ...  GCF_024832785.1_0  GCF_024832785.1

[1 rows x 19 columns]
The chosen contig: NZ_CP116615.1
type: CDS
location: [1690581:1691025](+)
id: cds-WP_283847546.1
qualifiers:
    Key: Dbxref, Value: ['GenBank:WP_283847546.1']
    Key: ID, Value: ['cds-WP_283847546.1']
    Key: Name, Value: ['WP_283847546.1']
    Key: Parent, Value: ['gene-NXS98_RS05895']
    Key: gbkey, Value: ['CDS']
    Key: inference, Value: ['COORDINATES: ab initio prediction:GeneMarkS-2+']
    Key: locus_tag, Value: ['NXS98_RS05895']
    Key: phase, Value: ['0']
    Key: product, Value: ['hypothetical protein']
    Key: protein_id, Value: ['WP_283847546.1']
    Key: source, Value: ['GeneMarkS-2+']
    Key: transl_table, Value: ['11']

GF(None, 58-502 (1))
type: CDS
location: [1691030:1691231](+)
id: cds-WP_283847547.1
qualifiers:
    Key: Dbxref, Value: ['GenBank:WP_283847547.1']
    Key: ID, Value: ['cds-WP_283847547.1']
    Key: Name, Value: ['WP_283847547.1']
    Key: Parent, Value: ['gene-NXS98_RS05900']
    Key: gbkey, Value: ['CDS']
    Key: inference, Value: ['COORDINATES: similar to AA sequence:RefSeq:WP_007330876.1']
    Key: locus_tag, Value: ['NXS98_RS05900']
    Key: phase, Value: ['0']
    Key: product, Value: ['DUF5989 family protein']
    Key: protein_id, Value: ['WP_283847547.1']
    Key: source, Value: ['Protein Homology']
    Key: transl_table, Value: ['11']

GF(DUF5989 family protein, 507-708 (1))
type: CDS
location: [1691282:1692176](+)
id: cds-WP_283847548.1
qualifiers:
    Key: Dbxref, Value: ['GenBank:WP_283847548.1']
    Key: ID, Value: ['cds-WP_283847548.1']
    Key: Name, Value: ['WP_283847548.1']
    Key: Parent, Value: ['gene-NXS98_RS05905']
    Key: gbkey, Value: ['CDS']
    Key: inference, Value: ['COORDINATES: protein motif:HMM:TIGR00147.1']
    Key: locus_tag, Value: ['NXS98_RS05905']
    Key: phase, Value: ['0']
    Key: product, Value: ['diacylglycerol kinase family lipid kinase']
    Key: protein_id, Value: ['WP_283847548.1']
    Key: source, Value: ['Protein Homology']
    Key: transl_table, Value: ['11']

GF(diacylglycerol kinase family lipid kinase, 759-1653 (1))
type: CDS
location: [1692236:1694465](+)
id: cds-WP_283847549.1
qualifiers:
    Key: Dbxref, Value: ['GenBank:WP_283847549.1']
    Key: ID, Value: ['cds-WP_283847549.1']
    Key: Name, Value: ['WP_283847549.1']
    Key: Parent, Value: ['gene-NXS98_RS05910']
    Key: gbkey, Value: ['CDS']
    Key: inference, Value: ['COORDINATES: ab initio prediction:GeneMarkS-2+']
    Key: locus_tag, Value: ['NXS98_RS05910']
    Key: phase, Value: ['0']
    Key: product, Value: ['hypothetical protein']
    Key: protein_id, Value: ['WP_283847549.1']
    Key: source, Value: ['GeneMarkS-2+']
    Key: transl_table, Value: ['11']

GF(None, 1713-3942 (1))
type: CDS
location: [1694522:1695473](+)
id: cds-WP_283847550.1
qualifiers:
    Key: Dbxref, Value: ['GenBank:WP_283847550.1']
    Key: ID, Value: ['cds-WP_283847550.1']
    Key: Name, Value: ['WP_283847550.1']
    Key: Ontology_term, Value: ['GO:0005524']
    Key: Parent, Value: ['gene-NXS98_RS05915']
    Key: gbkey, Value: ['CDS']
    Key: go_function, Value: ['ATP binding|0005524||IEA']
    Key: inference, Value: ['COORDINATES: similar to AA sequence:RefSeq:WP_007417378.1']
    Key: locus_tag, Value: ['NXS98_RS05915']
    Key: phase, Value: ['0']
    Key: product, Value: ['ABC transporter ATP-binding protein']
    Key: protein_id, Value: ['WP_283847550.1']
    Key: source, Value: ['Protein Homology']
    Key: transl_table, Value: ['11']

GF(ABC transporter ATP-binding protein, 3999-4950 (1))
type: CDS
location: [1695594:1696383](-)
id: cds-WP_283847551.1
qualifiers:
    Key: Dbxref, Value: ['GenBank:WP_283847551.1']
    Key: ID, Value: ['cds-WP_283847551.1']
    Key: Name, Value: ['WP_283847551.1']
    Key: Parent, Value: ['gene-NXS98_RS05920']
    Key: gbkey, Value: ['CDS']
    Key: inference, Value: ['COORDINATES: protein motif:HMM:NF019590.2']
    Key: locus_tag, Value: ['NXS98_RS05920']
    Key: phase, Value: ['0']
    Key: product, Value: ['NIPSNAP family protein']
    Key: protein_id, Value: ['WP_283847551.1']
    Key: source, Value: ['Protein Homology']
    Key: transl_table, Value: ['11']

GF(NIPSNAP family protein, 5071-5860 (-1))
type: CDS
location: [1696597:1696867](-)
id: cds-WP_283847552.1
qualifiers:
    Key: Dbxref, Value: ['GenBank:WP_283847552.1']
    Key: ID, Value: ['cds-WP_283847552.1']
    Key: Name, Value: ['WP_283847552.1']
    Key: Parent, Value: ['gene-NXS98_RS05925']
    Key: gbkey, Value: ['CDS']
    Key: inference, Value: ['COORDINATES: similar to AA sequence:RefSeq:WP_015487998.1']
    Key: locus_tag, Value: ['NXS98_RS05925']
    Key: phase, Value: ['0']
    Key: product, Value: ['DUF465 domain-containing protein']
    Key: protein_id, Value: ['WP_283847552.1']
    Key: source, Value: ['Protein Homology']
    Key: transl_table, Value: ['11']

GF(DUF465 domain-containing protein, 6074-6344 (-1))
type: CDS
location: [1697107:1698424](-)
id: cds-WP_283847553.1
qualifiers:
    Key: Dbxref, Value: ['GenBank:WP_283847553.1']
    Key: ID, Value: ['cds-WP_283847553.1']
    Key: Name, Value: ['WP_283847553.1']
    Key: Parent, Value: ['gene-NXS98_RS05930']
    Key: gbkey, Value: ['CDS']
    Key: inference, Value: ['COORDINATES: protein motif:HMM:NF016345.2']
    Key: locus_tag, Value: ['NXS98_RS05930']
    Key: phase, Value: ['0']
    Key: product, Value: ['basic secretory protein-like protein']
    Key: protein_id, Value: ['WP_283847553.1']
    Key: source, Value: ['Protein Homology']
    Key: transl_table, Value: ['11']

GF(basic secretory protein-like protein, 6584-7901 (-1))
type: CDS
location: [1698545:1698890](-)
id: cds-WP_283847554.1
qualifiers:
    Key: Dbxref, Value: ['GenBank:WP_283847554.1']
    Key: ID, Value: ['cds-WP_283847554.1']
    Key: Name, Value: ['WP_283847554.1']
    Key: Ontology_term, Value: ['GO:0043571', 'GO:0004521']
    Key: Parent, Value: ['gene-NXS98_RS05935']
    Key: gbkey, Value: ['CDS']
    Key: gene, Value: ['cas2']
    Key: go_function, Value: ['RNA endonuclease activity|0004521||IEA']
    Key: go_process, Value: ['maintenance of CRISPR repeat elements|0043571||IEA']
    Key: inference, Value: ['COORDINATES: protein motif:HMM:TIGR01573.1']
    Key: locus_tag, Value: ['NXS98_RS05935']
    Key: phase, Value: ['0']
    Key: product, Value: ['CRISPR-associated endonuclease Cas2']
    Key: protein_id, Value: ['WP_283847554.1']
    Key: source, Value: ['Protein Homology']
    Key: transl_table, Value: ['11']

GF(CRISPR-associated endonuclease Cas2, 8022-8367 (-1))
type: CDS
location: [1698916:1699972](-)
id: cds-WP_283847555.1
qualifiers:
    Key: Dbxref, Value: ['GenBank:WP_283847555.1']
    Key: ID, Value: ['cds-WP_283847555.1']
    Key: Name, Value: ['WP_283847555.1']
    Key: Ontology_term, Value: ['GO:0043571', 'GO:0004520', 'GO:0046872']
    Key: Parent, Value: ['gene-NXS98_RS05940']
    Key: gbkey, Value: ['CDS']
    Key: gene, Value: ['cas1']
    Key: go_function, Value: ['DNA endonuclease activity|0004520||IEA', 'metal ion binding|0046872||IEA']
    Key: go_process, Value: ['maintenance of CRISPR repeat elements|0043571||IEA']
    Key: inference, Value: ['COORDINATES: protein motif:HMM:TIGR00287.1']
    Key: locus_tag, Value: ['NXS98_RS05940']
    Key: phase, Value: ['0']
    Key: product, Value: ['CRISPR-associated endonuclease Cas1']
    Key: protein_id, Value: ['WP_283847555.1']
    Key: source, Value: ['Protein Homology']
    Key: transl_table, Value: ['11']

GF(CRISPR-associated endonuclease Cas1, 8393-9449 (-1))
type: CDS
location: [1703830:1705057](-)
id: cds-WP_283847556.1
qualifiers:
    Key: Dbxref, Value: ['GenBank:WP_283847556.1']
    Key: ID, Value: ['cds-WP_283847556.1']
    Key: Name, Value: ['WP_283847556.1']
    Key: Parent, Value: ['gene-NXS98_RS05945']
    Key: gbkey, Value: ['CDS']
    Key: inference, Value: ['COORDINATES: protein motif:HMM:NF020571.2']
    Key: locus_tag, Value: ['NXS98_RS05945']
    Key: phase, Value: ['0']
    Key: product, Value: ['DUF1887 family CARF protein']
    Key: protein_id, Value: ['WP_283847556.1']
    Key: source, Value: ['Protein Homology']
    Key: transl_table, Value: ['11']

GF(DUF1887 family CARF protein, 13307-14534 (-1))
type: CDS
location: [1705079:1706360](-)
id: cds-WP_283847557.1
qualifiers:
    Key: Dbxref, Value: ['GenBank:WP_283847557.1']
    Key: ID, Value: ['cds-WP_283847557.1']
    Key: Name, Value: ['WP_283847557.1']
    Key: Ontology_term, Value: ['GO:0043571', 'GO:0003674']
    Key: Parent, Value: ['gene-NXS98_RS05950']
    Key: gbkey, Value: ['CDS']
    Key: go_function, Value: ['molecular_function|0003674||IEA']
    Key: go_process, Value: ['maintenance of CRISPR repeat elements|0043571||IEA']
    Key: inference, Value: ['COORDINATES: protein motif:HMM:NF021207.2']
    Key: locus_tag, Value: ['NXS98_RS05950']
    Key: phase, Value: ['0']
    Key: product, Value: ['TIGR02710 family CRISPR-associated CARF protein']
    Key: protein_id, Value: ['WP_283847557.1']
    Key: source, Value: ['Protein Homology']
    Key: transl_table, Value: ['11']

GF(TIGR02710 family CRISPR-associated CARF protein, 14556-15837 (-1))
type: CDS
location: [1706376:1707174](-)
id: cds-WP_283847558.1
qualifiers:
    Key: Dbxref, Value: ['GenBank:WP_283847558.1']
    Key: ID, Value: ['cds-WP_283847558.1']
    Key: Name, Value: ['WP_283847558.1']
    Key: Ontology_term, Value: ['GO:0043571', 'GO:0003674']
    Key: Parent, Value: ['gene-NXS98_RS05955']
    Key: gbkey, Value: ['CDS']
    Key: gene, Value: ['cmr1']
    Key: go_function, Value: ['molecular_function|0003674||IEA']
    Key: go_process, Value: ['maintenance of CRISPR repeat elements|0043571||IEA']
    Key: inference, Value: ['COORDINATES: protein motif:HMM:NF015728.2']
    Key: locus_tag, Value: ['NXS98_RS05955']
    Key: phase, Value: ['0']
    Key: product, Value: ['type III-B CRISPR module RAMP protein Cmr1']
    Key: protein_id, Value: ['WP_283847558.1']
    Key: source, Value: ['Protein Homology']
    Key: transl_table, Value: ['11']

GF(type III-B CRISPR module RAMP protein Cmr1, 15853-16651 (-1))
type: CDS
location: [1707176:1708538](-)
id: cds-WP_283847559.1
qualifiers:
    Key: Dbxref, Value: ['GenBank:WP_283847559.1']
    Key: ID, Value: ['cds-WP_283847559.1']
    Key: Name, Value: ['WP_283847559.1']
    Key: Ontology_term, Value: ['GO:0043571', 'GO:0003674']
    Key: Parent, Value: ['gene-NXS98_RS05960']
    Key: gbkey, Value: ['CDS']
    Key: gene, Value: ['cmr6']
    Key: go_function, Value: ['molecular_function|0003674||IEA']
    Key: go_process, Value: ['maintenance of CRISPR repeat elements|0043571||IEA']
    Key: inference, Value: ['COORDINATES: protein motif:HMM:TIGR01898.1']
    Key: locus_tag, Value: ['NXS98_RS05960']
    Key: phase, Value: ['0']
    Key: product, Value: ['type III-B CRISPR module RAMP protein Cmr6']
    Key: protein_id, Value: ['WP_283847559.1']
    Key: source, Value: ['Protein Homology']
    Key: transl_table, Value: ['11']

GF(type III-B CRISPR module RAMP protein Cmr6, 16653-18015 (-1))
type: CDS
location: [1708479:1708878](-)
id: cds-WP_283847560.1
qualifiers:
    Key: Dbxref, Value: ['GenBank:WP_283847560.1']
    Key: ID, Value: ['cds-WP_283847560.1']
    Key: Name, Value: ['WP_283847560.1']
    Key: Parent, Value: ['gene-NXS98_RS05965']
    Key: gbkey, Value: ['CDS']
    Key: inference, Value: ['COORDINATES: protein motif:HMM:NF021237.2']
    Key: locus_tag, Value: ['NXS98_RS05965']
    Key: phase, Value: ['0']
    Key: product, Value: ['type III-B CRISPR module-associated protein Cmr5']
    Key: protein_id, Value: ['WP_283847560.1']
    Key: source, Value: ['Protein Homology']
    Key: transl_table, Value: ['11']

GF(type III-B CRISPR module-associated protein Cmr5, 17956-18355 (-1))
type: CDS
location: [1708893:1709814](-)
id: cds-WP_283847561.1
qualifiers:
    Key: Dbxref, Value: ['GenBank:WP_283847561.1']
    Key: ID, Value: ['cds-WP_283847561.1']
    Key: Name, Value: ['WP_283847561.1']
    Key: Ontology_term, Value: ['GO:0043571', 'GO:0003674']
    Key: Parent, Value: ['gene-NXS98_RS05970']
    Key: gbkey, Value: ['CDS']
    Key: gene, Value: ['cmr4']
    Key: go_function, Value: ['molecular_function|0003674||IEA']
    Key: go_process, Value: ['maintenance of CRISPR repeat elements|0043571||IEA']
    Key: inference, Value: ['COORDINATES: protein motif:HMM:TIGR02580.1']
    Key: locus_tag, Value: ['NXS98_RS05970']
    Key: phase, Value: ['0']
    Key: product, Value: ['type III-B CRISPR module RAMP protein Cmr4']
    Key: protein_id, Value: ['WP_283847561.1']
    Key: source, Value: ['Protein Homology']
    Key: transl_table, Value: ['11']

GF(type III-B CRISPR module RAMP protein Cmr4, 18370-19291 (-1))
type: CDS
location: [1709845:1711306](-)
id: cds-WP_283847562.1
qualifiers:
    Key: Dbxref, Value: ['GenBank:WP_283847562.1']
    Key: ID, Value: ['cds-WP_283847562.1']
    Key: Name, Value: ['WP_283847562.1']
    Key: Parent, Value: ['gene-NXS98_RS05975']
    Key: gbkey, Value: ['CDS']
    Key: inference, Value: ['COORDINATES: protein motif:HMM:NF021236.2']
    Key: locus_tag, Value: ['NXS98_RS05975']
    Key: phase, Value: ['0']
    Key: product, Value: ['type III-B CRISPR module-associated Cmr3 family protein']
    Key: protein_id, Value: ['WP_283847562.1']
    Key: source, Value: ['Protein Homology']
    Key: transl_table, Value: ['11']

GF(type III-B CRISPR module-associated Cmr3 family protein, 19322-20783 (-1))
type: CDS
location: [1711309:1714222](-)
id: cds-WP_283847563.1
qualifiers:
    Key: Dbxref, Value: ['GenBank:WP_283847563.1']
    Key: ID, Value: ['cds-WP_283847563.1']
    Key: Name, Value: ['WP_283847563.1']
    Key: Ontology_term, Value: ['GO:0043571', 'GO:0003674']
    Key: Parent, Value: ['gene-NXS98_RS05980']
    Key: gbkey, Value: ['CDS']
    Key: gene, Value: ['cas10']
    Key: go_function, Value: ['molecular_function|0003674||IEA']
    Key: go_process, Value: ['maintenance of CRISPR repeat elements|0043571||IEA']
    Key: inference, Value: ['COORDINATES: protein motif:HMM:TIGR02577.1']
    Key: locus_tag, Value: ['NXS98_RS05980']
    Key: phase, Value: ['0']
    Key: product, Value: ['type III-B CRISPR-associated protein Cas10/Cmr2']
    Key: protein_id, Value: ['WP_283847563.1']
    Key: source, Value: ['Protein Homology']
    Key: transl_table, Value: ['11']

GF(type III-B CRISPR-associated protein Cas10/Cmr2, 20786-23699 (-1))
type: CDS
location: [1714746:1715589](-)
id: cds-WP_283848134.1
qualifiers:
    Key: Dbxref, Value: ['GenBank:WP_283848134.1']
    Key: ID, Value: ['cds-WP_283848134.1']
    Key: Name, Value: ['WP_283848134.1']
    Key: Ontology_term, Value: ['GO:0006352', 'GO:0006355', 'GO:0003677', 'GO:0003700', 'GO:0016987']
    Key: Parent, Value: ['gene-NXS98_RS05985']
    Key: gbkey, Value: ['CDS']
    Key: go_function, Value: ['DNA binding|0003677||IEA', 'DNA-binding transcription factor activity|0003700||IEA', 'sigma factor activity|0016987||IEA']
    Key: go_process, Value: ['DNA-templated transcription initiation|0006352||IEA', 'regulation of DNA-templated transcription|0006355||IEA']
    Key: inference, Value: ['COORDINATES: similar to AA sequence:RefSeq:WP_007414955.1']
    Key: locus_tag, Value: ['NXS98_RS05985']
    Key: phase, Value: ['0']
    Key: product, Value: ['sigma-70 family RNA polymerase sigma factor']
    Key: protein_id, Value: ['WP_283848134.1']
    Key: source, Value: ['Protein Homology']
    Key: transl_table, Value: ['11']

GF(sigma-70 family RNA polymerase sigma factor, 24223-25066 (-1))
type: CDS
location: [1716119:1717622](-)
id: cds-WP_283847564.1
qualifiers:
    Key: Dbxref, Value: ['GenBank:WP_283847564.1']
    Key: ID, Value: ['cds-WP_283847564.1']
    Key: Name, Value: ['WP_283847564.1']
    Key: Parent, Value: ['gene-NXS98_RS05990']
    Key: gbkey, Value: ['CDS']
    Key: inference, Value: ['COORDINATES: ab initio prediction:GeneMarkS-2+']
    Key: locus_tag, Value: ['NXS98_RS05990']
    Key: phase, Value: ['0']
    Key: product, Value: ['hypothetical protein']
    Key: protein_id, Value: ['WP_283847564.1']
    Key: source, Value: ['GeneMarkS-2+']
    Key: transl_table, Value: ['11']

GF(None, 25596-27099 (-1))
type: repeat_region
location: [1700722:1703503](+)
id: NZ_CP116615.1_3
qualifiers:
    Key: Dbxref, Value: ['SO:0001459']
    Key: ID, Value: ['NZ_CP116615.1_3']
    Key: Note, Value: ['GTCGCCATTGCCTTTCGGCATTCACCGCATTCCCGAC']
    Key: Ontology_term, Value: ['CRISPR']
    Key: score, Value: ['2781']
    Key: source, Value: ['CCTyper']

GF(Repeat region, 10199-12980 (0))
graphic feature from cctyper protein table: GF(AbiEii, 4000-4950 (1))
graphic feature from cctyper protein table: GF(Cas2, 8023-8367 (-1))
graphic feature from cctyper protein table: GF(Cas1, 8394-9449 (-1))
graphic feature from cctyper protein table: GF(Can2, 13308-14534 (-1))
graphic feature from cctyper protein table: GF(Csx1, 14557-15837 (-1))
graphic feature from cctyper protein table: GF(Cmr1gr7, 15854-16651 (-1))
graphic feature from cctyper protein table: GF(Cmr5gr11, 17957-18355 (-1))
graphic feature from cctyper protein table: GF(Cmr4, 18371-19291 (-1))
graphic feature from cctyper protein table: GF(Cas10, 20787-23699 (-1))
Index(['protein_id', 'start', 'end', 'effector', 'locus', 'sample', 'strand',
       'sequence', 'type'],
      dtype='object')
graphic feature from known effectors: GF(can1-2, 13308-14534 (-1))
graphic feature from known effectors: GF(csx1, 14557-15837 (-1))
Index(['protein_id', 'start', 'end', 'effector', 'locus', 'sample', 'strand',
       'sequence'],
      dtype='object')
[GF(None, 58-502 (1)), GF(DUF5989 family protein, 507-708 (1)), GF(diacylglycerol kinase family lipid kinase, 759-1653 (1)), GF(None, 1713-3942 (1)), GF(ABC transporter ATP-binding protein, 3999-4950 (1)), GF(NIPSNAP family protein, 5071-5860 (-1)), GF(DUF465 domain-containing protein, 6074-6344 (-1)), GF(basic secretory protein-like protein, 6584-7901 (-1)), GF(CRISPR-associated endonuclease Cas2, 8022-8367 (-1)), GF(CRISPR-associated endonuclease Cas1, 8393-9449 (-1)), GF(DUF1887 family CARF protein, 13307-14534 (-1)), GF(TIGR02710 family CRISPR-associated CARF protein, 14556-15837 (-1)), GF(type III-B CRISPR module RAMP protein Cmr1, 15853-16651 (-1)), GF(type III-B CRISPR module RAMP protein Cmr6, 16653-18015 (-1)), GF(type III-B CRISPR module-associated protein Cmr5, 17956-18355 (-1)), GF(type III-B CRISPR module RAMP protein Cmr4, 18370-19291 (-1)), GF(type III-B CRISPR module-associated Cmr3 family protein, 19322-20783 (-1)), GF(type III-B CRISPR-associated protein Cas10/Cmr2, 20786-23699 (-1)), GF(sigma-70 family RNA polymerase sigma factor, 24223-25066 (-1)), GF(None, 25596-27099 (-1)), GF(Repeat region, 10199-12980 (0)), GF(AbiEii, 4000-4950 (1)), GF(Cas2, 8023-8367 (-1)), GF(Cas1, 8394-9449 (-1)), GF(Can2, 13308-14534 (-1)), GF(Csx1, 14557-15837 (-1)), GF(Cmr1gr7, 15854-16651 (-1)), GF(Cmr5gr11, 17957-18355 (-1)), GF(Cmr4, 18371-19291 (-1)), GF(Cas10, 20787-23699 (-1)), GF(can1-2, 13308-14534 (-1)), GF(csx1, 14557-15837 (-1)), GF(CRISPR-Cas locus, 4000-23699 (0))]
