Cas operons file:    Unnamed: 0         Contig  ...           locus_id           sample
0           0  NZ_CP072360.1  ...  GCF_018128065.1_0  GCF_018128065.1

[1 rows x 19 columns]
The chosen contig: NZ_CP072360.1
type: CDS
location: [1291491:1292670](-)
id: cds-WP_021673085.1
qualifiers:
    Key: Dbxref, Value: ['GenBank:WP_021673085.1']
    Key: ID, Value: ['cds-WP_021673085.1']
    Key: Name, Value: ['WP_021673085.1']
    Key: Ontology_term, Value: ['GO:0004803']
    Key: Parent, Value: ['gene-J5A56_RS11040']
    Key: gbkey, Value: ['CDS']
    Key: go_function, Value: ['transposase activity|0004803||IEA']
    Key: inference, Value: ['COORDINATES: protein motif:HMM:NF033592.1']
    Key: locus_tag, Value: ['J5A56_RS11040']
    Key: phase, Value: ['0']
    Key: product, Value: ['IS4 family transposase']
    Key: protein_id, Value: ['WP_021673085.1']
    Key: source, Value: ['Protein Homology']
    Key: transl_table, Value: ['11']

GF(IS4 family transposase, 93-1272 (-1))
type: CDS
location: [1293198:1295079](+)
id: cds-WP_211815511.1-2
qualifiers:
    Key: Dbxref, Value: ['GenBank:WP_211815511.1']
    Key: ID, Value: ['cds-WP_211815511.1-2']
    Key: Name, Value: ['WP_211815511.1']
    Key: Ontology_term, Value: ['GO:0004803']
    Key: Parent, Value: ['gene-J5A56_RS11045']
    Key: gbkey, Value: ['CDS']
    Key: go_function, Value: ['transposase activity|0004803||IEA']
    Key: inference, Value: ['COORDINATES: similar to AA sequence:RefSeq:WP_004356362.1']
    Key: locus_tag, Value: ['J5A56_RS11045']
    Key: phase, Value: ['0']
    Key: product, Value: ['IS1634 family transposase']
    Key: protein_id, Value: ['WP_211815511.1']
    Key: source, Value: ['Protein Homology']
    Key: transl_table, Value: ['11']

GF(IS1634 family transposase, 1800-3681 (1))
type: CDS
location: [1295397:1296093](+)
id: cds-WP_021672601.1
qualifiers:
    Key: Dbxref, Value: ['GenBank:WP_021672601.1']
    Key: ID, Value: ['cds-WP_021672601.1']
    Key: Name, Value: ['WP_021672601.1']
    Key: Parent, Value: ['gene-J5A56_RS11050']
    Key: gbkey, Value: ['CDS']
    Key: inference, Value: ['COORDINATES: similar to AA sequence:RefSeq:WP_009012134.1']
    Key: locus_tag, Value: ['J5A56_RS11050']
    Key: phase, Value: ['0']
    Key: product, Value: ['CRISPR-associated endonuclease Cas6']
    Key: protein_id, Value: ['WP_021672601.1']
    Key: source, Value: ['Protein Homology']
    Key: transl_table, Value: ['11']

GF(CRISPR-associated endonuclease Cas6, 3999-4695 (1))
type: CDS
location: [1296079:1298572](+)
id: cds-WP_211815512.1
qualifiers:
    Key: Dbxref, Value: ['GenBank:WP_211815512.1']
    Key: ID, Value: ['cds-WP_211815512.1']
    Key: Name, Value: ['WP_211815512.1']
    Key: Ontology_term, Value: ['GO:0043571', 'GO:0003674']
    Key: Parent, Value: ['gene-J5A56_RS11055']
    Key: gbkey, Value: ['CDS']
    Key: gene, Value: ['cas10']
    Key: go_function, Value: ['molecular_function|0003674||IEA']
    Key: go_process, Value: ['maintenance of CRISPR repeat elements|0043571||IEA']
    Key: inference, Value: ['COORDINATES: protein motif:HMM:TIGR02578.1']
    Key: locus_tag, Value: ['J5A56_RS11055']
    Key: phase, Value: ['0']
    Key: product, Value: ['type III-A CRISPR-associated protein Cas10/Csm1']
    Key: protein_id, Value: ['WP_211815512.1']
    Key: source, Value: ['Protein Homology']
    Key: transl_table, Value: ['11']

GF(type III-A CRISPR-associated protein Cas10/Csm1, 4681-7174 (1))
type: CDS
location: [1298584:1299049](+)
id: cds-WP_021672599.1
qualifiers:
    Key: Dbxref, Value: ['GenBank:WP_021672599.1']
    Key: ID, Value: ['cds-WP_021672599.1']
    Key: Name, Value: ['WP_021672599.1']
    Key: Ontology_term, Value: ['GO:0043571', 'GO:0003674']
    Key: Parent, Value: ['gene-J5A56_RS11060']
    Key: gbkey, Value: ['CDS']
    Key: gene, Value: ['csm2']
    Key: go_function, Value: ['molecular_function|0003674||IEA']
    Key: go_process, Value: ['maintenance of CRISPR repeat elements|0043571||IEA']
    Key: inference, Value: ['COORDINATES: protein motif:HMM:NF015695.2']
    Key: locus_tag, Value: ['J5A56_RS11060']
    Key: phase, Value: ['0']
    Key: product, Value: ['type III-A CRISPR-associated protein Csm2']
    Key: protein_id, Value: ['WP_021672599.1']
    Key: source, Value: ['Protein Homology']
    Key: transl_table, Value: ['11']

GF(type III-A CRISPR-associated protein Csm2, 7186-7651 (1))
type: CDS
location: [1299032:1299752](+)
id: cds-WP_021672598.1
qualifiers:
    Key: Dbxref, Value: ['GenBank:WP_021672598.1']
    Key: ID, Value: ['cds-WP_021672598.1']
    Key: Name, Value: ['WP_021672598.1']
    Key: Ontology_term, Value: ['GO:0043571', 'GO:0003674']
    Key: Parent, Value: ['gene-J5A56_RS11065']
    Key: gbkey, Value: ['CDS']
    Key: gene, Value: ['csm3']
    Key: go_function, Value: ['molecular_function|0003674||IEA']
    Key: go_process, Value: ['maintenance of CRISPR repeat elements|0043571||IEA']
    Key: inference, Value: ['COORDINATES: similar to AA sequence:RefSeq:WP_009012138.1']
    Key: locus_tag, Value: ['J5A56_RS11065']
    Key: phase, Value: ['0']
    Key: product, Value: ['type III-A CRISPR-associated RAMP protein Csm3']
    Key: protein_id, Value: ['WP_021672598.1']
    Key: source, Value: ['Protein Homology']
    Key: transl_table, Value: ['11']

GF(type III-A CRISPR-associated RAMP protein Csm3, 7634-8354 (1))
type: CDS
location: [1299754:1300756](+)
id: cds-WP_021672597.1
qualifiers:
    Key: Dbxref, Value: ['GenBank:WP_021672597.1']
    Key: ID, Value: ['cds-WP_021672597.1']
    Key: Name, Value: ['WP_021672597.1']
    Key: Ontology_term, Value: ['GO:0043571', 'GO:0003674']
    Key: Parent, Value: ['gene-J5A56_RS11070']
    Key: gbkey, Value: ['CDS']
    Key: gene, Value: ['csm4']
    Key: go_function, Value: ['molecular_function|0003674||IEA']
    Key: go_process, Value: ['maintenance of CRISPR repeat elements|0043571||IEA']
    Key: inference, Value: ['COORDINATES: protein motif:HMM:TIGR01903.1']
    Key: locus_tag, Value: ['J5A56_RS11070']
    Key: phase, Value: ['0']
    Key: product, Value: ['type III-A CRISPR-associated RAMP protein Csm4']
    Key: protein_id, Value: ['WP_021672597.1']
    Key: source, Value: ['Protein Homology']
    Key: transl_table, Value: ['11']

GF(type III-A CRISPR-associated RAMP protein Csm4, 8356-9358 (1))
type: CDS
location: [1300748:1301861](+)
id: cds-WP_021672596.1
qualifiers:
    Key: Dbxref, Value: ['GenBank:WP_021672596.1']
    Key: ID, Value: ['cds-WP_021672596.1']
    Key: Name, Value: ['WP_021672596.1']
    Key: Ontology_term, Value: ['GO:0043571', 'GO:0003674']
    Key: Parent, Value: ['gene-J5A56_RS11075']
    Key: gbkey, Value: ['CDS']
    Key: gene, Value: ['csm5']
    Key: go_function, Value: ['molecular_function|0003674||IEA']
    Key: go_process, Value: ['maintenance of CRISPR repeat elements|0043571||IEA']
    Key: inference, Value: ['COORDINATES: protein motif:HMM:TIGR01899.1']
    Key: locus_tag, Value: ['J5A56_RS11075']
    Key: phase, Value: ['0']
    Key: product, Value: ['type III-A CRISPR-associated RAMP protein Csm5']
    Key: protein_id, Value: ['WP_021672596.1']
    Key: source, Value: ['Protein Homology']
    Key: transl_table, Value: ['11']

GF(type III-A CRISPR-associated RAMP protein Csm5, 9350-10463 (1))
type: CDS
location: [1301864:1302263](+)
id: cds-WP_211815513.1
qualifiers:
    Key: Dbxref, Value: ['GenBank:WP_211815513.1']
    Key: ID, Value: ['cds-WP_211815513.1']
    Key: Name, Value: ['WP_211815513.1']
    Key: Parent, Value: ['gene-J5A56_RS11080']
    Key: gbkey, Value: ['CDS']
    Key: inference, Value: ['COORDINATES: protein motif:HMM:NF020571.2']
    Key: locus_tag, Value: ['J5A56_RS11080']
    Key: phase, Value: ['0']
    Key: product, Value: ['DUF1887 family CARF protein']
    Key: protein_id, Value: ['WP_211815513.1']
    Key: source, Value: ['Protein Homology']
    Key: transl_table, Value: ['11']

GF(DUF1887 family CARF protein, 10466-10865 (1))
type: CDS
location: [1302259:1302430](+)
id: cds-WP_211815514.1
qualifiers:
    Key: Dbxref, Value: ['GenBank:WP_211815514.1']
    Key: ID, Value: ['cds-WP_211815514.1']
    Key: Name, Value: ['WP_211815514.1']
    Key: Parent, Value: ['gene-J5A56_RS11085']
    Key: gbkey, Value: ['CDS']
    Key: inference, Value: ['COORDINATES: ab initio prediction:GeneMarkS-2+']
    Key: locus_tag, Value: ['J5A56_RS11085']
    Key: phase, Value: ['0']
    Key: product, Value: ['hypothetical protein']
    Key: protein_id, Value: ['WP_211815514.1']
    Key: source, Value: ['GeneMarkS-2+']
    Key: transl_table, Value: ['11']

GF(None, 10861-11032 (1))
type: CDS
location: [1302564:1302984](+)
id: cds-WP_211815515.1
qualifiers:
    Key: Dbxref, Value: ['GenBank:WP_211815515.1']
    Key: ID, Value: ['cds-WP_211815515.1']
    Key: Name, Value: ['WP_211815515.1']
    Key: Parent, Value: ['gene-J5A56_RS11090']
    Key: gbkey, Value: ['CDS']
    Key: inference, Value: ['COORDINATES: ab initio prediction:GeneMarkS-2+']
    Key: locus_tag, Value: ['J5A56_RS11090']
    Key: phase, Value: ['0']
    Key: product, Value: ['DUF1887 family protein']
    Key: protein_id, Value: ['WP_211815515.1']
    Key: source, Value: ['GeneMarkS-2+']
    Key: transl_table, Value: ['11']

GF(DUF1887 family protein, 11166-11586 (1))
type: CDS
location: [1302995:1304324](+)
id: cds-WP_021672594.1
qualifiers:
    Key: Dbxref, Value: ['GenBank:WP_021672594.1']
    Key: ID, Value: ['cds-WP_021672594.1']
    Key: Name, Value: ['WP_021672594.1']
    Key: Ontology_term, Value: ['GO:0043571', 'GO:0003674']
    Key: Parent, Value: ['gene-J5A56_RS11095']
    Key: gbkey, Value: ['CDS']
    Key: gene, Value: ['csx2']
    Key: go_function, Value: ['molecular_function|0003674||IEA']
    Key: go_process, Value: ['maintenance of CRISPR repeat elements|0043571||IEA']
    Key: inference, Value: ['COORDINATES: similar to AA sequence:RefSeq:WP_009012143.1']
    Key: locus_tag, Value: ['J5A56_RS11095']
    Key: phase, Value: ['0']
    Key: product, Value: ['TIGR02221 family CRISPR-associated protein']
    Key: protein_id, Value: ['WP_021672594.1']
    Key: source, Value: ['Protein Homology']
    Key: transl_table, Value: ['11']

GF(TIGR02221 family CRISPR-associated protein, 11597-12926 (1))
type: CDS
location: [1304304:1304661](+)
id: cds-WP_021672593.1
qualifiers:
    Key: Dbxref, Value: ['GenBank:WP_021672593.1']
    Key: ID, Value: ['cds-WP_021672593.1']
    Key: Name, Value: ['WP_021672593.1']
    Key: Parent, Value: ['gene-J5A56_RS13585']
    Key: gbkey, Value: ['CDS']
    Key: inference, Value: ['COORDINATES: similar to AA sequence:RefSeq:WP_009012144.1']
    Key: locus_tag, Value: ['J5A56_RS13585']
    Key: phase, Value: ['0']
    Key: product, Value: ['hypothetical protein']
    Key: protein_id, Value: ['WP_021672593.1']
    Key: source, Value: ['Protein Homology']
    Key: transl_table, Value: ['11']

GF(None, 12906-13263 (1))
type: CDS
location: [1304679:1306125](+)
id: cds-WP_021672592.1
qualifiers:
    Key: Dbxref, Value: ['GenBank:WP_021672592.1']
    Key: ID, Value: ['cds-WP_021672592.1']
    Key: Name, Value: ['WP_021672592.1']
    Key: Parent, Value: ['gene-J5A56_RS11100']
    Key: gbkey, Value: ['CDS']
    Key: inference, Value: ['COORDINATES: similar to AA sequence:RefSeq:WP_009012145.1']
    Key: locus_tag, Value: ['J5A56_RS11100']
    Key: phase, Value: ['0']
    Key: product, Value: ['AAA family ATPase']
    Key: protein_id, Value: ['WP_021672592.1']
    Key: source, Value: ['Protein Homology']
    Key: transl_table, Value: ['11']

GF(AAA family ATPase, 13281-14727 (1))
type: CDS
location: [1306185:1307163](+)
id: cds-WP_021672591.1
qualifiers:
    Key: Dbxref, Value: ['GenBank:WP_021672591.1']
    Key: ID, Value: ['cds-WP_021672591.1']
    Key: Name, Value: ['WP_021672591.1']
    Key: Ontology_term, Value: ['GO:0043571', 'GO:0004520', 'GO:0046872']
    Key: Parent, Value: ['gene-J5A56_RS11105']
    Key: gbkey, Value: ['CDS']
    Key: gene, Value: ['cas1']
    Key: go_function, Value: ['DNA endonuclease activity|0004520||IEA', 'metal ion binding|0046872||IEA']
    Key: go_process, Value: ['maintenance of CRISPR repeat elements|0043571||IEA']
    Key: inference, Value: ['COORDINATES: similar to AA sequence:RefSeq:WP_009012146.1']
    Key: locus_tag, Value: ['J5A56_RS11105']
    Key: phase, Value: ['0']
    Key: product, Value: ['CRISPR-associated endonuclease Cas1']
    Key: protein_id, Value: ['WP_021672591.1']
    Key: source, Value: ['Protein Homology']
    Key: transl_table, Value: ['11']

GF(CRISPR-associated endonuclease Cas1, 14787-15765 (1))
type: CDS
location: [1307599:1308835](+)
id: cds-WP_211796008.1
qualifiers:
    Key: Dbxref, Value: ['GenBank:WP_211796008.1']
    Key: ID, Value: ['cds-WP_211796008.1']
    Key: Name, Value: ['WP_211796008.1']
    Key: Ontology_term, Value: ['GO:0006310', 'GO:0015074', 'GO:0003677']
    Key: Parent, Value: ['gene-J5A56_RS11110']
    Key: gbkey, Value: ['CDS']
    Key: go_function, Value: ['DNA binding|0003677||IEA']
    Key: go_process, Value: ['DNA recombination|0006310||IEA', 'DNA integration|0015074||IEA']
    Key: inference, Value: ['COORDINATES: similar to AA sequence:RefSeq:WP_015532459.1']
    Key: locus_tag, Value: ['J5A56_RS11110']
    Key: phase, Value: ['0']
    Key: product, Value: ['site-specific integrase']
    Key: protein_id, Value: ['WP_211796008.1']
    Key: source, Value: ['Protein Homology']
    Key: transl_table, Value: ['11']

GF(site-specific integrase, 16201-17437 (1))
type: CDS
location: [1308849:1309209](+)
id: cds-WP_004341614.1
qualifiers:
    Key: Dbxref, Value: ['GenBank:WP_004341614.1']
    Key: ID, Value: ['cds-WP_004341614.1']
    Key: Name, Value: ['WP_004341614.1']
    Key: Parent, Value: ['gene-J5A56_RS11115']
    Key: gbkey, Value: ['CDS']
    Key: inference, Value: ['COORDINATES: similar to AA sequence:RefSeq:WP_008564114.1']
    Key: locus_tag, Value: ['J5A56_RS11115']
    Key: phase, Value: ['0']
    Key: product, Value: ['hypothetical protein']
    Key: protein_id, Value: ['WP_004341614.1']
    Key: source, Value: ['Protein Homology']
    Key: transl_table, Value: ['11']

GF(None, 17451-17811 (1))
type: CDS
location: [1309257:1309560](-)
id: cds-WP_004341615.1
qualifiers:
    Key: Dbxref, Value: ['GenBank:WP_004341615.1']
    Key: ID, Value: ['cds-WP_004341615.1']
    Key: Name, Value: ['WP_004341615.1']
    Key: Ontology_term, Value: ['GO:0003677']
    Key: Parent, Value: ['gene-J5A56_RS11120']
    Key: gbkey, Value: ['CDS']
    Key: go_function, Value: ['DNA binding|0003677||IEA']
    Key: inference, Value: ['COORDINATES: similar to AA sequence:RefSeq:WP_008564113.1']
    Key: locus_tag, Value: ['J5A56_RS11120']
    Key: phase, Value: ['0']
    Key: product, Value: ['helix-turn-helix domain-containing protein']
    Key: protein_id, Value: ['WP_004341615.1']
    Key: source, Value: ['Protein Homology']
    Key: transl_table, Value: ['11']

GF(helix-turn-helix domain-containing protein, 17859-18162 (-1))
type: CDS
location: [1309597:1309876](-)
id: cds-WP_004585710.1
qualifiers:
    Key: Dbxref, Value: ['GenBank:WP_004585710.1']
    Key: ID, Value: ['cds-WP_004585710.1']
    Key: Name, Value: ['WP_004585710.1']
    Key: Ontology_term, Value: ['GO:0003677']
    Key: Parent, Value: ['gene-J5A56_RS13590']
    Key: gbkey, Value: ['CDS']
    Key: go_function, Value: ['DNA binding|0003677||IEA']
    Key: inference, Value: ['COORDINATES: similar to AA sequence:RefSeq:WP_008564112.1']
    Key: locus_tag, Value: ['J5A56_RS13590']
    Key: phase, Value: ['0']
    Key: product, Value: ['helix-turn-helix domain-containing protein']
    Key: protein_id, Value: ['WP_004585710.1']
    Key: source, Value: ['Protein Homology']
    Key: transl_table, Value: ['11']

GF(helix-turn-helix domain-containing protein, 18199-18478 (-1))
type: CDS
location: [1310097:1310451](+)
id: cds-WP_036920189.1
qualifiers:
    Key: Dbxref, Value: ['GenBank:WP_036920189.1']
    Key: ID, Value: ['cds-WP_036920189.1']
    Key: Name, Value: ['WP_036920189.1']
    Key: Ontology_term, Value: ['GO:0003677']
    Key: Parent, Value: ['gene-J5A56_RS11130']
    Key: gbkey, Value: ['CDS']
    Key: go_function, Value: ['DNA binding|0003677||IEA']
    Key: inference, Value: ['COORDINATES: similar to AA sequence:RefSeq:WP_012457233.1']
    Key: locus_tag, Value: ['J5A56_RS11130']
    Key: phase, Value: ['0']
    Key: product, Value: ['helix-turn-helix domain-containing protein']
    Key: protein_id, Value: ['WP_036920189.1']
    Key: source, Value: ['Protein Homology']
    Key: transl_table, Value: ['11']

GF(helix-turn-helix domain-containing protein, 18699-19053 (1))
type: CDS
location: [1310434:1310755](+)
id: cds-WP_021672582.1
qualifiers:
    Key: Dbxref, Value: ['GenBank:WP_021672582.1']
    Key: ID, Value: ['cds-WP_021672582.1']
    Key: Name, Value: ['WP_021672582.1']
    Key: Ontology_term, Value: ['GO:0003677']
    Key: Parent, Value: ['gene-J5A56_RS11135']
    Key: gbkey, Value: ['CDS']
    Key: go_function, Value: ['DNA binding|0003677||IEA']
    Key: inference, Value: ['COORDINATES: similar to AA sequence:RefSeq:WP_004332869.1']
    Key: locus_tag, Value: ['J5A56_RS11135']
    Key: phase, Value: ['0']
    Key: product, Value: ['helix-turn-helix domain-containing protein']
    Key: protein_id, Value: ['WP_021672582.1']
    Key: source, Value: ['Protein Homology']
    Key: transl_table, Value: ['11']

GF(helix-turn-helix domain-containing protein, 19036-19357 (1))
graphic feature from cctyper protein table: GF(Cas6, 4000-4695 (1))
graphic feature from cctyper protein table: GF(Cas10, 4682-7174 (1))
graphic feature from cctyper protein table: GF(Csm2gr11, 7187-7651 (1))
graphic feature from cctyper protein table: GF(Csm4, 8357-9358 (1))
graphic feature from cctyper protein table: GF(Csm5gr7, 9351-10463 (1))
graphic feature from cctyper protein table: GF(Can2, 10467-10865 (1))
graphic feature from cctyper protein table: GF(Csx1, 11598-12926 (1))
graphic feature from cctyper protein table: GF(Csx20, 12907-13263 (1))
graphic feature from cctyper protein table: GF(Cas1, 14788-15765 (1))
Index(['protein_id', 'start', 'end', 'effector', 'locus', 'sample', 'strand',
       'sequence', 'type'],
      dtype='object')
graphic feature from known effectors: GF(csx1, 11598-12926 (1))
Index(['protein_id', 'start', 'end', 'effector', 'locus', 'sample', 'strand',
       'sequence', 'type'],
      dtype='object')
graphic feature from ring nucleases: GF(csx20, 12907-13263 (1))
[GF(IS4 family transposase, 93-1272 (-1)), GF(IS1634 family transposase, 1800-3681 (1)), GF(CRISPR-associated endonuclease Cas6, 3999-4695 (1)), GF(type III-A CRISPR-associated protein Cas10/Csm1, 4681-7174 (1)), GF(type III-A CRISPR-associated protein Csm2, 7186-7651 (1)), GF(type III-A CRISPR-associated RAMP protein Csm3, 7634-8354 (1)), GF(type III-A CRISPR-associated RAMP protein Csm4, 8356-9358 (1)), GF(type III-A CRISPR-associated RAMP protein Csm5, 9350-10463 (1)), GF(DUF1887 family CARF protein, 10466-10865 (1)), GF(None, 10861-11032 (1)), GF(DUF1887 family protein, 11166-11586 (1)), GF(TIGR02221 family CRISPR-associated protein, 11597-12926 (1)), GF(None, 12906-13263 (1)), GF(AAA family ATPase, 13281-14727 (1)), GF(CRISPR-associated endonuclease Cas1, 14787-15765 (1)), GF(site-specific integrase, 16201-17437 (1)), GF(None, 17451-17811 (1)), GF(helix-turn-helix domain-containing protein, 17859-18162 (-1)), GF(helix-turn-helix domain-containing protein, 18199-18478 (-1)), GF(helix-turn-helix domain-containing protein, 18699-19053 (1)), GF(helix-turn-helix domain-containing protein, 19036-19357 (1)), GF(Cas6, 4000-4695 (1)), GF(Cas10, 4682-7174 (1)), GF(Csm2gr11, 7187-7651 (1)), GF(Csm4, 8357-9358 (1)), GF(Csm5gr7, 9351-10463 (1)), GF(Can2, 10467-10865 (1)), GF(Csx1, 11598-12926 (1)), GF(Csx20, 12907-13263 (1)), GF(Cas1, 14788-15765 (1)), GF(csx1, 11598-12926 (1)), GF(csx20, 12907-13263 (1)), GF(CRISPR-Cas locus, 4000-15765 (0))]
