Cas operons file:    Unnamed: 0         Contig  ...           locus_id           sample
0           1  NZ_CP012109.1  ...  GCF_000280925.3_1  GCF_000280925.3

[1 rows x 19 columns]
The chosen contig: NZ_CP012109.1
type: CDS
location: [8908404:8909253](+)
id: cds-WP_002639998.1
qualifiers:
    Key: Dbxref, Value: ['GenBank:WP_002639998.1']
    Key: ID, Value: ['cds-WP_002639998.1']
    Key: Name, Value: ['WP_002639998.1']
    Key: Ontology_term, Value: ['GO:0006468', 'GO:0004674', 'GO:0005524']
    Key: Parent, Value: ['gene-A176_RS35155']
    Key: gbkey, Value: ['CDS']
    Key: go_function, Value: ['protein serine/threonine kinase activity|0004674||IEA', 'ATP binding|0005524||IEA']
    Key: go_process, Value: ['protein phosphorylation|0006468||IEA']
    Key: inference, Value: ['COORDINATES: similar to AA sequence:RefSeq:WP_013937068.1']
    Key: locus_tag, Value: ['A176_RS35155']
    Key: phase, Value: ['0']
    Key: product, Value: ['serine/threonine-protein kinase']
    Key: protein_id, Value: ['WP_002639998.1']
    Key: source, Value: ['Protein Homology']
    Key: transl_table, Value: ['11']

GF(serine/threonine-protein kinase, 183-1032 (1))
type: CDS
location: [8909341:8910205](+)
id: cds-WP_002639999.1
qualifiers:
    Key: Dbxref, Value: ['GenBank:WP_002639999.1']
    Key: ID, Value: ['cds-WP_002639999.1']
    Key: Name, Value: ['WP_002639999.1']
    Key: Parent, Value: ['gene-A176_RS35160']
    Key: gbkey, Value: ['CDS']
    Key: inference, Value: ['COORDINATES: similar to AA sequence:RefSeq:WP_013937069.1']
    Key: locus_tag, Value: ['A176_RS35160']
    Key: phase, Value: ['0']
    Key: product, Value: ['nucleotidyltransferase']
    Key: protein_id, Value: ['WP_002639999.1']
    Key: source, Value: ['Protein Homology']
    Key: transl_table, Value: ['11']

GF(nucleotidyltransferase, 1120-1984 (1))
type: CDS
location: [8910295:8912125](+)
id: cds-WP_002640000.1
qualifiers:
    Key: Dbxref, Value: ['GenBank:WP_002640000.1']
    Key: ID, Value: ['cds-WP_002640000.1']
    Key: Name, Value: ['WP_002640000.1']
    Key: Parent, Value: ['gene-A176_RS35165']
    Key: gbkey, Value: ['CDS']
    Key: inference, Value: ['COORDINATES: similar to AA sequence:RefSeq:WP_015353469.1']
    Key: locus_tag, Value: ['A176_RS35165']
    Key: phase, Value: ['0']
    Key: product, Value: ['SAVED domain-containing protein']
    Key: protein_id, Value: ['WP_002640000.1']
    Key: source, Value: ['Protein Homology']
    Key: transl_table, Value: ['11']

GF(SAVED domain-containing protein, 2074-3904 (1))
type: CDS
location: [8912171:8912333](-)
id: cds-WP_226994083.1
qualifiers:
    Key: Dbxref, Value: ['GenBank:WP_226994083.1']
    Key: ID, Value: ['cds-WP_226994083.1']
    Key: Name, Value: ['WP_226994083.1']
    Key: Parent, Value: ['gene-A176_RS40390']
    Key: gbkey, Value: ['CDS']
    Key: inference, Value: ['COORDINATES: ab initio prediction:GeneMarkS-2+']
    Key: locus_tag, Value: ['A176_RS40390']
    Key: phase, Value: ['0']
    Key: product, Value: ['hypothetical protein']
    Key: protein_id, Value: ['WP_226994083.1']
    Key: source, Value: ['GeneMarkS-2+']
    Key: transl_table, Value: ['11']

GF(None, 3950-4112 (-1))
type: CDS
location: [8912319:8913696](+)
id: cds-WP_226994084.1
qualifiers:
    Key: Dbxref, Value: ['GenBank:WP_226994084.1']
    Key: ID, Value: ['cds-WP_226994084.1']
    Key: Name, Value: ['WP_226994084.1']
    Key: Parent, Value: ['gene-A176_RS35170']
    Key: gbkey, Value: ['CDS']
    Key: inference, Value: ['COORDINATES: similar to AA sequence:RefSeq:WP_011557201.1']
    Key: locus_tag, Value: ['A176_RS35170']
    Key: phase, Value: ['0']
    Key: product, Value: ['RAMP superfamily CRISPR-associated protein']
    Key: protein_id, Value: ['WP_226994084.1']
    Key: source, Value: ['Protein Homology']
    Key: transl_table, Value: ['11']

GF(RAMP superfamily CRISPR-associated protein, 4098-5475 (1))
type: CDS
location: [8913700:8915491](+)
id: cds-WP_002640003.1
qualifiers:
    Key: Dbxref, Value: ['GenBank:WP_002640003.1']
    Key: ID, Value: ['cds-WP_002640003.1']
    Key: Name, Value: ['WP_002640003.1']
    Key: Ontology_term, Value: ['GO:0043571', 'GO:0003674']
    Key: Parent, Value: ['gene-A176_RS35175']
    Key: gbkey, Value: ['CDS']
    Key: gene, Value: ['cas10']
    Key: go_function, Value: ['molecular_function|0003674||IEA']
    Key: go_process, Value: ['maintenance of CRISPR repeat elements|0043571||IEA']
    Key: inference, Value: ['COORDINATES: similar to AA sequence:RefSeq:WP_011557200.1']
    Key: locus_tag, Value: ['A176_RS35175']
    Key: phase, Value: ['0']
    Key: product, Value: ['type III-B CRISPR-associated protein Cas10/Cmr2']
    Key: protein_id, Value: ['WP_002640003.1']
    Key: source, Value: ['Protein Homology']
    Key: transl_table, Value: ['11']

GF(type III-B CRISPR-associated protein Cas10/Cmr2, 5479-7270 (1))
type: CDS
location: [8915487:8916690](+)
id: cds-WP_002640004.1
qualifiers:
    Key: Dbxref, Value: ['GenBank:WP_002640004.1']
    Key: ID, Value: ['cds-WP_002640004.1']
    Key: Name, Value: ['WP_002640004.1']
    Key: Parent, Value: ['gene-A176_RS35180']
    Key: gbkey, Value: ['CDS']
    Key: inference, Value: ['COORDINATES: similar to AA sequence:RefSeq:WP_011557199.1']
    Key: locus_tag, Value: ['A176_RS35180']
    Key: phase, Value: ['0']
    Key: product, Value: ['type III-B CRISPR module-associated protein Cmr3']
    Key: protein_id, Value: ['WP_002640004.1']
    Key: source, Value: ['Protein Homology']
    Key: transl_table, Value: ['11']

GF(type III-B CRISPR module-associated protein Cmr3, 7266-8469 (1))
type: CDS
location: [8916692:8917637](+)
id: cds-WP_002640005.1
qualifiers:
    Key: Dbxref, Value: ['GenBank:WP_002640005.1']
    Key: ID, Value: ['cds-WP_002640005.1']
    Key: Name, Value: ['WP_002640005.1']
    Key: Ontology_term, Value: ['GO:0043571', 'GO:0003674']
    Key: Parent, Value: ['gene-A176_RS35185']
    Key: gbkey, Value: ['CDS']
    Key: gene, Value: ['cmr4']
    Key: go_function, Value: ['molecular_function|0003674||IEA']
    Key: go_process, Value: ['maintenance of CRISPR repeat elements|0043571||IEA']
    Key: inference, Value: ['COORDINATES: similar to AA sequence:RefSeq:WP_015353458.1']
    Key: locus_tag, Value: ['A176_RS35185']
    Key: phase, Value: ['0']
    Key: product, Value: ['type III-B CRISPR module RAMP protein Cmr4']
    Key: protein_id, Value: ['WP_002640005.1']
    Key: source, Value: ['Protein Homology']
    Key: transl_table, Value: ['11']

GF(type III-B CRISPR module RAMP protein Cmr4, 8471-9416 (1))
type: CDS
location: [8917633:8918035](+)
id: cds-WP_002640006.1
qualifiers:
    Key: Dbxref, Value: ['GenBank:WP_002640006.1']
    Key: ID, Value: ['cds-WP_002640006.1']
    Key: Name, Value: ['WP_002640006.1']
    Key: Parent, Value: ['gene-A176_RS35190']
    Key: gbkey, Value: ['CDS']
    Key: inference, Value: ['COORDINATES: similar to AA sequence:RefSeq:WP_013937075.1']
    Key: locus_tag, Value: ['A176_RS35190']
    Key: phase, Value: ['0']
    Key: product, Value: ['type III-B CRISPR module-associated protein Cmr5']
    Key: protein_id, Value: ['WP_002640006.1']
    Key: source, Value: ['Protein Homology']
    Key: transl_table, Value: ['11']

GF(type III-B CRISPR module-associated protein Cmr5, 9412-9814 (1))
type: CDS
location: [8918024:8919134](+)
id: cds-WP_002640007.1
qualifiers:
    Key: Dbxref, Value: ['GenBank:WP_002640007.1']
    Key: ID, Value: ['cds-WP_002640007.1']
    Key: Name, Value: ['WP_002640007.1']
    Key: Ontology_term, Value: ['GO:0043571', 'GO:0003674']
    Key: Parent, Value: ['gene-A176_RS35195']
    Key: gbkey, Value: ['CDS']
    Key: gene, Value: ['cmr6']
    Key: go_function, Value: ['molecular_function|0003674||IEA']
    Key: go_process, Value: ['maintenance of CRISPR repeat elements|0043571||IEA']
    Key: inference, Value: ['COORDINATES: similar to AA sequence:RefSeq:WP_011557196.1']
    Key: locus_tag, Value: ['A176_RS35195']
    Key: phase, Value: ['0']
    Key: product, Value: ['type III-B CRISPR module RAMP protein Cmr6']
    Key: protein_id, Value: ['WP_002640007.1']
    Key: source, Value: ['Protein Homology']
    Key: transl_table, Value: ['11']

GF(type III-B CRISPR module RAMP protein Cmr6, 9803-10913 (1))
type: CDS
location: [8919130:8919757](+)
id: cds-WP_002640008.1
qualifiers:
    Key: Dbxref, Value: ['GenBank:WP_002640008.1']
    Key: ID, Value: ['cds-WP_002640008.1']
    Key: Name, Value: ['WP_002640008.1']
    Key: Ontology_term, Value: ['GO:0043571']
    Key: Parent, Value: ['gene-A176_RS35200']
    Key: gbkey, Value: ['CDS']
    Key: gene, Value: ['cas6']
    Key: go_process, Value: ['maintenance of CRISPR repeat elements|0043571||IEA']
    Key: inference, Value: ['COORDINATES: similar to AA sequence:RefSeq:WP_011557195.1']
    Key: locus_tag, Value: ['A176_RS35200']
    Key: phase, Value: ['0']
    Key: product, Value: ['type I-MYXAN CRISPR-associated protein Cas6/Cmx6']
    Key: protein_id, Value: ['WP_002640008.1']
    Key: source, Value: ['Protein Homology']
    Key: transl_table, Value: ['11']

GF(type I-MYXAN CRISPR-associated protein Cas6/Cmx6, 10909-11536 (1))
type: repeat_region
location: [8920055:8920971](+)
id: NZ_CP012109.1_2
qualifiers:
    Key: Dbxref, Value: ['SO:0001459']
    Key: ID, Value: ['NZ_CP012109.1_2']
    Key: Note, Value: ['GTCGCGCTCGCCGTGATGCCGGAAGGCGTTGAGCAC']
    Key: Ontology_term, Value: ['CRISPR']
    Key: score, Value: ['916']
    Key: source, Value: ['CCTyper']

GF(Repeat region, 11834-12750 (0))
graphic feature from cctyper protein table: GF(Cmr1gr7, 4099-5475 (1))
graphic feature from cctyper protein table: GF(Cas10, 5480-7270 (1))
graphic feature from cctyper protein table: GF(Cmr3gr5, 7267-8469 (1))
graphic feature from cctyper protein table: GF(Cmr4, 8472-9416 (1))
graphic feature from cctyper protein table: GF(Cmr5gr11, 9413-9814 (1))
graphic feature from cctyper protein table: GF(Cmr6gr7, 9804-10913 (1))
graphic feature from cctyper protein table: GF(Cas6, 10910-11536 (1))
Index(['protein_id', 'start', 'end', 'effector', 'locus', 'sample', 'strand',
       'sequence'],
      dtype='object')
Index(['protein_id', 'start', 'end', 'effector', 'locus', 'sample', 'strand',
       'sequence'],
      dtype='object')
[GF(serine/threonine-protein kinase, 183-1032 (1)), GF(nucleotidyltransferase, 1120-1984 (1)), GF(SAVED domain-containing protein, 2074-3904 (1)), GF(None, 3950-4112 (-1)), GF(RAMP superfamily CRISPR-associated protein, 4098-5475 (1)), GF(type III-B CRISPR-associated protein Cas10/Cmr2, 5479-7270 (1)), GF(type III-B CRISPR module-associated protein Cmr3, 7266-8469 (1)), GF(type III-B CRISPR module RAMP protein Cmr4, 8471-9416 (1)), GF(type III-B CRISPR module-associated protein Cmr5, 9412-9814 (1)), GF(type III-B CRISPR module RAMP protein Cmr6, 9803-10913 (1)), GF(type I-MYXAN CRISPR-associated protein Cas6/Cmx6, 10909-11536 (1)), GF(Repeat region, 11834-12750 (0)), GF(Cmr1gr7, 4099-5475 (1)), GF(Cas10, 5480-7270 (1)), GF(Cmr3gr5, 7267-8469 (1)), GF(Cmr4, 8472-9416 (1)), GF(Cmr5gr11, 9413-9814 (1)), GF(Cmr6gr7, 9804-10913 (1)), GF(Cas6, 10910-11536 (1)), GF(CRISPR-Cas locus, 4000-11536 (0))]
