Cas operons file:    Unnamed: 0         Contig  ...           locus_id           sample
0           0  NZ_CP042593.1  ...  GCF_007995155.1_0  GCF_007995155.1

[1 rows x 19 columns]
The chosen contig: NZ_CP042593.1
type: CDS
location: [2824127:2825363](-)
id: cds-WP_057770836.1
qualifiers:
    Key: Dbxref, Value: ['GenBank:WP_057770836.1']
    Key: ID, Value: ['cds-WP_057770836.1']
    Key: Name, Value: ['WP_057770836.1']
    Key: Parent, Value: ['gene-FSZ17_RS13380']
    Key: gbkey, Value: ['CDS']
    Key: inference, Value: ['COORDINATES: ab initio prediction:GeneMarkS-2+']
    Key: locus_tag, Value: ['FSZ17_RS13380']
    Key: phase, Value: ['0']
    Key: product, Value: ['hypothetical protein']
    Key: protein_id, Value: ['WP_057770836.1']
    Key: source, Value: ['GeneMarkS-2+']
    Key: transl_table, Value: ['11']

GF(None, 2610-3846 (-1))
type: CDS
location: [2825516:2826512](-)
id: cds-WP_185150625.1
qualifiers:
    Key: Dbxref, Value: ['GenBank:WP_185150625.1']
    Key: ID, Value: ['cds-WP_185150625.1']
    Key: Name, Value: ['WP_185150625.1']
    Key: Parent, Value: ['gene-FSZ17_RS13385']
    Key: gbkey, Value: ['CDS']
    Key: gene, Value: ['cas6']
    Key: inference, Value: ['COORDINATES: protein motif:HMM:NF021551.3']
    Key: locus_tag, Value: ['FSZ17_RS13385']
    Key: phase, Value: ['0']
    Key: product, Value: ['CRISPR system precrRNA processing endoribonuclease RAMP protein Cas6']
    Key: protein_id, Value: ['WP_185150625.1']
    Key: source, Value: ['Protein Homology']
    Key: transl_table, Value: ['11']

GF(CRISPR system precrRNA processing endoribonuclease RAMP protein Cas6, 3999-4995 (-1))
type: CDS
location: [2826525:2827941](-)
id: cds-WP_057770840.1
qualifiers:
    Key: Dbxref, Value: ['GenBank:WP_057770840.1']
    Key: ID, Value: ['cds-WP_057770840.1']
    Key: Name, Value: ['WP_057770840.1']
    Key: Parent, Value: ['gene-FSZ17_RS13390']
    Key: gbkey, Value: ['CDS']
    Key: inference, Value: ['COORDINATES: ab initio prediction:GeneMarkS-2+']
    Key: locus_tag, Value: ['FSZ17_RS13390']
    Key: phase, Value: ['0']
    Key: product, Value: ['hypothetical protein']
    Key: protein_id, Value: ['WP_057770840.1']
    Key: source, Value: ['GeneMarkS-2+']
    Key: transl_table, Value: ['11']

GF(None, 5008-6424 (-1))
type: CDS
location: [2827950:2829432](-)
id: cds-WP_146846478.1
qualifiers:
    Key: Dbxref, Value: ['GenBank:WP_146846478.1']
    Key: ID, Value: ['cds-WP_146846478.1']
    Key: Name, Value: ['WP_146846478.1']
    Key: Parent, Value: ['gene-FSZ17_RS13395']
    Key: gbkey, Value: ['CDS']
    Key: inference, Value: ['COORDINATES: ab initio prediction:GeneMarkS-2+']
    Key: locus_tag, Value: ['FSZ17_RS13395']
    Key: phase, Value: ['0']
    Key: product, Value: ['hypothetical protein']
    Key: protein_id, Value: ['WP_146846478.1']
    Key: source, Value: ['GeneMarkS-2+']
    Key: transl_table, Value: ['11']

GF(None, 6433-7915 (-1))
type: CDS
location: [2829490:2830429](-)
id: cds-WP_057770844.1
qualifiers:
    Key: Dbxref, Value: ['GenBank:WP_057770844.1']
    Key: ID, Value: ['cds-WP_057770844.1']
    Key: Name, Value: ['WP_057770844.1']
    Key: Parent, Value: ['gene-FSZ17_RS13400']
    Key: gbkey, Value: ['CDS']
    Key: inference, Value: ['COORDINATES: ab initio prediction:GeneMarkS-2+']
    Key: locus_tag, Value: ['FSZ17_RS13400']
    Key: phase, Value: ['0']
    Key: product, Value: ['hypothetical protein']
    Key: protein_id, Value: ['WP_057770844.1']
    Key: source, Value: ['GeneMarkS-2+']
    Key: transl_table, Value: ['11']

GF(None, 7973-8912 (-1))
type: CDS
location: [2830434:2831115](-)
id: cds-WP_057770846.1
qualifiers:
    Key: Dbxref, Value: ['GenBank:WP_057770846.1']
    Key: ID, Value: ['cds-WP_057770846.1']
    Key: Name, Value: ['WP_057770846.1']
    Key: Ontology_term, Value: ['GO:0043571', 'GO:0003674']
    Key: Parent, Value: ['gene-FSZ17_RS13405']
    Key: gbkey, Value: ['CDS']
    Key: gene, Value: ['csm3']
    Key: go_function, Value: ['molecular_function|0003674||IEA']
    Key: go_process, Value: ['maintenance of CRISPR repeat elements|0043571||IEA']
    Key: inference, Value: ['COORDINATES: protein motif:HMM:TIGR02582.1']
    Key: locus_tag, Value: ['FSZ17_RS13405']
    Key: phase, Value: ['0']
    Key: product, Value: ['type III-A CRISPR-associated RAMP protein Csm3']
    Key: protein_id, Value: ['WP_057770846.1']
    Key: source, Value: ['Protein Homology']
    Key: transl_table, Value: ['11']

GF(type III-A CRISPR-associated RAMP protein Csm3, 8917-9598 (-1))
type: CDS
location: [2831126:2831576](-)
id: cds-WP_057770849.1
qualifiers:
    Key: Dbxref, Value: ['GenBank:WP_057770849.1']
    Key: ID, Value: ['cds-WP_057770849.1']
    Key: Name, Value: ['WP_057770849.1']
    Key: Ontology_term, Value: ['GO:0043571', 'GO:0003674']
    Key: Parent, Value: ['gene-FSZ17_RS13410']
    Key: gbkey, Value: ['CDS']
    Key: gene, Value: ['csm2']
    Key: go_function, Value: ['molecular_function|0003674||IEA']
    Key: go_process, Value: ['maintenance of CRISPR repeat elements|0043571||IEA']
    Key: inference, Value: ['COORDINATES: protein motif:HMM:NF015695.3']
    Key: locus_tag, Value: ['FSZ17_RS13410']
    Key: phase, Value: ['0']
    Key: product, Value: ['type III-A CRISPR-associated protein Csm2']
    Key: protein_id, Value: ['WP_057770849.1']
    Key: source, Value: ['Protein Homology']
    Key: transl_table, Value: ['11']

GF(type III-A CRISPR-associated protein Csm2, 9609-10059 (-1))
type: CDS
location: [2831572:2833849](-)
id: cds-WP_057770851.1
qualifiers:
    Key: Dbxref, Value: ['GenBank:WP_057770851.1']
    Key: ID, Value: ['cds-WP_057770851.1']
    Key: Name, Value: ['WP_057770851.1']
    Key: Ontology_term, Value: ['GO:0043571', 'GO:0003674']
    Key: Parent, Value: ['gene-FSZ17_RS13415']
    Key: gbkey, Value: ['CDS']
    Key: gene, Value: ['cas10']
    Key: go_function, Value: ['molecular_function|0003674||IEA']
    Key: go_process, Value: ['maintenance of CRISPR repeat elements|0043571||IEA']
    Key: inference, Value: ['COORDINATES: protein motif:HMM:TIGR02578.1']
    Key: locus_tag, Value: ['FSZ17_RS13415']
    Key: phase, Value: ['0']
    Key: product, Value: ['type III-A CRISPR-associated protein Cas10/Csm1']
    Key: protein_id, Value: ['WP_057770851.1']
    Key: source, Value: ['Protein Homology']
    Key: transl_table, Value: ['11']

GF(type III-A CRISPR-associated protein Cas10/Csm1, 10055-12332 (-1))
type: CDS
location: [2834638:2835745](-)
id: cds-WP_057770853.1
qualifiers:
    Key: Dbxref, Value: ['GenBank:WP_057770853.1']
    Key: ID, Value: ['cds-WP_057770853.1']
    Key: Name, Value: ['WP_057770853.1']
    Key: Ontology_term, Value: ['GO:0009234', 'GO:0016836']
    Key: Parent, Value: ['gene-FSZ17_RS13420']
    Key: gbkey, Value: ['CDS']
    Key: gene, Value: ['menC']
    Key: go_function, Value: ['hydro-lyase activity|0016836||IEA']
    Key: go_process, Value: ['menaquinone biosynthetic process|0009234||IEA']
    Key: inference, Value: ['COORDINATES: similar to AA sequence:RefSeq:WP_004434405.1']
    Key: locus_tag, Value: ['FSZ17_RS13420']
    Key: phase, Value: ['0']
    Key: product, Value: ['o-succinylbenzoate synthase']
    Key: protein_id, Value: ['WP_057770853.1']
    Key: source, Value: ['Protein Homology']
    Key: transl_table, Value: ['11']

GF(o-succinylbenzoate synthase, 13121-14228 (-1))
type: CDS
location: [2835760:2836300](-)
id: cds-WP_057770855.1
qualifiers:
    Key: Dbxref, Value: ['GenBank:WP_057770855.1']
    Key: ID, Value: ['cds-WP_057770855.1']
    Key: Name, Value: ['WP_057770855.1']
    Key: Ontology_term, Value: ['GO:0008752', 'GO:0010181', 'GO:0016491', 'GO:0052873']
    Key: Parent, Value: ['gene-FSZ17_RS13425']
    Key: gbkey, Value: ['CDS']
    Key: go_function, Value: ['FMN reductase (NAD(P)H) activity|0008752||IEA', 'FMN binding|0010181||IEA', 'oxidoreductase activity|0016491||IEA', 'FMN reductase (NADPH) activity|0052873||IEA']
    Key: inference, Value: ['COORDINATES: similar to AA sequence:RefSeq:WP_019122659.1']
    Key: locus_tag, Value: ['FSZ17_RS13425']
    Key: phase, Value: ['0']
    Key: product, Value: ['NADPH-dependent FMN reductase']
    Key: protein_id, Value: ['WP_057770855.1']
    Key: source, Value: ['Protein Homology']
    Key: transl_table, Value: ['11']

GF(NADPH-dependent FMN reductase, 14243-14783 (-1))
type: CDS
location: [2836578:2836788](+)
id: cds-WP_057770858.1
qualifiers:
    Key: Dbxref, Value: ['GenBank:WP_057770858.1']
    Key: ID, Value: ['cds-WP_057770858.1']
    Key: Name, Value: ['WP_057770858.1']
    Key: Parent, Value: ['gene-FSZ17_RS13430']
    Key: gbkey, Value: ['CDS']
    Key: inference, Value: ['COORDINATES: similar to AA sequence:RefSeq:WP_009333607.1']
    Key: locus_tag, Value: ['FSZ17_RS13430']
    Key: phase, Value: ['0']
    Key: product, Value: ['hypothetical protein']
    Key: protein_id, Value: ['WP_057770858.1']
    Key: source, Value: ['Protein Homology']
    Key: transl_table, Value: ['11']

GF(None, 15061-15271 (1))
graphic feature from cctyper protein table: GF(Cas6, 4000-4995 (-1))
graphic feature from cctyper protein table: GF(CorA, 5009-6424 (-1))
graphic feature from cctyper protein table: GF(Csx1, 6434-7915 (-1))
graphic feature from cctyper protein table: GF(Csm4gr5, 7974-8912 (-1))
graphic feature from cctyper protein table: GF(Csm3gr7, 8918-9598 (-1))
graphic feature from cctyper protein table: GF(Csm2gr11, 9610-10059 (-1))
graphic feature from cctyper protein table: GF(Cas10, 10056-12332 (-1))
Index(['protein_id', 'start', 'end', 'effector', 'locus', 'sample', 'strand',
       'sequence', 'type'],
      dtype='object')
graphic feature from known effectors: GF(cora, 5009-6424 (-1))
graphic feature from known effectors: GF(csx1, 6434-7915 (-1))
Index(['protein_id', 'start', 'end', 'effector', 'locus', 'sample', 'strand',
       'sequence'],
      dtype='object')
[GF(None, 2610-3846 (-1)), GF(CRISPR system precrRNA processing endoribonuclease RAMP protein Cas6, 3999-4995 (-1)), GF(None, 5008-6424 (-1)), GF(None, 6433-7915 (-1)), GF(None, 7973-8912 (-1)), GF(type III-A CRISPR-associated RAMP protein Csm3, 8917-9598 (-1)), GF(type III-A CRISPR-associated protein Csm2, 9609-10059 (-1)), GF(type III-A CRISPR-associated protein Cas10/Csm1, 10055-12332 (-1)), GF(o-succinylbenzoate synthase, 13121-14228 (-1)), GF(NADPH-dependent FMN reductase, 14243-14783 (-1)), GF(None, 15061-15271 (1)), GF(Cas6, 4000-4995 (-1)), GF(CorA, 5009-6424 (-1)), GF(Csx1, 6434-7915 (-1)), GF(Csm4gr5, 7974-8912 (-1)), GF(Csm3gr7, 8918-9598 (-1)), GF(Csm2gr11, 9610-10059 (-1)), GF(Cas10, 10056-12332 (-1)), GF(cora, 5009-6424 (-1)), GF(csx1, 6434-7915 (-1)), GF(CRISPR-Cas locus, 4000-12332 (0))]
