Cas operons file:    Unnamed: 0       Contig  ...           locus_id           sample
0           2  NC_019753.1  ...  GCF_000317495.1_2  GCF_000317495.1

[1 rows x 19 columns]
The chosen contig: NC_019753.1
type: CDS
location: [657899:659034](-)
id: cds-CRI9333_RS02775
qualifiers:
    Key: ID, Value: ['cds-CRI9333_RS02775']
    Key: Note, Value: ['frameshifted']
    Key: Ontology_term, Value: ['GO:0004803']
    Key: Parent, Value: ['gene-CRI9333_RS02775']
    Key: gbkey, Value: ['CDS']
    Key: go_function, Value: ['transposase activity|0004803||IEA']
    Key: inference, Value: ['COORDINATES: similar to AA sequence:RefSeq:WP_012599651.1']
    Key: locus_tag, Value: ['CRI9333_RS02775']
    Key: phase, Value: ['0']
    Key: product, Value: ['ISAs1 family transposase']
    Key: pseudo, Value: ['true']
    Key: source, Value: ['Protein Homology']
    Key: transl_table, Value: ['11']

GF(ISAs1 family transposase, 1041-2176 (-1))
type: CDS
location: [659668:659836](-)
id: cds-WP_157462253.1
qualifiers:
    Key: Dbxref, Value: ['GenBank:WP_157462253.1']
    Key: ID, Value: ['cds-WP_157462253.1']
    Key: Name, Value: ['WP_157462253.1']
    Key: Parent, Value: ['gene-CRI9333_RS26480']
    Key: gbkey, Value: ['CDS']
    Key: inference, Value: ['COORDINATES: ab initio prediction:GeneMarkS-2+']
    Key: locus_tag, Value: ['CRI9333_RS26480']
    Key: phase, Value: ['0']
    Key: product, Value: ['hypothetical protein']
    Key: protein_id, Value: ['WP_157462253.1']
    Key: source, Value: ['GeneMarkS-2+']
    Key: transl_table, Value: ['11']

GF(None, 2810-2978 (-1))
type: CDS
location: [659834:660161](+)
id: cds-WP_051035335.1
qualifiers:
    Key: Dbxref, Value: ['GenBank:WP_051035335.1']
    Key: ID, Value: ['cds-WP_051035335.1']
    Key: Name, Value: ['WP_051035335.1']
    Key: Parent, Value: ['gene-CRI9333_RS02780']
    Key: gbkey, Value: ['CDS']
    Key: inference, Value: ['COORDINATES: ab initio prediction:GeneMarkS-2+']
    Key: locus_tag, Value: ['CRI9333_RS02780']
    Key: phase, Value: ['0']
    Key: product, Value: ['hypothetical protein']
    Key: protein_id, Value: ['WP_051035335.1']
    Key: source, Value: ['GeneMarkS-2+']
    Key: transl_table, Value: ['11']

GF(None, 2976-3303 (1))
type: CDS
location: [660857:662537](+)
id: cds-WP_015201659.1
qualifiers:
    Key: Dbxref, Value: ['GenBank:WP_015201659.1']
    Key: ID, Value: ['cds-WP_015201659.1']
    Key: Name, Value: ['WP_015201659.1']
    Key: Parent, Value: ['gene-CRI9333_RS02790']
    Key: gbkey, Value: ['CDS']
    Key: inference, Value: ['COORDINATES: similar to AA sequence:RefSeq:WP_017307771.1']
    Key: locus_tag, Value: ['CRI9333_RS02790']
    Key: phase, Value: ['0']
    Key: product, Value: ['hypothetical protein']
    Key: protein_id, Value: ['WP_015201659.1']
    Key: source, Value: ['Protein Homology']
    Key: transl_table, Value: ['11']

GF(None, 3999-5679 (1))
type: CDS
location: [662546:664913](+)
id: cds-WP_015201660.1
qualifiers:
    Key: Dbxref, Value: ['GenBank:WP_015201660.1']
    Key: ID, Value: ['cds-WP_015201660.1']
    Key: Name, Value: ['WP_015201660.1']
    Key: Parent, Value: ['gene-CRI9333_RS02795']
    Key: gbkey, Value: ['CDS']
    Key: inference, Value: ['COORDINATES: similar to AA sequence:RefSeq:WP_006670441.1']
    Key: locus_tag, Value: ['CRI9333_RS02795']
    Key: phase, Value: ['0']
    Key: product, Value: ['RAMP superfamily CRISPR-associated protein']
    Key: protein_id, Value: ['WP_015201660.1']
    Key: source, Value: ['Protein Homology']
    Key: transl_table, Value: ['11']

GF(RAMP superfamily CRISPR-associated protein, 5688-8055 (1))
type: CDS
location: [664920:666450](+)
id: cds-WP_015201661.1
qualifiers:
    Key: Dbxref, Value: ['GenBank:WP_015201661.1']
    Key: ID, Value: ['cds-WP_015201661.1']
    Key: Name, Value: ['WP_015201661.1']
    Key: Parent, Value: ['gene-CRI9333_RS02800']
    Key: gbkey, Value: ['CDS']
    Key: inference, Value: ['COORDINATES: similar to AA sequence:RefSeq:WP_006616732.1']
    Key: locus_tag, Value: ['CRI9333_RS02800']
    Key: phase, Value: ['0']
    Key: product, Value: ['RAMP superfamily CRISPR-associated protein']
    Key: protein_id, Value: ['WP_015201661.1']
    Key: source, Value: ['Protein Homology']
    Key: transl_table, Value: ['11']

GF(RAMP superfamily CRISPR-associated protein, 8062-9592 (1))
type: CDS
location: [666442:667027](+)
id: cds-WP_015201662.1
qualifiers:
    Key: Dbxref, Value: ['GenBank:WP_015201662.1']
    Key: ID, Value: ['cds-WP_015201662.1']
    Key: Name, Value: ['WP_015201662.1']
    Key: Parent, Value: ['gene-CRI9333_RS02805']
    Key: gbkey, Value: ['CDS']
    Key: gene, Value: ['csx19']
    Key: inference, Value: ['COORDINATES: protein motif:HMM:TIGR03984.2']
    Key: locus_tag, Value: ['CRI9333_RS02805']
    Key: phase, Value: ['0']
    Key: product, Value: ['CRISPR-associated protein Csx19']
    Key: protein_id, Value: ['WP_015201662.1']
    Key: source, Value: ['Protein Homology']
    Key: transl_table, Value: ['11']

GF(CRISPR-associated protein Csx19, 9584-10169 (1))
type: CDS
location: [667026:669369](+)
id: cds-WP_015201663.1
qualifiers:
    Key: Dbxref, Value: ['GenBank:WP_015201663.1']
    Key: ID, Value: ['cds-WP_015201663.1']
    Key: Name, Value: ['WP_015201663.1']
    Key: Parent, Value: ['gene-CRI9333_RS02810']
    Key: gbkey, Value: ['CDS']
    Key: inference, Value: ['COORDINATES: similar to AA sequence:RefSeq:WP_017306838.1']
    Key: locus_tag, Value: ['CRI9333_RS02810']
    Key: phase, Value: ['0']
    Key: product, Value: ['TIGR03986 family CRISPR-associated RAMP protein']
    Key: protein_id, Value: ['WP_015201663.1']
    Key: source, Value: ['Protein Homology']
    Key: transl_table, Value: ['11']

GF(TIGR03986 family CRISPR-associated RAMP protein, 10168-12511 (1))
type: CDS
location: [672071:673214](-)
id: cds-WP_015201664.1
qualifiers:
    Key: Dbxref, Value: ['GenBank:WP_015201664.1']
    Key: ID, Value: ['cds-WP_015201664.1']
    Key: Name, Value: ['WP_015201664.1']
    Key: Parent, Value: ['gene-CRI9333_RS02815']
    Key: gbkey, Value: ['CDS']
    Key: inference, Value: ['COORDINATES: similar to AA sequence:RefSeq:WP_006616887.1']
    Key: locus_tag, Value: ['CRI9333_RS02815']
    Key: phase, Value: ['0']
    Key: product, Value: ['CRISPR-associated protein']
    Key: protein_id, Value: ['WP_015201664.1']
    Key: source, Value: ['Protein Homology']
    Key: transl_table, Value: ['11']

GF(CRISPR-associated protein, 15213-16356 (-1))
type: CDS
location: [673232:674420](-)
id: cds-WP_015201665.1
qualifiers:
    Key: Dbxref, Value: ['GenBank:WP_015201665.1']
    Key: ID, Value: ['cds-WP_015201665.1']
    Key: Name, Value: ['WP_015201665.1']
    Key: Ontology_term, Value: ['GO:0043571', 'GO:0004521']
    Key: Parent, Value: ['gene-CRI9333_RS02820']
    Key: gbkey, Value: ['CDS']
    Key: gene, Value: ['cas6']
    Key: go_function, Value: ['RNA endonuclease activity|0004521||IEA']
    Key: go_process, Value: ['maintenance of CRISPR repeat elements|0043571||IEA']
    Key: inference, Value: ['COORDINATES: similar to AA sequence:RefSeq:WP_015211374.1']
    Key: locus_tag, Value: ['CRI9333_RS02820']
    Key: phase, Value: ['0']
    Key: product, Value: ['CRISPR-associated endoribonuclease Cas6']
    Key: protein_id, Value: ['WP_015201665.1']
    Key: source, Value: ['Protein Homology']
    Key: transl_table, Value: ['11']

GF(CRISPR-associated endoribonuclease Cas6, 16374-17562 (-1))
type: CDS
location: [675374:675920](+)
id: cds-WP_041225888.1
qualifiers:
    Key: Dbxref, Value: ['GenBank:WP_041225888.1']
    Key: ID, Value: ['cds-WP_041225888.1']
    Key: Name, Value: ['WP_041225888.1']
    Key: Parent, Value: ['gene-CRI9333_RS02830']
    Key: gbkey, Value: ['CDS']
    Key: inference, Value: ['COORDINATES: ab initio prediction:GeneMarkS-2+']
    Key: locus_tag, Value: ['CRI9333_RS02830']
    Key: phase, Value: ['0']
    Key: product, Value: ['hypothetical protein']
    Key: protein_id, Value: ['WP_041225888.1']
    Key: source, Value: ['GeneMarkS-2+']
    Key: transl_table, Value: ['11']

GF(None, 18516-19062 (1))
type: CDS
location: [676207:677257](-)
id: cds-WP_015201667.1
qualifiers:
    Key: Dbxref, Value: ['GenBank:WP_015201667.1']
    Key: ID, Value: ['cds-WP_015201667.1']
    Key: Name, Value: ['WP_015201667.1']
    Key: Parent, Value: ['gene-CRI9333_RS24670']
    Key: gbkey, Value: ['CDS']
    Key: inference, Value: ['COORDINATES: protein motif:HMM:NF013227.3']
    Key: locus_tag, Value: ['CRI9333_RS24670']
    Key: phase, Value: ['0']
    Key: product, Value: ['DegT/DnrJ/EryC1/StrS family aminotransferase']
    Key: protein_id, Value: ['WP_015201667.1']
    Key: source, Value: ['Protein Homology']
    Key: transl_table, Value: ['11']

GF(DegT/DnrJ/EryC1/StrS family aminotransferase, 19349-20399 (-1))
type: repeat_region
location: [657330:657509](+)
id: NC_019753.1_2
qualifiers:
    Key: Dbxref, Value: ['SO:0001459']
    Key: ID, Value: ['NC_019753.1_2']
    Key: Note, Value: ['CTTCCACTAACCATTTCCCCGTAAGGGGACGGAAAC']
    Key: Ontology_term, Value: ['CRISPR']
    Key: score, Value: ['179']
    Key: source, Value: ['CCTyper']

GF(Repeat region, 472-651 (0))
type: repeat_region
location: [669541:671689](+)
id: NC_019753.1_3
qualifiers:
    Key: Dbxref, Value: ['SO:0001459']
    Key: ID, Value: ['NC_019753.1_3']
    Key: Note, Value: ['GTTTCCGTCCCCTTGCGGGGAAAGTGGATTCGAGAC']
    Key: Ontology_term, Value: ['CRISPR']
    Key: score, Value: ['2148']
    Key: source, Value: ['CCTyper']

GF(Repeat region, 12683-14831 (0))
graphic feature from cctyper protein table: GF(Cas10, 4000-5679 (1))
graphic feature from cctyper protein table: GF(Csm3gr7, 8063-9592 (1))
graphic feature from cctyper protein table: GF(Csx19, 9585-10169 (1))
graphic feature from cctyper protein table: GF(Csm3gr7, 10169-12511 (1))
graphic feature from cctyper protein table: GF(Csm6, 15214-16356 (-1))
graphic feature from cctyper protein table: GF(Cas6, 16375-17562 (-1))
Index(['protein_id', 'start', 'end', 'effector', 'locus', 'sample', 'strand',
       'sequence', 'type'],
      dtype='object')
graphic feature from known effectors: GF(cami1, 15214-16356 (-1))
Index(['protein_id', 'start', 'end', 'effector', 'locus', 'sample', 'strand',
       'sequence'],
      dtype='object')
[GF(ISAs1 family transposase, 1041-2176 (-1)), GF(None, 2810-2978 (-1)), GF(None, 2976-3303 (1)), GF(None, 3999-5679 (1)), GF(RAMP superfamily CRISPR-associated protein, 5688-8055 (1)), GF(RAMP superfamily CRISPR-associated protein, 8062-9592 (1)), GF(CRISPR-associated protein Csx19, 9584-10169 (1)), GF(TIGR03986 family CRISPR-associated RAMP protein, 10168-12511 (1)), GF(CRISPR-associated protein, 15213-16356 (-1)), GF(CRISPR-associated endoribonuclease Cas6, 16374-17562 (-1)), GF(None, 18516-19062 (1)), GF(DegT/DnrJ/EryC1/StrS family aminotransferase, 19349-20399 (-1)), GF(Repeat region, 472-651 (0)), GF(Repeat region, 12683-14831 (0)), GF(Cas10, 4000-5679 (1)), GF(Csm3gr7, 8063-9592 (1)), GF(Csx19, 9585-10169 (1)), GF(Csm3gr7, 10169-12511 (1)), GF(Csm6, 15214-16356 (-1)), GF(Cas6, 16375-17562 (-1)), GF(cami1, 15214-16356 (-1)), GF(CRISPR-Cas locus, 4000-17562 (0))]
