Cas operons file:    Unnamed: 0         Contig  ...           locus_id           sample
0           1  NZ_AP022557.1  ...  GCF_011405175.1_1  GCF_011405175.1

[1 rows x 19 columns]
The chosen contig: NZ_AP022557.1
type: CDS
location: [1241952:1242459](-)
id: cds-WP_033843700.1
qualifiers:
    Key: Dbxref, Value: ['GenBank:WP_033843700.1']
    Key: ID, Value: ['cds-WP_033843700.1']
    Key: Name, Value: ['WP_033843700.1']
    Key: Parent, Value: ['gene-GsuE55_RS19760']
    Key: gbkey, Value: ['CDS']
    Key: inference, Value: ['COORDINATES: ab initio prediction:GeneMarkS-2+']
    Key: locus_tag, Value: ['GsuE55_RS19760']
    Key: phase, Value: ['0']
    Key: product, Value: ['hypothetical protein']
    Key: protein_id, Value: ['WP_033843700.1']
    Key: source, Value: ['GeneMarkS-2+']
    Key: transl_table, Value: ['11']

GF(None, 427-934 (-1))
type: CDS
location: [1242960:1243527](-)
id: cds-WP_033843696.1
qualifiers:
    Key: Dbxref, Value: ['GenBank:WP_033843696.1']
    Key: ID, Value: ['cds-WP_033843696.1']
    Key: Name, Value: ['WP_033843696.1']
    Key: Ontology_term, Value: ['GO:0008652', 'GO:0009073', 'GO:0000287', 'GO:0004765', 'GO:0005524']
    Key: Parent, Value: ['gene-GsuE55_RS06135']
    Key: gbkey, Value: ['CDS']
    Key: go_function, Value: ['magnesium ion binding|0000287||IEA', 'shikimate kinase activity|0004765||IEA', 'ATP binding|0005524||IEA']
    Key: go_process, Value: ['amino acid biosynthetic process|0008652||IEA', 'aromatic amino acid family biosynthetic process|0009073||IEA']
    Key: inference, Value: ['COORDINATES: similar to AA sequence:RefSeq:WP_008880590.1']
    Key: locus_tag, Value: ['GsuE55_RS06135']
    Key: phase, Value: ['0']
    Key: product, Value: ['shikimate kinase']
    Key: protein_id, Value: ['WP_033843696.1']
    Key: source, Value: ['Protein Homology']
    Key: transl_table, Value: ['11']

GF(shikimate kinase, 1435-2002 (-1))
type: CDS
location: [1243587:1244361](-)
id: cds-WP_033843695.1
qualifiers:
    Key: Dbxref, Value: ['GenBank:WP_033843695.1']
    Key: ID, Value: ['cds-WP_033843695.1']
    Key: Name, Value: ['WP_033843695.1']
    Key: Ontology_term, Value: ['GO:0009423', 'GO:0003855']
    Key: Parent, Value: ['gene-GsuE55_RS06140']
    Key: gbkey, Value: ['CDS']
    Key: gene, Value: ['aroD']
    Key: go_function, Value: ['3-dehydroquinate dehydratase activity|0003855||IEA']
    Key: go_process, Value: ['chorismate biosynthetic process|0009423||IEA']
    Key: inference, Value: ['COORDINATES: similar to AA sequence:RefSeq:WP_008880587.1']
    Key: locus_tag, Value: ['GsuE55_RS06140']
    Key: phase, Value: ['0']
    Key: product, Value: ['type I 3-dehydroquinate dehydratase']
    Key: protein_id, Value: ['WP_033843695.1']
    Key: source, Value: ['Protein Homology']
    Key: transl_table, Value: ['11']

GF(type I 3-dehydroquinate dehydratase, 2062-2836 (-1))
type: CDS
location: [1245524:1246403](-)
id: cds-WP_033843694.1
qualifiers:
    Key: Dbxref, Value: ['GenBank:WP_033843694.1']
    Key: ID, Value: ['cds-WP_033843694.1']
    Key: Name, Value: ['WP_033843694.1']
    Key: Ontology_term, Value: ['GO:0043571', 'GO:0003674']
    Key: Parent, Value: ['gene-GsuE55_RS06145']
    Key: gbkey, Value: ['CDS']
    Key: gene, Value: ['cmr6']
    Key: go_function, Value: ['molecular_function|0003674||IEA']
    Key: go_process, Value: ['maintenance of CRISPR repeat elements|0043571||IEA']
    Key: inference, Value: ['COORDINATES: protein motif:HMM:TIGR01898.1']
    Key: locus_tag, Value: ['GsuE55_RS06145']
    Key: phase, Value: ['0']
    Key: product, Value: ['type III-B CRISPR module RAMP protein Cmr6']
    Key: protein_id, Value: ['WP_033843694.1']
    Key: source, Value: ['Protein Homology']
    Key: transl_table, Value: ['11']

GF(type III-B CRISPR module RAMP protein Cmr6, 3999-4878 (-1))
type: CDS
location: [1246383:1246881](-)
id: cds-WP_033843692.1
qualifiers:
    Key: Dbxref, Value: ['GenBank:WP_033843692.1']
    Key: ID, Value: ['cds-WP_033843692.1']
    Key: Name, Value: ['WP_033843692.1']
    Key: Ontology_term, Value: ['GO:0043571', 'GO:0003674']
    Key: Parent, Value: ['gene-GsuE55_RS06150']
    Key: gbkey, Value: ['CDS']
    Key: gene, Value: ['cmr5']
    Key: go_function, Value: ['molecular_function|0003674||IEA']
    Key: go_process, Value: ['maintenance of CRISPR repeat elements|0043571||IEA']
    Key: inference, Value: ['COORDINATES: protein motif:HMM:TIGR01881.1']
    Key: locus_tag, Value: ['GsuE55_RS06150']
    Key: phase, Value: ['0']
    Key: product, Value: ['type III-B CRISPR module-associated protein Cmr5']
    Key: protein_id, Value: ['WP_033843692.1']
    Key: source, Value: ['Protein Homology']
    Key: transl_table, Value: ['11']

GF(type III-B CRISPR module-associated protein Cmr5, 4858-5356 (-1))
type: CDS
location: [1246904:1247894](-)
id: cds-WP_033843691.1
qualifiers:
    Key: Dbxref, Value: ['GenBank:WP_033843691.1']
    Key: ID, Value: ['cds-WP_033843691.1']
    Key: Name, Value: ['WP_033843691.1']
    Key: Ontology_term, Value: ['GO:0043571', 'GO:0003674']
    Key: Parent, Value: ['gene-GsuE55_RS06155']
    Key: gbkey, Value: ['CDS']
    Key: gene, Value: ['cmr4']
    Key: go_function, Value: ['molecular_function|0003674||IEA']
    Key: go_process, Value: ['maintenance of CRISPR repeat elements|0043571||IEA']
    Key: inference, Value: ['COORDINATES: protein motif:HMM:TIGR02580.1']
    Key: locus_tag, Value: ['GsuE55_RS06155']
    Key: phase, Value: ['0']
    Key: product, Value: ['type III-B CRISPR module RAMP protein Cmr4']
    Key: protein_id, Value: ['WP_033843691.1']
    Key: source, Value: ['Protein Homology']
    Key: transl_table, Value: ['11']

GF(type III-B CRISPR module RAMP protein Cmr4, 5379-6369 (-1))
type: CDS
location: [1247915:1248914](-)
id: cds-WP_033843690.1
qualifiers:
    Key: Dbxref, Value: ['GenBank:WP_033843690.1']
    Key: ID, Value: ['cds-WP_033843690.1']
    Key: Name, Value: ['WP_033843690.1']
    Key: Parent, Value: ['gene-GsuE55_RS06160']
    Key: gbkey, Value: ['CDS']
    Key: inference, Value: ['COORDINATES: protein motif:HMM:NF021189.2']
    Key: locus_tag, Value: ['GsuE55_RS06160']
    Key: phase, Value: ['0']
    Key: product, Value: ['hypothetical protein']
    Key: protein_id, Value: ['WP_033843690.1']
    Key: source, Value: ['Protein Homology']
    Key: transl_table, Value: ['11']

GF(None, 6390-7389 (-1))
type: CDS
location: [1248929:1249184](-)
id: cds-WP_033843688.1
qualifiers:
    Key: Dbxref, Value: ['GenBank:WP_033843688.1']
    Key: ID, Value: ['cds-WP_033843688.1']
    Key: Name, Value: ['WP_033843688.1']
    Key: Parent, Value: ['gene-GsuE55_RS06165']
    Key: gbkey, Value: ['CDS']
    Key: inference, Value: ['COORDINATES: ab initio prediction:GeneMarkS-2+']
    Key: locus_tag, Value: ['GsuE55_RS06165']
    Key: phase, Value: ['0']
    Key: product, Value: ['hypothetical protein']
    Key: protein_id, Value: ['WP_033843688.1']
    Key: source, Value: ['GeneMarkS-2+']
    Key: transl_table, Value: ['11']

GF(None, 7404-7659 (-1))
type: CDS
location: [1249394:1250564](-)
id: cds-WP_033843687.1
qualifiers:
    Key: Dbxref, Value: ['GenBank:WP_033843687.1']
    Key: ID, Value: ['cds-WP_033843687.1']
    Key: Name, Value: ['WP_033843687.1']
    Key: Ontology_term, Value: ['GO:0043571', 'GO:0003674', 'GO:0005575']
    Key: Parent, Value: ['gene-GsuE55_RS06170']
    Key: gbkey, Value: ['CDS']
    Key: gene, Value: ['cmr3']
    Key: go_component, Value: ['cellular_component|0005575||IEA']
    Key: go_function, Value: ['molecular_function|0003674||IEA']
    Key: go_process, Value: ['maintenance of CRISPR repeat elements|0043571||IEA']
    Key: inference, Value: ['COORDINATES: protein motif:HMM:TIGR01888.1']
    Key: locus_tag, Value: ['GsuE55_RS06170']
    Key: phase, Value: ['0']
    Key: product, Value: ['type III-B CRISPR module-associated protein Cmr3']
    Key: protein_id, Value: ['WP_033843687.1']
    Key: source, Value: ['Protein Homology']
    Key: transl_table, Value: ['11']

GF(type III-B CRISPR module-associated protein Cmr3, 7869-9039 (-1))
type: CDS
location: [1250560:1252357](-)
id: cds-WP_033843686.1
qualifiers:
    Key: Dbxref, Value: ['GenBank:WP_033843686.1']
    Key: ID, Value: ['cds-WP_033843686.1']
    Key: Name, Value: ['WP_033843686.1']
    Key: Ontology_term, Value: ['GO:0043571', 'GO:0003674']
    Key: Parent, Value: ['gene-GsuE55_RS06175']
    Key: gbkey, Value: ['CDS']
    Key: gene, Value: ['cas10']
    Key: go_function, Value: ['molecular_function|0003674||IEA']
    Key: go_process, Value: ['maintenance of CRISPR repeat elements|0043571||IEA']
    Key: inference, Value: ['COORDINATES: protein motif:HMM:TIGR02577.1']
    Key: locus_tag, Value: ['GsuE55_RS06175']
    Key: phase, Value: ['0']
    Key: product, Value: ['type III-B CRISPR-associated protein Cas10/Cmr2']
    Key: protein_id, Value: ['WP_033843686.1']
    Key: source, Value: ['Protein Homology']
    Key: transl_table, Value: ['11']

GF(type III-B CRISPR-associated protein Cas10/Cmr2, 9035-10832 (-1))
type: CDS
location: [1252353:1253256](-)
id: cds-WP_033843685.1
qualifiers:
    Key: Dbxref, Value: ['GenBank:WP_033843685.1']
    Key: ID, Value: ['cds-WP_033843685.1']
    Key: Name, Value: ['WP_033843685.1']
    Key: Ontology_term, Value: ['GO:0043571', 'GO:0003674']
    Key: Parent, Value: ['gene-GsuE55_RS06180']
    Key: gbkey, Value: ['CDS']
    Key: gene, Value: ['cmr1']
    Key: go_function, Value: ['molecular_function|0003674||IEA']
    Key: go_process, Value: ['maintenance of CRISPR repeat elements|0043571||IEA']
    Key: inference, Value: ['COORDINATES: protein motif:HMM:TIGR01894.1']
    Key: locus_tag, Value: ['GsuE55_RS06180']
    Key: phase, Value: ['0']
    Key: product, Value: ['type III-B CRISPR module RAMP protein Cmr1']
    Key: protein_id, Value: ['WP_033843685.1']
    Key: source, Value: ['Protein Homology']
    Key: transl_table, Value: ['11']

GF(type III-B CRISPR module RAMP protein Cmr1, 10828-11731 (-1))
type: CDS
location: [1253242:1254568](-)
id: cds-WP_033843684.1
qualifiers:
    Key: Dbxref, Value: ['GenBank:WP_033843684.1']
    Key: ID, Value: ['cds-WP_033843684.1']
    Key: Name, Value: ['WP_033843684.1']
    Key: Ontology_term, Value: ['GO:0043571', 'GO:0003674']
    Key: Parent, Value: ['gene-GsuE55_RS06185']
    Key: gbkey, Value: ['CDS']
    Key: gene, Value: ['csx2']
    Key: go_function, Value: ['molecular_function|0003674||IEA']
    Key: go_process, Value: ['maintenance of CRISPR repeat elements|0043571||IEA']
    Key: inference, Value: ['COORDINATES: protein motif:HMM:NF021006.2']
    Key: locus_tag, Value: ['GsuE55_RS06185']
    Key: phase, Value: ['0']
    Key: product, Value: ['TIGR02221 family CRISPR-associated protein']
    Key: protein_id, Value: ['WP_033843684.1']
    Key: source, Value: ['Protein Homology']
    Key: transl_table, Value: ['11']

GF(TIGR02221 family CRISPR-associated protein, 11717-13043 (-1))
type: CDS
location: [1255917:1256778](-)
id: cds-WP_033843683.1
qualifiers:
    Key: Dbxref, Value: ['GenBank:WP_033843683.1']
    Key: ID, Value: ['cds-WP_033843683.1']
    Key: Name, Value: ['WP_033843683.1']
    Key: Ontology_term, Value: ['GO:0016787']
    Key: Parent, Value: ['gene-GsuE55_RS06190']
    Key: gbkey, Value: ['CDS']
    Key: go_function, Value: ['hydrolase activity|0016787||IEA']
    Key: inference, Value: ['COORDINATES: similar to AA sequence:RefSeq:WP_014196110.1']
    Key: locus_tag, Value: ['GsuE55_RS06190']
    Key: phase, Value: ['0']
    Key: product, Value: ['Cof-type HAD-IIB family hydrolase']
    Key: protein_id, Value: ['WP_033843683.1']
    Key: source, Value: ['Protein Homology']
    Key: transl_table, Value: ['11']

GF(Cof-type HAD-IIB family hydrolase, 14392-15253 (-1))
type: CDS
location: [1257099:1257513](+)
id: cds-WP_031408908.1
qualifiers:
    Key: Dbxref, Value: ['GenBank:WP_031408908.1']
    Key: ID, Value: ['cds-WP_031408908.1']
    Key: Name, Value: ['WP_031408908.1']
    Key: Parent, Value: ['gene-GsuE55_RS06195']
    Key: gbkey, Value: ['CDS']
    Key: inference, Value: ['COORDINATES: similar to AA sequence:RefSeq:WP_009223118.1']
    Key: locus_tag, Value: ['GsuE55_RS06195']
    Key: phase, Value: ['0']
    Key: product, Value: ['EamA family transporter']
    Key: protein_id, Value: ['WP_031408908.1']
    Key: source, Value: ['Protein Homology']
    Key: transl_table, Value: ['11']

GF(EamA family transporter, 15574-15988 (1))
graphic feature from known effectors: GF(csx1, 11718-13043 (-1))
graphic feature from known effectors: GF(cami1, 6391-7389 (-1))
[GF(None, 427-934 (-1)), GF(shikimate kinase, 1435-2002 (-1)), GF(type I 3-dehydroquinate dehydratase, 2062-2836 (-1)), GF(type III-B CRISPR module RAMP protein Cmr6, 3999-4878 (-1)), GF(type III-B CRISPR module-associated protein Cmr5, 4858-5356 (-1)), GF(type III-B CRISPR module RAMP protein Cmr4, 5379-6369 (-1)), GF(None, 6390-7389 (-1)), GF(None, 7404-7659 (-1)), GF(type III-B CRISPR module-associated protein Cmr3, 7869-9039 (-1)), GF(type III-B CRISPR-associated protein Cas10/Cmr2, 9035-10832 (-1)), GF(type III-B CRISPR module RAMP protein Cmr1, 10828-11731 (-1)), GF(TIGR02221 family CRISPR-associated protein, 11717-13043 (-1)), GF(Cof-type HAD-IIB family hydrolase, 14392-15253 (-1)), GF(EamA family transporter, 15574-15988 (1)), GF(csx1, 11718-13043 (-1)), GF(cami1, 6391-7389 (-1)), GF(CRISPR-Cas locus, 4000-13043 (0))]
