Cas operons file:    Unnamed: 0       Contig  ...           locus_id           sample
0           0  NC_017464.1  ...  GCF_000258405.1_0  GCF_000258405.1

[1 rows x 19 columns]
The chosen contig: NC_017464.1
type: CDS
location: [1356602:1357481](+)
id: cds-WP_014560054.1
qualifiers:
    Key: Dbxref, Value: ['GenBank:WP_014560054.1']
    Key: ID, Value: ['cds-WP_014560054.1']
    Key: Name, Value: ['WP_014560054.1']
    Key: Ontology_term, Value: ['GO:0042626', 'GO:0140359']
    Key: Parent, Value: ['gene-IALB_RS05910']
    Key: gbkey, Value: ['CDS']
    Key: go_function, Value: ['ATPase-coupled transmembrane transporter activity|0042626||IEA', 'ABC-type transporter activity|0140359||IEA']
    Key: inference, Value: ['COORDINATES: protein motif:HMM:NF012738.4']
    Key: locus_tag, Value: ['IALB_RS05910']
    Key: phase, Value: ['0']
    Key: product, Value: ['sugar ABC transporter permease']
    Key: protein_id, Value: ['WP_014560054.1']
    Key: source, Value: ['Protein Homology']
    Key: transl_table, Value: ['11']

GF(sugar ABC transporter permease, 403-1282 (1))
type: CDS
location: [1357485:1358295](+)
id: cds-WP_014560055.1
qualifiers:
    Key: Dbxref, Value: ['GenBank:WP_014560055.1']
    Key: ID, Value: ['cds-WP_014560055.1']
    Key: Name, Value: ['WP_014560055.1']
    Key: Ontology_term, Value: ['GO:0008643', 'GO:0055085']
    Key: Parent, Value: ['gene-IALB_RS05915']
    Key: gbkey, Value: ['CDS']
    Key: go_process, Value: ['carbohydrate transport|0008643||IEA', 'transmembrane transport|0055085||IEA']
    Key: inference, Value: ['COORDINATES: protein motif:HMM:NF012738.4']
    Key: locus_tag, Value: ['IALB_RS05915']
    Key: phase, Value: ['0']
    Key: product, Value: ['carbohydrate ABC transporter permease']
    Key: protein_id, Value: ['WP_014560055.1']
    Key: source, Value: ['Protein Homology']
    Key: transl_table, Value: ['11']

GF(carbohydrate ABC transporter permease, 1286-2096 (1))
type: CDS
location: [1358291:1360190](+)
id: cds-WP_014560056.1
qualifiers:
    Key: Dbxref, Value: ['GenBank:WP_014560056.1']
    Key: ID, Value: ['cds-WP_014560056.1']
    Key: Name, Value: ['WP_014560056.1']
    Key: Ontology_term, Value: ['GO:0003755']
    Key: Parent, Value: ['gene-IALB_RS05920']
    Key: gbkey, Value: ['CDS']
    Key: go_function, Value: ['peptidyl-prolyl cis-trans isomerase activity|0003755||IEA']
    Key: inference, Value: ['COORDINATES: protein motif:HMM:NF025002.4']
    Key: locus_tag, Value: ['IALB_RS05920']
    Key: phase, Value: ['0']
    Key: product, Value: ['peptidyl-prolyl cis-trans isomerase']
    Key: protein_id, Value: ['WP_014560056.1']
    Key: source, Value: ['Protein Homology']
    Key: transl_table, Value: ['11']

GF(peptidyl-prolyl cis-trans isomerase, 2092-3991 (1))
type: CDS
location: [1360198:1361308](+)
id: cds-WP_014560057.1
qualifiers:
    Key: Dbxref, Value: ['GenBank:WP_014560057.1']
    Key: ID, Value: ['cds-WP_014560057.1']
    Key: Name, Value: ['WP_014560057.1']
    Key: Ontology_term, Value: ['GO:0005524', 'GO:0140359']
    Key: Parent, Value: ['gene-IALB_RS05925']
    Key: gbkey, Value: ['CDS']
    Key: gene, Value: ['ugpC']
    Key: go_function, Value: ['ATP binding|0005524||IEA', 'ABC-type transporter activity|0140359||IEA']
    Key: inference, Value: ['COORDINATES: similar to AA sequence:RefSeq:WP_016292962.1']
    Key: locus_tag, Value: ['IALB_RS05925']
    Key: phase, Value: ['0']
    Key: product, Value: ['sn-glycerol-3-phosphate ABC transporter ATP-binding protein UgpC']
    Key: protein_id, Value: ['WP_014560057.1']
    Key: source, Value: ['Protein Homology']
    Key: transl_table, Value: ['11']

GF(sn-glycerol-3-phosphate ABC transporter ATP-binding protein UgpC, 3999-5109 (1))
type: CDS
location: [1361702:1362494](+)
id: cds-WP_014560058.1
qualifiers:
    Key: Dbxref, Value: ['GenBank:WP_014560058.1']
    Key: ID, Value: ['cds-WP_014560058.1']
    Key: Name, Value: ['WP_014560058.1']
    Key: Ontology_term, Value: ['GO:0043571', 'GO:0004521']
    Key: Parent, Value: ['gene-IALB_RS05930']
    Key: gbkey, Value: ['CDS']
    Key: gene, Value: ['cas6']
    Key: go_function, Value: ['RNA endonuclease activity|0004521||IEA']
    Key: go_process, Value: ['maintenance of CRISPR repeat elements|0043571||IEA']
    Key: inference, Value: ['COORDINATES: protein motif:HMM:TIGR01877.1']
    Key: locus_tag, Value: ['IALB_RS05930']
    Key: phase, Value: ['0']
    Key: product, Value: ['CRISPR-associated endoribonuclease Cas6']
    Key: protein_id, Value: ['WP_014560058.1']
    Key: source, Value: ['Protein Homology']
    Key: transl_table, Value: ['11']

GF(CRISPR-associated endoribonuclease Cas6, 5503-6295 (1))
type: CDS
location: [1362615:1365162](+)
id: cds-WP_014560059.1
qualifiers:
    Key: Dbxref, Value: ['GenBank:WP_014560059.1']
    Key: ID, Value: ['cds-WP_014560059.1']
    Key: Name, Value: ['WP_014560059.1']
    Key: Ontology_term, Value: ['GO:0043571', 'GO:0003674']
    Key: Parent, Value: ['gene-IALB_RS05935']
    Key: gbkey, Value: ['CDS']
    Key: gene, Value: ['cas10']
    Key: go_function, Value: ['molecular_function|0003674||IEA']
    Key: go_process, Value: ['maintenance of CRISPR repeat elements|0043571||IEA']
    Key: inference, Value: ['COORDINATES: protein motif:HMM:TIGR02578.1']
    Key: locus_tag, Value: ['IALB_RS05935']
    Key: phase, Value: ['0']
    Key: product, Value: ['type III-A CRISPR-associated protein Cas10/Csm1']
    Key: protein_id, Value: ['WP_014560059.1']
    Key: source, Value: ['Protein Homology']
    Key: transl_table, Value: ['11']

GF(type III-A CRISPR-associated protein Cas10/Csm1, 6416-8963 (1))
type: CDS
location: [1365151:1365703](+)
id: cds-WP_014560060.1
qualifiers:
    Key: Dbxref, Value: ['GenBank:WP_014560060.1']
    Key: ID, Value: ['cds-WP_014560060.1']
    Key: Name, Value: ['WP_014560060.1']
    Key: Ontology_term, Value: ['GO:0043571', 'GO:0003674']
    Key: Parent, Value: ['gene-IALB_RS05940']
    Key: gbkey, Value: ['CDS']
    Key: gene, Value: ['csm2']
    Key: go_function, Value: ['molecular_function|0003674||IEA']
    Key: go_process, Value: ['maintenance of CRISPR repeat elements|0043571||IEA']
    Key: inference, Value: ['COORDINATES: protein motif:HMM:NF015695.4']
    Key: locus_tag, Value: ['IALB_RS05940']
    Key: phase, Value: ['0']
    Key: product, Value: ['type III-A CRISPR-associated protein Csm2']
    Key: protein_id, Value: ['WP_014560060.1']
    Key: source, Value: ['Protein Homology']
    Key: transl_table, Value: ['11']

GF(type III-A CRISPR-associated protein Csm2, 8952-9504 (1))
type: CDS
location: [1365704:1366547](+)
id: cds-WP_014560061.1
qualifiers:
    Key: Dbxref, Value: ['GenBank:WP_014560061.1']
    Key: ID, Value: ['cds-WP_014560061.1']
    Key: Name, Value: ['WP_014560061.1']
    Key: Ontology_term, Value: ['GO:0043571', 'GO:0003674']
    Key: Parent, Value: ['gene-IALB_RS05945']
    Key: gbkey, Value: ['CDS']
    Key: gene, Value: ['csm3']
    Key: go_function, Value: ['molecular_function|0003674||IEA']
    Key: go_process, Value: ['maintenance of CRISPR repeat elements|0043571||IEA']
    Key: inference, Value: ['COORDINATES: protein motif:HMM:TIGR02582.1']
    Key: locus_tag, Value: ['IALB_RS05945']
    Key: phase, Value: ['0']
    Key: product, Value: ['type III-A CRISPR-associated RAMP protein Csm3']
    Key: protein_id, Value: ['WP_014560061.1']
    Key: source, Value: ['Protein Homology']
    Key: transl_table, Value: ['11']

GF(type III-A CRISPR-associated RAMP protein Csm3, 9505-10348 (1))
type: CDS
location: [1366556:1367555](+)
id: cds-WP_014560062.1
qualifiers:
    Key: Dbxref, Value: ['GenBank:WP_014560062.1']
    Key: ID, Value: ['cds-WP_014560062.1']
    Key: Name, Value: ['WP_014560062.1']
    Key: Ontology_term, Value: ['GO:0043571', 'GO:0003674']
    Key: Parent, Value: ['gene-IALB_RS05950']
    Key: gbkey, Value: ['CDS']
    Key: gene, Value: ['csm4']
    Key: go_function, Value: ['molecular_function|0003674||IEA']
    Key: go_process, Value: ['maintenance of CRISPR repeat elements|0043571||IEA']
    Key: inference, Value: ['COORDINATES: protein motif:HMM:TIGR01903.1']
    Key: locus_tag, Value: ['IALB_RS05950']
    Key: phase, Value: ['0']
    Key: product, Value: ['type III-A CRISPR-associated RAMP protein Csm4']
    Key: protein_id, Value: ['WP_014560062.1']
    Key: source, Value: ['Protein Homology']
    Key: transl_table, Value: ['11']

GF(type III-A CRISPR-associated RAMP protein Csm4, 10357-11356 (1))
type: CDS
location: [1367544:1368813](+)
id: cds-WP_014560063.1
qualifiers:
    Key: Dbxref, Value: ['GenBank:WP_014560063.1']
    Key: ID, Value: ['cds-WP_014560063.1']
    Key: Name, Value: ['WP_014560063.1']
    Key: Ontology_term, Value: ['GO:0043571', 'GO:0003674']
    Key: Parent, Value: ['gene-IALB_RS05955']
    Key: gbkey, Value: ['CDS']
    Key: gene, Value: ['csm5']
    Key: go_function, Value: ['molecular_function|0003674||IEA']
    Key: go_process, Value: ['maintenance of CRISPR repeat elements|0043571||IEA']
    Key: inference, Value: ['COORDINATES: protein motif:HMM:NF015728.4']
    Key: locus_tag, Value: ['IALB_RS05955']
    Key: phase, Value: ['0']
    Key: product, Value: ['type III-A CRISPR-associated RAMP protein Csm5']
    Key: protein_id, Value: ['WP_014560063.1']
    Key: source, Value: ['Protein Homology']
    Key: transl_table, Value: ['11']

GF(type III-A CRISPR-associated RAMP protein Csm5, 11345-12614 (1))
type: CDS
location: [1368927:1369509](+)
id: cds-WP_014560064.1
qualifiers:
    Key: Dbxref, Value: ['GenBank:WP_014560064.1']
    Key: ID, Value: ['cds-WP_014560064.1']
    Key: Name, Value: ['WP_014560064.1']
    Key: Ontology_term, Value: ['GO:0006313', 'GO:0003677', 'GO:0004803']
    Key: Parent, Value: ['gene-IALB_RS05960']
    Key: gbkey, Value: ['CDS']
    Key: go_function, Value: ['DNA binding|0003677||IEA', 'transposase activity|0004803||IEA']
    Key: go_process, Value: ['DNA transposition|0006313||IEA']
    Key: inference, Value: ['COORDINATES: protein motif:HMM:NF013921.4']
    Key: locus_tag, Value: ['IALB_RS05960']
    Key: phase, Value: ['0']
    Key: product, Value: ['transposase']
    Key: protein_id, Value: ['WP_014560064.1']
    Key: source, Value: ['Protein Homology']
    Key: transl_table, Value: ['11']

GF(transposase, 12728-13310 (1))
type: CDS
location: [1369584:1370925](+)
id: cds-WP_014560065.1
qualifiers:
    Key: Dbxref, Value: ['GenBank:WP_014560065.1']
    Key: ID, Value: ['cds-WP_014560065.1']
    Key: Name, Value: ['WP_014560065.1']
    Key: Ontology_term, Value: ['GO:0043571', 'GO:0003674']
    Key: Parent, Value: ['gene-IALB_RS05965']
    Key: gbkey, Value: ['CDS']
    Key: gene, Value: ['csx2']
    Key: go_function, Value: ['molecular_function|0003674||IEA']
    Key: go_process, Value: ['maintenance of CRISPR repeat elements|0043571||IEA']
    Key: inference, Value: ['COORDINATES: protein motif:HMM:NF021006.4']
    Key: locus_tag, Value: ['IALB_RS05965']
    Key: phase, Value: ['0']
    Key: product, Value: ['TIGR02221 family CRISPR-associated protein']
    Key: protein_id, Value: ['WP_014560065.1']
    Key: source, Value: ['Protein Homology']
    Key: transl_table, Value: ['11']

GF(TIGR02221 family CRISPR-associated protein, 13385-14726 (1))
type: CDS
location: [1370890:1371256](+)
id: cds-WP_014560066.1
qualifiers:
    Key: Dbxref, Value: ['GenBank:WP_014560066.1']
    Key: ID, Value: ['cds-WP_014560066.1']
    Key: Name, Value: ['WP_014560066.1']
    Key: Parent, Value: ['gene-IALB_RS05970']
    Key: gbkey, Value: ['CDS']
    Key: inference, Value: ['COORDINATES: ab initio prediction:GeneMarkS-2+']
    Key: locus_tag, Value: ['IALB_RS05970']
    Key: phase, Value: ['0']
    Key: product, Value: ['hypothetical protein']
    Key: protein_id, Value: ['WP_014560066.1']
    Key: source, Value: ['GeneMarkS-2+']
    Key: transl_table, Value: ['11']

GF(None, 14691-15057 (1))
type: CDS
location: [1371316:1372306](+)
id: cds-WP_041294074.1
qualifiers:
    Key: Dbxref, Value: ['GenBank:WP_041294074.1']
    Key: ID, Value: ['cds-WP_041294074.1']
    Key: Name, Value: ['WP_041294074.1']
    Key: Parent, Value: ['gene-IALB_RS05975']
    Key: gbkey, Value: ['CDS']
    Key: inference, Value: ['COORDINATES: protein motif:HMM:NF020571.4']
    Key: locus_tag, Value: ['IALB_RS05975']
    Key: phase, Value: ['0']
    Key: product, Value: ['DUF1887 family CARF protein']
    Key: protein_id, Value: ['WP_041294074.1']
    Key: source, Value: ['Protein Homology']
    Key: transl_table, Value: ['11']

GF(DUF1887 family CARF protein, 15117-16107 (1))
type: CDS
location: [1372302:1373388](+)
id: cds-WP_014560068.1
qualifiers:
    Key: Dbxref, Value: ['GenBank:WP_014560068.1']
    Key: ID, Value: ['cds-WP_014560068.1']
    Key: Name, Value: ['WP_014560068.1']
    Key: Ontology_term, Value: ['GO:0043571', 'GO:0003674']
    Key: Parent, Value: ['gene-IALB_RS05980']
    Key: gbkey, Value: ['CDS']
    Key: gene, Value: ['csm6']
    Key: go_function, Value: ['molecular_function|0003674||IEA']
    Key: go_process, Value: ['maintenance of CRISPR repeat elements|0043571||IEA']
    Key: inference, Value: ['COORDINATES: protein motif:HMM:NF021162.4']
    Key: locus_tag, Value: ['IALB_RS05980']
    Key: phase, Value: ['0']
    Key: product, Value: ['CRISPR-associated ring nuclease Csm6']
    Key: protein_id, Value: ['WP_014560068.1']
    Key: source, Value: ['Protein Homology']
    Key: transl_table, Value: ['11']

GF(CRISPR-associated ring nuclease Csm6, 16103-17189 (1))
type: CDS
location: [1373614:1374202](+)
id: cds-WP_083832019.1
qualifiers:
    Key: Dbxref, Value: ['GenBank:WP_083832019.1']
    Key: ID, Value: ['cds-WP_083832019.1']
    Key: Name, Value: ['WP_083832019.1']
    Key: Ontology_term, Value: ['GO:0006313', 'GO:0003677', 'GO:0004803']
    Key: Parent, Value: ['gene-IALB_RS05985']
    Key: gbkey, Value: ['CDS']
    Key: go_function, Value: ['DNA binding|0003677||IEA', 'transposase activity|0004803||IEA']
    Key: go_process, Value: ['DNA transposition|0006313||IEA']
    Key: inference, Value: ['COORDINATES: protein motif:HMM:NF013921.4']
    Key: locus_tag, Value: ['IALB_RS05985']
    Key: phase, Value: ['0']
    Key: product, Value: ['transposase']
    Key: protein_id, Value: ['WP_083832019.1']
    Key: source, Value: ['Protein Homology']
    Key: transl_table, Value: ['11']

GF(transposase, 17415-18003 (1))
type: CDS
location: [1374880:1376077](+)
id: cds-WP_014560070.1
qualifiers:
    Key: Dbxref, Value: ['GenBank:WP_014560070.1']
    Key: ID, Value: ['cds-WP_014560070.1']
    Key: Name, Value: ['WP_014560070.1']
    Key: Parent, Value: ['gene-IALB_RS05990']
    Key: gbkey, Value: ['CDS']
    Key: inference, Value: ['COORDINATES: ab initio prediction:GeneMarkS-2+']
    Key: locus_tag, Value: ['IALB_RS05990']
    Key: phase, Value: ['0']
    Key: product, Value: ['hypothetical protein']
    Key: protein_id, Value: ['WP_014560070.1']
    Key: source, Value: ['GeneMarkS-2+']
    Key: transl_table, Value: ['11']

GF(None, 18681-19878 (1))
type: CDS
location: [1376078:1377017](+)
id: cds-WP_014560071.1
qualifiers:
    Key: Dbxref, Value: ['GenBank:WP_014560071.1']
    Key: ID, Value: ['cds-WP_014560071.1']
    Key: Name, Value: ['WP_014560071.1']
    Key: Parent, Value: ['gene-IALB_RS05995']
    Key: gbkey, Value: ['CDS']
    Key: inference, Value: ['COORDINATES: ab initio prediction:GeneMarkS-2+']
    Key: locus_tag, Value: ['IALB_RS05995']
    Key: phase, Value: ['0']
    Key: product, Value: ['hypothetical protein']
    Key: protein_id, Value: ['WP_014560071.1']
    Key: source, Value: ['GeneMarkS-2+']
    Key: transl_table, Value: ['11']

GF(None, 19879-20818 (1))
type: CDS
location: [1377019:1377184](+)
id: cds-WP_014560072.1
qualifiers:
    Key: Dbxref, Value: ['GenBank:WP_014560072.1']
    Key: ID, Value: ['cds-WP_014560072.1']
    Key: Name, Value: ['WP_014560072.1']
    Key: Parent, Value: ['gene-IALB_RS17160']
    Key: gbkey, Value: ['CDS']
    Key: inference, Value: ['COORDINATES: ab initio prediction:GeneMarkS-2+']
    Key: locus_tag, Value: ['IALB_RS17160']
    Key: phase, Value: ['0']
    Key: product, Value: ['hypothetical protein']
    Key: protein_id, Value: ['WP_014560072.1']
    Key: source, Value: ['GeneMarkS-2+']
    Key: transl_table, Value: ['11']

GF(None, 20820-20985 (1))
graphic feature from known effectors: GF(csx1, 13386-14726 (1))
graphic feature from known effectors: GF(can1-2, 15118-16107 (1))
[GF(sugar ABC transporter permease, 403-1282 (1)), GF(carbohydrate ABC transporter permease, 1286-2096 (1)), GF(peptidyl-prolyl cis-trans isomerase, 2092-3991 (1)), GF(sn-glycerol-3-phosphate ABC transporter ATP-binding protein UgpC, 3999-5109 (1)), GF(CRISPR-associated endoribonuclease Cas6, 5503-6295 (1)), GF(type III-A CRISPR-associated protein Cas10/Csm1, 6416-8963 (1)), GF(type III-A CRISPR-associated protein Csm2, 8952-9504 (1)), GF(type III-A CRISPR-associated RAMP protein Csm3, 9505-10348 (1)), GF(type III-A CRISPR-associated RAMP protein Csm4, 10357-11356 (1)), GF(type III-A CRISPR-associated RAMP protein Csm5, 11345-12614 (1)), GF(transposase, 12728-13310 (1)), GF(TIGR02221 family CRISPR-associated protein, 13385-14726 (1)), GF(None, 14691-15057 (1)), GF(DUF1887 family CARF protein, 15117-16107 (1)), GF(CRISPR-associated ring nuclease Csm6, 16103-17189 (1)), GF(transposase, 17415-18003 (1)), GF(None, 18681-19878 (1)), GF(None, 19879-20818 (1)), GF(None, 20820-20985 (1)), GF(csx1, 13386-14726 (1)), GF(can1-2, 15118-16107 (1)), GF(CRISPR-Cas locus, 4000-17189 (0))]
