Cas operons file:    Unnamed: 0       Contig  ...           locus_id           sample
0           0  NC_010424.1  ...  GCF_000018425.1_0  GCF_000018425.1

[1 rows x 19 columns]
The chosen contig: NC_010424.1
type: CDS
location: [1884815:1885319](-)
id: cds-WP_012302868.1
qualifiers:
    Key: Dbxref, Value: ['GenBank:WP_012302868.1']
    Key: ID, Value: ['cds-WP_012302868.1']
    Key: Name, Value: ['WP_012302868.1']
    Key: Parent, Value: ['gene-DAUD_RS09065']
    Key: gbkey, Value: ['CDS']
    Key: inference, Value: ['COORDINATES: similar to AA sequence:RefSeq:WP_013496274.1']
    Key: locus_tag, Value: ['DAUD_RS09065']
    Key: phase, Value: ['0']
    Key: product, Value: ['chemotaxis protein CheW']
    Key: protein_id, Value: ['WP_012302868.1']
    Key: source, Value: ['Protein Homology']
    Key: transl_table, Value: ['11']

GF(chemotaxis protein CheW, 1481-1985 (-1))
type: CDS
location: [1885675:1886494](+)
id: cds-WP_012302869.1
qualifiers:
    Key: Dbxref, Value: ['GenBank:WP_012302869.1']
    Key: ID, Value: ['cds-WP_012302869.1']
    Key: Name, Value: ['WP_012302869.1']
    Key: Parent, Value: ['gene-DAUD_RS09070']
    Key: gbkey, Value: ['CDS']
    Key: inference, Value: ['COORDINATES: similar to AA sequence:RefSeq:WP_018086504.1']
    Key: locus_tag, Value: ['DAUD_RS09070']
    Key: phase, Value: ['0']
    Key: product, Value: ['MotA/TolQ/ExbB proton channel family protein']
    Key: protein_id, Value: ['WP_012302869.1']
    Key: source, Value: ['Protein Homology']
    Key: transl_table, Value: ['11']

GF(MotA/TolQ/ExbB proton channel family protein, 2341-3160 (1))
type: CDS
location: [1886477:1887251](+)
id: cds-WP_012302870.1
qualifiers:
    Key: Dbxref, Value: ['GenBank:WP_012302870.1']
    Key: ID, Value: ['cds-WP_012302870.1']
    Key: Name, Value: ['WP_012302870.1']
    Key: Parent, Value: ['gene-DAUD_RS09075']
    Key: gbkey, Value: ['CDS']
    Key: inference, Value: ['COORDINATES: similar to AA sequence:RefSeq:WP_013841251.1']
    Key: locus_tag, Value: ['DAUD_RS09075']
    Key: phase, Value: ['0']
    Key: product, Value: ['OmpA family protein']
    Key: protein_id, Value: ['WP_012302870.1']
    Key: source, Value: ['Protein Homology']
    Key: transl_table, Value: ['11']

GF(OmpA family protein, 3143-3917 (1))
type: CDS
location: [1887333:1888278](-)
id: cds-WP_012302871.1
qualifiers:
    Key: Dbxref, Value: ['GenBank:WP_012302871.1']
    Key: ID, Value: ['cds-WP_012302871.1']
    Key: Name, Value: ['WP_012302871.1']
    Key: Parent, Value: ['gene-DAUD_RS09080']
    Key: gbkey, Value: ['CDS']
    Key: inference, Value: ['COORDINATES: protein motif:HMM:NF021207.4']
    Key: locus_tag, Value: ['DAUD_RS09080']
    Key: phase, Value: ['0']
    Key: product, Value: ['hypothetical protein']
    Key: protein_id, Value: ['WP_012302871.1']
    Key: source, Value: ['Protein Homology']
    Key: transl_table, Value: ['11']

GF(None, 3999-4944 (-1))
type: CDS
location: [1888322:1888637](-)
id: cds-WP_012302872.1
qualifiers:
    Key: Dbxref, Value: ['GenBank:WP_012302872.1']
    Key: ID, Value: ['cds-WP_012302872.1']
    Key: Name, Value: ['WP_012302872.1']
    Key: Parent, Value: ['gene-DAUD_RS09085']
    Key: gbkey, Value: ['CDS']
    Key: inference, Value: ['COORDINATES: ab initio prediction:GeneMarkS-2+']
    Key: locus_tag, Value: ['DAUD_RS09085']
    Key: phase, Value: ['0']
    Key: product, Value: ['hypothetical protein']
    Key: protein_id, Value: ['WP_012302872.1']
    Key: source, Value: ['GeneMarkS-2+']
    Key: transl_table, Value: ['11']

GF(None, 4988-5303 (-1))
type: CDS
location: [1888657:1889677](-)
id: cds-WP_012302873.1
qualifiers:
    Key: Dbxref, Value: ['GenBank:WP_012302873.1']
    Key: ID, Value: ['cds-WP_012302873.1']
    Key: Name, Value: ['WP_012302873.1']
    Key: Parent, Value: ['gene-DAUD_RS09090']
    Key: gbkey, Value: ['CDS']
    Key: inference, Value: ['COORDINATES: protein motif:HMM:NF015728.4']
    Key: locus_tag, Value: ['DAUD_RS09090']
    Key: phase, Value: ['0']
    Key: product, Value: ['RAMP superfamily CRISPR-associated protein']
    Key: protein_id, Value: ['WP_012302873.1']
    Key: source, Value: ['Protein Homology']
    Key: transl_table, Value: ['11']

GF(RAMP superfamily CRISPR-associated protein, 5323-6343 (-1))
type: CDS
location: [1889681:1890326](-)
id: cds-WP_012302874.1
qualifiers:
    Key: Dbxref, Value: ['GenBank:WP_012302874.1']
    Key: ID, Value: ['cds-WP_012302874.1']
    Key: Name, Value: ['WP_012302874.1']
    Key: Parent, Value: ['gene-DAUD_RS09095']
    Key: gbkey, Value: ['CDS']
    Key: inference, Value: ['COORDINATES: ab initio prediction:GeneMarkS-2+']
    Key: locus_tag, Value: ['DAUD_RS09095']
    Key: phase, Value: ['0']
    Key: product, Value: ['hypothetical protein']
    Key: protein_id, Value: ['WP_012302874.1']
    Key: source, Value: ['GeneMarkS-2+']
    Key: transl_table, Value: ['11']

GF(None, 6347-6992 (-1))
type: CDS
location: [1890322:1891222](-)
id: cds-WP_012302875.1
qualifiers:
    Key: Dbxref, Value: ['GenBank:WP_012302875.1']
    Key: ID, Value: ['cds-WP_012302875.1']
    Key: Name, Value: ['WP_012302875.1']
    Key: Parent, Value: ['gene-DAUD_RS09100']
    Key: gbkey, Value: ['CDS']
    Key: inference, Value: ['COORDINATES: protein motif:HMM:NF015728.4']
    Key: locus_tag, Value: ['DAUD_RS09100']
    Key: phase, Value: ['0']
    Key: product, Value: ['RAMP superfamily CRISPR-associated protein']
    Key: protein_id, Value: ['WP_012302875.1']
    Key: source, Value: ['Protein Homology']
    Key: transl_table, Value: ['11']

GF(RAMP superfamily CRISPR-associated protein, 6988-7888 (-1))
type: CDS
location: [1891214:1892063](-)
id: cds-WP_012302876.1
qualifiers:
    Key: Dbxref, Value: ['GenBank:WP_012302876.1']
    Key: ID, Value: ['cds-WP_012302876.1']
    Key: Name, Value: ['WP_012302876.1']
    Key: Ontology_term, Value: ['GO:0043571', 'GO:0003674']
    Key: Parent, Value: ['gene-DAUD_RS09105']
    Key: gbkey, Value: ['CDS']
    Key: gene, Value: ['csx7']
    Key: go_function, Value: ['molecular_function|0003674||IEA']
    Key: go_process, Value: ['maintenance of CRISPR repeat elements|0043571||IEA']
    Key: inference, Value: ['COORDINATES: protein motif:HMM:TIGR02581.1']
    Key: locus_tag, Value: ['DAUD_RS09105']
    Key: phase, Value: ['0']
    Key: product, Value: ['CRISPR-associated RAMP protein Csx7']
    Key: protein_id, Value: ['WP_012302876.1']
    Key: source, Value: ['Protein Homology']
    Key: transl_table, Value: ['11']

GF(CRISPR-associated RAMP protein Csx7, 7880-8729 (-1))
type: CDS
location: [1892059:1892485](-)
id: cds-WP_012302877.1
qualifiers:
    Key: Dbxref, Value: ['GenBank:WP_012302877.1']
    Key: ID, Value: ['cds-WP_012302877.1']
    Key: Name, Value: ['WP_012302877.1']
    Key: Parent, Value: ['gene-DAUD_RS09110']
    Key: gbkey, Value: ['CDS']
    Key: inference, Value: ['COORDINATES: ab initio prediction:GeneMarkS-2+']
    Key: locus_tag, Value: ['DAUD_RS09110']
    Key: phase, Value: ['0']
    Key: product, Value: ['hypothetical protein']
    Key: protein_id, Value: ['WP_012302877.1']
    Key: source, Value: ['GeneMarkS-2+']
    Key: transl_table, Value: ['11']

GF(None, 8725-9151 (-1))
type: CDS
location: [1892481:1893753](-)
id: cds-WP_012302878.1
qualifiers:
    Key: Dbxref, Value: ['GenBank:WP_012302878.1']
    Key: ID, Value: ['cds-WP_012302878.1']
    Key: Name, Value: ['WP_012302878.1']
    Key: Parent, Value: ['gene-DAUD_RS09115']
    Key: gbkey, Value: ['CDS']
    Key: inference, Value: ['COORDINATES: protein motif:HMM:NF015728.4']
    Key: locus_tag, Value: ['DAUD_RS09115']
    Key: phase, Value: ['0']
    Key: product, Value: ['RAMP superfamily CRISPR-associated protein']
    Key: protein_id, Value: ['WP_012302878.1']
    Key: source, Value: ['Protein Homology']
    Key: transl_table, Value: ['11']

GF(RAMP superfamily CRISPR-associated protein, 9147-10419 (-1))
type: CDS
location: [1893724:1894438](-)
id: cds-WP_242647924.1
qualifiers:
    Key: Dbxref, Value: ['GenBank:WP_242647924.1']
    Key: ID, Value: ['cds-WP_242647924.1']
    Key: Name, Value: ['WP_242647924.1']
    Key: Parent, Value: ['gene-DAUD_RS11680']
    Key: gbkey, Value: ['CDS']
    Key: inference, Value: ['COORDINATES: protein motif:HMM:NF015728.4']
    Key: locus_tag, Value: ['DAUD_RS11680']
    Key: phase, Value: ['0']
    Key: product, Value: ['RAMP superfamily CRISPR-associated protein']
    Key: protein_id, Value: ['WP_242647924.1']
    Key: source, Value: ['Protein Homology']
    Key: transl_table, Value: ['11']

GF(RAMP superfamily CRISPR-associated protein, 10390-11104 (-1))
type: CDS
location: [1894460:1896707](-)
id: cds-WP_166485171.1
qualifiers:
    Key: Dbxref, Value: ['GenBank:WP_166485171.1']
    Key: ID, Value: ['cds-WP_166485171.1']
    Key: Name, Value: ['WP_166485171.1']
    Key: Parent, Value: ['gene-DAUD_RS09125']
    Key: gbkey, Value: ['CDS']
    Key: inference, Value: ['COORDINATES: ab initio prediction:GeneMarkS-2+']
    Key: locus_tag, Value: ['DAUD_RS09125']
    Key: phase, Value: ['0']
    Key: product, Value: ['hypothetical protein']
    Key: protein_id, Value: ['WP_166485171.1']
    Key: source, Value: ['GeneMarkS-2+']
    Key: transl_table, Value: ['11']

GF(None, 11126-13373 (-1))
type: CDS
location: [1896736:1897984](-)
id: cds-WP_041570921.1
qualifiers:
    Key: Dbxref, Value: ['GenBank:WP_041570921.1']
    Key: ID, Value: ['cds-WP_041570921.1']
    Key: Name, Value: ['WP_041570921.1']
    Key: Parent, Value: ['gene-DAUD_RS09130']
    Key: gbkey, Value: ['CDS']
    Key: inference, Value: ['COORDINATES: protein motif:HMM:NF020571.4']
    Key: locus_tag, Value: ['DAUD_RS09130']
    Key: phase, Value: ['0']
    Key: product, Value: ['DUF1887 family CARF protein']
    Key: protein_id, Value: ['WP_041570921.1']
    Key: source, Value: ['Protein Homology']
    Key: transl_table, Value: ['11']

GF(DUF1887 family CARF protein, 13402-14650 (-1))
type: CDS
location: [1898049:1898211](-)
id: cds-WP_166485172.1
qualifiers:
    Key: Dbxref, Value: ['GenBank:WP_166485172.1']
    Key: ID, Value: ['cds-WP_166485172.1']
    Key: Name, Value: ['WP_166485172.1']
    Key: Parent, Value: ['gene-DAUD_RS12555']
    Key: gbkey, Value: ['CDS']
    Key: inference, Value: ['COORDINATES: ab initio prediction:GeneMarkS-2+']
    Key: locus_tag, Value: ['DAUD_RS12555']
    Key: phase, Value: ['0']
    Key: product, Value: ['hypothetical protein']
    Key: protein_id, Value: ['WP_166485172.1']
    Key: source, Value: ['GeneMarkS-2+']
    Key: transl_table, Value: ['11']

GF(None, 14715-14877 (-1))
type: repeat_region
location: [1898300:1900891](+)
id: NC_010424.1_2
qualifiers:
    Key: Dbxref, Value: ['SO:0001459']
    Key: ID, Value: ['NC_010424.1_2']
    Key: Note, Value: ['GTTTCAATCCCTCGTAGGTAGGCTGGAAAC']
    Key: Ontology_term, Value: ['CRISPR']
    Key: score, Value: ['2591']
    Key: source, Value: ['CCTyper']

GF(Repeat region, 14966-17557 (0))
graphic feature from known effectors: GF(csx1, 4000-4944 (-1))
graphic feature from known effectors: GF(can1-2, 13403-14650 (-1))
[GF(chemotaxis protein CheW, 1481-1985 (-1)), GF(MotA/TolQ/ExbB proton channel family protein, 2341-3160 (1)), GF(OmpA family protein, 3143-3917 (1)), GF(None, 3999-4944 (-1)), GF(None, 4988-5303 (-1)), GF(RAMP superfamily CRISPR-associated protein, 5323-6343 (-1)), GF(None, 6347-6992 (-1)), GF(RAMP superfamily CRISPR-associated protein, 6988-7888 (-1)), GF(CRISPR-associated RAMP protein Csx7, 7880-8729 (-1)), GF(None, 8725-9151 (-1)), GF(RAMP superfamily CRISPR-associated protein, 9147-10419 (-1)), GF(RAMP superfamily CRISPR-associated protein, 10390-11104 (-1)), GF(None, 11126-13373 (-1)), GF(DUF1887 family CARF protein, 13402-14650 (-1)), GF(None, 14715-14877 (-1)), GF(Repeat region, 14966-17557 (0)), GF(csx1, 4000-4944 (-1)), GF(can1-2, 13403-14650 (-1)), GF(CRISPR-Cas locus, 4000-14650 (0))]
