Cas operons file:    Unnamed: 0         Contig  ...           locus_id           sample
0           3  NZ_CP072385.1  ...  GCF_018128365.1_3  GCF_018128365.1

[1 rows x 19 columns]
The chosen contig: NZ_CP072385.1
type: CDS
location: [3216604:3217792](-)
id: cds-WP_014845383.1
qualifiers:
    Key: Dbxref, Value: ['GenBank:WP_014845383.1']
    Key: ID, Value: ['cds-WP_014845383.1']
    Key: Name, Value: ['WP_014845383.1']
    Key: Ontology_term, Value: ['GO:0016491', 'GO:0016651']
    Key: Parent, Value: ['gene-J5A53_RS14465']
    Key: gbkey, Value: ['CDS']
    Key: go_function, Value: ['oxidoreductase activity|0016491||IEA', 'oxidoreductase activity, acting on NAD(P)H|0016651||IEA']
    Key: inference, Value: ['COORDINATES: similar to AA sequence:RefSeq:WP_013159955.1']
    Key: locus_tag, Value: ['J5A53_RS14465']
    Key: phase, Value: ['0']
    Key: product, Value: ['Gfo/Idh/MocA family oxidoreductase']
    Key: protein_id, Value: ['WP_014845383.1']
    Key: source, Value: ['Protein Homology']
    Key: transl_table, Value: ['11']

GF(Gfo/Idh/MocA family oxidoreductase, 1067-2255 (-1))
type: CDS
location: [3217790:3218669](+)
id: cds-WP_267900027.1
qualifiers:
    Key: Dbxref, Value: ['GenBank:WP_267900027.1']
    Key: ID, Value: ['cds-WP_267900027.1']
    Key: Name, Value: ['WP_267900027.1']
    Key: Parent, Value: ['gene-J5A53_RS14470']
    Key: gbkey, Value: ['CDS']
    Key: inference, Value: ['COORDINATES: protein motif:HMM:NF013540.2']
    Key: locus_tag, Value: ['J5A53_RS14470']
    Key: phase, Value: ['0']
    Key: product, Value: ['helix-turn-helix domain-containing protein']
    Key: protein_id, Value: ['WP_267900027.1']
    Key: source, Value: ['Protein Homology']
    Key: transl_table, Value: ['11']

GF(helix-turn-helix domain-containing protein, 2253-3132 (1))
type: CDS
location: [3218661:3219009](+)
id: cds-WP_014845381.1
qualifiers:
    Key: Dbxref, Value: ['GenBank:WP_014845381.1']
    Key: ID, Value: ['cds-WP_014845381.1']
    Key: Name, Value: ['WP_014845381.1']
    Key: Parent, Value: ['gene-J5A53_RS14475']
    Key: gbkey, Value: ['CDS']
    Key: inference, Value: ['COORDINATES: ab initio prediction:GeneMarkS-2+']
    Key: locus_tag, Value: ['J5A53_RS14475']
    Key: phase, Value: ['0']
    Key: product, Value: ['hypothetical protein']
    Key: protein_id, Value: ['WP_014845381.1']
    Key: source, Value: ['GeneMarkS-2+']
    Key: transl_table, Value: ['11']

GF(None, 3124-3472 (1))
type: CDS
location: [3219121:3219544](-)
id: cds-WP_014845380.1
qualifiers:
    Key: Dbxref, Value: ['GenBank:WP_014845380.1']
    Key: ID, Value: ['cds-WP_014845380.1']
    Key: Name, Value: ['WP_014845380.1']
    Key: Parent, Value: ['gene-J5A53_RS14480']
    Key: gbkey, Value: ['CDS']
    Key: inference, Value: ['COORDINATES: similar to AA sequence:RefSeq:WP_016668470.1']
    Key: locus_tag, Value: ['J5A53_RS14480']
    Key: phase, Value: ['0']
    Key: product, Value: ['hypothetical protein']
    Key: protein_id, Value: ['WP_014845380.1']
    Key: source, Value: ['Protein Homology']
    Key: transl_table, Value: ['11']

GF(None, 3584-4007 (-1))
type: CDS
location: [3219536:3220793](-)
id: cds-WP_041696082.1
qualifiers:
    Key: Dbxref, Value: ['GenBank:WP_041696082.1']
    Key: ID, Value: ['cds-WP_041696082.1']
    Key: Name, Value: ['WP_041696082.1']
    Key: Parent, Value: ['gene-J5A53_RS14485']
    Key: gbkey, Value: ['CDS']
    Key: inference, Value: ['COORDINATES: protein motif:HMM:NF015728.2']
    Key: locus_tag, Value: ['J5A53_RS14485']
    Key: phase, Value: ['0']
    Key: product, Value: ['RAMP superfamily CRISPR-associated protein']
    Key: protein_id, Value: ['WP_041696082.1']
    Key: source, Value: ['Protein Homology']
    Key: transl_table, Value: ['11']

GF(RAMP superfamily CRISPR-associated protein, 3999-5256 (-1))
type: CDS
location: [3220792:3222064](-)
id: cds-WP_014845379.1
qualifiers:
    Key: Dbxref, Value: ['GenBank:WP_014845379.1']
    Key: ID, Value: ['cds-WP_014845379.1']
    Key: Name, Value: ['WP_014845379.1']
    Key: Parent, Value: ['gene-J5A53_RS14490']
    Key: gbkey, Value: ['CDS']
    Key: inference, Value: ['COORDINATES: similar to AA sequence:RefSeq:WP_016668472.1']
    Key: locus_tag, Value: ['J5A53_RS14490']
    Key: phase, Value: ['0']
    Key: product, Value: ['hypothetical protein']
    Key: protein_id, Value: ['WP_014845379.1']
    Key: source, Value: ['Protein Homology']
    Key: transl_table, Value: ['11']

GF(None, 5255-6527 (-1))
type: CDS
location: [3222060:3222621](-)
id: cds-WP_014845378.1
qualifiers:
    Key: Dbxref, Value: ['GenBank:WP_014845378.1']
    Key: ID, Value: ['cds-WP_014845378.1']
    Key: Name, Value: ['WP_014845378.1']
    Key: Parent, Value: ['gene-J5A53_RS14495']
    Key: gbkey, Value: ['CDS']
    Key: inference, Value: ['COORDINATES: similar to AA sequence:RefSeq:WP_016668473.1']
    Key: locus_tag, Value: ['J5A53_RS14495']
    Key: phase, Value: ['0']
    Key: product, Value: ['hypothetical protein']
    Key: protein_id, Value: ['WP_014845378.1']
    Key: source, Value: ['Protein Homology']
    Key: transl_table, Value: ['11']

GF(None, 6523-7084 (-1))
type: CDS
location: [3222617:3224024](-)
id: cds-WP_041696080.1
qualifiers:
    Key: Dbxref, Value: ['GenBank:WP_041696080.1']
    Key: ID, Value: ['cds-WP_041696080.1']
    Key: Name, Value: ['WP_041696080.1']
    Key: Parent, Value: ['gene-J5A53_RS14500']
    Key: gbkey, Value: ['CDS']
    Key: inference, Value: ['COORDINATES: ab initio prediction:GeneMarkS-2+']
    Key: locus_tag, Value: ['J5A53_RS14500']
    Key: phase, Value: ['0']
    Key: product, Value: ['hypothetical protein']
    Key: protein_id, Value: ['WP_041696080.1']
    Key: source, Value: ['GeneMarkS-2+']
    Key: transl_table, Value: ['11']

GF(None, 7080-8487 (-1))
type: CDS
location: [3224020:3225955](-)
id: cds-WP_041696982.1
qualifiers:
    Key: Dbxref, Value: ['GenBank:WP_041696982.1']
    Key: ID, Value: ['cds-WP_041696982.1']
    Key: Name, Value: ['WP_041696982.1']
    Key: Parent, Value: ['gene-J5A53_RS14505']
    Key: gbkey, Value: ['CDS']
    Key: inference, Value: ['COORDINATES: similar to AA sequence:RefSeq:WP_016668475.1']
    Key: locus_tag, Value: ['J5A53_RS14505']
    Key: phase, Value: ['0']
    Key: product, Value: ['TIGR03986 family CRISPR-associated RAMP protein']
    Key: protein_id, Value: ['WP_041696982.1']
    Key: source, Value: ['Protein Homology']
    Key: transl_table, Value: ['11']

GF(TIGR03986 family CRISPR-associated RAMP protein, 8483-10418 (-1))
type: CDS
location: [3225993:3227517](-)
id: cds-WP_041696078.1
qualifiers:
    Key: Dbxref, Value: ['GenBank:WP_041696078.1']
    Key: ID, Value: ['cds-WP_041696078.1']
    Key: Name, Value: ['WP_041696078.1']
    Key: Parent, Value: ['gene-J5A53_RS14510']
    Key: gbkey, Value: ['CDS']
    Key: inference, Value: ['COORDINATES: protein motif:HMM:NF033611.0']
    Key: locus_tag, Value: ['J5A53_RS14510']
    Key: phase, Value: ['0']
    Key: product, Value: ['SAVED domain-containing protein']
    Key: protein_id, Value: ['WP_041696078.1']
    Key: source, Value: ['Protein Homology']
    Key: transl_table, Value: ['11']

GF(SAVED domain-containing protein, 10456-11980 (-1))
type: CDS
location: [3227918:3228602](+)
id: cds-WP_014845376.1
qualifiers:
    Key: Dbxref, Value: ['GenBank:WP_014845376.1']
    Key: ID, Value: ['cds-WP_014845376.1']
    Key: Name, Value: ['WP_014845376.1']
    Key: Ontology_term, Value: ['GO:0006355', 'GO:0003677', 'GO:0003700']
    Key: Parent, Value: ['gene-J5A53_RS14515']
    Key: gbkey, Value: ['CDS']
    Key: go_function, Value: ['DNA binding|0003677||IEA', 'DNA-binding transcription factor activity|0003700||IEA']
    Key: go_process, Value: ['regulation of DNA-templated transcription|0006355||IEA']
    Key: inference, Value: ['COORDINATES: protein motif:HMM:NF012655.2']
    Key: locus_tag, Value: ['J5A53_RS14515']
    Key: phase, Value: ['0']
    Key: product, Value: ['TetR/AcrR family transcriptional regulator']
    Key: protein_id, Value: ['WP_014845376.1']
    Key: source, Value: ['Protein Homology']
    Key: transl_table, Value: ['11']

GF(TetR/AcrR family transcriptional regulator, 12381-13065 (1))
type: CDS
location: [3228651:3228795](+)
id: cds-J5A53_RS15770
qualifiers:
    Key: ID, Value: ['cds-J5A53_RS15770']
    Key: Note, Value: ['incomplete; partial in the middle of a contig; missing N-terminus and C-terminus']
    Key: Parent, Value: ['gene-J5A53_RS15770']
    Key: end_range, Value: ['3228795', '.']
    Key: gbkey, Value: ['CDS']
    Key: inference, Value: ['COORDINATES: similar to AA sequence:RefSeq:WP_011779872.1']
    Key: locus_tag, Value: ['J5A53_RS15770']
    Key: partial, Value: ['true']
    Key: phase, Value: ['0']
    Key: product, Value: ['IS256 family transposase']
    Key: pseudo, Value: ['true']
    Key: source, Value: ['Protein Homology']
    Key: start_range, Value: ['.', '3228652']
    Key: transl_table, Value: ['11']

GF(IS256 family transposase, 13114-13258 (1))
type: CDS
location: [3229079:3230045](+)
id: cds-WP_041696980.1
qualifiers:
    Key: Dbxref, Value: ['GenBank:WP_041696980.1']
    Key: ID, Value: ['cds-WP_041696980.1']
    Key: Name, Value: ['WP_041696980.1']
    Key: Ontology_term, Value: ['GO:0005524']
    Key: Parent, Value: ['gene-J5A53_RS14525']
    Key: gbkey, Value: ['CDS']
    Key: go_function, Value: ['ATP binding|0005524||IEA']
    Key: inference, Value: ['COORDINATES: similar to AA sequence:RefSeq:WP_016669353.1']
    Key: locus_tag, Value: ['J5A53_RS14525']
    Key: phase, Value: ['0']
    Key: product, Value: ['ABC transporter ATP-binding protein']
    Key: protein_id, Value: ['WP_041696980.1']
    Key: source, Value: ['Protein Homology']
    Key: transl_table, Value: ['11']

GF(ABC transporter ATP-binding protein, 13542-14508 (1))
type: CDS
location: [3230037:3230832](+)
id: cds-WP_014845373.1
qualifiers:
    Key: Dbxref, Value: ['GenBank:WP_014845373.1']
    Key: ID, Value: ['cds-WP_014845373.1']
    Key: Name, Value: ['WP_014845373.1']
    Key: Ontology_term, Value: ['GO:0042626', 'GO:0140359']
    Key: Parent, Value: ['gene-J5A53_RS14530']
    Key: gbkey, Value: ['CDS']
    Key: go_function, Value: ['ATPase-coupled transmembrane transporter activity|0042626||IEA', 'ABC-type transporter activity|0140359||IEA']
    Key: inference, Value: ['COORDINATES: protein motif:HMM:NF013245.2']
    Key: locus_tag, Value: ['J5A53_RS14530']
    Key: phase, Value: ['0']
    Key: product, Value: ['ABC transporter permease']
    Key: protein_id, Value: ['WP_014845373.1']
    Key: source, Value: ['Protein Homology']
    Key: transl_table, Value: ['11']

GF(ABC transporter permease, 14500-15295 (1))
type: CDS
location: [3230872:3231616](+)
id: cds-WP_014845372.1
qualifiers:
    Key: Dbxref, Value: ['GenBank:WP_014845372.1']
    Key: ID, Value: ['cds-WP_014845372.1']
    Key: Name, Value: ['WP_014845372.1']
    Key: Ontology_term, Value: ['GO:0016787', 'GO:0046872']
    Key: Parent, Value: ['gene-J5A53_RS14535']
    Key: gbkey, Value: ['CDS']
    Key: go_function, Value: ['hydrolase activity|0016787||IEA', 'metal ion binding|0046872||IEA']
    Key: inference, Value: ['COORDINATES: protein motif:HMM:NF012376.2']
    Key: locus_tag, Value: ['J5A53_RS14535']
    Key: phase, Value: ['0']
    Key: product, Value: ['metallophosphoesterase']
    Key: protein_id, Value: ['WP_014845372.1']
    Key: source, Value: ['Protein Homology']
    Key: transl_table, Value: ['11']

GF(metallophosphoesterase, 15335-16079 (1))
type: CDS
location: [3231711:3232011](-)
id: cds-WP_157682448.1
qualifiers:
    Key: Dbxref, Value: ['GenBank:WP_157682448.1']
    Key: ID, Value: ['cds-WP_157682448.1']
    Key: Name, Value: ['WP_157682448.1']
    Key: Parent, Value: ['gene-J5A53_RS14540']
    Key: gbkey, Value: ['CDS']
    Key: inference, Value: ['COORDINATES: protein motif:HMM:NF021386.2']
    Key: locus_tag, Value: ['J5A53_RS14540']
    Key: phase, Value: ['0']
    Key: product, Value: ['DUF2087 domain-containing protein']
    Key: protein_id, Value: ['WP_157682448.1']
    Key: source, Value: ['Protein Homology']
    Key: transl_table, Value: ['11']

GF(DUF2087 domain-containing protein, 16174-16474 (-1))
type: CDS
location: [3232055:3232286](+)
id: cds-WP_014845370.1
qualifiers:
    Key: Dbxref, Value: ['GenBank:WP_014845370.1']
    Key: ID, Value: ['cds-WP_014845370.1']
    Key: Name, Value: ['WP_014845370.1']
    Key: Parent, Value: ['gene-J5A53_RS14545']
    Key: gbkey, Value: ['CDS']
    Key: inference, Value: ['COORDINATES: ab initio prediction:GeneMarkS-2+']
    Key: locus_tag, Value: ['J5A53_RS14545']
    Key: phase, Value: ['0']
    Key: product, Value: ['hypothetical protein']
    Key: protein_id, Value: ['WP_014845370.1']
    Key: source, Value: ['GeneMarkS-2+']
    Key: transl_table, Value: ['11']

GF(None, 16518-16749 (1))
graphic feature from validated effectors: GF(tirsaved, 10457-11980 (-1))
[GF(Gfo/Idh/MocA family oxidoreductase, 1067-2255 (-1)), GF(helix-turn-helix domain-containing protein, 2253-3132 (1)), GF(None, 3124-3472 (1)), GF(None, 3584-4007 (-1)), GF(RAMP superfamily CRISPR-associated protein, 3999-5256 (-1)), GF(None, 5255-6527 (-1)), GF(None, 6523-7084 (-1)), GF(None, 7080-8487 (-1)), GF(TIGR03986 family CRISPR-associated RAMP protein, 8483-10418 (-1)), GF(SAVED domain-containing protein, 10456-11980 (-1)), GF(TetR/AcrR family transcriptional regulator, 12381-13065 (1)), GF(IS256 family transposase, 13114-13258 (1)), GF(ABC transporter ATP-binding protein, 13542-14508 (1)), GF(ABC transporter permease, 14500-15295 (1)), GF(metallophosphoesterase, 15335-16079 (1)), GF(DUF2087 domain-containing protein, 16174-16474 (-1)), GF(None, 16518-16749 (1)), GF(tirsaved, 10457-11980 (-1)), GF(CRISPR-Cas locus, 4000-14508 (0))]
