Cas operons file:    Unnamed: 0         Contig  ...           locus_id           sample
0           0  NZ_CP007142.1  ...  GCF_000940805.1_0  GCF_000940805.1

[1 rows x 19 columns]
The chosen contig: NZ_CP007142.1
type: CDS
location: [1123762:1124956](+)
id: cds-WP_044616060.1
qualifiers:
    Key: Dbxref, Value: ['GenBank:WP_044616060.1']
    Key: ID, Value: ['cds-WP_044616060.1']
    Key: Name, Value: ['WP_044616060.1']
    Key: Ontology_term, Value: ['GO:0006635', 'GO:0016746']
    Key: Parent, Value: ['gene-YC6258_RS04970']
    Key: gbkey, Value: ['CDS']
    Key: go_function, Value: ['acyltransferase activity|0016746||IEA']
    Key: go_process, Value: ['fatty acid beta-oxidation|0006635||IEA']
    Key: inference, Value: ['COORDINATES: protein motif:HMM:TIGR01930.1']
    Key: locus_tag, Value: ['YC6258_RS04970']
    Key: phase, Value: ['0']
    Key: product, Value: ['thiolase family protein']
    Key: protein_id, Value: ['WP_044616060.1']
    Key: source, Value: ['Protein Homology']
    Key: transl_table, Value: ['11']

GF(thiolase family protein, 573-1767 (1))
type: CDS
location: [1125691:1126426](+)
id: cds-WP_044616061.1
qualifiers:
    Key: Dbxref, Value: ['GenBank:WP_044616061.1']
    Key: ID, Value: ['cds-WP_044616061.1']
    Key: Name, Value: ['WP_044616061.1']
    Key: Parent, Value: ['gene-YC6258_RS04975']
    Key: gbkey, Value: ['CDS']
    Key: inference, Value: ['COORDINATES: protein motif:HMM:NF012707.2']
    Key: locus_tag, Value: ['YC6258_RS04975']
    Key: phase, Value: ['0']
    Key: product, Value: ['transporter substrate-binding domain-containing protein']
    Key: protein_id, Value: ['WP_044616061.1']
    Key: source, Value: ['Protein Homology']
    Key: transl_table, Value: ['11']

GF(transporter substrate-binding domain-containing protein, 2502-3237 (1))
type: CDS
location: [1127188:1127755](+)
id: cds-WP_044616062.1
qualifiers:
    Key: Dbxref, Value: ['GenBank:WP_044616062.1']
    Key: ID, Value: ['cds-WP_044616062.1']
    Key: Name, Value: ['WP_044616062.1']
    Key: Ontology_term, Value: ['GO:0043571', 'GO:0004521']
    Key: Parent, Value: ['gene-YC6258_RS04980']
    Key: gbkey, Value: ['CDS']
    Key: gene, Value: ['cas6f']
    Key: go_function, Value: ['endoribonuclease activity|0004521||IEA']
    Key: go_process, Value: ['maintenance of CRISPR repeat elements|0043571||IEA']
    Key: inference, Value: ['COORDINATES: protein motif:HMM:TIGR02563.1']
    Key: locus_tag, Value: ['YC6258_RS04980']
    Key: phase, Value: ['0']
    Key: product, Value: ['type I-F CRISPR-associated endoribonuclease Cas6/Csy4']
    Key: protein_id, Value: ['WP_044616062.1']
    Key: source, Value: ['Protein Homology']
    Key: transl_table, Value: ['11']

GF(type I-F CRISPR-associated endoribonuclease Cas6/Csy4, 3999-4566 (1))
type: CDS
location: [1127784:1128975](+)
id: cds-WP_044616063.1
qualifiers:
    Key: Dbxref, Value: ['GenBank:WP_044616063.1']
    Key: ID, Value: ['cds-WP_044616063.1']
    Key: Name, Value: ['WP_044616063.1']
    Key: Parent, Value: ['gene-YC6258_RS04985']
    Key: gbkey, Value: ['CDS']
    Key: inference, Value: ['COORDINATES: protein motif:HMM:NF015728.2']
    Key: locus_tag, Value: ['YC6258_RS04985']
    Key: phase, Value: ['0']
    Key: product, Value: ['RAMP superfamily CRISPR-associated protein']
    Key: protein_id, Value: ['WP_044616063.1']
    Key: source, Value: ['Protein Homology']
    Key: transl_table, Value: ['11']

GF(RAMP superfamily CRISPR-associated protein, 4595-5786 (1))
type: CDS
location: [1128974:1130849](+)
id: cds-WP_052830068.1
qualifiers:
    Key: Dbxref, Value: ['GenBank:WP_052830068.1']
    Key: ID, Value: ['cds-WP_052830068.1']
    Key: Name, Value: ['WP_052830068.1']
    Key: Ontology_term, Value: ['GO:0043571', 'GO:0003674']
    Key: Parent, Value: ['gene-YC6258_RS04990']
    Key: gbkey, Value: ['CDS']
    Key: gene, Value: ['cas10']
    Key: go_function, Value: ['molecular_function|0003674||IEA']
    Key: go_process, Value: ['maintenance of CRISPR repeat elements|0043571||IEA']
    Key: inference, Value: ['COORDINATES: protein motif:HMM:TIGR02577.1']
    Key: locus_tag, Value: ['YC6258_RS04990']
    Key: phase, Value: ['0']
    Key: product, Value: ['type III-B CRISPR-associated protein Cas10/Cmr2']
    Key: protein_id, Value: ['WP_052830068.1']
    Key: source, Value: ['Protein Homology']
    Key: transl_table, Value: ['11']

GF(type III-B CRISPR-associated protein Cas10/Cmr2, 5785-7660 (1))
type: CDS
location: [1130845:1132027](+)
id: cds-WP_044616064.1
qualifiers:
    Key: Dbxref, Value: ['GenBank:WP_044616064.1']
    Key: ID, Value: ['cds-WP_044616064.1']
    Key: Name, Value: ['WP_044616064.1']
    Key: Parent, Value: ['gene-YC6258_RS04995']
    Key: gbkey, Value: ['CDS']
    Key: inference, Value: ['COORDINATES: protein motif:HMM:NF021236.2']
    Key: locus_tag, Value: ['YC6258_RS04995']
    Key: phase, Value: ['0']
    Key: product, Value: ['type III-B CRISPR module-associated Cmr3 family protein']
    Key: protein_id, Value: ['WP_044616064.1']
    Key: source, Value: ['Protein Homology']
    Key: transl_table, Value: ['11']

GF(type III-B CRISPR module-associated Cmr3 family protein, 7656-8838 (1))
type: CDS
location: [1132055:1132964](+)
id: cds-WP_044616065.1
qualifiers:
    Key: Dbxref, Value: ['GenBank:WP_044616065.1']
    Key: ID, Value: ['cds-WP_044616065.1']
    Key: Name, Value: ['WP_044616065.1']
    Key: Ontology_term, Value: ['GO:0043571', 'GO:0003674']
    Key: Parent, Value: ['gene-YC6258_RS05000']
    Key: gbkey, Value: ['CDS']
    Key: gene, Value: ['cmr4']
    Key: go_function, Value: ['molecular_function|0003674||IEA']
    Key: go_process, Value: ['maintenance of CRISPR repeat elements|0043571||IEA']
    Key: inference, Value: ['COORDINATES: protein motif:HMM:TIGR02580.1']
    Key: locus_tag, Value: ['YC6258_RS05000']
    Key: phase, Value: ['0']
    Key: product, Value: ['type III-B CRISPR module RAMP protein Cmr4']
    Key: protein_id, Value: ['WP_044616065.1']
    Key: source, Value: ['Protein Homology']
    Key: transl_table, Value: ['11']

GF(type III-B CRISPR module RAMP protein Cmr4, 8866-9775 (1))
type: CDS
location: [1132956:1133364](+)
id: cds-WP_044616066.1
qualifiers:
    Key: Dbxref, Value: ['GenBank:WP_044616066.1']
    Key: ID, Value: ['cds-WP_044616066.1']
    Key: Name, Value: ['WP_044616066.1']
    Key: Ontology_term, Value: ['GO:0043571', 'GO:0003674']
    Key: Parent, Value: ['gene-YC6258_RS05005']
    Key: gbkey, Value: ['CDS']
    Key: gene, Value: ['cmr5']
    Key: go_function, Value: ['molecular_function|0003674||IEA']
    Key: go_process, Value: ['maintenance of CRISPR repeat elements|0043571||IEA']
    Key: inference, Value: ['COORDINATES: protein motif:HMM:TIGR01881.1']
    Key: locus_tag, Value: ['YC6258_RS05005']
    Key: phase, Value: ['0']
    Key: product, Value: ['type III-B CRISPR module-associated protein Cmr5']
    Key: protein_id, Value: ['WP_044616066.1']
    Key: source, Value: ['Protein Homology']
    Key: transl_table, Value: ['11']

GF(type III-B CRISPR module-associated protein Cmr5, 9767-10175 (1))
type: CDS
location: [1133356:1134568](+)
id: cds-WP_044616067.1
qualifiers:
    Key: Dbxref, Value: ['GenBank:WP_044616067.1']
    Key: ID, Value: ['cds-WP_044616067.1']
    Key: Name, Value: ['WP_044616067.1']
    Key: Ontology_term, Value: ['GO:0043571', 'GO:0003674']
    Key: Parent, Value: ['gene-YC6258_RS05010']
    Key: gbkey, Value: ['CDS']
    Key: gene, Value: ['cmr6']
    Key: go_function, Value: ['molecular_function|0003674||IEA']
    Key: go_process, Value: ['maintenance of CRISPR repeat elements|0043571||IEA']
    Key: inference, Value: ['COORDINATES: protein motif:HMM:TIGR01898.1']
    Key: locus_tag, Value: ['YC6258_RS05010']
    Key: phase, Value: ['0']
    Key: product, Value: ['type III-B CRISPR module RAMP protein Cmr6']
    Key: protein_id, Value: ['WP_044616067.1']
    Key: source, Value: ['Protein Homology']
    Key: transl_table, Value: ['11']

GF(type III-B CRISPR module RAMP protein Cmr6, 10167-11379 (1))
type: CDS
location: [1134604:1135333](+)
id: cds-WP_044616068.1
qualifiers:
    Key: Dbxref, Value: ['GenBank:WP_044616068.1']
    Key: ID, Value: ['cds-WP_044616068.1']
    Key: Name, Value: ['WP_044616068.1']
    Key: Parent, Value: ['gene-YC6258_RS05015']
    Key: gbkey, Value: ['CDS']
    Key: inference, Value: ['COORDINATES: similar to AA sequence:RefSeq:WP_003120003.1']
    Key: locus_tag, Value: ['YC6258_RS05015']
    Key: phase, Value: ['0']
    Key: product, Value: ['hypothetical protein']
    Key: protein_id, Value: ['WP_044616068.1']
    Key: source, Value: ['Protein Homology']
    Key: transl_table, Value: ['11']

GF(None, 11415-12144 (1))
type: CDS
location: [1137122:1137617](+)
id: cds-WP_044616069.1
qualifiers:
    Key: Dbxref, Value: ['GenBank:WP_044616069.1']
    Key: ID, Value: ['cds-WP_044616069.1']
    Key: Name, Value: ['WP_044616069.1']
    Key: Parent, Value: ['gene-YC6258_RS05020']
    Key: gbkey, Value: ['CDS']
    Key: inference, Value: ['COORDINATES: protein motif:HMM:NF021361.2']
    Key: locus_tag, Value: ['YC6258_RS05020']
    Key: phase, Value: ['0']
    Key: product, Value: ['DUF2059 domain-containing protein']
    Key: protein_id, Value: ['WP_044616069.1']
    Key: source, Value: ['Protein Homology']
    Key: transl_table, Value: ['11']

GF(DUF2059 domain-containing protein, 13933-14428 (1))
type: CDS
location: [1137699:1138092](+)
id: cds-WP_144407563.1
qualifiers:
    Key: Dbxref, Value: ['GenBank:WP_144407563.1']
    Key: ID, Value: ['cds-WP_144407563.1']
    Key: Name, Value: ['WP_144407563.1']
    Key: Parent, Value: ['gene-YC6258_RS05025']
    Key: gbkey, Value: ['CDS']
    Key: inference, Value: ['COORDINATES: ab initio prediction:GeneMarkS-2+']
    Key: locus_tag, Value: ['YC6258_RS05025']
    Key: phase, Value: ['0']
    Key: product, Value: ['hypothetical protein']
    Key: protein_id, Value: ['WP_144407563.1']
    Key: source, Value: ['GeneMarkS-2+']
    Key: transl_table, Value: ['11']

GF(None, 14510-14903 (1))
type: CDS
location: [1138397:1138664](+)
id: cds-WP_044616071.1
qualifiers:
    Key: Dbxref, Value: ['GenBank:WP_044616071.1']
    Key: ID, Value: ['cds-WP_044616071.1']
    Key: Name, Value: ['WP_044616071.1']
    Key: Parent, Value: ['gene-YC6258_RS05030']
    Key: gbkey, Value: ['CDS']
    Key: inference, Value: ['COORDINATES: ab initio prediction:GeneMarkS-2+']
    Key: locus_tag, Value: ['YC6258_RS05030']
    Key: phase, Value: ['0']
    Key: product, Value: ['hypothetical protein']
    Key: protein_id, Value: ['WP_044616071.1']
    Key: source, Value: ['GeneMarkS-2+']
    Key: transl_table, Value: ['11']

GF(None, 15208-15475 (1))
type: CDS
location: [1139042:1139273](+)
id: cds-WP_044616072.1
qualifiers:
    Key: Dbxref, Value: ['GenBank:WP_044616072.1']
    Key: ID, Value: ['cds-WP_044616072.1']
    Key: Name, Value: ['WP_044616072.1']
    Key: Parent, Value: ['gene-YC6258_RS05035']
    Key: gbkey, Value: ['CDS']
    Key: inference, Value: ['COORDINATES: ab initio prediction:GeneMarkS-2+']
    Key: locus_tag, Value: ['YC6258_RS05035']
    Key: phase, Value: ['0']
    Key: product, Value: ['hypothetical protein']
    Key: protein_id, Value: ['WP_044616072.1']
    Key: source, Value: ['GeneMarkS-2+']
    Key: transl_table, Value: ['11']

GF(None, 15853-16084 (1))
type: repeat_region
location: [1135828:1136996](+)
id: NZ_CP007142.1_1
qualifiers:
    Key: Dbxref, Value: ['SO:0001459']
    Key: ID, Value: ['NZ_CP007142.1_1']
    Key: Note, Value: ['GTTCACTGCCGAATAGGCAGCTTAGAAA']
    Key: Ontology_term, Value: ['CRISPR']
    Key: score, Value: ['1168']
    Key: source, Value: ['CCTyper']

GF(Repeat region, 12639-13807 (0))
graphic feature from known effectors: GF(nucc, 11416-12144 (1))
[GF(thiolase family protein, 573-1767 (1)), GF(transporter substrate-binding domain-containing protein, 2502-3237 (1)), GF(type I-F CRISPR-associated endoribonuclease Cas6/Csy4, 3999-4566 (1)), GF(RAMP superfamily CRISPR-associated protein, 4595-5786 (1)), GF(type III-B CRISPR-associated protein Cas10/Cmr2, 5785-7660 (1)), GF(type III-B CRISPR module-associated Cmr3 family protein, 7656-8838 (1)), GF(type III-B CRISPR module RAMP protein Cmr4, 8866-9775 (1)), GF(type III-B CRISPR module-associated protein Cmr5, 9767-10175 (1)), GF(type III-B CRISPR module RAMP protein Cmr6, 10167-11379 (1)), GF(None, 11415-12144 (1)), GF(DUF2059 domain-containing protein, 13933-14428 (1)), GF(None, 14510-14903 (1)), GF(None, 15208-15475 (1)), GF(None, 15853-16084 (1)), GF(Repeat region, 12639-13807 (0)), GF(nucc, 11416-12144 (1)), GF(CRISPR-Cas locus, 4000-12144 (0))]
