Cas operons file:    Unnamed: 0         Contig  ...           locus_id           sample
0           0  NZ_OX458333.1  ...  GCF_949769195.1_0  GCF_949769195.1

[1 rows x 19 columns]
The chosen contig: NZ_OX458333.1
type: CDS
location: [942445:943486](-)
id: cds-WP_026612066.1
qualifiers:
    Key: Dbxref, Value: ['GenBank:WP_026612066.1']
    Key: ID, Value: ['cds-WP_026612066.1']
    Key: Name, Value: ['WP_026612066.1']
    Key: Ontology_term, Value: ['GO:0006811', 'GO:0004888', 'GO:0016989']
    Key: Parent, Value: ['gene-QEN43_RS04070']
    Key: gbkey, Value: ['CDS']
    Key: go_function, Value: ['transmembrane signaling receptor activity|0004888||IEA', 'sigma factor antagonist activity|0016989||IEA']
    Key: go_process, Value: ['monoatomic ion transport|0006811||IEA']
    Key: inference, Value: ['COORDINATES: protein motif:HMM:NF016648.3']
    Key: locus_tag, Value: ['QEN43_RS04070']
    Key: phase, Value: ['0']
    Key: product, Value: ['FecR family protein']
    Key: protein_id, Value: ['WP_026612066.1']
    Key: source, Value: ['Protein Homology']
    Key: transl_table, Value: ['11']

GF(FecR family protein, 426-1467 (-1))
type: CDS
location: [943557:944073](-)
id: cds-WP_036269352.1
qualifiers:
    Key: Dbxref, Value: ['GenBank:WP_036269352.1']
    Key: ID, Value: ['cds-WP_036269352.1']
    Key: Name, Value: ['WP_036269352.1']
    Key: Ontology_term, Value: ['GO:0006352', 'GO:0016987']
    Key: Parent, Value: ['gene-QEN43_RS04075']
    Key: gbkey, Value: ['CDS']
    Key: go_function, Value: ['sigma factor activity|0016987||IEA']
    Key: go_process, Value: ['DNA-templated transcription initiation|0006352||IEA']
    Key: inference, Value: ['COORDINATES: similar to AA sequence:RefSeq:WP_013819513.1']
    Key: locus_tag, Value: ['QEN43_RS04075']
    Key: phase, Value: ['0']
    Key: product, Value: ['RNA polymerase sigma factor']
    Key: protein_id, Value: ['WP_036269352.1']
    Key: source, Value: ['Protein Homology']
    Key: transl_table, Value: ['11']

GF(RNA polymerase sigma factor, 1538-2054 (-1))
type: CDS
location: [944311:945544](-)
id: cds-WP_317963720.1
qualifiers:
    Key: Dbxref, Value: ['GenBank:WP_317963720.1']
    Key: ID, Value: ['cds-WP_317963720.1']
    Key: Name, Value: ['WP_317963720.1']
    Key: Ontology_term, Value: ['GO:0016020']
    Key: Parent, Value: ['gene-QEN43_RS04080']
    Key: gbkey, Value: ['CDS']
    Key: go_component, Value: ['membrane|0016020||IEA']
    Key: inference, Value: ['COORDINATES: similar to AA sequence:RefSeq:WP_017841125.1']
    Key: locus_tag, Value: ['QEN43_RS04080']
    Key: phase, Value: ['0']
    Key: product, Value: ['PepSY-associated TM helix domain-containing protein']
    Key: protein_id, Value: ['WP_317963720.1']
    Key: source, Value: ['Protein Homology']
    Key: transl_table, Value: ['11']

GF(PepSY-associated TM helix domain-containing protein, 2292-3525 (-1))
type: CDS
location: [946018:946333](-)
id: cds-WP_026612068.1
qualifiers:
    Key: Dbxref, Value: ['GenBank:WP_026612068.1']
    Key: ID, Value: ['cds-WP_026612068.1']
    Key: Name, Value: ['WP_026612068.1']
    Key: Ontology_term, Value: ['GO:0043571', 'GO:0004521']
    Key: Parent, Value: ['gene-QEN43_RS04085']
    Key: gbkey, Value: ['CDS']
    Key: gene, Value: ['cas2']
    Key: go_function, Value: ['RNA endonuclease activity|0004521||IEA']
    Key: go_process, Value: ['maintenance of CRISPR repeat elements|0043571||IEA']
    Key: inference, Value: ['COORDINATES: similar to AA sequence:RefSeq:WP_017839248.1']
    Key: locus_tag, Value: ['QEN43_RS04085']
    Key: phase, Value: ['0']
    Key: product, Value: ['CRISPR-associated endonuclease Cas2']
    Key: protein_id, Value: ['WP_026612068.1']
    Key: source, Value: ['Protein Homology']
    Key: transl_table, Value: ['11']

GF(CRISPR-associated endonuclease Cas2, 3999-4314 (-1))
type: CDS
location: [946332:947100](-)
id: cds-WP_317963721.1
qualifiers:
    Key: Dbxref, Value: ['GenBank:WP_317963721.1']
    Key: ID, Value: ['cds-WP_317963721.1']
    Key: Name, Value: ['WP_317963721.1']
    Key: Ontology_term, Value: ['GO:0043571', 'GO:0051607', 'GO:0003676', 'GO:0004519', 'GO:0046872']
    Key: Parent, Value: ['gene-QEN43_RS04090']
    Key: gbkey, Value: ['CDS']
    Key: go_function, Value: ['nucleic acid binding|0003676||IEA', 'endonuclease activity|0004519||IEA', 'metal ion binding|0046872||IEA']
    Key: go_process, Value: ['maintenance of CRISPR repeat elements|0043571||IEA', 'defense response to virus|0051607||IEA']
    Key: inference, Value: ['COORDINATES: protein motif:HMM:NF013984.3']
    Key: locus_tag, Value: ['QEN43_RS04090']
    Key: phase, Value: ['0']
    Key: product, Value: ['CRISPR-associated endonuclease Cas1']
    Key: protein_id, Value: ['WP_317963721.1']
    Key: source, Value: ['Protein Homology']
    Key: transl_table, Value: ['11']

GF(CRISPR-associated endonuclease Cas1, 4313-5081 (-1))
type: CDS
location: [947096:948038](-)
id: cds-WP_036269991.1
qualifiers:
    Key: Dbxref, Value: ['GenBank:WP_036269991.1']
    Key: ID, Value: ['cds-WP_036269991.1']
    Key: Name, Value: ['WP_036269991.1']
    Key: Ontology_term, Value: ['GO:0043571', 'GO:0004520', 'GO:0046872']
    Key: Parent, Value: ['gene-QEN43_RS04095']
    Key: gbkey, Value: ['CDS']
    Key: gene, Value: ['cas1']
    Key: go_function, Value: ['DNA endonuclease activity|0004520||IEA', 'metal ion binding|0046872||IEA']
    Key: go_process, Value: ['maintenance of CRISPR repeat elements|0043571||IEA']
    Key: inference, Value: ['COORDINATES: similar to AA sequence:RefSeq:WP_017839246.1']
    Key: locus_tag, Value: ['QEN43_RS04095']
    Key: phase, Value: ['0']
    Key: product, Value: ['CRISPR-associated endonuclease Cas1']
    Key: protein_id, Value: ['WP_036269991.1']
    Key: source, Value: ['Protein Homology']
    Key: transl_table, Value: ['11']

GF(CRISPR-associated endonuclease Cas1, 5077-6019 (-1))
type: CDS
location: [948045:948330](-)
id: cds-WP_026612069.1
qualifiers:
    Key: Dbxref, Value: ['GenBank:WP_026612069.1']
    Key: ID, Value: ['cds-WP_026612069.1']
    Key: Name, Value: ['WP_026612069.1']
    Key: Ontology_term, Value: ['GO:0043571', 'GO:0004521']
    Key: Parent, Value: ['gene-QEN43_RS04100']
    Key: gbkey, Value: ['CDS']
    Key: gene, Value: ['cas2']
    Key: go_function, Value: ['RNA endonuclease activity|0004521||IEA']
    Key: go_process, Value: ['maintenance of CRISPR repeat elements|0043571||IEA']
    Key: inference, Value: ['COORDINATES: similar to AA sequence:RefSeq:WP_017839245.1']
    Key: locus_tag, Value: ['QEN43_RS04100']
    Key: phase, Value: ['0']
    Key: product, Value: ['CRISPR-associated endonuclease Cas2']
    Key: protein_id, Value: ['WP_026612069.1']
    Key: source, Value: ['Protein Homology']
    Key: transl_table, Value: ['11']

GF(CRISPR-associated endonuclease Cas2, 6026-6311 (-1))
type: CDS
location: [949152:951261](-)
id: cds-WP_026612070.1
qualifiers:
    Key: Dbxref, Value: ['GenBank:WP_026612070.1']
    Key: ID, Value: ['cds-WP_026612070.1']
    Key: Name, Value: ['WP_026612070.1']
    Key: Parent, Value: ['gene-QEN43_RS04105']
    Key: gbkey, Value: ['CDS']
    Key: inference, Value: ['COORDINATES: similar to AA sequence:RefSeq:WP_017839242.1']
    Key: locus_tag, Value: ['QEN43_RS04105']
    Key: phase, Value: ['0']
    Key: product, Value: ['CRISPR-associated ring nuclease']
    Key: protein_id, Value: ['WP_026612070.1']
    Key: source, Value: ['Protein Homology']
    Key: transl_table, Value: ['11']

GF(CRISPR-associated ring nuclease, 7133-9242 (-1))
type: CDS
location: [951257:951842](-)
id: cds-WP_051332073.1
qualifiers:
    Key: Dbxref, Value: ['GenBank:WP_051332073.1']
    Key: ID, Value: ['cds-WP_051332073.1']
    Key: Name, Value: ['WP_051332073.1']
    Key: Parent, Value: ['gene-QEN43_RS04110']
    Key: gbkey, Value: ['CDS']
    Key: inference, Value: ['COORDINATES: ab initio prediction:GeneMarkS-2+']
    Key: locus_tag, Value: ['QEN43_RS04110']
    Key: phase, Value: ['0']
    Key: product, Value: ['hypothetical protein']
    Key: protein_id, Value: ['WP_051332073.1']
    Key: source, Value: ['GeneMarkS-2+']
    Key: transl_table, Value: ['11']

GF(None, 9238-9823 (-1))
type: CDS
location: [951838:952144](-)
id: cds-WP_026612071.1
qualifiers:
    Key: Dbxref, Value: ['GenBank:WP_026612071.1']
    Key: ID, Value: ['cds-WP_026612071.1']
    Key: Name, Value: ['WP_026612071.1']
    Key: Ontology_term, Value: ['GO:0043571', 'GO:0003674']
    Key: Parent, Value: ['gene-QEN43_RS04115']
    Key: gbkey, Value: ['CDS']
    Key: gene, Value: ['csx16']
    Key: go_function, Value: ['molecular_function|0003674||IEA']
    Key: go_process, Value: ['maintenance of CRISPR repeat elements|0043571||IEA']
    Key: inference, Value: ['COORDINATES: similar to AA sequence:RefSeq:WP_005372356.1']
    Key: locus_tag, Value: ['QEN43_RS04115']
    Key: phase, Value: ['0']
    Key: product, Value: ['CRISPR-associated protein Csx16']
    Key: protein_id, Value: ['WP_026612071.1']
    Key: source, Value: ['Protein Homology']
    Key: transl_table, Value: ['11']

GF(CRISPR-associated protein Csx16, 9819-10125 (-1))
type: CDS
location: [957777:958857](-)
id: cds-WP_051332074.1
qualifiers:
    Key: Dbxref, Value: ['GenBank:WP_051332074.1']
    Key: ID, Value: ['cds-WP_051332074.1']
    Key: Name, Value: ['WP_051332074.1']
    Key: Ontology_term, Value: ['GO:0043571', 'GO:0003674']
    Key: Parent, Value: ['gene-QEN43_RS04120']
    Key: gbkey, Value: ['CDS']
    Key: gene, Value: ['cmr6']
    Key: go_function, Value: ['molecular_function|0003674||IEA']
    Key: go_process, Value: ['maintenance of CRISPR repeat elements|0043571||IEA']
    Key: inference, Value: ['COORDINATES: protein motif:HMM:NF015728.3']
    Key: locus_tag, Value: ['QEN43_RS04120']
    Key: phase, Value: ['0']
    Key: product, Value: ['type III-B CRISPR module RAMP protein Cmr6']
    Key: protein_id, Value: ['WP_051332074.1']
    Key: source, Value: ['Protein Homology']
    Key: transl_table, Value: ['11']

GF(type III-B CRISPR module RAMP protein Cmr6, 15758-16838 (-1))
type: CDS
location: [958866:959208](-)
id: cds-WP_026612072.1
qualifiers:
    Key: Dbxref, Value: ['GenBank:WP_026612072.1']
    Key: ID, Value: ['cds-WP_026612072.1']
    Key: Name, Value: ['WP_026612072.1']
    Key: Ontology_term, Value: ['GO:0043571', 'GO:0003674']
    Key: Parent, Value: ['gene-QEN43_RS04125']
    Key: gbkey, Value: ['CDS']
    Key: gene, Value: ['cmr5']
    Key: go_function, Value: ['molecular_function|0003674||IEA']
    Key: go_process, Value: ['maintenance of CRISPR repeat elements|0043571||IEA']
    Key: inference, Value: ['COORDINATES: protein motif:HMM:TIGR01881.1']
    Key: locus_tag, Value: ['QEN43_RS04125']
    Key: phase, Value: ['0']
    Key: product, Value: ['type III-B CRISPR module-associated protein Cmr5']
    Key: protein_id, Value: ['WP_026612072.1']
    Key: source, Value: ['Protein Homology']
    Key: transl_table, Value: ['11']

GF(type III-B CRISPR module-associated protein Cmr5, 16847-17189 (-1))
type: CDS
location: [959293:960214](-)
id: cds-WP_026612073.1
qualifiers:
    Key: Dbxref, Value: ['GenBank:WP_026612073.1']
    Key: ID, Value: ['cds-WP_026612073.1']
    Key: Name, Value: ['WP_026612073.1']
    Key: Ontology_term, Value: ['GO:0043571', 'GO:0003674']
    Key: Parent, Value: ['gene-QEN43_RS04130']
    Key: gbkey, Value: ['CDS']
    Key: gene, Value: ['cmr4']
    Key: go_function, Value: ['molecular_function|0003674||IEA']
    Key: go_process, Value: ['maintenance of CRISPR repeat elements|0043571||IEA']
    Key: inference, Value: ['COORDINATES: protein motif:HMM:TIGR02580.1']
    Key: locus_tag, Value: ['QEN43_RS04130']
    Key: phase, Value: ['0']
    Key: product, Value: ['type III-B CRISPR module RAMP protein Cmr4']
    Key: protein_id, Value: ['WP_026612073.1']
    Key: source, Value: ['Protein Homology']
    Key: transl_table, Value: ['11']

GF(type III-B CRISPR module RAMP protein Cmr4, 17274-18195 (-1))
type: CDS
location: [960348:961500](-)
id: cds-WP_026612074.1
qualifiers:
    Key: Dbxref, Value: ['GenBank:WP_026612074.1']
    Key: ID, Value: ['cds-WP_026612074.1']
    Key: Name, Value: ['WP_026612074.1']
    Key: Ontology_term, Value: ['GO:0043571', 'GO:0003674', 'GO:0005575']
    Key: Parent, Value: ['gene-QEN43_RS04135']
    Key: gbkey, Value: ['CDS']
    Key: gene, Value: ['cmr3']
    Key: go_component, Value: ['cellular_component|0005575||IEA']
    Key: go_function, Value: ['molecular_function|0003674||IEA']
    Key: go_process, Value: ['maintenance of CRISPR repeat elements|0043571||IEA']
    Key: inference, Value: ['COORDINATES: protein motif:HMM:NF021236.3']
    Key: locus_tag, Value: ['QEN43_RS04135']
    Key: phase, Value: ['0']
    Key: product, Value: ['type III-B CRISPR module-associated protein Cmr3']
    Key: protein_id, Value: ['WP_026612074.1']
    Key: source, Value: ['Protein Homology']
    Key: transl_table, Value: ['11']

GF(type III-B CRISPR module-associated protein Cmr3, 18329-19481 (-1))
type: CDS
location: [961530:964500](-)
id: cds-WP_026612075.1
qualifiers:
    Key: Dbxref, Value: ['GenBank:WP_026612075.1']
    Key: ID, Value: ['cds-WP_026612075.1']
    Key: Name, Value: ['WP_026612075.1']
    Key: Ontology_term, Value: ['GO:0043571', 'GO:0003674']
    Key: Parent, Value: ['gene-QEN43_RS04140']
    Key: gbkey, Value: ['CDS']
    Key: gene, Value: ['cas10']
    Key: go_function, Value: ['molecular_function|0003674||IEA']
    Key: go_process, Value: ['maintenance of CRISPR repeat elements|0043571||IEA']
    Key: inference, Value: ['COORDINATES: protein motif:HMM:TIGR02577.1']
    Key: locus_tag, Value: ['QEN43_RS04140']
    Key: phase, Value: ['0']
    Key: product, Value: ['type III-B CRISPR-associated protein Cas10/Cmr2']
    Key: protein_id, Value: ['WP_026612075.1']
    Key: source, Value: ['Protein Homology']
    Key: transl_table, Value: ['11']

GF(type III-B CRISPR-associated protein Cas10/Cmr2, 19511-22481 (-1))
type: CDS
location: [964513:965620](-)
id: cds-WP_026612076.1
qualifiers:
    Key: Dbxref, Value: ['GenBank:WP_026612076.1']
    Key: ID, Value: ['cds-WP_026612076.1']
    Key: Name, Value: ['WP_026612076.1']
    Key: Parent, Value: ['gene-QEN43_RS04145']
    Key: gbkey, Value: ['CDS']
    Key: inference, Value: ['COORDINATES: ab initio prediction:GeneMarkS-2+']
    Key: locus_tag, Value: ['QEN43_RS04145']
    Key: phase, Value: ['0']
    Key: product, Value: ['hypothetical protein']
    Key: protein_id, Value: ['WP_026612076.1']
    Key: source, Value: ['GeneMarkS-2+']
    Key: transl_table, Value: ['11']

GF(None, 22494-23601 (-1))
type: CDS
location: [965917:967204](-)
id: cds-WP_026612077.1
qualifiers:
    Key: Dbxref, Value: ['GenBank:WP_026612077.1']
    Key: ID, Value: ['cds-WP_026612077.1']
    Key: Name, Value: ['WP_026612077.1']
    Key: Ontology_term, Value: ['GO:0043571', 'GO:0003674']
    Key: Parent, Value: ['gene-QEN43_RS04150']
    Key: gbkey, Value: ['CDS']
    Key: go_function, Value: ['molecular_function|0003674||IEA']
    Key: go_process, Value: ['maintenance of CRISPR repeat elements|0043571||IEA']
    Key: inference, Value: ['COORDINATES: similar to AA sequence:RefSeq:WP_020562250.1']
    Key: locus_tag, Value: ['QEN43_RS04150']
    Key: phase, Value: ['0']
    Key: product, Value: ['TIGR02710 family CRISPR-associated CARF protein']
    Key: protein_id, Value: ['WP_026612077.1']
    Key: source, Value: ['Protein Homology']
    Key: transl_table, Value: ['11']

GF(TIGR02710 family CRISPR-associated CARF protein, 23898-25185 (-1))
type: CDS
location: [970223:971174](-)
id: cds-WP_317963722.1
qualifiers:
    Key: Dbxref, Value: ['GenBank:WP_317963722.1']
    Key: ID, Value: ['cds-WP_317963722.1']
    Key: Name, Value: ['WP_317963722.1']
    Key: Ontology_term, Value: ['GO:0004803']
    Key: Parent, Value: ['gene-QEN43_RS04155']
    Key: gbkey, Value: ['CDS']
    Key: go_function, Value: ['transposase activity|0004803||IEA']
    Key: inference, Value: ['COORDINATES: similar to AA sequence:RefSeq:WP_026611768.1']
    Key: locus_tag, Value: ['QEN43_RS04155']
    Key: phase, Value: ['0']
    Key: product, Value: ['IS1595 family transposase']
    Key: protein_id, Value: ['WP_317963722.1']
    Key: source, Value: ['Protein Homology']
    Key: transl_table, Value: ['11']

GF(IS1595 family transposase, 28204-29155 (-1))
type: repeat_region
location: [952579:957673](+)
id: NZ_OX458333.1_1
qualifiers:
    Key: Dbxref, Value: ['SO:0001459']
    Key: ID, Value: ['NZ_OX458333.1_1']
    Key: Note, Value: ['GTCTTAATCCCTTCTTGATCAGGTCTCGATTCAAAC']
    Key: Ontology_term, Value: ['CRISPR']
    Key: score, Value: ['5094']
    Key: source, Value: ['CCTyper']

GF(Repeat region, 10560-15654 (0))
type: repeat_region
location: [967487:970198](+)
id: NZ_OX458333.1_2
qualifiers:
    Key: Dbxref, Value: ['SO:0001459']
    Key: ID, Value: ['NZ_OX458333.1_2']
    Key: Note, Value: ['GTCTTAATCCCTTCTTAATCAGGTCTCGTTTCAAAC']
    Key: Ontology_term, Value: ['CRISPR']
    Key: score, Value: ['2711']
    Key: source, Value: ['CCTyper']

GF(Repeat region, 25468-28179 (0))
graphic feature from known effectors: GF(csx1, 23899-25185 (-1))
[GF(FecR family protein, 426-1467 (-1)), GF(RNA polymerase sigma factor, 1538-2054 (-1)), GF(PepSY-associated TM helix domain-containing protein, 2292-3525 (-1)), GF(CRISPR-associated endonuclease Cas2, 3999-4314 (-1)), GF(CRISPR-associated endonuclease Cas1, 4313-5081 (-1)), GF(CRISPR-associated endonuclease Cas1, 5077-6019 (-1)), GF(CRISPR-associated endonuclease Cas2, 6026-6311 (-1)), GF(CRISPR-associated ring nuclease, 7133-9242 (-1)), GF(None, 9238-9823 (-1)), GF(CRISPR-associated protein Csx16, 9819-10125 (-1)), GF(type III-B CRISPR module RAMP protein Cmr6, 15758-16838 (-1)), GF(type III-B CRISPR module-associated protein Cmr5, 16847-17189 (-1)), GF(type III-B CRISPR module RAMP protein Cmr4, 17274-18195 (-1)), GF(type III-B CRISPR module-associated protein Cmr3, 18329-19481 (-1)), GF(type III-B CRISPR-associated protein Cas10/Cmr2, 19511-22481 (-1)), GF(None, 22494-23601 (-1)), GF(TIGR02710 family CRISPR-associated CARF protein, 23898-25185 (-1)), GF(IS1595 family transposase, 28204-29155 (-1)), GF(Repeat region, 10560-15654 (0)), GF(Repeat region, 25468-28179 (0)), GF(csx1, 23899-25185 (-1)), GF(CRISPR-Cas locus, 4000-25185 (0))]
