Cas operons file:    Unnamed: 0         Contig  ...           locus_id           sample
0           2  NZ_AP017367.1  ...  GCF_001548395.1_2  GCF_001548395.1

[1 rows x 19 columns]
The chosen contig: NZ_AP017367.1
type: CDS
location: [5316053:5316380](-)
id: cds-WP_068515428.1
qualifiers:
    Key: Dbxref, Value: ['GenBank:WP_068515428.1']
    Key: ID, Value: ['cds-WP_068515428.1']
    Key: Name, Value: ['WP_068515428.1']
    Key: Parent, Value: ['gene-O77CONTIG1_RS22445']
    Key: gbkey, Value: ['CDS']
    Key: inference, Value: ['COORDINATES: ab initio prediction:GeneMarkS-2+']
    Key: locus_tag, Value: ['O77CONTIG1_RS22445']
    Key: phase, Value: ['0']
    Key: product, Value: ['hypothetical protein']
    Key: protein_id, Value: ['WP_068515428.1']
    Key: source, Value: ['GeneMarkS-2+']
    Key: transl_table, Value: ['11']

GF(None, 3139-3466 (-1))
type: CDS
location: [5316913:5317681](+)
id: cds-WP_068515431.1
qualifiers:
    Key: Dbxref, Value: ['GenBank:WP_068515431.1']
    Key: ID, Value: ['cds-WP_068515431.1']
    Key: Name, Value: ['WP_068515431.1']
    Key: Parent, Value: ['gene-O77CONTIG1_RS22450']
    Key: gbkey, Value: ['CDS']
    Key: inference, Value: ['COORDINATES: protein motif:HMM:NF021207.3']
    Key: locus_tag, Value: ['O77CONTIG1_RS22450']
    Key: phase, Value: ['0']
    Key: product, Value: ['hypothetical protein']
    Key: protein_id, Value: ['WP_068515431.1']
    Key: source, Value: ['Protein Homology']
    Key: transl_table, Value: ['11']

GF(None, 3999-4767 (1))
type: CDS
location: [5317769:5319689](+)
id: cds-WP_068515435.1
qualifiers:
    Key: Dbxref, Value: ['GenBank:WP_068515435.1']
    Key: ID, Value: ['cds-WP_068515435.1']
    Key: Name, Value: ['WP_068515435.1']
    Key: Parent, Value: ['gene-O77CONTIG1_RS22455']
    Key: gbkey, Value: ['CDS']
    Key: inference, Value: ['COORDINATES: ab initio prediction:GeneMarkS-2+']
    Key: locus_tag, Value: ['O77CONTIG1_RS22455']
    Key: phase, Value: ['0']
    Key: product, Value: ['hypothetical protein']
    Key: protein_id, Value: ['WP_068515435.1']
    Key: source, Value: ['GeneMarkS-2+']
    Key: transl_table, Value: ['11']

GF(None, 4855-6775 (1))
type: CDS
location: [5319689:5320961](+)
id: cds-WP_068515437.1
qualifiers:
    Key: Dbxref, Value: ['GenBank:WP_068515437.1']
    Key: ID, Value: ['cds-WP_068515437.1']
    Key: Name, Value: ['WP_068515437.1']
    Key: Parent, Value: ['gene-O77CONTIG1_RS22460']
    Key: gbkey, Value: ['CDS']
    Key: inference, Value: ['COORDINATES: protein motif:HMM:NF015728.3']
    Key: locus_tag, Value: ['O77CONTIG1_RS22460']
    Key: phase, Value: ['0']
    Key: product, Value: ['RAMP superfamily CRISPR-associated protein']
    Key: protein_id, Value: ['WP_068515437.1']
    Key: source, Value: ['Protein Homology']
    Key: transl_table, Value: ['11']

GF(RAMP superfamily CRISPR-associated protein, 6775-8047 (1))
type: CDS
location: [5322241:5323840](+)
id: cds-WP_084782923.1
qualifiers:
    Key: Dbxref, Value: ['GenBank:WP_084782923.1']
    Key: ID, Value: ['cds-WP_084782923.1']
    Key: Name, Value: ['WP_084782923.1']
    Key: Parent, Value: ['gene-O77CONTIG1_RS22470']
    Key: gbkey, Value: ['CDS']
    Key: inference, Value: ['COORDINATES: protein motif:HMM:NF015728.3']
    Key: locus_tag, Value: ['O77CONTIG1_RS22470']
    Key: phase, Value: ['0']
    Key: product, Value: ['RAMP superfamily CRISPR-associated protein']
    Key: protein_id, Value: ['WP_084782923.1']
    Key: source, Value: ['Protein Homology']
    Key: transl_table, Value: ['11']

GF(RAMP superfamily CRISPR-associated protein, 9327-10926 (1))
type: CDS
location: [5323851:5324487](+)
id: cds-WP_068515445.1
qualifiers:
    Key: Dbxref, Value: ['GenBank:WP_068515445.1']
    Key: ID, Value: ['cds-WP_068515445.1']
    Key: Name, Value: ['WP_068515445.1']
    Key: Parent, Value: ['gene-O77CONTIG1_RS22475']
    Key: gbkey, Value: ['CDS']
    Key: gene, Value: ['csx19']
    Key: inference, Value: ['COORDINATES: protein motif:HMM:TIGR03984.2']
    Key: locus_tag, Value: ['O77CONTIG1_RS22475']
    Key: phase, Value: ['0']
    Key: product, Value: ['CRISPR-associated protein Csx19']
    Key: protein_id, Value: ['WP_068515445.1']
    Key: source, Value: ['Protein Homology']
    Key: transl_table, Value: ['11']

GF(CRISPR-associated protein Csx19, 10937-11573 (1))
type: CDS
location: [5324479:5326720](+)
id: cds-WP_084782924.1
qualifiers:
    Key: Dbxref, Value: ['GenBank:WP_084782924.1']
    Key: ID, Value: ['cds-WP_084782924.1']
    Key: Name, Value: ['WP_084782924.1']
    Key: Parent, Value: ['gene-O77CONTIG1_RS24010']
    Key: gbkey, Value: ['CDS']
    Key: inference, Value: ['COORDINATES: protein motif:HMM:TIGR03986.1']
    Key: locus_tag, Value: ['O77CONTIG1_RS24010']
    Key: phase, Value: ['0']
    Key: product, Value: ['TIGR03986 family CRISPR-associated RAMP protein']
    Key: protein_id, Value: ['WP_084782924.1']
    Key: source, Value: ['Protein Homology']
    Key: transl_table, Value: ['11']

GF(TIGR03986 family CRISPR-associated RAMP protein, 11565-13806 (1))
type: CDS
location: [5326777:5328256](+)
id: cds-WP_068515451.1
qualifiers:
    Key: Dbxref, Value: ['GenBank:WP_068515451.1']
    Key: ID, Value: ['cds-WP_068515451.1']
    Key: Name, Value: ['WP_068515451.1']
    Key: Parent, Value: ['gene-O77CONTIG1_RS22485']
    Key: gbkey, Value: ['CDS']
    Key: inference, Value: ['COORDINATES: protein motif:HMM:TIGR03985.1']
    Key: locus_tag, Value: ['O77CONTIG1_RS22485']
    Key: phase, Value: ['0']
    Key: product, Value: ['TIGR03985 family CRISPR-associated protein']
    Key: protein_id, Value: ['WP_068515451.1']
    Key: source, Value: ['Protein Homology']
    Key: transl_table, Value: ['11']

GF(TIGR03985 family CRISPR-associated protein, 13863-15342 (1))
type: CDS
location: [5328359:5329019](+)
id: cds-WP_197673274.1
qualifiers:
    Key: Dbxref, Value: ['GenBank:WP_197673274.1']
    Key: ID, Value: ['cds-WP_197673274.1']
    Key: Name, Value: ['WP_197673274.1']
    Key: Parent, Value: ['gene-O77CONTIG1_RS22490']
    Key: gbkey, Value: ['CDS']
    Key: inference, Value: ['COORDINATES: protein motif:HMM:NF024724.3']
    Key: locus_tag, Value: ['O77CONTIG1_RS22490']
    Key: phase, Value: ['0']
    Key: product, Value: ['HD domain-containing protein']
    Key: protein_id, Value: ['WP_197673274.1']
    Key: source, Value: ['Protein Homology']
    Key: transl_table, Value: ['11']

GF(HD domain-containing protein, 15445-16105 (1))
type: CDS
location: [5328990:5329305](+)
id: cds-WP_068515455.1
qualifiers:
    Key: Dbxref, Value: ['GenBank:WP_068515455.1']
    Key: ID, Value: ['cds-WP_068515455.1']
    Key: Name, Value: ['WP_068515455.1']
    Key: Ontology_term, Value: ['GO:0043571', 'GO:0003674']
    Key: Parent, Value: ['gene-O77CONTIG1_RS22495']
    Key: gbkey, Value: ['CDS']
    Key: gene, Value: ['crn3']
    Key: go_function, Value: ['molecular_function|0003674||IEA']
    Key: go_process, Value: ['maintenance of CRISPR repeat elements|0043571||IEA']
    Key: inference, Value: ['COORDINATES: protein motif:HMM:TIGR02579.1']
    Key: locus_tag, Value: ['O77CONTIG1_RS22495']
    Key: phase, Value: ['0']
    Key: product, Value: ['CRISPR-associated ring nuclease Crn3/Csx3']
    Key: protein_id, Value: ['WP_068515455.1']
    Key: source, Value: ['Protein Homology']
    Key: transl_table, Value: ['11']

GF(CRISPR-associated ring nuclease Crn3/Csx3, 16076-16391 (1))
type: CDS
location: [5329344:5330004](+)
id: cds-WP_068515458.1
qualifiers:
    Key: Dbxref, Value: ['GenBank:WP_068515458.1']
    Key: ID, Value: ['cds-WP_068515458.1']
    Key: Name, Value: ['WP_068515458.1']
    Key: Parent, Value: ['gene-O77CONTIG1_RS22500']
    Key: gbkey, Value: ['CDS']
    Key: inference, Value: ['COORDINATES: ab initio prediction:GeneMarkS-2+']
    Key: locus_tag, Value: ['O77CONTIG1_RS22500']
    Key: phase, Value: ['0']
    Key: product, Value: ['ATP-binding protein']
    Key: protein_id, Value: ['WP_068515458.1']
    Key: source, Value: ['GeneMarkS-2+']
    Key: transl_table, Value: ['11']

GF(ATP-binding protein, 16430-17090 (1))
type: CDS
location: [5330020:5330518](-)
id: cds-WP_084782926.1
qualifiers:
    Key: Dbxref, Value: ['GenBank:WP_084782926.1']
    Key: ID, Value: ['cds-WP_084782926.1']
    Key: Name, Value: ['WP_084782926.1']
    Key: Parent, Value: ['gene-O77CONTIG1_RS22505']
    Key: gbkey, Value: ['CDS']
    Key: inference, Value: ['COORDINATES: ab initio prediction:GeneMarkS-2+']
    Key: locus_tag, Value: ['O77CONTIG1_RS22505']
    Key: phase, Value: ['0']
    Key: product, Value: ['hypothetical protein']
    Key: protein_id, Value: ['WP_084782926.1']
    Key: source, Value: ['GeneMarkS-2+']
    Key: transl_table, Value: ['11']

GF(None, 17106-17604 (-1))
type: CDS
location: [5330579:5331263](+)
id: cds-WP_068515461.1
qualifiers:
    Key: Dbxref, Value: ['GenBank:WP_068515461.1']
    Key: ID, Value: ['cds-WP_068515461.1']
    Key: Name, Value: ['WP_068515461.1']
    Key: Ontology_term, Value: ['GO:0000160', 'GO:0006355', 'GO:0003677']
    Key: Parent, Value: ['gene-O77CONTIG1_RS22510']
    Key: gbkey, Value: ['CDS']
    Key: go_function, Value: ['DNA binding|0003677||IEA']
    Key: go_process, Value: ['phosphorelay signal transduction system|0000160||IEA', 'regulation of DNA-templated transcription|0006355||IEA']
    Key: inference, Value: ['COORDINATES: similar to AA sequence:RefSeq:WP_017288512.1']
    Key: locus_tag, Value: ['O77CONTIG1_RS22510']
    Key: phase, Value: ['0']
    Key: product, Value: ['response regulator transcription factor']
    Key: protein_id, Value: ['WP_068515461.1']
    Key: source, Value: ['Protein Homology']
    Key: transl_table, Value: ['11']

GF(response regulator transcription factor, 17665-18349 (1))
type: CDS
location: [5331286:5332630](+)
id: cds-WP_068515463.1
qualifiers:
    Key: Dbxref, Value: ['GenBank:WP_068515463.1']
    Key: ID, Value: ['cds-WP_068515463.1']
    Key: Name, Value: ['WP_068515463.1']
    Key: Ontology_term, Value: ['GO:0007165', 'GO:0000156', 'GO:0004673', 'GO:0005524']
    Key: Parent, Value: ['gene-O77CONTIG1_RS22515']
    Key: gbkey, Value: ['CDS']
    Key: go_function, Value: ['phosphorelay response regulator activity|0000156||IEA', 'protein histidine kinase activity|0004673||IEA', 'ATP binding|0005524||IEA']
    Key: go_process, Value: ['signal transduction|0007165||IEA']
    Key: inference, Value: ['COORDINATES: protein motif:HMM:NF014567.3']
    Key: locus_tag, Value: ['O77CONTIG1_RS22515']
    Key: phase, Value: ['0']
    Key: product, Value: ['HAMP domain-containing sensor histidine kinase']
    Key: protein_id, Value: ['WP_068515463.1']
    Key: source, Value: ['Protein Homology']
    Key: transl_table, Value: ['11']

GF(HAMP domain-containing sensor histidine kinase, 18372-19716 (1))
graphic feature from cctyper protein table: GF(CasR, 4000-4767 (1))
graphic feature from cctyper protein table: GF(Cas10, 4856-6775 (1))
graphic feature from cctyper protein table: GF(Csm3gr7, 6776-8047 (1))
graphic feature from cctyper protein table: GF(Csm3gr7, 9328-10926 (1))
graphic feature from cctyper protein table: GF(Csx19, 10938-11573 (1))
graphic feature from cctyper protein table: GF(Csm3gr7, 11566-13806 (1))
graphic feature from cctyper protein table: GF(WYL, 13864-15342 (1))
graphic feature from cctyper protein table: GF(Csx3, 16077-16391 (1))
graphic feature from cctyper protein table: GF(Csx3, 16431-17090 (1))
Index(['protein_id', 'start', 'end', 'effector', 'locus', 'sample', 'strand',
       'sequence', 'type'],
      dtype='object')
graphic feature from known effectors: GF(cam1, 4000-4767 (1))
Index(['protein_id', 'start', 'end', 'effector', 'locus', 'sample', 'strand',
       'sequence', 'type'],
      dtype='object')
graphic feature from ring nucleases: GF(crn3, 16077-16391 (1))
[GF(None, 3139-3466 (-1)), GF(None, 3999-4767 (1)), GF(None, 4855-6775 (1)), GF(RAMP superfamily CRISPR-associated protein, 6775-8047 (1)), GF(RAMP superfamily CRISPR-associated protein, 9327-10926 (1)), GF(CRISPR-associated protein Csx19, 10937-11573 (1)), GF(TIGR03986 family CRISPR-associated RAMP protein, 11565-13806 (1)), GF(TIGR03985 family CRISPR-associated protein, 13863-15342 (1)), GF(HD domain-containing protein, 15445-16105 (1)), GF(CRISPR-associated ring nuclease Crn3/Csx3, 16076-16391 (1)), GF(ATP-binding protein, 16430-17090 (1)), GF(None, 17106-17604 (-1)), GF(response regulator transcription factor, 17665-18349 (1)), GF(HAMP domain-containing sensor histidine kinase, 18372-19716 (1)), GF(CasR, 4000-4767 (1)), GF(Cas10, 4856-6775 (1)), GF(Csm3gr7, 6776-8047 (1)), GF(Csm3gr7, 9328-10926 (1)), GF(Csx19, 10938-11573 (1)), GF(Csm3gr7, 11566-13806 (1)), GF(WYL, 13864-15342 (1)), GF(Csx3, 16077-16391 (1)), GF(Csx3, 16431-17090 (1)), GF(cam1, 4000-4767 (1)), GF(crn3, 16077-16391 (1)), GF(CRISPR-Cas locus, 4000-17090 (0))]
