Cas operons file:    Unnamed: 0         Contig  ...           locus_id           sample
0           1  NZ_CP106878.1  ...  GCF_026547225.1_1  GCF_026547225.1

[1 rows x 19 columns]
The chosen contig: NZ_CP106878.1
type: CDS
location: [45880:47395](+)
id: cds-WP_275416713.1
qualifiers:
    Key: Dbxref, Value: ['GenBank:WP_275416713.1']
    Key: ID, Value: ['cds-WP_275416713.1']
    Key: Name, Value: ['WP_275416713.1']
    Key: Ontology_term, Value: ['GO:0004803']
    Key: Parent, Value: ['gene-OE104_RS00190']
    Key: gbkey, Value: ['CDS']
    Key: gene, Value: ['istA']
    Key: go_function, Value: ['transposase activity|0004803||IEA']
    Key: inference, Value: ['COORDINATES: similar to AA sequence:RefSeq:WP_009499511.1']
    Key: locus_tag, Value: ['OE104_RS00190']
    Key: phase, Value: ['0']
    Key: product, Value: ['IS21 family transposase']
    Key: protein_id, Value: ['WP_275416713.1']
    Key: source, Value: ['Protein Homology']
    Key: transl_table, Value: ['11']

GF(IS21 family transposase, 89-1604 (1))
type: CDS
location: [47387:48110](+)
id: cds-WP_275416613.1
qualifiers:
    Key: Dbxref, Value: ['GenBank:WP_275416613.1']
    Key: ID, Value: ['cds-WP_275416613.1']
    Key: Name, Value: ['WP_275416613.1']
    Key: Ontology_term, Value: ['GO:0005524']
    Key: Parent, Value: ['gene-OE104_RS00195']
    Key: gbkey, Value: ['CDS']
    Key: gene, Value: ['istB']
    Key: go_function, Value: ['ATP binding|0005524||IEA']
    Key: inference, Value: ['COORDINATES: similar to AA sequence:RefSeq:WP_013876177.1']
    Key: locus_tag, Value: ['OE104_RS00195']
    Key: phase, Value: ['0']
    Key: product, Value: ['IS21-like element helper ATPase IstB']
    Key: protein_id, Value: ['WP_275416613.1']
    Key: source, Value: ['Protein Homology']
    Key: transl_table, Value: ['11']

GF(IS21-like element helper ATPase IstB, 1596-2319 (1))
type: CDS
location: [48427:48691](+)
id: cds-WP_275417621.1
qualifiers:
    Key: Dbxref, Value: ['GenBank:WP_275417621.1']
    Key: ID, Value: ['cds-WP_275417621.1']
    Key: Name, Value: ['WP_275417621.1']
    Key: Parent, Value: ['gene-OE104_RS00200']
    Key: gbkey, Value: ['CDS']
    Key: inference, Value: ['COORDINATES: ab initio prediction:GeneMarkS-2+']
    Key: locus_tag, Value: ['OE104_RS00200']
    Key: phase, Value: ['0']
    Key: product, Value: ['hypothetical protein']
    Key: protein_id, Value: ['WP_275417621.1']
    Key: source, Value: ['GeneMarkS-2+']
    Key: transl_table, Value: ['11']

GF(None, 2636-2900 (1))
type: CDS
location: [48739:49627](+)
id: cds-WP_275417622.1
qualifiers:
    Key: Dbxref, Value: ['GenBank:WP_275417622.1']
    Key: ID, Value: ['cds-WP_275417622.1']
    Key: Name, Value: ['WP_275417622.1']
    Key: Parent, Value: ['gene-OE104_RS00205']
    Key: gbkey, Value: ['CDS']
    Key: inference, Value: ['COORDINATES: protein motif:HMM:NF021189.4']
    Key: locus_tag, Value: ['OE104_RS00205']
    Key: phase, Value: ['0']
    Key: product, Value: ['CRISPR-associated protein']
    Key: protein_id, Value: ['WP_275417622.1']
    Key: source, Value: ['Protein Homology']
    Key: transl_table, Value: ['11']

GF(CRISPR-associated protein, 2948-3836 (1))
type: CDS
location: [49721:52196](+)
id: cds-WP_275417623.1
qualifiers:
    Key: Dbxref, Value: ['GenBank:WP_275417623.1']
    Key: ID, Value: ['cds-WP_275417623.1']
    Key: Name, Value: ['WP_275417623.1']
    Key: Ontology_term, Value: ['GO:0043571', 'GO:0003674']
    Key: Parent, Value: ['gene-OE104_RS00210']
    Key: gbkey, Value: ['CDS']
    Key: gene, Value: ['cas10']
    Key: go_function, Value: ['molecular_function|0003674||IEA']
    Key: go_process, Value: ['maintenance of CRISPR repeat elements|0043571||IEA']
    Key: inference, Value: ['COORDINATES: protein motif:HMM:TIGR02578.1']
    Key: locus_tag, Value: ['OE104_RS00210']
    Key: phase, Value: ['0']
    Key: product, Value: ['type III-A CRISPR-associated protein Cas10/Csm1']
    Key: protein_id, Value: ['WP_275417623.1']
    Key: source, Value: ['Protein Homology']
    Key: transl_table, Value: ['11']

GF(type III-A CRISPR-associated protein Cas10/Csm1, 3930-6405 (1))
type: CDS
location: [52185:52737](+)
id: cds-WP_275417624.1
qualifiers:
    Key: Dbxref, Value: ['GenBank:WP_275417624.1']
    Key: ID, Value: ['cds-WP_275417624.1']
    Key: Name, Value: ['WP_275417624.1']
    Key: Ontology_term, Value: ['GO:0043571', 'GO:0003674']
    Key: Parent, Value: ['gene-OE104_RS00215']
    Key: gbkey, Value: ['CDS']
    Key: gene, Value: ['csm2']
    Key: go_function, Value: ['molecular_function|0003674||IEA']
    Key: go_process, Value: ['maintenance of CRISPR repeat elements|0043571||IEA']
    Key: inference, Value: ['COORDINATES: protein motif:HMM:NF015695.4']
    Key: locus_tag, Value: ['OE104_RS00215']
    Key: phase, Value: ['0']
    Key: product, Value: ['type III-A CRISPR-associated protein Csm2']
    Key: protein_id, Value: ['WP_275417624.1']
    Key: source, Value: ['Protein Homology']
    Key: transl_table, Value: ['11']

GF(type III-A CRISPR-associated protein Csm2, 6394-6946 (1))
type: CDS
location: [52790:53594](+)
id: cds-WP_275417625.1
qualifiers:
    Key: Dbxref, Value: ['GenBank:WP_275417625.1']
    Key: ID, Value: ['cds-WP_275417625.1']
    Key: Name, Value: ['WP_275417625.1']
    Key: Ontology_term, Value: ['GO:0043571', 'GO:0003674']
    Key: Parent, Value: ['gene-OE104_RS00220']
    Key: gbkey, Value: ['CDS']
    Key: gene, Value: ['csm3']
    Key: go_function, Value: ['molecular_function|0003674||IEA']
    Key: go_process, Value: ['maintenance of CRISPR repeat elements|0043571||IEA']
    Key: inference, Value: ['COORDINATES: protein motif:HMM:TIGR02582.1']
    Key: locus_tag, Value: ['OE104_RS00220']
    Key: phase, Value: ['0']
    Key: product, Value: ['type III-A CRISPR-associated RAMP protein Csm3']
    Key: protein_id, Value: ['WP_275417625.1']
    Key: source, Value: ['Protein Homology']
    Key: transl_table, Value: ['11']

GF(type III-A CRISPR-associated RAMP protein Csm3, 6999-7803 (1))
type: CDS
location: [53590:54649](+)
id: cds-WP_275417626.1
qualifiers:
    Key: Dbxref, Value: ['GenBank:WP_275417626.1']
    Key: ID, Value: ['cds-WP_275417626.1']
    Key: Name, Value: ['WP_275417626.1']
    Key: Ontology_term, Value: ['GO:0043571', 'GO:0003674']
    Key: Parent, Value: ['gene-OE104_RS00225']
    Key: gbkey, Value: ['CDS']
    Key: gene, Value: ['csm4']
    Key: go_function, Value: ['molecular_function|0003674||IEA']
    Key: go_process, Value: ['maintenance of CRISPR repeat elements|0043571||IEA']
    Key: inference, Value: ['COORDINATES: protein motif:HMM:TIGR01903.1']
    Key: locus_tag, Value: ['OE104_RS00225']
    Key: phase, Value: ['0']
    Key: product, Value: ['type III-A CRISPR-associated RAMP protein Csm4']
    Key: protein_id, Value: ['WP_275417626.1']
    Key: source, Value: ['Protein Homology']
    Key: transl_table, Value: ['11']

GF(type III-A CRISPR-associated RAMP protein Csm4, 7799-8858 (1))
type: CDS
location: [54641:55778](+)
id: cds-WP_275417627.1
qualifiers:
    Key: Dbxref, Value: ['GenBank:WP_275417627.1']
    Key: ID, Value: ['cds-WP_275417627.1']
    Key: Name, Value: ['WP_275417627.1']
    Key: Ontology_term, Value: ['GO:0043571', 'GO:0003674']
    Key: Parent, Value: ['gene-OE104_RS00230']
    Key: gbkey, Value: ['CDS']
    Key: gene, Value: ['csm5']
    Key: go_function, Value: ['molecular_function|0003674||IEA']
    Key: go_process, Value: ['maintenance of CRISPR repeat elements|0043571||IEA']
    Key: inference, Value: ['COORDINATES: protein motif:HMM:TIGR01899.1']
    Key: locus_tag, Value: ['OE104_RS00230']
    Key: phase, Value: ['0']
    Key: product, Value: ['type III-A CRISPR-associated RAMP protein Csm5']
    Key: protein_id, Value: ['WP_275417627.1']
    Key: source, Value: ['Protein Homology']
    Key: transl_table, Value: ['11']

GF(type III-A CRISPR-associated RAMP protein Csm5, 8850-9987 (1))
type: CDS
location: [55795:57265](+)
id: cds-WP_275417628.1
qualifiers:
    Key: Dbxref, Value: ['GenBank:WP_275417628.1']
    Key: ID, Value: ['cds-WP_275417628.1']
    Key: Name, Value: ['WP_275417628.1']
    Key: Ontology_term, Value: ['GO:0043571', 'GO:0003674']
    Key: Parent, Value: ['gene-OE104_RS00235']
    Key: gbkey, Value: ['CDS']
    Key: go_function, Value: ['molecular_function|0003674||IEA']
    Key: go_process, Value: ['maintenance of CRISPR repeat elements|0043571||IEA']
    Key: inference, Value: ['COORDINATES: protein motif:HMM:NF021207.4']
    Key: locus_tag, Value: ['OE104_RS00235']
    Key: phase, Value: ['0']
    Key: product, Value: ['TIGR02710 family CRISPR-associated CARF protein']
    Key: protein_id, Value: ['WP_275417628.1']
    Key: source, Value: ['Protein Homology']
    Key: transl_table, Value: ['11']

GF(TIGR02710 family CRISPR-associated CARF protein, 10004-11474 (1))
type: CDS
location: [58714:59113](+)
id: cds-WP_275417629.1
qualifiers:
    Key: Dbxref, Value: ['GenBank:WP_275417629.1']
    Key: ID, Value: ['cds-WP_275417629.1']
    Key: Name, Value: ['WP_275417629.1']
    Key: Ontology_term, Value: ['GO:0004803']
    Key: Parent, Value: ['gene-OE104_RS00240']
    Key: gbkey, Value: ['CDS']
    Key: gene, Value: ['tnpA']
    Key: go_function, Value: ['transposase activity|0004803||IEA']
    Key: inference, Value: ['COORDINATES: similar to AA sequence:RefSeq:WP_000762755.1']
    Key: locus_tag, Value: ['OE104_RS00240']
    Key: phase, Value: ['0']
    Key: product, Value: ['IS200/IS605 family transposase']
    Key: protein_id, Value: ['WP_275417629.1']
    Key: source, Value: ['Protein Homology']
    Key: transl_table, Value: ['11']

GF(IS200/IS605 family transposase, 12923-13322 (1))
type: CDS
location: [59125:60235](+)
id: cds-WP_275417630.1
qualifiers:
    Key: Dbxref, Value: ['GenBank:WP_275417630.1']
    Key: ID, Value: ['cds-WP_275417630.1']
    Key: Name, Value: ['WP_275417630.1']
    Key: Parent, Value: ['gene-OE104_RS00245']
    Key: gbkey, Value: ['CDS']
    Key: inference, Value: ['COORDINATES: similar to AA sequence:RefSeq:WP_013858387.1']
    Key: locus_tag, Value: ['OE104_RS00245']
    Key: phase, Value: ['0']
    Key: product, Value: ['RNA-guided endonuclease TnpB family protein']
    Key: protein_id, Value: ['WP_275417630.1']
    Key: source, Value: ['Protein Homology']
    Key: transl_table, Value: ['11']

GF(RNA-guided endonuclease TnpB family protein, 13334-14444 (1))
type: CDS
location: [60967:61189](-)
id: cds-WP_275417631.1
qualifiers:
    Key: Dbxref, Value: ['GenBank:WP_275417631.1']
    Key: ID, Value: ['cds-WP_275417631.1']
    Key: Name, Value: ['WP_275417631.1']
    Key: Parent, Value: ['gene-OE104_RS00250']
    Key: gbkey, Value: ['CDS']
    Key: inference, Value: ['COORDINATES: ab initio prediction:GeneMarkS-2+']
    Key: locus_tag, Value: ['OE104_RS00250']
    Key: phase, Value: ['0']
    Key: product, Value: ['hypothetical protein']
    Key: protein_id, Value: ['WP_275417631.1']
    Key: source, Value: ['GeneMarkS-2+']
    Key: transl_table, Value: ['11']

GF(None, 15176-15398 (-1))
type: CDS
location: [61864:62821](+)
id: cds-WP_275417632.1
qualifiers:
    Key: Dbxref, Value: ['GenBank:WP_275417632.1']
    Key: ID, Value: ['cds-WP_275417632.1']
    Key: Name, Value: ['WP_275417632.1']
    Key: Ontology_term, Value: ['GO:0005524']
    Key: Parent, Value: ['gene-OE104_RS00255']
    Key: gbkey, Value: ['CDS']
    Key: go_function, Value: ['ATP binding|0005524||IEA']
    Key: inference, Value: ['COORDINATES: protein motif:HMM:NF012235.4']
    Key: locus_tag, Value: ['OE104_RS00255']
    Key: phase, Value: ['0']
    Key: product, Value: ['ATP-binding cassette domain-containing protein']
    Key: protein_id, Value: ['WP_275417632.1']
    Key: source, Value: ['Protein Homology']
    Key: transl_table, Value: ['11']

GF(ATP-binding cassette domain-containing protein, 16073-17030 (1))
type: CDS
location: [62786:63581](+)
id: cds-WP_275417633.1
qualifiers:
    Key: Dbxref, Value: ['GenBank:WP_275417633.1']
    Key: ID, Value: ['cds-WP_275417633.1']
    Key: Name, Value: ['WP_275417633.1']
    Key: Parent, Value: ['gene-OE104_RS00260']
    Key: gbkey, Value: ['CDS']
    Key: inference, Value: ['COORDINATES: protein motif:HMM:NF017946.4']
    Key: locus_tag, Value: ['OE104_RS00260']
    Key: phase, Value: ['0']
    Key: product, Value: ['ABC-2 family transporter protein']
    Key: protein_id, Value: ['WP_275417633.1']
    Key: source, Value: ['Protein Homology']
    Key: transl_table, Value: ['11']

GF(ABC-2 family transporter protein, 16995-17790 (1))
type: CDS
location: [63561:64344](+)
id: cds-WP_275417634.1
qualifiers:
    Key: Dbxref, Value: ['GenBank:WP_275417634.1']
    Key: ID, Value: ['cds-WP_275417634.1']
    Key: Name, Value: ['WP_275417634.1']
    Key: Parent, Value: ['gene-OE104_RS00265']
    Key: gbkey, Value: ['CDS']
    Key: inference, Value: ['COORDINATES: protein motif:HMM:NF017946.4']
    Key: locus_tag, Value: ['OE104_RS00265']
    Key: phase, Value: ['0']
    Key: product, Value: ['ABC-2 family transporter protein']
    Key: protein_id, Value: ['WP_275417634.1']
    Key: source, Value: ['Protein Homology']
    Key: transl_table, Value: ['11']

GF(ABC-2 family transporter protein, 17770-18553 (1))
type: CDS
location: [65516:66809](-)
id: cds-WP_275417635.1
qualifiers:
    Key: Dbxref, Value: ['GenBank:WP_275417635.1']
    Key: ID, Value: ['cds-WP_275417635.1']
    Key: Name, Value: ['WP_275417635.1']
    Key: Parent, Value: ['gene-OE104_RS00270']
    Key: gbkey, Value: ['CDS']
    Key: inference, Value: ['COORDINATES: ab initio prediction:GeneMarkS-2+']
    Key: locus_tag, Value: ['OE104_RS00270']
    Key: phase, Value: ['0']
    Key: product, Value: ['ABC transporter permease']
    Key: protein_id, Value: ['WP_275417635.1']
    Key: source, Value: ['GeneMarkS-2+']
    Key: transl_table, Value: ['11']

GF(ABC transporter permease, 19725-21018 (-1))
type: repeat_region
location: [57659:58543](+)
id: NZ_CP106878.1_3
qualifiers:
    Key: Dbxref, Value: ['SO:0001459']
    Key: ID, Value: ['NZ_CP106878.1_3']
    Key: Note, Value: ['GTTTTGATCTTACCTATGAGGGATTGAAAC']
    Key: Ontology_term, Value: ['CRISPR']
    Key: score, Value: ['884']
    Key: source, Value: ['CCTyper']

GF(Repeat region, 11868-12752 (0))
type: repeat_region
location: [64794:65153](+)
id: NZ_CP106878.1_4
qualifiers:
    Key: Dbxref, Value: ['SO:0001459']
    Key: ID, Value: ['NZ_CP106878.1_4']
    Key: Note, Value: ['GTTTTCATCTTACCTATAAGGGATTGAAACC']
    Key: Ontology_term, Value: ['CRISPR']
    Key: score, Value: ['359']
    Key: source, Value: ['CCTyper']

GF(Repeat region, 19003-19362 (0))
graphic feature from cctyper protein table: GF(Csm2gr11, 6395-6946 (1))
graphic feature from cctyper protein table: GF(Csm3gr7, 7000-7803 (1))
graphic feature from cctyper protein table: GF(Csm4, 7800-8858 (1))
graphic feature from cctyper protein table: GF(Csm5gr7, 8851-9987 (1))
graphic feature from cctyper protein table: GF(Csx1, 10005-11474 (1))
graphic feature from cctyper protein table: GF(AbiEii, 16074-17030 (1))
Index(['protein_id', 'start', 'end', 'effector', 'locus', 'sample', 'strand',
       'sequence', 'type'],
      dtype='object')
graphic feature from known effectors: GF(cami1, 2949-3836 (1))
graphic feature from known effectors: GF(csx1, 10005-11474 (1))
Index(['protein_id', 'start', 'end', 'effector', 'locus', 'sample', 'strand',
       'sequence'],
      dtype='object')
[GF(IS21 family transposase, 89-1604 (1)), GF(IS21-like element helper ATPase IstB, 1596-2319 (1)), GF(None, 2636-2900 (1)), GF(CRISPR-associated protein, 2948-3836 (1)), GF(type III-A CRISPR-associated protein Cas10/Csm1, 3930-6405 (1)), GF(type III-A CRISPR-associated protein Csm2, 6394-6946 (1)), GF(type III-A CRISPR-associated RAMP protein Csm3, 6999-7803 (1)), GF(type III-A CRISPR-associated RAMP protein Csm4, 7799-8858 (1)), GF(type III-A CRISPR-associated RAMP protein Csm5, 8850-9987 (1)), GF(TIGR02710 family CRISPR-associated CARF protein, 10004-11474 (1)), GF(IS200/IS605 family transposase, 12923-13322 (1)), GF(RNA-guided endonuclease TnpB family protein, 13334-14444 (1)), GF(None, 15176-15398 (-1)), GF(ATP-binding cassette domain-containing protein, 16073-17030 (1)), GF(ABC-2 family transporter protein, 16995-17790 (1)), GF(ABC-2 family transporter protein, 17770-18553 (1)), GF(ABC transporter permease, 19725-21018 (-1)), GF(Repeat region, 11868-12752 (0)), GF(Repeat region, 19003-19362 (0)), GF(Csm2gr11, 6395-6946 (1)), GF(Csm3gr7, 7000-7803 (1)), GF(Csm4, 7800-8858 (1)), GF(Csm5gr7, 8851-9987 (1)), GF(Csx1, 10005-11474 (1)), GF(AbiEii, 16074-17030 (1)), GF(cami1, 2949-3836 (1)), GF(csx1, 10005-11474 (1)), GF(CRISPR-Cas locus, 4000-17030 (0))]
