Cas operons file:    Unnamed: 0       Contig  ...           locus_id           sample
0           2  NC_007775.1  ...  GCF_000013205.1_2  GCF_000013205.1

[1 rows x 19 columns]
The chosen contig: NC_007775.1
type: CDS
location: [2551994:2552471](-)
id: cds-WP_228375339.1
qualifiers:
    Key: Dbxref, Value: ['GenBank:WP_228375339.1']
    Key: ID, Value: ['cds-WP_228375339.1']
    Key: Name, Value: ['WP_228375339.1']
    Key: Parent, Value: ['gene-CYA_RS11885']
    Key: gbkey, Value: ['CDS']
    Key: inference, Value: ['COORDINATES: similar to AA sequence:RefSeq:WP_011431815.1']
    Key: locus_tag, Value: ['CYA_RS11885']
    Key: phase, Value: ['0']
    Key: product, Value: ['SufE family protein']
    Key: protein_id, Value: ['WP_228375339.1']
    Key: source, Value: ['Protein Homology']
    Key: transl_table, Value: ['11']

GF(SufE family protein, 388-865 (-1))
type: CDS
location: [2552548:2553724](-)
id: cds-WP_049749789.1
qualifiers:
    Key: Dbxref, Value: ['GenBank:WP_049749789.1']
    Key: ID, Value: ['cds-WP_049749789.1']
    Key: Name, Value: ['WP_049749789.1']
    Key: Parent, Value: ['gene-CYA_RS11890']
    Key: gbkey, Value: ['CDS']
    Key: gene, Value: ['cfa']
    Key: inference, Value: ['COORDINATES: similar to AA sequence:RefSeq:WP_011431814.1']
    Key: locus_tag, Value: ['CYA_RS11890']
    Key: phase, Value: ['0']
    Key: product, Value: ['cyclopropane fatty acyl phospholipid synthase']
    Key: protein_id, Value: ['WP_049749789.1']
    Key: source, Value: ['Protein Homology']
    Key: transl_table, Value: ['11']

GF(cyclopropane fatty acyl phospholipid synthase, 942-2118 (-1))
type: CDS
location: [2553907:2554276](+)
id: cds-WP_228375341.1
qualifiers:
    Key: Dbxref, Value: ['GenBank:WP_228375341.1']
    Key: ID, Value: ['cds-WP_228375341.1']
    Key: Name, Value: ['WP_228375341.1']
    Key: Parent, Value: ['gene-CYA_RS15435']
    Key: gbkey, Value: ['CDS']
    Key: inference, Value: ['COORDINATES: ab initio prediction:GeneMarkS-2+']
    Key: locus_tag, Value: ['CYA_RS15435']
    Key: phase, Value: ['0']
    Key: product, Value: ['hypothetical protein']
    Key: protein_id, Value: ['WP_228375341.1']
    Key: source, Value: ['GeneMarkS-2+']
    Key: transl_table, Value: ['11']

GF(None, 2301-2670 (1))
type: CDS
location: [2554832:2554964](+)
id: cds-CYA_RS14870
qualifiers:
    Key: ID, Value: ['cds-CYA_RS14870']
    Key: Note, Value: ['incomplete; partial in the middle of a contig; missing C-terminus']
    Key: Parent, Value: ['gene-CYA_RS14870']
    Key: end_range, Value: ['2554964', '.']
    Key: gbkey, Value: ['CDS']
    Key: inference, Value: ['COORDINATES: similar to AA sequence:RefSeq:WP_011429345.1']
    Key: locus_tag, Value: ['CYA_RS14870']
    Key: partial, Value: ['true']
    Key: phase, Value: ['0']
    Key: product, Value: ['IS200/IS605 family transposase']
    Key: pseudo, Value: ['true']
    Key: source, Value: ['Protein Homology']
    Key: transl_table, Value: ['11']

GF(IS200/IS605 family transposase, 3226-3358 (1))
type: CDS
location: [2555605:2556028](+)
id: cds-WP_011431329.1
qualifiers:
    Key: Dbxref, Value: ['GenBank:WP_011431329.1']
    Key: ID, Value: ['cds-WP_011431329.1']
    Key: Name, Value: ['WP_011431329.1']
    Key: Parent, Value: ['gene-CYA_RS11910']
    Key: gbkey, Value: ['CDS']
    Key: inference, Value: ['COORDINATES: protein motif:HMM:NF014058.2']
    Key: locus_tag, Value: ['CYA_RS11910']
    Key: phase, Value: ['0']
    Key: product, Value: ['archease']
    Key: protein_id, Value: ['WP_011431329.1']
    Key: source, Value: ['Protein Homology']
    Key: transl_table, Value: ['11']

GF(archease, 3999-4422 (1))
type: CDS
location: [2556103:2557471](+)
id: cds-WP_276307419.1
qualifiers:
    Key: Dbxref, Value: ['GenBank:WP_276307419.1']
    Key: ID, Value: ['cds-WP_276307419.1']
    Key: Name, Value: ['WP_276307419.1']
    Key: Ontology_term, Value: ['GO:0006396', 'GO:0008452']
    Key: Parent, Value: ['gene-CYA_RS11915']
    Key: gbkey, Value: ['CDS']
    Key: go_function, Value: ['RNA ligase activity|0008452||IEA']
    Key: go_process, Value: ['RNA processing|0006396||IEA']
    Key: inference, Value: ['COORDINATES: protein motif:HMM:NF013319.2']
    Key: locus_tag, Value: ['CYA_RS11915']
    Key: phase, Value: ['0']
    Key: product, Value: ['RtcB family protein']
    Key: protein_id, Value: ['WP_276307419.1']
    Key: source, Value: ['Protein Homology']
    Key: transl_table, Value: ['11']

GF(RtcB family protein, 4497-5865 (1))
type: CDS
location: [2558325:2559192](-)
id: cds-WP_083759175.1
qualifiers:
    Key: Dbxref, Value: ['GenBank:WP_083759175.1']
    Key: ID, Value: ['cds-WP_083759175.1']
    Key: Name, Value: ['WP_083759175.1']
    Key: Ontology_term, Value: ['GO:0016491']
    Key: Parent, Value: ['gene-CYA_RS11920']
    Key: gbkey, Value: ['CDS']
    Key: go_function, Value: ['oxidoreductase activity|0016491||IEA']
    Key: inference, Value: ['COORDINATES: similar to AA sequence:RefSeq:WP_015168601.1']
    Key: locus_tag, Value: ['CYA_RS11920']
    Key: phase, Value: ['0']
    Key: product, Value: ['2OG-Fe(II) oxygenase']
    Key: protein_id, Value: ['WP_083759175.1']
    Key: source, Value: ['Protein Homology']
    Key: transl_table, Value: ['11']

GF(2OG-Fe(II) oxygenase, 6719-7586 (-1))
type: CDS
location: [2559706:2559985](-)
id: cds-WP_011431332.1
qualifiers:
    Key: Dbxref, Value: ['GenBank:WP_011431332.1']
    Key: ID, Value: ['cds-WP_011431332.1']
    Key: Name, Value: ['WP_011431332.1']
    Key: Ontology_term, Value: ['GO:0043571', 'GO:0004521']
    Key: Parent, Value: ['gene-CYA_RS11925']
    Key: gbkey, Value: ['CDS']
    Key: gene, Value: ['cas2']
    Key: go_function, Value: ['RNA endonuclease activity|0004521||IEA']
    Key: go_process, Value: ['maintenance of CRISPR repeat elements|0043571||IEA']
    Key: inference, Value: ['COORDINATES: similar to AA sequence:RefSeq:WP_011431332.1']
    Key: locus_tag, Value: ['CYA_RS11925']
    Key: phase, Value: ['0']
    Key: product, Value: ['CRISPR-associated endonuclease Cas2']
    Key: protein_id, Value: ['WP_011431332.1']
    Key: source, Value: ['Protein Homology']
    Key: transl_table, Value: ['11']

GF(CRISPR-associated endonuclease Cas2, 8100-8379 (-1))
type: CDS
location: [2559984:2560974](-)
id: cds-CYA_RS11930
qualifiers:
    Key: ID, Value: ['cds-CYA_RS11930']
    Key: Note, Value: ['internal stop']
    Key: Ontology_term, Value: ['GO:0043571', 'GO:0004520', 'GO:0046872']
    Key: Parent, Value: ['gene-CYA_RS11930']
    Key: gbkey, Value: ['CDS']
    Key: gene, Value: ['cas1']
    Key: go_function, Value: ['DNA endonuclease activity|0004520||IEA', 'metal ion binding|0046872||IEA']
    Key: go_process, Value: ['maintenance of CRISPR repeat elements|0043571||IEA']
    Key: inference, Value: ['COORDINATES: protein motif:HMM:NF013984.2']
    Key: locus_tag, Value: ['CYA_RS11930']
    Key: phase, Value: ['0']
    Key: product, Value: ['CRISPR-associated endonuclease Cas1']
    Key: pseudo, Value: ['true']
    Key: source, Value: ['Protein Homology']
    Key: transl_table, Value: ['11']

GF(CRISPR-associated endonuclease Cas1, 8378-9368 (-1))
type: CDS
location: [2560973:2561273](-)
id: cds-WP_011431333.1
qualifiers:
    Key: Dbxref, Value: ['GenBank:WP_011431333.1']
    Key: ID, Value: ['cds-WP_011431333.1']
    Key: Name, Value: ['WP_011431333.1']
    Key: Parent, Value: ['gene-CYA_RS11935']
    Key: gbkey, Value: ['CDS']
    Key: gene, Value: ['csx18']
    Key: inference, Value: ['COORDINATES: similar to AA sequence:RefSeq:WP_011432473.1']
    Key: locus_tag, Value: ['CYA_RS11935']
    Key: phase, Value: ['0']
    Key: product, Value: ['CRISPR-associated protein Csx18']
    Key: protein_id, Value: ['WP_011431333.1']
    Key: source, Value: ['Protein Homology']
    Key: transl_table, Value: ['11']

GF(CRISPR-associated protein Csx18, 9367-9667 (-1))
type: CDS
location: [2561305:2563066](-)
id: cds-WP_228375343.1
qualifiers:
    Key: Dbxref, Value: ['GenBank:WP_228375343.1']
    Key: ID, Value: ['cds-WP_228375343.1']
    Key: Name, Value: ['WP_228375343.1']
    Key: Parent, Value: ['gene-CYA_RS11940']
    Key: gbkey, Value: ['CDS']
    Key: inference, Value: ['COORDINATES: similar to AA sequence:RefSeq:WP_011432474.1']
    Key: locus_tag, Value: ['CYA_RS11940']
    Key: phase, Value: ['0']
    Key: product, Value: ['RAMP superfamily CRISPR-associated protein']
    Key: protein_id, Value: ['WP_228375343.1']
    Key: source, Value: ['Protein Homology']
    Key: transl_table, Value: ['11']

GF(RAMP superfamily CRISPR-associated protein, 9699-11460 (-1))
type: CDS
location: [2563293:2563935](-)
id: cds-WP_011431335.1
qualifiers:
    Key: Dbxref, Value: ['GenBank:WP_011431335.1']
    Key: ID, Value: ['cds-WP_011431335.1']
    Key: Name, Value: ['WP_011431335.1']
    Key: Ontology_term, Value: ['GO:0003676', 'GO:0004519']
    Key: Parent, Value: ['gene-CYA_RS11945']
    Key: gbkey, Value: ['CDS']
    Key: go_function, Value: ['nucleic acid binding|0003676||IEA', 'endonuclease activity|0004519||IEA']
    Key: inference, Value: ['COORDINATES: similar to AA sequence:RefSeq:WP_011432475.1']
    Key: locus_tag, Value: ['CYA_RS11945']
    Key: phase, Value: ['0']
    Key: product, Value: ['Uma2 family endonuclease']
    Key: protein_id, Value: ['WP_011431335.1']
    Key: source, Value: ['Protein Homology']
    Key: transl_table, Value: ['11']

GF(Uma2 family endonuclease, 11687-12329 (-1))
type: CDS
location: [2563934:2564327](-)
id: cds-WP_011431336.1
qualifiers:
    Key: Dbxref, Value: ['GenBank:WP_011431336.1']
    Key: ID, Value: ['cds-WP_011431336.1']
    Key: Name, Value: ['WP_011431336.1']
    Key: Parent, Value: ['gene-CYA_RS11950']
    Key: gbkey, Value: ['CDS']
    Key: inference, Value: ['COORDINATES: similar to AA sequence:RefSeq:WP_011432476.1']
    Key: locus_tag, Value: ['CYA_RS11950']
    Key: phase, Value: ['0']
    Key: product, Value: ['hypothetical protein']
    Key: protein_id, Value: ['WP_011431336.1']
    Key: source, Value: ['Protein Homology']
    Key: transl_table, Value: ['11']

GF(None, 12328-12721 (-1))
type: CDS
location: [2564340:2565111](-)
id: cds-WP_011431337.1
qualifiers:
    Key: Dbxref, Value: ['GenBank:WP_011431337.1']
    Key: ID, Value: ['cds-WP_011431337.1']
    Key: Name, Value: ['WP_011431337.1']
    Key: Ontology_term, Value: ['GO:0043571', 'GO:0003674']
    Key: Parent, Value: ['gene-CYA_RS11955']
    Key: gbkey, Value: ['CDS']
    Key: gene, Value: ['cmr4']
    Key: go_function, Value: ['molecular_function|0003674||IEA']
    Key: go_process, Value: ['maintenance of CRISPR repeat elements|0043571||IEA']
    Key: inference, Value: ['COORDINATES: similar to AA sequence:RefSeq:WP_011432477.1']
    Key: locus_tag, Value: ['CYA_RS11955']
    Key: phase, Value: ['0']
    Key: product, Value: ['type III-B CRISPR module RAMP protein Cmr4']
    Key: protein_id, Value: ['WP_011431337.1']
    Key: source, Value: ['Protein Homology']
    Key: transl_table, Value: ['11']

GF(type III-B CRISPR module RAMP protein Cmr4, 12734-13505 (-1))
type: CDS
location: [2565156:2566281](-)
id: cds-WP_011431338.1
qualifiers:
    Key: Dbxref, Value: ['GenBank:WP_011431338.1']
    Key: ID, Value: ['cds-WP_011431338.1']
    Key: Name, Value: ['WP_011431338.1']
    Key: Parent, Value: ['gene-CYA_RS11960']
    Key: gbkey, Value: ['CDS']
    Key: inference, Value: ['COORDINATES: similar to AA sequence:RefSeq:WP_011432478.1']
    Key: locus_tag, Value: ['CYA_RS11960']
    Key: phase, Value: ['0']
    Key: product, Value: ['type III-B CRISPR module-associated protein Cmr3']
    Key: protein_id, Value: ['WP_011431338.1']
    Key: source, Value: ['Protein Homology']
    Key: transl_table, Value: ['11']

GF(type III-B CRISPR module-associated protein Cmr3, 13550-14675 (-1))
type: CDS
location: [2566277:2569271](-)
id: cds-WP_041438604.1
qualifiers:
    Key: Dbxref, Value: ['GenBank:WP_041438604.1']
    Key: ID, Value: ['cds-WP_041438604.1']
    Key: Name, Value: ['WP_041438604.1']
    Key: Ontology_term, Value: ['GO:0043571', 'GO:0003674']
    Key: Parent, Value: ['gene-CYA_RS11965']
    Key: gbkey, Value: ['CDS']
    Key: gene, Value: ['cas10']
    Key: go_function, Value: ['molecular_function|0003674||IEA']
    Key: go_process, Value: ['maintenance of CRISPR repeat elements|0043571||IEA']
    Key: inference, Value: ['COORDINATES: similar to AA sequence:RefSeq:WP_011432479.1']
    Key: locus_tag, Value: ['CYA_RS11965']
    Key: phase, Value: ['0']
    Key: product, Value: ['type III-B CRISPR-associated protein Cas10/Cmr2']
    Key: protein_id, Value: ['WP_041438604.1']
    Key: source, Value: ['Protein Homology']
    Key: transl_table, Value: ['11']

GF(type III-B CRISPR-associated protein Cas10/Cmr2, 14671-17665 (-1))
type: CDS
location: [2569517:2570837](-)
id: cds-WP_011431340.1
qualifiers:
    Key: Dbxref, Value: ['GenBank:WP_011431340.1']
    Key: ID, Value: ['cds-WP_011431340.1']
    Key: Name, Value: ['WP_011431340.1']
    Key: Ontology_term, Value: ['GO:0043571', 'GO:0003674']
    Key: Parent, Value: ['gene-CYA_RS11970']
    Key: gbkey, Value: ['CDS']
    Key: gene, Value: ['csx2']
    Key: go_function, Value: ['molecular_function|0003674||IEA']
    Key: go_process, Value: ['maintenance of CRISPR repeat elements|0043571||IEA']
    Key: inference, Value: ['COORDINATES: similar to AA sequence:RefSeq:WP_011432480.1']
    Key: locus_tag, Value: ['CYA_RS11970']
    Key: phase, Value: ['0']
    Key: product, Value: ['TIGR02221 family CRISPR-associated protein']
    Key: protein_id, Value: ['WP_011431340.1']
    Key: source, Value: ['Protein Homology']
    Key: transl_table, Value: ['11']

GF(TIGR02221 family CRISPR-associated protein, 17911-19231 (-1))
type: CDS
location: [2571015:2571600](+)
id: cds-WP_011431342.1
qualifiers:
    Key: Dbxref, Value: ['GenBank:WP_011431342.1']
    Key: ID, Value: ['cds-WP_011431342.1']
    Key: Name, Value: ['WP_011431342.1']
    Key: Ontology_term, Value: ['GO:0003676', 'GO:0004519']
    Key: Parent, Value: ['gene-CYA_RS11975']
    Key: gbkey, Value: ['CDS']
    Key: go_function, Value: ['nucleic acid binding|0003676||IEA', 'endonuclease activity|0004519||IEA']
    Key: inference, Value: ['COORDINATES: similar to AA sequence:RefSeq:WP_009632117.1']
    Key: locus_tag, Value: ['CYA_RS11975']
    Key: phase, Value: ['0']
    Key: product, Value: ['Uma2 family endonuclease']
    Key: protein_id, Value: ['WP_011431342.1']
    Key: source, Value: ['Protein Homology']
    Key: transl_table, Value: ['11']

GF(Uma2 family endonuclease, 19409-19994 (1))
type: CDS
location: [2571627:2572236](+)
id: cds-WP_011431343.1
qualifiers:
    Key: Dbxref, Value: ['GenBank:WP_011431343.1']
    Key: ID, Value: ['cds-WP_011431343.1']
    Key: Name, Value: ['WP_011431343.1']
    Key: Ontology_term, Value: ['GO:0003677', 'GO:0004519']
    Key: Parent, Value: ['gene-CYA_RS11980']
    Key: gbkey, Value: ['CDS']
    Key: go_function, Value: ['DNA binding|0003677||IEA', 'endonuclease activity|0004519||IEA']
    Key: inference, Value: ['COORDINATES: similar to AA sequence:RefSeq:WP_011433374.1']
    Key: locus_tag, Value: ['CYA_RS11980']
    Key: phase, Value: ['0']
    Key: product, Value: ['Uma2 family endonuclease']
    Key: protein_id, Value: ['WP_011431343.1']
    Key: source, Value: ['Protein Homology']
    Key: transl_table, Value: ['11']

GF(Uma2 family endonuclease, 20021-20630 (1))
type: CDS
location: [2572312:2572879](+)
id: cds-WP_099812771.1
qualifiers:
    Key: Dbxref, Value: ['GenBank:WP_099812771.1']
    Key: ID, Value: ['cds-WP_099812771.1']
    Key: Name, Value: ['WP_099812771.1']
    Key: Parent, Value: ['gene-CYA_RS11985']
    Key: gbkey, Value: ['CDS']
    Key: inference, Value: ['COORDINATES: similar to AA sequence:RefSeq:WP_011433373.1']
    Key: locus_tag, Value: ['CYA_RS11985']
    Key: phase, Value: ['0']
    Key: product, Value: ['hypothetical protein']
    Key: protein_id, Value: ['WP_099812771.1']
    Key: source, Value: ['Protein Homology']
    Key: transl_table, Value: ['11']

GF(None, 20706-21273 (1))
type: repeat_region
location: [2557552:2558124](+)
id: NC_007775.1_6
qualifiers:
    Key: Dbxref, Value: ['SO:0001459']
    Key: ID, Value: ['NC_007775.1_6']
    Key: Note, Value: ['GTTTCCAATTTCTAGGGATCCCCCCGAAGGGGGAAC']
    Key: Ontology_term, Value: ['CRISPR']
    Key: score, Value: ['572']
    Key: source, Value: ['CCTyper']

GF(Repeat region, 5946-6518 (0))
type: repeat_region
location: [2559270:2559455](+)
id: NC_007775.1_7
qualifiers:
    Key: Dbxref, Value: ['SO:0001459']
    Key: ID, Value: ['NC_007775.1_7']
    Key: Note, Value: ['GTTTCCAATTTCTAGGGATCCCCCCGAAGGGGGAAC']
    Key: Ontology_term, Value: ['CRISPR']
    Key: score, Value: ['185']
    Key: source, Value: ['CCTyper']

GF(Repeat region, 7664-7849 (0))
graphic feature from known effectors: GF(csx1, 17912-19231 (-1))
[GF(SufE family protein, 388-865 (-1)), GF(cyclopropane fatty acyl phospholipid synthase, 942-2118 (-1)), GF(None, 2301-2670 (1)), GF(IS200/IS605 family transposase, 3226-3358 (1)), GF(archease, 3999-4422 (1)), GF(RtcB family protein, 4497-5865 (1)), GF(2OG-Fe(II) oxygenase, 6719-7586 (-1)), GF(CRISPR-associated endonuclease Cas2, 8100-8379 (-1)), GF(CRISPR-associated endonuclease Cas1, 8378-9368 (-1)), GF(CRISPR-associated protein Csx18, 9367-9667 (-1)), GF(RAMP superfamily CRISPR-associated protein, 9699-11460 (-1)), GF(Uma2 family endonuclease, 11687-12329 (-1)), GF(None, 12328-12721 (-1)), GF(type III-B CRISPR module RAMP protein Cmr4, 12734-13505 (-1)), GF(type III-B CRISPR module-associated protein Cmr3, 13550-14675 (-1)), GF(type III-B CRISPR-associated protein Cas10/Cmr2, 14671-17665 (-1)), GF(TIGR02221 family CRISPR-associated protein, 17911-19231 (-1)), GF(Uma2 family endonuclease, 19409-19994 (1)), GF(Uma2 family endonuclease, 20021-20630 (1)), GF(None, 20706-21273 (1)), GF(Repeat region, 5946-6518 (0)), GF(Repeat region, 7664-7849 (0)), GF(csx1, 17912-19231 (-1)), GF(CRISPR-Cas locus, 4000-19231 (0))]
