Cas operons file:    Unnamed: 0       Contig  ...           locus_id           sample
0           0  NC_022093.1  ...  GCF_000446015.1_0  GCF_000446015.1

[1 rows x 19 columns]
The chosen contig: NC_022093.1
type: CDS
location: [353449:353734](-)
id: cds-WP_020962093.1
qualifiers:
    Key: Dbxref, Value: ['GenBank:WP_020962093.1', 'GeneID:16573046']
    Key: ID, Value: ['cds-WP_020962093.1']
    Key: Name, Value: ['WP_020962093.1']
    Key: Parent, Value: ['gene-N186_RS01935']
    Key: gbkey, Value: ['CDS']
    Key: inference, Value: ['COORDINATES: similar to AA sequence:RefSeq:WP_011751903.1']
    Key: locus_tag, Value: ['N186_RS01935']
    Key: phase, Value: ['0']
    Key: product, Value: ['50S ribosomal protein L23']
    Key: protein_id, Value: ['WP_020962093.1']
    Key: source, Value: ['Protein Homology']
    Key: transl_table, Value: ['11']

GF(50S ribosomal protein L23, 261-546 (-1))
type: CDS
location: [353730:354531](-)
id: cds-WP_020962094.1
qualifiers:
    Key: Dbxref, Value: ['GenBank:WP_020962094.1', 'GeneID:16573047']
    Key: ID, Value: ['cds-WP_020962094.1']
    Key: Name, Value: ['WP_020962094.1']
    Key: Parent, Value: ['gene-N186_RS01940']
    Key: gbkey, Value: ['CDS']
    Key: gene, Value: ['rpl4p']
    Key: inference, Value: ['COORDINATES: similar to AA sequence:RefSeq:WP_011751904.1']
    Key: locus_tag, Value: ['N186_RS01940']
    Key: phase, Value: ['0']
    Key: product, Value: ['50S ribosomal protein L4']
    Key: protein_id, Value: ['WP_020962094.1']
    Key: source, Value: ['Protein Homology']
    Key: transl_table, Value: ['11']

GF(50S ribosomal protein L4, 542-1343 (-1))
type: CDS
location: [354538:355543](-)
id: cds-WP_020962095.1
qualifiers:
    Key: Dbxref, Value: ['GenBank:WP_020962095.1', 'GeneID:16573048']
    Key: ID, Value: ['cds-WP_020962095.1']
    Key: Name, Value: ['WP_020962095.1']
    Key: Parent, Value: ['gene-N186_RS01945']
    Key: gbkey, Value: ['CDS']
    Key: inference, Value: ['COORDINATES: similar to AA sequence:RefSeq:WP_011751905.1']
    Key: locus_tag, Value: ['N186_RS01945']
    Key: phase, Value: ['0']
    Key: product, Value: ['50S ribosomal protein L3']
    Key: protein_id, Value: ['WP_020962095.1']
    Key: source, Value: ['Protein Homology']
    Key: transl_table, Value: ['11']

GF(50S ribosomal protein L3, 1350-2355 (-1))
type: CDS
location: [355718:355847](-)
id: cds-WP_276114282.1
qualifiers:
    Key: Dbxref, Value: ['GenBank:WP_276114282.1', 'GeneID:79236412']
    Key: ID, Value: ['cds-WP_276114282.1']
    Key: Name, Value: ['WP_276114282.1']
    Key: Parent, Value: ['gene-N186_RS09860']
    Key: gbkey, Value: ['CDS']
    Key: inference, Value: ['COORDINATES: ab initio prediction:GeneMarkS-2+']
    Key: locus_tag, Value: ['N186_RS09860']
    Key: phase, Value: ['0']
    Key: product, Value: ['hypothetical protein']
    Key: protein_id, Value: ['WP_276114282.1']
    Key: source, Value: ['GeneMarkS-2+']
    Key: transl_table, Value: ['11']

GF(None, 2530-2659 (-1))
type: CDS
location: [355889:356087](-)
id: cds-WP_020962096.1
qualifiers:
    Key: Dbxref, Value: ['GenBank:WP_020962096.1', 'GeneID:16573049']
    Key: ID, Value: ['cds-WP_020962096.1']
    Key: Name, Value: ['WP_020962096.1']
    Key: Parent, Value: ['gene-N186_RS01950']
    Key: gbkey, Value: ['CDS']
    Key: inference, Value: ['COORDINATES: ab initio prediction:GeneMarkS-2+']
    Key: locus_tag, Value: ['N186_RS01950']
    Key: phase, Value: ['0']
    Key: product, Value: ['hypothetical protein']
    Key: protein_id, Value: ['WP_020962096.1']
    Key: source, Value: ['GeneMarkS-2+']
    Key: transl_table, Value: ['11']

GF(None, 2701-2899 (-1))
type: CDS
location: [357187:358843](+)
id: cds-WP_020962097.1
qualifiers:
    Key: Dbxref, Value: ['GenBank:WP_020962097.1', 'GeneID:16573050']
    Key: ID, Value: ['cds-WP_020962097.1']
    Key: Name, Value: ['WP_020962097.1']
    Key: Ontology_term, Value: ['GO:0043571', 'GO:0003674']
    Key: Parent, Value: ['gene-N186_RS01955']
    Key: gbkey, Value: ['CDS']
    Key: gene, Value: ['csx1']
    Key: go_function, Value: ['molecular_function|0003674||IEA']
    Key: go_process, Value: ['maintenance of CRISPR repeat elements|0043571||IEA']
    Key: inference, Value: ['COORDINATES: protein motif:HMM:NF021006.4']
    Key: locus_tag, Value: ['N186_RS01955']
    Key: phase, Value: ['0']
    Key: product, Value: ['CRISPR-associated CARF protein Csx1']
    Key: protein_id, Value: ['WP_020962097.1']
    Key: source, Value: ['Protein Homology']
    Key: transl_table, Value: ['11']

GF(CRISPR-associated CARF protein Csx1, 3999-5655 (1))
type: CDS
location: [358887:359202](-)
id: cds-WP_148681976.1
qualifiers:
    Key: Dbxref, Value: ['GenBank:WP_148681976.1', 'GeneID:41583944']
    Key: ID, Value: ['cds-WP_148681976.1']
    Key: Name, Value: ['WP_148681976.1']
    Key: Parent, Value: ['gene-N186_RS09425']
    Key: gbkey, Value: ['CDS']
    Key: inference, Value: ['COORDINATES: ab initio prediction:GeneMarkS-2+']
    Key: locus_tag, Value: ['N186_RS09425']
    Key: phase, Value: ['0']
    Key: product, Value: ['hypothetical protein']
    Key: protein_id, Value: ['WP_148681976.1']
    Key: source, Value: ['GeneMarkS-2+']
    Key: transl_table, Value: ['11']

GF(None, 5699-6014 (-1))
type: CDS
location: [360277:362032](-)
id: cds-WP_020962099.1
qualifiers:
    Key: Dbxref, Value: ['GenBank:WP_020962099.1', 'GeneID:16573052']
    Key: ID, Value: ['cds-WP_020962099.1']
    Key: Name, Value: ['WP_020962099.1']
    Key: Parent, Value: ['gene-N186_RS01965']
    Key: gbkey, Value: ['CDS']
    Key: inference, Value: ['COORDINATES: ab initio prediction:GeneMarkS-2+']
    Key: locus_tag, Value: ['N186_RS01965']
    Key: phase, Value: ['0']
    Key: product, Value: ['hypothetical protein']
    Key: protein_id, Value: ['WP_020962099.1']
    Key: source, Value: ['GeneMarkS-2+']
    Key: transl_table, Value: ['11']

GF(None, 7089-8844 (-1))
type: CDS
location: [362034:363054](-)
id: cds-WP_020962100.1
qualifiers:
    Key: Dbxref, Value: ['GenBank:WP_020962100.1', 'GeneID:16573053']
    Key: ID, Value: ['cds-WP_020962100.1']
    Key: Name, Value: ['WP_020962100.1']
    Key: Parent, Value: ['gene-N186_RS01970']
    Key: gbkey, Value: ['CDS']
    Key: inference, Value: ['COORDINATES: ab initio prediction:GeneMarkS-2+']
    Key: locus_tag, Value: ['N186_RS01970']
    Key: phase, Value: ['0']
    Key: product, Value: ['hypothetical protein']
    Key: protein_id, Value: ['WP_020962100.1']
    Key: source, Value: ['GeneMarkS-2+']
    Key: transl_table, Value: ['11']

GF(None, 8846-9866 (-1))
type: CDS
location: [363050:366356](-)
id: cds-WP_020962101.1
qualifiers:
    Key: Dbxref, Value: ['GenBank:WP_020962101.1', 'GeneID:16573054']
    Key: ID, Value: ['cds-WP_020962101.1']
    Key: Name, Value: ['WP_020962101.1']
    Key: Ontology_term, Value: ['GO:0043571', 'GO:0003674']
    Key: Parent, Value: ['gene-N186_RS01975']
    Key: gbkey, Value: ['CDS']
    Key: gene, Value: ['cas10']
    Key: go_function, Value: ['molecular_function|0003674||IEA']
    Key: go_process, Value: ['maintenance of CRISPR repeat elements|0043571||IEA']
    Key: inference, Value: ['COORDINATES: protein motif:HMM:TIGR02577.1']
    Key: locus_tag, Value: ['N186_RS01975']
    Key: phase, Value: ['0']
    Key: product, Value: ['type III-B CRISPR-associated protein Cas10/Cmr2']
    Key: protein_id, Value: ['WP_020962101.1']
    Key: source, Value: ['Protein Homology']
    Key: transl_table, Value: ['11']

GF(type III-B CRISPR-associated protein Cas10/Cmr2, 9862-13168 (-1))
type: CDS
location: [366348:367185](-)
id: cds-WP_240366748.1
qualifiers:
    Key: Dbxref, Value: ['GenBank:WP_240366748.1', 'GeneID:16573055']
    Key: ID, Value: ['cds-WP_240366748.1']
    Key: Name, Value: ['WP_240366748.1']
    Key: Ontology_term, Value: ['GO:0043571', 'GO:0003674']
    Key: Parent, Value: ['gene-N186_RS01980']
    Key: gbkey, Value: ['CDS']
    Key: gene, Value: ['cmr6']
    Key: go_function, Value: ['molecular_function|0003674||IEA']
    Key: go_process, Value: ['maintenance of CRISPR repeat elements|0043571||IEA']
    Key: inference, Value: ['COORDINATES: protein motif:HMM:NF015728.4']
    Key: locus_tag, Value: ['N186_RS01980']
    Key: phase, Value: ['0']
    Key: product, Value: ['type III-B CRISPR module RAMP protein Cmr6']
    Key: protein_id, Value: ['WP_240366748.1']
    Key: source, Value: ['Protein Homology']
    Key: transl_table, Value: ['11']

GF(type III-B CRISPR module RAMP protein Cmr6, 13160-13997 (-1))
type: CDS
location: [367282:368740](-)
id: cds-WP_020962103.1
qualifiers:
    Key: Dbxref, Value: ['GenBank:WP_020962103.1', 'GeneID:16573056']
    Key: ID, Value: ['cds-WP_020962103.1']
    Key: Name, Value: ['WP_020962103.1']
    Key: Ontology_term, Value: ['GO:0043571', 'GO:0003674']
    Key: Parent, Value: ['gene-N186_RS01985']
    Key: gbkey, Value: ['CDS']
    Key: gene, Value: ['cmr1']
    Key: go_function, Value: ['molecular_function|0003674||IEA']
    Key: go_process, Value: ['maintenance of CRISPR repeat elements|0043571||IEA']
    Key: inference, Value: ['COORDINATES: protein motif:HMM:TIGR01894.1']
    Key: locus_tag, Value: ['N186_RS01985']
    Key: phase, Value: ['0']
    Key: product, Value: ['type III-B CRISPR module RAMP protein Cmr1']
    Key: protein_id, Value: ['WP_020962103.1']
    Key: source, Value: ['Protein Homology']
    Key: transl_table, Value: ['11']

GF(type III-B CRISPR module RAMP protein Cmr1, 14094-15552 (-1))
type: CDS
location: [368749:369268](-)
id: cds-WP_020962104.1
qualifiers:
    Key: Dbxref, Value: ['GenBank:WP_020962104.1', 'GeneID:16573057']
    Key: ID, Value: ['cds-WP_020962104.1']
    Key: Name, Value: ['WP_020962104.1']
    Key: Ontology_term, Value: ['GO:0043571', 'GO:0003674']
    Key: Parent, Value: ['gene-N186_RS01990']
    Key: gbkey, Value: ['CDS']
    Key: gene, Value: ['cmr5']
    Key: go_function, Value: ['molecular_function|0003674||IEA']
    Key: go_process, Value: ['maintenance of CRISPR repeat elements|0043571||IEA']
    Key: inference, Value: ['COORDINATES: protein motif:HMM:TIGR01881.1']
    Key: locus_tag, Value: ['N186_RS01990']
    Key: phase, Value: ['0']
    Key: product, Value: ['type III-B CRISPR module-associated protein Cmr5']
    Key: protein_id, Value: ['WP_020962104.1']
    Key: source, Value: ['Protein Homology']
    Key: transl_table, Value: ['11']

GF(type III-B CRISPR module-associated protein Cmr5, 15561-16080 (-1))
type: CDS
location: [369264:370422](-)
id: cds-WP_020962105.1
qualifiers:
    Key: Dbxref, Value: ['GenBank:WP_020962105.1', 'GeneID:16573058']
    Key: ID, Value: ['cds-WP_020962105.1']
    Key: Name, Value: ['WP_020962105.1']
    Key: Ontology_term, Value: ['GO:0043571', 'GO:0003674']
    Key: Parent, Value: ['gene-N186_RS01995']
    Key: gbkey, Value: ['CDS']
    Key: gene, Value: ['cmr4']
    Key: go_function, Value: ['molecular_function|0003674||IEA']
    Key: go_process, Value: ['maintenance of CRISPR repeat elements|0043571||IEA']
    Key: inference, Value: ['COORDINATES: protein motif:HMM:TIGR02580.1']
    Key: locus_tag, Value: ['N186_RS01995']
    Key: phase, Value: ['0']
    Key: product, Value: ['type III-B CRISPR module RAMP protein Cmr4']
    Key: protein_id, Value: ['WP_020962105.1']
    Key: source, Value: ['Protein Homology']
    Key: transl_table, Value: ['11']

GF(type III-B CRISPR module RAMP protein Cmr4, 16076-17234 (-1))
type: CDS
location: [371160:371994](-)
id: cds-WP_020962107.1
qualifiers:
    Key: Dbxref, Value: ['GenBank:WP_020962107.1', 'GeneID:16573060']
    Key: ID, Value: ['cds-WP_020962107.1']
    Key: Name, Value: ['WP_020962107.1']
    Key: Parent, Value: ['gene-N186_RS02000']
    Key: gbkey, Value: ['CDS']
    Key: inference, Value: ['COORDINATES: protein motif:HMM:NF014637.4']
    Key: locus_tag, Value: ['N186_RS02000']
    Key: phase, Value: ['0']
    Key: product, Value: ['RNA methyltransferase']
    Key: protein_id, Value: ['WP_020962107.1']
    Key: source, Value: ['Protein Homology']
    Key: transl_table, Value: ['11']

GF(RNA methyltransferase, 17972-18806 (-1))
type: CDS
location: [372163:372376](-)
id: cds-WP_020962108.1
qualifiers:
    Key: Dbxref, Value: ['GenBank:WP_020962108.1', 'GeneID:16573061']
    Key: ID, Value: ['cds-WP_020962108.1']
    Key: Name, Value: ['WP_020962108.1']
    Key: Ontology_term, Value: ['GO:0006355', 'GO:0009289']
    Key: Parent, Value: ['gene-N186_RS02005']
    Key: gbkey, Value: ['CDS']
    Key: go_component, Value: ['pilus|0009289||IEA']
    Key: go_process, Value: ['regulation of DNA-templated transcription|0006355||IEA']
    Key: inference, Value: ['COORDINATES: similar to AA sequence:RefSeq:WP_011751907.1']
    Key: locus_tag, Value: ['N186_RS02005']
    Key: phase, Value: ['0']
    Key: product, Value: ['FaeA/PapI family transcriptional regulator']
    Key: protein_id, Value: ['WP_020962108.1']
    Key: source, Value: ['Protein Homology']
    Key: transl_table, Value: ['11']

GF(FaeA/PapI family transcriptional regulator, 18975-19188 (-1))
type: CDS
location: [372475:373906](-)
id: cds-WP_020962109.1
qualifiers:
    Key: Dbxref, Value: ['GenBank:WP_020962109.1', 'GeneID:16573062']
    Key: ID, Value: ['cds-WP_020962109.1']
    Key: Name, Value: ['WP_020962109.1']
    Key: Parent, Value: ['gene-N186_RS02010']
    Key: gbkey, Value: ['CDS']
    Key: gene, Value: ['secY']
    Key: inference, Value: ['COORDINATES: protein motif:HMM:NF006341.0']
    Key: locus_tag, Value: ['N186_RS02010']
    Key: phase, Value: ['0']
    Key: product, Value: ['preprotein translocase subunit SecY']
    Key: protein_id, Value: ['WP_020962109.1']
    Key: source, Value: ['Protein Homology']
    Key: transl_table, Value: ['11']

GF(preprotein translocase subunit SecY, 19287-20718 (-1))
type: CDS
location: [373908:374373](-)
id: cds-WP_052885619.1
qualifiers:
    Key: Dbxref, Value: ['GenBank:WP_052885619.1', 'GeneID:16573063']
    Key: ID, Value: ['cds-WP_052885619.1']
    Key: Name, Value: ['WP_052885619.1']
    Key: Parent, Value: ['gene-N186_RS02015']
    Key: gbkey, Value: ['CDS']
    Key: inference, Value: ['COORDINATES: similar to AA sequence:RefSeq:WP_011751909.1']
    Key: locus_tag, Value: ['N186_RS02015']
    Key: phase, Value: ['0']
    Key: product, Value: ['uL15 family ribosomal protein']
    Key: protein_id, Value: ['WP_052885619.1']
    Key: source, Value: ['Protein Homology']
    Key: transl_table, Value: ['11']

GF(uL15 family ribosomal protein, 20720-21185 (-1))
type: CDS
location: [374640:375111](-)
id: cds-WP_052885620.1
qualifiers:
    Key: Dbxref, Value: ['GenBank:WP_052885620.1', 'GeneID:16573064']
    Key: ID, Value: ['cds-WP_052885620.1']
    Key: Name, Value: ['WP_052885620.1']
    Key: Parent, Value: ['gene-N186_RS02020']
    Key: gbkey, Value: ['CDS']
    Key: inference, Value: ['COORDINATES: similar to AA sequence:RefSeq:WP_011751910.1']
    Key: locus_tag, Value: ['N186_RS02020']
    Key: phase, Value: ['0']
    Key: product, Value: ['50S ribosomal protein L30']
    Key: protein_id, Value: ['WP_052885620.1']
    Key: source, Value: ['Protein Homology']
    Key: transl_table, Value: ['11']

GF(50S ribosomal protein L30, 21452-21923 (-1))
type: CDS
location: [375116:375725](-)
id: cds-WP_020962112.1
qualifiers:
    Key: Dbxref, Value: ['GenBank:WP_020962112.1', 'GeneID:16573065']
    Key: ID, Value: ['cds-WP_020962112.1']
    Key: Name, Value: ['WP_020962112.1']
    Key: Parent, Value: ['gene-N186_RS02025']
    Key: gbkey, Value: ['CDS']
    Key: inference, Value: ['COORDINATES: similar to AA sequence:RefSeq:WP_011751911.1']
    Key: locus_tag, Value: ['N186_RS02025']
    Key: phase, Value: ['0']
    Key: product, Value: ['30S ribosomal protein S5']
    Key: protein_id, Value: ['WP_020962112.1']
    Key: source, Value: ['Protein Homology']
    Key: transl_table, Value: ['11']

GF(30S ribosomal protein S5, 21928-22537 (-1))
type: CDS
location: [375768:376359](-)
id: cds-WP_020962113.1
qualifiers:
    Key: Dbxref, Value: ['GenBank:WP_020962113.1', 'GeneID:16573066']
    Key: ID, Value: ['cds-WP_020962113.1']
    Key: Name, Value: ['WP_020962113.1']
    Key: Parent, Value: ['gene-N186_RS02030']
    Key: gbkey, Value: ['CDS']
    Key: inference, Value: ['COORDINATES: similar to AA sequence:RefSeq:WP_011751912.1']
    Key: locus_tag, Value: ['N186_RS02030']
    Key: phase, Value: ['0']
    Key: product, Value: ['50S ribosomal protein L18']
    Key: protein_id, Value: ['WP_020962113.1']
    Key: source, Value: ['Protein Homology']
    Key: transl_table, Value: ['11']

GF(50S ribosomal protein L18, 22580-23171 (-1))
type: repeat_region
location: [359211:359365](+)
id: NC_022093.1_3
qualifiers:
    Key: Dbxref, Value: ['SO:0001459']
    Key: ID, Value: ['NC_022093.1_3']
    Key: Note, Value: ['CTTTCAATTCATTCTTTTCTGATAC']
    Key: Ontology_term, Value: ['CRISPR']
    Key: score, Value: ['154']
    Key: source, Value: ['CCTyper']

GF(Repeat region, 6023-6177 (0))
type: repeat_region
location: [370564:370780](+)
id: NC_022093.1_4
qualifiers:
    Key: Dbxref, Value: ['SO:0001459']
    Key: ID, Value: ['NC_022093.1_4']
    Key: Note, Value: ['GCTTTCAATTCATTCTTTTCTGATAC']
    Key: Ontology_term, Value: ['CRISPR']
    Key: score, Value: ['216']
    Key: source, Value: ['CCTyper']

GF(Repeat region, 17376-17592 (0))
type: repeat_region
location: [356300:356458](+)
id: NC_022093.1-7_21
qualifiers:
    Key: Dbxref, Value: ['SO:0001459']
    Key: ID, Value: ['NC_022093.1-7_21']
    Key: Note, Value: ['CTTTCAATTCATTCGTTTCTGATAC']
    Key: Ontology_term, Value: ['CRISPR']
    Key: score, Value: ['158']
    Key: source, Value: ['CCTyper']

GF(Repeat region, 3112-3270 (0))
graphic feature from known effectors: GF(csx1, 4000-5655 (1))
[GF(50S ribosomal protein L23, 261-546 (-1)), GF(50S ribosomal protein L4, 542-1343 (-1)), GF(50S ribosomal protein L3, 1350-2355 (-1)), GF(None, 2530-2659 (-1)), GF(None, 2701-2899 (-1)), GF(CRISPR-associated CARF protein Csx1, 3999-5655 (1)), GF(None, 5699-6014 (-1)), GF(None, 7089-8844 (-1)), GF(None, 8846-9866 (-1)), GF(type III-B CRISPR-associated protein Cas10/Cmr2, 9862-13168 (-1)), GF(type III-B CRISPR module RAMP protein Cmr6, 13160-13997 (-1)), GF(type III-B CRISPR module RAMP protein Cmr1, 14094-15552 (-1)), GF(type III-B CRISPR module-associated protein Cmr5, 15561-16080 (-1)), GF(type III-B CRISPR module RAMP protein Cmr4, 16076-17234 (-1)), GF(RNA methyltransferase, 17972-18806 (-1)), GF(FaeA/PapI family transcriptional regulator, 18975-19188 (-1)), GF(preprotein translocase subunit SecY, 19287-20718 (-1)), GF(uL15 family ribosomal protein, 20720-21185 (-1)), GF(50S ribosomal protein L30, 21452-21923 (-1)), GF(30S ribosomal protein S5, 21928-22537 (-1)), GF(50S ribosomal protein L18, 22580-23171 (-1)), GF(Repeat region, 6023-6177 (0)), GF(Repeat region, 17376-17592 (0)), GF(Repeat region, 3112-3270 (0)), GF(csx1, 4000-5655 (1)), GF(CRISPR-Cas locus, 4000-19188 (0))]
