Cas operons file:    Unnamed: 0       Contig  ...           locus_id           sample
0           0  NC_019940.1  ...  GCF_000327045.1_0  GCF_000327045.1

[1 rows x 19 columns]
The chosen contig: NC_019940.1
type: CDS
location: [329291:330239](+)
id: cds-WP_015279325.1
qualifiers:
    Key: Dbxref, Value: ['GenBank:WP_015279325.1']
    Key: ID, Value: ['cds-WP_015279325.1']
    Key: Name, Value: ['WP_015279325.1']
    Key: Parent, Value: ['gene-THIMO_RS01470']
    Key: gbkey, Value: ['CDS']
    Key: gene, Value: ['cas6']
    Key: inference, Value: ['COORDINATES: protein motif:HMM:NF021551.2']
    Key: locus_tag, Value: ['THIMO_RS01470']
    Key: phase, Value: ['0']
    Key: product, Value: ['CRISPR system precrRNA processing endoribonuclease RAMP protein Cas6']
    Key: protein_id, Value: ['WP_015279325.1']
    Key: source, Value: ['Protein Homology']
    Key: transl_table, Value: ['11']

GF(CRISPR system precrRNA processing endoribonuclease RAMP protein Cas6, 281-1229 (1))
type: CDS
location: [330348:330888](-)
id: cds-THIMO_RS01475
qualifiers:
    Key: ID, Value: ['cds-THIMO_RS01475']
    Key: Note, Value: ['incomplete; partial in the middle of a contig; missing C-terminus']
    Key: Ontology_term, Value: ['GO:0003677', 'GO:0004519']
    Key: Parent, Value: ['gene-THIMO_RS01475']
    Key: gbkey, Value: ['CDS']
    Key: go_function, Value: ['DNA binding|0003677||IEA', 'endonuclease activity|0004519||IEA']
    Key: inference, Value: ['COORDINATES: similar to AA sequence:RefSeq:WP_014777759.1']
    Key: locus_tag, Value: ['THIMO_RS01475']
    Key: partial, Value: ['true']
    Key: phase, Value: ['0']
    Key: product, Value: ['Uma2 family endonuclease']
    Key: pseudo, Value: ['true']
    Key: source, Value: ['Protein Homology']
    Key: start_range, Value: ['.', '330349']
    Key: transl_table, Value: ['11']

GF(Uma2 family endonuclease, 1338-1878 (-1))
type: CDS
location: [331245:331551](-)
id: cds-WP_015279327.1
qualifiers:
    Key: Dbxref, Value: ['GenBank:WP_015279327.1']
    Key: ID, Value: ['cds-WP_015279327.1']
    Key: Name, Value: ['WP_015279327.1']
    Key: Parent, Value: ['gene-THIMO_RS01480']
    Key: gbkey, Value: ['CDS']
    Key: inference, Value: ['COORDINATES: ab initio prediction:GeneMarkS-2+']
    Key: locus_tag, Value: ['THIMO_RS01480']
    Key: phase, Value: ['0']
    Key: product, Value: ['hypothetical protein']
    Key: protein_id, Value: ['WP_015279327.1']
    Key: source, Value: ['GeneMarkS-2+']
    Key: transl_table, Value: ['11']

GF(None, 2235-2541 (-1))
type: CDS
location: [331574:331979](-)
id: cds-WP_015279328.1
qualifiers:
    Key: Dbxref, Value: ['GenBank:WP_015279328.1']
    Key: ID, Value: ['cds-WP_015279328.1']
    Key: Name, Value: ['WP_015279328.1']
    Key: Parent, Value: ['gene-THIMO_RS01485']
    Key: gbkey, Value: ['CDS']
    Key: inference, Value: ['COORDINATES: protein motif:HMM:NF013970.2']
    Key: locus_tag, Value: ['THIMO_RS01485']
    Key: phase, Value: ['0']
    Key: product, Value: ['type II toxin-antitoxin system VapC family toxin']
    Key: protein_id, Value: ['WP_015279328.1']
    Key: source, Value: ['Protein Homology']
    Key: transl_table, Value: ['11']

GF(type II toxin-antitoxin system VapC family toxin, 2564-2969 (-1))
type: CDS
location: [331980:332223](-)
id: cds-WP_015279329.1
qualifiers:
    Key: Dbxref, Value: ['GenBank:WP_015279329.1']
    Key: ID, Value: ['cds-WP_015279329.1']
    Key: Name, Value: ['WP_015279329.1']
    Key: Parent, Value: ['gene-THIMO_RS01490']
    Key: gbkey, Value: ['CDS']
    Key: inference, Value: ['COORDINATES: protein motif:HMM:NF015947.2']
    Key: locus_tag, Value: ['THIMO_RS01490']
    Key: phase, Value: ['0']
    Key: product, Value: ['AbrB/MazE/SpoVT family DNA-binding domain-containing protein']
    Key: protein_id, Value: ['WP_015279329.1']
    Key: source, Value: ['Protein Homology']
    Key: transl_table, Value: ['11']

GF(AbrB/MazE/SpoVT family DNA-binding domain-containing protein, 2970-3213 (-1))
type: CDS
location: [332242:332782](-)
id: cds-WP_157633618.1
qualifiers:
    Key: Dbxref, Value: ['GenBank:WP_157633618.1']
    Key: ID, Value: ['cds-WP_157633618.1']
    Key: Name, Value: ['WP_157633618.1']
    Key: Parent, Value: ['gene-THIMO_RS01495']
    Key: gbkey, Value: ['CDS']
    Key: inference, Value: ['COORDINATES: protein motif:HMM:NF017020.2']
    Key: locus_tag, Value: ['THIMO_RS01495']
    Key: phase, Value: ['0']
    Key: product, Value: ['HEPN domain-containing protein']
    Key: protein_id, Value: ['WP_157633618.1']
    Key: source, Value: ['Protein Homology']
    Key: transl_table, Value: ['11']

GF(HEPN domain-containing protein, 3232-3772 (-1))
type: CDS
location: [333009:333738](-)
id: cds-WP_216593894.1
qualifiers:
    Key: Dbxref, Value: ['GenBank:WP_216593894.1']
    Key: ID, Value: ['cds-WP_216593894.1']
    Key: Name, Value: ['WP_216593894.1']
    Key: Parent, Value: ['gene-THIMO_RS01500']
    Key: gbkey, Value: ['CDS']
    Key: inference, Value: ['COORDINATES: similar to AA sequence:RefSeq:WP_003120003.1']
    Key: locus_tag, Value: ['THIMO_RS01500']
    Key: phase, Value: ['0']
    Key: product, Value: ['hypothetical protein']
    Key: protein_id, Value: ['WP_216593894.1']
    Key: source, Value: ['Protein Homology']
    Key: transl_table, Value: ['11']

GF(None, 3999-4728 (-1))
type: CDS
location: [333835:336910](-)
id: cds-WP_157633619.1
qualifiers:
    Key: Dbxref, Value: ['GenBank:WP_157633619.1']
    Key: ID, Value: ['cds-WP_157633619.1']
    Key: Name, Value: ['WP_157633619.1']
    Key: Parent, Value: ['gene-THIMO_RS01505']
    Key: gbkey, Value: ['CDS']
    Key: inference, Value: ['COORDINATES: protein motif:HMM:NF033611.0']
    Key: locus_tag, Value: ['THIMO_RS01505']
    Key: phase, Value: ['0']
    Key: product, Value: ['SAVED domain-containing protein']
    Key: protein_id, Value: ['WP_157633619.1']
    Key: source, Value: ['Protein Homology']
    Key: transl_table, Value: ['11']

GF(SAVED domain-containing protein, 4825-7900 (-1))
type: CDS
location: [337255:337711](+)
id: cds-WP_157633620.1
qualifiers:
    Key: Dbxref, Value: ['GenBank:WP_157633620.1']
    Key: ID, Value: ['cds-WP_157633620.1']
    Key: Name, Value: ['WP_157633620.1']
    Key: Parent, Value: ['gene-THIMO_RS19590']
    Key: gbkey, Value: ['CDS']
    Key: inference, Value: ['COORDINATES: ab initio prediction:GeneMarkS-2+']
    Key: locus_tag, Value: ['THIMO_RS19590']
    Key: phase, Value: ['0']
    Key: product, Value: ['hypothetical protein']
    Key: protein_id, Value: ['WP_157633620.1']
    Key: source, Value: ['GeneMarkS-2+']
    Key: transl_table, Value: ['11']

GF(None, 8245-8701 (1))
type: CDS
location: [337845:339699](-)
id: cds-WP_157633621.1
qualifiers:
    Key: Dbxref, Value: ['GenBank:WP_157633621.1']
    Key: ID, Value: ['cds-WP_157633621.1']
    Key: Name, Value: ['WP_157633621.1']
    Key: Parent, Value: ['gene-THIMO_RS01510']
    Key: gbkey, Value: ['CDS']
    Key: inference, Value: ['COORDINATES: protein motif:HMM:NF024685.2']
    Key: locus_tag, Value: ['THIMO_RS01510']
    Key: phase, Value: ['0']
    Key: product, Value: ['SIR2 family protein']
    Key: protein_id, Value: ['WP_157633621.1']
    Key: source, Value: ['Protein Homology']
    Key: transl_table, Value: ['11']

GF(SIR2 family protein, 8835-10689 (-1))
type: CDS
location: [339720:340887](-)
id: cds-WP_157633622.1
qualifiers:
    Key: Dbxref, Value: ['GenBank:WP_157633622.1']
    Key: ID, Value: ['cds-WP_157633622.1']
    Key: Name, Value: ['WP_157633622.1']
    Key: Ontology_term, Value: ['GO:0043571', 'GO:0003674']
    Key: Parent, Value: ['gene-THIMO_RS01515']
    Key: gbkey, Value: ['CDS']
    Key: gene, Value: ['cmr6']
    Key: go_function, Value: ['molecular_function|0003674||IEA']
    Key: go_process, Value: ['maintenance of CRISPR repeat elements|0043571||IEA']
    Key: inference, Value: ['COORDINATES: protein motif:HMM:TIGR01898.1']
    Key: locus_tag, Value: ['THIMO_RS01515']
    Key: phase, Value: ['0']
    Key: product, Value: ['type III-B CRISPR module RAMP protein Cmr6']
    Key: protein_id, Value: ['WP_157633622.1']
    Key: source, Value: ['Protein Homology']
    Key: transl_table, Value: ['11']

GF(type III-B CRISPR module RAMP protein Cmr6, 10710-11877 (-1))
type: CDS
location: [340979:341456](-)
id: cds-WP_015279335.1
qualifiers:
    Key: Dbxref, Value: ['GenBank:WP_015279335.1']
    Key: ID, Value: ['cds-WP_015279335.1']
    Key: Name, Value: ['WP_015279335.1']
    Key: Ontology_term, Value: ['GO:0043571', 'GO:0003674']
    Key: Parent, Value: ['gene-THIMO_RS01520']
    Key: gbkey, Value: ['CDS']
    Key: gene, Value: ['cmr5']
    Key: go_function, Value: ['molecular_function|0003674||IEA']
    Key: go_process, Value: ['maintenance of CRISPR repeat elements|0043571||IEA']
    Key: inference, Value: ['COORDINATES: protein motif:HMM:TIGR01881.1']
    Key: locus_tag, Value: ['THIMO_RS01520']
    Key: phase, Value: ['0']
    Key: product, Value: ['type III-B CRISPR module-associated protein Cmr5']
    Key: protein_id, Value: ['WP_015279335.1']
    Key: source, Value: ['Protein Homology']
    Key: transl_table, Value: ['11']

GF(type III-B CRISPR module-associated protein Cmr5, 11969-12446 (-1))
type: CDS
location: [341452:342463](-)
id: cds-WP_015279336.1
qualifiers:
    Key: Dbxref, Value: ['GenBank:WP_015279336.1']
    Key: ID, Value: ['cds-WP_015279336.1']
    Key: Name, Value: ['WP_015279336.1']
    Key: Ontology_term, Value: ['GO:0043571', 'GO:0003674']
    Key: Parent, Value: ['gene-THIMO_RS01525']
    Key: gbkey, Value: ['CDS']
    Key: gene, Value: ['cmr4']
    Key: go_function, Value: ['molecular_function|0003674||IEA']
    Key: go_process, Value: ['maintenance of CRISPR repeat elements|0043571||IEA']
    Key: inference, Value: ['COORDINATES: protein motif:HMM:TIGR02580.1']
    Key: locus_tag, Value: ['THIMO_RS01525']
    Key: phase, Value: ['0']
    Key: product, Value: ['type III-B CRISPR module RAMP protein Cmr4']
    Key: protein_id, Value: ['WP_015279336.1']
    Key: source, Value: ['Protein Homology']
    Key: transl_table, Value: ['11']

GF(type III-B CRISPR module RAMP protein Cmr4, 12442-13453 (-1))
type: CDS
location: [342526:343930](-)
id: cds-WP_015279337.1
qualifiers:
    Key: Dbxref, Value: ['GenBank:WP_015279337.1']
    Key: ID, Value: ['cds-WP_015279337.1']
    Key: Name, Value: ['WP_015279337.1']
    Key: Parent, Value: ['gene-THIMO_RS01530']
    Key: gbkey, Value: ['CDS']
    Key: inference, Value: ['COORDINATES: protein motif:HMM:NF021236.2']
    Key: locus_tag, Value: ['THIMO_RS01530']
    Key: phase, Value: ['0']
    Key: product, Value: ['CRISPR-associated protein Cmr3']
    Key: protein_id, Value: ['WP_015279337.1']
    Key: source, Value: ['Protein Homology']
    Key: transl_table, Value: ['11']

GF(CRISPR-associated protein Cmr3, 13516-14920 (-1))
type: CDS
location: [343926:345969](-)
id: cds-WP_015279338.1
qualifiers:
    Key: Dbxref, Value: ['GenBank:WP_015279338.1']
    Key: ID, Value: ['cds-WP_015279338.1']
    Key: Name, Value: ['WP_015279338.1']
    Key: Ontology_term, Value: ['GO:0043571', 'GO:0003674']
    Key: Parent, Value: ['gene-THIMO_RS01535']
    Key: gbkey, Value: ['CDS']
    Key: gene, Value: ['cas10']
    Key: go_function, Value: ['molecular_function|0003674||IEA']
    Key: go_process, Value: ['maintenance of CRISPR repeat elements|0043571||IEA']
    Key: inference, Value: ['COORDINATES: protein motif:HMM:TIGR02577.1']
    Key: locus_tag, Value: ['THIMO_RS01535']
    Key: phase, Value: ['0']
    Key: product, Value: ['type III-B CRISPR-associated protein Cas10/Cmr2']
    Key: protein_id, Value: ['WP_015279338.1']
    Key: source, Value: ['Protein Homology']
    Key: transl_table, Value: ['11']

GF(type III-B CRISPR-associated protein Cas10/Cmr2, 14916-16959 (-1))
type: CDS
location: [345965:347510](-)
id: cds-WP_015279339.1
qualifiers:
    Key: Dbxref, Value: ['GenBank:WP_015279339.1']
    Key: ID, Value: ['cds-WP_015279339.1']
    Key: Name, Value: ['WP_015279339.1']
    Key: Ontology_term, Value: ['GO:0043571', 'GO:0003674']
    Key: Parent, Value: ['gene-THIMO_RS20425']
    Key: gbkey, Value: ['CDS']
    Key: gene, Value: ['cmr1']
    Key: go_function, Value: ['molecular_function|0003674||IEA']
    Key: go_process, Value: ['maintenance of CRISPR repeat elements|0043571||IEA']
    Key: inference, Value: ['COORDINATES: similar to AA sequence:RefSeq:WP_006786736.1']
    Key: locus_tag, Value: ['THIMO_RS20425']
    Key: phase, Value: ['0']
    Key: product, Value: ['type III-B CRISPR module RAMP protein Cmr1']
    Key: protein_id, Value: ['WP_015279339.1']
    Key: source, Value: ['Protein Homology']
    Key: transl_table, Value: ['11']

GF(type III-B CRISPR module RAMP protein Cmr1, 16955-18500 (-1))
type: CDS
location: [347490:347808](-)
id: cds-WP_015279340.1
qualifiers:
    Key: Dbxref, Value: ['GenBank:WP_015279340.1']
    Key: ID, Value: ['cds-WP_015279340.1']
    Key: Name, Value: ['WP_015279340.1']
    Key: Parent, Value: ['gene-THIMO_RS01545']
    Key: gbkey, Value: ['CDS']
    Key: inference, Value: ['COORDINATES: ab initio prediction:GeneMarkS-2+']
    Key: locus_tag, Value: ['THIMO_RS01545']
    Key: phase, Value: ['0']
    Key: product, Value: ['CRISPR-associated protein']
    Key: protein_id, Value: ['WP_015279340.1']
    Key: source, Value: ['GeneMarkS-2+']
    Key: transl_table, Value: ['11']

GF(CRISPR-associated protein, 18480-18798 (-1))
type: CDS
location: [348443:349247](+)
id: cds-WP_015279341.1
qualifiers:
    Key: Dbxref, Value: ['GenBank:WP_015279341.1']
    Key: ID, Value: ['cds-WP_015279341.1']
    Key: Name, Value: ['WP_015279341.1']
    Key: Parent, Value: ['gene-THIMO_RS01550']
    Key: gbkey, Value: ['CDS']
    Key: inference, Value: ['COORDINATES: ab initio prediction:GeneMarkS-2+']
    Key: locus_tag, Value: ['THIMO_RS01550']
    Key: phase, Value: ['0']
    Key: product, Value: ['hypothetical protein']
    Key: protein_id, Value: ['WP_015279341.1']
    Key: source, Value: ['GeneMarkS-2+']
    Key: transl_table, Value: ['11']

GF(None, 19433-20237 (1))
type: CDS
location: [350751:351873](+)
id: cds-WP_015279342.1
qualifiers:
    Key: Dbxref, Value: ['GenBank:WP_015279342.1']
    Key: ID, Value: ['cds-WP_015279342.1']
    Key: Name, Value: ['WP_015279342.1']
    Key: Parent, Value: ['gene-THIMO_RS01555']
    Key: gbkey, Value: ['CDS']
    Key: inference, Value: ['COORDINATES: ab initio prediction:GeneMarkS-2+']
    Key: locus_tag, Value: ['THIMO_RS01555']
    Key: phase, Value: ['0']
    Key: product, Value: ['hypothetical protein']
    Key: protein_id, Value: ['WP_015279342.1']
    Key: source, Value: ['GeneMarkS-2+']
    Key: transl_table, Value: ['11']

GF(None, 21741-22863 (1))
type: CDS
location: [352078:352636](+)
id: cds-WP_015279343.1
qualifiers:
    Key: Dbxref, Value: ['GenBank:WP_015279343.1']
    Key: ID, Value: ['cds-WP_015279343.1']
    Key: Name, Value: ['WP_015279343.1']
    Key: Parent, Value: ['gene-THIMO_RS01560']
    Key: gbkey, Value: ['CDS']
    Key: inference, Value: ['COORDINATES: ab initio prediction:GeneMarkS-2+']
    Key: locus_tag, Value: ['THIMO_RS01560']
    Key: phase, Value: ['0']
    Key: product, Value: ['hypothetical protein']
    Key: protein_id, Value: ['WP_015279343.1']
    Key: source, Value: ['GeneMarkS-2+']
    Key: transl_table, Value: ['11']

GF(None, 23068-23626 (1))
type: CDS
location: [352693:352978](+)
id: cds-WP_015279344.1
qualifiers:
    Key: Dbxref, Value: ['GenBank:WP_015279344.1']
    Key: ID, Value: ['cds-WP_015279344.1']
    Key: Name, Value: ['WP_015279344.1']
    Key: Parent, Value: ['gene-THIMO_RS01565']
    Key: gbkey, Value: ['CDS']
    Key: inference, Value: ['COORDINATES: protein motif:HMM:NF021356.2']
    Key: locus_tag, Value: ['THIMO_RS01565']
    Key: phase, Value: ['0']
    Key: product, Value: ['CRISPR-associated endonuclease Cas2']
    Key: protein_id, Value: ['WP_015279344.1']
    Key: source, Value: ['Protein Homology']
    Key: transl_table, Value: ['11']

GF(CRISPR-associated endonuclease Cas2, 23683-23968 (1))
type: CDS
location: [353040:353382](+)
id: cds-WP_015279345.1
qualifiers:
    Key: Dbxref, Value: ['GenBank:WP_015279345.1']
    Key: ID, Value: ['cds-WP_015279345.1']
    Key: Name, Value: ['WP_015279345.1']
    Key: Ontology_term, Value: ['GO:0043571', 'GO:0004521']
    Key: Parent, Value: ['gene-THIMO_RS01570']
    Key: gbkey, Value: ['CDS']
    Key: gene, Value: ['cas2']
    Key: go_function, Value: ['endoribonuclease activity|0004521||IEA']
    Key: go_process, Value: ['maintenance of CRISPR repeat elements|0043571||IEA']
    Key: inference, Value: ['COORDINATES: protein motif:HMM:NF021356.2']
    Key: locus_tag, Value: ['THIMO_RS01570']
    Key: phase, Value: ['0']
    Key: product, Value: ['CRISPR-associated endonuclease Cas2']
    Key: protein_id, Value: ['WP_015279345.1']
    Key: source, Value: ['Protein Homology']
    Key: transl_table, Value: ['11']

GF(CRISPR-associated endonuclease Cas2, 24030-24372 (1))
type: CDS
location: [353378:354377](+)
id: cds-WP_015279346.1
qualifiers:
    Key: Dbxref, Value: ['GenBank:WP_015279346.1']
    Key: ID, Value: ['cds-WP_015279346.1']
    Key: Name, Value: ['WP_015279346.1']
    Key: Ontology_term, Value: ['GO:0043571', 'GO:0004520', 'GO:0046872']
    Key: Parent, Value: ['gene-THIMO_RS18055']
    Key: gbkey, Value: ['CDS']
    Key: gene, Value: ['cas1']
    Key: go_function, Value: ['endodeoxyribonuclease activity|0004520||IEA', 'metal ion binding|0046872||IEA']
    Key: go_process, Value: ['maintenance of CRISPR repeat elements|0043571||IEA']
    Key: inference, Value: ['COORDINATES: protein motif:HMM:TIGR00287.1']
    Key: locus_tag, Value: ['THIMO_RS18055']
    Key: phase, Value: ['0']
    Key: product, Value: ['CRISPR-associated endonuclease Cas1']
    Key: protein_id, Value: ['WP_015279346.1']
    Key: source, Value: ['Protein Homology']
    Key: transl_table, Value: ['11']

GF(CRISPR-associated endonuclease Cas1, 24368-25367 (1))
type: CDS
location: [354373:355213](+)
id: cds-WP_015279347.1
qualifiers:
    Key: Dbxref, Value: ['GenBank:WP_015279347.1']
    Key: ID, Value: ['cds-WP_015279347.1']
    Key: Name, Value: ['WP_015279347.1']
    Key: Parent, Value: ['gene-THIMO_RS01580']
    Key: gbkey, Value: ['CDS']
    Key: inference, Value: ['COORDINATES: similar to AA sequence:RefSeq:WP_018870803.1']
    Key: locus_tag, Value: ['THIMO_RS01580']
    Key: phase, Value: ['0']
    Key: product, Value: ['reverse transcriptase domain-containing protein']
    Key: protein_id, Value: ['WP_015279347.1']
    Key: source, Value: ['Protein Homology']
    Key: transl_table, Value: ['11']

GF(reverse transcriptase domain-containing protein, 25363-26203 (1))
type: CDS
location: [357189:357750](-)
id: cds-WP_015279348.1
qualifiers:
    Key: Dbxref, Value: ['GenBank:WP_015279348.1']
    Key: ID, Value: ['cds-WP_015279348.1']
    Key: Name, Value: ['WP_015279348.1']
    Key: Parent, Value: ['gene-THIMO_RS01585']
    Key: gbkey, Value: ['CDS']
    Key: inference, Value: ['COORDINATES: protein motif:HMM:NF013921.2']
    Key: locus_tag, Value: ['THIMO_RS01585']
    Key: phase, Value: ['0']
    Key: product, Value: ['transposase']
    Key: protein_id, Value: ['WP_015279348.1']
    Key: source, Value: ['Protein Homology']
    Key: transl_table, Value: ['11']

GF(transposase, 28179-28740 (-1))
type: repeat_region
location: [349565:350309](+)
id: NC_019940.1_1
qualifiers:
    Key: Dbxref, Value: ['SO:0001459']
    Key: ID, Value: ['NC_019940.1_1']
    Key: Note, Value: ['GGCCTGACGCTTACCTGATGAAGAAGGTATTGAGAC']
    Key: Ontology_term, Value: ['CRISPR']
    Key: score, Value: ['744']
    Key: source, Value: ['CCTyper']

GF(Repeat region, 20555-21299 (0))
type: repeat_region
location: [355321:356333](+)
id: NC_019940.1_2
qualifiers:
    Key: Dbxref, Value: ['SO:0001459']
    Key: ID, Value: ['NC_019940.1_2']
    Key: Note, Value: ['GGCCTAGCACTTACCTGATGAAGAAGGTATTGAGAC']
    Key: Ontology_term, Value: ['CRISPR']
    Key: score, Value: ['1012']
    Key: source, Value: ['CCTyper']

GF(Repeat region, 26311-27323 (0))
graphic feature from known effectors: GF(cam1, 19434-20237 (1))
graphic feature from known effectors: GF(nucc, 4000-4728 (-1))
[GF(CRISPR system precrRNA processing endoribonuclease RAMP protein Cas6, 281-1229 (1)), GF(Uma2 family endonuclease, 1338-1878 (-1)), GF(None, 2235-2541 (-1)), GF(type II toxin-antitoxin system VapC family toxin, 2564-2969 (-1)), GF(AbrB/MazE/SpoVT family DNA-binding domain-containing protein, 2970-3213 (-1)), GF(HEPN domain-containing protein, 3232-3772 (-1)), GF(None, 3999-4728 (-1)), GF(SAVED domain-containing protein, 4825-7900 (-1)), GF(None, 8245-8701 (1)), GF(SIR2 family protein, 8835-10689 (-1)), GF(type III-B CRISPR module RAMP protein Cmr6, 10710-11877 (-1)), GF(type III-B CRISPR module-associated protein Cmr5, 11969-12446 (-1)), GF(type III-B CRISPR module RAMP protein Cmr4, 12442-13453 (-1)), GF(CRISPR-associated protein Cmr3, 13516-14920 (-1)), GF(type III-B CRISPR-associated protein Cas10/Cmr2, 14916-16959 (-1)), GF(type III-B CRISPR module RAMP protein Cmr1, 16955-18500 (-1)), GF(CRISPR-associated protein, 18480-18798 (-1)), GF(None, 19433-20237 (1)), GF(None, 21741-22863 (1)), GF(None, 23068-23626 (1)), GF(CRISPR-associated endonuclease Cas2, 23683-23968 (1)), GF(CRISPR-associated endonuclease Cas2, 24030-24372 (1)), GF(CRISPR-associated endonuclease Cas1, 24368-25367 (1)), GF(reverse transcriptase domain-containing protein, 25363-26203 (1)), GF(transposase, 28179-28740 (-1)), GF(Repeat region, 20555-21299 (0)), GF(Repeat region, 26311-27323 (0)), GF(cam1, 19434-20237 (1)), GF(nucc, 4000-4728 (-1)), GF(CRISPR-Cas locus, 4000-26203 (0))]
