Cas operons file:    Unnamed: 0         Contig  ...           locus_id           sample
0           2  NZ_CP051168.1  ...  GCF_016446395.1_2  GCF_016446395.1

[1 rows x 19 columns]
The chosen contig: NZ_CP051168.1
type: CDS
location: [2720337:2723502](-)
id: cds-WP_199249787.1
qualifiers:
    Key: Dbxref, Value: ['GenBank:WP_199249787.1']
    Key: ID, Value: ['cds-WP_199249787.1']
    Key: Name, Value: ['WP_199249787.1']
    Key: Parent, Value: ['gene-HEQ85_RS11845']
    Key: gbkey, Value: ['CDS']
    Key: inference, Value: ['COORDINATES: protein motif:HMM:NF013736.2']
    Key: locus_tag, Value: ['HEQ85_RS11845']
    Key: phase, Value: ['0']
    Key: product, Value: ['PAS domain S-box protein']
    Key: protein_id, Value: ['WP_199249787.1']
    Key: source, Value: ['Protein Homology']
    Key: transl_table, Value: ['11']

GF(PAS domain S-box protein, 342-3507 (-1))
type: CDS
location: [2723994:2727000](+)
id: cds-WP_199249789.1
qualifiers:
    Key: Dbxref, Value: ['GenBank:WP_199249789.1']
    Key: ID, Value: ['cds-WP_199249789.1']
    Key: Name, Value: ['WP_199249789.1']
    Key: Ontology_term, Value: ['GO:0043571', 'GO:0003674']
    Key: Parent, Value: ['gene-HEQ85_RS11850']
    Key: gbkey, Value: ['CDS']
    Key: gene, Value: ['cas10']
    Key: go_function, Value: ['molecular_function|0003674||IEA']
    Key: go_process, Value: ['maintenance of CRISPR repeat elements|0043571||IEA']
    Key: inference, Value: ['COORDINATES: similar to AA sequence:RefSeq:WP_006618685.1']
    Key: locus_tag, Value: ['HEQ85_RS11850']
    Key: phase, Value: ['0']
    Key: product, Value: ['type III-B CRISPR-associated protein Cas10/Cmr2']
    Key: protein_id, Value: ['WP_199249789.1']
    Key: source, Value: ['Protein Homology']
    Key: transl_table, Value: ['11']

GF(type III-B CRISPR-associated protein Cas10/Cmr2, 3999-7005 (1))
type: CDS
location: [2727005:2728208](+)
id: cds-WP_199249791.1
qualifiers:
    Key: Dbxref, Value: ['GenBank:WP_199249791.1']
    Key: ID, Value: ['cds-WP_199249791.1']
    Key: Name, Value: ['WP_199249791.1']
    Key: Parent, Value: ['gene-HEQ85_RS11855']
    Key: gbkey, Value: ['CDS']
    Key: inference, Value: ['COORDINATES: similar to AA sequence:RefSeq:WP_006618684.1']
    Key: locus_tag, Value: ['HEQ85_RS11855']
    Key: phase, Value: ['0']
    Key: product, Value: ['type III-B CRISPR module-associated Cmr3 family protein']
    Key: protein_id, Value: ['WP_199249791.1']
    Key: source, Value: ['Protein Homology']
    Key: transl_table, Value: ['11']

GF(type III-B CRISPR module-associated Cmr3 family protein, 7010-8213 (1))
type: CDS
location: [2728204:2729701](+)
id: cds-WP_199249793.1
qualifiers:
    Key: Dbxref, Value: ['GenBank:WP_199249793.1']
    Key: ID, Value: ['cds-WP_199249793.1']
    Key: Name, Value: ['WP_199249793.1']
    Key: Parent, Value: ['gene-HEQ85_RS11860']
    Key: gbkey, Value: ['CDS']
    Key: inference, Value: ['COORDINATES: ab initio prediction:GeneMarkS-2+']
    Key: locus_tag, Value: ['HEQ85_RS11860']
    Key: phase, Value: ['0']
    Key: product, Value: ['hypothetical protein']
    Key: protein_id, Value: ['WP_199249793.1']
    Key: source, Value: ['GeneMarkS-2+']
    Key: transl_table, Value: ['11']

GF(None, 8209-9706 (1))
type: CDS
location: [2729903:2730050](+)
id: cds-WP_199249795.1
qualifiers:
    Key: Dbxref, Value: ['GenBank:WP_199249795.1']
    Key: ID, Value: ['cds-WP_199249795.1']
    Key: Name, Value: ['WP_199249795.1']
    Key: Parent, Value: ['gene-HEQ85_RS11865']
    Key: gbkey, Value: ['CDS']
    Key: inference, Value: ['COORDINATES: ab initio prediction:GeneMarkS-2+']
    Key: locus_tag, Value: ['HEQ85_RS11865']
    Key: phase, Value: ['0']
    Key: product, Value: ['hypothetical protein']
    Key: protein_id, Value: ['WP_199249795.1']
    Key: source, Value: ['GeneMarkS-2+']
    Key: transl_table, Value: ['11']

GF(None, 9908-10055 (1))
type: CDS
location: [2730171:2731842](+)
id: cds-WP_199249796.1
qualifiers:
    Key: Dbxref, Value: ['GenBank:WP_199249796.1']
    Key: ID, Value: ['cds-WP_199249796.1']
    Key: Name, Value: ['WP_199249796.1']
    Key: Parent, Value: ['gene-HEQ85_RS11870']
    Key: gbkey, Value: ['CDS']
    Key: inference, Value: ['COORDINATES: ab initio prediction:GeneMarkS-2+']
    Key: locus_tag, Value: ['HEQ85_RS11870']
    Key: phase, Value: ['0']
    Key: product, Value: ['hypothetical protein']
    Key: protein_id, Value: ['WP_199249796.1']
    Key: source, Value: ['GeneMarkS-2+']
    Key: transl_table, Value: ['11']

GF(None, 10176-11847 (1))
type: CDS
location: [2732311:2733277](+)
id: cds-HEQ85_RS11875
qualifiers:
    Key: ID, Value: ['cds-HEQ85_RS11875']
    Key: Note, Value: ['internal stop']
    Key: Parent, Value: ['gene-HEQ85_RS11875']
    Key: gbkey, Value: ['CDS']
    Key: inference, Value: ['COORDINATES: similar to AA sequence:RefSeq:WP_007352963.1']
    Key: locus_tag, Value: ['HEQ85_RS11875']
    Key: phase, Value: ['0']
    Key: product, Value: ['hypothetical protein']
    Key: pseudo, Value: ['true']
    Key: source, Value: ['Protein Homology']
    Key: transl_table, Value: ['11']

GF(None, 12316-13282 (1))
type: CDS
location: [2733709:2733994](-)
id: cds-WP_199249798.1
qualifiers:
    Key: Dbxref, Value: ['GenBank:WP_199249798.1']
    Key: ID, Value: ['cds-WP_199249798.1']
    Key: Name, Value: ['WP_199249798.1']
    Key: Parent, Value: ['gene-HEQ85_RS11880']
    Key: gbkey, Value: ['CDS']
    Key: inference, Value: ['COORDINATES: similar to AA sequence:RefSeq:WP_015176578.1']
    Key: locus_tag, Value: ['HEQ85_RS11880']
    Key: phase, Value: ['0']
    Key: product, Value: ['helix-turn-helix domain-containing protein']
    Key: protein_id, Value: ['WP_199249798.1']
    Key: source, Value: ['Protein Homology']
    Key: transl_table, Value: ['11']

GF(helix-turn-helix domain-containing protein, 13714-13999 (-1))
type: CDS
location: [2734016:2734295](-)
id: cds-WP_199249800.1
qualifiers:
    Key: Dbxref, Value: ['GenBank:WP_199249800.1']
    Key: ID, Value: ['cds-WP_199249800.1']
    Key: Name, Value: ['WP_199249800.1']
    Key: Ontology_term, Value: ['GO:0043571', 'GO:0004521']
    Key: Parent, Value: ['gene-HEQ85_RS11885']
    Key: gbkey, Value: ['CDS']
    Key: gene, Value: ['cas2']
    Key: go_function, Value: ['endoribonuclease activity|0004521||IEA']
    Key: go_process, Value: ['maintenance of CRISPR repeat elements|0043571||IEA']
    Key: inference, Value: ['COORDINATES: similar to AA sequence:RefSeq:WP_019488122.1']
    Key: locus_tag, Value: ['HEQ85_RS11885']
    Key: phase, Value: ['0']
    Key: product, Value: ['CRISPR-associated endonuclease Cas2']
    Key: protein_id, Value: ['WP_199249800.1']
    Key: source, Value: ['Protein Homology']
    Key: transl_table, Value: ['11']

GF(CRISPR-associated endonuclease Cas2, 14021-14300 (-1))
type: CDS
location: [2734667:2734847](+)
id: cds-WP_199249802.1
qualifiers:
    Key: Dbxref, Value: ['GenBank:WP_199249802.1']
    Key: ID, Value: ['cds-WP_199249802.1']
    Key: Name, Value: ['WP_199249802.1']
    Key: Parent, Value: ['gene-HEQ85_RS11890']
    Key: gbkey, Value: ['CDS']
    Key: inference, Value: ['COORDINATES: ab initio prediction:GeneMarkS-2+']
    Key: locus_tag, Value: ['HEQ85_RS11890']
    Key: phase, Value: ['0']
    Key: product, Value: ['hypothetical protein']
    Key: protein_id, Value: ['WP_199249802.1']
    Key: source, Value: ['GeneMarkS-2+']
    Key: transl_table, Value: ['11']

GF(None, 14672-14852 (1))
type: CDS
location: [2734999:2735956](-)
id: cds-WP_199249804.1
qualifiers:
    Key: Dbxref, Value: ['GenBank:WP_199249804.1']
    Key: ID, Value: ['cds-WP_199249804.1']
    Key: Name, Value: ['WP_199249804.1']
    Key: Ontology_term, Value: ['GO:0043571', 'GO:0004520', 'GO:0046872']
    Key: Parent, Value: ['gene-HEQ85_RS11895']
    Key: gbkey, Value: ['CDS']
    Key: gene, Value: ['cas1']
    Key: go_function, Value: ['endodeoxyribonuclease activity|0004520||IEA', 'metal ion binding|0046872||IEA']
    Key: go_process, Value: ['maintenance of CRISPR repeat elements|0043571||IEA']
    Key: inference, Value: ['COORDINATES: protein motif:HMM:TIGR00287.1']
    Key: locus_tag, Value: ['HEQ85_RS11895']
    Key: phase, Value: ['0']
    Key: product, Value: ['CRISPR-associated endonuclease Cas1']
    Key: protein_id, Value: ['WP_199249804.1']
    Key: source, Value: ['Protein Homology']
    Key: transl_table, Value: ['11']

GF(CRISPR-associated endonuclease Cas1, 15004-15961 (-1))
type: CDS
location: [2739892:2740183](-)
id: cds-WP_199249806.1
qualifiers:
    Key: Dbxref, Value: ['GenBank:WP_199249806.1']
    Key: ID, Value: ['cds-WP_199249806.1']
    Key: Name, Value: ['WP_199249806.1']
    Key: Parent, Value: ['gene-HEQ85_RS11900']
    Key: gbkey, Value: ['CDS']
    Key: inference, Value: ['COORDINATES: ab initio prediction:GeneMarkS-2+']
    Key: locus_tag, Value: ['HEQ85_RS11900']
    Key: phase, Value: ['0']
    Key: product, Value: ['helix-turn-helix transcriptional regulator']
    Key: protein_id, Value: ['WP_199249806.1']
    Key: source, Value: ['GeneMarkS-2+']
    Key: transl_table, Value: ['11']

GF(helix-turn-helix transcriptional regulator, 19897-20188 (-1))
type: CDS
location: [2740227:2742231](-)
id: cds-WP_199249808.1
qualifiers:
    Key: Dbxref, Value: ['GenBank:WP_199249808.1']
    Key: ID, Value: ['cds-WP_199249808.1']
    Key: Name, Value: ['WP_199249808.1']
    Key: Ontology_term, Value: ['GO:0043571', 'GO:0004520', 'GO:0046872']
    Key: Parent, Value: ['gene-HEQ85_RS11905']
    Key: gbkey, Value: ['CDS']
    Key: gene, Value: ['cas1']
    Key: go_function, Value: ['endodeoxyribonuclease activity|0004520||IEA', 'metal ion binding|0046872||IEA']
    Key: go_process, Value: ['maintenance of CRISPR repeat elements|0043571||IEA']
    Key: inference, Value: ['COORDINATES: similar to AA sequence:RefSeq:WP_015186217.1']
    Key: locus_tag, Value: ['HEQ85_RS11905']
    Key: phase, Value: ['0']
    Key: product, Value: ['CRISPR-associated endonuclease Cas1']
    Key: protein_id, Value: ['WP_199249808.1']
    Key: source, Value: ['Protein Homology']
    Key: transl_table, Value: ['11']

GF(CRISPR-associated endonuclease Cas1, 20232-22236 (-1))
type: CDS
location: [2742884:2745923](+)
id: cds-WP_233258687.1
qualifiers:
    Key: Dbxref, Value: ['GenBank:WP_233258687.1']
    Key: ID, Value: ['cds-WP_233258687.1']
    Key: Name, Value: ['WP_233258687.1']
    Key: Parent, Value: ['gene-HEQ85_RS11910']
    Key: gbkey, Value: ['CDS']
    Key: inference, Value: ['COORDINATES: ab initio prediction:GeneMarkS-2+']
    Key: locus_tag, Value: ['HEQ85_RS11910']
    Key: phase, Value: ['0']
    Key: product, Value: ['hypothetical protein']
    Key: protein_id, Value: ['WP_233258687.1']
    Key: source, Value: ['GeneMarkS-2+']
    Key: transl_table, Value: ['11']

GF(None, 22889-25928 (1))
type: repeat_region
location: [2737165:2739126](+)
id: NZ_CP051168.1_2
qualifiers:
    Key: Dbxref, Value: ['SO:0001459']
    Key: ID, Value: ['NZ_CP051168.1_2']
    Key: Note, Value: ['GTTTCCACTAATTCGACTTCGGGTGAAGTCTAAAG']
    Key: Ontology_term, Value: ['CRISPR']
    Key: score, Value: ['1961']
    Key: source, Value: ['CCTyper']

GF(Repeat region, 17170-19131 (0))
graphic feature from cctyper protein table: GF(Cas10, 4000-7005 (1))
graphic feature from cctyper protein table: GF(Cmr3gr5, 7011-8213 (1))
graphic feature from cctyper protein table: GF(CorA, 8210-9706 (1))
graphic feature from cctyper protein table: GF(Csx1, 10177-11847 (1))
graphic feature from cctyper protein table: GF(Cas2, 14022-14300 (-1))
graphic feature from cctyper protein table: GF(Cas1, 15005-15961 (-1))
graphic feature from cctyper protein table: GF(Cas1, 20233-22236 (-1))
Index(['protein_id', 'start', 'end', 'effector', 'locus', 'sample', 'strand',
       'sequence', 'type'],
      dtype='object')
graphic feature from known effectors: GF(cora, 8210-9706 (1))
graphic feature from known effectors: GF(csx1, 10177-11847 (1))
Index(['protein_id', 'start', 'end', 'effector', 'locus', 'sample', 'strand',
       'sequence'],
      dtype='object')
[GF(PAS domain S-box protein, 342-3507 (-1)), GF(type III-B CRISPR-associated protein Cas10/Cmr2, 3999-7005 (1)), GF(type III-B CRISPR module-associated Cmr3 family protein, 7010-8213 (1)), GF(None, 8209-9706 (1)), GF(None, 9908-10055 (1)), GF(None, 10176-11847 (1)), GF(None, 12316-13282 (1)), GF(helix-turn-helix domain-containing protein, 13714-13999 (-1)), GF(CRISPR-associated endonuclease Cas2, 14021-14300 (-1)), GF(None, 14672-14852 (1)), GF(CRISPR-associated endonuclease Cas1, 15004-15961 (-1)), GF(helix-turn-helix transcriptional regulator, 19897-20188 (-1)), GF(CRISPR-associated endonuclease Cas1, 20232-22236 (-1)), GF(None, 22889-25928 (1)), GF(Repeat region, 17170-19131 (0)), GF(Cas10, 4000-7005 (1)), GF(Cmr3gr5, 7011-8213 (1)), GF(CorA, 8210-9706 (1)), GF(Csx1, 10177-11847 (1)), GF(Cas2, 14022-14300 (-1)), GF(Cas1, 15005-15961 (-1)), GF(Cas1, 20233-22236 (-1)), GF(cora, 8210-9706 (1)), GF(csx1, 10177-11847 (1)), GF(CRISPR-Cas locus, 4000-22236 (0))]
