Cas operons file:    Unnamed: 0       Contig  ...           locus_id           sample
0           0  NC_004757.1  ...  GCF_000009145.1_0  GCF_000009145.1

[1 rows x 19 columns]
The chosen contig: NC_004757.1
type: CDS
location: [133175:134849](-)
id: cds-WP_011110756.1
qualifiers:
    Key: Dbxref, Value: ['GenBank:WP_011110756.1', 'GeneID:87103318']
    Key: ID, Value: ['cds-WP_011110756.1']
    Key: Name, Value: ['WP_011110756.1']
    Key: Ontology_term, Value: ['GO:0009097', 'GO:0009099', 'GO:0004160']
    Key: Parent, Value: ['gene-ALW85_RS00570']
    Key: gbkey, Value: ['CDS']
    Key: gene, Value: ['ilvD']
    Key: go_function, Value: ['dihydroxy-acid dehydratase activity|0004160||IEA']
    Key: go_process, Value: ['isoleucine biosynthetic process|0009097||IEA', 'valine biosynthetic process|0009099||IEA']
    Key: inference, Value: ['COORDINATES: similar to AA sequence:RefSeq:WP_011110756.1']
    Key: locus_tag, Value: ['ALW85_RS00570']
    Key: phase, Value: ['0']
    Key: product, Value: ['dihydroxy-acid dehydratase']
    Key: protein_id, Value: ['WP_011110756.1']
    Key: source, Value: ['Protein Homology']
    Key: transl_table, Value: ['11']

GF(dihydroxy-acid dehydratase, 183-1857 (-1))
type: CDS
location: [134975:135812](+)
id: cds-WP_011110757.1
qualifiers:
    Key: Dbxref, Value: ['GenBank:WP_011110757.1', 'GeneID:87103319']
    Key: ID, Value: ['cds-WP_011110757.1']
    Key: Name, Value: ['WP_011110757.1']
    Key: Ontology_term, Value: ['GO:0009249', 'GO:0008961', 'GO:0016020']
    Key: Parent, Value: ['gene-ALW85_RS00575']
    Key: gbkey, Value: ['CDS']
    Key: gene, Value: ['lgt']
    Key: go_component, Value: ['membrane|0016020||IEA']
    Key: go_function, Value: ['phosphatidylglycerol-prolipoprotein diacylglyceryl transferase activity|0008961||IEA']
    Key: go_process, Value: ['protein lipoylation|0009249||IEA']
    Key: inference, Value: ['COORDINATES: similar to AA sequence:RefSeq:WP_011110757.1']
    Key: locus_tag, Value: ['ALW85_RS00575']
    Key: phase, Value: ['0']
    Key: product, Value: ['prolipoprotein diacylglyceryl transferase']
    Key: protein_id, Value: ['WP_011110757.1']
    Key: source, Value: ['Protein Homology']
    Key: transl_table, Value: ['11']

GF(prolipoprotein diacylglyceryl transferase, 1983-2820 (1))
type: CDS
location: [135837:136992](+)
id: cds-WP_050731292.1
qualifiers:
    Key: Dbxref, Value: ['GenBank:WP_050731292.1', 'GeneID:87103320']
    Key: ID, Value: ['cds-WP_050731292.1']
    Key: Name, Value: ['WP_050731292.1']
    Key: Ontology_term, Value: ['GO:0042626', 'GO:0140359']
    Key: Parent, Value: ['gene-ALW85_RS00580']
    Key: gbkey, Value: ['CDS']
    Key: go_function, Value: ['ATPase-coupled transmembrane transporter activity|0042626||IEA', 'ABC-type transporter activity|0140359||IEA']
    Key: inference, Value: ['COORDINATES: similar to AA sequence:RefSeq:WP_011635245.1']
    Key: locus_tag, Value: ['ALW85_RS00580']
    Key: phase, Value: ['0']
    Key: product, Value: ['ABC transporter permease']
    Key: protein_id, Value: ['WP_050731292.1']
    Key: source, Value: ['Protein Homology']
    Key: transl_table, Value: ['11']

GF(ABC transporter permease, 2845-4000 (1))
type: CDS
location: [136991:137771](+)
id: cds-WP_011110759.1
qualifiers:
    Key: Dbxref, Value: ['GenBank:WP_011110759.1', 'GeneID:87103321']
    Key: ID, Value: ['cds-WP_011110759.1']
    Key: Name, Value: ['WP_011110759.1']
    Key: Ontology_term, Value: ['GO:0005524', 'GO:0016887', 'GO:0042626', 'GO:0140359']
    Key: Parent, Value: ['gene-ALW85_RS00585']
    Key: gbkey, Value: ['CDS']
    Key: go_function, Value: ['ATP binding|0005524||IEA', 'ATP hydrolysis activity|0016887||IEA', 'ATPase-coupled transmembrane transporter activity|0042626||IEA', 'ABC-type transporter activity|0140359||IEA']
    Key: inference, Value: ['COORDINATES: similar to AA sequence:RefSeq:WP_011635244.1']
    Key: locus_tag, Value: ['ALW85_RS00585']
    Key: phase, Value: ['0']
    Key: product, Value: ['ABC transporter ATP-binding protein']
    Key: protein_id, Value: ['WP_011110759.1']
    Key: source, Value: ['Protein Homology']
    Key: transl_table, Value: ['11']

GF(ABC transporter ATP-binding protein, 3999-4779 (1))
type: CDS
location: [137821:138952](+)
id: cds-WP_011110760.1
qualifiers:
    Key: Dbxref, Value: ['GenBank:WP_011110760.1', 'GeneID:87103322']
    Key: ID, Value: ['cds-WP_011110760.1']
    Key: Name, Value: ['WP_011110760.1']
    Key: Ontology_term, Value: ['GO:0009089', 'GO:0009014']
    Key: Parent, Value: ['gene-ALW85_RS00590']
    Key: gbkey, Value: ['CDS']
    Key: gene, Value: ['dapE']
    Key: go_function, Value: ['succinyl-diaminopimelate desuccinylase activity|0009014||IEA']
    Key: go_process, Value: ['lysine biosynthetic process via diaminopimelate|0009089||IEA']
    Key: inference, Value: ['COORDINATES: similar to AA sequence:RefSeq:WP_011110760.1']
    Key: locus_tag, Value: ['ALW85_RS00590']
    Key: phase, Value: ['0']
    Key: product, Value: ['succinyl-diaminopimelate desuccinylase']
    Key: protein_id, Value: ['WP_011110760.1']
    Key: source, Value: ['Protein Homology']
    Key: transl_table, Value: ['11']

GF(succinyl-diaminopimelate desuccinylase, 4829-5960 (1))
type: CDS
location: [138990:139434](-)
id: cds-WP_011110761.1
qualifiers:
    Key: Dbxref, Value: ['GenBank:WP_011110761.1', 'GeneID:87103323']
    Key: ID, Value: ['cds-WP_011110761.1']
    Key: Name, Value: ['WP_011110761.1']
    Key: Parent, Value: ['gene-ALW85_RS00595']
    Key: gbkey, Value: ['CDS']
    Key: inference, Value: ['COORDINATES: similar to AA sequence:RefSeq:WP_011635242.1']
    Key: locus_tag, Value: ['ALW85_RS00595']
    Key: phase, Value: ['0']
    Key: product, Value: ['hypothetical protein']
    Key: protein_id, Value: ['WP_011110761.1']
    Key: source, Value: ['Protein Homology']
    Key: transl_table, Value: ['11']

GF(None, 5998-6442 (-1))
type: CDS
location: [140381:140666](-)
id: cds-WP_041356917.1
qualifiers:
    Key: Dbxref, Value: ['GenBank:WP_041356917.1', 'GeneID:87103324']
    Key: ID, Value: ['cds-WP_041356917.1']
    Key: Name, Value: ['WP_041356917.1']
    Key: Ontology_term, Value: ['GO:0043571', 'GO:0004521']
    Key: Parent, Value: ['gene-ALW85_RS00600']
    Key: gbkey, Value: ['CDS']
    Key: gene, Value: ['cas2']
    Key: go_function, Value: ['endoribonuclease activity|0004521||IEA']
    Key: go_process, Value: ['maintenance of CRISPR repeat elements|0043571||IEA']
    Key: inference, Value: ['COORDINATES: similar to AA sequence:RefSeq:WP_011635239.1']
    Key: locus_tag, Value: ['ALW85_RS00600']
    Key: phase, Value: ['0']
    Key: product, Value: ['CRISPR-associated endonuclease Cas2']
    Key: protein_id, Value: ['WP_041356917.1']
    Key: source, Value: ['Protein Homology']
    Key: transl_table, Value: ['11']

GF(CRISPR-associated endonuclease Cas2, 7389-7674 (-1))
type: CDS
location: [140732:141716](-)
id: cds-WP_011110763.1
qualifiers:
    Key: Dbxref, Value: ['GenBank:WP_011110763.1', 'GeneID:87103325']
    Key: ID, Value: ['cds-WP_011110763.1']
    Key: Name, Value: ['WP_011110763.1']
    Key: Ontology_term, Value: ['GO:0043571', 'GO:0004520', 'GO:0046872']
    Key: Parent, Value: ['gene-ALW85_RS00605']
    Key: gbkey, Value: ['CDS']
    Key: gene, Value: ['cas1']
    Key: go_function, Value: ['endodeoxyribonuclease activity|0004520||IEA', 'metal ion binding|0046872||IEA']
    Key: go_process, Value: ['maintenance of CRISPR repeat elements|0043571||IEA']
    Key: inference, Value: ['COORDINATES: similar to AA sequence:RefSeq:WP_011635238.1']
    Key: locus_tag, Value: ['ALW85_RS00605']
    Key: phase, Value: ['0']
    Key: product, Value: ['CRISPR-associated endonuclease Cas1']
    Key: protein_id, Value: ['WP_011110763.1']
    Key: source, Value: ['Protein Homology']
    Key: transl_table, Value: ['11']

GF(CRISPR-associated endonuclease Cas1, 7740-8724 (-1))
type: CDS
location: [141737:142016](-)
id: cds-WP_041356287.1
qualifiers:
    Key: Dbxref, Value: ['GenBank:WP_041356287.1', 'GeneID:87103326']
    Key: ID, Value: ['cds-WP_041356287.1']
    Key: Name, Value: ['WP_041356287.1']
    Key: Ontology_term, Value: ['GO:0043571', 'GO:0004521']
    Key: Parent, Value: ['gene-ALW85_RS00610']
    Key: gbkey, Value: ['CDS']
    Key: gene, Value: ['cas2']
    Key: go_function, Value: ['endoribonuclease activity|0004521||IEA']
    Key: go_process, Value: ['maintenance of CRISPR repeat elements|0043571||IEA']
    Key: inference, Value: ['COORDINATES: similar to AA sequence:RefSeq:WP_011110764.1']
    Key: locus_tag, Value: ['ALW85_RS00610']
    Key: phase, Value: ['0']
    Key: product, Value: ['CRISPR-associated endonuclease Cas2']
    Key: protein_id, Value: ['WP_041356287.1']
    Key: source, Value: ['Protein Homology']
    Key: transl_table, Value: ['11']

GF(CRISPR-associated endonuclease Cas2, 8745-9024 (-1))
type: CDS
location: [142113:143238](-)
id: cds-WP_011110765.1
qualifiers:
    Key: Dbxref, Value: ['GenBank:WP_011110765.1', 'GeneID:87103327']
    Key: ID, Value: ['cds-WP_011110765.1']
    Key: Name, Value: ['WP_011110765.1']
    Key: Ontology_term, Value: ['GO:0043571', 'GO:0003674']
    Key: Parent, Value: ['gene-ALW85_RS00615']
    Key: gbkey, Value: ['CDS']
    Key: gene, Value: ['csm6']
    Key: go_function, Value: ['molecular_function|0003674||IEA']
    Key: go_process, Value: ['maintenance of CRISPR repeat elements|0043571||IEA']
    Key: inference, Value: ['COORDINATES: similar to AA sequence:RefSeq:WP_011635234.1']
    Key: locus_tag, Value: ['ALW85_RS00615']
    Key: phase, Value: ['0']
    Key: product, Value: ['CRISPR-associated ring nuclease Csm6']
    Key: protein_id, Value: ['WP_011110765.1']
    Key: source, Value: ['Protein Homology']
    Key: transl_table, Value: ['11']

GF(CRISPR-associated ring nuclease Csm6, 9121-10246 (-1))
type: CDS
location: [143420:143579](-)
id: cds-WP_158297450.1
qualifiers:
    Key: Dbxref, Value: ['GenBank:WP_158297450.1', 'GeneID:87105772']
    Key: ID, Value: ['cds-WP_158297450.1']
    Key: Name, Value: ['WP_158297450.1']
    Key: Parent, Value: ['gene-ALW85_RS14130']
    Key: gbkey, Value: ['CDS']
    Key: inference, Value: ['COORDINATES: ab initio prediction:GeneMarkS-2+']
    Key: locus_tag, Value: ['ALW85_RS14130']
    Key: phase, Value: ['0']
    Key: product, Value: ['hypothetical protein']
    Key: protein_id, Value: ['WP_158297450.1']
    Key: source, Value: ['GeneMarkS-2+']
    Key: transl_table, Value: ['11']

GF(None, 10428-10587 (-1))
type: CDS
location: [143735:144902](-)
id: cds-WP_011110767.1
qualifiers:
    Key: Dbxref, Value: ['GenBank:WP_011110767.1', 'GeneID:87103328']
    Key: ID, Value: ['cds-WP_011110767.1']
    Key: Name, Value: ['WP_011110767.1']
    Key: Ontology_term, Value: ['GO:0043571', 'GO:0003674']
    Key: Parent, Value: ['gene-ALW85_RS00620']
    Key: gbkey, Value: ['CDS']
    Key: gene, Value: ['csx2']
    Key: go_function, Value: ['molecular_function|0003674||IEA']
    Key: go_process, Value: ['maintenance of CRISPR repeat elements|0043571||IEA']
    Key: inference, Value: ['COORDINATES: similar to AA sequence:RefSeq:WP_011635232.1']
    Key: locus_tag, Value: ['ALW85_RS00620']
    Key: phase, Value: ['0']
    Key: product, Value: ['TIGR02221 family CRISPR-associated protein']
    Key: protein_id, Value: ['WP_011110767.1']
    Key: source, Value: ['Protein Homology']
    Key: transl_table, Value: ['11']

GF(TIGR02221 family CRISPR-associated protein, 10743-11910 (-1))
type: CDS
location: [144898:145195](-)
id: cds-WP_011110768.1
qualifiers:
    Key: Dbxref, Value: ['GenBank:WP_011110768.1', 'GeneID:87103329']
    Key: ID, Value: ['cds-WP_011110768.1']
    Key: Name, Value: ['WP_011110768.1']
    Key: Ontology_term, Value: ['GO:0043571', 'GO:0003674']
    Key: Parent, Value: ['gene-ALW85_RS00625']
    Key: gbkey, Value: ['CDS']
    Key: gene, Value: ['csx16']
    Key: go_function, Value: ['molecular_function|0003674||IEA']
    Key: go_process, Value: ['maintenance of CRISPR repeat elements|0043571||IEA']
    Key: inference, Value: ['COORDINATES: similar to AA sequence:RefSeq:WP_011635231.1']
    Key: locus_tag, Value: ['ALW85_RS00625']
    Key: phase, Value: ['0']
    Key: product, Value: ['CRISPR-associated protein Csx16']
    Key: protein_id, Value: ['WP_011110768.1']
    Key: source, Value: ['Protein Homology']
    Key: transl_table, Value: ['11']

GF(CRISPR-associated protein Csx16, 11906-12203 (-1))
type: CDS
location: [145191:146148](-)
id: cds-WP_011110769.1
qualifiers:
    Key: Dbxref, Value: ['GenBank:WP_011110769.1', 'GeneID:87103330']
    Key: ID, Value: ['cds-WP_011110769.1']
    Key: Name, Value: ['WP_011110769.1']
    Key: Parent, Value: ['gene-ALW85_RS00630']
    Key: gbkey, Value: ['CDS']
    Key: gene, Value: ['cas6']
    Key: inference, Value: ['COORDINATES: similar to AA sequence:RefSeq:WP_011635230.1']
    Key: locus_tag, Value: ['ALW85_RS00630']
    Key: phase, Value: ['0']
    Key: product, Value: ['CRISPR system precrRNA processing endoribonuclease RAMP protein Cas6']
    Key: protein_id, Value: ['WP_011110769.1']
    Key: source, Value: ['Protein Homology']
    Key: transl_table, Value: ['11']

GF(CRISPR system precrRNA processing endoribonuclease RAMP protein Cas6, 12199-13156 (-1))
type: CDS
location: [146125:146389](-)
id: cds-WP_011110770.1
qualifiers:
    Key: Dbxref, Value: ['GenBank:WP_011110770.1', 'GeneID:87103331']
    Key: ID, Value: ['cds-WP_011110770.1']
    Key: Name, Value: ['WP_011110770.1']
    Key: Parent, Value: ['gene-ALW85_RS00635']
    Key: gbkey, Value: ['CDS']
    Key: inference, Value: ['COORDINATES: protein motif:HMM:NF015947.2']
    Key: locus_tag, Value: ['ALW85_RS00635']
    Key: phase, Value: ['0']
    Key: product, Value: ['AbrB/MazE/SpoVT family DNA-binding domain-containing protein']
    Key: protein_id, Value: ['WP_011110770.1']
    Key: source, Value: ['Protein Homology']
    Key: transl_table, Value: ['11']

GF(AbrB/MazE/SpoVT family DNA-binding domain-containing protein, 13133-13397 (-1))
type: CDS
location: [146416:148159](-)
id: cds-WP_011110771.1
qualifiers:
    Key: Dbxref, Value: ['GenBank:WP_011110771.1', 'GeneID:87103332']
    Key: ID, Value: ['cds-WP_011110771.1']
    Key: Name, Value: ['WP_011110771.1']
    Key: Ontology_term, Value: ['GO:0043571', 'GO:0003674']
    Key: Parent, Value: ['gene-ALW85_RS00640']
    Key: gbkey, Value: ['CDS']
    Key: gene, Value: ['csm5']
    Key: go_function, Value: ['molecular_function|0003674||IEA']
    Key: go_process, Value: ['maintenance of CRISPR repeat elements|0043571||IEA']
    Key: inference, Value: ['COORDINATES: protein motif:HMM:NF015728.2']
    Key: locus_tag, Value: ['ALW85_RS00640']
    Key: phase, Value: ['0']
    Key: product, Value: ['type III-A CRISPR-associated RAMP protein Csm5']
    Key: protein_id, Value: ['WP_011110771.1']
    Key: source, Value: ['Protein Homology']
    Key: transl_table, Value: ['11']

GF(type III-A CRISPR-associated RAMP protein Csm5, 13424-15167 (-1))
type: CDS
location: [148158:149109](-)
id: cds-WP_011110772.1
qualifiers:
    Key: Dbxref, Value: ['GenBank:WP_011110772.1', 'GeneID:87103333']
    Key: ID, Value: ['cds-WP_011110772.1']
    Key: Name, Value: ['WP_011110772.1']
    Key: Parent, Value: ['gene-ALW85_RS00645']
    Key: gbkey, Value: ['CDS']
    Key: inference, Value: ['COORDINATES: similar to AA sequence:RefSeq:WP_011635228.1']
    Key: locus_tag, Value: ['ALW85_RS00645']
    Key: phase, Value: ['0']
    Key: product, Value: ['hypothetical protein']
    Key: protein_id, Value: ['WP_011110772.1']
    Key: source, Value: ['Protein Homology']
    Key: transl_table, Value: ['11']

GF(None, 15166-16117 (-1))
type: CDS
location: [149113:149830](-)
id: cds-WP_011110773.1
qualifiers:
    Key: Dbxref, Value: ['GenBank:WP_011110773.1', 'GeneID:87103334']
    Key: ID, Value: ['cds-WP_011110773.1']
    Key: Name, Value: ['WP_011110773.1']
    Key: Ontology_term, Value: ['GO:0043571', 'GO:0003674']
    Key: Parent, Value: ['gene-ALW85_RS00650']
    Key: gbkey, Value: ['CDS']
    Key: gene, Value: ['csm3']
    Key: go_function, Value: ['molecular_function|0003674||IEA']
    Key: go_process, Value: ['maintenance of CRISPR repeat elements|0043571||IEA']
    Key: inference, Value: ['COORDINATES: similar to AA sequence:RefSeq:WP_011635227.1']
    Key: locus_tag, Value: ['ALW85_RS00650']
    Key: phase, Value: ['0']
    Key: product, Value: ['type III-A CRISPR-associated RAMP protein Csm3']
    Key: protein_id, Value: ['WP_011110773.1']
    Key: source, Value: ['Protein Homology']
    Key: transl_table, Value: ['11']

GF(type III-A CRISPR-associated RAMP protein Csm3, 16121-16838 (-1))
type: CDS
location: [149893:150280](-)
id: cds-WP_011110774.1
qualifiers:
    Key: Dbxref, Value: ['GenBank:WP_011110774.1', 'GeneID:87103335']
    Key: ID, Value: ['cds-WP_011110774.1']
    Key: Name, Value: ['WP_011110774.1']
    Key: Ontology_term, Value: ['GO:0043571', 'GO:0003674']
    Key: Parent, Value: ['gene-ALW85_RS00655']
    Key: gbkey, Value: ['CDS']
    Key: gene, Value: ['csm2']
    Key: go_function, Value: ['molecular_function|0003674||IEA']
    Key: go_process, Value: ['maintenance of CRISPR repeat elements|0043571||IEA']
    Key: inference, Value: ['COORDINATES: similar to AA sequence:RefSeq:WP_011635226.1']
    Key: locus_tag, Value: ['ALW85_RS00655']
    Key: phase, Value: ['0']
    Key: product, Value: ['type III-A CRISPR-associated protein Csm2']
    Key: protein_id, Value: ['WP_011110774.1']
    Key: source, Value: ['Protein Homology']
    Key: transl_table, Value: ['11']

GF(type III-A CRISPR-associated protein Csm2, 16901-17288 (-1))
type: CDS
location: [150362:152915](-)
id: cds-WP_011110775.1
qualifiers:
    Key: Dbxref, Value: ['GenBank:WP_011110775.1', 'GeneID:87103336']
    Key: ID, Value: ['cds-WP_011110775.1']
    Key: Name, Value: ['WP_011110775.1']
    Key: Ontology_term, Value: ['GO:0043571', 'GO:0003674']
    Key: Parent, Value: ['gene-ALW85_RS00660']
    Key: gbkey, Value: ['CDS']
    Key: gene, Value: ['cas10']
    Key: go_function, Value: ['molecular_function|0003674||IEA']
    Key: go_process, Value: ['maintenance of CRISPR repeat elements|0043571||IEA']
    Key: inference, Value: ['COORDINATES: similar to AA sequence:RefSeq:WP_011635225.1']
    Key: locus_tag, Value: ['ALW85_RS00660']
    Key: phase, Value: ['0']
    Key: product, Value: ['type III-A CRISPR-associated protein Cas10/Csm1']
    Key: protein_id, Value: ['WP_011110775.1']
    Key: source, Value: ['Protein Homology']
    Key: transl_table, Value: ['11']

GF(type III-A CRISPR-associated protein Cas10/Csm1, 17370-19923 (-1))
type: CDS
location: [153332:154121](-)
id: cds-WP_158297451.1
qualifiers:
    Key: Dbxref, Value: ['GenBank:WP_158297451.1', 'GeneID:87103337']
    Key: ID, Value: ['cds-WP_158297451.1']
    Key: Name, Value: ['WP_158297451.1']
    Key: Parent, Value: ['gene-ALW85_RS00665']
    Key: gbkey, Value: ['CDS']
    Key: inference, Value: ['COORDINATES: protein motif:HMM:NF012801.2']
    Key: locus_tag, Value: ['ALW85_RS00665']
    Key: phase, Value: ['0']
    Key: product, Value: ['TonB-dependent receptor']
    Key: protein_id, Value: ['WP_158297451.1']
    Key: source, Value: ['Protein Homology']
    Key: transl_table, Value: ['11']

GF(TonB-dependent receptor, 20340-21129 (-1))
type: CDS
location: [154107:155247](-)
id: cds-WP_050731218.1
qualifiers:
    Key: Dbxref, Value: ['GenBank:WP_050731218.1', 'GeneID:87103338']
    Key: ID, Value: ['cds-WP_050731218.1']
    Key: Name, Value: ['WP_050731218.1']
    Key: Parent, Value: ['gene-ALW85_RS00670']
    Key: gbkey, Value: ['CDS']
    Key: inference, Value: ['COORDINATES: protein motif:HMM:NF019335.2']
    Key: locus_tag, Value: ['ALW85_RS00670']
    Key: phase, Value: ['0']
    Key: product, Value: ['TonB-dependent receptor plug domain-containing protein']
    Key: protein_id, Value: ['WP_050731218.1']
    Key: source, Value: ['Protein Homology']
    Key: transl_table, Value: ['11']

GF(TonB-dependent receptor plug domain-containing protein, 21115-22255 (-1))
type: CDS
location: [155261:155795](-)
id: cds-WP_050731219.1
qualifiers:
    Key: Dbxref, Value: ['GenBank:WP_050731219.1', 'GeneID:87103339']
    Key: ID, Value: ['cds-WP_050731219.1']
    Key: Name, Value: ['WP_050731219.1']
    Key: Parent, Value: ['gene-ALW85_RS00675']
    Key: gbkey, Value: ['CDS']
    Key: inference, Value: ['COORDINATES: protein motif:HMM:NF019283.2']
    Key: locus_tag, Value: ['ALW85_RS00675']
    Key: phase, Value: ['0']
    Key: product, Value: ['STN domain-containing protein']
    Key: protein_id, Value: ['WP_050731219.1']
    Key: source, Value: ['Protein Homology']
    Key: transl_table, Value: ['11']

GF(STN domain-containing protein, 22269-22803 (-1))
type: repeat_region
location: [139593:140263](+)
id: NC_004757.1_1
qualifiers:
    Key: Dbxref, Value: ['SO:0001459']
    Key: ID, Value: ['NC_004757.1_1']
    Key: Note, Value: ['GTCTCAATCCCTTTGAAATCAGGGCATCGGTGTTTC']
    Key: Ontology_term, Value: ['CRISPR']
    Key: score, Value: ['670']
    Key: source, Value: ['CCTyper']

GF(Repeat region, 6601-7271 (0))
graphic feature from cctyper protein table: GF(AbiEii, 4000-4779 (1))
graphic feature from cctyper protein table: GF(Cas2, 7390-7674 (-1))
graphic feature from cctyper protein table: GF(Cas1, 7741-8724 (-1))
graphic feature from cctyper protein table: GF(Cas2, 8746-9024 (-1))
graphic feature from cctyper protein table: GF(Csx1, 9122-10246 (-1))
graphic feature from cctyper protein table: GF(Csx1, 10744-11910 (-1))
graphic feature from cctyper protein table: GF(Csx16, 11907-12203 (-1))
graphic feature from cctyper protein table: GF(Cas6, 12200-13156 (-1))
graphic feature from cctyper protein table: GF(Csm5gr7, 13425-15167 (-1))
graphic feature from cctyper protein table: GF(Csm4gr5, 15167-16117 (-1))
graphic feature from cctyper protein table: GF(Csm3gr7, 16122-16838 (-1))
graphic feature from cctyper protein table: GF(Csm2, 16902-17288 (-1))
graphic feature from cctyper protein table: GF(Cas10, 17371-19923 (-1))
Index(['protein_id', 'start', 'end', 'effector', 'locus', 'sample', 'strand',
       'sequence', 'type'],
      dtype='object')
graphic feature from known effectors: GF(csx1, 10744-11910 (-1))
Index(['protein_id', 'start', 'end', 'effector', 'locus', 'sample', 'strand',
       'sequence', 'type'],
      dtype='object')
graphic feature from ring nucleases: GF(csx16, 11907-12203 (-1))
[GF(dihydroxy-acid dehydratase, 183-1857 (-1)), GF(prolipoprotein diacylglyceryl transferase, 1983-2820 (1)), GF(ABC transporter permease, 2845-4000 (1)), GF(ABC transporter ATP-binding protein, 3999-4779 (1)), GF(succinyl-diaminopimelate desuccinylase, 4829-5960 (1)), GF(None, 5998-6442 (-1)), GF(CRISPR-associated endonuclease Cas2, 7389-7674 (-1)), GF(CRISPR-associated endonuclease Cas1, 7740-8724 (-1)), GF(CRISPR-associated endonuclease Cas2, 8745-9024 (-1)), GF(CRISPR-associated ring nuclease Csm6, 9121-10246 (-1)), GF(None, 10428-10587 (-1)), GF(TIGR02221 family CRISPR-associated protein, 10743-11910 (-1)), GF(CRISPR-associated protein Csx16, 11906-12203 (-1)), GF(CRISPR system precrRNA processing endoribonuclease RAMP protein Cas6, 12199-13156 (-1)), GF(AbrB/MazE/SpoVT family DNA-binding domain-containing protein, 13133-13397 (-1)), GF(type III-A CRISPR-associated RAMP protein Csm5, 13424-15167 (-1)), GF(None, 15166-16117 (-1)), GF(type III-A CRISPR-associated RAMP protein Csm3, 16121-16838 (-1)), GF(type III-A CRISPR-associated protein Csm2, 16901-17288 (-1)), GF(type III-A CRISPR-associated protein Cas10/Csm1, 17370-19923 (-1)), GF(TonB-dependent receptor, 20340-21129 (-1)), GF(TonB-dependent receptor plug domain-containing protein, 21115-22255 (-1)), GF(STN domain-containing protein, 22269-22803 (-1)), GF(Repeat region, 6601-7271 (0)), GF(AbiEii, 4000-4779 (1)), GF(Cas2, 7390-7674 (-1)), GF(Cas1, 7741-8724 (-1)), GF(Cas2, 8746-9024 (-1)), GF(Csx1, 9122-10246 (-1)), GF(Csx1, 10744-11910 (-1)), GF(Csx16, 11907-12203 (-1)), GF(Cas6, 12200-13156 (-1)), GF(Csm5gr7, 13425-15167 (-1)), GF(Csm4gr5, 15167-16117 (-1)), GF(Csm3gr7, 16122-16838 (-1)), GF(Csm2, 16902-17288 (-1)), GF(Cas10, 17371-19923 (-1)), GF(csx1, 10744-11910 (-1)), GF(csx16, 11907-12203 (-1)), GF(CRISPR-Cas locus, 4000-19923 (0))]
