Cas operons file:    Unnamed: 0       Contig  ...           locus_id           sample
0           0  NC_017946.1  ...  GCF_000263735.1_0  GCF_000263735.1

[1 rows x 19 columns]
The chosen contig: NC_017946.1
type: CDS
location: [89571:90390](-)
id: cds-WP_048055847.1
qualifiers:
    Key: Dbxref, Value: ['GenBank:WP_048055847.1', 'GeneID:13021315']
    Key: ID, Value: ['cds-WP_048055847.1']
    Key: Name, Value: ['WP_048055847.1']
    Key: Parent, Value: ['gene-PY04_RS00495']
    Key: gbkey, Value: ['CDS']
    Key: inference, Value: ['COORDINATES: similar to AA sequence:RefSeq:WP_013904832.1']
    Key: locus_tag, Value: ['PY04_RS00495']
    Key: phase, Value: ['0']
    Key: product, Value: ['aldo/keto reductase']
    Key: protein_id, Value: ['WP_048055847.1']
    Key: source, Value: ['Protein Homology']
    Key: transl_table, Value: ['11']

GF(aldo/keto reductase, 1531-2350 (-1))
type: CDS
location: [90545:91262](+)
id: cds-WP_014733225.1
qualifiers:
    Key: Dbxref, Value: ['GenBank:WP_014733225.1', 'GeneID:13021316']
    Key: ID, Value: ['cds-WP_014733225.1']
    Key: Name, Value: ['WP_014733225.1']
    Key: Parent, Value: ['gene-PY04_RS00500']
    Key: gbkey, Value: ['CDS']
    Key: inference, Value: ['COORDINATES: similar to AA sequence:RefSeq:WP_012571691.1']
    Key: locus_tag, Value: ['PY04_RS00500']
    Key: phase, Value: ['0']
    Key: product, Value: ['DUF2202 domain-containing protein']
    Key: protein_id, Value: ['WP_014733225.1']
    Key: source, Value: ['Protein Homology']
    Key: transl_table, Value: ['11']

GF(DUF2202 domain-containing protein, 2505-3222 (1))
type: CDS
location: [91289:91907](+)
id: cds-WP_014733226.1
qualifiers:
    Key: Dbxref, Value: ['GenBank:WP_014733226.1', 'GeneID:13021317']
    Key: ID, Value: ['cds-WP_014733226.1']
    Key: Name, Value: ['WP_014733226.1']
    Key: Parent, Value: ['gene-PY04_RS00505']
    Key: gbkey, Value: ['CDS']
    Key: inference, Value: ['COORDINATES: similar to AA sequence:RefSeq:WP_013748030.1']
    Key: locus_tag, Value: ['PY04_RS00505']
    Key: phase, Value: ['0']
    Key: product, Value: ['DUF4405 domain-containing protein']
    Key: protein_id, Value: ['WP_014733226.1']
    Key: source, Value: ['Protein Homology']
    Key: transl_table, Value: ['11']

GF(DUF4405 domain-containing protein, 3249-3867 (1))
type: CDS
location: [92054:92348](+)
id: cds-WP_048055848.1
qualifiers:
    Key: Dbxref, Value: ['GenBank:WP_048055848.1', 'GeneID:13021318']
    Key: ID, Value: ['cds-WP_048055848.1']
    Key: Name, Value: ['WP_048055848.1']
    Key: Ontology_term, Value: ['GO:0003677']
    Key: Parent, Value: ['gene-PY04_RS00510']
    Key: gbkey, Value: ['CDS']
    Key: go_function, Value: ['DNA binding|0003677||IEA']
    Key: inference, Value: ['COORDINATES: similar to AA sequence:RefSeq:WP_013748027.1']
    Key: locus_tag, Value: ['PY04_RS00510']
    Key: phase, Value: ['0']
    Key: product, Value: ['winged helix-turn-helix domain-containing protein']
    Key: protein_id, Value: ['WP_048055848.1']
    Key: source, Value: ['Protein Homology']
    Key: transl_table, Value: ['11']

GF(winged helix-turn-helix domain-containing protein, 4014-4308 (1))
type: CDS
location: [92350:92551](+)
id: cds-WP_048055849.1
qualifiers:
    Key: Dbxref, Value: ['GenBank:WP_048055849.1', 'GeneID:24780695']
    Key: ID, Value: ['cds-WP_048055849.1']
    Key: Name, Value: ['WP_048055849.1']
    Key: Parent, Value: ['gene-PY04_RS00515']
    Key: gbkey, Value: ['CDS']
    Key: inference, Value: ['COORDINATES: similar to AA sequence:RefSeq:WP_010478145.1']
    Key: locus_tag, Value: ['PY04_RS00515']
    Key: phase, Value: ['0']
    Key: product, Value: ['hypothetical protein']
    Key: protein_id, Value: ['WP_048055849.1']
    Key: source, Value: ['Protein Homology']
    Key: transl_table, Value: ['11']

GF(None, 4310-4511 (1))
type: CDS
location: [92536:93043](-)
id: cds-WP_014733228.1
qualifiers:
    Key: Dbxref, Value: ['GenBank:WP_014733228.1', 'GeneID:13021319']
    Key: ID, Value: ['cds-WP_014733228.1']
    Key: Name, Value: ['WP_014733228.1']
    Key: Parent, Value: ['gene-PY04_RS00520']
    Key: gbkey, Value: ['CDS']
    Key: inference, Value: ['COORDINATES: similar to AA sequence:RefSeq:WP_011249699.1']
    Key: locus_tag, Value: ['PY04_RS00520']
    Key: phase, Value: ['0']
    Key: product, Value: ['biotin transporter BioY']
    Key: protein_id, Value: ['WP_014733228.1']
    Key: source, Value: ['Protein Homology']
    Key: transl_table, Value: ['11']

GF(biotin transporter BioY, 4496-5003 (-1))
type: CDS
location: [93098:93638](-)
id: cds-WP_014733229.1
qualifiers:
    Key: Dbxref, Value: ['GenBank:WP_014733229.1', 'GeneID:13021320']
    Key: ID, Value: ['cds-WP_014733229.1']
    Key: Name, Value: ['WP_014733229.1']
    Key: Parent, Value: ['gene-PY04_RS00525']
    Key: gbkey, Value: ['CDS']
    Key: inference, Value: ['COORDINATES: similar to AA sequence:RefSeq:WP_015857986.1']
    Key: locus_tag, Value: ['PY04_RS00525']
    Key: phase, Value: ['0']
    Key: product, Value: ["RNA 2'-phosphotransferase"]
    Key: protein_id, Value: ['WP_014733229.1']
    Key: source, Value: ['Protein Homology']
    Key: transl_table, Value: ['11']

GF(RNA 2'-phosphotransferase, 5058-5598 (-1))
type: CDS
location: [93715:94402](-)
id: cds-WP_237710127.1
qualifiers:
    Key: Dbxref, Value: ['GenBank:WP_237710127.1', 'GeneID:13021321']
    Key: ID, Value: ['cds-WP_237710127.1']
    Key: Name, Value: ['WP_237710127.1']
    Key: Ontology_term, Value: ['GO:0043571', 'GO:0003674']
    Key: Parent, Value: ['gene-PY04_RS00530']
    Key: gbkey, Value: ['CDS']
    Key: gene, Value: ['cas5']
    Key: go_function, Value: ['molecular_function|0003674||IEA']
    Key: go_process, Value: ['maintenance of CRISPR repeat elements|0043571||IEA']
    Key: inference, Value: ['COORDINATES: similar to AA sequence:RefSeq:WP_010884280.1']
    Key: locus_tag, Value: ['PY04_RS00530']
    Key: phase, Value: ['0']
    Key: product, Value: ['CRISPR-associated protein Cas5']
    Key: protein_id, Value: ['WP_237710127.1']
    Key: source, Value: ['Protein Homology']
    Key: transl_table, Value: ['11']

GF(CRISPR-associated protein Cas5, 5675-6362 (-1))
type: CDS
location: [94394:95396](-)
id: cds-WP_014733231.1
qualifiers:
    Key: Dbxref, Value: ['GenBank:WP_014733231.1', 'GeneID:13021322']
    Key: ID, Value: ['cds-WP_014733231.1']
    Key: Name, Value: ['WP_014733231.1']
    Key: Ontology_term, Value: ['GO:0043571', 'GO:0003674']
    Key: Parent, Value: ['gene-PY04_RS00535']
    Key: gbkey, Value: ['CDS']
    Key: gene, Value: ['cas7i']
    Key: go_function, Value: ['molecular_function|0003674||IEA']
    Key: go_process, Value: ['maintenance of CRISPR repeat elements|0043571||IEA']
    Key: inference, Value: ['COORDINATES: similar to AA sequence:RefSeq:WP_014789643.1']
    Key: locus_tag, Value: ['PY04_RS00535']
    Key: phase, Value: ['0']
    Key: product, Value: ['type I-B CRISPR-associated protein Cas7/Cst2/DevR']
    Key: protein_id, Value: ['WP_014733231.1']
    Key: source, Value: ['Protein Homology']
    Key: transl_table, Value: ['11']

GF(type I-B CRISPR-associated protein Cas7/Cst2/DevR, 6354-7356 (-1))
type: CDS
location: [95382:96693](-)
id: cds-WP_014733232.1
qualifiers:
    Key: Dbxref, Value: ['GenBank:WP_014733232.1', 'GeneID:13021323']
    Key: ID, Value: ['cds-WP_014733232.1']
    Key: Name, Value: ['WP_014733232.1']
    Key: Parent, Value: ['gene-PY04_RS00540']
    Key: gbkey, Value: ['CDS']
    Key: inference, Value: ['COORDINATES: similar to AA sequence:RefSeq:WP_013906176.1']
    Key: locus_tag, Value: ['PY04_RS00540']
    Key: phase, Value: ['0']
    Key: product, Value: ['hypothetical protein']
    Key: protein_id, Value: ['WP_014733232.1']
    Key: source, Value: ['Protein Homology']
    Key: transl_table, Value: ['11']

GF(None, 7342-8653 (-1))
type: CDS
location: [96706:97981](-)
id: cds-WP_014733233.1
qualifiers:
    Key: Dbxref, Value: ['GenBank:WP_014733233.1', 'GeneID:13021324']
    Key: ID, Value: ['cds-WP_014733233.1']
    Key: Name, Value: ['WP_014733233.1']
    Key: Ontology_term, Value: ['GO:0043571', 'GO:0003674']
    Key: Parent, Value: ['gene-PY04_RS00545']
    Key: gbkey, Value: ['CDS']
    Key: gene, Value: ['csx1']
    Key: go_function, Value: ['molecular_function|0003674||IEA']
    Key: go_process, Value: ['maintenance of CRISPR repeat elements|0043571||IEA']
    Key: inference, Value: ['COORDINATES: protein motif:HMM:TIGR01897.1']
    Key: locus_tag, Value: ['PY04_RS00545']
    Key: phase, Value: ['0']
    Key: product, Value: ['CRISPR-associated CARF protein Csx1']
    Key: protein_id, Value: ['WP_014733233.1']
    Key: source, Value: ['Protein Homology']
    Key: transl_table, Value: ['11']

GF(CRISPR-associated CARF protein Csx1, 8666-9941 (-1))
type: CDS
location: [97977:99174](-)
id: cds-WP_014733234.1
qualifiers:
    Key: Dbxref, Value: ['GenBank:WP_014733234.1', 'GeneID:13021325']
    Key: ID, Value: ['cds-WP_014733234.1']
    Key: Name, Value: ['WP_014733234.1']
    Key: Ontology_term, Value: ['GO:0043571', 'GO:0003674']
    Key: Parent, Value: ['gene-PY04_RS00550']
    Key: gbkey, Value: ['CDS']
    Key: gene, Value: ['csm5']
    Key: go_function, Value: ['molecular_function|0003674||IEA']
    Key: go_process, Value: ['maintenance of CRISPR repeat elements|0043571||IEA']
    Key: inference, Value: ['COORDINATES: similar to AA sequence:RefSeq:WP_010478259.1']
    Key: locus_tag, Value: ['PY04_RS00550']
    Key: phase, Value: ['0']
    Key: product, Value: ['type III-A CRISPR-associated RAMP protein Csm5']
    Key: protein_id, Value: ['WP_014733234.1']
    Key: source, Value: ['Protein Homology']
    Key: transl_table, Value: ['11']

GF(type III-A CRISPR-associated RAMP protein Csm5, 9937-11134 (-1))
type: CDS
location: [99183:100077](-)
id: cds-WP_014733235.1
qualifiers:
    Key: Dbxref, Value: ['GenBank:WP_014733235.1', 'GeneID:13021326']
    Key: ID, Value: ['cds-WP_014733235.1']
    Key: Name, Value: ['WP_014733235.1']
    Key: Ontology_term, Value: ['GO:0043571', 'GO:0003674']
    Key: Parent, Value: ['gene-PY04_RS00555']
    Key: gbkey, Value: ['CDS']
    Key: gene, Value: ['csm4']
    Key: go_function, Value: ['molecular_function|0003674||IEA']
    Key: go_process, Value: ['maintenance of CRISPR repeat elements|0043571||IEA']
    Key: inference, Value: ['COORDINATES: similar to AA sequence:RefSeq:WP_010884275.1']
    Key: locus_tag, Value: ['PY04_RS00555']
    Key: phase, Value: ['0']
    Key: product, Value: ['type III-A CRISPR-associated RAMP protein Csm4']
    Key: protein_id, Value: ['WP_014733235.1']
    Key: source, Value: ['Protein Homology']
    Key: transl_table, Value: ['11']

GF(type III-A CRISPR-associated RAMP protein Csm4, 11143-12037 (-1))
type: CDS
location: [100057:100897](-)
id: cds-WP_014733236.1
qualifiers:
    Key: Dbxref, Value: ['GenBank:WP_014733236.1', 'GeneID:13021327']
    Key: ID, Value: ['cds-WP_014733236.1']
    Key: Name, Value: ['WP_014733236.1']
    Key: Ontology_term, Value: ['GO:0043571', 'GO:0003674']
    Key: Parent, Value: ['gene-PY04_RS00560']
    Key: gbkey, Value: ['CDS']
    Key: gene, Value: ['csm3']
    Key: go_function, Value: ['molecular_function|0003674||IEA']
    Key: go_process, Value: ['maintenance of CRISPR repeat elements|0043571||IEA']
    Key: inference, Value: ['COORDINATES: similar to AA sequence:RefSeq:WP_010884274.1']
    Key: locus_tag, Value: ['PY04_RS00560']
    Key: phase, Value: ['0']
    Key: product, Value: ['type III-A CRISPR-associated RAMP protein Csm3']
    Key: protein_id, Value: ['WP_014733236.1']
    Key: source, Value: ['Protein Homology']
    Key: transl_table, Value: ['11']

GF(type III-A CRISPR-associated RAMP protein Csm3, 12017-12857 (-1))
type: CDS
location: [100893:101493](-)
id: cds-WP_014733237.1
qualifiers:
    Key: Dbxref, Value: ['GenBank:WP_014733237.1', 'GeneID:25395955']
    Key: ID, Value: ['cds-WP_014733237.1']
    Key: Name, Value: ['WP_014733237.1']
    Key: Ontology_term, Value: ['GO:0043571', 'GO:0003674']
    Key: Parent, Value: ['gene-PY04_RS09350']
    Key: gbkey, Value: ['CDS']
    Key: gene, Value: ['csm2']
    Key: go_function, Value: ['molecular_function|0003674||IEA']
    Key: go_process, Value: ['maintenance of CRISPR repeat elements|0043571||IEA']
    Key: inference, Value: ['COORDINATES: protein motif:HMM:NF015695.2']
    Key: locus_tag, Value: ['PY04_RS09350']
    Key: phase, Value: ['0']
    Key: product, Value: ['type III-A CRISPR-associated protein Csm2']
    Key: protein_id, Value: ['WP_014733237.1']
    Key: source, Value: ['Protein Homology']
    Key: transl_table, Value: ['11']

GF(type III-A CRISPR-associated protein Csm2, 12853-13453 (-1))
type: CDS
location: [101497:103894](-)
id: cds-WP_014733238.1
qualifiers:
    Key: Dbxref, Value: ['GenBank:WP_014733238.1', 'GeneID:13021329']
    Key: ID, Value: ['cds-WP_014733238.1']
    Key: Name, Value: ['WP_014733238.1']
    Key: Ontology_term, Value: ['GO:0043571', 'GO:0003674']
    Key: Parent, Value: ['gene-PY04_RS00570']
    Key: gbkey, Value: ['CDS']
    Key: gene, Value: ['cas10']
    Key: go_function, Value: ['molecular_function|0003674||IEA']
    Key: go_process, Value: ['maintenance of CRISPR repeat elements|0043571||IEA']
    Key: inference, Value: ['COORDINATES: similar to AA sequence:RefSeq:WP_010478255.1']
    Key: locus_tag, Value: ['PY04_RS00570']
    Key: phase, Value: ['0']
    Key: product, Value: ['type III-A CRISPR-associated protein Cas10/Csm1']
    Key: protein_id, Value: ['WP_014733238.1']
    Key: source, Value: ['Protein Homology']
    Key: transl_table, Value: ['11']

GF(type III-A CRISPR-associated protein Cas10/Csm1, 13457-15854 (-1))
type: CDS
location: [103898:104624](-)
id: cds-WP_048055851.1
qualifiers:
    Key: Dbxref, Value: ['GenBank:WP_048055851.1', 'GeneID:13021330']
    Key: ID, Value: ['cds-WP_048055851.1']
    Key: Name, Value: ['WP_048055851.1']
    Key: Ontology_term, Value: ['GO:0043571', 'GO:0004521']
    Key: Parent, Value: ['gene-PY04_RS00575']
    Key: gbkey, Value: ['CDS']
    Key: gene, Value: ['cas6']
    Key: go_function, Value: ['RNA endonuclease activity|0004521||IEA']
    Key: go_process, Value: ['maintenance of CRISPR repeat elements|0043571||IEA']
    Key: inference, Value: ['COORDINATES: similar to AA sequence:RefSeq:WP_010478254.1']
    Key: locus_tag, Value: ['PY04_RS00575']
    Key: phase, Value: ['0']
    Key: product, Value: ['CRISPR-associated endoribonuclease Cas6']
    Key: protein_id, Value: ['WP_048055851.1']
    Key: source, Value: ['Protein Homology']
    Key: transl_table, Value: ['11']

GF(CRISPR-associated endoribonuclease Cas6, 15858-16584 (-1))
type: CDS
location: [104878:106111](+)
id: cds-WP_014733240.1
qualifiers:
    Key: Dbxref, Value: ['GenBank:WP_014733240.1', 'GeneID:13021331']
    Key: ID, Value: ['cds-WP_014733240.1']
    Key: Name, Value: ['WP_014733240.1']
    Key: Parent, Value: ['gene-PY04_RS00580']
    Key: gbkey, Value: ['CDS']
    Key: inference, Value: ['COORDINATES: similar to AA sequence:RefSeq:WP_012571399.1']
    Key: locus_tag, Value: ['PY04_RS00580']
    Key: phase, Value: ['0']
    Key: product, Value: ['2,3-bisphosphoglycerate-independent phosphoglycerate mutase']
    Key: protein_id, Value: ['WP_014733240.1']
    Key: source, Value: ['Protein Homology']
    Key: transl_table, Value: ['11']

GF(2,3-bisphosphoglycerate-independent phosphoglycerate mutase, 16838-18071 (1))
type: CDS
location: [106120:108223](-)
id: cds-WP_014733241.1
qualifiers:
    Key: Dbxref, Value: ['GenBank:WP_014733241.1', 'GeneID:13021332']
    Key: ID, Value: ['cds-WP_014733241.1']
    Key: Name, Value: ['WP_014733241.1']
    Key: Parent, Value: ['gene-PY04_RS00585']
    Key: gbkey, Value: ['CDS']
    Key: inference, Value: ['COORDINATES: similar to AA sequence:RefSeq:WP_010884285.1']
    Key: locus_tag, Value: ['PY04_RS00585']
    Key: phase, Value: ['0']
    Key: product, Value: ['CRISPR-associated helicase/endonuclease Cas3']
    Key: protein_id, Value: ['WP_014733241.1']
    Key: source, Value: ['Protein Homology']
    Key: transl_table, Value: ['11']

GF(CRISPR-associated helicase/endonuclease Cas3, 18080-20183 (-1))
type: CDS
location: [108226:108715](-)
id: cds-WP_014733242.1
qualifiers:
    Key: Dbxref, Value: ['GenBank:WP_014733242.1', 'GeneID:13021333']
    Key: ID, Value: ['cds-WP_014733242.1']
    Key: Name, Value: ['WP_014733242.1']
    Key: Ontology_term, Value: ['GO:0043571', 'GO:0004518']
    Key: Parent, Value: ['gene-PY04_RS00590']
    Key: gbkey, Value: ['CDS']
    Key: gene, Value: ['cas4']
    Key: go_function, Value: ['nuclease activity|0004518||IEA']
    Key: go_process, Value: ['maintenance of CRISPR repeat elements|0043571||IEA']
    Key: inference, Value: ['COORDINATES: similar to AA sequence:RefSeq:WP_010884284.1']
    Key: locus_tag, Value: ['PY04_RS00590']
    Key: phase, Value: ['0']
    Key: product, Value: ['CRISPR-associated protein Cas4']
    Key: protein_id, Value: ['WP_014733242.1']
    Key: source, Value: ['Protein Homology']
    Key: transl_table, Value: ['11']

GF(CRISPR-associated protein Cas4, 20186-20675 (-1))
type: CDS
location: [108711:108972](-)
id: cds-WP_014733243.1
qualifiers:
    Key: Dbxref, Value: ['GenBank:WP_014733243.1', 'GeneID:13021334']
    Key: ID, Value: ['cds-WP_014733243.1']
    Key: Name, Value: ['WP_014733243.1']
    Key: Ontology_term, Value: ['GO:0043571', 'GO:0004521']
    Key: Parent, Value: ['gene-PY04_RS00595']
    Key: gbkey, Value: ['CDS']
    Key: gene, Value: ['cas2']
    Key: go_function, Value: ['RNA endonuclease activity|0004521||IEA']
    Key: go_process, Value: ['maintenance of CRISPR repeat elements|0043571||IEA']
    Key: inference, Value: ['COORDINATES: similar to AA sequence:RefSeq:WP_015858913.1']
    Key: locus_tag, Value: ['PY04_RS00595']
    Key: phase, Value: ['0']
    Key: product, Value: ['CRISPR-associated endonuclease Cas2']
    Key: protein_id, Value: ['WP_014733243.1']
    Key: source, Value: ['Protein Homology']
    Key: transl_table, Value: ['11']

GF(CRISPR-associated endonuclease Cas2, 20671-20932 (-1))
type: CDS
location: [108971:109925](-)
id: cds-WP_014733244.1
qualifiers:
    Key: Dbxref, Value: ['GenBank:WP_014733244.1', 'GeneID:13021335']
    Key: ID, Value: ['cds-WP_014733244.1']
    Key: Name, Value: ['WP_014733244.1']
    Key: Ontology_term, Value: ['GO:0043571', 'GO:0004520']
    Key: Parent, Value: ['gene-PY04_RS00600']
    Key: gbkey, Value: ['CDS']
    Key: gene, Value: ['cas1b']
    Key: go_function, Value: ['DNA endonuclease activity|0004520||IEA']
    Key: go_process, Value: ['maintenance of CRISPR repeat elements|0043571||IEA']
    Key: inference, Value: ['COORDINATES: similar to AA sequence:RefSeq:WP_014789641.1']
    Key: locus_tag, Value: ['PY04_RS00600']
    Key: phase, Value: ['0']
    Key: product, Value: ['type I-B CRISPR-associated endonuclease Cas1b']
    Key: protein_id, Value: ['WP_014733244.1']
    Key: source, Value: ['Protein Homology']
    Key: transl_table, Value: ['11']

GF(type I-B CRISPR-associated endonuclease Cas1b, 20931-21885 (-1))
type: CDS
location: [111338:112655](+)
id: cds-WP_014733245.1
qualifiers:
    Key: Dbxref, Value: ['GenBank:WP_014733245.1', 'GeneID:13021336']
    Key: ID, Value: ['cds-WP_014733245.1']
    Key: Name, Value: ['WP_014733245.1']
    Key: Ontology_term, Value: ['GO:0005524']
    Key: Parent, Value: ['gene-PY04_RS00605']
    Key: gbkey, Value: ['CDS']
    Key: go_function, Value: ['ATP binding|0005524||IEA']
    Key: inference, Value: ['COORDINATES: similar to AA sequence:RefSeq:WP_013748455.1']
    Key: locus_tag, Value: ['PY04_RS00605']
    Key: phase, Value: ['0']
    Key: product, Value: ['ATP-binding protein']
    Key: protein_id, Value: ['WP_014733245.1']
    Key: source, Value: ['Protein Homology']
    Key: transl_table, Value: ['11']

GF(ATP-binding protein, 23298-24615 (1))
type: CDS
location: [112687:112941](+)
id: cds-PY04_RS09420
qualifiers:
    Key: Dbxref, Value: ['GeneID:31819511']
    Key: ID, Value: ['cds-PY04_RS09420']
    Key: Note, Value: ['frameshifted; incomplete; partial in the middle of a contig; missing N-terminus and C-terminus']
    Key: Parent, Value: ['gene-PY04_RS09420']
    Key: end_range, Value: ['112941', '.']
    Key: gbkey, Value: ['CDS']
    Key: inference, Value: ['COORDINATES: similar to AA sequence:RefSeq:WP_011249823.1']
    Key: locus_tag, Value: ['PY04_RS09420']
    Key: partial, Value: ['true']
    Key: phase, Value: ['0']
    Key: product, Value: ['SAM-dependent tRNA/rRNA cytosine-C5 methylase']
    Key: pseudo, Value: ['true']
    Key: source, Value: ['Protein Homology']
    Key: start_range, Value: ['.', '112688']
    Key: transl_table, Value: ['11']

GF(SAM-dependent tRNA/rRNA cytosine-C5 methylase, 24647-24901 (1))
type: repeat_region
location: [110558:111134](+)
id: NC_017946.1_1
qualifiers:
    Key: Dbxref, Value: ['SO:0001459']
    Key: ID, Value: ['NC_017946.1_1']
    Key: Note, Value: ['GTTTCCGAAGAACTAAATAGTATGGAAAG']
    Key: Ontology_term, Value: ['CRISPR']
    Key: score, Value: ['576']
    Key: source, Value: ['CCTyper']

GF(Repeat region, 22518-23094 (0))
graphic feature from known effectors: GF(csx1, 8667-9941 (-1))
[GF(aldo/keto reductase, 1531-2350 (-1)), GF(DUF2202 domain-containing protein, 2505-3222 (1)), GF(DUF4405 domain-containing protein, 3249-3867 (1)), GF(winged helix-turn-helix domain-containing protein, 4014-4308 (1)), GF(None, 4310-4511 (1)), GF(biotin transporter BioY, 4496-5003 (-1)), GF(RNA 2'-phosphotransferase, 5058-5598 (-1)), GF(CRISPR-associated protein Cas5, 5675-6362 (-1)), GF(type I-B CRISPR-associated protein Cas7/Cst2/DevR, 6354-7356 (-1)), GF(None, 7342-8653 (-1)), GF(CRISPR-associated CARF protein Csx1, 8666-9941 (-1)), GF(type III-A CRISPR-associated RAMP protein Csm5, 9937-11134 (-1)), GF(type III-A CRISPR-associated RAMP protein Csm4, 11143-12037 (-1)), GF(type III-A CRISPR-associated RAMP protein Csm3, 12017-12857 (-1)), GF(type III-A CRISPR-associated protein Csm2, 12853-13453 (-1)), GF(type III-A CRISPR-associated protein Cas10/Csm1, 13457-15854 (-1)), GF(CRISPR-associated endoribonuclease Cas6, 15858-16584 (-1)), GF(2,3-bisphosphoglycerate-independent phosphoglycerate mutase, 16838-18071 (1)), GF(CRISPR-associated helicase/endonuclease Cas3, 18080-20183 (-1)), GF(CRISPR-associated protein Cas4, 20186-20675 (-1)), GF(CRISPR-associated endonuclease Cas2, 20671-20932 (-1)), GF(type I-B CRISPR-associated endonuclease Cas1b, 20931-21885 (-1)), GF(ATP-binding protein, 23298-24615 (1)), GF(SAM-dependent tRNA/rRNA cytosine-C5 methylase, 24647-24901 (1)), GF(Repeat region, 22518-23094 (0)), GF(csx1, 8667-9941 (-1)), GF(CRISPR-Cas locus, 4000-21885 (0))]
