Cas operons file:    Unnamed: 0         Contig  ...           locus_id           sample
0           0  NZ_LT990039.1  ...  GCF_900312975.1_0  GCF_900312975.1

[1 rows x 19 columns]
The chosen contig: NZ_LT990039.1
type: CDS
location: [545150:545954](+)
id: cds-WP_197710807.1
qualifiers:
    Key: Dbxref, Value: ['GenBank:WP_197710807.1']
    Key: ID, Value: ['cds-WP_197710807.1']
    Key: Name, Value: ['WP_197710807.1']
    Key: Ontology_term, Value: ['GO:0005524']
    Key: Parent, Value: ['gene-C9996_RS02685']
    Key: gbkey, Value: ['CDS']
    Key: gene, Value: ['istB']
    Key: go_function, Value: ['ATP binding|0005524||IEA']
    Key: inference, Value: ['COORDINATES: protein motif:HMM:NF013828.2']
    Key: locus_tag, Value: ['C9996_RS02685']
    Key: phase, Value: ['0']
    Key: product, Value: ['IS21-like element helper ATPase IstB']
    Key: protein_id, Value: ['WP_197710807.1']
    Key: source, Value: ['Protein Homology']
    Key: transl_table, Value: ['11']

GF(IS21-like element helper ATPase IstB, 946-1750 (1))
type: CDS
location: [546059:546431](-)
id: cds-WP_197710808.1
qualifiers:
    Key: Dbxref, Value: ['GenBank:WP_197710808.1']
    Key: ID, Value: ['cds-WP_197710808.1']
    Key: Name, Value: ['WP_197710808.1']
    Key: Parent, Value: ['gene-C9996_RS02690']
    Key: gbkey, Value: ['CDS']
    Key: inference, Value: ['COORDINATES: similar to AA sequence:RefSeq:WP_009249079.1']
    Key: locus_tag, Value: ['C9996_RS02690']
    Key: phase, Value: ['0']
    Key: product, Value: ['hypothetical protein']
    Key: protein_id, Value: ['WP_197710808.1']
    Key: source, Value: ['Protein Homology']
    Key: transl_table, Value: ['11']

GF(None, 1855-2227 (-1))
type: CDS
location: [546545:547376](-)
id: cds-WP_106788661.1
qualifiers:
    Key: Dbxref, Value: ['GenBank:WP_106788661.1']
    Key: ID, Value: ['cds-WP_106788661.1']
    Key: Name, Value: ['WP_106788661.1']
    Key: Parent, Value: ['gene-C9996_RS02695']
    Key: gbkey, Value: ['CDS']
    Key: inference, Value: ['COORDINATES: protein motif:HMM:NF013540.2']
    Key: locus_tag, Value: ['C9996_RS02695']
    Key: phase, Value: ['0']
    Key: product, Value: ['helix-turn-helix domain-containing protein']
    Key: protein_id, Value: ['WP_106788661.1']
    Key: source, Value: ['Protein Homology']
    Key: transl_table, Value: ['11']

GF(helix-turn-helix domain-containing protein, 2341-3172 (-1))
type: CDS
location: [547683:547890](-)
id: cds-WP_162298240.1
qualifiers:
    Key: Dbxref, Value: ['GenBank:WP_162298240.1']
    Key: ID, Value: ['cds-WP_162298240.1']
    Key: Name, Value: ['WP_162298240.1']
    Key: Parent, Value: ['gene-C9996_RS02700']
    Key: gbkey, Value: ['CDS']
    Key: inference, Value: ['COORDINATES: ab initio prediction:GeneMarkS-2+']
    Key: locus_tag, Value: ['C9996_RS02700']
    Key: phase, Value: ['0']
    Key: product, Value: ['hypothetical protein']
    Key: protein_id, Value: ['WP_162298240.1']
    Key: source, Value: ['GeneMarkS-2+']
    Key: transl_table, Value: ['11']

GF(None, 3479-3686 (-1))
type: CDS
location: [548203:549526](-)
id: cds-WP_157949540.1
qualifiers:
    Key: Dbxref, Value: ['GenBank:WP_157949540.1']
    Key: ID, Value: ['cds-WP_157949540.1']
    Key: Name, Value: ['WP_157949540.1']
    Key: Parent, Value: ['gene-C9996_RS02705']
    Key: gbkey, Value: ['CDS']
    Key: inference, Value: ['COORDINATES: protein motif:HMM:NF021196.2']
    Key: locus_tag, Value: ['C9996_RS02705']
    Key: phase, Value: ['0']
    Key: product, Value: ['hypothetical protein']
    Key: protein_id, Value: ['WP_157949540.1']
    Key: source, Value: ['Protein Homology']
    Key: transl_table, Value: ['11']

GF(None, 3999-5322 (-1))
type: CDS
location: [549538:549865](-)
id: cds-WP_106788664.1
qualifiers:
    Key: Dbxref, Value: ['GenBank:WP_106788664.1']
    Key: ID, Value: ['cds-WP_106788664.1']
    Key: Name, Value: ['WP_106788664.1']
    Key: Ontology_term, Value: ['GO:0043571', 'GO:0004521']
    Key: Parent, Value: ['gene-C9996_RS02710']
    Key: gbkey, Value: ['CDS']
    Key: gene, Value: ['cas2']
    Key: go_function, Value: ['endoribonuclease activity|0004521||IEA']
    Key: go_process, Value: ['maintenance of CRISPR repeat elements|0043571||IEA']
    Key: inference, Value: ['COORDINATES: protein motif:HMM:TIGR01573.1']
    Key: locus_tag, Value: ['C9996_RS02710']
    Key: phase, Value: ['0']
    Key: product, Value: ['CRISPR-associated endonuclease Cas2']
    Key: protein_id, Value: ['WP_106788664.1']
    Key: source, Value: ['Protein Homology']
    Key: transl_table, Value: ['11']

GF(CRISPR-associated endonuclease Cas2, 5334-5661 (-1))
type: CDS
location: [549871:550879](-)
id: cds-WP_106788665.1
qualifiers:
    Key: Dbxref, Value: ['GenBank:WP_106788665.1']
    Key: ID, Value: ['cds-WP_106788665.1']
    Key: Name, Value: ['WP_106788665.1']
    Key: Ontology_term, Value: ['GO:0043571', 'GO:0004520', 'GO:0046872']
    Key: Parent, Value: ['gene-C9996_RS02715']
    Key: gbkey, Value: ['CDS']
    Key: gene, Value: ['cas1']
    Key: go_function, Value: ['endodeoxyribonuclease activity|0004520||IEA', 'metal ion binding|0046872||IEA']
    Key: go_process, Value: ['maintenance of CRISPR repeat elements|0043571||IEA']
    Key: inference, Value: ['COORDINATES: protein motif:HMM:TIGR00287.1']
    Key: locus_tag, Value: ['C9996_RS02715']
    Key: phase, Value: ['0']
    Key: product, Value: ['CRISPR-associated endonuclease Cas1']
    Key: protein_id, Value: ['WP_106788665.1']
    Key: source, Value: ['Protein Homology']
    Key: transl_table, Value: ['11']

GF(CRISPR-associated endonuclease Cas1, 5667-6675 (-1))
type: CDS
location: [551541:552630](-)
id: cds-WP_106788666.1
qualifiers:
    Key: Dbxref, Value: ['GenBank:WP_106788666.1']
    Key: ID, Value: ['cds-WP_106788666.1']
    Key: Name, Value: ['WP_106788666.1']
    Key: Ontology_term, Value: ['GO:0043571', 'GO:0003674']
    Key: Parent, Value: ['gene-C9996_RS02720']
    Key: gbkey, Value: ['CDS']
    Key: gene, Value: ['csm5']
    Key: go_function, Value: ['molecular_function|0003674||IEA']
    Key: go_process, Value: ['maintenance of CRISPR repeat elements|0043571||IEA']
    Key: inference, Value: ['COORDINATES: protein motif:HMM:TIGR01899.1']
    Key: locus_tag, Value: ['C9996_RS02720']
    Key: phase, Value: ['0']
    Key: product, Value: ['type III-A CRISPR-associated RAMP protein Csm5']
    Key: protein_id, Value: ['WP_106788666.1']
    Key: source, Value: ['Protein Homology']
    Key: transl_table, Value: ['11']

GF(type III-A CRISPR-associated RAMP protein Csm5, 7337-8426 (-1))
type: CDS
location: [552626:553559](-)
id: cds-WP_106788667.1
qualifiers:
    Key: Dbxref, Value: ['GenBank:WP_106788667.1']
    Key: ID, Value: ['cds-WP_106788667.1']
    Key: Name, Value: ['WP_106788667.1']
    Key: Ontology_term, Value: ['GO:0043571', 'GO:0003674']
    Key: Parent, Value: ['gene-C9996_RS02725']
    Key: gbkey, Value: ['CDS']
    Key: gene, Value: ['csm4']
    Key: go_function, Value: ['molecular_function|0003674||IEA']
    Key: go_process, Value: ['maintenance of CRISPR repeat elements|0043571||IEA']
    Key: inference, Value: ['COORDINATES: protein motif:HMM:TIGR01903.1']
    Key: locus_tag, Value: ['C9996_RS02725']
    Key: phase, Value: ['0']
    Key: product, Value: ['type III-A CRISPR-associated RAMP protein Csm4']
    Key: protein_id, Value: ['WP_106788667.1']
    Key: source, Value: ['Protein Homology']
    Key: transl_table, Value: ['11']

GF(type III-A CRISPR-associated RAMP protein Csm4, 8422-9355 (-1))
type: CDS
location: [553561:554245](-)
id: cds-WP_106790496.1
qualifiers:
    Key: Dbxref, Value: ['GenBank:WP_106790496.1']
    Key: ID, Value: ['cds-WP_106790496.1']
    Key: Name, Value: ['WP_106790496.1']
    Key: Ontology_term, Value: ['GO:0043571', 'GO:0003674']
    Key: Parent, Value: ['gene-C9996_RS02730']
    Key: gbkey, Value: ['CDS']
    Key: gene, Value: ['csm3']
    Key: go_function, Value: ['molecular_function|0003674||IEA']
    Key: go_process, Value: ['maintenance of CRISPR repeat elements|0043571||IEA']
    Key: inference, Value: ['COORDINATES: similar to AA sequence:RefSeq:WP_008754506.1']
    Key: locus_tag, Value: ['C9996_RS02730']
    Key: phase, Value: ['0']
    Key: product, Value: ['type III-A CRISPR-associated RAMP protein Csm3']
    Key: protein_id, Value: ['WP_106790496.1']
    Key: source, Value: ['Protein Homology']
    Key: transl_table, Value: ['11']

GF(type III-A CRISPR-associated RAMP protein Csm3, 9357-10041 (-1))
type: CDS
location: [554254:554635](-)
id: cds-WP_106788668.1
qualifiers:
    Key: Dbxref, Value: ['GenBank:WP_106788668.1']
    Key: ID, Value: ['cds-WP_106788668.1']
    Key: Name, Value: ['WP_106788668.1']
    Key: Ontology_term, Value: ['GO:0043571', 'GO:0003674']
    Key: Parent, Value: ['gene-C9996_RS02735']
    Key: gbkey, Value: ['CDS']
    Key: gene, Value: ['csm2']
    Key: go_function, Value: ['molecular_function|0003674||IEA']
    Key: go_process, Value: ['maintenance of CRISPR repeat elements|0043571||IEA']
    Key: inference, Value: ['COORDINATES: protein motif:HMM:NF015695.2']
    Key: locus_tag, Value: ['C9996_RS02735']
    Key: phase, Value: ['0']
    Key: product, Value: ['type III-A CRISPR-associated protein Csm2']
    Key: protein_id, Value: ['WP_106788668.1']
    Key: source, Value: ['Protein Homology']
    Key: transl_table, Value: ['11']

GF(type III-A CRISPR-associated protein Csm2, 10050-10431 (-1))
type: CDS
location: [554634:556947](-)
id: cds-WP_106788669.1
qualifiers:
    Key: Dbxref, Value: ['GenBank:WP_106788669.1']
    Key: ID, Value: ['cds-WP_106788669.1']
    Key: Name, Value: ['WP_106788669.1']
    Key: Ontology_term, Value: ['GO:0043571', 'GO:0003674']
    Key: Parent, Value: ['gene-C9996_RS02740']
    Key: gbkey, Value: ['CDS']
    Key: gene, Value: ['cas10']
    Key: go_function, Value: ['molecular_function|0003674||IEA']
    Key: go_process, Value: ['maintenance of CRISPR repeat elements|0043571||IEA']
    Key: inference, Value: ['COORDINATES: protein motif:HMM:TIGR02578.1']
    Key: locus_tag, Value: ['C9996_RS02740']
    Key: phase, Value: ['0']
    Key: product, Value: ['type III-A CRISPR-associated protein Cas10/Csm1']
    Key: protein_id, Value: ['WP_106788669.1']
    Key: source, Value: ['Protein Homology']
    Key: transl_table, Value: ['11']

GF(type III-A CRISPR-associated protein Cas10/Csm1, 10430-12743 (-1))
type: CDS
location: [556950:557685](-)
id: cds-WP_157949541.1
qualifiers:
    Key: Dbxref, Value: ['GenBank:WP_157949541.1']
    Key: ID, Value: ['cds-WP_157949541.1']
    Key: Name, Value: ['WP_157949541.1']
    Key: Ontology_term, Value: ['GO:0043571', 'GO:0004521']
    Key: Parent, Value: ['gene-C9996_RS02745']
    Key: gbkey, Value: ['CDS']
    Key: gene, Value: ['cas6']
    Key: go_function, Value: ['endoribonuclease activity|0004521||IEA']
    Key: go_process, Value: ['maintenance of CRISPR repeat elements|0043571||IEA']
    Key: inference, Value: ['COORDINATES: protein motif:HMM:TIGR01877.1']
    Key: locus_tag, Value: ['C9996_RS02745']
    Key: phase, Value: ['0']
    Key: product, Value: ['CRISPR-associated endoribonuclease Cas6']
    Key: protein_id, Value: ['WP_157949541.1']
    Key: source, Value: ['Protein Homology']
    Key: transl_table, Value: ['11']

GF(CRISPR-associated endoribonuclease Cas6, 12746-13481 (-1))
type: CDS
location: [557909:559274](-)
id: cds-WP_106788671.1
qualifiers:
    Key: Dbxref, Value: ['GenBank:WP_106788671.1']
    Key: ID, Value: ['cds-WP_106788671.1']
    Key: Name, Value: ['WP_106788671.1']
    Key: Ontology_term, Value: ['GO:0008649']
    Key: Parent, Value: ['gene-C9996_RS02750']
    Key: gbkey, Value: ['CDS']
    Key: gene, Value: ['rlmD']
    Key: go_function, Value: ['rRNA methyltransferase activity|0008649||IEA']
    Key: inference, Value: ['COORDINATES: similar to AA sequence:RefSeq:WP_009262755.1']
    Key: locus_tag, Value: ['C9996_RS02750']
    Key: phase, Value: ['0']
    Key: product, Value: ['23S rRNA (uracil(1939)-C(5))-methyltransferase RlmD']
    Key: protein_id, Value: ['WP_106788671.1']
    Key: source, Value: ['Protein Homology']
    Key: transl_table, Value: ['11']

GF(23S rRNA (uracil(1939)-C(5))-methyltransferase RlmD, 13705-15070 (-1))
type: CDS
location: [559302:560226](-)
id: cds-WP_106788672.1
qualifiers:
    Key: Dbxref, Value: ['GenBank:WP_106788672.1']
    Key: ID, Value: ['cds-WP_106788672.1']
    Key: Name, Value: ['WP_106788672.1']
    Key: Parent, Value: ['gene-C9996_RS02755']
    Key: gbkey, Value: ['CDS']
    Key: inference, Value: ['COORDINATES: similar to AA sequence:RefSeq:WP_004607692.1']
    Key: locus_tag, Value: ['C9996_RS02755']
    Key: phase, Value: ['0']
    Key: product, Value: ['NYN domain-containing protein']
    Key: protein_id, Value: ['WP_106788672.1']
    Key: source, Value: ['Protein Homology']
    Key: transl_table, Value: ['11']

GF(NYN domain-containing protein, 15098-16022 (-1))
type: CDS
location: [560320:560563](-)
id: cds-WP_106788673.1
qualifiers:
    Key: Dbxref, Value: ['GenBank:WP_106788673.1']
    Key: ID, Value: ['cds-WP_106788673.1']
    Key: Name, Value: ['WP_106788673.1']
    Key: Parent, Value: ['gene-C9996_RS02760']
    Key: gbkey, Value: ['CDS']
    Key: inference, Value: ['COORDINATES: similar to AA sequence:RefSeq:WP_005335510.1']
    Key: locus_tag, Value: ['C9996_RS02760']
    Key: phase, Value: ['0']
    Key: product, Value: ['DUF4366 domain-containing protein']
    Key: protein_id, Value: ['WP_106788673.1']
    Key: source, Value: ['Protein Homology']
    Key: transl_table, Value: ['11']

GF(DUF4366 domain-containing protein, 16116-16359 (-1))
type: repeat_region
location: [551012:551407](+)
id: NZ_LT990039.1_3
qualifiers:
    Key: Dbxref, Value: ['SO:0001459']
    Key: ID, Value: ['NZ_LT990039.1_3']
    Key: Note, Value: ['GTTTCCGTCCCCTCTCGGGGTTAGCTCTTCCTCAAC']
    Key: Ontology_term, Value: ['CRISPR']
    Key: score, Value: ['395']
    Key: source, Value: ['CCTyper']

GF(Repeat region, 6808-7203 (0))
graphic feature from cctyper protein table: GF(Csm6, 4000-5322 (-1))
graphic feature from cctyper protein table: GF(Cas2, 5335-5661 (-1))
graphic feature from cctyper protein table: GF(Cas1, 5668-6675 (-1))
graphic feature from cctyper protein table: GF(Csm5gr7, 7338-8426 (-1))
graphic feature from cctyper protein table: GF(Csm4gr5, 8423-9355 (-1))
graphic feature from cctyper protein table: GF(Csm3gr7, 9358-10041 (-1))
graphic feature from cctyper protein table: GF(Csm2gr11, 10051-10431 (-1))
graphic feature from cctyper protein table: GF(Cas10, 10431-12743 (-1))
graphic feature from cctyper protein table: GF(Cas6, 12747-13481 (-1))
Index(['protein_id', 'start', 'end', 'effector', 'locus', 'sample', 'strand',
       'sequence', 'type'],
      dtype='object')
graphic feature from known effectors: GF(csm6-ca6, 4000-5322 (-1))
Index(['protein_id', 'start', 'end', 'effector', 'locus', 'sample', 'strand',
       'sequence'],
      dtype='object')
[GF(IS21-like element helper ATPase IstB, 946-1750 (1)), GF(None, 1855-2227 (-1)), GF(helix-turn-helix domain-containing protein, 2341-3172 (-1)), GF(None, 3479-3686 (-1)), GF(None, 3999-5322 (-1)), GF(CRISPR-associated endonuclease Cas2, 5334-5661 (-1)), GF(CRISPR-associated endonuclease Cas1, 5667-6675 (-1)), GF(type III-A CRISPR-associated RAMP protein Csm5, 7337-8426 (-1)), GF(type III-A CRISPR-associated RAMP protein Csm4, 8422-9355 (-1)), GF(type III-A CRISPR-associated RAMP protein Csm3, 9357-10041 (-1)), GF(type III-A CRISPR-associated protein Csm2, 10050-10431 (-1)), GF(type III-A CRISPR-associated protein Cas10/Csm1, 10430-12743 (-1)), GF(CRISPR-associated endoribonuclease Cas6, 12746-13481 (-1)), GF(23S rRNA (uracil(1939)-C(5))-methyltransferase RlmD, 13705-15070 (-1)), GF(NYN domain-containing protein, 15098-16022 (-1)), GF(DUF4366 domain-containing protein, 16116-16359 (-1)), GF(Repeat region, 6808-7203 (0)), GF(Csm6, 4000-5322 (-1)), GF(Cas2, 5335-5661 (-1)), GF(Cas1, 5668-6675 (-1)), GF(Csm5gr7, 7338-8426 (-1)), GF(Csm4gr5, 8423-9355 (-1)), GF(Csm3gr7, 9358-10041 (-1)), GF(Csm2gr11, 10051-10431 (-1)), GF(Cas10, 10431-12743 (-1)), GF(Cas6, 12747-13481 (-1)), GF(csm6-ca6, 4000-5322 (-1)), GF(CRISPR-Cas locus, 4000-13481 (0))]
