Cas operons file:    Unnamed: 0       Contig  ...           locus_id           sample
0           4  NC_011831.1  ...  GCF_000021945.1_4  GCF_000021945.1

[1 rows x 19 columns]
The chosen contig: NC_011831.1
type: CDS
location: [4657311:4657767](-)
id: cds-WP_015942499.1
qualifiers:
    Key: Dbxref, Value: ['GenBank:WP_015942499.1']
    Key: ID, Value: ['cds-WP_015942499.1']
    Key: Name, Value: ['WP_015942499.1']
    Key: Parent, Value: ['gene-CAGG_RS19005']
    Key: gbkey, Value: ['CDS']
    Key: inference, Value: ['COORDINATES: similar to AA sequence:RefSeq:WP_012122683.1']
    Key: locus_tag, Value: ['CAGG_RS19005']
    Key: phase, Value: ['0']
    Key: product, Value: ['gamma-glutamylcyclotransferase family protein']
    Key: protein_id, Value: ['WP_015942499.1']
    Key: source, Value: ['Protein Homology']
    Key: transl_table, Value: ['11']

GF(gamma-glutamylcyclotransferase family protein, 758-1214 (-1))
type: CDS
location: [4658411:4659092](-)
id: cds-WP_015942501.1
qualifiers:
    Key: Dbxref, Value: ['GenBank:WP_015942501.1']
    Key: ID, Value: ['cds-WP_015942501.1']
    Key: Name, Value: ['WP_015942501.1']
    Key: Parent, Value: ['gene-CAGG_RS19015']
    Key: gbkey, Value: ['CDS']
    Key: inference, Value: ['COORDINATES: similar to AA sequence:RefSeq:WP_012122684.1']
    Key: locus_tag, Value: ['CAGG_RS19015']
    Key: phase, Value: ['0']
    Key: product, Value: ['DUF4276 family protein']
    Key: protein_id, Value: ['WP_015942501.1']
    Key: source, Value: ['Protein Homology']
    Key: transl_table, Value: ['11']

GF(DUF4276 family protein, 1858-2539 (-1))
type: CDS
location: [4659088:4660201](-)
id: cds-WP_015942502.1
qualifiers:
    Key: Dbxref, Value: ['GenBank:WP_015942502.1']
    Key: ID, Value: ['cds-WP_015942502.1']
    Key: Name, Value: ['WP_015942502.1']
    Key: Ontology_term, Value: ['GO:0005524', 'GO:0016887']
    Key: Parent, Value: ['gene-CAGG_RS19020']
    Key: gbkey, Value: ['CDS']
    Key: go_function, Value: ['ATP binding|0005524||IEA', 'ATP hydrolysis activity|0016887||IEA']
    Key: inference, Value: ['COORDINATES: similar to AA sequence:RefSeq:WP_015942502.1']
    Key: locus_tag, Value: ['CAGG_RS19020']
    Key: phase, Value: ['0']
    Key: product, Value: ['AAA family ATPase']
    Key: protein_id, Value: ['WP_015942502.1']
    Key: source, Value: ['Protein Homology']
    Key: transl_table, Value: ['11']

GF(AAA family ATPase, 2535-3648 (-1))
type: CDS
location: [4660199:4660367](+)
id: cds-WP_157042740.1
qualifiers:
    Key: Dbxref, Value: ['GenBank:WP_157042740.1']
    Key: ID, Value: ['cds-WP_157042740.1']
    Key: Name, Value: ['WP_157042740.1']
    Key: Parent, Value: ['gene-CAGG_RS20290']
    Key: gbkey, Value: ['CDS']
    Key: inference, Value: ['COORDINATES: ab initio prediction:GeneMarkS-2+']
    Key: locus_tag, Value: ['CAGG_RS20290']
    Key: phase, Value: ['0']
    Key: product, Value: ['hypothetical protein']
    Key: protein_id, Value: ['WP_157042740.1']
    Key: source, Value: ['GeneMarkS-2+']
    Key: transl_table, Value: ['11']

GF(None, 3646-3814 (1))
type: CDS
location: [4660552:4661386](-)
id: cds-WP_015942504.1
qualifiers:
    Key: Dbxref, Value: ['GenBank:WP_015942504.1']
    Key: ID, Value: ['cds-WP_015942504.1']
    Key: Name, Value: ['WP_015942504.1']
    Key: Parent, Value: ['gene-CAGG_RS19025']
    Key: gbkey, Value: ['CDS']
    Key: inference, Value: ['COORDINATES: similar to AA sequence:RefSeq:WP_012122686.1']
    Key: locus_tag, Value: ['CAGG_RS19025']
    Key: phase, Value: ['0']
    Key: product, Value: ['hypothetical protein']
    Key: protein_id, Value: ['WP_015942504.1']
    Key: source, Value: ['Protein Homology']
    Key: transl_table, Value: ['11']

GF(None, 3999-4833 (-1))
type: CDS
location: [4661396:4661786](-)
id: cds-WP_015942505.1
qualifiers:
    Key: Dbxref, Value: ['GenBank:WP_015942505.1']
    Key: ID, Value: ['cds-WP_015942505.1']
    Key: Name, Value: ['WP_015942505.1']
    Key: Parent, Value: ['gene-CAGG_RS19030']
    Key: gbkey, Value: ['CDS']
    Key: inference, Value: ['COORDINATES: similar to AA sequence:RefSeq:WP_012122687.1']
    Key: locus_tag, Value: ['CAGG_RS19030']
    Key: phase, Value: ['0']
    Key: product, Value: ['hypothetical protein']
    Key: protein_id, Value: ['WP_015942505.1']
    Key: source, Value: ['Protein Homology']
    Key: transl_table, Value: ['11']

GF(None, 4843-5233 (-1))
type: CDS
location: [4661808:4662768](-)
id: cds-WP_015942506.1
qualifiers:
    Key: Dbxref, Value: ['GenBank:WP_015942506.1']
    Key: ID, Value: ['cds-WP_015942506.1']
    Key: Name, Value: ['WP_015942506.1']
    Key: Ontology_term, Value: ['GO:0043571', 'GO:0003674']
    Key: Parent, Value: ['gene-CAGG_RS19035']
    Key: gbkey, Value: ['CDS']
    Key: gene, Value: ['cmr4']
    Key: go_function, Value: ['molecular_function|0003674||IEA']
    Key: go_process, Value: ['maintenance of CRISPR repeat elements|0043571||IEA']
    Key: inference, Value: ['COORDINATES: similar to AA sequence:RefSeq:WP_012122688.1']
    Key: locus_tag, Value: ['CAGG_RS19035']
    Key: phase, Value: ['0']
    Key: product, Value: ['type III-B CRISPR module RAMP protein Cmr4']
    Key: protein_id, Value: ['WP_015942506.1']
    Key: source, Value: ['Protein Homology']
    Key: transl_table, Value: ['11']

GF(type III-B CRISPR module RAMP protein Cmr4, 5255-6215 (-1))
type: CDS
location: [4662778:4665574](-)
id: cds-WP_015942507.1
qualifiers:
    Key: Dbxref, Value: ['GenBank:WP_015942507.1']
    Key: ID, Value: ['cds-WP_015942507.1']
    Key: Name, Value: ['WP_015942507.1']
    Key: Ontology_term, Value: ['GO:0043571', 'GO:0003674', 'GO:0005575']
    Key: Parent, Value: ['gene-CAGG_RS19040']
    Key: gbkey, Value: ['CDS']
    Key: go_component, Value: ['cellular_component|0005575||IEA']
    Key: go_function, Value: ['molecular_function|0003674||IEA']
    Key: go_process, Value: ['maintenance of CRISPR repeat elements|0043571||IEA']
    Key: inference, Value: ['COORDINATES: similar to AA sequence:RefSeq:WP_012122689.1']
    Key: locus_tag, Value: ['CAGG_RS19040']
    Key: phase, Value: ['0']
    Key: product, Value: ['CRISPR-associated protein Csx11']
    Key: protein_id, Value: ['WP_015942507.1']
    Key: source, Value: ['Protein Homology']
    Key: transl_table, Value: ['11']

GF(CRISPR-associated protein Csx11, 6225-9021 (-1))
type: CDS
location: [4665570:4666890](-)
id: cds-WP_015942508.1
qualifiers:
    Key: Dbxref, Value: ['GenBank:WP_015942508.1']
    Key: ID, Value: ['cds-WP_015942508.1']
    Key: Name, Value: ['WP_015942508.1']
    Key: Parent, Value: ['gene-CAGG_RS19045']
    Key: gbkey, Value: ['CDS']
    Key: inference, Value: ['COORDINATES: similar to AA sequence:RefSeq:WP_012122690.1']
    Key: locus_tag, Value: ['CAGG_RS19045']
    Key: phase, Value: ['0']
    Key: product, Value: ['RAMP superfamily CRISPR-associated protein']
    Key: protein_id, Value: ['WP_015942508.1']
    Key: source, Value: ['Protein Homology']
    Key: transl_table, Value: ['11']

GF(RAMP superfamily CRISPR-associated protein, 9017-10337 (-1))
type: CDS
location: [4666886:4667591](-)
id: cds-WP_015942509.1
qualifiers:
    Key: Dbxref, Value: ['GenBank:WP_015942509.1']
    Key: ID, Value: ['cds-WP_015942509.1']
    Key: Name, Value: ['WP_015942509.1']
    Key: Parent, Value: ['gene-CAGG_RS19050']
    Key: gbkey, Value: ['CDS']
    Key: inference, Value: ['COORDINATES: similar to AA sequence:RefSeq:WP_012122691.1']
    Key: locus_tag, Value: ['CAGG_RS19050']
    Key: phase, Value: ['0']
    Key: product, Value: ['hypothetical protein']
    Key: protein_id, Value: ['WP_015942509.1']
    Key: source, Value: ['Protein Homology']
    Key: transl_table, Value: ['11']

GF(None, 10333-11038 (-1))
type: CDS
location: [4667587:4669192](-)
id: cds-WP_015942510.1
qualifiers:
    Key: Dbxref, Value: ['GenBank:WP_015942510.1']
    Key: ID, Value: ['cds-WP_015942510.1']
    Key: Name, Value: ['WP_015942510.1']
    Key: Ontology_term, Value: ['GO:0005524', 'GO:0016887']
    Key: Parent, Value: ['gene-CAGG_RS19055']
    Key: gbkey, Value: ['CDS']
    Key: go_function, Value: ['ATP binding|0005524||IEA', 'ATP hydrolysis activity|0016887||IEA']
    Key: inference, Value: ['COORDINATES: similar to AA sequence:RefSeq:WP_012122692.1']
    Key: locus_tag, Value: ['CAGG_RS19055']
    Key: phase, Value: ['0']
    Key: product, Value: ['AAA family ATPase']
    Key: protein_id, Value: ['WP_015942510.1']
    Key: source, Value: ['Protein Homology']
    Key: transl_table, Value: ['11']

GF(AAA family ATPase, 11034-12639 (-1))
type: CDS
location: [4669188:4670256](-)
id: cds-WP_015942511.1
qualifiers:
    Key: Dbxref, Value: ['GenBank:WP_015942511.1']
    Key: ID, Value: ['cds-WP_015942511.1']
    Key: Name, Value: ['WP_015942511.1']
    Key: Ontology_term, Value: ['GO:0043571', 'GO:0003674']
    Key: Parent, Value: ['gene-CAGG_RS19060']
    Key: gbkey, Value: ['CDS']
    Key: gene, Value: ['cmr1']
    Key: go_function, Value: ['molecular_function|0003674||IEA']
    Key: go_process, Value: ['maintenance of CRISPR repeat elements|0043571||IEA']
    Key: inference, Value: ['COORDINATES: similar to AA sequence:RefSeq:WP_012122693.1']
    Key: locus_tag, Value: ['CAGG_RS19060']
    Key: phase, Value: ['0']
    Key: product, Value: ['type III-B CRISPR module RAMP protein Cmr1']
    Key: protein_id, Value: ['WP_015942511.1']
    Key: source, Value: ['Protein Homology']
    Key: transl_table, Value: ['11']

GF(type III-B CRISPR module RAMP protein Cmr1, 12635-13703 (-1))
type: CDS
location: [4671032:4671797](+)
id: cds-WP_015942513.1
qualifiers:
    Key: Dbxref, Value: ['GenBank:WP_015942513.1']
    Key: ID, Value: ['cds-WP_015942513.1']
    Key: Name, Value: ['WP_015942513.1']
    Key: Ontology_term, Value: ['GO:0015979', 'GO:0003674']
    Key: Parent, Value: ['gene-CAGG_RS19070']
    Key: gbkey, Value: ['CDS']
    Key: gene, Value: ['puhE']
    Key: go_function, Value: ['molecular_function|0003674||IEA']
    Key: go_process, Value: ['photosynthesis|0015979||IEA']
    Key: inference, Value: ['COORDINATES: similar to AA sequence:RefSeq:WP_012259749.1']
    Key: locus_tag, Value: ['CAGG_RS19070']
    Key: phase, Value: ['0']
    Key: product, Value: ['putative photosynthetic complex assembly protein PuhE']
    Key: protein_id, Value: ['WP_015942513.1']
    Key: source, Value: ['Protein Homology']
    Key: transl_table, Value: ['11']

GF(putative photosynthetic complex assembly protein PuhE, 14479-15244 (1))
type: CDS
location: [4672071:4674162](+)
id: cds-WP_015942514.1
qualifiers:
    Key: Dbxref, Value: ['GenBank:WP_015942514.1']
    Key: ID, Value: ['cds-WP_015942514.1']
    Key: Name, Value: ['WP_015942514.1']
    Key: Parent, Value: ['gene-CAGG_RS19075']
    Key: gbkey, Value: ['CDS']
    Key: inference, Value: ['COORDINATES: similar to AA sequence:RefSeq:WP_012259750.1']
    Key: locus_tag, Value: ['CAGG_RS19075']
    Key: phase, Value: ['0']
    Key: product, Value: ['acetate--CoA ligase']
    Key: protein_id, Value: ['WP_015942514.1']
    Key: source, Value: ['Protein Homology']
    Key: transl_table, Value: ['11']

GF(acetate--CoA ligase, 15518-17609 (1))
graphic feature from cctyper protein table: GF(Cmr3gr5, 4000-4833 (-1))
graphic feature from cctyper protein table: GF(Cmr5, 4844-5233 (-1))
graphic feature from cctyper protein table: GF(Cmr4gr7, 5256-6215 (-1))
graphic feature from cctyper protein table: GF(Cas10, 6226-9021 (-1))
graphic feature from cctyper protein table: GF(Cmr6, 9018-10337 (-1))
graphic feature from cctyper protein table: GF(Toprim, 10334-11038 (-1))
graphic feature from cctyper protein table: GF(AbiEii, 11035-12639 (-1))
graphic feature from cctyper protein table: GF(Csm3gr7, 12636-13703 (-1))
Index(['protein_id', 'start', 'end', 'effector', 'locus', 'sample', 'strand',
       'sequence'],
      dtype='object')
Index(['protein_id', 'start', 'end', 'effector', 'locus', 'sample', 'strand',
       'sequence'],
      dtype='object')
[GF(gamma-glutamylcyclotransferase family protein, 758-1214 (-1)), GF(DUF4276 family protein, 1858-2539 (-1)), GF(AAA family ATPase, 2535-3648 (-1)), GF(None, 3646-3814 (1)), GF(None, 3999-4833 (-1)), GF(None, 4843-5233 (-1)), GF(type III-B CRISPR module RAMP protein Cmr4, 5255-6215 (-1)), GF(CRISPR-associated protein Csx11, 6225-9021 (-1)), GF(RAMP superfamily CRISPR-associated protein, 9017-10337 (-1)), GF(None, 10333-11038 (-1)), GF(AAA family ATPase, 11034-12639 (-1)), GF(type III-B CRISPR module RAMP protein Cmr1, 12635-13703 (-1)), GF(putative photosynthetic complex assembly protein PuhE, 14479-15244 (1)), GF(acetate--CoA ligase, 15518-17609 (1)), GF(Cmr3gr5, 4000-4833 (-1)), GF(Cmr5, 4844-5233 (-1)), GF(Cmr4gr7, 5256-6215 (-1)), GF(Cas10, 6226-9021 (-1)), GF(Cmr6, 9018-10337 (-1)), GF(Toprim, 10334-11038 (-1)), GF(AbiEii, 11035-12639 (-1)), GF(Csm3gr7, 12636-13703 (-1)), GF(CRISPR-Cas locus, 4000-13703 (0))]
