Cas operons file:    Unnamed: 0       Contig  ...           locus_id           sample
0           3  NC_012632.1  ...  GCF_000022425.1_3  GCF_000022425.1

[1 rows x 19 columns]
The chosen contig: NC_012632.1
type: CDS
location: [1057172:1057554](-)
id: cds-M1627_RS05395
qualifiers:
    Key: Dbxref, Value: ['GeneID:7813425']
    Key: ID, Value: ['cds-M1627_RS05395']
    Key: Note, Value: ['frameshifted; incomplete; partial in the middle of a contig; missing C-terminus']
    Key: Parent, Value: ['gene-M1627_RS05395']
    Key: gbkey, Value: ['CDS']
    Key: inference, Value: ['COORDINATES: similar to AA sequence:RefSeq:WP_076611372.1']
    Key: locus_tag, Value: ['M1627_RS05395']
    Key: partial, Value: ['true']
    Key: phase, Value: ['0']
    Key: product, Value: ['helix-turn-helix domain-containing protein']
    Key: pseudo, Value: ['true']
    Key: source, Value: ['Protein Homology']
    Key: start_range, Value: ['.', '1057173']
    Key: transl_table, Value: ['11']

GF(helix-turn-helix domain-containing protein, 505-887 (-1))
type: CDS
location: [1058029:1058662](+)
id: cds-WP_012711051.1
qualifiers:
    Key: Dbxref, Value: ['GenBank:WP_012711051.1', 'GeneID:7813426']
    Key: ID, Value: ['cds-WP_012711051.1']
    Key: Name, Value: ['WP_012711051.1']
    Key: Parent, Value: ['gene-M1627_RS05400']
    Key: gbkey, Value: ['CDS']
    Key: inference, Value: ['COORDINATES: similar to AA sequence:RefSeq:WP_012711051.1']
    Key: locus_tag, Value: ['M1627_RS05400']
    Key: phase, Value: ['0']
    Key: product, Value: ['DUF3800 domain-containing protein']
    Key: protein_id, Value: ['WP_012711051.1']
    Key: source, Value: ['Protein Homology']
    Key: transl_table, Value: ['11']

GF(DUF3800 domain-containing protein, 1362-1995 (1))
type: CDS
location: [1058987:1059458](-)
id: cds-WP_012718738.1
qualifiers:
    Key: Dbxref, Value: ['GenBank:WP_012718738.1', 'GeneID:7813427']
    Key: ID, Value: ['cds-WP_012718738.1']
    Key: Name, Value: ['WP_012718738.1']
    Key: Parent, Value: ['gene-M1627_RS05405']
    Key: gbkey, Value: ['CDS']
    Key: inference, Value: ['COORDINATES: similar to AA sequence:RefSeq:WP_016730058.1']
    Key: locus_tag, Value: ['M1627_RS05405']
    Key: phase, Value: ['0']
    Key: product, Value: ['PIN domain-containing protein']
    Key: protein_id, Value: ['WP_012718738.1']
    Key: source, Value: ['Protein Homology']
    Key: transl_table, Value: ['11']

GF(PIN domain-containing protein, 2320-2791 (-1))
type: CDS
location: [1059447:1059852](-)
id: cds-WP_012711053.1
qualifiers:
    Key: Dbxref, Value: ['GenBank:WP_012711053.1', 'GeneID:7813428']
    Key: ID, Value: ['cds-WP_012711053.1']
    Key: Name, Value: ['WP_012711053.1']
    Key: Ontology_term, Value: ['GO:0019867']
    Key: Parent, Value: ['gene-M1627_RS05410']
    Key: gbkey, Value: ['CDS']
    Key: go_component, Value: ['outer membrane|0019867||IEA']
    Key: inference, Value: ['COORDINATES: similar to AA sequence:RefSeq:WP_012711053.1']
    Key: locus_tag, Value: ['M1627_RS05410']
    Key: phase, Value: ['0']
    Key: product, Value: ['glycine zipper 2TM domain-containing protein']
    Key: protein_id, Value: ['WP_012711053.1']
    Key: source, Value: ['Protein Homology']
    Key: transl_table, Value: ['11']

GF(glycine zipper 2TM domain-containing protein, 2780-3185 (-1))
type: CDS
location: [1060194:1060416](-)
id: cds-WP_012735861.1
qualifiers:
    Key: Dbxref, Value: ['GenBank:WP_012735861.1', 'GeneID:24764382']
    Key: ID, Value: ['cds-WP_012735861.1']
    Key: Name, Value: ['WP_012735861.1']
    Key: Parent, Value: ['gene-M1627_RS05415']
    Key: gbkey, Value: ['CDS']
    Key: inference, Value: ['COORDINATES: similar to AA sequence:RefSeq:WP_012735861.1']
    Key: locus_tag, Value: ['M1627_RS05415']
    Key: phase, Value: ['0']
    Key: product, Value: ['hypothetical protein']
    Key: protein_id, Value: ['WP_012735861.1']
    Key: source, Value: ['Protein Homology']
    Key: transl_table, Value: ['11']

GF(None, 3527-3749 (-1))
type: CDS
location: [1060451:1060670](+)
id: cds-WP_012711054.1
qualifiers:
    Key: Dbxref, Value: ['GenBank:WP_012711054.1', 'GeneID:7813429']
    Key: ID, Value: ['cds-WP_012711054.1']
    Key: Name, Value: ['WP_012711054.1']
    Key: Parent, Value: ['gene-M1627_RS05420']
    Key: gbkey, Value: ['CDS']
    Key: inference, Value: ['COORDINATES: similar to AA sequence:RefSeq:WP_012711054.1']
    Key: locus_tag, Value: ['M1627_RS05420']
    Key: phase, Value: ['0']
    Key: product, Value: ['hypothetical protein']
    Key: protein_id, Value: ['WP_012711054.1']
    Key: source, Value: ['Protein Homology']
    Key: transl_table, Value: ['11']

GF(None, 3784-4003 (1))
type: CDS
location: [1060666:1061821](+)
id: cds-WP_012711055.1
qualifiers:
    Key: Dbxref, Value: ['GenBank:WP_012711055.1', 'GeneID:7813430']
    Key: ID, Value: ['cds-WP_012711055.1']
    Key: Name, Value: ['WP_012711055.1']
    Key: Parent, Value: ['gene-M1627_RS05425']
    Key: gbkey, Value: ['CDS']
    Key: inference, Value: ['COORDINATES: similar to AA sequence:RefSeq:WP_016730759.1']
    Key: locus_tag, Value: ['M1627_RS05425']
    Key: phase, Value: ['0']
    Key: product, Value: ['RAMP superfamily CRISPR-associated protein']
    Key: protein_id, Value: ['WP_012711055.1']
    Key: source, Value: ['Protein Homology']
    Key: transl_table, Value: ['11']

GF(RAMP superfamily CRISPR-associated protein, 3999-5154 (1))
type: CDS
location: [1061817:1062135](+)
id: cds-WP_012718739.1
qualifiers:
    Key: Dbxref, Value: ['GenBank:WP_012718739.1', 'GeneID:7813431']
    Key: ID, Value: ['cds-WP_012718739.1']
    Key: Name, Value: ['WP_012718739.1']
    Key: Ontology_term, Value: ['GO:0008150', 'GO:0004190']
    Key: Parent, Value: ['gene-M1627_RS05430']
    Key: gbkey, Value: ['CDS']
    Key: go_function, Value: ['aspartic-type endopeptidase activity|0004190||IEA']
    Key: go_process, Value: ['biological_process|0008150||IEA']
    Key: inference, Value: ['COORDINATES: similar to AA sequence:RefSeq:WP_012717902.1']
    Key: locus_tag, Value: ['M1627_RS05430']
    Key: phase, Value: ['0']
    Key: product, Value: ['clan AA aspartic protease']
    Key: protein_id, Value: ['WP_012718739.1']
    Key: source, Value: ['Protein Homology']
    Key: transl_table, Value: ['11']

GF(clan AA aspartic protease, 5150-5468 (1))
type: CDS
location: [1062131:1062836](+)
id: cds-WP_012711057.1
qualifiers:
    Key: Dbxref, Value: ['GenBank:WP_012711057.1', 'GeneID:7813432']
    Key: ID, Value: ['cds-WP_012711057.1']
    Key: Name, Value: ['WP_012711057.1']
    Key: Parent, Value: ['gene-M1627_RS05435']
    Key: gbkey, Value: ['CDS']
    Key: inference, Value: ['COORDINATES: similar to AA sequence:RefSeq:WP_016730760.1']
    Key: locus_tag, Value: ['M1627_RS05435']
    Key: phase, Value: ['0']
    Key: product, Value: ['RAMP superfamily CRISPR-associated protein']
    Key: protein_id, Value: ['WP_012711057.1']
    Key: source, Value: ['Protein Homology']
    Key: transl_table, Value: ['11']

GF(RAMP superfamily CRISPR-associated protein, 5464-6169 (1))
type: CDS
location: [1062816:1063140](-)
id: cds-WP_012711058.1
qualifiers:
    Key: Dbxref, Value: ['GenBank:WP_012711058.1', 'GeneID:7813433']
    Key: ID, Value: ['cds-WP_012711058.1']
    Key: Name, Value: ['WP_012711058.1']
    Key: Parent, Value: ['gene-M1627_RS05440']
    Key: gbkey, Value: ['CDS']
    Key: inference, Value: ['COORDINATES: similar to AA sequence:RefSeq:WP_012711058.1']
    Key: locus_tag, Value: ['M1627_RS05440']
    Key: phase, Value: ['0']
    Key: product, Value: ['hypothetical protein']
    Key: protein_id, Value: ['WP_012711058.1']
    Key: source, Value: ['Protein Homology']
    Key: transl_table, Value: ['11']

GF(None, 6149-6473 (-1))
type: CDS
location: [1063175:1063877](-)
id: cds-WP_012711059.1
qualifiers:
    Key: Dbxref, Value: ['GenBank:WP_012711059.1', 'GeneID:7813434']
    Key: ID, Value: ['cds-WP_012711059.1']
    Key: Name, Value: ['WP_012711059.1']
    Key: Parent, Value: ['gene-M1627_RS05445']
    Key: gbkey, Value: ['CDS']
    Key: inference, Value: ['COORDINATES: similar to AA sequence:RefSeq:WP_012717899.1']
    Key: locus_tag, Value: ['M1627_RS05445']
    Key: phase, Value: ['0']
    Key: product, Value: ['hypothetical protein']
    Key: protein_id, Value: ['WP_012711059.1']
    Key: source, Value: ['Protein Homology']
    Key: transl_table, Value: ['11']

GF(None, 6508-7210 (-1))
type: CDS
location: [1063873:1066375](-)
id: cds-WP_012711060.1
qualifiers:
    Key: Dbxref, Value: ['GenBank:WP_012711060.1', 'GeneID:7813435']
    Key: ID, Value: ['cds-WP_012711060.1']
    Key: Name, Value: ['WP_012711060.1']
    Key: Parent, Value: ['gene-M1627_RS05450']
    Key: gbkey, Value: ['CDS']
    Key: inference, Value: ['COORDINATES: similar to AA sequence:RefSeq:WP_012711060.1']
    Key: locus_tag, Value: ['M1627_RS05450']
    Key: phase, Value: ['0']
    Key: product, Value: ['hypothetical protein']
    Key: protein_id, Value: ['WP_012711060.1']
    Key: source, Value: ['Protein Homology']
    Key: transl_table, Value: ['11']

GF(None, 7206-9708 (-1))
type: CDS
location: [1066629:1067694](-)
id: cds-WP_012711061.1
qualifiers:
    Key: Dbxref, Value: ['GenBank:WP_012711061.1', 'GeneID:7813436']
    Key: ID, Value: ['cds-WP_012711061.1']
    Key: Name, Value: ['WP_012711061.1']
    Key: Parent, Value: ['gene-M1627_RS05455']
    Key: gbkey, Value: ['CDS']
    Key: inference, Value: ['COORDINATES: similar to AA sequence:RefSeq:WP_010923528.1']
    Key: locus_tag, Value: ['M1627_RS05455']
    Key: phase, Value: ['0']
    Key: product, Value: ['glycosyltransferase']
    Key: protein_id, Value: ['WP_012711061.1']
    Key: source, Value: ['Protein Homology']
    Key: transl_table, Value: ['11']

GF(glycosyltransferase, 9962-11027 (-1))
type: CDS
location: [1068565:1068895](+)
id: cds-WP_012711062.1
qualifiers:
    Key: Dbxref, Value: ['GenBank:WP_012711062.1', 'GeneID:7813437']
    Key: ID, Value: ['cds-WP_012711062.1']
    Key: Name, Value: ['WP_012711062.1']
    Key: Parent, Value: ['gene-M1627_RS05460']
    Key: gbkey, Value: ['CDS']
    Key: inference, Value: ['COORDINATES: similar to AA sequence:RefSeq:WP_012711062.1']
    Key: locus_tag, Value: ['M1627_RS05460']
    Key: phase, Value: ['0']
    Key: product, Value: ['ATP-binding protein']
    Key: protein_id, Value: ['WP_012711062.1']
    Key: source, Value: ['Protein Homology']
    Key: transl_table, Value: ['11']

GF(ATP-binding protein, 11898-12228 (1))
type: CDS
location: [1068957:1069131](+)
id: cds-WP_014513595.1
qualifiers:
    Key: Dbxref, Value: ['GenBank:WP_014513595.1', 'GeneID:58786933']
    Key: ID, Value: ['cds-WP_014513595.1']
    Key: Name, Value: ['WP_014513595.1']
    Key: Parent, Value: ['gene-M1627_RS15430']
    Key: gbkey, Value: ['CDS']
    Key: inference, Value: ['COORDINATES: similar to AA sequence:RefSeq:WP_016732483.1']
    Key: locus_tag, Value: ['M1627_RS15430']
    Key: phase, Value: ['0']
    Key: product, Value: ['hypothetical protein']
    Key: protein_id, Value: ['WP_014513595.1']
    Key: source, Value: ['Protein Homology']
    Key: transl_table, Value: ['11']

GF(None, 12290-12464 (1))
type: CDS
location: [1069502:1069982](-)
id: cds-WP_016731306.1
qualifiers:
    Key: Dbxref, Value: ['GenBank:WP_016731306.1', 'GeneID:7813439']
    Key: ID, Value: ['cds-WP_016731306.1']
    Key: Name, Value: ['WP_016731306.1']
    Key: Parent, Value: ['gene-M1627_RS05465']
    Key: gbkey, Value: ['CDS']
    Key: inference, Value: ['COORDINATES: similar to AA sequence:RefSeq:WP_016731306.1']
    Key: locus_tag, Value: ['M1627_RS05465']
    Key: phase, Value: ['0']
    Key: product, Value: ['ATP-binding protein']
    Key: protein_id, Value: ['WP_016731306.1']
    Key: source, Value: ['Protein Homology']
    Key: transl_table, Value: ['11']

GF(ATP-binding protein, 12835-13315 (-1))
graphic feature from cctyper protein table: GF(Csm3gr7, 4000-5154 (1))
graphic feature from cctyper protein table: GF(PEPT, 5151-5468 (1))
graphic feature from cctyper protein table: GF(Csm3gr7, 5465-6169 (1))
graphic feature from cctyper protein table: GF(Csx26, 6150-6473 (-1))
graphic feature from cctyper protein table: GF(Csm4gr5, 6509-7210 (-1))
graphic feature from cctyper protein table: GF(Cas10, 7207-9708 (-1))
Index(['protein_id', 'start', 'end', 'effector', 'locus', 'sample', 'strand',
       'sequence'],
      dtype='object')
Index(['protein_id', 'start', 'end', 'effector', 'locus', 'sample', 'strand',
       'sequence'],
      dtype='object')
[GF(helix-turn-helix domain-containing protein, 505-887 (-1)), GF(DUF3800 domain-containing protein, 1362-1995 (1)), GF(PIN domain-containing protein, 2320-2791 (-1)), GF(glycine zipper 2TM domain-containing protein, 2780-3185 (-1)), GF(None, 3527-3749 (-1)), GF(None, 3784-4003 (1)), GF(RAMP superfamily CRISPR-associated protein, 3999-5154 (1)), GF(clan AA aspartic protease, 5150-5468 (1)), GF(RAMP superfamily CRISPR-associated protein, 5464-6169 (1)), GF(None, 6149-6473 (-1)), GF(None, 6508-7210 (-1)), GF(None, 7206-9708 (-1)), GF(glycosyltransferase, 9962-11027 (-1)), GF(ATP-binding protein, 11898-12228 (1)), GF(None, 12290-12464 (1)), GF(ATP-binding protein, 12835-13315 (-1)), GF(Csm3gr7, 4000-5154 (1)), GF(PEPT, 5151-5468 (1)), GF(Csm3gr7, 5465-6169 (1)), GF(Csx26, 6150-6473 (-1)), GF(Csm4gr5, 6509-7210 (-1)), GF(Cas10, 7207-9708 (-1)), GF(CRISPR-Cas locus, 4000-9708 (0))]
