Cas operons file:    Unnamed: 0         Contig  ...           locus_id           sample
0           1  NZ_CP051199.1  ...  GCF_024181245.1_1  GCF_024181245.1

[1 rows x 19 columns]
The chosen contig: NZ_CP051199.1
type: CDS
location: [886255:887170](-)
id: cds-WP_253678746.1
qualifiers:
    Key: Dbxref, Value: ['GenBank:WP_253678746.1']
    Key: ID, Value: ['cds-WP_253678746.1']
    Key: Name, Value: ['WP_253678746.1']
    Key: Parent, Value: ['gene-E4O00_RS04240']
    Key: gbkey, Value: ['CDS']
    Key: inference, Value: ['COORDINATES: similar to AA sequence:RefSeq:WP_002678903.1']
    Key: locus_tag, Value: ['E4O00_RS04240']
    Key: phase, Value: ['0']
    Key: product, Value: ['Rpn family recombination-promoting nuclease/putative transposase']
    Key: protein_id, Value: ['WP_253678746.1']
    Key: source, Value: ['Protein Homology']
    Key: transl_table, Value: ['11']

GF(Rpn family recombination-promoting nuclease/putative transposase, 214-1129 (-1))
type: CDS
location: [889977:890988](+)
id: cds-WP_256484005.1
qualifiers:
    Key: Dbxref, Value: ['GenBank:WP_256484005.1']
    Key: ID, Value: ['cds-WP_256484005.1']
    Key: Name, Value: ['WP_256484005.1']
    Key: Ontology_term, Value: ['GO:0043571', 'GO:0003674']
    Key: Parent, Value: ['gene-E4O00_RS04245']
    Key: gbkey, Value: ['CDS']
    Key: gene, Value: ['cmr1']
    Key: go_function, Value: ['molecular_function|0003674||IEA']
    Key: go_process, Value: ['maintenance of CRISPR repeat elements|0043571||IEA']
    Key: inference, Value: ['COORDINATES: protein motif:HMM:TIGR01894.1']
    Key: locus_tag, Value: ['E4O00_RS04245']
    Key: phase, Value: ['0']
    Key: product, Value: ['type III-B CRISPR module RAMP protein Cmr1']
    Key: protein_id, Value: ['WP_256484005.1']
    Key: source, Value: ['Protein Homology']
    Key: transl_table, Value: ['11']

GF(type III-B CRISPR module RAMP protein Cmr1, 3936-4947 (1))
type: CDS
location: [890977:893758](+)
id: cds-WP_253678748.1
qualifiers:
    Key: Dbxref, Value: ['GenBank:WP_253678748.1']
    Key: ID, Value: ['cds-WP_253678748.1']
    Key: Name, Value: ['WP_253678748.1']
    Key: Ontology_term, Value: ['GO:0043571', 'GO:0003674']
    Key: Parent, Value: ['gene-E4O00_RS04250']
    Key: gbkey, Value: ['CDS']
    Key: gene, Value: ['cas10']
    Key: go_function, Value: ['molecular_function|0003674||IEA']
    Key: go_process, Value: ['maintenance of CRISPR repeat elements|0043571||IEA']
    Key: inference, Value: ['COORDINATES: protein motif:HMM:TIGR02577.1']
    Key: locus_tag, Value: ['E4O00_RS04250']
    Key: phase, Value: ['0']
    Key: product, Value: ['type III-B CRISPR-associated protein Cas10/Cmr2']
    Key: protein_id, Value: ['WP_253678748.1']
    Key: source, Value: ['Protein Homology']
    Key: transl_table, Value: ['11']

GF(type III-B CRISPR-associated protein Cas10/Cmr2, 4936-7717 (1))
type: CDS
location: [893754:894750](+)
id: cds-WP_253678749.1
qualifiers:
    Key: Dbxref, Value: ['GenBank:WP_253678749.1']
    Key: ID, Value: ['cds-WP_253678749.1']
    Key: Name, Value: ['WP_253678749.1']
    Key: Parent, Value: ['gene-E4O00_RS04255']
    Key: gbkey, Value: ['CDS']
    Key: inference, Value: ['COORDINATES: protein motif:HMM:NF021236.2']
    Key: locus_tag, Value: ['E4O00_RS04255']
    Key: phase, Value: ['0']
    Key: product, Value: ['type III-B CRISPR module-associated Cmr3 family protein']
    Key: protein_id, Value: ['WP_253678749.1']
    Key: source, Value: ['Protein Homology']
    Key: transl_table, Value: ['11']

GF(type III-B CRISPR module-associated Cmr3 family protein, 7713-8709 (1))
type: CDS
location: [894768:895686](+)
id: cds-WP_253678750.1
qualifiers:
    Key: Dbxref, Value: ['GenBank:WP_253678750.1']
    Key: ID, Value: ['cds-WP_253678750.1']
    Key: Name, Value: ['WP_253678750.1']
    Key: Ontology_term, Value: ['GO:0043571', 'GO:0003674']
    Key: Parent, Value: ['gene-E4O00_RS04260']
    Key: gbkey, Value: ['CDS']
    Key: gene, Value: ['cmr4']
    Key: go_function, Value: ['molecular_function|0003674||IEA']
    Key: go_process, Value: ['maintenance of CRISPR repeat elements|0043571||IEA']
    Key: inference, Value: ['COORDINATES: protein motif:HMM:TIGR02580.1']
    Key: locus_tag, Value: ['E4O00_RS04260']
    Key: phase, Value: ['0']
    Key: product, Value: ['type III-B CRISPR module RAMP protein Cmr4']
    Key: protein_id, Value: ['WP_253678750.1']
    Key: source, Value: ['Protein Homology']
    Key: transl_table, Value: ['11']

GF(type III-B CRISPR module RAMP protein Cmr4, 8727-9645 (1))
type: CDS
location: [895696:896080](+)
id: cds-WP_253678751.1
qualifiers:
    Key: Dbxref, Value: ['GenBank:WP_253678751.1']
    Key: ID, Value: ['cds-WP_253678751.1']
    Key: Name, Value: ['WP_253678751.1']
    Key: Ontology_term, Value: ['GO:0043571', 'GO:0003674']
    Key: Parent, Value: ['gene-E4O00_RS04265']
    Key: gbkey, Value: ['CDS']
    Key: gene, Value: ['cmr5']
    Key: go_function, Value: ['molecular_function|0003674||IEA']
    Key: go_process, Value: ['maintenance of CRISPR repeat elements|0043571||IEA']
    Key: inference, Value: ['COORDINATES: protein motif:HMM:TIGR01881.1']
    Key: locus_tag, Value: ['E4O00_RS04265']
    Key: phase, Value: ['0']
    Key: product, Value: ['type III-B CRISPR module-associated protein Cmr5']
    Key: protein_id, Value: ['WP_253678751.1']
    Key: source, Value: ['Protein Homology']
    Key: transl_table, Value: ['11']

GF(type III-B CRISPR module-associated protein Cmr5, 9655-10039 (1))
type: CDS
location: [896092:897340](+)
id: cds-WP_253678752.1
qualifiers:
    Key: Dbxref, Value: ['GenBank:WP_253678752.1']
    Key: ID, Value: ['cds-WP_253678752.1']
    Key: Name, Value: ['WP_253678752.1']
    Key: Ontology_term, Value: ['GO:0043571', 'GO:0003674']
    Key: Parent, Value: ['gene-E4O00_RS04270']
    Key: gbkey, Value: ['CDS']
    Key: gene, Value: ['cmr6']
    Key: go_function, Value: ['molecular_function|0003674||IEA']
    Key: go_process, Value: ['maintenance of CRISPR repeat elements|0043571||IEA']
    Key: inference, Value: ['COORDINATES: protein motif:HMM:NF015728.2']
    Key: locus_tag, Value: ['E4O00_RS04270']
    Key: phase, Value: ['0']
    Key: product, Value: ['type III-B CRISPR module RAMP protein Cmr6']
    Key: protein_id, Value: ['WP_253678752.1']
    Key: source, Value: ['Protein Homology']
    Key: transl_table, Value: ['11']

GF(type III-B CRISPR module RAMP protein Cmr6, 10051-11299 (1))
type: CDS
location: [897432:898662](+)
id: cds-WP_253678753.1
qualifiers:
    Key: Dbxref, Value: ['GenBank:WP_253678753.1']
    Key: ID, Value: ['cds-WP_253678753.1']
    Key: Name, Value: ['WP_253678753.1']
    Key: Ontology_term, Value: ['GO:0043571', 'GO:0003674']
    Key: Parent, Value: ['gene-E4O00_RS04275']
    Key: gbkey, Value: ['CDS']
    Key: gene, Value: ['csx2']
    Key: go_function, Value: ['molecular_function|0003674||IEA']
    Key: go_process, Value: ['maintenance of CRISPR repeat elements|0043571||IEA']
    Key: inference, Value: ['COORDINATES: protein motif:HMM:NF021006.2']
    Key: locus_tag, Value: ['E4O00_RS04275']
    Key: phase, Value: ['0']
    Key: product, Value: ['TIGR02221 family CRISPR-associated protein']
    Key: protein_id, Value: ['WP_253678753.1']
    Key: source, Value: ['Protein Homology']
    Key: transl_table, Value: ['11']

GF(TIGR02221 family CRISPR-associated protein, 11391-12621 (1))
type: CDS
location: [898794:900195](+)
id: cds-WP_253678754.1
qualifiers:
    Key: Dbxref, Value: ['GenBank:WP_253678754.1']
    Key: ID, Value: ['cds-WP_253678754.1']
    Key: Name, Value: ['WP_253678754.1']
    Key: Parent, Value: ['gene-E4O00_RS04280']
    Key: gbkey, Value: ['CDS']
    Key: inference, Value: ['COORDINATES: similar to AA sequence:RefSeq:WP_010695911.1']
    Key: locus_tag, Value: ['E4O00_RS04280']
    Key: phase, Value: ['0']
    Key: product, Value: ['aspartate ammonia-lyase']
    Key: protein_id, Value: ['WP_253678754.1']
    Key: source, Value: ['Protein Homology']
    Key: transl_table, Value: ['11']

GF(aspartate ammonia-lyase, 12753-14154 (1))
type: CDS
location: [900196:901405](-)
id: cds-WP_253678755.1
qualifiers:
    Key: Dbxref, Value: ['GenBank:WP_253678755.1']
    Key: ID, Value: ['cds-WP_253678755.1']
    Key: Name, Value: ['WP_253678755.1']
    Key: Ontology_term, Value: ['GO:0015288', 'GO:0042834']
    Key: Parent, Value: ['gene-E4O00_RS04285']
    Key: gbkey, Value: ['CDS']
    Key: go_function, Value: ['porin activity|0015288||IEA', 'peptidoglycan binding|0042834||IEA']
    Key: inference, Value: ['COORDINATES: similar to AA sequence:RefSeq:WP_010695913.1']
    Key: locus_tag, Value: ['E4O00_RS04285']
    Key: phase, Value: ['0']
    Key: product, Value: ['OmpA family protein']
    Key: protein_id, Value: ['WP_253678755.1']
    Key: source, Value: ['Protein Homology']
    Key: transl_table, Value: ['11']

GF(OmpA family protein, 14155-15364 (-1))
type: CDS
location: [901421:902300](-)
id: cds-WP_253678756.1
qualifiers:
    Key: Dbxref, Value: ['GenBank:WP_253678756.1']
    Key: ID, Value: ['cds-WP_253678756.1']
    Key: Name, Value: ['WP_253678756.1']
    Key: Parent, Value: ['gene-E4O00_RS04290']
    Key: gbkey, Value: ['CDS']
    Key: inference, Value: ['COORDINATES: similar to AA sequence:RefSeq:WP_002676277.1']
    Key: locus_tag, Value: ['E4O00_RS04290']
    Key: phase, Value: ['0']
    Key: product, Value: ['Rpn family recombination-promoting nuclease/putative transposase']
    Key: protein_id, Value: ['WP_253678756.1']
    Key: source, Value: ['Protein Homology']
    Key: transl_table, Value: ['11']

GF(Rpn family recombination-promoting nuclease/putative transposase, 15380-16259 (-1))
type: repeat_region
location: [887568:889744](+)
id: NZ_CP051199.1_5
qualifiers:
    Key: Dbxref, Value: ['SO:0001459']
    Key: ID, Value: ['NZ_CP051199.1_5']
    Key: Note, Value: ['GTATAAATTTTAGACCTGACTTAAGGGATTACGAC']
    Key: Ontology_term, Value: ['CRISPR']
    Key: score, Value: ['2176']
    Key: source, Value: ['CCTyper']

GF(Repeat region, 1527-3703 (0))
graphic feature from cctyper protein table: GF(Cas10, 4937-7717 (1))
graphic feature from cctyper protein table: GF(Cmr3gr5, 7714-8709 (1))
graphic feature from cctyper protein table: GF(Cmr4gr7, 8728-9645 (1))
graphic feature from cctyper protein table: GF(Cmr5gr11, 9656-10039 (1))
graphic feature from cctyper protein table: GF(Cmr6gr7, 10052-11299 (1))
graphic feature from cctyper protein table: GF(Csx1, 11392-12621 (1))
Index(['protein_id', 'start', 'end', 'effector', 'locus', 'sample', 'strand',
       'sequence', 'type'],
      dtype='object')
graphic feature from known effectors: GF(csx1, 11392-12621 (1))
Index(['protein_id', 'start', 'end', 'effector', 'locus', 'sample', 'strand',
       'sequence'],
      dtype='object')
[GF(Rpn family recombination-promoting nuclease/putative transposase, 214-1129 (-1)), GF(type III-B CRISPR module RAMP protein Cmr1, 3936-4947 (1)), GF(type III-B CRISPR-associated protein Cas10/Cmr2, 4936-7717 (1)), GF(type III-B CRISPR module-associated Cmr3 family protein, 7713-8709 (1)), GF(type III-B CRISPR module RAMP protein Cmr4, 8727-9645 (1)), GF(type III-B CRISPR module-associated protein Cmr5, 9655-10039 (1)), GF(type III-B CRISPR module RAMP protein Cmr6, 10051-11299 (1)), GF(TIGR02221 family CRISPR-associated protein, 11391-12621 (1)), GF(aspartate ammonia-lyase, 12753-14154 (1)), GF(OmpA family protein, 14155-15364 (-1)), GF(Rpn family recombination-promoting nuclease/putative transposase, 15380-16259 (-1)), GF(Repeat region, 1527-3703 (0)), GF(Cas10, 4937-7717 (1)), GF(Cmr3gr5, 7714-8709 (1)), GF(Cmr4gr7, 8728-9645 (1)), GF(Cmr5gr11, 9656-10039 (1)), GF(Cmr6gr7, 10052-11299 (1)), GF(Csx1, 11392-12621 (1)), GF(csx1, 11392-12621 (1)), GF(CRISPR-Cas locus, 4000-12621 (0))]
