Cas operons file:    Unnamed: 0       Contig  ...           locus_id           sample
0           3  NC_013407.1  ...  GCF_000024625.1_3  GCF_000024625.1

[1 rows x 19 columns]
The chosen contig: NC_013407.1
type: CDS
location: [1287845:1288301](+)
id: cds-WP_015733363.1
qualifiers:
    Key: Dbxref, Value: ['GenBank:WP_015733363.1', 'GeneID:8513631']
    Key: ID, Value: ['cds-WP_015733363.1']
    Key: Name, Value: ['WP_015733363.1']
    Key: Parent, Value: ['gene-METVU_RS06320']
    Key: gbkey, Value: ['CDS']
    Key: inference, Value: ['COORDINATES: similar to AA sequence:RefSeq:WP_004592900.1']
    Key: locus_tag, Value: ['METVU_RS06320']
    Key: phase, Value: ['0']
    Key: product, Value: ['hypothetical protein']
    Key: protein_id, Value: ['WP_015733363.1']
    Key: source, Value: ['Protein Homology']
    Key: transl_table, Value: ['11']

GF(None, 415-871 (1))
type: CDS
location: [1288324:1291309](+)
id: cds-WP_015733364.1
qualifiers:
    Key: Dbxref, Value: ['GenBank:WP_015733364.1', 'GeneID:8513632']
    Key: ID, Value: ['cds-WP_015733364.1']
    Key: Name, Value: ['WP_015733364.1']
    Key: Ontology_term, Value: ['GO:0005524', 'GO:0140658']
    Key: Parent, Value: ['gene-METVU_RS06325']
    Key: gbkey, Value: ['CDS']
    Key: go_function, Value: ['ATP binding|0005524||IEA', 'ATP-dependent chromatin remodeler activity|0140658||IEA']
    Key: inference, Value: ['COORDINATES: similar to AA sequence:RefSeq:WP_004592898.1']
    Key: locus_tag, Value: ['METVU_RS06325']
    Key: phase, Value: ['0']
    Key: product, Value: ['SNF2-related protein']
    Key: protein_id, Value: ['WP_015733364.1']
    Key: source, Value: ['Protein Homology']
    Key: transl_table, Value: ['11']

GF(SNF2-related protein, 894-3879 (1))
type: CDS
location: [1291429:1292581](+)
id: cds-WP_015733365.1
qualifiers:
    Key: Dbxref, Value: ['GenBank:WP_015733365.1', 'GeneID:8513633']
    Key: ID, Value: ['cds-WP_015733365.1']
    Key: Name, Value: ['WP_015733365.1']
    Key: Ontology_term, Value: ['GO:0043571', 'GO:0003674']
    Key: Parent, Value: ['gene-METVU_RS06330']
    Key: gbkey, Value: ['CDS']
    Key: gene, Value: ['cmr1']
    Key: go_function, Value: ['molecular_function|0003674||IEA']
    Key: go_process, Value: ['maintenance of CRISPR repeat elements|0043571||IEA']
    Key: inference, Value: ['COORDINATES: similar to AA sequence:RefSeq:WP_015790853.1']
    Key: locus_tag, Value: ['METVU_RS06330']
    Key: phase, Value: ['0']
    Key: product, Value: ['type III-B CRISPR module RAMP protein Cmr1']
    Key: protein_id, Value: ['WP_015733365.1']
    Key: source, Value: ['Protein Homology']
    Key: transl_table, Value: ['11']

GF(type III-B CRISPR module RAMP protein Cmr1, 3999-5151 (1))
type: CDS
location: [1292573:1293845](+)
id: cds-WP_015733366.1
qualifiers:
    Key: Dbxref, Value: ['GenBank:WP_015733366.1', 'GeneID:8513634']
    Key: ID, Value: ['cds-WP_015733366.1']
    Key: Name, Value: ['WP_015733366.1']
    Key: Parent, Value: ['gene-METVU_RS06335']
    Key: gbkey, Value: ['CDS']
    Key: inference, Value: ['COORDINATES: similar to AA sequence:RefSeq:WP_015790854.1']
    Key: locus_tag, Value: ['METVU_RS06335']
    Key: phase, Value: ['0']
    Key: product, Value: ['RAMP superfamily CRISPR-associated protein']
    Key: protein_id, Value: ['WP_015733366.1']
    Key: source, Value: ['Protein Homology']
    Key: transl_table, Value: ['11']

GF(RAMP superfamily CRISPR-associated protein, 5143-6415 (1))
type: CDS
location: [1293825:1297419](+)
id: cds-WP_015733367.1
qualifiers:
    Key: Dbxref, Value: ['GenBank:WP_015733367.1', 'GeneID:8513635']
    Key: ID, Value: ['cds-WP_015733367.1']
    Key: Name, Value: ['WP_015733367.1']
    Key: Ontology_term, Value: ['GO:0043571', 'GO:0003674', 'GO:0005575']
    Key: Parent, Value: ['gene-METVU_RS06340']
    Key: gbkey, Value: ['CDS']
    Key: go_component, Value: ['cellular_component|0005575||IEA']
    Key: go_function, Value: ['molecular_function|0003674||IEA']
    Key: go_process, Value: ['maintenance of CRISPR repeat elements|0043571||IEA']
    Key: inference, Value: ['COORDINATES: similar to AA sequence:RefSeq:WP_015790856.1']
    Key: locus_tag, Value: ['METVU_RS06340']
    Key: phase, Value: ['0']
    Key: product, Value: ['CRISPR-associated protein Csx11']
    Key: protein_id, Value: ['WP_015733367.1']
    Key: source, Value: ['Protein Homology']
    Key: transl_table, Value: ['11']

GF(CRISPR-associated protein Csx11, 6395-9989 (1))
type: CDS
location: [1297431:1297878](+)
id: cds-WP_015733368.1
qualifiers:
    Key: Dbxref, Value: ['GenBank:WP_015733368.1', 'GeneID:8513636']
    Key: ID, Value: ['cds-WP_015733368.1']
    Key: Name, Value: ['WP_015733368.1']
    Key: Parent, Value: ['gene-METVU_RS06345']
    Key: gbkey, Value: ['CDS']
    Key: inference, Value: ['COORDINATES: protein motif:HMM:NF017868.2']
    Key: locus_tag, Value: ['METVU_RS06345']
    Key: phase, Value: ['0']
    Key: product, Value: ['gamma-glutamylcyclotransferase family protein']
    Key: protein_id, Value: ['WP_015733368.1']
    Key: source, Value: ['Protein Homology']
    Key: transl_table, Value: ['11']

GF(gamma-glutamylcyclotransferase family protein, 10001-10448 (1))
type: CDS
location: [1297867:1298956](+)
id: cds-WP_015733369.1
qualifiers:
    Key: Dbxref, Value: ['GenBank:WP_015733369.1', 'GeneID:8513637']
    Key: ID, Value: ['cds-WP_015733369.1']
    Key: Name, Value: ['WP_015733369.1']
    Key: Parent, Value: ['gene-METVU_RS06350']
    Key: gbkey, Value: ['CDS']
    Key: inference, Value: ['COORDINATES: similar to AA sequence:RefSeq:WP_013099579.1']
    Key: locus_tag, Value: ['METVU_RS06350']
    Key: phase, Value: ['0']
    Key: product, Value: ['RAMP superfamily CRISPR-associated protein']
    Key: protein_id, Value: ['WP_015733369.1']
    Key: source, Value: ['Protein Homology']
    Key: transl_table, Value: ['11']

GF(RAMP superfamily CRISPR-associated protein, 10437-11526 (1))
type: CDS
location: [1298992:1299361](+)
id: cds-WP_015733370.1
qualifiers:
    Key: Dbxref, Value: ['GenBank:WP_015733370.1', 'GeneID:8513638']
    Key: ID, Value: ['cds-WP_015733370.1']
    Key: Name, Value: ['WP_015733370.1']
    Key: Parent, Value: ['gene-METVU_RS06355']
    Key: gbkey, Value: ['CDS']
    Key: inference, Value: ['COORDINATES: ab initio prediction:GeneMarkS-2+']
    Key: locus_tag, Value: ['METVU_RS06355']
    Key: phase, Value: ['0']
    Key: product, Value: ['hypothetical protein']
    Key: protein_id, Value: ['WP_015733370.1']
    Key: source, Value: ['GeneMarkS-2+']
    Key: transl_table, Value: ['11']

GF(None, 11562-11931 (1))
type: CDS
location: [1299360:1300203](+)
id: cds-WP_015733371.1
qualifiers:
    Key: Dbxref, Value: ['GenBank:WP_015733371.1', 'GeneID:8513639']
    Key: ID, Value: ['cds-WP_015733371.1']
    Key: Name, Value: ['WP_015733371.1']
    Key: Parent, Value: ['gene-METVU_RS06360']
    Key: gbkey, Value: ['CDS']
    Key: inference, Value: ['COORDINATES: similar to AA sequence:RefSeq:WP_015790859.1']
    Key: locus_tag, Value: ['METVU_RS06360']
    Key: phase, Value: ['0']
    Key: product, Value: ['hypothetical protein']
    Key: protein_id, Value: ['WP_015733371.1']
    Key: source, Value: ['Protein Homology']
    Key: transl_table, Value: ['11']

GF(None, 11930-12773 (1))
type: CDS
location: [1300254:1301883](-)
id: cds-WP_015733372.1
qualifiers:
    Key: Dbxref, Value: ['GenBank:WP_015733372.1', 'GeneID:8513640']
    Key: ID, Value: ['cds-WP_015733372.1']
    Key: Name, Value: ['WP_015733372.1']
    Key: Ontology_term, Value: ['GO:0016887', 'GO:0140662']
    Key: Parent, Value: ['gene-METVU_RS06365']
    Key: gbkey, Value: ['CDS']
    Key: gene, Value: ['thsB']
    Key: go_function, Value: ['ATP hydrolysis activity|0016887||IEA', 'ATP-dependent protein folding chaperone|0140662||IEA']
    Key: inference, Value: ['COORDINATES: similar to AA sequence:RefSeq:WP_010870512.1']
    Key: locus_tag, Value: ['METVU_RS06365']
    Key: phase, Value: ['0']
    Key: product, Value: ['thermosome subunit beta']
    Key: protein_id, Value: ['WP_015733372.1']
    Key: source, Value: ['Protein Homology']
    Key: transl_table, Value: ['11']

GF(thermosome subunit beta, 12824-14453 (-1))
type: CDS
location: [1302251:1303496](+)
id: cds-WP_015733373.1
qualifiers:
    Key: Dbxref, Value: ['GenBank:WP_015733373.1', 'GeneID:8513641']
    Key: ID, Value: ['cds-WP_015733373.1']
    Key: Name, Value: ['WP_015733373.1']
    Key: Ontology_term, Value: ['GO:0006427', 'GO:0004821', 'GO:0005737']
    Key: Parent, Value: ['gene-METVU_RS06370']
    Key: gbkey, Value: ['CDS']
    Key: gene, Value: ['hisS']
    Key: go_component, Value: ['cytoplasm|0005737||IEA']
    Key: go_function, Value: ['histidine-tRNA ligase activity|0004821||IEA']
    Key: go_process, Value: ['histidyl-tRNA aminoacylation|0006427||IEA']
    Key: inference, Value: ['COORDINATES: similar to AA sequence:RefSeq:WP_015791773.1']
    Key: locus_tag, Value: ['METVU_RS06370']
    Key: phase, Value: ['0']
    Key: product, Value: ['histidine--tRNA ligase']
    Key: protein_id, Value: ['WP_015733373.1']
    Key: source, Value: ['Protein Homology']
    Key: transl_table, Value: ['11']

GF(histidine--tRNA ligase, 14821-16066 (1))
graphic feature from cctyper protein table: GF(Cmr1, 4000-5151 (1))
graphic feature from cctyper protein table: GF(Cmr6gr7, 5144-6415 (1))
graphic feature from cctyper protein table: GF(Cas10, 6396-9989 (1))
graphic feature from cctyper protein table: GF(Cmr4gr7, 10438-11526 (1))
graphic feature from cctyper protein table: GF(Cmr5gr11, 11563-11931 (1))
graphic feature from cctyper protein table: GF(Cmr3, 11931-12773 (1))
Index(['protein_id', 'start', 'end', 'effector', 'locus', 'sample', 'strand',
       'sequence'],
      dtype='object')
Index(['protein_id', 'start', 'end', 'effector', 'locus', 'sample', 'strand',
       'sequence'],
      dtype='object')
[GF(None, 415-871 (1)), GF(SNF2-related protein, 894-3879 (1)), GF(type III-B CRISPR module RAMP protein Cmr1, 3999-5151 (1)), GF(RAMP superfamily CRISPR-associated protein, 5143-6415 (1)), GF(CRISPR-associated protein Csx11, 6395-9989 (1)), GF(gamma-glutamylcyclotransferase family protein, 10001-10448 (1)), GF(RAMP superfamily CRISPR-associated protein, 10437-11526 (1)), GF(None, 11562-11931 (1)), GF(None, 11930-12773 (1)), GF(thermosome subunit beta, 12824-14453 (-1)), GF(histidine--tRNA ligase, 14821-16066 (1)), GF(Cmr1, 4000-5151 (1)), GF(Cmr6gr7, 5144-6415 (1)), GF(Cas10, 6396-9989 (1)), GF(Cmr4gr7, 10438-11526 (1)), GF(Cmr5gr11, 11563-11931 (1)), GF(Cmr3, 11931-12773 (1)), GF(CRISPR-Cas locus, 4000-12773 (0))]
