Cas operons file:    Unnamed: 0         Contig  ...           locus_id           sample
0           8  NZ_CP040094.1  ...  GCF_013343235.1_8  GCF_013343235.1

[1 rows x 19 columns]
The chosen contig: NZ_CP040094.1
type: CDS
location: [5351966:5352149](-)
id: cds-WP_174711554.1
qualifiers:
    Key: Dbxref, Value: ['GenBank:WP_174711554.1']
    Key: ID, Value: ['cds-WP_174711554.1']
    Key: Name, Value: ['WP_174711554.1']
    Key: Parent, Value: ['gene-FBB35_RS22905']
    Key: gbkey, Value: ['CDS']
    Key: inference, Value: ['COORDINATES: ab initio prediction:GeneMarkS-2+']
    Key: locus_tag, Value: ['FBB35_RS22905']
    Key: phase, Value: ['0']
    Key: product, Value: ['hypothetical protein']
    Key: protein_id, Value: ['WP_174711554.1']
    Key: source, Value: ['GeneMarkS-2+']
    Key: transl_table, Value: ['11']

GF(None, 1169-1352 (-1))
type: CDS
location: [5352123:5352291](-)
id: cds-WP_174707968.1
qualifiers:
    Key: Dbxref, Value: ['GenBank:WP_174707968.1']
    Key: ID, Value: ['cds-WP_174707968.1']
    Key: Name, Value: ['WP_174707968.1']
    Key: Parent, Value: ['gene-FBB35_RS22910']
    Key: gbkey, Value: ['CDS']
    Key: inference, Value: ['COORDINATES: ab initio prediction:GeneMarkS-2+']
    Key: locus_tag, Value: ['FBB35_RS22910']
    Key: phase, Value: ['0']
    Key: product, Value: ['hypothetical protein']
    Key: protein_id, Value: ['WP_174707968.1']
    Key: source, Value: ['GeneMarkS-2+']
    Key: transl_table, Value: ['11']

GF(None, 1326-1494 (-1))
type: CDS
location: [5352489:5353986](-)
id: cds-WP_254625672.1
qualifiers:
    Key: Dbxref, Value: ['GenBank:WP_254625672.1']
    Key: ID, Value: ['cds-WP_254625672.1']
    Key: Name, Value: ['WP_254625672.1']
    Key: Parent, Value: ['gene-FBB35_RS35005']
    Key: gbkey, Value: ['CDS']
    Key: inference, Value: ['COORDINATES: protein motif:HMM:NF013729.2']
    Key: locus_tag, Value: ['FBB35_RS35005']
    Key: phase, Value: ['0']
    Key: product, Value: ['GUN4 domain-containing protein']
    Key: protein_id, Value: ['WP_254625672.1']
    Key: source, Value: ['Protein Homology']
    Key: transl_table, Value: ['11']

GF(GUN4 domain-containing protein, 1692-3189 (-1))
type: CDS
location: [5354268:5354493](+)
id: cds-WP_012407913.1
qualifiers:
    Key: Dbxref, Value: ['GenBank:WP_012407913.1']
    Key: ID, Value: ['cds-WP_012407913.1']
    Key: Name, Value: ['WP_012407913.1']
    Key: Parent, Value: ['gene-FBB35_RS22925']
    Key: gbkey, Value: ['CDS']
    Key: inference, Value: ['COORDINATES: similar to AA sequence:RefSeq:WP_016516721.1']
    Key: locus_tag, Value: ['FBB35_RS22925']
    Key: phase, Value: ['0']
    Key: product, Value: ['ferredoxin family protein']
    Key: protein_id, Value: ['WP_012407913.1']
    Key: source, Value: ['Protein Homology']
    Key: transl_table, Value: ['11']

GF(ferredoxin family protein, 3471-3696 (1))
type: CDS
location: [5354796:5355525](+)
id: cds-WP_174711555.1
qualifiers:
    Key: Dbxref, Value: ['GenBank:WP_174711555.1']
    Key: ID, Value: ['cds-WP_174711555.1']
    Key: Name, Value: ['WP_174711555.1']
    Key: Ontology_term, Value: ['GO:0005524', 'GO:0016887', 'GO:0042626', 'GO:0140359']
    Key: Parent, Value: ['gene-FBB35_RS22930']
    Key: gbkey, Value: ['CDS']
    Key: go_function, Value: ['ATP binding|0005524||IEA', 'ATP hydrolysis activity|0016887||IEA', 'ATPase-coupled transmembrane transporter activity|0042626||IEA', 'ABC-type transporter activity|0140359||IEA']
    Key: inference, Value: ['COORDINATES: similar to AA sequence:RefSeq:WP_016862919.1']
    Key: locus_tag, Value: ['FBB35_RS22930']
    Key: phase, Value: ['0']
    Key: product, Value: ['ABC transporter ATP-binding protein']
    Key: protein_id, Value: ['WP_174711555.1']
    Key: source, Value: ['Protein Homology']
    Key: transl_table, Value: ['11']

GF(ABC transporter ATP-binding protein, 3999-4728 (1))
type: CDS
location: [5356557:5356983](+)
id: cds-FBB35_RS35010
qualifiers:
    Key: ID, Value: ['cds-FBB35_RS35010']
    Key: Note, Value: ['internal stop; incomplete; partial in the middle of a contig; missing C-terminus']
    Key: Parent, Value: ['gene-FBB35_RS35010']
    Key: end_range, Value: ['5356983', '.']
    Key: gbkey, Value: ['CDS']
    Key: inference, Value: ['COORDINATES: similar to AA sequence:RefSeq:WP_012264372.1']
    Key: locus_tag, Value: ['FBB35_RS35010']
    Key: partial, Value: ['true']
    Key: phase, Value: ['0']
    Key: product, Value: ['DUF4277 domain-containing protein']
    Key: pseudo, Value: ['true']
    Key: source, Value: ['Protein Homology']
    Key: transl_table, Value: ['11']

GF(DUF4277 domain-containing protein, 5760-6186 (1))
type: CDS
location: [5357412:5358180](-)
id: cds-WP_174711556.1
qualifiers:
    Key: Dbxref, Value: ['GenBank:WP_174711556.1']
    Key: ID, Value: ['cds-WP_174711556.1']
    Key: Name, Value: ['WP_174711556.1']
    Key: Parent, Value: ['gene-FBB35_RS22945']
    Key: gbkey, Value: ['CDS']
    Key: gene, Value: ['cas6']
    Key: inference, Value: ['COORDINATES: similar to AA sequence:RefSeq:WP_009756705.1']
    Key: locus_tag, Value: ['FBB35_RS22945']
    Key: phase, Value: ['0']
    Key: product, Value: ['CRISPR system precrRNA processing endoribonuclease RAMP protein Cas6']
    Key: protein_id, Value: ['WP_174711556.1']
    Key: source, Value: ['Protein Homology']
    Key: transl_table, Value: ['11']

GF(CRISPR system precrRNA processing endoribonuclease RAMP protein Cas6, 6615-7383 (-1))
type: CDS
location: [5358183:5359464](-)
id: cds-WP_174711557.1
qualifiers:
    Key: Dbxref, Value: ['GenBank:WP_174711557.1']
    Key: ID, Value: ['cds-WP_174711557.1']
    Key: Name, Value: ['WP_174711557.1']
    Key: Ontology_term, Value: ['GO:0043571', 'GO:0003674']
    Key: Parent, Value: ['gene-FBB35_RS22950']
    Key: gbkey, Value: ['CDS']
    Key: gene, Value: ['csm5']
    Key: go_function, Value: ['molecular_function|0003674||IEA']
    Key: go_process, Value: ['maintenance of CRISPR repeat elements|0043571||IEA']
    Key: inference, Value: ['COORDINATES: similar to AA sequence:RefSeq:WP_016873401.1']
    Key: locus_tag, Value: ['FBB35_RS22950']
    Key: phase, Value: ['0']
    Key: product, Value: ['type III-A CRISPR-associated RAMP protein Csm5']
    Key: protein_id, Value: ['WP_174711557.1']
    Key: source, Value: ['Protein Homology']
    Key: transl_table, Value: ['11']

GF(type III-A CRISPR-associated RAMP protein Csm5, 7386-8667 (-1))
type: CDS
location: [5359479:5360595](-)
id: cds-WP_174711558.1
qualifiers:
    Key: Dbxref, Value: ['GenBank:WP_174711558.1']
    Key: ID, Value: ['cds-WP_174711558.1']
    Key: Name, Value: ['WP_174711558.1']
    Key: Ontology_term, Value: ['GO:0043571', 'GO:0003674']
    Key: Parent, Value: ['gene-FBB35_RS22955']
    Key: gbkey, Value: ['CDS']
    Key: gene, Value: ['csm4']
    Key: go_function, Value: ['molecular_function|0003674||IEA']
    Key: go_process, Value: ['maintenance of CRISPR repeat elements|0043571||IEA']
    Key: inference, Value: ['COORDINATES: similar to AA sequence:RefSeq:WP_016873402.1']
    Key: locus_tag, Value: ['FBB35_RS22955']
    Key: phase, Value: ['0']
    Key: product, Value: ['type III-A CRISPR-associated RAMP protein Csm4']
    Key: protein_id, Value: ['WP_174711558.1']
    Key: source, Value: ['Protein Homology']
    Key: transl_table, Value: ['11']

GF(type III-A CRISPR-associated RAMP protein Csm4, 8682-9798 (-1))
type: CDS
location: [5360597:5361587](-)
id: cds-WP_174711559.1
qualifiers:
    Key: Dbxref, Value: ['GenBank:WP_174711559.1']
    Key: ID, Value: ['cds-WP_174711559.1']
    Key: Name, Value: ['WP_174711559.1']
    Key: Ontology_term, Value: ['GO:0043571', 'GO:0003674']
    Key: Parent, Value: ['gene-FBB35_RS22960']
    Key: gbkey, Value: ['CDS']
    Key: gene, Value: ['csm3']
    Key: go_function, Value: ['molecular_function|0003674||IEA']
    Key: go_process, Value: ['maintenance of CRISPR repeat elements|0043571||IEA']
    Key: inference, Value: ['COORDINATES: similar to AA sequence:RefSeq:WP_016873403.1']
    Key: locus_tag, Value: ['FBB35_RS22960']
    Key: phase, Value: ['0']
    Key: product, Value: ['type III-A CRISPR-associated RAMP protein Csm3']
    Key: protein_id, Value: ['WP_174711559.1']
    Key: source, Value: ['Protein Homology']
    Key: transl_table, Value: ['11']

GF(type III-A CRISPR-associated RAMP protein Csm3, 9800-10790 (-1))
type: CDS
location: [5361589:5362177](-)
id: cds-WP_174711560.1
qualifiers:
    Key: Dbxref, Value: ['GenBank:WP_174711560.1']
    Key: ID, Value: ['cds-WP_174711560.1']
    Key: Name, Value: ['WP_174711560.1']
    Key: Ontology_term, Value: ['GO:0043571', 'GO:0003674']
    Key: Parent, Value: ['gene-FBB35_RS22965']
    Key: gbkey, Value: ['CDS']
    Key: gene, Value: ['csm2']
    Key: go_function, Value: ['molecular_function|0003674||IEA']
    Key: go_process, Value: ['maintenance of CRISPR repeat elements|0043571||IEA']
    Key: inference, Value: ['COORDINATES: similar to AA sequence:RefSeq:WP_015115033.1']
    Key: locus_tag, Value: ['FBB35_RS22965']
    Key: phase, Value: ['0']
    Key: product, Value: ['type III-A CRISPR-associated protein Csm2']
    Key: protein_id, Value: ['WP_174711560.1']
    Key: source, Value: ['Protein Homology']
    Key: transl_table, Value: ['11']

GF(type III-A CRISPR-associated protein Csm2, 10792-11380 (-1))
type: CDS
location: [5362178:5364533](-)
id: cds-WP_174711561.1
qualifiers:
    Key: Dbxref, Value: ['GenBank:WP_174711561.1']
    Key: ID, Value: ['cds-WP_174711561.1']
    Key: Name, Value: ['WP_174711561.1']
    Key: Ontology_term, Value: ['GO:0043571', 'GO:0003674']
    Key: Parent, Value: ['gene-FBB35_RS22970']
    Key: gbkey, Value: ['CDS']
    Key: gene, Value: ['cas10']
    Key: go_function, Value: ['molecular_function|0003674||IEA']
    Key: go_process, Value: ['maintenance of CRISPR repeat elements|0043571||IEA']
    Key: inference, Value: ['COORDINATES: similar to AA sequence:RefSeq:WP_017307346.1']
    Key: locus_tag, Value: ['FBB35_RS22970']
    Key: phase, Value: ['0']
    Key: product, Value: ['type III-A CRISPR-associated protein Cas10/Csm1']
    Key: protein_id, Value: ['WP_174711561.1']
    Key: source, Value: ['Protein Homology']
    Key: transl_table, Value: ['11']

GF(type III-A CRISPR-associated protein Cas10/Csm1, 11381-13736 (-1))
type: CDS
location: [5364592:5365315](-)
id: cds-WP_254626005.1
qualifiers:
    Key: Dbxref, Value: ['GenBank:WP_254626005.1']
    Key: ID, Value: ['cds-WP_254626005.1']
    Key: Name, Value: ['WP_254626005.1']
    Key: Parent, Value: ['gene-FBB35_RS22975']
    Key: gbkey, Value: ['CDS']
    Key: inference, Value: ['COORDINATES: similar to AA sequence:RefSeq:WP_017307772.1']
    Key: locus_tag, Value: ['FBB35_RS22975']
    Key: phase, Value: ['0']
    Key: product, Value: ['CRISPR-associated protein Csx3']
    Key: protein_id, Value: ['WP_254626005.1']
    Key: source, Value: ['Protein Homology']
    Key: transl_table, Value: ['11']

GF(CRISPR-associated protein Csx3, 13795-14518 (-1))
type: CDS
location: [5365239:5365545](-)
id: cds-WP_254625673.1
qualifiers:
    Key: Dbxref, Value: ['GenBank:WP_254625673.1']
    Key: ID, Value: ['cds-WP_254625673.1']
    Key: Name, Value: ['WP_254625673.1']
    Key: Parent, Value: ['gene-FBB35_RS35015']
    Key: gbkey, Value: ['CDS']
    Key: inference, Value: ['COORDINATES: protein motif:HMM:NF021159.2']
    Key: locus_tag, Value: ['FBB35_RS35015']
    Key: phase, Value: ['0']
    Key: product, Value: ['CRISPR-associated protein Csx3']
    Key: protein_id, Value: ['WP_254625673.1']
    Key: source, Value: ['Protein Homology']
    Key: transl_table, Value: ['11']

GF(CRISPR-associated protein Csx3, 14442-14748 (-1))
type: CDS
location: [5365809:5365947](+)
id: cds-WP_254625674.1
qualifiers:
    Key: Dbxref, Value: ['GenBank:WP_254625674.1']
    Key: ID, Value: ['cds-WP_254625674.1']
    Key: Name, Value: ['WP_254625674.1']
    Key: Parent, Value: ['gene-FBB35_RS35020']
    Key: gbkey, Value: ['CDS']
    Key: inference, Value: ['COORDINATES: ab initio prediction:GeneMarkS-2+']
    Key: locus_tag, Value: ['FBB35_RS35020']
    Key: phase, Value: ['0']
    Key: product, Value: ['hypothetical protein']
    Key: protein_id, Value: ['WP_254625674.1']
    Key: source, Value: ['GeneMarkS-2+']
    Key: transl_table, Value: ['11']

GF(None, 15012-15150 (1))
type: CDS
location: [5366091:5366838](+)
id: cds-FBB35_RS22980
qualifiers:
    Key: ID, Value: ['cds-FBB35_RS22980']
    Key: Note, Value: ['internal stop']
    Key: Parent, Value: ['gene-FBB35_RS22980']
    Key: gbkey, Value: ['CDS']
    Key: inference, Value: ['COORDINATES: protein motif:HMM:TIGR03985.1']
    Key: locus_tag, Value: ['FBB35_RS22980']
    Key: phase, Value: ['0']
    Key: product, Value: ['TIGR03985 family CRISPR-associated protein']
    Key: pseudo, Value: ['true']
    Key: source, Value: ['Protein Homology']
    Key: transl_table, Value: ['11']

GF(TIGR03985 family CRISPR-associated protein, 15294-16041 (1))
type: CDS
location: [5367378:5367714](+)
id: cds-WP_174711562.1
qualifiers:
    Key: Dbxref, Value: ['GenBank:WP_174711562.1']
    Key: ID, Value: ['cds-WP_174711562.1']
    Key: Name, Value: ['WP_174711562.1']
    Key: Ontology_term, Value: ['GO:0009055', 'GO:0020037']
    Key: Parent, Value: ['gene-FBB35_RS22985']
    Key: gbkey, Value: ['CDS']
    Key: go_function, Value: ['electron transfer activity|0009055||IEA', 'heme binding|0020037||IEA']
    Key: inference, Value: ['COORDINATES: similar to AA sequence:RefSeq:WP_010998389.1']
    Key: locus_tag, Value: ['FBB35_RS22985']
    Key: phase, Value: ['0']
    Key: product, Value: ['c-type cytochrome']
    Key: protein_id, Value: ['WP_174711562.1']
    Key: source, Value: ['Protein Homology']
    Key: transl_table, Value: ['11']

GF(c-type cytochrome, 16581-16917 (1))
type: CDS
location: [5367999:5368923](+)
id: cds-WP_174711563.1
qualifiers:
    Key: Dbxref, Value: ['GenBank:WP_174711563.1']
    Key: ID, Value: ['cds-WP_174711563.1']
    Key: Name, Value: ['WP_174711563.1']
    Key: Parent, Value: ['gene-FBB35_RS22990']
    Key: gbkey, Value: ['CDS']
    Key: inference, Value: ['COORDINATES: similar to AA sequence:RefSeq:WP_012407916.1']
    Key: locus_tag, Value: ['FBB35_RS22990']
    Key: phase, Value: ['0']
    Key: product, Value: ['tetratricopeptide repeat protein']
    Key: protein_id, Value: ['WP_174711563.1']
    Key: source, Value: ['Protein Homology']
    Key: transl_table, Value: ['11']

GF(tetratricopeptide repeat protein, 17202-18126 (1))
[GF(None, 1169-1352 (-1)), GF(None, 1326-1494 (-1)), GF(GUN4 domain-containing protein, 1692-3189 (-1)), GF(ferredoxin family protein, 3471-3696 (1)), GF(ABC transporter ATP-binding protein, 3999-4728 (1)), GF(DUF4277 domain-containing protein, 5760-6186 (1)), GF(CRISPR system precrRNA processing endoribonuclease RAMP protein Cas6, 6615-7383 (-1)), GF(type III-A CRISPR-associated RAMP protein Csm5, 7386-8667 (-1)), GF(type III-A CRISPR-associated RAMP protein Csm4, 8682-9798 (-1)), GF(type III-A CRISPR-associated RAMP protein Csm3, 9800-10790 (-1)), GF(type III-A CRISPR-associated protein Csm2, 10792-11380 (-1)), GF(type III-A CRISPR-associated protein Cas10/Csm1, 11381-13736 (-1)), GF(CRISPR-associated protein Csx3, 13795-14518 (-1)), GF(CRISPR-associated protein Csx3, 14442-14748 (-1)), GF(None, 15012-15150 (1)), GF(TIGR03985 family CRISPR-associated protein, 15294-16041 (1)), GF(c-type cytochrome, 16581-16917 (1)), GF(tetratricopeptide repeat protein, 17202-18126 (1)), GF(CRISPR-Cas locus, 4000-14566 (0))]
