Cas operons file:    Unnamed: 0         Contig  ...           locus_id           sample
0           0  NZ_CP028102.1  ...  GCF_003019315.1_0  GCF_003019315.1

[1 rows x 19 columns]
The chosen contig: NZ_CP028102.1
type: CDS
location: [2390858:2392103](+)
id: cds-WP_005886912.1
qualifiers:
    Key: Dbxref, Value: ['GenBank:WP_005886912.1', 'GeneID:62764241']
    Key: ID, Value: ['cds-WP_005886912.1']
    Key: Name, Value: ['WP_005886912.1']
    Key: Parent, Value: ['gene-C4N19_RS11895']
    Key: gbkey, Value: ['CDS']
    Key: inference, Value: ['COORDINATES: similar to AA sequence:RefSeq:WP_008697763.1']
    Key: locus_tag, Value: ['C4N19_RS11895']
    Key: phase, Value: ['0']
    Key: product, Value: ['YihY/virulence factor BrkB family protein']
    Key: protein_id, Value: ['WP_005886912.1']
    Key: source, Value: ['Protein Homology']
    Key: transl_table, Value: ['11']

GF(YihY/virulence factor BrkB family protein, 397-1642 (1))
type: CDS
location: [2392120:2392453](-)
id: cds-WP_005886910.1
qualifiers:
    Key: Dbxref, Value: ['GenBank:WP_005886910.1', 'GeneID:62764242']
    Key: ID, Value: ['cds-WP_005886910.1']
    Key: Name, Value: ['WP_005886910.1']
    Key: Parent, Value: ['gene-C4N19_RS11900']
    Key: gbkey, Value: ['CDS']
    Key: inference, Value: ['COORDINATES: ab initio prediction:GeneMarkS-2+']
    Key: locus_tag, Value: ['C4N19_RS11900']
    Key: phase, Value: ['0']
    Key: product, Value: ['lipoprotein']
    Key: protein_id, Value: ['WP_005886910.1']
    Key: source, Value: ['GeneMarkS-2+']
    Key: transl_table, Value: ['11']

GF(lipoprotein, 1659-1992 (-1))
type: CDS
location: [2392547:2392895](-)
id: cds-WP_005886908.1
qualifiers:
    Key: Dbxref, Value: ['GenBank:WP_005886908.1', 'GeneID:62764243']
    Key: ID, Value: ['cds-WP_005886908.1']
    Key: Name, Value: ['WP_005886908.1']
    Key: Parent, Value: ['gene-C4N19_RS11905']
    Key: gbkey, Value: ['CDS']
    Key: inference, Value: ['COORDINATES: protein motif:HMM:NF012790.3']
    Key: locus_tag, Value: ['C4N19_RS11905']
    Key: phase, Value: ['0']
    Key: product, Value: ['rhodanese-like domain-containing protein']
    Key: protein_id, Value: ['WP_005886908.1']
    Key: source, Value: ['Protein Homology']
    Key: transl_table, Value: ['11']

GF(rhodanese-like domain-containing protein, 2086-2434 (-1))
type: CDS
location: [2393039:2393855](-)
id: cds-WP_106991863.1
qualifiers:
    Key: Dbxref, Value: ['GenBank:WP_106991863.1', 'GeneID:62764244']
    Key: ID, Value: ['cds-WP_106991863.1']
    Key: Name, Value: ['WP_106991863.1']
    Key: Note, Value: ['N-terminal region resembles flavodoxins. C-terminal ferrodoxin region binds two 4Fe-4S clusters.']
    Key: Parent, Value: ['gene-C4N19_RS11910']
    Key: gbkey, Value: ['CDS']
    Key: inference, Value: ['COORDINATES: similar to AA sequence:RefSeq:WP_005886906.1']
    Key: locus_tag, Value: ['C4N19_RS11910']
    Key: phase, Value: ['0']
    Key: product, Value: ['EFR1 family ferrodoxin']
    Key: protein_id, Value: ['WP_106991863.1']
    Key: source, Value: ['Protein Homology']
    Key: transl_table, Value: ['11']

GF(EFR1 family ferrodoxin, 2578-3394 (-1))
type: CDS
location: [2394460:2395189](-)
id: cds-WP_005886904.1
qualifiers:
    Key: Dbxref, Value: ['GenBank:WP_005886904.1', 'GeneID:62764245']
    Key: ID, Value: ['cds-WP_005886904.1']
    Key: Name, Value: ['WP_005886904.1']
    Key: Parent, Value: ['gene-C4N19_RS11915']
    Key: gbkey, Value: ['CDS']
    Key: gene, Value: ['cas6']
    Key: inference, Value: ['COORDINATES: protein motif:HMM:NF021551.3']
    Key: locus_tag, Value: ['C4N19_RS11915']
    Key: phase, Value: ['0']
    Key: product, Value: ['CRISPR system precrRNA processing endoribonuclease RAMP protein Cas6']
    Key: protein_id, Value: ['WP_005886904.1']
    Key: source, Value: ['Protein Homology']
    Key: transl_table, Value: ['11']

GF(CRISPR system precrRNA processing endoribonuclease RAMP protein Cas6, 3999-4728 (-1))
type: CDS
location: [2395191:2396343](-)
id: cds-WP_005886902.1
qualifiers:
    Key: Dbxref, Value: ['GenBank:WP_005886902.1', 'GeneID:62764246']
    Key: ID, Value: ['cds-WP_005886902.1']
    Key: Name, Value: ['WP_005886902.1']
    Key: Ontology_term, Value: ['GO:0043571', 'GO:0003674']
    Key: Parent, Value: ['gene-C4N19_RS11920']
    Key: gbkey, Value: ['CDS']
    Key: gene, Value: ['csm5']
    Key: go_function, Value: ['molecular_function|0003674||IEA']
    Key: go_process, Value: ['maintenance of CRISPR repeat elements|0043571||IEA']
    Key: inference, Value: ['COORDINATES: protein motif:HMM:TIGR01899.1']
    Key: locus_tag, Value: ['C4N19_RS11920']
    Key: phase, Value: ['0']
    Key: product, Value: ['type III-A CRISPR-associated RAMP protein Csm5']
    Key: protein_id, Value: ['WP_005886902.1']
    Key: source, Value: ['Protein Homology']
    Key: transl_table, Value: ['11']

GF(type III-A CRISPR-associated RAMP protein Csm5, 4730-5882 (-1))
type: CDS
location: [2396339:2397284](-)
id: cds-WP_005886900.1
qualifiers:
    Key: Dbxref, Value: ['GenBank:WP_005886900.1', 'GeneID:62764247']
    Key: ID, Value: ['cds-WP_005886900.1']
    Key: Name, Value: ['WP_005886900.1']
    Key: Parent, Value: ['gene-C4N19_RS11925']
    Key: gbkey, Value: ['CDS']
    Key: inference, Value: ['COORDINATES: ab initio prediction:GeneMarkS-2+']
    Key: locus_tag, Value: ['C4N19_RS11925']
    Key: phase, Value: ['0']
    Key: product, Value: ['hypothetical protein']
    Key: protein_id, Value: ['WP_005886900.1']
    Key: source, Value: ['GeneMarkS-2+']
    Key: transl_table, Value: ['11']

GF(None, 5878-6823 (-1))
type: CDS
location: [2397292:2397988](-)
id: cds-WP_005886898.1
qualifiers:
    Key: Dbxref, Value: ['GenBank:WP_005886898.1', 'GeneID:62764248']
    Key: ID, Value: ['cds-WP_005886898.1']
    Key: Name, Value: ['WP_005886898.1']
    Key: Ontology_term, Value: ['GO:0043571', 'GO:0003674']
    Key: Parent, Value: ['gene-C4N19_RS11930']
    Key: gbkey, Value: ['CDS']
    Key: gene, Value: ['csm3']
    Key: go_function, Value: ['molecular_function|0003674||IEA']
    Key: go_process, Value: ['maintenance of CRISPR repeat elements|0043571||IEA']
    Key: inference, Value: ['COORDINATES: protein motif:HMM:TIGR02582.1']
    Key: locus_tag, Value: ['C4N19_RS11930']
    Key: phase, Value: ['0']
    Key: product, Value: ['type III-A CRISPR-associated RAMP protein Csm3']
    Key: protein_id, Value: ['WP_005886898.1']
    Key: source, Value: ['Protein Homology']
    Key: transl_table, Value: ['11']

GF(type III-A CRISPR-associated RAMP protein Csm3, 6831-7527 (-1))
type: CDS
location: [2398001:2398469](-)
id: cds-WP_005886896.1
qualifiers:
    Key: Dbxref, Value: ['GenBank:WP_005886896.1', 'GeneID:62764249']
    Key: ID, Value: ['cds-WP_005886896.1']
    Key: Name, Value: ['WP_005886896.1']
    Key: Ontology_term, Value: ['GO:0043571', 'GO:0003674']
    Key: Parent, Value: ['gene-C4N19_RS11935']
    Key: gbkey, Value: ['CDS']
    Key: gene, Value: ['csm2']
    Key: go_function, Value: ['molecular_function|0003674||IEA']
    Key: go_process, Value: ['maintenance of CRISPR repeat elements|0043571||IEA']
    Key: inference, Value: ['COORDINATES: protein motif:HMM:NF015695.3']
    Key: locus_tag, Value: ['C4N19_RS11935']
    Key: phase, Value: ['0']
    Key: product, Value: ['type III-A CRISPR-associated protein Csm2']
    Key: protein_id, Value: ['WP_005886896.1']
    Key: source, Value: ['Protein Homology']
    Key: transl_table, Value: ['11']

GF(type III-A CRISPR-associated protein Csm2, 7540-8008 (-1))
type: CDS
location: [2398461:2400855](-)
id: cds-WP_005886894.1
qualifiers:
    Key: Dbxref, Value: ['GenBank:WP_005886894.1', 'GeneID:62764250']
    Key: ID, Value: ['cds-WP_005886894.1']
    Key: Name, Value: ['WP_005886894.1']
    Key: Ontology_term, Value: ['GO:0043571', 'GO:0003674']
    Key: Parent, Value: ['gene-C4N19_RS11940']
    Key: gbkey, Value: ['CDS']
    Key: gene, Value: ['cas10']
    Key: go_function, Value: ['molecular_function|0003674||IEA']
    Key: go_process, Value: ['maintenance of CRISPR repeat elements|0043571||IEA']
    Key: inference, Value: ['COORDINATES: protein motif:HMM:TIGR02578.1']
    Key: locus_tag, Value: ['C4N19_RS11940']
    Key: phase, Value: ['0']
    Key: product, Value: ['type III-A CRISPR-associated protein Cas10/Csm1']
    Key: protein_id, Value: ['WP_005886894.1']
    Key: source, Value: ['Protein Homology']
    Key: transl_table, Value: ['11']

GF(type III-A CRISPR-associated protein Cas10/Csm1, 8000-10394 (-1))
type: CDS
location: [2400855:2401500](-)
id: cds-WP_005886892.1
qualifiers:
    Key: Dbxref, Value: ['GenBank:WP_005886892.1', 'GeneID:62764251']
    Key: ID, Value: ['cds-WP_005886892.1']
    Key: Name, Value: ['WP_005886892.1']
    Key: Parent, Value: ['gene-C4N19_RS11945']
    Key: gbkey, Value: ['CDS']
    Key: inference, Value: ['COORDINATES: protein motif:HMM:NF036560.3']
    Key: locus_tag, Value: ['C4N19_RS11945']
    Key: phase, Value: ['0']
    Key: product, Value: ['CRISPR-associated endonuclease Cas6']
    Key: protein_id, Value: ['WP_005886892.1']
    Key: source, Value: ['Protein Homology']
    Key: transl_table, Value: ['11']

GF(CRISPR-associated endonuclease Cas6, 10394-11039 (-1))
type: CDS
location: [2401508:2403224](-)
id: cds-WP_005886890.1
qualifiers:
    Key: Dbxref, Value: ['GenBank:WP_005886890.1', 'GeneID:62764252']
    Key: ID, Value: ['cds-WP_005886890.1']
    Key: Name, Value: ['WP_005886890.1']
    Key: Parent, Value: ['gene-C4N19_RS11950']
    Key: gbkey, Value: ['CDS']
    Key: inference, Value: ['COORDINATES: ab initio prediction:GeneMarkS-2+']
    Key: locus_tag, Value: ['C4N19_RS11950']
    Key: phase, Value: ['0']
    Key: product, Value: ['hypothetical protein']
    Key: protein_id, Value: ['WP_005886890.1']
    Key: source, Value: ['GeneMarkS-2+']
    Key: transl_table, Value: ['11']

GF(None, 11047-12763 (-1))
type: CDS
location: [2404090:2404375](-)
id: cds-WP_005886888.1
qualifiers:
    Key: Dbxref, Value: ['GenBank:WP_005886888.1', 'GeneID:62764253']
    Key: ID, Value: ['cds-WP_005886888.1']
    Key: Name, Value: ['WP_005886888.1']
    Key: Ontology_term, Value: ['GO:0043571', 'GO:0004521']
    Key: Parent, Value: ['gene-C4N19_RS11955']
    Key: gbkey, Value: ['CDS']
    Key: gene, Value: ['cas2']
    Key: go_function, Value: ['RNA endonuclease activity|0004521||IEA']
    Key: go_process, Value: ['maintenance of CRISPR repeat elements|0043571||IEA']
    Key: inference, Value: ['COORDINATES: protein motif:HMM:TIGR01573.1']
    Key: locus_tag, Value: ['C4N19_RS11955']
    Key: phase, Value: ['0']
    Key: product, Value: ['CRISPR-associated endonuclease Cas2']
    Key: protein_id, Value: ['WP_005886888.1']
    Key: source, Value: ['Protein Homology']
    Key: transl_table, Value: ['11']

GF(CRISPR-associated endonuclease Cas2, 13629-13914 (-1))
type: CDS
location: [2404381:2404672](-)
id: cds-WP_005886886.1
qualifiers:
    Key: Dbxref, Value: ['GenBank:WP_005886886.1', 'GeneID:62764254']
    Key: ID, Value: ['cds-WP_005886886.1']
    Key: Name, Value: ['WP_005886886.1']
    Key: Ontology_term, Value: ['GO:0043571', 'GO:0004521']
    Key: Parent, Value: ['gene-C4N19_RS11960']
    Key: gbkey, Value: ['CDS']
    Key: gene, Value: ['cas2']
    Key: go_function, Value: ['RNA endonuclease activity|0004521||IEA']
    Key: go_process, Value: ['maintenance of CRISPR repeat elements|0043571||IEA']
    Key: inference, Value: ['COORDINATES: protein motif:HMM:TIGR01573.1']
    Key: locus_tag, Value: ['C4N19_RS11960']
    Key: phase, Value: ['0']
    Key: product, Value: ['CRISPR-associated endonuclease Cas2']
    Key: protein_id, Value: ['WP_005886886.1']
    Key: source, Value: ['Protein Homology']
    Key: transl_table, Value: ['11']

GF(CRISPR-associated endonuclease Cas2, 13920-14211 (-1))
type: CDS
location: [2404649:2405633](-)
id: cds-WP_005886883.1
qualifiers:
    Key: Dbxref, Value: ['GenBank:WP_005886883.1', 'GeneID:62764255']
    Key: ID, Value: ['cds-WP_005886883.1']
    Key: Name, Value: ['WP_005886883.1']
    Key: Ontology_term, Value: ['GO:0043571', 'GO:0004520', 'GO:0046872']
    Key: Parent, Value: ['gene-C4N19_RS11965']
    Key: gbkey, Value: ['CDS']
    Key: gene, Value: ['cas1']
    Key: go_function, Value: ['DNA endonuclease activity|0004520||IEA', 'metal ion binding|0046872||IEA']
    Key: go_process, Value: ['maintenance of CRISPR repeat elements|0043571||IEA']
    Key: inference, Value: ['COORDINATES: protein motif:HMM:TIGR00287.1']
    Key: locus_tag, Value: ['C4N19_RS11965']
    Key: phase, Value: ['0']
    Key: product, Value: ['CRISPR-associated endonuclease Cas1']
    Key: protein_id, Value: ['WP_005886883.1']
    Key: source, Value: ['Protein Homology']
    Key: transl_table, Value: ['11']

GF(CRISPR-associated endonuclease Cas1, 14188-15172 (-1))
type: CDS
location: [2405775:2406609](+)
id: cds-WP_005886880.1
qualifiers:
    Key: Dbxref, Value: ['GenBank:WP_005886880.1', 'GeneID:62764256']
    Key: ID, Value: ['cds-WP_005886880.1']
    Key: Name, Value: ['WP_005886880.1']
    Key: Parent, Value: ['gene-C4N19_RS11970']
    Key: gbkey, Value: ['CDS']
    Key: inference, Value: ['COORDINATES: ab initio prediction:GeneMarkS-2+']
    Key: locus_tag, Value: ['C4N19_RS11970']
    Key: phase, Value: ['0']
    Key: product, Value: ['hypothetical protein']
    Key: protein_id, Value: ['WP_005886880.1']
    Key: source, Value: ['GeneMarkS-2+']
    Key: transl_table, Value: ['11']

GF(None, 15314-16148 (1))
type: CDS
location: [2406932:2407772](-)
id: cds-WP_005886877.1
qualifiers:
    Key: Dbxref, Value: ['GenBank:WP_005886877.1', 'GeneID:62764257']
    Key: ID, Value: ['cds-WP_005886877.1']
    Key: Name, Value: ['WP_005886877.1']
    Key: Ontology_term, Value: ['GO:0009279']
    Key: Parent, Value: ['gene-C4N19_RS11975']
    Key: gbkey, Value: ['CDS']
    Key: go_component, Value: ['cell outer membrane|0009279||IEA']
    Key: inference, Value: ['COORDINATES: protein motif:HMM:TIGR01533.1']
    Key: locus_tag, Value: ['C4N19_RS11975']
    Key: phase, Value: ['0']
    Key: product, Value: ["5'-nucleotidase, lipoprotein e(P4) family"]
    Key: protein_id, Value: ['WP_005886877.1']
    Key: source, Value: ['Protein Homology']
    Key: transl_table, Value: ['11']

GF(5'-nucleotidase, lipoprotein e(P4) family, 16471-17311 (-1))
type: CDS
location: [2408024:2409422](-)
id: cds-WP_005886875.1
qualifiers:
    Key: Dbxref, Value: ['GenBank:WP_005886875.1', 'GeneID:62764258']
    Key: ID, Value: ['cds-WP_005886875.1']
    Key: Name, Value: ['WP_005886875.1']
    Key: Parent, Value: ['gene-C4N19_RS11980']
    Key: gbkey, Value: ['CDS']
    Key: inference, Value: ['COORDINATES: similar to AA sequence:RefSeq:WP_005951389.1']
    Key: locus_tag, Value: ['C4N19_RS11980']
    Key: phase, Value: ['0']
    Key: product, Value: ['TIGR00366 family protein']
    Key: protein_id, Value: ['WP_005886875.1']
    Key: source, Value: ['Protein Homology']
    Key: transl_table, Value: ['11']

GF(TIGR00366 family protein, 17563-18961 (-1))
type: repeat_region
location: [2393870:2394225](+)
id: NZ_CP028102.1_1
qualifiers:
    Key: Dbxref, Value: ['SO:0001459']
    Key: ID, Value: ['NZ_CP028102.1_1']
    Key: Note, Value: ['GTTTCAATCCTTATTGTTACTGGTCTTATCTTTTAAC']
    Key: Ontology_term, Value: ['CRISPR']
    Key: score, Value: ['355']
    Key: source, Value: ['CCTyper']

GF(Repeat region, 3409-3764 (0))
type: repeat_region
location: [2403344:2403858](+)
id: NZ_CP028102.1_2
qualifiers:
    Key: Dbxref, Value: ['SO:0001459']
    Key: ID, Value: ['NZ_CP028102.1_2']
    Key: Note, Value: ['GTTTCAATCCTTATTGTTACTGGTCCTATCTTTTAAC']
    Key: Ontology_term, Value: ['CRISPR']
    Key: score, Value: ['514']
    Key: source, Value: ['CCTyper']

GF(Repeat region, 12883-13397 (0))
[GF(YihY/virulence factor BrkB family protein, 397-1642 (1)), GF(lipoprotein, 1659-1992 (-1)), GF(rhodanese-like domain-containing protein, 2086-2434 (-1)), GF(EFR1 family ferrodoxin, 2578-3394 (-1)), GF(CRISPR system precrRNA processing endoribonuclease RAMP protein Cas6, 3999-4728 (-1)), GF(type III-A CRISPR-associated RAMP protein Csm5, 4730-5882 (-1)), GF(None, 5878-6823 (-1)), GF(type III-A CRISPR-associated RAMP protein Csm3, 6831-7527 (-1)), GF(type III-A CRISPR-associated protein Csm2, 7540-8008 (-1)), GF(type III-A CRISPR-associated protein Cas10/Csm1, 8000-10394 (-1)), GF(CRISPR-associated endonuclease Cas6, 10394-11039 (-1)), GF(None, 11047-12763 (-1)), GF(CRISPR-associated endonuclease Cas2, 13629-13914 (-1)), GF(CRISPR-associated endonuclease Cas2, 13920-14211 (-1)), GF(CRISPR-associated endonuclease Cas1, 14188-15172 (-1)), GF(None, 15314-16148 (1)), GF(5'-nucleotidase, lipoprotein e(P4) family, 16471-17311 (-1)), GF(TIGR00366 family protein, 17563-18961 (-1)), GF(Repeat region, 3409-3764 (0)), GF(Repeat region, 12883-13397 (0)), GF(CRISPR-Cas locus, 4000-15172 (0))]
