Cas operons file:    Unnamed: 0       Contig  ...           locus_id           sample
0           1  NC_017934.1  ...  GCF_000147715.2_1  GCF_000147715.2

[1 rows x 19 columns]
The chosen contig: NC_017934.1
type: CDS
location: [2476672:2477497](-)
id: cds-WP_014731680.1
qualifiers:
    Key: Dbxref, Value: ['GenBank:WP_014731680.1', 'GeneID:87108019']
    Key: ID, Value: ['cds-WP_014731680.1']
    Key: Name, Value: ['WP_014731680.1']
    Key: Parent, Value: ['gene-THEBA_RS11425']
    Key: gbkey, Value: ['CDS']
    Key: inference, Value: ['COORDINATES: similar to AA sequence:RefSeq:WP_015868044.1']
    Key: locus_tag, Value: ['THEBA_RS11425']
    Key: phase, Value: ['0']
    Key: product, Value: ['RAMP superfamily CRISPR-associated protein']
    Key: protein_id, Value: ['WP_014731680.1']
    Key: source, Value: ['Protein Homology']
    Key: transl_table, Value: ['11']

GF(RAMP superfamily CRISPR-associated protein, 3999-4824 (-1))
type: CDS
location: [2477496:2477895](-)
id: cds-WP_014731681.1
qualifiers:
    Key: Dbxref, Value: ['GenBank:WP_014731681.1', 'GeneID:87108020']
    Key: ID, Value: ['cds-WP_014731681.1']
    Key: Name, Value: ['WP_014731681.1']
    Key: Parent, Value: ['gene-THEBA_RS11430']
    Key: gbkey, Value: ['CDS']
    Key: inference, Value: ['COORDINATES: similar to AA sequence:RefSeq:WP_015868045.1']
    Key: locus_tag, Value: ['THEBA_RS11430']
    Key: phase, Value: ['0']
    Key: product, Value: ['hypothetical protein']
    Key: protein_id, Value: ['WP_014731681.1']
    Key: source, Value: ['Protein Homology']
    Key: transl_table, Value: ['11']

GF(None, 4823-5222 (-1))
type: CDS
location: [2477891:2478830](-)
id: cds-WP_014731682.1
qualifiers:
    Key: Dbxref, Value: ['GenBank:WP_014731682.1', 'GeneID:87108021']
    Key: ID, Value: ['cds-WP_014731682.1']
    Key: Name, Value: ['WP_014731682.1']
    Key: Ontology_term, Value: ['GO:0043571', 'GO:0003674']
    Key: Parent, Value: ['gene-THEBA_RS11435']
    Key: gbkey, Value: ['CDS']
    Key: gene, Value: ['cmr4']
    Key: go_function, Value: ['molecular_function|0003674||IEA']
    Key: go_process, Value: ['maintenance of CRISPR repeat elements|0043571||IEA']
    Key: inference, Value: ['COORDINATES: similar to AA sequence:RefSeq:WP_015868046.1']
    Key: locus_tag, Value: ['THEBA_RS11435']
    Key: phase, Value: ['0']
    Key: product, Value: ['type III-B CRISPR module RAMP protein Cmr4']
    Key: protein_id, Value: ['WP_014731682.1']
    Key: source, Value: ['Protein Homology']
    Key: transl_table, Value: ['11']

GF(type III-B CRISPR module RAMP protein Cmr4, 5218-6157 (-1))
type: CDS
location: [2478826:2481844](-)
id: cds-WP_014731683.1
qualifiers:
    Key: Dbxref, Value: ['GenBank:WP_014731683.1', 'GeneID:87108022']
    Key: ID, Value: ['cds-WP_014731683.1']
    Key: Name, Value: ['WP_014731683.1']
    Key: Parent, Value: ['gene-THEBA_RS11440']
    Key: gbkey, Value: ['CDS']
    Key: inference, Value: ['COORDINATES: ab initio prediction:GeneMarkS-2+']
    Key: locus_tag, Value: ['THEBA_RS11440']
    Key: phase, Value: ['0']
    Key: product, Value: ['hypothetical protein']
    Key: protein_id, Value: ['WP_014731683.1']
    Key: source, Value: ['GeneMarkS-2+']
    Key: transl_table, Value: ['11']

GF(None, 6153-9171 (-1))
type: CDS
location: [2481840:2482908](-)
id: cds-WP_014731684.1
qualifiers:
    Key: Dbxref, Value: ['GenBank:WP_014731684.1', 'GeneID:87108023']
    Key: ID, Value: ['cds-WP_014731684.1']
    Key: Name, Value: ['WP_014731684.1']
    Key: Parent, Value: ['gene-THEBA_RS11445']
    Key: gbkey, Value: ['CDS']
    Key: inference, Value: ['COORDINATES: similar to AA sequence:RefSeq:WP_015868048.1']
    Key: locus_tag, Value: ['THEBA_RS11445']
    Key: phase, Value: ['0']
    Key: product, Value: ['RAMP superfamily CRISPR-associated protein']
    Key: protein_id, Value: ['WP_014731684.1']
    Key: source, Value: ['Protein Homology']
    Key: transl_table, Value: ['11']

GF(RAMP superfamily CRISPR-associated protein, 9167-10235 (-1))
type: CDS
location: [2482897:2483956](-)
id: cds-WP_014731685.1
qualifiers:
    Key: Dbxref, Value: ['GenBank:WP_014731685.1', 'GeneID:87108024']
    Key: ID, Value: ['cds-WP_014731685.1']
    Key: Name, Value: ['WP_014731685.1']
    Key: Ontology_term, Value: ['GO:0043571', 'GO:0003674']
    Key: Parent, Value: ['gene-THEBA_RS11450']
    Key: gbkey, Value: ['CDS']
    Key: gene, Value: ['cmr1']
    Key: go_function, Value: ['molecular_function|0003674||IEA']
    Key: go_process, Value: ['maintenance of CRISPR repeat elements|0043571||IEA']
    Key: inference, Value: ['COORDINATES: similar to AA sequence:RefSeq:WP_015868049.1']
    Key: locus_tag, Value: ['THEBA_RS11450']
    Key: phase, Value: ['0']
    Key: product, Value: ['type III-B CRISPR module RAMP protein Cmr1']
    Key: protein_id, Value: ['WP_014731685.1']
    Key: source, Value: ['Protein Homology']
    Key: transl_table, Value: ['11']

GF(type III-B CRISPR module RAMP protein Cmr1, 10224-11283 (-1))
type: CDS
location: [2484115:2484436](-)
id: cds-WP_049794063.1
qualifiers:
    Key: Dbxref, Value: ['GenBank:WP_049794063.1', 'GeneID:87108025']
    Key: ID, Value: ['cds-WP_049794063.1']
    Key: Name, Value: ['WP_049794063.1']
    Key: Ontology_term, Value: ['GO:0043571', 'GO:0004521']
    Key: Parent, Value: ['gene-THEBA_RS11455']
    Key: gbkey, Value: ['CDS']
    Key: gene, Value: ['cas6']
    Key: go_function, Value: ['RNA endonuclease activity|0004521||IEA']
    Key: go_process, Value: ['maintenance of CRISPR repeat elements|0043571||IEA']
    Key: inference, Value: ['COORDINATES: protein motif:HMM:NF013997.3']
    Key: locus_tag, Value: ['THEBA_RS11455']
    Key: phase, Value: ['0']
    Key: product, Value: ['CRISPR-associated endoribonuclease Cas6']
    Key: protein_id, Value: ['WP_049794063.1']
    Key: source, Value: ['Protein Homology']
    Key: transl_table, Value: ['11']

GF(CRISPR-associated endoribonuclease Cas6, 11442-11763 (-1))
type: CDS
location: [2492116:2492386](-)
id: cds-WP_014731686.1
qualifiers:
    Key: Dbxref, Value: ['GenBank:WP_014731686.1', 'GeneID:87108026']
    Key: ID, Value: ['cds-WP_014731686.1']
    Key: Name, Value: ['WP_014731686.1']
    Key: Ontology_term, Value: ['GO:0043571', 'GO:0004521']
    Key: Parent, Value: ['gene-THEBA_RS11460']
    Key: gbkey, Value: ['CDS']
    Key: gene, Value: ['cas2']
    Key: go_function, Value: ['RNA endonuclease activity|0004521||IEA']
    Key: go_process, Value: ['maintenance of CRISPR repeat elements|0043571||IEA']
    Key: inference, Value: ['COORDINATES: similar to AA sequence:RefSeq:WP_015868043.1']
    Key: locus_tag, Value: ['THEBA_RS11460']
    Key: phase, Value: ['0']
    Key: product, Value: ['CRISPR-associated endonuclease Cas2']
    Key: protein_id, Value: ['WP_014731686.1']
    Key: source, Value: ['Protein Homology']
    Key: transl_table, Value: ['11']

GF(CRISPR-associated endonuclease Cas2, 19443-19713 (-1))
type: CDS
location: [2492389:2493379](-)
id: cds-WP_014731687.1
qualifiers:
    Key: Dbxref, Value: ['GenBank:WP_014731687.1', 'GeneID:87108027']
    Key: ID, Value: ['cds-WP_014731687.1']
    Key: Name, Value: ['WP_014731687.1']
    Key: Ontology_term, Value: ['GO:0043571', 'GO:0004520']
    Key: Parent, Value: ['gene-THEBA_RS11465']
    Key: gbkey, Value: ['CDS']
    Key: gene, Value: ['cas1b']
    Key: go_function, Value: ['DNA endonuclease activity|0004520||IEA']
    Key: go_process, Value: ['maintenance of CRISPR repeat elements|0043571||IEA']
    Key: inference, Value: ['COORDINATES: similar to AA sequence:RefSeq:WP_015868051.1']
    Key: locus_tag, Value: ['THEBA_RS11465']
    Key: phase, Value: ['0']
    Key: product, Value: ['type I-B CRISPR-associated endonuclease Cas1b']
    Key: protein_id, Value: ['WP_014731687.1']
    Key: source, Value: ['Protein Homology']
    Key: transl_table, Value: ['11']

GF(type I-B CRISPR-associated endonuclease Cas1b, 19716-20706 (-1))
type: CDS
location: [2493383:2493881](-)
id: cds-WP_014731688.1
qualifiers:
    Key: Dbxref, Value: ['GenBank:WP_014731688.1', 'GeneID:87108028']
    Key: ID, Value: ['cds-WP_014731688.1']
    Key: Name, Value: ['WP_014731688.1']
    Key: Ontology_term, Value: ['GO:0043571', 'GO:0004518']
    Key: Parent, Value: ['gene-THEBA_RS11470']
    Key: gbkey, Value: ['CDS']
    Key: gene, Value: ['cas4']
    Key: go_function, Value: ['nuclease activity|0004518||IEA']
    Key: go_process, Value: ['maintenance of CRISPR repeat elements|0043571||IEA']
    Key: inference, Value: ['COORDINATES: similar to AA sequence:RefSeq:WP_015868052.1']
    Key: locus_tag, Value: ['THEBA_RS11470']
    Key: phase, Value: ['0']
    Key: product, Value: ['CRISPR-associated protein Cas4']
    Key: protein_id, Value: ['WP_014731688.1']
    Key: source, Value: ['Protein Homology']
    Key: transl_table, Value: ['11']

GF(CRISPR-associated protein Cas4, 20710-21208 (-1))
type: CDS
location: [2493877:2496223](-)
id: cds-WP_014731689.1
qualifiers:
    Key: Dbxref, Value: ['GenBank:WP_014731689.1', 'GeneID:87108029']
    Key: ID, Value: ['cds-WP_014731689.1']
    Key: Name, Value: ['WP_014731689.1']
    Key: Parent, Value: ['gene-THEBA_RS11475']
    Key: gbkey, Value: ['CDS']
    Key: inference, Value: ['COORDINATES: protein motif:HMM:TIGR01587.1']
    Key: locus_tag, Value: ['THEBA_RS11475']
    Key: phase, Value: ['0']
    Key: product, Value: ['CRISPR-associated helicase/endonuclease Cas3']
    Key: protein_id, Value: ['WP_014731689.1']
    Key: source, Value: ['Protein Homology']
    Key: transl_table, Value: ['11']

GF(CRISPR-associated helicase/endonuclease Cas3, 21204-23550 (-1))
type: CDS
location: [2496219:2496945](-)
id: cds-WP_014731690.1
qualifiers:
    Key: Dbxref, Value: ['GenBank:WP_014731690.1', 'GeneID:87108030']
    Key: ID, Value: ['cds-WP_014731690.1']
    Key: Name, Value: ['WP_014731690.1']
    Key: Ontology_term, Value: ['GO:0043571', 'GO:0003674']
    Key: Parent, Value: ['gene-THEBA_RS11480']
    Key: gbkey, Value: ['CDS']
    Key: gene, Value: ['cas5b']
    Key: go_function, Value: ['molecular_function|0003674||IEA']
    Key: go_process, Value: ['maintenance of CRISPR repeat elements|0043571||IEA']
    Key: inference, Value: ['COORDINATES: protein motif:HMM:TIGR02592.1']
    Key: locus_tag, Value: ['THEBA_RS11480']
    Key: phase, Value: ['0']
    Key: product, Value: ['type I-B CRISPR-associated protein Cas5b']
    Key: protein_id, Value: ['WP_014731690.1']
    Key: source, Value: ['Protein Homology']
    Key: transl_table, Value: ['11']

GF(type I-B CRISPR-associated protein Cas5b, 23546-24272 (-1))
type: CDS
location: [2496956:2497907](-)
id: cds-WP_014731691.1
qualifiers:
    Key: Dbxref, Value: ['GenBank:WP_014731691.1', 'GeneID:87108031']
    Key: ID, Value: ['cds-WP_014731691.1']
    Key: Name, Value: ['WP_014731691.1']
    Key: Ontology_term, Value: ['GO:0043571', 'GO:0003674']
    Key: Parent, Value: ['gene-THEBA_RS11485']
    Key: gbkey, Value: ['CDS']
    Key: gene, Value: ['cas7b']
    Key: go_function, Value: ['molecular_function|0003674||IEA']
    Key: go_process, Value: ['maintenance of CRISPR repeat elements|0043571||IEA']
    Key: inference, Value: ['COORDINATES: similar to AA sequence:RefSeq:WP_015868055.1']
    Key: locus_tag, Value: ['THEBA_RS11485']
    Key: phase, Value: ['0']
    Key: product, Value: ['type I-B CRISPR-associated protein Cas7/Csh2']
    Key: protein_id, Value: ['WP_014731691.1']
    Key: source, Value: ['Protein Homology']
    Key: transl_table, Value: ['11']

GF(type I-B CRISPR-associated protein Cas7/Csh2, 24283-25234 (-1))
type: CDS
location: [2497927:2499682](-)
id: cds-WP_014731692.1
qualifiers:
    Key: Dbxref, Value: ['GenBank:WP_014731692.1', 'GeneID:87108032']
    Key: ID, Value: ['cds-WP_014731692.1']
    Key: Name, Value: ['WP_014731692.1']
    Key: Ontology_term, Value: ['GO:0043571', 'GO:0003674']
    Key: Parent, Value: ['gene-THEBA_RS11490']
    Key: gbkey, Value: ['CDS']
    Key: go_function, Value: ['molecular_function|0003674||IEA']
    Key: go_process, Value: ['maintenance of CRISPR repeat elements|0043571||IEA']
    Key: inference, Value: ['COORDINATES: protein motif:HMM:NF021033.3']
    Key: locus_tag, Value: ['THEBA_RS11490']
    Key: phase, Value: ['0']
    Key: product, Value: ['TIGR02556 family CRISPR-associated protein']
    Key: protein_id, Value: ['WP_014731692.1']
    Key: source, Value: ['Protein Homology']
    Key: transl_table, Value: ['11']

GF(TIGR02556 family CRISPR-associated protein, 25254-27009 (-1))
type: CDS
location: [2499686:2500421](-)
id: cds-WP_014731693.1
qualifiers:
    Key: Dbxref, Value: ['GenBank:WP_014731693.1', 'GeneID:87108033']
    Key: ID, Value: ['cds-WP_014731693.1']
    Key: Name, Value: ['WP_014731693.1']
    Key: Ontology_term, Value: ['GO:0043571', 'GO:0004521']
    Key: Parent, Value: ['gene-THEBA_RS11495']
    Key: gbkey, Value: ['CDS']
    Key: gene, Value: ['cas6']
    Key: go_function, Value: ['RNA endonuclease activity|0004521||IEA']
    Key: go_process, Value: ['maintenance of CRISPR repeat elements|0043571||IEA']
    Key: inference, Value: ['COORDINATES: protein motif:HMM:TIGR01877.1']
    Key: locus_tag, Value: ['THEBA_RS11495']
    Key: phase, Value: ['0']
    Key: product, Value: ['CRISPR-associated endoribonuclease Cas6']
    Key: protein_id, Value: ['WP_014731693.1']
    Key: source, Value: ['Protein Homology']
    Key: transl_table, Value: ['11']

GF(CRISPR-associated endoribonuclease Cas6, 27013-27748 (-1))
type: CDS
location: [2500811:2500952](-)
id: cds-WP_014731694.1
qualifiers:
    Key: Dbxref, Value: ['GenBank:WP_014731694.1', 'GeneID:87108486']
    Key: ID, Value: ['cds-WP_014731694.1']
    Key: Name, Value: ['WP_014731694.1']
    Key: Parent, Value: ['gene-THEBA_RS14440']
    Key: gbkey, Value: ['CDS']
    Key: inference, Value: ['COORDINATES: ab initio prediction:GeneMarkS-2+']
    Key: locus_tag, Value: ['THEBA_RS14440']
    Key: phase, Value: ['0']
    Key: product, Value: ['hypothetical protein']
    Key: protein_id, Value: ['WP_014731694.1']
    Key: source, Value: ['GeneMarkS-2+']
    Key: transl_table, Value: ['11']

GF(None, 28138-28279 (-1))
type: CDS
location: [2501171:2501414](-)
id: cds-WP_014731695.1
qualifiers:
    Key: Dbxref, Value: ['GenBank:WP_014731695.1', 'GeneID:87108034']
    Key: ID, Value: ['cds-WP_014731695.1']
    Key: Name, Value: ['WP_014731695.1']
    Key: Parent, Value: ['gene-THEBA_RS11500']
    Key: gbkey, Value: ['CDS']
    Key: inference, Value: ['COORDINATES: similar to AA sequence:RefSeq:WP_006486405.1']
    Key: locus_tag, Value: ['THEBA_RS11500']
    Key: phase, Value: ['0']
    Key: product, Value: ['hypothetical protein']
    Key: protein_id, Value: ['WP_014731695.1']
    Key: source, Value: ['Protein Homology']
    Key: transl_table, Value: ['11']

GF(None, 28498-28741 (-1))
type: CDS
location: [2501519:2501897](+)
id: cds-WP_014731696.1
qualifiers:
    Key: Dbxref, Value: ['GenBank:WP_014731696.1', 'GeneID:87108035']
    Key: ID, Value: ['cds-WP_014731696.1']
    Key: Name, Value: ['WP_014731696.1']
    Key: Parent, Value: ['gene-THEBA_RS11505']
    Key: gbkey, Value: ['CDS']
    Key: inference, Value: ['COORDINATES: similar to AA sequence:RefSeq:WP_014730867.1']
    Key: locus_tag, Value: ['THEBA_RS11505']
    Key: phase, Value: ['0']
    Key: product, Value: ['four helix bundle protein']
    Key: protein_id, Value: ['WP_014731696.1']
    Key: source, Value: ['Protein Homology']
    Key: transl_table, Value: ['11']

GF(four helix bundle protein, 28846-29224 (1))
type: CDS
location: [2501957:2502167](-)
id: cds-WP_006487518.1
qualifiers:
    Key: Dbxref, Value: ['GenBank:WP_006487518.1', 'GeneID:87108036']
    Key: ID, Value: ['cds-WP_006487518.1']
    Key: Name, Value: ['WP_006487518.1']
    Key: Parent, Value: ['gene-THEBA_RS11510']
    Key: gbkey, Value: ['CDS']
    Key: inference, Value: ['COORDINATES: similar to AA sequence:RefSeq:WP_006487518.1']
    Key: locus_tag, Value: ['THEBA_RS11510']
    Key: phase, Value: ['0']
    Key: product, Value: ['DUF2922 family protein']
    Key: protein_id, Value: ['WP_006487518.1']
    Key: source, Value: ['Protein Homology']
    Key: transl_table, Value: ['11']

GF(DUF2922 family protein, 29284-29494 (-1))
type: CDS
location: [2502369:2502606](-)
id: cds-WP_014731697.1
qualifiers:
    Key: Dbxref, Value: ['GenBank:WP_014731697.1', 'GeneID:87108037']
    Key: ID, Value: ['cds-WP_014731697.1']
    Key: Name, Value: ['WP_014731697.1']
    Key: Parent, Value: ['gene-THEBA_RS11515']
    Key: gbkey, Value: ['CDS']
    Key: inference, Value: ['COORDINATES: similar to AA sequence:RefSeq:WP_014731697.1']
    Key: locus_tag, Value: ['THEBA_RS11515']
    Key: phase, Value: ['0']
    Key: product, Value: ['DUF1659 domain-containing protein']
    Key: protein_id, Value: ['WP_014731697.1']
    Key: source, Value: ['Protein Homology']
    Key: transl_table, Value: ['11']

GF(DUF1659 domain-containing protein, 29696-29933 (-1))
type: CDS
location: [2503400:2503712](+)
id: cds-WP_014731698.1
qualifiers:
    Key: Dbxref, Value: ['GenBank:WP_014731698.1', 'GeneID:87108038']
    Key: ID, Value: ['cds-WP_014731698.1']
    Key: Name, Value: ['WP_014731698.1']
    Key: Ontology_term, Value: ['GO:0003677']
    Key: Parent, Value: ['gene-THEBA_RS11520']
    Key: gbkey, Value: ['CDS']
    Key: go_function, Value: ['DNA binding|0003677||IEA']
    Key: inference, Value: ['COORDINATES: similar to AA sequence:RefSeq:WP_006487512.1']
    Key: locus_tag, Value: ['THEBA_RS11520']
    Key: phase, Value: ['0']
    Key: product, Value: ['helix-turn-helix transcriptional regulator']
    Key: protein_id, Value: ['WP_014731698.1']
    Key: source, Value: ['Protein Homology']
    Key: transl_table, Value: ['11']

GF(helix-turn-helix transcriptional regulator, 30727-31039 (1))
type: repeat_region
location: [2484838:2491949](+)
id: NC_017934.1_7
qualifiers:
    Key: Dbxref, Value: ['SO:0001459']
    Key: ID, Value: ['NC_017934.1_7']
    Key: Note, Value: ['GTTTCAATTCCTCATAGGTAGTCTGGAAGC']
    Key: Ontology_term, Value: ['CRISPR']
    Key: score, Value: ['7111']
    Key: source, Value: ['CCTyper']

GF(Repeat region, 12165-19276 (0))
graphic feature from cctyper protein table: GF(Cmr3gr5, 4000-4824 (-1))
graphic feature from cctyper protein table: GF(Cmr5, 4824-5222 (-1))
graphic feature from cctyper protein table: GF(Cmr4gr7, 5219-6157 (-1))
graphic feature from cctyper protein table: GF(Cas10, 6154-9171 (-1))
graphic feature from cctyper protein table: GF(Cmr6gr7, 9168-10235 (-1))
graphic feature from cctyper protein table: GF(Csm3gr7, 10225-11283 (-1))
graphic feature from cctyper protein table: GF(Cas6, 11443-11763 (-1))
graphic feature from cctyper protein table: GF(Cas2, 19444-19713 (-1))
graphic feature from cctyper protein table: GF(Cas1, 19717-20706 (-1))
graphic feature from cctyper protein table: GF(Cas4, 20711-21208 (-1))
graphic feature from cctyper protein table: GF(Cas3, 21205-23550 (-1))
graphic feature from cctyper protein table: GF(Cas5, 23547-24272 (-1))
graphic feature from cctyper protein table: GF(Cas7, 24284-25234 (-1))
graphic feature from cctyper protein table: GF(Cas8b1, 25255-27009 (-1))
graphic feature from cctyper protein table: GF(Cas6, 27014-27748 (-1))
Index(['protein_id', 'start', 'end', 'effector', 'locus', 'sample', 'strand',
       'sequence'],
      dtype='object')
Index(['protein_id', 'start', 'end', 'effector', 'locus', 'sample', 'strand',
       'sequence'],
      dtype='object')
[GF(RAMP superfamily CRISPR-associated protein, 3999-4824 (-1)), GF(None, 4823-5222 (-1)), GF(type III-B CRISPR module RAMP protein Cmr4, 5218-6157 (-1)), GF(None, 6153-9171 (-1)), GF(RAMP superfamily CRISPR-associated protein, 9167-10235 (-1)), GF(type III-B CRISPR module RAMP protein Cmr1, 10224-11283 (-1)), GF(CRISPR-associated endoribonuclease Cas6, 11442-11763 (-1)), GF(CRISPR-associated endonuclease Cas2, 19443-19713 (-1)), GF(type I-B CRISPR-associated endonuclease Cas1b, 19716-20706 (-1)), GF(CRISPR-associated protein Cas4, 20710-21208 (-1)), GF(CRISPR-associated helicase/endonuclease Cas3, 21204-23550 (-1)), GF(type I-B CRISPR-associated protein Cas5b, 23546-24272 (-1)), GF(type I-B CRISPR-associated protein Cas7/Csh2, 24283-25234 (-1)), GF(TIGR02556 family CRISPR-associated protein, 25254-27009 (-1)), GF(CRISPR-associated endoribonuclease Cas6, 27013-27748 (-1)), GF(None, 28138-28279 (-1)), GF(None, 28498-28741 (-1)), GF(four helix bundle protein, 28846-29224 (1)), GF(DUF2922 family protein, 29284-29494 (-1)), GF(DUF1659 domain-containing protein, 29696-29933 (-1)), GF(helix-turn-helix transcriptional regulator, 30727-31039 (1)), GF(Repeat region, 12165-19276 (0)), GF(Cmr3gr5, 4000-4824 (-1)), GF(Cmr5, 4824-5222 (-1)), GF(Cmr4gr7, 5219-6157 (-1)), GF(Cas10, 6154-9171 (-1)), GF(Cmr6gr7, 9168-10235 (-1)), GF(Csm3gr7, 10225-11283 (-1)), GF(Cas6, 11443-11763 (-1)), GF(Cas2, 19444-19713 (-1)), GF(Cas1, 19717-20706 (-1)), GF(Cas4, 20711-21208 (-1)), GF(Cas3, 21205-23550 (-1)), GF(Cas5, 23547-24272 (-1)), GF(Cas7, 24284-25234 (-1)), GF(Cas8b1, 25255-27009 (-1)), GF(Cas6, 27014-27748 (-1)), GF(CRISPR-Cas locus, 4000-27748 (0))]
