Cas operons file:    Unnamed: 0         Contig  ...           locus_id           sample
0           1  NZ_CP032152.1  ...  GCF_003555505.1_1  GCF_003555505.1

[1 rows x 19 columns]
The chosen contig: NZ_CP032152.1
type: CDS
location: [1159866:1161660](+)
id: cds-WP_181496661.1
qualifiers:
    Key: Dbxref, Value: ['GenBank:WP_181496661.1']
    Key: ID, Value: ['cds-WP_181496661.1']
    Key: Name, Value: ['WP_181496661.1']
    Key: Parent, Value: ['gene-D3A95_RS05610']
    Key: gbkey, Value: ['CDS']
    Key: inference, Value: ['COORDINATES: protein motif:HMM:NF021606.3']
    Key: locus_tag, Value: ['D3A95_RS05610']
    Key: phase, Value: ['0']
    Key: product, Value: ['DUF2339 domain-containing protein']
    Key: protein_id, Value: ['WP_181496661.1']
    Key: source, Value: ['Protein Homology']
    Key: transl_table, Value: ['11']

GF(DUF2339 domain-containing protein, 422-2216 (1))
type: CDS
location: [1161656:1162292](+)
id: cds-WP_181496662.1
qualifiers:
    Key: Dbxref, Value: ['GenBank:WP_181496662.1']
    Key: ID, Value: ['cds-WP_181496662.1']
    Key: Name, Value: ['WP_181496662.1']
    Key: Ontology_term, Value: ['GO:0008615', 'GO:0004733', 'GO:0010181']
    Key: Parent, Value: ['gene-D3A95_RS05615']
    Key: gbkey, Value: ['CDS']
    Key: gene, Value: ['pdxH']
    Key: go_function, Value: ['pyridoxamine phosphate oxidase activity|0004733||IEA', 'FMN binding|0010181||IEA']
    Key: go_process, Value: ['pyridoxine biosynthetic process|0008615||IEA']
    Key: inference, Value: ['COORDINATES: similar to AA sequence:RefSeq:WP_006162981.1']
    Key: locus_tag, Value: ['D3A95_RS05615']
    Key: phase, Value: ['0']
    Key: product, Value: ["pyridoxamine 5'-phosphate oxidase"]
    Key: protein_id, Value: ['WP_181496662.1']
    Key: source, Value: ['Protein Homology']
    Key: transl_table, Value: ['11']

GF(pyridoxamine 5'-phosphate oxidase, 2212-2848 (1))
type: CDS
location: [1162336:1162642](+)
id: cds-WP_181496879.1
qualifiers:
    Key: Dbxref, Value: ['GenBank:WP_181496879.1']
    Key: ID, Value: ['cds-WP_181496879.1']
    Key: Name, Value: ['WP_181496879.1']
    Key: Ontology_term, Value: ['GO:0043419', 'GO:0035550']
    Key: Parent, Value: ['gene-D3A95_RS05620']
    Key: gbkey, Value: ['CDS']
    Key: go_component, Value: ['urease complex|0035550||IEA']
    Key: go_process, Value: ['urea catabolic process|0043419||IEA']
    Key: inference, Value: ['COORDINATES: similar to AA sequence:RefSeq:WP_011056185.1']
    Key: locus_tag, Value: ['D3A95_RS05620']
    Key: phase, Value: ['0']
    Key: product, Value: ['urease subunit beta']
    Key: protein_id, Value: ['WP_181496879.1']
    Key: source, Value: ['Protein Homology']
    Key: transl_table, Value: ['11']

GF(urease subunit beta, 2892-3198 (1))
type: CDS
location: [1162675:1163431](+)
id: cds-WP_181496663.1
qualifiers:
    Key: Dbxref, Value: ['GenBank:WP_181496663.1']
    Key: ID, Value: ['cds-WP_181496663.1']
    Key: Name, Value: ['WP_181496663.1']
    Key: Parent, Value: ['gene-D3A95_RS05625']
    Key: gbkey, Value: ['CDS']
    Key: inference, Value: ['COORDINATES: similar to AA sequence:RefSeq:WP_011056184.1']
    Key: locus_tag, Value: ['D3A95_RS05625']
    Key: phase, Value: ['0']
    Key: product, Value: ['HEAT repeat domain-containing protein']
    Key: protein_id, Value: ['WP_181496663.1']
    Key: source, Value: ['Protein Homology']
    Key: transl_table, Value: ['11']

GF(HEAT repeat domain-containing protein, 3231-3987 (1))
type: CDS
location: [1163443:1164241](+)
id: cds-WP_181496664.1
qualifiers:
    Key: Dbxref, Value: ['GenBank:WP_181496664.1']
    Key: ID, Value: ['cds-WP_181496664.1']
    Key: Name, Value: ['WP_181496664.1']
    Key: Ontology_term, Value: ['GO:0005524', 'GO:0016887', 'GO:0042626', 'GO:0140359']
    Key: Parent, Value: ['gene-D3A95_RS05630']
    Key: gbkey, Value: ['CDS']
    Key: go_function, Value: ['ATP binding|0005524||IEA', 'ATP hydrolysis activity|0016887||IEA', 'ATPase-coupled transmembrane transporter activity|0042626||IEA', 'ABC-type transporter activity|0140359||IEA']
    Key: inference, Value: ['COORDINATES: similar to AA sequence:RefSeq:WP_011056183.1']
    Key: locus_tag, Value: ['D3A95_RS05630']
    Key: phase, Value: ['0']
    Key: product, Value: ['ABC transporter ATP-binding protein']
    Key: protein_id, Value: ['WP_181496664.1']
    Key: source, Value: ['Protein Homology']
    Key: transl_table, Value: ['11']

GF(ABC transporter ATP-binding protein, 3999-4797 (1))
type: CDS
location: [1164268:1165426](+)
id: cds-WP_181496665.1
qualifiers:
    Key: Dbxref, Value: ['GenBank:WP_181496665.1']
    Key: ID, Value: ['cds-WP_181496665.1']
    Key: Name, Value: ['WP_181496665.1']
    Key: Ontology_term, Value: ['GO:0016757']
    Key: Parent, Value: ['gene-D3A95_RS05635']
    Key: gbkey, Value: ['CDS']
    Key: go_function, Value: ['glycosyltransferase activity|0016757||IEA']
    Key: inference, Value: ['COORDINATES: similar to AA sequence:RefSeq:WP_011056182.1']
    Key: locus_tag, Value: ['D3A95_RS05635']
    Key: phase, Value: ['0']
    Key: product, Value: ['glycosyltransferase family 4 protein']
    Key: protein_id, Value: ['WP_181496665.1']
    Key: source, Value: ['Protein Homology']
    Key: transl_table, Value: ['11']

GF(glycosyltransferase family 4 protein, 4824-5982 (1))
type: CDS
location: [1165432:1166332](-)
id: cds-WP_181496666.1
qualifiers:
    Key: Dbxref, Value: ['GenBank:WP_181496666.1']
    Key: ID, Value: ['cds-WP_181496666.1']
    Key: Name, Value: ['WP_181496666.1']
    Key: Ontology_term, Value: ['GO:0036211', 'GO:0008757']
    Key: Parent, Value: ['gene-D3A95_RS05640']
    Key: gbkey, Value: ['CDS']
    Key: gene, Value: ['prmA']
    Key: go_function, Value: ['S-adenosylmethionine-dependent methyltransferase activity|0008757||IEA']
    Key: go_process, Value: ['protein modification process|0036211||IEA']
    Key: inference, Value: ['COORDINATES: similar to AA sequence:RefSeq:WP_011056181.1']
    Key: locus_tag, Value: ['D3A95_RS05640']
    Key: phase, Value: ['0']
    Key: product, Value: ['50S ribosomal protein L11 methyltransferase']
    Key: protein_id, Value: ['WP_181496666.1']
    Key: source, Value: ['Protein Homology']
    Key: transl_table, Value: ['11']

GF(50S ribosomal protein L11 methyltransferase, 5988-6888 (-1))
type: CDS
location: [1166340:1167924](-)
id: cds-WP_181496667.1
qualifiers:
    Key: Dbxref, Value: ['GenBank:WP_181496667.1']
    Key: ID, Value: ['cds-WP_181496667.1']
    Key: Name, Value: ['WP_181496667.1']
    Key: Ontology_term, Value: ['GO:0006564', 'GO:0004617']
    Key: Parent, Value: ['gene-D3A95_RS05645']
    Key: gbkey, Value: ['CDS']
    Key: gene, Value: ['serA']
    Key: go_function, Value: ['phosphoglycerate dehydrogenase activity|0004617||IEA']
    Key: go_process, Value: ['L-serine biosynthetic process|0006564||IEA']
    Key: inference, Value: ['COORDINATES: similar to AA sequence:RefSeq:WP_006668563.1']
    Key: locus_tag, Value: ['D3A95_RS05645']
    Key: phase, Value: ['0']
    Key: product, Value: ['phosphoglycerate dehydrogenase']
    Key: protein_id, Value: ['WP_181496667.1']
    Key: source, Value: ['Protein Homology']
    Key: transl_table, Value: ['11']

GF(phosphoglycerate dehydrogenase, 6896-8480 (-1))
type: CDS
location: [1168248:1170123](-)
id: cds-WP_181496668.1
qualifiers:
    Key: Dbxref, Value: ['GenBank:WP_181496668.1']
    Key: ID, Value: ['cds-WP_181496668.1']
    Key: Name, Value: ['WP_181496668.1']
    Key: Parent, Value: ['gene-D3A95_RS05650']
    Key: gbkey, Value: ['CDS']
    Key: inference, Value: ['COORDINATES: similar to AA sequence:RefSeq:WP_015217714.1']
    Key: locus_tag, Value: ['D3A95_RS05650']
    Key: phase, Value: ['0']
    Key: product, Value: ['RAMP superfamily CRISPR-associated protein']
    Key: protein_id, Value: ['WP_181496668.1']
    Key: source, Value: ['Protein Homology']
    Key: transl_table, Value: ['11']

GF(RAMP superfamily CRISPR-associated protein, 8804-10679 (-1))
type: CDS
location: [1170135:1170522](-)
id: cds-WP_181496669.1
qualifiers:
    Key: Dbxref, Value: ['GenBank:WP_181496669.1']
    Key: ID, Value: ['cds-WP_181496669.1']
    Key: Name, Value: ['WP_181496669.1']
    Key: Parent, Value: ['gene-D3A95_RS05655']
    Key: gbkey, Value: ['CDS']
    Key: inference, Value: ['COORDINATES: similar to AA sequence:RefSeq:WP_016874568.1']
    Key: locus_tag, Value: ['D3A95_RS05655']
    Key: phase, Value: ['0']
    Key: product, Value: ['hypothetical protein']
    Key: protein_id, Value: ['WP_181496669.1']
    Key: source, Value: ['Protein Homology']
    Key: transl_table, Value: ['11']

GF(None, 10691-11078 (-1))
type: CDS
location: [1170538:1171336](-)
id: cds-WP_181496670.1
qualifiers:
    Key: Dbxref, Value: ['GenBank:WP_181496670.1']
    Key: ID, Value: ['cds-WP_181496670.1']
    Key: Name, Value: ['WP_181496670.1']
    Key: Ontology_term, Value: ['GO:0043571', 'GO:0003674']
    Key: Parent, Value: ['gene-D3A95_RS05660']
    Key: gbkey, Value: ['CDS']
    Key: gene, Value: ['cmr4']
    Key: go_function, Value: ['molecular_function|0003674||IEA']
    Key: go_process, Value: ['maintenance of CRISPR repeat elements|0043571||IEA']
    Key: inference, Value: ['COORDINATES: similar to AA sequence:RefSeq:WP_006278124.1']
    Key: locus_tag, Value: ['D3A95_RS05660']
    Key: phase, Value: ['0']
    Key: product, Value: ['type III-B CRISPR module RAMP protein Cmr4']
    Key: protein_id, Value: ['WP_181496670.1']
    Key: source, Value: ['Protein Homology']
    Key: transl_table, Value: ['11']

GF(type III-B CRISPR module RAMP protein Cmr4, 11094-11892 (-1))
type: CDS
location: [1171400:1172519](-)
id: cds-WP_181496671.1
qualifiers:
    Key: Dbxref, Value: ['GenBank:WP_181496671.1']
    Key: ID, Value: ['cds-WP_181496671.1']
    Key: Name, Value: ['WP_181496671.1']
    Key: Parent, Value: ['gene-D3A95_RS05665']
    Key: gbkey, Value: ['CDS']
    Key: inference, Value: ['COORDINATES: protein motif:HMM:NF021236.3']
    Key: locus_tag, Value: ['D3A95_RS05665']
    Key: phase, Value: ['0']
    Key: product, Value: ['type III-B CRISPR module-associated Cmr3 family protein']
    Key: protein_id, Value: ['WP_181496671.1']
    Key: source, Value: ['Protein Homology']
    Key: transl_table, Value: ['11']

GF(type III-B CRISPR module-associated Cmr3 family protein, 11956-13075 (-1))
type: CDS
location: [1172521:1175554](-)
id: cds-WP_181496672.1
qualifiers:
    Key: Dbxref, Value: ['GenBank:WP_181496672.1']
    Key: ID, Value: ['cds-WP_181496672.1']
    Key: Name, Value: ['WP_181496672.1']
    Key: Ontology_term, Value: ['GO:0043571', 'GO:0003674']
    Key: Parent, Value: ['gene-D3A95_RS05670']
    Key: gbkey, Value: ['CDS']
    Key: gene, Value: ['cas10']
    Key: go_function, Value: ['molecular_function|0003674||IEA']
    Key: go_process, Value: ['maintenance of CRISPR repeat elements|0043571||IEA']
    Key: inference, Value: ['COORDINATES: protein motif:HMM:TIGR02577.1']
    Key: locus_tag, Value: ['D3A95_RS05670']
    Key: phase, Value: ['0']
    Key: product, Value: ['type III-B CRISPR-associated protein Cas10/Cmr2']
    Key: protein_id, Value: ['WP_181496672.1']
    Key: source, Value: ['Protein Homology']
    Key: transl_table, Value: ['11']

GF(type III-B CRISPR-associated protein Cas10/Cmr2, 13077-16110 (-1))
type: CDS
location: [1176036:1177176](+)
id: cds-WP_181496673.1
qualifiers:
    Key: Dbxref, Value: ['GenBank:WP_181496673.1']
    Key: ID, Value: ['cds-WP_181496673.1']
    Key: Name, Value: ['WP_181496673.1']
    Key: Ontology_term, Value: ['GO:0006750', 'GO:0004357']
    Key: Parent, Value: ['gene-D3A95_RS05675']
    Key: gbkey, Value: ['CDS']
    Key: gene, Value: ['gshA']
    Key: go_function, Value: ['glutamate-cysteine ligase activity|0004357||IEA']
    Key: go_process, Value: ['glutathione biosynthetic process|0006750||IEA']
    Key: inference, Value: ['COORDINATES: similar to AA sequence:RefSeq:WP_011056177.1']
    Key: locus_tag, Value: ['D3A95_RS05675']
    Key: phase, Value: ['0']
    Key: product, Value: ['glutamate--cysteine ligase']
    Key: protein_id, Value: ['WP_181496673.1']
    Key: source, Value: ['Protein Homology']
    Key: transl_table, Value: ['11']

GF(glutamate--cysteine ligase, 16592-17732 (1))
type: CDS
location: [1177178:1178369](+)
id: cds-WP_181496674.1
qualifiers:
    Key: Dbxref, Value: ['GenBank:WP_181496674.1']
    Key: ID, Value: ['cds-WP_181496674.1']
    Key: Name, Value: ['WP_181496674.1']
    Key: Ontology_term, Value: ['GO:0009245', 'GO:0008915']
    Key: Parent, Value: ['gene-D3A95_RS05680']
    Key: gbkey, Value: ['CDS']
    Key: gene, Value: ['lpxB']
    Key: go_function, Value: ['lipid-A-disaccharide synthase activity|0008915||IEA']
    Key: go_process, Value: ['lipid A biosynthetic process|0009245||IEA']
    Key: inference, Value: ['COORDINATES: similar to AA sequence:RefSeq:WP_015172452.1']
    Key: locus_tag, Value: ['D3A95_RS05680']
    Key: phase, Value: ['0']
    Key: product, Value: ['lipid-A-disaccharide synthase']
    Key: protein_id, Value: ['WP_181496674.1']
    Key: source, Value: ['Protein Homology']
    Key: transl_table, Value: ['11']

GF(lipid-A-disaccharide synthase, 17734-18925 (1))
type: CDS
location: [1178405:1178846](-)
id: cds-WP_181496675.1
qualifiers:
    Key: Dbxref, Value: ['GenBank:WP_181496675.1']
    Key: ID, Value: ['cds-WP_181496675.1']
    Key: Name, Value: ['WP_181496675.1']
    Key: Parent, Value: ['gene-D3A95_RS05685']
    Key: gbkey, Value: ['CDS']
    Key: inference, Value: ['COORDINATES: protein motif:HMM:NF025173.3']
    Key: locus_tag, Value: ['D3A95_RS05685']
    Key: phase, Value: ['0']
    Key: product, Value: ['Spy/CpxP family protein refolding chaperone']
    Key: protein_id, Value: ['WP_181496675.1']
    Key: source, Value: ['Protein Homology']
    Key: transl_table, Value: ['11']

GF(Spy/CpxP family protein refolding chaperone, 18961-19402 (-1))
type: CDS
location: [1178883:1179204](-)
id: cds-WP_181496676.1
qualifiers:
    Key: Dbxref, Value: ['GenBank:WP_181496676.1']
    Key: ID, Value: ['cds-WP_181496676.1']
    Key: Name, Value: ['WP_181496676.1']
    Key: Parent, Value: ['gene-D3A95_RS05690']
    Key: gbkey, Value: ['CDS']
    Key: inference, Value: ['COORDINATES: ab initio prediction:GeneMarkS-2+']
    Key: locus_tag, Value: ['D3A95_RS05690']
    Key: phase, Value: ['0']
    Key: product, Value: ['hypothetical protein']
    Key: protein_id, Value: ['WP_181496676.1']
    Key: source, Value: ['GeneMarkS-2+']
    Key: transl_table, Value: ['11']

GF(None, 19439-19760 (-1))
graphic feature from cctyper protein table: GF(AbiEii, 4000-4797 (1))
graphic feature from cctyper protein table: GF(Cmr6gr7, 8805-10679 (-1))
graphic feature from cctyper protein table: GF(Cmr5gr11, 10692-11078 (-1))
graphic feature from cctyper protein table: GF(Cmr4gr7, 11095-11892 (-1))
graphic feature from cctyper protein table: GF(Cmr3gr5, 11957-13075 (-1))
graphic feature from cctyper protein table: GF(Cas10, 13078-16110 (-1))
Index(['protein_id', 'start', 'end', 'effector', 'locus', 'sample', 'strand',
       'sequence'],
      dtype='object')
Index(['protein_id', 'start', 'end', 'effector', 'locus', 'sample', 'strand',
       'sequence'],
      dtype='object')
[GF(DUF2339 domain-containing protein, 422-2216 (1)), GF(pyridoxamine 5'-phosphate oxidase, 2212-2848 (1)), GF(urease subunit beta, 2892-3198 (1)), GF(HEAT repeat domain-containing protein, 3231-3987 (1)), GF(ABC transporter ATP-binding protein, 3999-4797 (1)), GF(glycosyltransferase family 4 protein, 4824-5982 (1)), GF(50S ribosomal protein L11 methyltransferase, 5988-6888 (-1)), GF(phosphoglycerate dehydrogenase, 6896-8480 (-1)), GF(RAMP superfamily CRISPR-associated protein, 8804-10679 (-1)), GF(None, 10691-11078 (-1)), GF(type III-B CRISPR module RAMP protein Cmr4, 11094-11892 (-1)), GF(type III-B CRISPR module-associated Cmr3 family protein, 11956-13075 (-1)), GF(type III-B CRISPR-associated protein Cas10/Cmr2, 13077-16110 (-1)), GF(glutamate--cysteine ligase, 16592-17732 (1)), GF(lipid-A-disaccharide synthase, 17734-18925 (1)), GF(Spy/CpxP family protein refolding chaperone, 18961-19402 (-1)), GF(None, 19439-19760 (-1)), GF(AbiEii, 4000-4797 (1)), GF(Cmr6gr7, 8805-10679 (-1)), GF(Cmr5gr11, 10692-11078 (-1)), GF(Cmr4gr7, 11095-11892 (-1)), GF(Cmr3gr5, 11957-13075 (-1)), GF(Cas10, 13078-16110 (-1)), GF(CRISPR-Cas locus, 4000-16110 (0))]
