Cas operons file:    Unnamed: 0         Contig  ...           locus_id           sample
0           0  NZ_CP022129.1  ...  GCF_002209385.1_0  GCF_002209385.1

[1 rows x 19 columns]
The chosen contig: NZ_CP022129.1
type: CDS
location: [2202774:2203014](+)
id: cds-WP_088619255.1
qualifiers:
    Key: Dbxref, Value: ['GenBank:WP_088619255.1']
    Key: ID, Value: ['cds-WP_088619255.1']
    Key: Name, Value: ['WP_088619255.1']
    Key: Parent, Value: ['gene-CEK71_RS10010']
    Key: gbkey, Value: ['CDS']
    Key: inference, Value: ['COORDINATES: ab initio prediction:GeneMarkS-2+']
    Key: locus_tag, Value: ['CEK71_RS10010']
    Key: phase, Value: ['0']
    Key: product, Value: ['hypothetical protein']
    Key: protein_id, Value: ['WP_088619255.1']
    Key: source, Value: ['GeneMarkS-2+']
    Key: transl_table, Value: ['11']

GF(None, 1306-1546 (1))
type: CDS
location: [2202997:2203300](+)
id: cds-CEK71_RS10015
qualifiers:
    Key: ID, Value: ['cds-CEK71_RS10015']
    Key: Note, Value: ['incomplete; partial in the middle of a contig; missing C-terminus']
    Key: Ontology_term, Value: ['GO:0004803']
    Key: Parent, Value: ['gene-CEK71_RS10015']
    Key: end_range, Value: ['2203300', '.']
    Key: gbkey, Value: ['CDS']
    Key: go_function, Value: ['transposase activity|0004803||IEA']
    Key: inference, Value: ['COORDINATES: similar to AA sequence:RefSeq:WP_002964935.1']
    Key: locus_tag, Value: ['CEK71_RS10015']
    Key: partial, Value: ['true']
    Key: phase, Value: ['0']
    Key: product, Value: ['IS6 family transposase']
    Key: pseudo, Value: ['true']
    Key: source, Value: ['Protein Homology']
    Key: transl_table, Value: ['11']

GF(IS6 family transposase, 1529-1832 (1))
type: inferred_parent
location: [2203334:2204512](-)
id: gene-CEK71_RS10020
qualifiers:
    Key: ID, Value: ['gene-CEK71_RS10020']

GF(None, 1866-3044 (-1))
type: CDS
location: [2204578:2204968](+)
id: cds-CEK71_RS10025
qualifiers:
    Key: ID, Value: ['cds-CEK71_RS10025']
    Key: Note, Value: ['incomplete; partial in the middle of a contig; missing N-terminus']
    Key: Parent, Value: ['gene-CEK71_RS10025']
    Key: gbkey, Value: ['CDS']
    Key: inference, Value: ['COORDINATES: similar to AA sequence:RefSeq:WP_002964935.1']
    Key: locus_tag, Value: ['CEK71_RS10025']
    Key: partial, Value: ['true']
    Key: phase, Value: ['0']
    Key: product, Value: ['DDE-type integrase/transposase/recombinase']
    Key: pseudo, Value: ['true']
    Key: source, Value: ['Protein Homology']
    Key: start_range, Value: ['.', '2204579']
    Key: transl_table, Value: ['11']

GF(DDE-type integrase/transposase/recombinase, 3110-3500 (1))
type: CDS
location: [2205467:2206391](-)
id: cds-WP_088619256.1
qualifiers:
    Key: Dbxref, Value: ['GenBank:WP_088619256.1']
    Key: ID, Value: ['cds-WP_088619256.1']
    Key: Name, Value: ['WP_088619256.1']
    Key: Parent, Value: ['gene-CEK71_RS10030']
    Key: gbkey, Value: ['CDS']
    Key: gene, Value: ['cas6']
    Key: inference, Value: ['COORDINATES: protein motif:HMM:NF021551.4']
    Key: locus_tag, Value: ['CEK71_RS10030']
    Key: phase, Value: ['0']
    Key: product, Value: ['CRISPR system precrRNA processing endoribonuclease RAMP protein Cas6']
    Key: protein_id, Value: ['WP_088619256.1']
    Key: source, Value: ['Protein Homology']
    Key: transl_table, Value: ['11']

GF(CRISPR system precrRNA processing endoribonuclease RAMP protein Cas6, 3999-4923 (-1))
type: CDS
location: [2206551:2207697](-)
id: cds-WP_088619257.1
qualifiers:
    Key: Dbxref, Value: ['GenBank:WP_088619257.1']
    Key: ID, Value: ['cds-WP_088619257.1']
    Key: Name, Value: ['WP_088619257.1']
    Key: Ontology_term, Value: ['GO:0043571', 'GO:0003674']
    Key: Parent, Value: ['gene-CEK71_RS10035']
    Key: gbkey, Value: ['CDS']
    Key: gene, Value: ['cmr6']
    Key: go_function, Value: ['molecular_function|0003674||IEA']
    Key: go_process, Value: ['maintenance of CRISPR repeat elements|0043571||IEA']
    Key: inference, Value: ['COORDINATES: protein motif:HMM:TIGR01898.1']
    Key: locus_tag, Value: ['CEK71_RS10035']
    Key: phase, Value: ['0']
    Key: product, Value: ['type III-B CRISPR module RAMP protein Cmr6']
    Key: protein_id, Value: ['WP_088619257.1']
    Key: source, Value: ['Protein Homology']
    Key: transl_table, Value: ['11']

GF(type III-B CRISPR module RAMP protein Cmr6, 5083-6229 (-1))
type: CDS
location: [2207693:2208119](-)
id: cds-WP_088619258.1
qualifiers:
    Key: Dbxref, Value: ['GenBank:WP_088619258.1']
    Key: ID, Value: ['cds-WP_088619258.1']
    Key: Name, Value: ['WP_088619258.1']
    Key: Ontology_term, Value: ['GO:0043571', 'GO:0003674']
    Key: Parent, Value: ['gene-CEK71_RS10040']
    Key: gbkey, Value: ['CDS']
    Key: gene, Value: ['cmr5']
    Key: go_function, Value: ['molecular_function|0003674||IEA']
    Key: go_process, Value: ['maintenance of CRISPR repeat elements|0043571||IEA']
    Key: inference, Value: ['COORDINATES: protein motif:HMM:TIGR01881.1']
    Key: locus_tag, Value: ['CEK71_RS10040']
    Key: phase, Value: ['0']
    Key: product, Value: ['type III-B CRISPR module-associated protein Cmr5']
    Key: protein_id, Value: ['WP_088619258.1']
    Key: source, Value: ['Protein Homology']
    Key: transl_table, Value: ['11']

GF(type III-B CRISPR module-associated protein Cmr5, 6225-6651 (-1))
type: CDS
location: [2208120:2209059](-)
id: cds-WP_198328547.1
qualifiers:
    Key: Dbxref, Value: ['GenBank:WP_198328547.1']
    Key: ID, Value: ['cds-WP_198328547.1']
    Key: Name, Value: ['WP_198328547.1']
    Key: Ontology_term, Value: ['GO:0043571', 'GO:0003674']
    Key: Parent, Value: ['gene-CEK71_RS10045']
    Key: gbkey, Value: ['CDS']
    Key: gene, Value: ['cmr4']
    Key: go_function, Value: ['molecular_function|0003674||IEA']
    Key: go_process, Value: ['maintenance of CRISPR repeat elements|0043571||IEA']
    Key: inference, Value: ['COORDINATES: protein motif:HMM:TIGR02580.1']
    Key: locus_tag, Value: ['CEK71_RS10045']
    Key: phase, Value: ['0']
    Key: product, Value: ['type III-B CRISPR module RAMP protein Cmr4']
    Key: protein_id, Value: ['WP_198328547.1']
    Key: source, Value: ['Protein Homology']
    Key: transl_table, Value: ['11']

GF(type III-B CRISPR module RAMP protein Cmr4, 6652-7591 (-1))
type: CDS
location: [2209059:2210346](-)
id: cds-WP_088619259.1
qualifiers:
    Key: Dbxref, Value: ['GenBank:WP_088619259.1']
    Key: ID, Value: ['cds-WP_088619259.1']
    Key: Name, Value: ['WP_088619259.1']
    Key: Parent, Value: ['gene-CEK71_RS10050']
    Key: gbkey, Value: ['CDS']
    Key: inference, Value: ['COORDINATES: protein motif:HMM:NF021236.4']
    Key: locus_tag, Value: ['CEK71_RS10050']
    Key: phase, Value: ['0']
    Key: product, Value: ['type III-B CRISPR module-associated Cmr3 family protein']
    Key: protein_id, Value: ['WP_088619259.1']
    Key: source, Value: ['Protein Homology']
    Key: transl_table, Value: ['11']

GF(type III-B CRISPR module-associated Cmr3 family protein, 7591-8878 (-1))
type: CDS
location: [2210338:2212327](-)
id: cds-WP_088619260.1
qualifiers:
    Key: Dbxref, Value: ['GenBank:WP_088619260.1']
    Key: ID, Value: ['cds-WP_088619260.1']
    Key: Name, Value: ['WP_088619260.1']
    Key: Ontology_term, Value: ['GO:0043571', 'GO:0003674']
    Key: Parent, Value: ['gene-CEK71_RS10055']
    Key: gbkey, Value: ['CDS']
    Key: gene, Value: ['cas10']
    Key: go_function, Value: ['molecular_function|0003674||IEA']
    Key: go_process, Value: ['maintenance of CRISPR repeat elements|0043571||IEA']
    Key: inference, Value: ['COORDINATES: protein motif:HMM:TIGR02577.1']
    Key: locus_tag, Value: ['CEK71_RS10055']
    Key: phase, Value: ['0']
    Key: product, Value: ['type III-B CRISPR-associated protein Cas10/Cmr2']
    Key: protein_id, Value: ['WP_088619260.1']
    Key: source, Value: ['Protein Homology']
    Key: transl_table, Value: ['11']

GF(type III-B CRISPR-associated protein Cas10/Cmr2, 8870-10859 (-1))
type: CDS
location: [2212323:2213505](-)
id: cds-WP_088619261.1
qualifiers:
    Key: Dbxref, Value: ['GenBank:WP_088619261.1']
    Key: ID, Value: ['cds-WP_088619261.1']
    Key: Name, Value: ['WP_088619261.1']
    Key: Ontology_term, Value: ['GO:0043571', 'GO:0003674']
    Key: Parent, Value: ['gene-CEK71_RS10060']
    Key: gbkey, Value: ['CDS']
    Key: gene, Value: ['cmr1']
    Key: go_function, Value: ['molecular_function|0003674||IEA']
    Key: go_process, Value: ['maintenance of CRISPR repeat elements|0043571||IEA']
    Key: inference, Value: ['COORDINATES: protein motif:HMM:TIGR01894.1']
    Key: locus_tag, Value: ['CEK71_RS10060']
    Key: phase, Value: ['0']
    Key: product, Value: ['type III-B CRISPR module RAMP protein Cmr1']
    Key: protein_id, Value: ['WP_088619261.1']
    Key: source, Value: ['Protein Homology']
    Key: transl_table, Value: ['11']

GF(type III-B CRISPR module RAMP protein Cmr1, 10855-12037 (-1))
type: CDS
location: [2213514:2214696](-)
id: cds-WP_088619262.1
qualifiers:
    Key: Dbxref, Value: ['GenBank:WP_088619262.1']
    Key: ID, Value: ['cds-WP_088619262.1']
    Key: Name, Value: ['WP_088619262.1']
    Key: Ontology_term, Value: ['GO:0043571', 'GO:0003674']
    Key: Parent, Value: ['gene-CEK71_RS10065']
    Key: gbkey, Value: ['CDS']
    Key: gene, Value: ['csx2']
    Key: go_function, Value: ['molecular_function|0003674||IEA']
    Key: go_process, Value: ['maintenance of CRISPR repeat elements|0043571||IEA']
    Key: inference, Value: ['COORDINATES: protein motif:HMM:NF021006.4']
    Key: locus_tag, Value: ['CEK71_RS10065']
    Key: phase, Value: ['0']
    Key: product, Value: ['TIGR02221 family CRISPR-associated protein']
    Key: protein_id, Value: ['WP_088619262.1']
    Key: source, Value: ['Protein Homology']
    Key: transl_table, Value: ['11']

GF(TIGR02221 family CRISPR-associated protein, 12046-13228 (-1))
type: CDS
location: [2214812:2215934](-)
id: cds-WP_088619263.1
qualifiers:
    Key: Dbxref, Value: ['GenBank:WP_088619263.1']
    Key: ID, Value: ['cds-WP_088619263.1']
    Key: Name, Value: ['WP_088619263.1']
    Key: Ontology_term, Value: ['GO:0043571', 'GO:0003674']
    Key: Parent, Value: ['gene-CEK71_RS10070']
    Key: gbkey, Value: ['CDS']
    Key: gene, Value: ['csm6']
    Key: go_function, Value: ['molecular_function|0003674||IEA']
    Key: go_process, Value: ['maintenance of CRISPR repeat elements|0043571||IEA']
    Key: inference, Value: ['COORDINATES: protein motif:HMM:NF021162.4']
    Key: locus_tag, Value: ['CEK71_RS10070']
    Key: phase, Value: ['0']
    Key: product, Value: ['CRISPR-associated ring nuclease Csm6']
    Key: protein_id, Value: ['WP_088619263.1']
    Key: source, Value: ['Protein Homology']
    Key: transl_table, Value: ['11']

GF(CRISPR-associated ring nuclease Csm6, 13344-14466 (-1))
type: CDS
location: [2216338:2216620](+)
id: cds-WP_157679118.1
qualifiers:
    Key: Dbxref, Value: ['GenBank:WP_157679118.1']
    Key: ID, Value: ['cds-WP_157679118.1']
    Key: Name, Value: ['WP_157679118.1']
    Key: Ontology_term, Value: ['GO:0043571', 'GO:0004521']
    Key: Parent, Value: ['gene-CEK71_RS22535']
    Key: gbkey, Value: ['CDS']
    Key: gene, Value: ['cas2']
    Key: go_function, Value: ['RNA endonuclease activity|0004521||IEA']
    Key: go_process, Value: ['maintenance of CRISPR repeat elements|0043571||IEA']
    Key: inference, Value: ['COORDINATES: protein motif:HMM:TIGR01573.1']
    Key: locus_tag, Value: ['CEK71_RS22535']
    Key: phase, Value: ['0']
    Key: product, Value: ['CRISPR-associated endonuclease Cas2']
    Key: protein_id, Value: ['WP_157679118.1']
    Key: source, Value: ['Protein Homology']
    Key: transl_table, Value: ['11']

GF(CRISPR-associated endonuclease Cas2, 14870-15152 (1))
type: CDS
location: [2216616:2216964](+)
id: cds-WP_088619265.1
qualifiers:
    Key: Dbxref, Value: ['GenBank:WP_088619265.1']
    Key: ID, Value: ['cds-WP_088619265.1']
    Key: Name, Value: ['WP_088619265.1']
    Key: Ontology_term, Value: ['GO:0043571', 'GO:0004521']
    Key: Parent, Value: ['gene-CEK71_RS10080']
    Key: gbkey, Value: ['CDS']
    Key: gene, Value: ['cas2']
    Key: go_function, Value: ['RNA endonuclease activity|0004521||IEA']
    Key: go_process, Value: ['maintenance of CRISPR repeat elements|0043571||IEA']
    Key: inference, Value: ['COORDINATES: protein motif:HMM:NF021356.4']
    Key: locus_tag, Value: ['CEK71_RS10080']
    Key: phase, Value: ['0']
    Key: product, Value: ['CRISPR-associated endonuclease Cas2']
    Key: protein_id, Value: ['WP_088619265.1']
    Key: source, Value: ['Protein Homology']
    Key: transl_table, Value: ['11']

GF(CRISPR-associated endonuclease Cas2, 15148-15496 (1))
type: CDS
location: [2217073:2218048](+)
id: cds-WP_157679121.1
qualifiers:
    Key: Dbxref, Value: ['GenBank:WP_157679121.1']
    Key: ID, Value: ['cds-WP_157679121.1']
    Key: Name, Value: ['WP_157679121.1']
    Key: Ontology_term, Value: ['GO:0043571', 'GO:0004520', 'GO:0046872']
    Key: Parent, Value: ['gene-CEK71_RS10085']
    Key: gbkey, Value: ['CDS']
    Key: gene, Value: ['cas1']
    Key: go_function, Value: ['DNA endonuclease activity|0004520||IEA', 'metal ion binding|0046872||IEA']
    Key: go_process, Value: ['maintenance of CRISPR repeat elements|0043571||IEA']
    Key: inference, Value: ['COORDINATES: protein motif:HMM:TIGR00287.1']
    Key: locus_tag, Value: ['CEK71_RS10085']
    Key: phase, Value: ['0']
    Key: product, Value: ['CRISPR-associated endonuclease Cas1']
    Key: protein_id, Value: ['WP_157679121.1']
    Key: source, Value: ['Protein Homology']
    Key: transl_table, Value: ['11']

GF(CRISPR-associated endonuclease Cas1, 15605-16580 (1))
type: CDS
location: [2218040:2218880](+)
id: cds-WP_088619267.1
qualifiers:
    Key: Dbxref, Value: ['GenBank:WP_088619267.1']
    Key: ID, Value: ['cds-WP_088619267.1']
    Key: Name, Value: ['WP_088619267.1']
    Key: Parent, Value: ['gene-CEK71_RS10090']
    Key: gbkey, Value: ['CDS']
    Key: inference, Value: ['COORDINATES: protein motif:HMM:NF012307.4']
    Key: locus_tag, Value: ['CEK71_RS10090']
    Key: phase, Value: ['0']
    Key: product, Value: ['reverse transcriptase domain-containing protein']
    Key: protein_id, Value: ['WP_088619267.1']
    Key: source, Value: ['Protein Homology']
    Key: transl_table, Value: ['11']

GF(reverse transcriptase domain-containing protein, 16572-17412 (1))
type: CDS
location: [2220111:2222859](+)
id: cds-WP_088619268.1
qualifiers:
    Key: Dbxref, Value: ['GenBank:WP_088619268.1']
    Key: ID, Value: ['cds-WP_088619268.1']
    Key: Name, Value: ['WP_088619268.1']
    Key: Parent, Value: ['gene-CEK71_RS10095']
    Key: gbkey, Value: ['CDS']
    Key: inference, Value: ['COORDINATES: protein motif:HMM:NF024117.4']
    Key: locus_tag, Value: ['CEK71_RS10095']
    Key: phase, Value: ['0']
    Key: product, Value: ['PD-(D/E)XK nuclease family protein']
    Key: protein_id, Value: ['WP_088619268.1']
    Key: source, Value: ['Protein Homology']
    Key: transl_table, Value: ['11']

GF(PD-(D/E)XK nuclease family protein, 18643-21391 (1))
type: repeat_region
location: [2205046:2205221](+)
id: NZ_CP022129.1_2
qualifiers:
    Key: Dbxref, Value: ['SO:0001459']
    Key: ID, Value: ['NZ_CP022129.1_2']
    Key: Note, Value: ['GTCTTAATCCCTTCGGTACAGGGATGCCTATCAAAC']
    Key: Ontology_term, Value: ['CRISPR']
    Key: score, Value: ['175']
    Key: source, Value: ['CCTyper']

GF(Repeat region, 3578-3753 (0))
type: repeat_region
location: [2219000:2219949](+)
id: NZ_CP022129.1_3
qualifiers:
    Key: Dbxref, Value: ['SO:0001459']
    Key: ID, Value: ['NZ_CP022129.1_3']
    Key: Note, Value: ['GTTTGATAGGTATCCCTGTTCAGAAGGGATTAAGAC']
    Key: Ontology_term, Value: ['CRISPR']
    Key: score, Value: ['949']
    Key: source, Value: ['CCTyper']

GF(Repeat region, 17532-18481 (0))
graphic feature from cctyper protein table: GF(Cas6, 4000-4923 (-1))
graphic feature from cctyper protein table: GF(Cmr6gr7, 5084-6229 (-1))
graphic feature from cctyper protein table: GF(Cmr5gr11, 6226-6651 (-1))
graphic feature from cctyper protein table: GF(Cmr4gr7, 6653-7591 (-1))
graphic feature from cctyper protein table: GF(Cmr3gr5, 7592-8878 (-1))
graphic feature from cctyper protein table: GF(Cas10, 8871-10859 (-1))
graphic feature from cctyper protein table: GF(Cmr1gr7, 10856-12037 (-1))
graphic feature from cctyper protein table: GF(Csx1, 12047-13228 (-1))
graphic feature from cctyper protein table: GF(Csx1, 13345-14466 (-1))
graphic feature from cctyper protein table: GF(Cas2, 14871-15152 (1))
graphic feature from cctyper protein table: GF(Cas2, 15149-15496 (1))
graphic feature from cctyper protein table: GF(Cas1, 15606-16580 (1))
graphic feature from cctyper protein table: GF(RT, 16573-17412 (1))
Index(['protein_id', 'start', 'end', 'effector', 'locus', 'sample', 'strand',
       'sequence', 'type'],
      dtype='object')
graphic feature from known effectors: GF(csx1, 12047-13228 (-1))
Index(['protein_id', 'start', 'end', 'effector', 'locus', 'sample', 'strand',
       'sequence'],
      dtype='object')
[GF(None, 1306-1546 (1)), GF(IS6 family transposase, 1529-1832 (1)), GF(None, 1866-3044 (-1)), GF(DDE-type integrase/transposase/recombinase, 3110-3500 (1)), GF(CRISPR system precrRNA processing endoribonuclease RAMP protein Cas6, 3999-4923 (-1)), GF(type III-B CRISPR module RAMP protein Cmr6, 5083-6229 (-1)), GF(type III-B CRISPR module-associated protein Cmr5, 6225-6651 (-1)), GF(type III-B CRISPR module RAMP protein Cmr4, 6652-7591 (-1)), GF(type III-B CRISPR module-associated Cmr3 family protein, 7591-8878 (-1)), GF(type III-B CRISPR-associated protein Cas10/Cmr2, 8870-10859 (-1)), GF(type III-B CRISPR module RAMP protein Cmr1, 10855-12037 (-1)), GF(TIGR02221 family CRISPR-associated protein, 12046-13228 (-1)), GF(CRISPR-associated ring nuclease Csm6, 13344-14466 (-1)), GF(CRISPR-associated endonuclease Cas2, 14870-15152 (1)), GF(CRISPR-associated endonuclease Cas2, 15148-15496 (1)), GF(CRISPR-associated endonuclease Cas1, 15605-16580 (1)), GF(reverse transcriptase domain-containing protein, 16572-17412 (1)), GF(PD-(D/E)XK nuclease family protein, 18643-21391 (1)), GF(Repeat region, 3578-3753 (0)), GF(Repeat region, 17532-18481 (0)), GF(Cas6, 4000-4923 (-1)), GF(Cmr6gr7, 5084-6229 (-1)), GF(Cmr5gr11, 6226-6651 (-1)), GF(Cmr4gr7, 6653-7591 (-1)), GF(Cmr3gr5, 7592-8878 (-1)), GF(Cas10, 8871-10859 (-1)), GF(Cmr1gr7, 10856-12037 (-1)), GF(Csx1, 12047-13228 (-1)), GF(Csx1, 13345-14466 (-1)), GF(Cas2, 14871-15152 (1)), GF(Cas2, 15149-15496 (1)), GF(Cas1, 15606-16580 (1)), GF(RT, 16573-17412 (1)), GF(csx1, 12047-13228 (-1)), GF(CRISPR-Cas locus, 4000-17412 (0))]
