Cas operons file:    Unnamed: 0         Contig  ...           locus_id           sample
0           1  NZ_CP074570.1  ...  GCF_019900845.1_1  GCF_019900845.1

[1 rows x 19 columns]
The chosen contig: NZ_CP074570.1
type: CDS
location: [3003810:3004308](+)
id: cds-WP_232358045.1
qualifiers:
    Key: Dbxref, Value: ['GenBank:WP_232358045.1']
    Key: ID, Value: ['cds-WP_232358045.1']
    Key: Name, Value: ['WP_232358045.1']
    Key: Parent, Value: ['gene-KIH87_RS11695']
    Key: gbkey, Value: ['CDS']
    Key: inference, Value: ['COORDINATES: ab initio prediction:GeneMarkS-2+']
    Key: locus_tag, Value: ['KIH87_RS11695']
    Key: phase, Value: ['0']
    Key: product, Value: ['hypothetical protein']
    Key: protein_id, Value: ['WP_232358045.1']
    Key: source, Value: ['GeneMarkS-2+']
    Key: transl_table, Value: ['11']

GF(None, 80-578 (1))
type: CDS
location: [3004300:3004600](+)
id: cds-WP_232358046.1
qualifiers:
    Key: Dbxref, Value: ['GenBank:WP_232358046.1']
    Key: ID, Value: ['cds-WP_232358046.1']
    Key: Name, Value: ['WP_232358046.1']
    Key: Parent, Value: ['gene-KIH87_RS11700']
    Key: gbkey, Value: ['CDS']
    Key: inference, Value: ['COORDINATES: ab initio prediction:GeneMarkS-2+']
    Key: locus_tag, Value: ['KIH87_RS11700']
    Key: phase, Value: ['0']
    Key: product, Value: ['hypothetical protein']
    Key: protein_id, Value: ['WP_232358046.1']
    Key: source, Value: ['GeneMarkS-2+']
    Key: transl_table, Value: ['11']

GF(None, 570-870 (1))
type: CDS
location: [3004593:3004845](+)
id: cds-WP_232358047.1
qualifiers:
    Key: Dbxref, Value: ['GenBank:WP_232358047.1']
    Key: ID, Value: ['cds-WP_232358047.1']
    Key: Name, Value: ['WP_232358047.1']
    Key: Parent, Value: ['gene-KIH87_RS11705']
    Key: gbkey, Value: ['CDS']
    Key: inference, Value: ['COORDINATES: ab initio prediction:GeneMarkS-2+']
    Key: locus_tag, Value: ['KIH87_RS11705']
    Key: phase, Value: ['0']
    Key: product, Value: ['hypothetical protein']
    Key: protein_id, Value: ['WP_232358047.1']
    Key: source, Value: ['GeneMarkS-2+']
    Key: transl_table, Value: ['11']

GF(None, 863-1115 (1))
type: CDS
location: [3004870:3005437](-)
id: cds-WP_232358048.1
qualifiers:
    Key: Dbxref, Value: ['GenBank:WP_232358048.1']
    Key: ID, Value: ['cds-WP_232358048.1']
    Key: Name, Value: ['WP_232358048.1']
    Key: Ontology_term, Value: ['GO:0045892', 'GO:0003677']
    Key: Parent, Value: ['gene-KIH87_RS11710']
    Key: gbkey, Value: ['CDS']
    Key: go_function, Value: ['DNA binding|0003677||IEA']
    Key: go_process, Value: ['negative regulation of DNA-templated transcription|0045892||IEA']
    Key: inference, Value: ['COORDINATES: protein motif:HMM:NF018697.4']
    Key: locus_tag, Value: ['KIH87_RS11710']
    Key: phase, Value: ['0']
    Key: product, Value: ['helix-turn-helix domain-containing protein']
    Key: protein_id, Value: ['WP_232358048.1']
    Key: source, Value: ['Protein Homology']
    Key: transl_table, Value: ['11']

GF(helix-turn-helix domain-containing protein, 1140-1707 (-1))
type: CDS
location: [3005643:3005874](+)
id: cds-WP_232358049.1
qualifiers:
    Key: Dbxref, Value: ['GenBank:WP_232358049.1']
    Key: ID, Value: ['cds-WP_232358049.1']
    Key: Name, Value: ['WP_232358049.1']
    Key: Ontology_term, Value: ['GO:0003677']
    Key: Parent, Value: ['gene-KIH87_RS11715']
    Key: gbkey, Value: ['CDS']
    Key: go_function, Value: ['DNA binding|0003677||IEA']
    Key: inference, Value: ['COORDINATES: similar to AA sequence:RefSeq:WP_007638987.1']
    Key: locus_tag, Value: ['KIH87_RS11715']
    Key: phase, Value: ['0']
    Key: product, Value: ['helix-turn-helix transcriptional regulator']
    Key: protein_id, Value: ['WP_232358049.1']
    Key: source, Value: ['Protein Homology']
    Key: transl_table, Value: ['11']

GF(helix-turn-helix transcriptional regulator, 1913-2144 (1))
type: CDS
location: [3006367:3006856](-)
id: cds-WP_232358050.1
qualifiers:
    Key: Dbxref, Value: ['GenBank:WP_232358050.1']
    Key: ID, Value: ['cds-WP_232358050.1']
    Key: Name, Value: ['WP_232358050.1']
    Key: Ontology_term, Value: ['GO:0045892', 'GO:0003677']
    Key: Parent, Value: ['gene-KIH87_RS11720']
    Key: gbkey, Value: ['CDS']
    Key: go_function, Value: ['DNA binding|0003677||IEA']
    Key: go_process, Value: ['negative regulation of DNA-templated transcription|0045892||IEA']
    Key: inference, Value: ['COORDINATES: protein motif:HMM:NF018697.4']
    Key: locus_tag, Value: ['KIH87_RS11720']
    Key: phase, Value: ['0']
    Key: product, Value: ['helix-turn-helix domain-containing protein']
    Key: protein_id, Value: ['WP_232358050.1']
    Key: source, Value: ['Protein Homology']
    Key: transl_table, Value: ['11']

GF(helix-turn-helix domain-containing protein, 2637-3126 (-1))
type: CDS
location: [3007026:3007314](+)
id: cds-WP_232358051.1
qualifiers:
    Key: Dbxref, Value: ['GenBank:WP_232358051.1']
    Key: ID, Value: ['cds-WP_232358051.1']
    Key: Name, Value: ['WP_232358051.1']
    Key: Ontology_term, Value: ['GO:0003677']
    Key: Parent, Value: ['gene-KIH87_RS11725']
    Key: gbkey, Value: ['CDS']
    Key: go_function, Value: ['DNA binding|0003677||IEA']
    Key: inference, Value: ['COORDINATES: protein motif:HMM:NF013540.4']
    Key: locus_tag, Value: ['KIH87_RS11725']
    Key: phase, Value: ['0']
    Key: product, Value: ['helix-turn-helix transcriptional regulator']
    Key: protein_id, Value: ['WP_232358051.1']
    Key: source, Value: ['Protein Homology']
    Key: transl_table, Value: ['11']

GF(helix-turn-helix transcriptional regulator, 3296-3584 (1))
type: CDS
location: [3007344:3007644](+)
id: cds-WP_232358052.1
qualifiers:
    Key: Dbxref, Value: ['GenBank:WP_232358052.1']
    Key: ID, Value: ['cds-WP_232358052.1']
    Key: Name, Value: ['WP_232358052.1']
    Key: Parent, Value: ['gene-KIH87_RS11730']
    Key: gbkey, Value: ['CDS']
    Key: inference, Value: ['COORDINATES: ab initio prediction:GeneMarkS-2+']
    Key: locus_tag, Value: ['KIH87_RS11730']
    Key: phase, Value: ['0']
    Key: product, Value: ['hypothetical protein']
    Key: protein_id, Value: ['WP_232358052.1']
    Key: source, Value: ['GeneMarkS-2+']
    Key: transl_table, Value: ['11']

GF(None, 3614-3914 (1))
type: CDS
location: [3007729:3009454](-)
id: cds-WP_232358053.1
qualifiers:
    Key: Dbxref, Value: ['GenBank:WP_232358053.1']
    Key: ID, Value: ['cds-WP_232358053.1']
    Key: Name, Value: ['WP_232358053.1']
    Key: Parent, Value: ['gene-KIH87_RS11735']
    Key: gbkey, Value: ['CDS']
    Key: inference, Value: ['COORDINATES: ab initio prediction:GeneMarkS-2+']
    Key: locus_tag, Value: ['KIH87_RS11735']
    Key: phase, Value: ['0']
    Key: product, Value: ['hypothetical protein']
    Key: protein_id, Value: ['WP_232358053.1']
    Key: source, Value: ['GeneMarkS-2+']
    Key: transl_table, Value: ['11']

GF(None, 3999-5724 (-1))
type: CDS
location: [3009760:3010039](+)
id: cds-WP_232358054.1
qualifiers:
    Key: Dbxref, Value: ['GenBank:WP_232358054.1']
    Key: ID, Value: ['cds-WP_232358054.1']
    Key: Name, Value: ['WP_232358054.1']
    Key: Ontology_term, Value: ['GO:0006355']
    Key: Parent, Value: ['gene-KIH87_RS11740']
    Key: gbkey, Value: ['CDS']
    Key: go_process, Value: ['regulation of DNA-templated transcription|0006355||IEA']
    Key: inference, Value: ['COORDINATES: similar to AA sequence:RefSeq:WP_006002348.1']
    Key: locus_tag, Value: ['KIH87_RS11740']
    Key: phase, Value: ['0']
    Key: product, Value: ['type II toxin-antitoxin system RelB/DinJ family antitoxin']
    Key: protein_id, Value: ['WP_232358054.1']
    Key: source, Value: ['Protein Homology']
    Key: transl_table, Value: ['11']

GF(type II toxin-antitoxin system RelB/DinJ family antitoxin, 6030-6309 (1))
type: CDS
location: [3010031:3010304](+)
id: cds-WP_232358055.1
qualifiers:
    Key: Dbxref, Value: ['GenBank:WP_232358055.1']
    Key: ID, Value: ['cds-WP_232358055.1']
    Key: Name, Value: ['WP_232358055.1']
    Key: Parent, Value: ['gene-KIH87_RS11745']
    Key: gbkey, Value: ['CDS']
    Key: inference, Value: ['COORDINATES: similar to AA sequence:RefSeq:WP_002360769.1']
    Key: locus_tag, Value: ['KIH87_RS11745']
    Key: phase, Value: ['0']
    Key: product, Value: ['type II toxin-antitoxin system YafQ family toxin']
    Key: protein_id, Value: ['WP_232358055.1']
    Key: source, Value: ['Protein Homology']
    Key: transl_table, Value: ['11']

GF(type II toxin-antitoxin system YafQ family toxin, 6301-6574 (1))
type: CDS
location: [3012300:3014091](-)
id: cds-WP_232358056.1
qualifiers:
    Key: Dbxref, Value: ['GenBank:WP_232358056.1']
    Key: ID, Value: ['cds-WP_232358056.1']
    Key: Name, Value: ['WP_232358056.1']
    Key: Parent, Value: ['gene-KIH87_RS11750']
    Key: gbkey, Value: ['CDS']
    Key: inference, Value: ['COORDINATES: protein motif:HMM:NF012307.4']
    Key: locus_tag, Value: ['KIH87_RS11750']
    Key: phase, Value: ['0']
    Key: product, Value: ['reverse transcriptase/maturase family protein']
    Key: protein_id, Value: ['WP_232358056.1']
    Key: source, Value: ['Protein Homology']
    Key: transl_table, Value: ['11']

GF(reverse transcriptase/maturase family protein, 8570-10361 (-1))
type: CDS
location: [3014111:3016364](-)
id: cds-WP_232358057.1
qualifiers:
    Key: Dbxref, Value: ['GenBank:WP_232358057.1']
    Key: ID, Value: ['cds-WP_232358057.1']
    Key: Name, Value: ['WP_232358057.1']
    Key: Parent, Value: ['gene-KIH87_RS11755']
    Key: gbkey, Value: ['CDS']
    Key: inference, Value: ['COORDINATES: ab initio prediction:GeneMarkS-2+']
    Key: locus_tag, Value: ['KIH87_RS11755']
    Key: phase, Value: ['0']
    Key: product, Value: ['hypothetical protein']
    Key: protein_id, Value: ['WP_232358057.1']
    Key: source, Value: ['GeneMarkS-2+']
    Key: transl_table, Value: ['11']

GF(None, 10381-12634 (-1))
type: CDS
location: [3016366:3019153](-)
id: cds-WP_232358058.1
qualifiers:
    Key: Dbxref, Value: ['GenBank:WP_232358058.1']
    Key: ID, Value: ['cds-WP_232358058.1']
    Key: Name, Value: ['WP_232358058.1']
    Key: Parent, Value: ['gene-KIH87_RS11760']
    Key: gbkey, Value: ['CDS']
    Key: inference, Value: ['COORDINATES: ab initio prediction:GeneMarkS-2+']
    Key: locus_tag, Value: ['KIH87_RS11760']
    Key: phase, Value: ['0']
    Key: product, Value: ['hypothetical protein']
    Key: protein_id, Value: ['WP_232358058.1']
    Key: source, Value: ['GeneMarkS-2+']
    Key: transl_table, Value: ['11']

GF(None, 12636-15423 (-1))
type: CDS
location: [3019152:3019680](-)
id: cds-WP_232358059.1
qualifiers:
    Key: Dbxref, Value: ['GenBank:WP_232358059.1']
    Key: ID, Value: ['cds-WP_232358059.1']
    Key: Name, Value: ['WP_232358059.1']
    Key: Parent, Value: ['gene-KIH87_RS11765']
    Key: gbkey, Value: ['CDS']
    Key: inference, Value: ['COORDINATES: ab initio prediction:GeneMarkS-2+']
    Key: locus_tag, Value: ['KIH87_RS11765']
    Key: phase, Value: ['0']
    Key: product, Value: ['hypothetical protein']
    Key: protein_id, Value: ['WP_232358059.1']
    Key: source, Value: ['GeneMarkS-2+']
    Key: transl_table, Value: ['11']

GF(None, 15422-15950 (-1))
type: CDS
location: [3019672:3021340](-)
id: cds-WP_232358060.1
qualifiers:
    Key: Dbxref, Value: ['GenBank:WP_232358060.1']
    Key: ID, Value: ['cds-WP_232358060.1']
    Key: Name, Value: ['WP_232358060.1']
    Key: Parent, Value: ['gene-KIH87_RS11770']
    Key: gbkey, Value: ['CDS']
    Key: inference, Value: ['COORDINATES: protein motif:HMM:NF015728.4']
    Key: locus_tag, Value: ['KIH87_RS11770']
    Key: phase, Value: ['0']
    Key: product, Value: ['RAMP superfamily CRISPR-associated protein']
    Key: protein_id, Value: ['WP_232358060.1']
    Key: source, Value: ['Protein Homology']
    Key: transl_table, Value: ['11']

GF(RAMP superfamily CRISPR-associated protein, 15942-17610 (-1))
type: CDS
location: [3021336:3023616](-)
id: cds-WP_232358061.1
qualifiers:
    Key: Dbxref, Value: ['GenBank:WP_232358061.1']
    Key: ID, Value: ['cds-WP_232358061.1']
    Key: Name, Value: ['WP_232358061.1']
    Key: Parent, Value: ['gene-KIH87_RS11775']
    Key: gbkey, Value: ['CDS']
    Key: inference, Value: ['COORDINATES: protein motif:HMM:NF015728.4']
    Key: locus_tag, Value: ['KIH87_RS11775']
    Key: phase, Value: ['0']
    Key: product, Value: ['RAMP superfamily CRISPR-associated protein']
    Key: protein_id, Value: ['WP_232358061.1']
    Key: source, Value: ['Protein Homology']
    Key: transl_table, Value: ['11']

GF(RAMP superfamily CRISPR-associated protein, 17606-19886 (-1))
type: CDS
location: [3023612:3025298](-)
id: cds-WP_232358062.1
qualifiers:
    Key: Dbxref, Value: ['GenBank:WP_232358062.1']
    Key: ID, Value: ['cds-WP_232358062.1']
    Key: Name, Value: ['WP_232358062.1']
    Key: Parent, Value: ['gene-KIH87_RS11780']
    Key: gbkey, Value: ['CDS']
    Key: inference, Value: ['COORDINATES: ab initio prediction:GeneMarkS-2+']
    Key: locus_tag, Value: ['KIH87_RS11780']
    Key: phase, Value: ['0']
    Key: product, Value: ['hypothetical protein']
    Key: protein_id, Value: ['WP_232358062.1']
    Key: source, Value: ['GeneMarkS-2+']
    Key: transl_table, Value: ['11']

GF(None, 19882-21568 (-1))
type: CDS
location: [3025692:3026001](-)
id: cds-WP_232358063.1
qualifiers:
    Key: Dbxref, Value: ['GenBank:WP_232358063.1']
    Key: ID, Value: ['cds-WP_232358063.1']
    Key: Name, Value: ['WP_232358063.1']
    Key: Ontology_term, Value: ['GO:0009432', 'GO:0030541', 'GO:0051290', 'GO:0008657', 'GO:0042803']
    Key: Parent, Value: ['gene-KIH87_RS11785']
    Key: gbkey, Value: ['CDS']
    Key: go_function, Value: ['DNA topoisomerase type II (double strand cut, ATP-hydrolyzing) inhibitor activity|0008657||IEA', 'protein homodimerization activity|0042803||IEA']
    Key: go_process, Value: ['SOS response|0009432||IEA', 'plasmid partitioning|0030541||IEA', 'protein heterotetramerization|0051290||IEA']
    Key: inference, Value: ['COORDINATES: protein motif:HMM:NF016876.4']
    Key: locus_tag, Value: ['KIH87_RS11785']
    Key: phase, Value: ['0']
    Key: product, Value: ['type II toxin-antitoxin system RelE/ParE family toxin']
    Key: protein_id, Value: ['WP_232358063.1']
    Key: source, Value: ['Protein Homology']
    Key: transl_table, Value: ['11']

GF(type II toxin-antitoxin system RelE/ParE family toxin, 21962-22271 (-1))
type: CDS
location: [3025984:3026209](-)
id: cds-WP_232358064.1
qualifiers:
    Key: Dbxref, Value: ['GenBank:WP_232358064.1']
    Key: ID, Value: ['cds-WP_232358064.1']
    Key: Name, Value: ['WP_232358064.1']
    Key: Parent, Value: ['gene-KIH87_RS11790']
    Key: gbkey, Value: ['CDS']
    Key: inference, Value: ['COORDINATES: protein motif:HMM:NF021253.4']
    Key: locus_tag, Value: ['KIH87_RS11790']
    Key: phase, Value: ['0']
    Key: product, Value: ['addiction module protein']
    Key: protein_id, Value: ['WP_232358064.1']
    Key: source, Value: ['Protein Homology']
    Key: transl_table, Value: ['11']

GF(addiction module protein, 22254-22479 (-1))
type: repeat_region
location: [3011353:3011739](+)
id: NZ_CP074570.1_10
qualifiers:
    Key: Dbxref, Value: ['SO:0001459']
    Key: ID, Value: ['NZ_CP074570.1_10']
    Key: Note, Value: ['GTTTCACGGGCACTCTGCCCTAAGAGCTCTGCAAC']
    Key: Ontology_term, Value: ['CRISPR']
    Key: score, Value: ['386']
    Key: source, Value: ['CCTyper']

GF(Repeat region, 7623-8009 (0))
type: repeat_region
location: [3028280:3028588](+)
id: NZ_CP074570.1_11
qualifiers:
    Key: Dbxref, Value: ['SO:0001459']
    Key: ID, Value: ['NZ_CP074570.1_11']
    Key: Note, Value: ['GTTTCACGGGCACTCTGCCCTAAGAGCTCTGCAAC']
    Key: Ontology_term, Value: ['CRISPR']
    Key: score, Value: ['308']
    Key: source, Value: ['CCTyper']

GF(Repeat region, 24550-24858 (0))
graphic feature from known effectors: GF(cora, 4000-5724 (-1))
[GF(None, 80-578 (1)), GF(None, 570-870 (1)), GF(None, 863-1115 (1)), GF(helix-turn-helix domain-containing protein, 1140-1707 (-1)), GF(helix-turn-helix transcriptional regulator, 1913-2144 (1)), GF(helix-turn-helix domain-containing protein, 2637-3126 (-1)), GF(helix-turn-helix transcriptional regulator, 3296-3584 (1)), GF(None, 3614-3914 (1)), GF(None, 3999-5724 (-1)), GF(type II toxin-antitoxin system RelB/DinJ family antitoxin, 6030-6309 (1)), GF(type II toxin-antitoxin system YafQ family toxin, 6301-6574 (1)), GF(reverse transcriptase/maturase family protein, 8570-10361 (-1)), GF(None, 10381-12634 (-1)), GF(None, 12636-15423 (-1)), GF(None, 15422-15950 (-1)), GF(RAMP superfamily CRISPR-associated protein, 15942-17610 (-1)), GF(RAMP superfamily CRISPR-associated protein, 17606-19886 (-1)), GF(None, 19882-21568 (-1)), GF(type II toxin-antitoxin system RelE/ParE family toxin, 21962-22271 (-1)), GF(addiction module protein, 22254-22479 (-1)), GF(Repeat region, 7623-8009 (0)), GF(Repeat region, 24550-24858 (0)), GF(cora, 4000-5724 (-1)), GF(CRISPR-Cas locus, 4000-21568 (0))]
