Cas operons file:    Unnamed: 0         Contig  ...           locus_id           sample
0           2  NZ_AP017928.1  ...  GCF_003584645.1_2  GCF_003584645.1

[1 rows x 19 columns]
The chosen contig: NZ_AP017928.1
type: CDS
location: [4478925:4480014](-)
id: cds-WP_119628055.1-7
qualifiers:
    Key: Dbxref, Value: ['GenBank:WP_119628055.1']
    Key: ID, Value: ['cds-WP_119628055.1-7']
    Key: Name, Value: ['WP_119628055.1']
    Key: Ontology_term, Value: ['GO:0004803']
    Key: Parent, Value: ['gene-sS8_RS20000']
    Key: gbkey, Value: ['CDS']
    Key: go_function, Value: ['transposase activity|0004803||IEA']
    Key: inference, Value: ['COORDINATES: similar to AA sequence:RefSeq:WP_011913346.1']
    Key: locus_tag, Value: ['sS8_RS20000']
    Key: phase, Value: ['0']
    Key: product, Value: ['IS5 family transposase']
    Key: protein_id, Value: ['WP_119628055.1']
    Key: source, Value: ['Protein Homology']
    Key: transl_table, Value: ['11']

GF(IS5 family transposase, 2159-3248 (-1))
type: CDS
location: [4480765:4481845](-)
id: cds-WP_119631304.1
qualifiers:
    Key: Dbxref, Value: ['GenBank:WP_119631304.1']
    Key: ID, Value: ['cds-WP_119631304.1']
    Key: Name, Value: ['WP_119631304.1']
    Key: Ontology_term, Value: ['GO:0043571', 'GO:0003674']
    Key: Parent, Value: ['gene-sS8_RS20005']
    Key: gbkey, Value: ['CDS']
    Key: gene, Value: ['cmr6']
    Key: go_function, Value: ['molecular_function|0003674||IEA']
    Key: go_process, Value: ['maintenance of CRISPR repeat elements|0043571||IEA']
    Key: inference, Value: ['COORDINATES: protein motif:HMM:NF015728.4']
    Key: locus_tag, Value: ['sS8_RS20005']
    Key: phase, Value: ['0']
    Key: product, Value: ['type III-B CRISPR module RAMP protein Cmr6']
    Key: protein_id, Value: ['WP_119631304.1']
    Key: source, Value: ['Protein Homology']
    Key: transl_table, Value: ['11']

GF(type III-B CRISPR module RAMP protein Cmr6, 3999-5079 (-1))
type: CDS
location: [4481854:4482196](-)
id: cds-WP_119631305.1
qualifiers:
    Key: Dbxref, Value: ['GenBank:WP_119631305.1']
    Key: ID, Value: ['cds-WP_119631305.1']
    Key: Name, Value: ['WP_119631305.1']
    Key: Ontology_term, Value: ['GO:0043571', 'GO:0003674']
    Key: Parent, Value: ['gene-sS8_RS20010']
    Key: gbkey, Value: ['CDS']
    Key: gene, Value: ['cmr5']
    Key: go_function, Value: ['molecular_function|0003674||IEA']
    Key: go_process, Value: ['maintenance of CRISPR repeat elements|0043571||IEA']
    Key: inference, Value: ['COORDINATES: protein motif:HMM:TIGR01881.1']
    Key: locus_tag, Value: ['sS8_RS20010']
    Key: phase, Value: ['0']
    Key: product, Value: ['type III-B CRISPR module-associated protein Cmr5']
    Key: protein_id, Value: ['WP_119631305.1']
    Key: source, Value: ['Protein Homology']
    Key: transl_table, Value: ['11']

GF(type III-B CRISPR module-associated protein Cmr5, 5088-5430 (-1))
type: CDS
location: [4482315:4483245](-)
id: cds-WP_119631306.1
qualifiers:
    Key: Dbxref, Value: ['GenBank:WP_119631306.1']
    Key: ID, Value: ['cds-WP_119631306.1']
    Key: Name, Value: ['WP_119631306.1']
    Key: Ontology_term, Value: ['GO:0043571', 'GO:0003674']
    Key: Parent, Value: ['gene-sS8_RS20015']
    Key: gbkey, Value: ['CDS']
    Key: gene, Value: ['cmr4']
    Key: go_function, Value: ['molecular_function|0003674||IEA']
    Key: go_process, Value: ['maintenance of CRISPR repeat elements|0043571||IEA']
    Key: inference, Value: ['COORDINATES: protein motif:HMM:TIGR02580.1']
    Key: locus_tag, Value: ['sS8_RS20015']
    Key: phase, Value: ['0']
    Key: product, Value: ['type III-B CRISPR module RAMP protein Cmr4']
    Key: protein_id, Value: ['WP_119631306.1']
    Key: source, Value: ['Protein Homology']
    Key: transl_table, Value: ['11']

GF(type III-B CRISPR module RAMP protein Cmr4, 5549-6479 (-1))
type: CDS
location: [4483279:4484422](-)
id: cds-WP_170161185.1
qualifiers:
    Key: Dbxref, Value: ['GenBank:WP_170161185.1']
    Key: ID, Value: ['cds-WP_170161185.1']
    Key: Name, Value: ['WP_170161185.1']
    Key: Parent, Value: ['gene-sS8_RS20020']
    Key: gbkey, Value: ['CDS']
    Key: inference, Value: ['COORDINATES: protein motif:HMM:NF021236.4']
    Key: locus_tag, Value: ['sS8_RS20020']
    Key: phase, Value: ['0']
    Key: product, Value: ['type III-B CRISPR module-associated protein Cmr3']
    Key: protein_id, Value: ['WP_170161185.1']
    Key: source, Value: ['Protein Homology']
    Key: transl_table, Value: ['11']

GF(type III-B CRISPR module-associated protein Cmr3, 6513-7656 (-1))
type: CDS
location: [4484469:4484754](-)
id: cds-WP_119631308.1
qualifiers:
    Key: Dbxref, Value: ['GenBank:WP_119631308.1']
    Key: ID, Value: ['cds-WP_119631308.1']
    Key: Name, Value: ['WP_119631308.1']
    Key: Parent, Value: ['gene-sS8_RS20025']
    Key: gbkey, Value: ['CDS']
    Key: inference, Value: ['COORDINATES: similar to AA sequence:RefSeq:WP_019864454.1']
    Key: locus_tag, Value: ['sS8_RS20025']
    Key: phase, Value: ['0']
    Key: product, Value: ['nucleotidyltransferase family protein']
    Key: protein_id, Value: ['WP_119631308.1']
    Key: source, Value: ['Protein Homology']
    Key: transl_table, Value: ['11']

GF(nucleotidyltransferase family protein, 7703-7988 (-1))
type: CDS
location: [4484865:4487844](-)
id: cds-WP_119631309.1
qualifiers:
    Key: Dbxref, Value: ['GenBank:WP_119631309.1']
    Key: ID, Value: ['cds-WP_119631309.1']
    Key: Name, Value: ['WP_119631309.1']
    Key: Ontology_term, Value: ['GO:0043571', 'GO:0003674']
    Key: Parent, Value: ['gene-sS8_RS20030']
    Key: gbkey, Value: ['CDS']
    Key: gene, Value: ['cas10']
    Key: go_function, Value: ['molecular_function|0003674||IEA']
    Key: go_process, Value: ['maintenance of CRISPR repeat elements|0043571||IEA']
    Key: inference, Value: ['COORDINATES: protein motif:HMM:TIGR02577.1']
    Key: locus_tag, Value: ['sS8_RS20030']
    Key: phase, Value: ['0']
    Key: product, Value: ['type III-B CRISPR-associated protein Cas10/Cmr2']
    Key: protein_id, Value: ['WP_119631309.1']
    Key: source, Value: ['Protein Homology']
    Key: transl_table, Value: ['11']

GF(type III-B CRISPR-associated protein Cas10/Cmr2, 8099-11078 (-1))
type: CDS
location: [4487855:4488929](-)
id: cds-WP_119631310.1
qualifiers:
    Key: Dbxref, Value: ['GenBank:WP_119631310.1']
    Key: ID, Value: ['cds-WP_119631310.1']
    Key: Name, Value: ['WP_119631310.1']
    Key: Parent, Value: ['gene-sS8_RS20035']
    Key: gbkey, Value: ['CDS']
    Key: inference, Value: ['COORDINATES: ab initio prediction:GeneMarkS-2+']
    Key: locus_tag, Value: ['sS8_RS20035']
    Key: phase, Value: ['0']
    Key: product, Value: ['hypothetical protein']
    Key: protein_id, Value: ['WP_119631310.1']
    Key: source, Value: ['GeneMarkS-2+']
    Key: transl_table, Value: ['11']

GF(None, 11089-12163 (-1))
type: CDS
location: [4488947:4489235](-)
id: cds-WP_331852294.1
qualifiers:
    Key: Dbxref, Value: ['GenBank:WP_331852294.1']
    Key: ID, Value: ['cds-WP_331852294.1']
    Key: Name, Value: ['WP_331852294.1']
    Key: Parent, Value: ['gene-sS8_RS20040']
    Key: gbkey, Value: ['CDS']
    Key: gene, Value: ['cas6']
    Key: inference, Value: ['COORDINATES: protein motif:HMM:NF021551.4']
    Key: locus_tag, Value: ['sS8_RS20040']
    Key: phase, Value: ['0']
    Key: product, Value: ['CRISPR system precrRNA processing endoribonuclease RAMP protein Cas6']
    Key: protein_id, Value: ['WP_331852294.1']
    Key: source, Value: ['Protein Homology']
    Key: transl_table, Value: ['11']

GF(CRISPR system precrRNA processing endoribonuclease RAMP protein Cas6, 12181-12469 (-1))
type: CDS
location: [4489565:4489937](-)
id: cds-WP_119631312.1
qualifiers:
    Key: Dbxref, Value: ['GenBank:WP_119631312.1']
    Key: ID, Value: ['cds-WP_119631312.1']
    Key: Name, Value: ['WP_119631312.1']
    Key: Ontology_term, Value: ['GO:0005524']
    Key: Parent, Value: ['gene-sS8_RS20045']
    Key: gbkey, Value: ['CDS']
    Key: go_function, Value: ['ATP binding|0005524||IEA']
    Key: inference, Value: ['COORDINATES: protein motif:HMM:NF014567.4']
    Key: locus_tag, Value: ['sS8_RS20045']
    Key: phase, Value: ['0']
    Key: product, Value: ['ATP-binding protein']
    Key: protein_id, Value: ['WP_119631312.1']
    Key: source, Value: ['Protein Homology']
    Key: transl_table, Value: ['11']

GF(ATP-binding protein, 12799-13171 (-1))
type: CDS
location: [4490087:4490492](-)
id: cds-WP_232020370.1
qualifiers:
    Key: Dbxref, Value: ['GenBank:WP_232020370.1']
    Key: ID, Value: ['cds-WP_232020370.1']
    Key: Name, Value: ['WP_232020370.1']
    Key: Ontology_term, Value: ['GO:0007165', 'GO:0000155']
    Key: Parent, Value: ['gene-sS8_RS29350']
    Key: gbkey, Value: ['CDS']
    Key: go_function, Value: ['phosphorelay sensor kinase activity|0000155||IEA']
    Key: go_process, Value: ['signal transduction|0007165||IEA']
    Key: inference, Value: ['COORDINATES: protein motif:HMM:NF012722.4']
    Key: locus_tag, Value: ['sS8_RS29350']
    Key: phase, Value: ['0']
    Key: product, Value: ['histidine kinase dimerization/phospho-acceptor domain-containing protein']
    Key: protein_id, Value: ['WP_232020370.1']
    Key: source, Value: ['Protein Homology']
    Key: transl_table, Value: ['11']

GF(histidine kinase dimerization/phospho-acceptor domain-containing protein, 13321-13726 (-1))
type: CDS
location: [4490452:4491286](-)
id: cds-WP_232020371.1
qualifiers:
    Key: Dbxref, Value: ['GenBank:WP_232020371.1']
    Key: ID, Value: ['cds-WP_232020371.1']
    Key: Name, Value: ['WP_232020371.1']
    Key: Ontology_term, Value: ['GO:0007165', 'GO:0016020']
    Key: Parent, Value: ['gene-sS8_RS20050']
    Key: gbkey, Value: ['CDS']
    Key: go_component, Value: ['membrane|0016020||IEA']
    Key: go_process, Value: ['signal transduction|0007165||IEA']
    Key: inference, Value: ['COORDINATES: protein motif:HMM:NF012876.4']
    Key: locus_tag, Value: ['sS8_RS20050']
    Key: phase, Value: ['0']
    Key: product, Value: ['HAMP domain-containing protein']
    Key: protein_id, Value: ['WP_232020371.1']
    Key: source, Value: ['Protein Homology']
    Key: transl_table, Value: ['11']

GF(HAMP domain-containing protein, 13686-14520 (-1))
type: repeat_region
location: [4478396:4478717](+)
id: NZ_AP017928.1_2
qualifiers:
    Key: Dbxref, Value: ['SO:0001459']
    Key: ID, Value: ['NZ_AP017928.1_2']
    Key: Note, Value: ['GTCTTAATCCCTTCTTTATCAGGTCTCGATTCAAAC']
    Key: Ontology_term, Value: ['CRISPR']
    Key: score, Value: ['321']
    Key: source, Value: ['CCTyper']

GF(Repeat region, 1630-1951 (0))
type: repeat_region
location: [4480135:4480661](+)
id: NZ_AP017928.1_3
qualifiers:
    Key: Dbxref, Value: ['SO:0001459']
    Key: ID, Value: ['NZ_AP017928.1_3']
    Key: Note, Value: ['GTCTTAATCCCTTCTTTATCAGGTCTCGATTCAAAC']
    Key: Ontology_term, Value: ['CRISPR']
    Key: score, Value: ['526']
    Key: source, Value: ['CCTyper']

GF(Repeat region, 3369-3895 (0))
[GF(IS5 family transposase, 2159-3248 (-1)), GF(type III-B CRISPR module RAMP protein Cmr6, 3999-5079 (-1)), GF(type III-B CRISPR module-associated protein Cmr5, 5088-5430 (-1)), GF(type III-B CRISPR module RAMP protein Cmr4, 5549-6479 (-1)), GF(type III-B CRISPR module-associated protein Cmr3, 6513-7656 (-1)), GF(nucleotidyltransferase family protein, 7703-7988 (-1)), GF(type III-B CRISPR-associated protein Cas10/Cmr2, 8099-11078 (-1)), GF(None, 11089-12163 (-1)), GF(CRISPR system precrRNA processing endoribonuclease RAMP protein Cas6, 12181-12469 (-1)), GF(ATP-binding protein, 12799-13171 (-1)), GF(histidine kinase dimerization/phospho-acceptor domain-containing protein, 13321-13726 (-1)), GF(HAMP domain-containing protein, 13686-14520 (-1)), GF(Repeat region, 1630-1951 (0)), GF(Repeat region, 3369-3895 (0)), GF(CRISPR-Cas locus, 4000-11078 (0))]
