Cas operons file:    Unnamed: 0         Contig  ...           locus_id           sample
0           2  NZ_CP028097.1  ...  GCF_003015225.1_2  GCF_003015225.1

[1 rows x 19 columns]
The chosen contig: NZ_CP028097.1
type: CDS
location: [47549:48242](+)
id: cds-WP_223211244.1
qualifiers:
    Key: Dbxref, Value: ['GenBank:WP_223211244.1']
    Key: ID, Value: ['cds-WP_223211244.1']
    Key: Name, Value: ['WP_223211244.1']
    Key: Parent, Value: ['gene-C7I86_RS16990']
    Key: gbkey, Value: ['CDS']
    Key: inference, Value: ['COORDINATES: similar to AA sequence:RefSeq:WP_011153726.1']
    Key: locus_tag, Value: ['C7I86_RS16990']
    Key: phase, Value: ['0']
    Key: product, Value: ['HNH endonuclease']
    Key: protein_id, Value: ['WP_223211244.1']
    Key: source, Value: ['Protein Homology']
    Key: transl_table, Value: ['11']

GF(HNH endonuclease, 12-705 (1))
type: CDS
location: [48430:48733](+)
id: cds-WP_011153727.1
qualifiers:
    Key: Dbxref, Value: ['GenBank:WP_011153727.1']
    Key: ID, Value: ['cds-WP_011153727.1']
    Key: Name, Value: ['WP_011153727.1']
    Key: Parent, Value: ['gene-C7I86_RS16995']
    Key: gbkey, Value: ['CDS']
    Key: inference, Value: ['COORDINATES: similar to AA sequence:RefSeq:WP_011153727.1']
    Key: locus_tag, Value: ['C7I86_RS16995']
    Key: phase, Value: ['0']
    Key: product, Value: ['HNH endonuclease']
    Key: protein_id, Value: ['WP_011153727.1']
    Key: source, Value: ['Protein Homology']
    Key: transl_table, Value: ['11']

GF(HNH endonuclease, 893-1196 (1))
type: CDS
location: [48789:49434](+)
id: cds-WP_011153728.1
qualifiers:
    Key: Dbxref, Value: ['GenBank:WP_011153728.1']
    Key: ID, Value: ['cds-WP_011153728.1']
    Key: Name, Value: ['WP_011153728.1']
    Key: Parent, Value: ['gene-C7I86_RS17000']
    Key: gbkey, Value: ['CDS']
    Key: inference, Value: ['COORDINATES: similar to AA sequence:RefSeq:WP_011153728.1']
    Key: locus_tag, Value: ['C7I86_RS17000']
    Key: phase, Value: ['0']
    Key: product, Value: ['MerR family transcriptional regulator']
    Key: protein_id, Value: ['WP_011153728.1']
    Key: source, Value: ['Protein Homology']
    Key: transl_table, Value: ['11']

GF(MerR family transcriptional regulator, 1252-1897 (1))
type: CDS
location: [49430:51197](+)
id: cds-WP_011153729.1
qualifiers:
    Key: Dbxref, Value: ['GenBank:WP_011153729.1']
    Key: ID, Value: ['cds-WP_011153729.1']
    Key: Name, Value: ['WP_011153729.1']
    Key: Parent, Value: ['gene-C7I86_RS17005']
    Key: gbkey, Value: ['CDS']
    Key: inference, Value: ['COORDINATES: similar to AA sequence:RefSeq:WP_011153729.1']
    Key: locus_tag, Value: ['C7I86_RS17005']
    Key: phase, Value: ['0']
    Key: product, Value: ['macro domain-containing protein']
    Key: protein_id, Value: ['WP_011153729.1']
    Key: source, Value: ['Protein Homology']
    Key: transl_table, Value: ['11']

GF(macro domain-containing protein, 1893-3660 (1))
type: CDS
location: [51536:52805](+)
id: cds-WP_011153730.1
qualifiers:
    Key: Dbxref, Value: ['GenBank:WP_011153730.1']
    Key: ID, Value: ['cds-WP_011153730.1']
    Key: Name, Value: ['WP_011153730.1']
    Key: Ontology_term, Value: ['GO:0043571', 'GO:0003674']
    Key: Parent, Value: ['gene-C7I86_RS17010']
    Key: gbkey, Value: ['CDS']
    Key: gene, Value: ['csx2']
    Key: go_function, Value: ['molecular_function|0003674||IEA']
    Key: go_process, Value: ['maintenance of CRISPR repeat elements|0043571||IEA']
    Key: inference, Value: ['COORDINATES: similar to AA sequence:RefSeq:WP_011153730.1']
    Key: locus_tag, Value: ['C7I86_RS17010']
    Key: phase, Value: ['0']
    Key: product, Value: ['TIGR02221 family CRISPR-associated protein']
    Key: protein_id, Value: ['WP_011153730.1']
    Key: source, Value: ['Protein Homology']
    Key: transl_table, Value: ['11']

GF(TIGR02221 family CRISPR-associated protein, 3999-5268 (1))
type: CDS
location: [52880:53996](-)
id: cds-WP_011153731.1
qualifiers:
    Key: Dbxref, Value: ['GenBank:WP_011153731.1']
    Key: ID, Value: ['cds-WP_011153731.1']
    Key: Name, Value: ['WP_011153731.1']
    Key: Parent, Value: ['gene-C7I86_RS17015']
    Key: gbkey, Value: ['CDS']
    Key: inference, Value: ['COORDINATES: similar to AA sequence:RefSeq:WP_011153731.1']
    Key: locus_tag, Value: ['C7I86_RS17015']
    Key: phase, Value: ['0']
    Key: product, Value: ['hypothetical protein']
    Key: protein_id, Value: ['WP_011153731.1']
    Key: source, Value: ['Protein Homology']
    Key: transl_table, Value: ['11']

GF(None, 5343-6459 (-1))
type: CDS
location: [54004:56392](-)
id: cds-WP_011153732.1
qualifiers:
    Key: Dbxref, Value: ['GenBank:WP_011153732.1']
    Key: ID, Value: ['cds-WP_011153732.1']
    Key: Name, Value: ['WP_011153732.1']
    Key: Parent, Value: ['gene-C7I86_RS17020']
    Key: gbkey, Value: ['CDS']
    Key: inference, Value: ['COORDINATES: similar to AA sequence:RefSeq:WP_011153732.1']
    Key: locus_tag, Value: ['C7I86_RS17020']
    Key: phase, Value: ['0']
    Key: product, Value: ['TIGR03986 family CRISPR-associated RAMP protein']
    Key: protein_id, Value: ['WP_011153732.1']
    Key: source, Value: ['Protein Homology']
    Key: transl_table, Value: ['11']

GF(TIGR03986 family CRISPR-associated RAMP protein, 6467-8855 (-1))
type: CDS
location: [56393:56954](-)
id: cds-WP_041428280.1
qualifiers:
    Key: Dbxref, Value: ['GenBank:WP_041428280.1']
    Key: ID, Value: ['cds-WP_041428280.1']
    Key: Name, Value: ['WP_041428280.1']
    Key: Parent, Value: ['gene-C7I86_RS17025']
    Key: gbkey, Value: ['CDS']
    Key: gene, Value: ['csx19']
    Key: inference, Value: ['COORDINATES: similar to AA sequence:RefSeq:WP_011153733.1']
    Key: locus_tag, Value: ['C7I86_RS17025']
    Key: phase, Value: ['0']
    Key: product, Value: ['CRISPR-associated protein Csx19']
    Key: protein_id, Value: ['WP_041428280.1']
    Key: source, Value: ['Protein Homology']
    Key: transl_table, Value: ['11']

GF(CRISPR-associated protein Csx19, 8856-9417 (-1))
type: CDS
location: [56953:58522](-)
id: cds-WP_011153734.1
qualifiers:
    Key: Dbxref, Value: ['GenBank:WP_011153734.1']
    Key: ID, Value: ['cds-WP_011153734.1']
    Key: Name, Value: ['WP_011153734.1']
    Key: Parent, Value: ['gene-C7I86_RS17030']
    Key: gbkey, Value: ['CDS']
    Key: inference, Value: ['COORDINATES: similar to AA sequence:RefSeq:WP_011153734.1']
    Key: locus_tag, Value: ['C7I86_RS17030']
    Key: phase, Value: ['0']
    Key: product, Value: ['RAMP superfamily CRISPR-associated protein']
    Key: protein_id, Value: ['WP_011153734.1']
    Key: source, Value: ['Protein Homology']
    Key: transl_table, Value: ['11']

GF(RAMP superfamily CRISPR-associated protein, 9416-10985 (-1))
type: CDS
location: [58526:60902](-)
id: cds-WP_011153735.1
qualifiers:
    Key: Dbxref, Value: ['GenBank:WP_011153735.1']
    Key: ID, Value: ['cds-WP_011153735.1']
    Key: Name, Value: ['WP_011153735.1']
    Key: Parent, Value: ['gene-C7I86_RS17035']
    Key: gbkey, Value: ['CDS']
    Key: inference, Value: ['COORDINATES: similar to AA sequence:RefSeq:WP_011153735.1']
    Key: locus_tag, Value: ['C7I86_RS17035']
    Key: phase, Value: ['0']
    Key: product, Value: ['RAMP superfamily CRISPR-associated protein']
    Key: protein_id, Value: ['WP_011153735.1']
    Key: source, Value: ['Protein Homology']
    Key: transl_table, Value: ['11']

GF(RAMP superfamily CRISPR-associated protein, 10989-13365 (-1))
type: CDS
location: [60904:62581](-)
id: cds-WP_011153736.1
qualifiers:
    Key: Dbxref, Value: ['GenBank:WP_011153736.1']
    Key: ID, Value: ['cds-WP_011153736.1']
    Key: Name, Value: ['WP_011153736.1']
    Key: Parent, Value: ['gene-C7I86_RS17040']
    Key: gbkey, Value: ['CDS']
    Key: inference, Value: ['COORDINATES: similar to AA sequence:RefSeq:WP_011153736.1']
    Key: locus_tag, Value: ['C7I86_RS17040']
    Key: phase, Value: ['0']
    Key: product, Value: ['hypothetical protein']
    Key: protein_id, Value: ['WP_011153736.1']
    Key: source, Value: ['Protein Homology']
    Key: transl_table, Value: ['11']

GF(None, 13367-15044 (-1))
type: CDS
location: [62910:64011](+)
id: cds-WP_234376115.1
qualifiers:
    Key: Dbxref, Value: ['GenBank:WP_234376115.1']
    Key: ID, Value: ['cds-WP_234376115.1']
    Key: Name, Value: ['WP_234376115.1']
    Key: Ontology_term, Value: ['GO:0043571', 'GO:0004521']
    Key: Parent, Value: ['gene-C7I86_RS17045']
    Key: gbkey, Value: ['CDS']
    Key: gene, Value: ['cas6']
    Key: go_function, Value: ['RNA endonuclease activity|0004521||IEA']
    Key: go_process, Value: ['maintenance of CRISPR repeat elements|0043571||IEA']
    Key: inference, Value: ['COORDINATES: similar to AA sequence:RefSeq:WP_011153737.1']
    Key: locus_tag, Value: ['C7I86_RS17045']
    Key: phase, Value: ['0']
    Key: product, Value: ['CRISPR-associated endoribonuclease Cas6']
    Key: protein_id, Value: ['WP_234376115.1']
    Key: source, Value: ['Protein Homology']
    Key: transl_table, Value: ['11']

GF(CRISPR-associated endoribonuclease Cas6, 15373-16474 (1))
type: CDS
location: [64004:64319](-)
id: cds-WP_011153738.1
qualifiers:
    Key: Dbxref, Value: ['GenBank:WP_011153738.1']
    Key: ID, Value: ['cds-WP_011153738.1']
    Key: Name, Value: ['WP_011153738.1']
    Key: Parent, Value: ['gene-C7I86_RS17050']
    Key: gbkey, Value: ['CDS']
    Key: gene, Value: ['csx18']
    Key: inference, Value: ['COORDINATES: similar to AA sequence:RefSeq:WP_011153738.1']
    Key: locus_tag, Value: ['C7I86_RS17050']
    Key: phase, Value: ['0']
    Key: product, Value: ['CRISPR-associated protein Csx18']
    Key: protein_id, Value: ['WP_011153738.1']
    Key: source, Value: ['Protein Homology']
    Key: transl_table, Value: ['11']

GF(CRISPR-associated protein Csx18, 16467-16782 (-1))
type: CDS
location: [64315:64690](-)
id: cds-WP_011153739.1
qualifiers:
    Key: Dbxref, Value: ['GenBank:WP_011153739.1']
    Key: ID, Value: ['cds-WP_011153739.1']
    Key: Name, Value: ['WP_011153739.1']
    Key: Parent, Value: ['gene-C7I86_RS17055']
    Key: gbkey, Value: ['CDS']
    Key: inference, Value: ['COORDINATES: similar to AA sequence:RefSeq:WP_011153739.1']
    Key: locus_tag, Value: ['C7I86_RS17055']
    Key: phase, Value: ['0']
    Key: product, Value: ['hypothetical protein']
    Key: protein_id, Value: ['WP_011153739.1']
    Key: source, Value: ['Protein Homology']
    Key: transl_table, Value: ['11']

GF(None, 16778-17153 (-1))
type: CDS
location: [64821:65832](+)
id: cds-WP_011153740.1
qualifiers:
    Key: Dbxref, Value: ['GenBank:WP_011153740.1']
    Key: ID, Value: ['cds-WP_011153740.1']
    Key: Name, Value: ['WP_011153740.1']
    Key: Ontology_term, Value: ['GO:0043571', 'GO:0004520', 'GO:0046872']
    Key: Parent, Value: ['gene-C7I86_RS17060']
    Key: gbkey, Value: ['CDS']
    Key: gene, Value: ['cas1']
    Key: go_function, Value: ['DNA endonuclease activity|0004520||IEA', 'metal ion binding|0046872||IEA']
    Key: go_process, Value: ['maintenance of CRISPR repeat elements|0043571||IEA']
    Key: inference, Value: ['COORDINATES: similar to AA sequence:RefSeq:WP_011153740.1']
    Key: locus_tag, Value: ['C7I86_RS17060']
    Key: phase, Value: ['0']
    Key: product, Value: ['CRISPR-associated endonuclease Cas1']
    Key: protein_id, Value: ['WP_011153740.1']
    Key: source, Value: ['Protein Homology']
    Key: transl_table, Value: ['11']

GF(CRISPR-associated endonuclease Cas1, 17284-18295 (1))
type: CDS
location: [65841:66123](+)
id: cds-WP_011153741.1
qualifiers:
    Key: Dbxref, Value: ['GenBank:WP_011153741.1']
    Key: ID, Value: ['cds-WP_011153741.1']
    Key: Name, Value: ['WP_011153741.1']
    Key: Ontology_term, Value: ['GO:0043571', 'GO:0004521']
    Key: Parent, Value: ['gene-C7I86_RS17065']
    Key: gbkey, Value: ['CDS']
    Key: gene, Value: ['cas2']
    Key: go_function, Value: ['RNA endonuclease activity|0004521||IEA']
    Key: go_process, Value: ['maintenance of CRISPR repeat elements|0043571||IEA']
    Key: inference, Value: ['COORDINATES: similar to AA sequence:RefSeq:WP_011153741.1']
    Key: locus_tag, Value: ['C7I86_RS17065']
    Key: phase, Value: ['0']
    Key: product, Value: ['CRISPR-associated endonuclease Cas2']
    Key: protein_id, Value: ['WP_011153741.1']
    Key: source, Value: ['Protein Homology']
    Key: transl_table, Value: ['11']

GF(CRISPR-associated endonuclease Cas2, 18304-18586 (1))
type: CDS
location: [66222:66567](+)
id: cds-WP_011153742.1
qualifiers:
    Key: Dbxref, Value: ['GenBank:WP_011153742.1']
    Key: ID, Value: ['cds-WP_011153742.1']
    Key: Name, Value: ['WP_011153742.1']
    Key: Parent, Value: ['gene-C7I86_RS17070']
    Key: gbkey, Value: ['CDS']
    Key: inference, Value: ['COORDINATES: similar to AA sequence:RefSeq:WP_011153742.1']
    Key: locus_tag, Value: ['C7I86_RS17070']
    Key: phase, Value: ['0']
    Key: product, Value: ['hypothetical protein']
    Key: protein_id, Value: ['WP_011153742.1']
    Key: source, Value: ['Protein Homology']
    Key: transl_table, Value: ['11']

GF(None, 18685-19030 (1))
type: CDS
location: [66609:66864](-)
id: cds-WP_041428281.1
qualifiers:
    Key: Dbxref, Value: ['GenBank:WP_041428281.1']
    Key: ID, Value: ['cds-WP_041428281.1']
    Key: Name, Value: ['WP_041428281.1']
    Key: Parent, Value: ['gene-C7I86_RS17075']
    Key: gbkey, Value: ['CDS']
    Key: inference, Value: ['COORDINATES: similar to AA sequence:RefSeq:WP_011153743.1']
    Key: locus_tag, Value: ['C7I86_RS17075']
    Key: phase, Value: ['0']
    Key: product, Value: ['hemolysin XhlA family protein']
    Key: protein_id, Value: ['WP_041428281.1']
    Key: source, Value: ['Protein Homology']
    Key: transl_table, Value: ['11']

GF(hemolysin XhlA family protein, 19072-19327 (-1))
type: CDS
location: [66935:67976](-)
id: cds-WP_011153744.1
qualifiers:
    Key: Dbxref, Value: ['GenBank:WP_011153744.1']
    Key: ID, Value: ['cds-WP_011153744.1']
    Key: Name, Value: ['WP_011153744.1']
    Key: Parent, Value: ['gene-C7I86_RS17080']
    Key: gbkey, Value: ['CDS']
    Key: inference, Value: ['COORDINATES: similar to AA sequence:RefSeq:WP_011153744.1']
    Key: locus_tag, Value: ['C7I86_RS17080']
    Key: phase, Value: ['0']
    Key: product, Value: ['hypothetical protein']
    Key: protein_id, Value: ['WP_011153744.1']
    Key: source, Value: ['Protein Homology']
    Key: transl_table, Value: ['11']

GF(None, 19398-20439 (-1))
type: CDS
location: [72800:73382](-)
id: cds-WP_011153746.1
qualifiers:
    Key: Dbxref, Value: ['GenBank:WP_011153746.1']
    Key: ID, Value: ['cds-WP_011153746.1']
    Key: Name, Value: ['WP_011153746.1']
    Key: Parent, Value: ['gene-C7I86_RS17085']
    Key: gbkey, Value: ['CDS']
    Key: inference, Value: ['COORDINATES: similar to AA sequence:RefSeq:WP_011153746.1']
    Key: locus_tag, Value: ['C7I86_RS17085']
    Key: phase, Value: ['0']
    Key: product, Value: ['HD domain-containing protein']
    Key: protein_id, Value: ['WP_011153746.1']
    Key: source, Value: ['Protein Homology']
    Key: transl_table, Value: ['11']

GF(HD domain-containing protein, 25263-25845 (-1))
type: CDS
location: [73405:74851](-)
id: cds-WP_011153747.1
qualifiers:
    Key: Dbxref, Value: ['GenBank:WP_011153747.1']
    Key: ID, Value: ['cds-WP_011153747.1']
    Key: Name, Value: ['WP_011153747.1']
    Key: Parent, Value: ['gene-C7I86_RS17090']
    Key: gbkey, Value: ['CDS']
    Key: inference, Value: ['COORDINATES: protein motif:HMM:TIGR03985.1']
    Key: locus_tag, Value: ['C7I86_RS17090']
    Key: phase, Value: ['0']
    Key: product, Value: ['TIGR03985 family CRISPR-associated protein']
    Key: protein_id, Value: ['WP_011153747.1']
    Key: source, Value: ['Protein Homology']
    Key: transl_table, Value: ['11']

GF(TIGR03985 family CRISPR-associated protein, 25868-27314 (-1))
type: CDS
location: [75079:76012](+)
id: cds-WP_011153748.1
qualifiers:
    Key: Dbxref, Value: ['GenBank:WP_011153748.1']
    Key: ID, Value: ['cds-WP_011153748.1']
    Key: Name, Value: ['WP_011153748.1']
    Key: Parent, Value: ['gene-C7I86_RS17095']
    Key: gbkey, Value: ['CDS']
    Key: inference, Value: ['COORDINATES: similar to AA sequence:RefSeq:WP_011153748.1']
    Key: locus_tag, Value: ['C7I86_RS17095']
    Key: phase, Value: ['0']
    Key: product, Value: ['hypothetical protein']
    Key: protein_id, Value: ['WP_011153748.1']
    Key: source, Value: ['Protein Homology']
    Key: transl_table, Value: ['11']

GF(None, 27542-28475 (1))
type: CDS
location: [76126:77515](+)
id: cds-WP_011153749.1
qualifiers:
    Key: Dbxref, Value: ['GenBank:WP_011153749.1']
    Key: ID, Value: ['cds-WP_011153749.1']
    Key: Name, Value: ['WP_011153749.1']
    Key: Parent, Value: ['gene-C7I86_RS17100']
    Key: gbkey, Value: ['CDS']
    Key: inference, Value: ['COORDINATES: similar to AA sequence:RefSeq:WP_011153749.1']
    Key: locus_tag, Value: ['C7I86_RS17100']
    Key: phase, Value: ['0']
    Key: product, Value: ['hypothetical protein']
    Key: protein_id, Value: ['WP_011153749.1']
    Key: source, Value: ['Protein Homology']
    Key: transl_table, Value: ['11']

GF(None, 28589-29978 (1))
type: CDS
location: [77521:78514](+)
id: cds-WP_223211239.1
qualifiers:
    Key: Dbxref, Value: ['GenBank:WP_223211239.1']
    Key: ID, Value: ['cds-WP_223211239.1']
    Key: Name, Value: ['WP_223211239.1']
    Key: Parent, Value: ['gene-C7I86_RS17105']
    Key: gbkey, Value: ['CDS']
    Key: inference, Value: ['COORDINATES: similar to AA sequence:RefSeq:WP_011153750.1']
    Key: locus_tag, Value: ['C7I86_RS17105']
    Key: phase, Value: ['0']
    Key: product, Value: ['hypothetical protein']
    Key: protein_id, Value: ['WP_223211239.1']
    Key: source, Value: ['Protein Homology']
    Key: transl_table, Value: ['11']

GF(None, 29984-30977 (1))
type: CDS
location: [78564:79698](+)
id: cds-WP_011153751.1
qualifiers:
    Key: Dbxref, Value: ['GenBank:WP_011153751.1']
    Key: ID, Value: ['cds-WP_011153751.1']
    Key: Name, Value: ['WP_011153751.1']
    Key: Parent, Value: ['gene-C7I86_RS17110']
    Key: gbkey, Value: ['CDS']
    Key: inference, Value: ['COORDINATES: similar to AA sequence:RefSeq:WP_011153751.1']
    Key: locus_tag, Value: ['C7I86_RS17110']
    Key: phase, Value: ['0']
    Key: product, Value: ['hypothetical protein']
    Key: protein_id, Value: ['WP_011153751.1']
    Key: source, Value: ['Protein Homology']
    Key: transl_table, Value: ['11']

GF(None, 31027-32161 (1))
type: CDS
location: [79743:79971](+)
id: cds-WP_011153752.1
qualifiers:
    Key: Dbxref, Value: ['GenBank:WP_011153752.1']
    Key: ID, Value: ['cds-WP_011153752.1']
    Key: Name, Value: ['WP_011153752.1']
    Key: Parent, Value: ['gene-C7I86_RS17115']
    Key: gbkey, Value: ['CDS']
    Key: inference, Value: ['COORDINATES: similar to AA sequence:RefSeq:WP_011153752.1']
    Key: locus_tag, Value: ['C7I86_RS17115']
    Key: phase, Value: ['0']
    Key: product, Value: ['hypothetical protein']
    Key: protein_id, Value: ['WP_011153752.1']
    Key: source, Value: ['Protein Homology']
    Key: transl_table, Value: ['11']

GF(None, 32206-32434 (1))
type: repeat_region
location: [68498:72701](+)
id: NZ_CP028097.1_2
qualifiers:
    Key: Dbxref, Value: ['SO:0001459']
    Key: ID, Value: ['NZ_CP028097.1_2']
    Key: Note, Value: ['GTTCAACACCCTCTTTTCCCCGTCAGGGGACTGAAAC']
    Key: Ontology_term, Value: ['CRISPR']
    Key: score, Value: ['4203']
    Key: source, Value: ['CCTyper']

GF(Repeat region, 20961-25164 (0))
graphic feature from cctyper protein table: GF(Csx1, 4000-5268 (1))
graphic feature from cctyper protein table: GF(Csm6, 5344-6459 (-1))
graphic feature from cctyper protein table: GF(Csm3, 6468-8855 (-1))
graphic feature from cctyper protein table: GF(Csx19, 8857-9417 (-1))
graphic feature from cctyper protein table: GF(Csm3gr7, 9417-10985 (-1))
graphic feature from cctyper protein table: GF(Csm3gr7, 10990-13365 (-1))
graphic feature from cctyper protein table: GF(Cas10, 13368-15044 (-1))
graphic feature from cctyper protein table: GF(Cas6, 15374-16474 (1))
graphic feature from cctyper protein table: GF(Csx18, 16468-16782 (-1))
graphic feature from cctyper protein table: GF(Cas1, 17285-18295 (1))
graphic feature from cctyper protein table: GF(Cas2, 18305-18586 (1))
graphic feature from cctyper protein table: GF(CorA, 19073-19327 (-1))
graphic feature from cctyper protein table: GF(HTH, 19399-20439 (-1))
graphic feature from cctyper protein table: GF(WYL, 25869-27314 (-1))
graphic feature from cctyper protein table: GF(Csx3, 27543-28475 (1))
Index(['protein_id', 'start', 'end', 'effector', 'locus', 'sample', 'strand',
       'sequence', 'type'],
      dtype='object')
graphic feature from known effectors: GF(csx1, 4000-5268 (1))
graphic feature from known effectors: GF(cami1, 5344-6459 (-1))
Index(['protein_id', 'start', 'end', 'effector', 'locus', 'sample', 'strand',
       'sequence'],
      dtype='object')
[GF(HNH endonuclease, 12-705 (1)), GF(HNH endonuclease, 893-1196 (1)), GF(MerR family transcriptional regulator, 1252-1897 (1)), GF(macro domain-containing protein, 1893-3660 (1)), GF(TIGR02221 family CRISPR-associated protein, 3999-5268 (1)), GF(None, 5343-6459 (-1)), GF(TIGR03986 family CRISPR-associated RAMP protein, 6467-8855 (-1)), GF(CRISPR-associated protein Csx19, 8856-9417 (-1)), GF(RAMP superfamily CRISPR-associated protein, 9416-10985 (-1)), GF(RAMP superfamily CRISPR-associated protein, 10989-13365 (-1)), GF(None, 13367-15044 (-1)), GF(CRISPR-associated endoribonuclease Cas6, 15373-16474 (1)), GF(CRISPR-associated protein Csx18, 16467-16782 (-1)), GF(None, 16778-17153 (-1)), GF(CRISPR-associated endonuclease Cas1, 17284-18295 (1)), GF(CRISPR-associated endonuclease Cas2, 18304-18586 (1)), GF(None, 18685-19030 (1)), GF(hemolysin XhlA family protein, 19072-19327 (-1)), GF(None, 19398-20439 (-1)), GF(HD domain-containing protein, 25263-25845 (-1)), GF(TIGR03985 family CRISPR-associated protein, 25868-27314 (-1)), GF(None, 27542-28475 (1)), GF(None, 28589-29978 (1)), GF(None, 29984-30977 (1)), GF(None, 31027-32161 (1)), GF(None, 32206-32434 (1)), GF(Repeat region, 20961-25164 (0)), GF(Csx1, 4000-5268 (1)), GF(Csm6, 5344-6459 (-1)), GF(Csm3, 6468-8855 (-1)), GF(Csx19, 8857-9417 (-1)), GF(Csm3gr7, 9417-10985 (-1)), GF(Csm3gr7, 10990-13365 (-1)), GF(Cas10, 13368-15044 (-1)), GF(Cas6, 15374-16474 (1)), GF(Csx18, 16468-16782 (-1)), GF(Cas1, 17285-18295 (1)), GF(Cas2, 18305-18586 (1)), GF(CorA, 19073-19327 (-1)), GF(HTH, 19399-20439 (-1)), GF(WYL, 25869-27314 (-1)), GF(Csx3, 27543-28475 (1)), GF(csx1, 4000-5268 (1)), GF(cami1, 5344-6459 (-1)), GF(CRISPR-Cas locus, 4000-28475 (0))]
