Cas operons file:    Unnamed: 0       Contig  ...           locus_id           sample
0           4  NC_009767.1  ...  GCF_000017805.1_4  GCF_000017805.1

[1 rows x 19 columns]
The chosen contig: NC_009767.1
type: CDS
location: [217089:217428](+)
id: cds-WP_011997719.1
qualifiers:
    Key: Dbxref, Value: ['GenBank:WP_011997719.1']
    Key: ID, Value: ['cds-WP_011997719.1']
    Key: Name, Value: ['WP_011997719.1']
    Key: Parent, Value: ['gene-RCAS_RS00965']
    Key: gbkey, Value: ['CDS']
    Key: inference, Value: ['COORDINATES: similar to AA sequence:RefSeq:WP_011954888.1']
    Key: locus_tag, Value: ['RCAS_RS00965']
    Key: phase, Value: ['0']
    Key: product, Value: ['hypothetical protein']
    Key: protein_id, Value: ['WP_011997719.1']
    Key: source, Value: ['Protein Homology']
    Key: transl_table, Value: ['11']

GF(None, 109-448 (1))
type: CDS
location: [217679:218657](+)
id: cds-WP_011997720.1
qualifiers:
    Key: Dbxref, Value: ['GenBank:WP_011997720.1']
    Key: ID, Value: ['cds-WP_011997720.1']
    Key: Name, Value: ['WP_011997720.1']
    Key: Ontology_term, Value: ['GO:0016491']
    Key: Parent, Value: ['gene-RCAS_RS00970']
    Key: gbkey, Value: ['CDS']
    Key: go_function, Value: ['oxidoreductase activity|0016491||IEA']
    Key: inference, Value: ['COORDINATES: similar to AA sequence:RefSeq:WP_011955148.1']
    Key: locus_tag, Value: ['RCAS_RS00970']
    Key: phase, Value: ['0']
    Key: product, Value: ['NAD(P)-dependent oxidoreductase']
    Key: protein_id, Value: ['WP_011997720.1']
    Key: source, Value: ['Protein Homology']
    Key: transl_table, Value: ['11']

GF(NAD(P)-dependent oxidoreductase, 699-1677 (1))
type: CDS
location: [218662:219784](+)
id: cds-WP_011997721.1
qualifiers:
    Key: Dbxref, Value: ['GenBank:WP_011997721.1']
    Key: ID, Value: ['cds-WP_011997721.1']
    Key: Name, Value: ['WP_011997721.1']
    Key: Ontology_term, Value: ['GO:0071704', 'GO:0004553']
    Key: Parent, Value: ['gene-RCAS_RS00975']
    Key: gbkey, Value: ['CDS']
    Key: go_function, Value: ['hydrolase activity, hydrolyzing O-glycosyl compounds|0004553||IEA']
    Key: go_process, Value: ['organic substance metabolic process|0071704||IEA']
    Key: inference, Value: ['COORDINATES: protein motif:HMM:NF012377.4']
    Key: locus_tag, Value: ['RCAS_RS00975']
    Key: phase, Value: ['0']
    Key: product, Value: ['cellulase family glycosylhydrolase']
    Key: protein_id, Value: ['WP_011997721.1']
    Key: source, Value: ['Protein Homology']
    Key: transl_table, Value: ['11']

GF(cellulase family glycosylhydrolase, 1682-2804 (1))
type: CDS
location: [220421:220754](+)
id: cds-WP_049768772.1
qualifiers:
    Key: Dbxref, Value: ['GenBank:WP_049768772.1']
    Key: ID, Value: ['cds-WP_049768772.1']
    Key: Name, Value: ['WP_049768772.1']
    Key: Ontology_term, Value: ['GO:0003677', 'GO:0004519']
    Key: Parent, Value: ['gene-RCAS_RS00980']
    Key: gbkey, Value: ['CDS']
    Key: go_function, Value: ['DNA binding|0003677||IEA', 'endonuclease activity|0004519||IEA']
    Key: inference, Value: ['COORDINATES: protein motif:HMM:NF017496.4']
    Key: locus_tag, Value: ['RCAS_RS00980']
    Key: phase, Value: ['0']
    Key: product, Value: ['Uma2 family endonuclease']
    Key: protein_id, Value: ['WP_049768772.1']
    Key: source, Value: ['Protein Homology']
    Key: transl_table, Value: ['11']

GF(Uma2 family endonuclease, 3441-3774 (1))
type: CDS
location: [220979:221738](-)
id: cds-WP_198135980.1
qualifiers:
    Key: Dbxref, Value: ['GenBank:WP_198135980.1']
    Key: ID, Value: ['cds-WP_198135980.1']
    Key: Name, Value: ['WP_198135980.1']
    Key: Ontology_term, Value: ['GO:0003676']
    Key: Parent, Value: ['gene-RCAS_RS23090']
    Key: gbkey, Value: ['CDS']
    Key: go_function, Value: ['nucleic acid binding|0003676||IEA']
    Key: inference, Value: ['COORDINATES: protein motif:HMM:NF012784.4']
    Key: locus_tag, Value: ['RCAS_RS23090']
    Key: phase, Value: ['0']
    Key: product, Value: ['S1 RNA-binding domain-containing protein']
    Key: protein_id, Value: ['WP_198135980.1']
    Key: source, Value: ['Protein Homology']
    Key: transl_table, Value: ['11']

GF(S1 RNA-binding domain-containing protein, 3999-4758 (-1))
type: CDS
location: [221992:222952](-)
id: cds-WP_011997723.1
qualifiers:
    Key: Dbxref, Value: ['GenBank:WP_011997723.1']
    Key: ID, Value: ['cds-WP_011997723.1']
    Key: Name, Value: ['WP_011997723.1']
    Key: Parent, Value: ['gene-RCAS_RS00990']
    Key: gbkey, Value: ['CDS']
    Key: inference, Value: ['COORDINATES: similar to AA sequence:RefSeq:WP_011955150.1']
    Key: locus_tag, Value: ['RCAS_RS00990']
    Key: phase, Value: ['0']
    Key: product, Value: ['RAMP superfamily CRISPR-associated protein']
    Key: protein_id, Value: ['WP_011997723.1']
    Key: source, Value: ['Protein Homology']
    Key: transl_table, Value: ['11']

GF(RAMP superfamily CRISPR-associated protein, 5012-5972 (-1))
type: CDS
location: [222948:223425](-)
id: cds-WP_011997724.1
qualifiers:
    Key: Dbxref, Value: ['GenBank:WP_011997724.1']
    Key: ID, Value: ['cds-WP_011997724.1']
    Key: Name, Value: ['WP_011997724.1']
    Key: Parent, Value: ['gene-RCAS_RS00995']
    Key: gbkey, Value: ['CDS']
    Key: inference, Value: ['COORDINATES: similar to AA sequence:RefSeq:WP_011955151.1']
    Key: locus_tag, Value: ['RCAS_RS00995']
    Key: phase, Value: ['0']
    Key: product, Value: ['hypothetical protein']
    Key: protein_id, Value: ['WP_011997724.1']
    Key: source, Value: ['Protein Homology']
    Key: transl_table, Value: ['11']

GF(None, 5968-6445 (-1))
type: CDS
location: [223421:224489](-)
id: cds-WP_011997725.1
qualifiers:
    Key: Dbxref, Value: ['GenBank:WP_011997725.1']
    Key: ID, Value: ['cds-WP_011997725.1']
    Key: Name, Value: ['WP_011997725.1']
    Key: Parent, Value: ['gene-RCAS_RS01000']
    Key: gbkey, Value: ['CDS']
    Key: inference, Value: ['COORDINATES: similar to AA sequence:RefSeq:WP_011955152.1']
    Key: locus_tag, Value: ['RCAS_RS01000']
    Key: phase, Value: ['0']
    Key: product, Value: ['RAMP superfamily CRISPR-associated protein']
    Key: protein_id, Value: ['WP_011997725.1']
    Key: source, Value: ['Protein Homology']
    Key: transl_table, Value: ['11']

GF(RAMP superfamily CRISPR-associated protein, 6441-7509 (-1))
type: CDS
location: [224481:225348](-)
id: cds-WP_011997726.1
qualifiers:
    Key: Dbxref, Value: ['GenBank:WP_011997726.1']
    Key: ID, Value: ['cds-WP_011997726.1']
    Key: Name, Value: ['WP_011997726.1']
    Key: Ontology_term, Value: ['GO:0043571', 'GO:0003674']
    Key: Parent, Value: ['gene-RCAS_RS01005']
    Key: gbkey, Value: ['CDS']
    Key: gene, Value: ['csx7']
    Key: go_function, Value: ['molecular_function|0003674||IEA']
    Key: go_process, Value: ['maintenance of CRISPR repeat elements|0043571||IEA']
    Key: inference, Value: ['COORDINATES: similar to AA sequence:RefSeq:WP_011955153.1']
    Key: locus_tag, Value: ['RCAS_RS01005']
    Key: phase, Value: ['0']
    Key: product, Value: ['CRISPR-associated RAMP protein Csx7']
    Key: protein_id, Value: ['WP_011997726.1']
    Key: source, Value: ['Protein Homology']
    Key: transl_table, Value: ['11']

GF(CRISPR-associated RAMP protein Csx7, 7501-8368 (-1))
type: CDS
location: [225337:225802](-)
id: cds-WP_011997727.1
qualifiers:
    Key: Dbxref, Value: ['GenBank:WP_011997727.1']
    Key: ID, Value: ['cds-WP_011997727.1']
    Key: Name, Value: ['WP_011997727.1']
    Key: Parent, Value: ['gene-RCAS_RS01010']
    Key: gbkey, Value: ['CDS']
    Key: inference, Value: ['COORDINATES: similar to AA sequence:RefSeq:WP_011955154.1']
    Key: locus_tag, Value: ['RCAS_RS01010']
    Key: phase, Value: ['0']
    Key: product, Value: ['hypothetical protein']
    Key: protein_id, Value: ['WP_011997727.1']
    Key: source, Value: ['Protein Homology']
    Key: transl_table, Value: ['11']

GF(None, 8357-8822 (-1))
type: CDS
location: [225782:226958](-)
id: cds-WP_011997728.1
qualifiers:
    Key: Dbxref, Value: ['GenBank:WP_011997728.1']
    Key: ID, Value: ['cds-WP_011997728.1']
    Key: Name, Value: ['WP_011997728.1']
    Key: Ontology_term, Value: ['GO:0043571', 'GO:0003674']
    Key: Parent, Value: ['gene-RCAS_RS01015']
    Key: gbkey, Value: ['CDS']
    Key: gene, Value: ['csx10']
    Key: go_function, Value: ['molecular_function|0003674||IEA']
    Key: go_process, Value: ['maintenance of CRISPR repeat elements|0043571||IEA']
    Key: inference, Value: ['COORDINATES: similar to AA sequence:RefSeq:WP_011955155.1']
    Key: locus_tag, Value: ['RCAS_RS01015']
    Key: phase, Value: ['0']
    Key: product, Value: ['CRISPR-associated RAMP protein Csx10']
    Key: protein_id, Value: ['WP_011997728.1']
    Key: source, Value: ['Protein Homology']
    Key: transl_table, Value: ['11']

GF(CRISPR-associated RAMP protein Csx10, 8802-9978 (-1))
type: CDS
location: [226957:227602](-)
id: cds-WP_011997729.1
qualifiers:
    Key: Dbxref, Value: ['GenBank:WP_011997729.1']
    Key: ID, Value: ['cds-WP_011997729.1']
    Key: Name, Value: ['WP_011997729.1']
    Key: Parent, Value: ['gene-RCAS_RS01020']
    Key: gbkey, Value: ['CDS']
    Key: inference, Value: ['COORDINATES: similar to AA sequence:RefSeq:WP_011955156.1']
    Key: locus_tag, Value: ['RCAS_RS01020']
    Key: phase, Value: ['0']
    Key: product, Value: ['RAMP superfamily CRISPR-associated protein']
    Key: protein_id, Value: ['WP_011997729.1']
    Key: source, Value: ['Protein Homology']
    Key: transl_table, Value: ['11']

GF(RAMP superfamily CRISPR-associated protein, 9977-10622 (-1))
type: CDS
location: [227582:229766](-)
id: cds-WP_011997730.1
qualifiers:
    Key: Dbxref, Value: ['GenBank:WP_011997730.1']
    Key: ID, Value: ['cds-WP_011997730.1']
    Key: Name, Value: ['WP_011997730.1']
    Key: Parent, Value: ['gene-RCAS_RS01025']
    Key: gbkey, Value: ['CDS']
    Key: inference, Value: ['COORDINATES: similar to AA sequence:RefSeq:WP_011955157.1']
    Key: locus_tag, Value: ['RCAS_RS01025']
    Key: phase, Value: ['0']
    Key: product, Value: ['hydrolase']
    Key: protein_id, Value: ['WP_011997730.1']
    Key: source, Value: ['Protein Homology']
    Key: transl_table, Value: ['11']

GF(hydrolase, 10602-12786 (-1))
type: CDS
location: [230216:231206](-)
id: cds-WP_011997731.1
qualifiers:
    Key: Dbxref, Value: ['GenBank:WP_011997731.1']
    Key: ID, Value: ['cds-WP_011997731.1']
    Key: Name, Value: ['WP_011997731.1']
    Key: Parent, Value: ['gene-RCAS_RS01030']
    Key: gbkey, Value: ['CDS']
    Key: gene, Value: ['cas6']
    Key: inference, Value: ['COORDINATES: similar to AA sequence:RefSeq:WP_006562956.1']
    Key: locus_tag, Value: ['RCAS_RS01030']
    Key: phase, Value: ['0']
    Key: product, Value: ['CRISPR system precrRNA processing endoribonuclease RAMP protein Cas6']
    Key: protein_id, Value: ['WP_011997731.1']
    Key: source, Value: ['Protein Homology']
    Key: transl_table, Value: ['11']

GF(CRISPR system precrRNA processing endoribonuclease RAMP protein Cas6, 13236-14226 (-1))
type: CDS
location: [231850:233209](+)
id: cds-WP_011997732.1
qualifiers:
    Key: Dbxref, Value: ['GenBank:WP_011997732.1']
    Key: ID, Value: ['cds-WP_011997732.1']
    Key: Name, Value: ['WP_011997732.1']
    Key: Parent, Value: ['gene-RCAS_RS01035']
    Key: gbkey, Value: ['CDS']
    Key: inference, Value: ['COORDINATES: similar to AA sequence:RefSeq:WP_012119320.1']
    Key: locus_tag, Value: ['RCAS_RS01035']
    Key: phase, Value: ['0']
    Key: product, Value: ['transposase']
    Key: protein_id, Value: ['WP_011997732.1']
    Key: source, Value: ['Protein Homology']
    Key: transl_table, Value: ['11']

GF(transposase, 14870-16229 (1))
type: CDS
location: [233234:234803](-)
id: cds-WP_011997733.1
qualifiers:
    Key: Dbxref, Value: ['GenBank:WP_011997733.1']
    Key: ID, Value: ['cds-WP_011997733.1']
    Key: Name, Value: ['WP_011997733.1']
    Key: Parent, Value: ['gene-RCAS_RS01040']
    Key: gbkey, Value: ['CDS']
    Key: inference, Value: ['COORDINATES: similar to AA sequence:RefSeq:WP_011954896.1']
    Key: locus_tag, Value: ['RCAS_RS01040']
    Key: phase, Value: ['0']
    Key: product, Value: ['DUF2723 domain-containing protein']
    Key: protein_id, Value: ['WP_011997733.1']
    Key: source, Value: ['Protein Homology']
    Key: transl_table, Value: ['11']

GF(DUF2723 domain-containing protein, 16254-17823 (-1))
[GF(None, 109-448 (1)), GF(NAD(P)-dependent oxidoreductase, 699-1677 (1)), GF(cellulase family glycosylhydrolase, 1682-2804 (1)), GF(Uma2 family endonuclease, 3441-3774 (1)), GF(S1 RNA-binding domain-containing protein, 3999-4758 (-1)), GF(RAMP superfamily CRISPR-associated protein, 5012-5972 (-1)), GF(None, 5968-6445 (-1)), GF(RAMP superfamily CRISPR-associated protein, 6441-7509 (-1)), GF(CRISPR-associated RAMP protein Csx7, 7501-8368 (-1)), GF(None, 8357-8822 (-1)), GF(CRISPR-associated RAMP protein Csx10, 8802-9978 (-1)), GF(RAMP superfamily CRISPR-associated protein, 9977-10622 (-1)), GF(hydrolase, 10602-12786 (-1)), GF(CRISPR system precrRNA processing endoribonuclease RAMP protein Cas6, 13236-14226 (-1)), GF(transposase, 14870-16229 (1)), GF(DUF2723 domain-containing protein, 16254-17823 (-1)), GF(CRISPR-Cas locus, 4000-14226 (0))]
