Cas operons file:    Unnamed: 0         Contig  ...           locus_id           sample
0           1  NZ_CP103300.1  ...  GCF_025562755.1_1  GCF_025562755.1

[1 rows x 19 columns]
The chosen contig: NZ_CP103300.1
type: CDS
location: [5627073:5627274](-)
id: cds-WP_262601640.1
qualifiers:
    Key: Dbxref, Value: ['GenBank:WP_262601640.1']
    Key: ID, Value: ['cds-WP_262601640.1']
    Key: Name, Value: ['WP_262601640.1']
    Key: Parent, Value: ['gene-NX720_RS22885']
    Key: gbkey, Value: ['CDS']
    Key: inference, Value: ['COORDINATES: protein motif:HMM:NF014643.3']
    Key: locus_tag, Value: ['NX720_RS22885']
    Key: phase, Value: ['0']
    Key: product, Value: ['type II toxin-antitoxin system Phd/YefM family antitoxin']
    Key: protein_id, Value: ['WP_262601640.1']
    Key: source, Value: ['Protein Homology']
    Key: transl_table, Value: ['11']

GF(type II toxin-antitoxin system Phd/YefM family antitoxin, 641-842 (-1))
type: CDS
location: [5627330:5629004](+)
id: cds-WP_262595368.1-4
qualifiers:
    Key: Dbxref, Value: ['GenBank:WP_262595368.1']
    Key: ID, Value: ['cds-WP_262595368.1-4']
    Key: Name, Value: ['WP_262595368.1']
    Key: Ontology_term, Value: ['GO:0004803']
    Key: Parent, Value: ['gene-NX720_RS22890']
    Key: gbkey, Value: ['CDS']
    Key: go_function, Value: ['transposase activity|0004803||IEA']
    Key: inference, Value: ['COORDINATES: protein motif:HMM:NF033517.1']
    Key: locus_tag, Value: ['NX720_RS22890']
    Key: phase, Value: ['0']
    Key: product, Value: ['IS66 family transposase']
    Key: protein_id, Value: ['WP_262595368.1']
    Key: source, Value: ['Protein Homology']
    Key: transl_table, Value: ['11']

GF(IS66 family transposase, 898-2572 (1))
type: CDS
location: [5628982:5629162](-)
id: cds-WP_262597772.1
qualifiers:
    Key: Dbxref, Value: ['GenBank:WP_262597772.1']
    Key: ID, Value: ['cds-WP_262597772.1']
    Key: Name, Value: ['WP_262597772.1']
    Key: Parent, Value: ['gene-NX720_RS22895']
    Key: gbkey, Value: ['CDS']
    Key: inference, Value: ['COORDINATES: ab initio prediction:GeneMarkS-2+']
    Key: locus_tag, Value: ['NX720_RS22895']
    Key: phase, Value: ['0']
    Key: product, Value: ['hypothetical protein']
    Key: protein_id, Value: ['WP_262597772.1']
    Key: source, Value: ['GeneMarkS-2+']
    Key: transl_table, Value: ['11']

GF(None, 2550-2730 (-1))
type: CDS
location: [5629334:5629604](-)
id: cds-WP_262597774.1
qualifiers:
    Key: Dbxref, Value: ['GenBank:WP_262597774.1']
    Key: ID, Value: ['cds-WP_262597774.1']
    Key: Name, Value: ['WP_262597774.1']
    Key: Parent, Value: ['gene-NX720_RS22900']
    Key: gbkey, Value: ['CDS']
    Key: inference, Value: ['COORDINATES: similar to AA sequence:RefSeq:WP_002360769.1']
    Key: locus_tag, Value: ['NX720_RS22900']
    Key: phase, Value: ['0']
    Key: product, Value: ['type II toxin-antitoxin system YafQ family toxin']
    Key: protein_id, Value: ['WP_262597774.1']
    Key: source, Value: ['Protein Homology']
    Key: transl_table, Value: ['11']

GF(type II toxin-antitoxin system YafQ family toxin, 2902-3172 (-1))
type: CDS
location: [5629603:5629867](-)
id: cds-WP_262597776.1
qualifiers:
    Key: Dbxref, Value: ['GenBank:WP_262597776.1']
    Key: ID, Value: ['cds-WP_262597776.1']
    Key: Name, Value: ['WP_262597776.1']
    Key: Ontology_term, Value: ['GO:0006355']
    Key: Parent, Value: ['gene-NX720_RS22905']
    Key: gbkey, Value: ['CDS']
    Key: go_process, Value: ['regulation of DNA-templated transcription|0006355||IEA']
    Key: inference, Value: ['COORDINATES: protein motif:HMM:TIGR02384.1']
    Key: locus_tag, Value: ['NX720_RS22905']
    Key: phase, Value: ['0']
    Key: product, Value: ['type II toxin-antitoxin system RelB/DinJ family antitoxin']
    Key: protein_id, Value: ['WP_262597776.1']
    Key: source, Value: ['Protein Homology']
    Key: transl_table, Value: ['11']

GF(type II toxin-antitoxin system RelB/DinJ family antitoxin, 3171-3435 (-1))
type: CDS
location: [5630248:5630980](+)
id: cds-WP_262601641.1
qualifiers:
    Key: Dbxref, Value: ['GenBank:WP_262601641.1']
    Key: ID, Value: ['cds-WP_262601641.1']
    Key: Name, Value: ['WP_262601641.1']
    Key: Ontology_term, Value: ['GO:0043571', 'GO:0004520', 'GO:0046872']
    Key: Parent, Value: ['gene-NX720_RS22910']
    Key: gbkey, Value: ['CDS']
    Key: gene, Value: ['cas1']
    Key: go_function, Value: ['DNA endonuclease activity|0004520||IEA', 'metal ion binding|0046872||IEA']
    Key: go_process, Value: ['maintenance of CRISPR repeat elements|0043571||IEA']
    Key: inference, Value: ['COORDINATES: protein motif:HMM:TIGR00287.1']
    Key: locus_tag, Value: ['NX720_RS22910']
    Key: phase, Value: ['0']
    Key: product, Value: ['CRISPR-associated endonuclease Cas1']
    Key: protein_id, Value: ['WP_262601641.1']
    Key: source, Value: ['Protein Homology']
    Key: transl_table, Value: ['11']

GF(CRISPR-associated endonuclease Cas1, 3816-4548 (1))
type: CDS
location: [5631050:5631479](-)
id: cds-WP_262595354.1-19
qualifiers:
    Key: Dbxref, Value: ['GenBank:WP_262595354.1']
    Key: ID, Value: ['cds-WP_262595354.1-19']
    Key: Name, Value: ['WP_262595354.1']
    Key: Ontology_term, Value: ['GO:0004803']
    Key: Parent, Value: ['gene-NX720_RS22915']
    Key: gbkey, Value: ['CDS']
    Key: gene, Value: ['tnpA']
    Key: go_function, Value: ['transposase activity|0004803||IEA']
    Key: inference, Value: ['COORDINATES: similar to AA sequence:RefSeq:WP_041205574.1']
    Key: locus_tag, Value: ['NX720_RS22915']
    Key: phase, Value: ['0']
    Key: product, Value: ['IS200/IS605 family transposase']
    Key: protein_id, Value: ['WP_262595354.1']
    Key: source, Value: ['Protein Homology']
    Key: transl_table, Value: ['11']

GF(IS200/IS605 family transposase, 4618-5047 (-1))
type: CDS
location: [5631544:5632717](+)
id: cds-WP_262597778.1
qualifiers:
    Key: Dbxref, Value: ['GenBank:WP_262597778.1']
    Key: ID, Value: ['cds-WP_262597778.1']
    Key: Name, Value: ['WP_262597778.1']
    Key: Ontology_term, Value: ['GO:0004803']
    Key: Parent, Value: ['gene-NX720_RS22920']
    Key: gbkey, Value: ['CDS']
    Key: go_function, Value: ['transposase activity|0004803||IEA']
    Key: inference, Value: ['COORDINATES: similar to AA sequence:RefSeq:WP_016913648.1']
    Key: locus_tag, Value: ['NX720_RS22920']
    Key: phase, Value: ['0']
    Key: product, Value: ['transposase']
    Key: protein_id, Value: ['WP_262597778.1']
    Key: source, Value: ['Protein Homology']
    Key: transl_table, Value: ['11']

GF(transposase, 5112-6285 (1))
type: CDS
location: [5632866:5633187](+)
id: cds-WP_262597780.1
qualifiers:
    Key: Dbxref, Value: ['GenBank:WP_262597780.1']
    Key: ID, Value: ['cds-WP_262597780.1']
    Key: Name, Value: ['WP_262597780.1']
    Key: Parent, Value: ['gene-NX720_RS22925']
    Key: gbkey, Value: ['CDS']
    Key: inference, Value: ['COORDINATES: similar to AA sequence:RefSeq:WP_019620268.1']
    Key: locus_tag, Value: ['NX720_RS22925']
    Key: phase, Value: ['0']
    Key: product, Value: ['type II toxin-antitoxin system RelE/ParE family toxin']
    Key: protein_id, Value: ['WP_262597780.1']
    Key: source, Value: ['Protein Homology']
    Key: transl_table, Value: ['11']

GF(type II toxin-antitoxin system RelE/ParE family toxin, 6434-6755 (1))
type: CDS
location: [5633179:5633476](+)
id: cds-WP_262567254.1
qualifiers:
    Key: Dbxref, Value: ['GenBank:WP_262567254.1']
    Key: ID, Value: ['cds-WP_262567254.1']
    Key: Name, Value: ['WP_262567254.1']
    Key: Parent, Value: ['gene-NX720_RS22930']
    Key: gbkey, Value: ['CDS']
    Key: gene, Value: ['nadS']
    Key: inference, Value: ['COORDINATES: similar to AA sequence:RefSeq:WP_019620269.1']
    Key: locus_tag, Value: ['NX720_RS22930']
    Key: phase, Value: ['0']
    Key: product, Value: ['NadS family protein']
    Key: protein_id, Value: ['WP_262567254.1']
    Key: source, Value: ['Protein Homology']
    Key: transl_table, Value: ['11']

GF(NadS family protein, 6747-7044 (1))
type: CDS
location: [5636167:5636854](-)
id: cds-WP_262597781.1
qualifiers:
    Key: Dbxref, Value: ['GenBank:WP_262597781.1']
    Key: ID, Value: ['cds-WP_262597781.1']
    Key: Name, Value: ['WP_262597781.1']
    Key: Parent, Value: ['gene-NX720_RS22935']
    Key: gbkey, Value: ['CDS']
    Key: inference, Value: ['COORDINATES: protein motif:HMM:NF020571.3']
    Key: locus_tag, Value: ['NX720_RS22935']
    Key: phase, Value: ['0']
    Key: product, Value: ['DUF1887 family CARF protein']
    Key: protein_id, Value: ['WP_262597781.1']
    Key: source, Value: ['Protein Homology']
    Key: transl_table, Value: ['11']

GF(DUF1887 family CARF protein, 9735-10422 (-1))
type: CDS
location: [5637072:5638626](+)
id: cds-WP_262596267.1-8
qualifiers:
    Key: Dbxref, Value: ['GenBank:WP_262596267.1']
    Key: ID, Value: ['cds-WP_262596267.1-8']
    Key: Name, Value: ['WP_262596267.1']
    Key: Parent, Value: ['gene-NX720_RS22940']
    Key: gbkey, Value: ['CDS']
    Key: inference, Value: ['COORDINATES: protein motif:HMM:NF025080.3']
    Key: locus_tag, Value: ['NX720_RS22940']
    Key: phase, Value: ['0']
    Key: product, Value: ['transposase']
    Key: protein_id, Value: ['WP_262596267.1']
    Key: source, Value: ['Protein Homology']
    Key: transl_table, Value: ['11']

GF(transposase, 10640-12194 (1))
type: CDS
location: [5638690:5639125](-)
id: cds-WP_262597782.1
qualifiers:
    Key: Dbxref, Value: ['GenBank:WP_262597782.1']
    Key: ID, Value: ['cds-WP_262597782.1']
    Key: Name, Value: ['WP_262597782.1']
    Key: Parent, Value: ['gene-NX720_RS22945']
    Key: gbkey, Value: ['CDS']
    Key: inference, Value: ['COORDINATES: protein motif:HMM:NF020571.3']
    Key: locus_tag, Value: ['NX720_RS22945']
    Key: phase, Value: ['0']
    Key: product, Value: ['DUF1887 family CARF protein']
    Key: protein_id, Value: ['WP_262597782.1']
    Key: source, Value: ['Protein Homology']
    Key: transl_table, Value: ['11']

GF(DUF1887 family CARF protein, 12258-12693 (-1))
type: CDS
location: [5639127:5640036](-)
id: cds-WP_262597784.1
qualifiers:
    Key: Dbxref, Value: ['GenBank:WP_262597784.1']
    Key: ID, Value: ['cds-WP_262597784.1']
    Key: Name, Value: ['WP_262597784.1']
    Key: Parent, Value: ['gene-NX720_RS22950']
    Key: gbkey, Value: ['CDS']
    Key: gene, Value: ['cas6']
    Key: inference, Value: ['COORDINATES: protein motif:HMM:NF021551.3']
    Key: locus_tag, Value: ['NX720_RS22950']
    Key: phase, Value: ['0']
    Key: product, Value: ['CRISPR system precrRNA processing endoribonuclease RAMP protein Cas6']
    Key: protein_id, Value: ['WP_262597784.1']
    Key: source, Value: ['Protein Homology']
    Key: transl_table, Value: ['11']

GF(CRISPR system precrRNA processing endoribonuclease RAMP protein Cas6, 12695-13604 (-1))
type: CDS
location: [5640035:5641196](-)
id: cds-WP_262597785.1
qualifiers:
    Key: Dbxref, Value: ['GenBank:WP_262597785.1']
    Key: ID, Value: ['cds-WP_262597785.1']
    Key: Name, Value: ['WP_262597785.1']
    Key: Ontology_term, Value: ['GO:0043571', 'GO:0003674']
    Key: Parent, Value: ['gene-NX720_RS22955']
    Key: gbkey, Value: ['CDS']
    Key: gene, Value: ['cmr6']
    Key: go_function, Value: ['molecular_function|0003674||IEA']
    Key: go_process, Value: ['maintenance of CRISPR repeat elements|0043571||IEA']
    Key: inference, Value: ['COORDINATES: protein motif:HMM:TIGR01898.1']
    Key: locus_tag, Value: ['NX720_RS22955']
    Key: phase, Value: ['0']
    Key: product, Value: ['type III-B CRISPR module RAMP protein Cmr6']
    Key: protein_id, Value: ['WP_262597785.1']
    Key: source, Value: ['Protein Homology']
    Key: transl_table, Value: ['11']

GF(type III-B CRISPR module RAMP protein Cmr6, 13603-14764 (-1))
type: CDS
location: [5641188:5641659](-)
id: cds-WP_262597786.1
qualifiers:
    Key: Dbxref, Value: ['GenBank:WP_262597786.1']
    Key: ID, Value: ['cds-WP_262597786.1']
    Key: Name, Value: ['WP_262597786.1']
    Key: Ontology_term, Value: ['GO:0043571', 'GO:0003674']
    Key: Parent, Value: ['gene-NX720_RS22960']
    Key: gbkey, Value: ['CDS']
    Key: gene, Value: ['cmr5']
    Key: go_function, Value: ['molecular_function|0003674||IEA']
    Key: go_process, Value: ['maintenance of CRISPR repeat elements|0043571||IEA']
    Key: inference, Value: ['COORDINATES: protein motif:HMM:TIGR01881.1']
    Key: locus_tag, Value: ['NX720_RS22960']
    Key: phase, Value: ['0']
    Key: product, Value: ['type III-B CRISPR module-associated protein Cmr5']
    Key: protein_id, Value: ['WP_262597786.1']
    Key: source, Value: ['Protein Homology']
    Key: transl_table, Value: ['11']

GF(type III-B CRISPR module-associated protein Cmr5, 14756-15227 (-1))
type: CDS
location: [5641660:5642527](-)
id: cds-WP_262597787.1
qualifiers:
    Key: Dbxref, Value: ['GenBank:WP_262597787.1']
    Key: ID, Value: ['cds-WP_262597787.1']
    Key: Name, Value: ['WP_262597787.1']
    Key: Ontology_term, Value: ['GO:0043571', 'GO:0003674']
    Key: Parent, Value: ['gene-NX720_RS22965']
    Key: gbkey, Value: ['CDS']
    Key: gene, Value: ['cmr4']
    Key: go_function, Value: ['molecular_function|0003674||IEA']
    Key: go_process, Value: ['maintenance of CRISPR repeat elements|0043571||IEA']
    Key: inference, Value: ['COORDINATES: protein motif:HMM:TIGR02580.1']
    Key: locus_tag, Value: ['NX720_RS22965']
    Key: phase, Value: ['0']
    Key: product, Value: ['type III-B CRISPR module RAMP protein Cmr4']
    Key: protein_id, Value: ['WP_262597787.1']
    Key: source, Value: ['Protein Homology']
    Key: transl_table, Value: ['11']

GF(type III-B CRISPR module RAMP protein Cmr4, 15228-16095 (-1))
type: CDS
location: [5642539:5643733](-)
id: cds-WP_262597789.1
qualifiers:
    Key: Dbxref, Value: ['GenBank:WP_262597789.1']
    Key: ID, Value: ['cds-WP_262597789.1']
    Key: Name, Value: ['WP_262597789.1']
    Key: Parent, Value: ['gene-NX720_RS22970']
    Key: gbkey, Value: ['CDS']
    Key: inference, Value: ['COORDINATES: protein motif:HMM:NF021236.3']
    Key: locus_tag, Value: ['NX720_RS22970']
    Key: phase, Value: ['0']
    Key: product, Value: ['type III-B CRISPR module-associated Cmr3 family protein']
    Key: protein_id, Value: ['WP_262597789.1']
    Key: source, Value: ['Protein Homology']
    Key: transl_table, Value: ['11']

GF(type III-B CRISPR module-associated Cmr3 family protein, 16107-17301 (-1))
type: CDS
location: [5643729:5645688](-)
id: cds-WP_262597790.1
qualifiers:
    Key: Dbxref, Value: ['GenBank:WP_262597790.1']
    Key: ID, Value: ['cds-WP_262597790.1']
    Key: Name, Value: ['WP_262597790.1']
    Key: Ontology_term, Value: ['GO:0043571', 'GO:0003674']
    Key: Parent, Value: ['gene-NX720_RS22975']
    Key: gbkey, Value: ['CDS']
    Key: gene, Value: ['cas10']
    Key: go_function, Value: ['molecular_function|0003674||IEA']
    Key: go_process, Value: ['maintenance of CRISPR repeat elements|0043571||IEA']
    Key: inference, Value: ['COORDINATES: protein motif:HMM:TIGR02577.1']
    Key: locus_tag, Value: ['NX720_RS22975']
    Key: phase, Value: ['0']
    Key: product, Value: ['type III-B CRISPR-associated protein Cas10/Cmr2']
    Key: protein_id, Value: ['WP_262597790.1']
    Key: source, Value: ['Protein Homology']
    Key: transl_table, Value: ['11']

GF(type III-B CRISPR-associated protein Cas10/Cmr2, 17297-19256 (-1))
type: CDS
location: [5645677:5646880](-)
id: cds-WP_262597791.1
qualifiers:
    Key: Dbxref, Value: ['GenBank:WP_262597791.1']
    Key: ID, Value: ['cds-WP_262597791.1']
    Key: Name, Value: ['WP_262597791.1']
    Key: Ontology_term, Value: ['GO:0043571', 'GO:0003674']
    Key: Parent, Value: ['gene-NX720_RS22980']
    Key: gbkey, Value: ['CDS']
    Key: gene, Value: ['cmr1']
    Key: go_function, Value: ['molecular_function|0003674||IEA']
    Key: go_process, Value: ['maintenance of CRISPR repeat elements|0043571||IEA']
    Key: inference, Value: ['COORDINATES: protein motif:HMM:TIGR01894.1']
    Key: locus_tag, Value: ['NX720_RS22980']
    Key: phase, Value: ['0']
    Key: product, Value: ['type III-B CRISPR module RAMP protein Cmr1']
    Key: protein_id, Value: ['WP_262597791.1']
    Key: source, Value: ['Protein Homology']
    Key: transl_table, Value: ['11']

GF(type III-B CRISPR module RAMP protein Cmr1, 19245-20448 (-1))
type: CDS
location: [5646916:5647222](-)
id: cds-WP_262597792.1
qualifiers:
    Key: Dbxref, Value: ['GenBank:WP_262597792.1']
    Key: ID, Value: ['cds-WP_262597792.1']
    Key: Name, Value: ['WP_262597792.1']
    Key: Parent, Value: ['gene-NX720_RS22985']
    Key: gbkey, Value: ['CDS']
    Key: inference, Value: ['COORDINATES: ab initio prediction:GeneMarkS-2+']
    Key: locus_tag, Value: ['NX720_RS22985']
    Key: phase, Value: ['0']
    Key: product, Value: ['hypothetical protein']
    Key: protein_id, Value: ['WP_262597792.1']
    Key: source, Value: ['GeneMarkS-2+']
    Key: transl_table, Value: ['11']

GF(None, 20484-20790 (-1))
type: CDS
location: [5647453:5648496](+)
id: cds-NX720_RS22990
qualifiers:
    Key: ID, Value: ['cds-NX720_RS22990']
    Key: Note, Value: ['frameshifted']
    Key: Ontology_term, Value: ['GO:0004803']
    Key: Parent, Value: ['gene-NX720_RS22990']
    Key: gbkey, Value: ['CDS']
    Key: go_function, Value: ['transposase activity|0004803||IEA']
    Key: inference, Value: ['COORDINATES: protein motif:HMM:NF019228.3']
    Key: locus_tag, Value: ['NX720_RS22990']
    Key: phase, Value: ['0']
    Key: product, Value: ['ISAzo13 family transposase']
    Key: pseudo, Value: ['true']
    Key: source, Value: ['Protein Homology']
    Key: transl_table, Value: ['11']

GF(ISAzo13 family transposase, 21021-22064 (1))
type: CDS
location: [5648507:5649389](-)
id: cds-WP_262597793.1
qualifiers:
    Key: Dbxref, Value: ['GenBank:WP_262597793.1']
    Key: ID, Value: ['cds-WP_262597793.1']
    Key: Name, Value: ['WP_262597793.1']
    Key: Ontology_term, Value: ['GO:0043571', 'GO:0003674']
    Key: Parent, Value: ['gene-NX720_RS22995']
    Key: gbkey, Value: ['CDS']
    Key: gene, Value: ['csm6']
    Key: go_function, Value: ['molecular_function|0003674||IEA']
    Key: go_process, Value: ['maintenance of CRISPR repeat elements|0043571||IEA']
    Key: inference, Value: ['COORDINATES: protein motif:HMM:TIGR02584.1']
    Key: locus_tag, Value: ['NX720_RS22995']
    Key: phase, Value: ['0']
    Key: product, Value: ['CRISPR-associated ring nuclease Csm6']
    Key: protein_id, Value: ['WP_262597793.1']
    Key: source, Value: ['Protein Homology']
    Key: transl_table, Value: ['11']

GF(CRISPR-associated ring nuclease Csm6, 22075-22957 (-1))
type: CDS
location: [5649535:5649763](-)
id: cds-WP_262597794.1
qualifiers:
    Key: Dbxref, Value: ['GenBank:WP_262597794.1']
    Key: ID, Value: ['cds-WP_262597794.1']
    Key: Name, Value: ['WP_262597794.1']
    Key: Parent, Value: ['gene-NX720_RS23000']
    Key: gbkey, Value: ['CDS']
    Key: inference, Value: ['COORDINATES: ab initio prediction:GeneMarkS-2+']
    Key: locus_tag, Value: ['NX720_RS23000']
    Key: phase, Value: ['0']
    Key: product, Value: ['hypothetical protein']
    Key: protein_id, Value: ['WP_262597794.1']
    Key: source, Value: ['GeneMarkS-2+']
    Key: transl_table, Value: ['11']

GF(None, 23103-23331 (-1))
type: CDS
location: [5649912:5651178](-)
id: cds-WP_262597796.1
qualifiers:
    Key: Dbxref, Value: ['GenBank:WP_262597796.1']
    Key: ID, Value: ['cds-WP_262597796.1']
    Key: Name, Value: ['WP_262597796.1']
    Key: Ontology_term, Value: ['GO:0009401', 'GO:0016773', 'GO:0016020']
    Key: Parent, Value: ['gene-NX720_RS23005']
    Key: gbkey, Value: ['CDS']
    Key: go_component, Value: ['membrane|0016020||IEA']
    Key: go_function, Value: ['phosphotransferase activity, alcohol group as acceptor|0016773||IEA']
    Key: go_process, Value: ['phosphoenolpyruvate-dependent sugar phosphotransferase system|0009401||IEA']
    Key: inference, Value: ['COORDINATES: similar to AA sequence:RefSeq:WP_020581744.1']
    Key: locus_tag, Value: ['NX720_RS23005']
    Key: phase, Value: ['0']
    Key: product, Value: ['PTS sugar transporter subunit IIC']
    Key: protein_id, Value: ['WP_262597796.1']
    Key: source, Value: ['Protein Homology']
    Key: transl_table, Value: ['11']

GF(PTS sugar transporter subunit IIC, 23480-24746 (-1))
type: CDS
location: [5651413:5652787](+)
id: cds-WP_262597797.1
qualifiers:
    Key: Dbxref, Value: ['GenBank:WP_262597797.1']
    Key: ID, Value: ['cds-WP_262597797.1']
    Key: Name, Value: ['WP_262597797.1']
    Key: Parent, Value: ['gene-NX720_RS23010']
    Key: gbkey, Value: ['CDS']
    Key: inference, Value: ['COORDINATES: ab initio prediction:GeneMarkS-2+']
    Key: locus_tag, Value: ['NX720_RS23010']
    Key: phase, Value: ['0']
    Key: product, Value: ['OprD family porin']
    Key: protein_id, Value: ['WP_262597797.1']
    Key: source, Value: ['GeneMarkS-2+']
    Key: transl_table, Value: ['11']

GF(OprD family porin, 24981-26355 (1))
type: repeat_region
location: [5629977:5630152](+)
id: NZ_CP103300.1_7
qualifiers:
    Key: Dbxref, Value: ['SO:0001459']
    Key: ID, Value: ['NZ_CP103300.1_7']
    Key: Note, Value: ['GCGGAACTTCTCTTCAAAGTCAGGGAAGCTCCGGAAC']
    Key: Ontology_term, Value: ['CRISPR']
    Key: score, Value: ['175']
    Key: source, Value: ['CCTyper']

GF(Repeat region, 3545-3720 (0))
type: repeat_region
location: [5633525:5636038](+)
id: NZ_CP103300.1_8
qualifiers:
    Key: Dbxref, Value: ['SO:0001459']
    Key: ID, Value: ['NZ_CP103300.1_8']
    Key: Note, Value: ['GTCTTAATCCCTTCAAAGTCAGGGAAGCTCCGGAAC']
    Key: Ontology_term, Value: ['CRISPR']
    Key: score, Value: ['2513']
    Key: source, Value: ['CCTyper']

GF(Repeat region, 7093-9606 (0))
graphic feature from cctyper protein table: GF(Can2, 9736-10422 (-1))
graphic feature from cctyper protein table: GF(Can2, 12259-12693 (-1))
graphic feature from cctyper protein table: GF(Cas6, 12696-13604 (-1))
graphic feature from cctyper protein table: GF(Cmr6gr7, 13604-14764 (-1))
graphic feature from cctyper protein table: GF(Cmr5gr11, 14757-15227 (-1))
graphic feature from cctyper protein table: GF(Cmr4, 15229-16095 (-1))
graphic feature from cctyper protein table: GF(Cmr3gr5, 16108-17301 (-1))
graphic feature from cctyper protein table: GF(Cas10, 17298-19256 (-1))
graphic feature from cctyper protein table: GF(Cmr1gr7, 19246-20448 (-1))
graphic feature from cctyper protein table: GF(Csx1, 22076-22957 (-1))
Index(['protein_id', 'start', 'end', 'effector', 'locus', 'sample', 'strand',
       'sequence', 'type'],
      dtype='object')
graphic feature from known effectors: GF(can1-2, 9736-10422 (-1))
Index(['protein_id', 'start', 'end', 'effector', 'locus', 'sample', 'strand',
       'sequence'],
      dtype='object')
[GF(type II toxin-antitoxin system Phd/YefM family antitoxin, 641-842 (-1)), GF(IS66 family transposase, 898-2572 (1)), GF(None, 2550-2730 (-1)), GF(type II toxin-antitoxin system YafQ family toxin, 2902-3172 (-1)), GF(type II toxin-antitoxin system RelB/DinJ family antitoxin, 3171-3435 (-1)), GF(CRISPR-associated endonuclease Cas1, 3816-4548 (1)), GF(IS200/IS605 family transposase, 4618-5047 (-1)), GF(transposase, 5112-6285 (1)), GF(type II toxin-antitoxin system RelE/ParE family toxin, 6434-6755 (1)), GF(NadS family protein, 6747-7044 (1)), GF(DUF1887 family CARF protein, 9735-10422 (-1)), GF(transposase, 10640-12194 (1)), GF(DUF1887 family CARF protein, 12258-12693 (-1)), GF(CRISPR system precrRNA processing endoribonuclease RAMP protein Cas6, 12695-13604 (-1)), GF(type III-B CRISPR module RAMP protein Cmr6, 13603-14764 (-1)), GF(type III-B CRISPR module-associated protein Cmr5, 14756-15227 (-1)), GF(type III-B CRISPR module RAMP protein Cmr4, 15228-16095 (-1)), GF(type III-B CRISPR module-associated Cmr3 family protein, 16107-17301 (-1)), GF(type III-B CRISPR-associated protein Cas10/Cmr2, 17297-19256 (-1)), GF(type III-B CRISPR module RAMP protein Cmr1, 19245-20448 (-1)), GF(None, 20484-20790 (-1)), GF(ISAzo13 family transposase, 21021-22064 (1)), GF(CRISPR-associated ring nuclease Csm6, 22075-22957 (-1)), GF(None, 23103-23331 (-1)), GF(PTS sugar transporter subunit IIC, 23480-24746 (-1)), GF(OprD family porin, 24981-26355 (1)), GF(Repeat region, 3545-3720 (0)), GF(Repeat region, 7093-9606 (0)), GF(Can2, 9736-10422 (-1)), GF(Can2, 12259-12693 (-1)), GF(Cas6, 12696-13604 (-1)), GF(Cmr6gr7, 13604-14764 (-1)), GF(Cmr5gr11, 14757-15227 (-1)), GF(Cmr4, 15229-16095 (-1)), GF(Cmr3gr5, 16108-17301 (-1)), GF(Cas10, 17298-19256 (-1)), GF(Cmr1gr7, 19246-20448 (-1)), GF(Csx1, 22076-22957 (-1)), GF(can1-2, 9736-10422 (-1)), GF(CRISPR-Cas locus, 4000-22957 (0))]
