Cas operons file:    Unnamed: 0       Contig  ...           locus_id           sample
0           3  NC_013502.1  ...  GCF_000024845.1_3  GCF_000024845.1

[1 rows x 19 columns]
The chosen contig: NC_013502.1
type: CDS
location: [22110:23535](-)
id: cds-WP_012845298.1
qualifiers:
    Key: Dbxref, Value: ['GenBank:WP_012845298.1']
    Key: ID, Value: ['cds-WP_012845298.1']
    Key: Name, Value: ['WP_012845298.1']
    Key: Parent, Value: ['gene-RMAR_RS14130']
    Key: gbkey, Value: ['CDS']
    Key: inference, Value: ['COORDINATES: protein motif:HMM:NF013776.2']
    Key: locus_tag, Value: ['RMAR_RS14130']
    Key: phase, Value: ['0']
    Key: product, Value: ['ATP-binding protein']
    Key: protein_id, Value: ['WP_012845298.1']
    Key: source, Value: ['Protein Homology']
    Key: transl_table, Value: ['11']

GF(ATP-binding protein, 1164-2589 (-1))
type: CDS
location: [24945:26598](-)
id: cds-WP_012845299.1
qualifiers:
    Key: Dbxref, Value: ['GenBank:WP_012845299.1']
    Key: ID, Value: ['cds-WP_012845299.1']
    Key: Name, Value: ['WP_012845299.1']
    Key: Ontology_term, Value: ['GO:0043571', 'GO:0003674']
    Key: Parent, Value: ['gene-RMAR_RS14135']
    Key: gbkey, Value: ['CDS']
    Key: gene, Value: ['csm5']
    Key: go_function, Value: ['molecular_function|0003674||IEA']
    Key: go_process, Value: ['maintenance of CRISPR repeat elements|0043571||IEA']
    Key: inference, Value: ['COORDINATES: similar to AA sequence:RefSeq:WP_014072535.1']
    Key: locus_tag, Value: ['RMAR_RS14135']
    Key: phase, Value: ['0']
    Key: product, Value: ['type III-A CRISPR-associated RAMP protein Csm5']
    Key: protein_id, Value: ['WP_012845299.1']
    Key: source, Value: ['Protein Homology']
    Key: transl_table, Value: ['11']

GF(type III-A CRISPR-associated RAMP protein Csm5, 3999-5652 (-1))
type: CDS
location: [26616:27636](-)
id: cds-WP_012845300.1
qualifiers:
    Key: Dbxref, Value: ['GenBank:WP_012845300.1']
    Key: ID, Value: ['cds-WP_012845300.1']
    Key: Name, Value: ['WP_012845300.1']
    Key: Ontology_term, Value: ['GO:0043571', 'GO:0003674']
    Key: Parent, Value: ['gene-RMAR_RS14140']
    Key: gbkey, Value: ['CDS']
    Key: gene, Value: ['csm4']
    Key: go_function, Value: ['molecular_function|0003674||IEA']
    Key: go_process, Value: ['maintenance of CRISPR repeat elements|0043571||IEA']
    Key: inference, Value: ['COORDINATES: similar to AA sequence:RefSeq:WP_014072536.1']
    Key: locus_tag, Value: ['RMAR_RS14140']
    Key: phase, Value: ['0']
    Key: product, Value: ['type III-A CRISPR-associated RAMP protein Csm4']
    Key: protein_id, Value: ['WP_012845300.1']
    Key: source, Value: ['Protein Homology']
    Key: transl_table, Value: ['11']

GF(type III-A CRISPR-associated RAMP protein Csm4, 5670-6690 (-1))
type: CDS
location: [27632:28427](-)
id: cds-WP_012845301.1
qualifiers:
    Key: Dbxref, Value: ['GenBank:WP_012845301.1']
    Key: ID, Value: ['cds-WP_012845301.1']
    Key: Name, Value: ['WP_012845301.1']
    Key: Ontology_term, Value: ['GO:0043571', 'GO:0003674']
    Key: Parent, Value: ['gene-RMAR_RS14145']
    Key: gbkey, Value: ['CDS']
    Key: gene, Value: ['csm3']
    Key: go_function, Value: ['molecular_function|0003674||IEA']
    Key: go_process, Value: ['maintenance of CRISPR repeat elements|0043571||IEA']
    Key: inference, Value: ['COORDINATES: similar to AA sequence:RefSeq:WP_014072537.1']
    Key: locus_tag, Value: ['RMAR_RS14145']
    Key: phase, Value: ['0']
    Key: product, Value: ['type III-A CRISPR-associated RAMP protein Csm3']
    Key: protein_id, Value: ['WP_012845301.1']
    Key: source, Value: ['Protein Homology']
    Key: transl_table, Value: ['11']

GF(type III-A CRISPR-associated RAMP protein Csm3, 6686-7481 (-1))
type: CDS
location: [28443:28824](-)
id: cds-WP_012845302.1
qualifiers:
    Key: Dbxref, Value: ['GenBank:WP_012845302.1']
    Key: ID, Value: ['cds-WP_012845302.1']
    Key: Name, Value: ['WP_012845302.1']
    Key: Ontology_term, Value: ['GO:0043571', 'GO:0003674']
    Key: Parent, Value: ['gene-RMAR_RS14150']
    Key: gbkey, Value: ['CDS']
    Key: gene, Value: ['csm2']
    Key: go_function, Value: ['molecular_function|0003674||IEA']
    Key: go_process, Value: ['maintenance of CRISPR repeat elements|0043571||IEA']
    Key: inference, Value: ['COORDINATES: similar to AA sequence:RefSeq:WP_014072538.1']
    Key: locus_tag, Value: ['RMAR_RS14150']
    Key: phase, Value: ['0']
    Key: product, Value: ['type III-A CRISPR-associated protein Csm2']
    Key: protein_id, Value: ['WP_012845302.1']
    Key: source, Value: ['Protein Homology']
    Key: transl_table, Value: ['11']

GF(type III-A CRISPR-associated protein Csm2, 7497-7878 (-1))
type: CDS
location: [28853:31067](-)
id: cds-WP_012845303.1
qualifiers:
    Key: Dbxref, Value: ['GenBank:WP_012845303.1']
    Key: ID, Value: ['cds-WP_012845303.1']
    Key: Name, Value: ['WP_012845303.1']
    Key: Parent, Value: ['gene-RMAR_RS14155']
    Key: gbkey, Value: ['CDS']
    Key: inference, Value: ['COORDINATES: similar to AA sequence:RefSeq:WP_012845303.1']
    Key: locus_tag, Value: ['RMAR_RS14155']
    Key: phase, Value: ['0']
    Key: product, Value: ['CRISPR-associated protein Csm1']
    Key: protein_id, Value: ['WP_012845303.1']
    Key: source, Value: ['Protein Homology']
    Key: transl_table, Value: ['11']

GF(CRISPR-associated protein Csm1, 7907-10121 (-1))
type: CDS
location: [31170:32076](-)
id: cds-WP_041806822.1
qualifiers:
    Key: Dbxref, Value: ['GenBank:WP_041806822.1']
    Key: ID, Value: ['cds-WP_041806822.1']
    Key: Name, Value: ['WP_041806822.1']
    Key: Parent, Value: ['gene-RMAR_RS14160']
    Key: gbkey, Value: ['CDS']
    Key: inference, Value: ['COORDINATES: similar to AA sequence:RefSeq:WP_014072540.1']
    Key: locus_tag, Value: ['RMAR_RS14160']
    Key: phase, Value: ['0']
    Key: product, Value: ['CRISPR-associated ring nuclease']
    Key: protein_id, Value: ['WP_041806822.1']
    Key: source, Value: ['Protein Homology']
    Key: transl_table, Value: ['11']

GF(CRISPR-associated ring nuclease, 10224-11130 (-1))
type: CDS
location: [33404:33581](+)
id: cds-WP_012845305.1
qualifiers:
    Key: Dbxref, Value: ['GenBank:WP_012845305.1']
    Key: ID, Value: ['cds-WP_012845305.1']
    Key: Name, Value: ['WP_012845305.1']
    Key: Parent, Value: ['gene-RMAR_RS14970']
    Key: gbkey, Value: ['CDS']
    Key: inference, Value: ['COORDINATES: similar to AA sequence:RefSeq:WP_012845305.1']
    Key: locus_tag, Value: ['RMAR_RS14970']
    Key: phase, Value: ['0']
    Key: product, Value: ['DUF4236 domain-containing protein']
    Key: protein_id, Value: ['WP_012845305.1']
    Key: source, Value: ['Protein Homology']
    Key: transl_table, Value: ['11']

GF(DUF4236 domain-containing protein, 12458-12635 (1))
type: CDS
location: [33693:34728](+)
id: cds-WP_041806823.1
qualifiers:
    Key: Dbxref, Value: ['GenBank:WP_041806823.1']
    Key: ID, Value: ['cds-WP_041806823.1']
    Key: Name, Value: ['WP_041806823.1']
    Key: Parent, Value: ['gene-RMAR_RS14165']
    Key: gbkey, Value: ['CDS']
    Key: inference, Value: ['COORDINATES: similar to AA sequence:RefSeq:WP_014072541.1']
    Key: locus_tag, Value: ['RMAR_RS14165']
    Key: phase, Value: ['0']
    Key: product, Value: ['hypothetical protein']
    Key: protein_id, Value: ['WP_041806823.1']
    Key: source, Value: ['Protein Homology']
    Key: transl_table, Value: ['11']

GF(None, 12747-13782 (1))
type: repeat_region
location: [24095:24759](+)
id: NC_013502.1_4
qualifiers:
    Key: Dbxref, Value: ['SO:0001459']
    Key: ID, Value: ['NC_013502.1_4']
    Key: Note, Value: ['GTCGTAATCCCCTTTTCATCGGGTCAAGTCTTCGGAC']
    Key: Ontology_term, Value: ['CRISPR']
    Key: score, Value: ['664']
    Key: source, Value: ['CCTyper']

GF(Repeat region, 3149-3813 (0))
type: repeat_region
location: [32204:33116](+)
id: NC_013502.1_5
qualifiers:
    Key: Dbxref, Value: ['SO:0001459']
    Key: ID, Value: ['NC_013502.1_5']
    Key: Note, Value: ['GTAATCCCCTTTTCATCGGGTCAAGTCTTCGGAC']
    Key: Ontology_term, Value: ['CRISPR']
    Key: score, Value: ['912']
    Key: source, Value: ['CCTyper']

GF(Repeat region, 11258-12170 (0))
graphic feature from cctyper protein table: GF(Csm5gr7, 4000-5652 (-1))
graphic feature from cctyper protein table: GF(Csm4gr5, 5671-6690 (-1))
graphic feature from cctyper protein table: GF(Csm3gr7, 6687-7481 (-1))
graphic feature from cctyper protein table: GF(Csm2gr11, 7498-7878 (-1))
graphic feature from cctyper protein table: GF(Cas10, 7908-10121 (-1))
graphic feature from cctyper protein table: GF(Csx1, 10225-11130 (-1))
Index(['protein_id', 'start', 'end', 'effector', 'locus', 'sample', 'strand',
       'sequence'],
      dtype='object')
Index(['protein_id', 'start', 'end', 'effector', 'locus', 'sample', 'strand',
       'sequence', 'type'],
      dtype='object')
graphic feature from ring nucleases: GF(crn1, 10225-11130 (-1))
[GF(ATP-binding protein, 1164-2589 (-1)), GF(type III-A CRISPR-associated RAMP protein Csm5, 3999-5652 (-1)), GF(type III-A CRISPR-associated RAMP protein Csm4, 5670-6690 (-1)), GF(type III-A CRISPR-associated RAMP protein Csm3, 6686-7481 (-1)), GF(type III-A CRISPR-associated protein Csm2, 7497-7878 (-1)), GF(CRISPR-associated protein Csm1, 7907-10121 (-1)), GF(CRISPR-associated ring nuclease, 10224-11130 (-1)), GF(DUF4236 domain-containing protein, 12458-12635 (1)), GF(None, 12747-13782 (1)), GF(Repeat region, 3149-3813 (0)), GF(Repeat region, 11258-12170 (0)), GF(Csm5gr7, 4000-5652 (-1)), GF(Csm4gr5, 5671-6690 (-1)), GF(Csm3gr7, 6687-7481 (-1)), GF(Csm2gr11, 7498-7878 (-1)), GF(Cas10, 7908-10121 (-1)), GF(Csx1, 10225-11130 (-1)), GF(crn1, 10225-11130 (-1)), GF(CRISPR-Cas locus, 4000-11130 (0))]
