Cas operons file:    Unnamed: 0       Contig  ...           locus_id           sample
0           1  NC_014758.1  ...  GCF_000183405.1_1  GCF_000183405.1

[1 rows x 19 columns]
The chosen contig: NC_014758.1
type: CDS
location: [1643187:1644186](-)
id: cds-WP_013451713.1
qualifiers:
    Key: Dbxref, Value: ['GenBank:WP_013451713.1']
    Key: ID, Value: ['cds-WP_013451713.1']
    Key: Name, Value: ['WP_013451713.1']
    Key: Ontology_term, Value: ['GO:0006094', 'GO:0006096', 'GO:0019682']
    Key: Parent, Value: ['gene-CALNI_RS08045']
    Key: gbkey, Value: ['CDS']
    Key: gene, Value: ['gap']
    Key: go_process, Value: ['gluconeogenesis|0006094||IEA', 'glycolytic process|0006096||IEA', 'glyceraldehyde-3-phosphate metabolic process|0019682||IEA']
    Key: inference, Value: ['COORDINATES: similar to AA sequence:RefSeq:WP_011897301.1']
    Key: locus_tag, Value: ['CALNI_RS08045']
    Key: phase, Value: ['0']
    Key: product, Value: ['type I glyceraldehyde-3-phosphate dehydrogenase']
    Key: protein_id, Value: ['WP_013451713.1']
    Key: source, Value: ['Protein Homology']
    Key: transl_table, Value: ['11']

GF(type I glyceraldehyde-3-phosphate dehydrogenase, 858-1857 (-1))
type: CDS
location: [1644163:1645504](-)
id: cds-WP_013451714.1
qualifiers:
    Key: Dbxref, Value: ['GenBank:WP_013451714.1']
    Key: ID, Value: ['cds-WP_013451714.1']
    Key: Name, Value: ['WP_013451714.1']
    Key: Parent, Value: ['gene-CALNI_RS08050']
    Key: gbkey, Value: ['CDS']
    Key: inference, Value: ['COORDINATES: protein motif:HMM:NF024818.2']
    Key: locus_tag, Value: ['CALNI_RS08050']
    Key: phase, Value: ['0']
    Key: product, Value: ['PAS domain-containing protein']
    Key: protein_id, Value: ['WP_013451714.1']
    Key: source, Value: ['Protein Homology']
    Key: transl_table, Value: ['11']

GF(PAS domain-containing protein, 1834-3175 (-1))
type: CDS
location: [1645503:1646169](-)
id: cds-WP_013451715.1
qualifiers:
    Key: Dbxref, Value: ['GenBank:WP_013451715.1']
    Key: ID, Value: ['cds-WP_013451715.1']
    Key: Name, Value: ['WP_013451715.1']
    Key: Ontology_term, Value: ['GO:0009116']
    Key: Parent, Value: ['gene-CALNI_RS08055']
    Key: gbkey, Value: ['CDS']
    Key: go_process, Value: ['nucleoside metabolic process|0009116||IEA']
    Key: inference, Value: ['COORDINATES: similar to AA sequence:RefSeq:WP_013008592.1']
    Key: locus_tag, Value: ['CALNI_RS08055']
    Key: phase, Value: ['0']
    Key: product, Value: ['phosphoribosyltransferase family protein']
    Key: protein_id, Value: ['WP_013451715.1']
    Key: source, Value: ['Protein Homology']
    Key: transl_table, Value: ['11']

GF(phosphoribosyltransferase family protein, 3174-3840 (-1))
type: CDS
location: [1646328:1646610](-)
id: cds-WP_013451716.1
qualifiers:
    Key: Dbxref, Value: ['GenBank:WP_013451716.1']
    Key: ID, Value: ['cds-WP_013451716.1']
    Key: Name, Value: ['WP_013451716.1']
    Key: Ontology_term, Value: ['GO:0043571', 'GO:0004521']
    Key: Parent, Value: ['gene-CALNI_RS08065']
    Key: gbkey, Value: ['CDS']
    Key: gene, Value: ['cas2']
    Key: go_function, Value: ['RNA endonuclease activity|0004521||IEA']
    Key: go_process, Value: ['maintenance of CRISPR repeat elements|0043571||IEA']
    Key: inference, Value: ['COORDINATES: similar to AA sequence:RefSeq:WP_013886480.1']
    Key: locus_tag, Value: ['CALNI_RS08065']
    Key: phase, Value: ['0']
    Key: product, Value: ['CRISPR-associated endonuclease Cas2']
    Key: protein_id, Value: ['WP_013451716.1']
    Key: source, Value: ['Protein Homology']
    Key: transl_table, Value: ['11']

GF(CRISPR-associated endonuclease Cas2, 3999-4281 (-1))
type: CDS
location: [1646728:1648489](+)
id: cds-WP_013451717.1
qualifiers:
    Key: Dbxref, Value: ['GenBank:WP_013451717.1']
    Key: ID, Value: ['cds-WP_013451717.1']
    Key: Name, Value: ['WP_013451717.1']
    Key: Parent, Value: ['gene-CALNI_RS08070']
    Key: gbkey, Value: ['CDS']
    Key: inference, Value: ['COORDINATES: similar to AA sequence:RefSeq:WP_013886736.1']
    Key: locus_tag, Value: ['CALNI_RS08070']
    Key: phase, Value: ['0']
    Key: product, Value: ['CRISPR-associated primase-polymerase type A1']
    Key: protein_id, Value: ['WP_013451717.1']
    Key: source, Value: ['Protein Homology']
    Key: transl_table, Value: ['11']

GF(CRISPR-associated primase-polymerase type A1, 4399-6160 (1))
type: CDS
location: [1648495:1649503](+)
id: cds-WP_013451718.1
qualifiers:
    Key: Dbxref, Value: ['GenBank:WP_013451718.1']
    Key: ID, Value: ['cds-WP_013451718.1']
    Key: Name, Value: ['WP_013451718.1']
    Key: Ontology_term, Value: ['GO:0043571', 'GO:0004520', 'GO:0046872']
    Key: Parent, Value: ['gene-CALNI_RS08075']
    Key: gbkey, Value: ['CDS']
    Key: gene, Value: ['cas1']
    Key: go_function, Value: ['DNA endonuclease activity|0004520||IEA', 'metal ion binding|0046872||IEA']
    Key: go_process, Value: ['maintenance of CRISPR repeat elements|0043571||IEA']
    Key: inference, Value: ['COORDINATES: similar to AA sequence:RefSeq:WP_013886735.1']
    Key: locus_tag, Value: ['CALNI_RS08075']
    Key: phase, Value: ['0']
    Key: product, Value: ['CRISPR-associated endonuclease Cas1']
    Key: protein_id, Value: ['WP_013451718.1']
    Key: source, Value: ['Protein Homology']
    Key: transl_table, Value: ['11']

GF(CRISPR-associated endonuclease Cas1, 6166-7174 (1))
type: CDS
location: [1649521:1650793](+)
id: cds-WP_013451719.1
qualifiers:
    Key: Dbxref, Value: ['GenBank:WP_013451719.1']
    Key: ID, Value: ['cds-WP_013451719.1']
    Key: Name, Value: ['WP_013451719.1']
    Key: Ontology_term, Value: ['GO:0005515']
    Key: Parent, Value: ['gene-CALNI_RS08080']
    Key: gbkey, Value: ['CDS']
    Key: go_function, Value: ['protein binding|0005515||IEA']
    Key: inference, Value: ['COORDINATES: protein motif:HMM:NF025910.2']
    Key: locus_tag, Value: ['CALNI_RS08080']
    Key: phase, Value: ['0']
    Key: product, Value: ['tetratricopeptide repeat protein']
    Key: protein_id, Value: ['WP_013451719.1']
    Key: source, Value: ['Protein Homology']
    Key: transl_table, Value: ['11']

GF(tetratricopeptide repeat protein, 7192-8464 (1))
type: CDS
location: [1651027:1651387](-)
id: cds-WP_013451721.1
qualifiers:
    Key: Dbxref, Value: ['GenBank:WP_013451721.1']
    Key: ID, Value: ['cds-WP_013451721.1']
    Key: Name, Value: ['WP_013451721.1']
    Key: Parent, Value: ['gene-CALNI_RS08085']
    Key: gbkey, Value: ['CDS']
    Key: inference, Value: ['COORDINATES: ab initio prediction:GeneMarkS-2+']
    Key: locus_tag, Value: ['CALNI_RS08085']
    Key: phase, Value: ['0']
    Key: product, Value: ['hypothetical protein']
    Key: protein_id, Value: ['WP_013451721.1']
    Key: source, Value: ['GeneMarkS-2+']
    Key: transl_table, Value: ['11']

GF(None, 8698-9058 (-1))
type: CDS
location: [1651467:1651833](-)
id: cds-WP_013451722.1
qualifiers:
    Key: Dbxref, Value: ['GenBank:WP_013451722.1']
    Key: ID, Value: ['cds-WP_013451722.1']
    Key: Name, Value: ['WP_013451722.1']
    Key: Parent, Value: ['gene-CALNI_RS08090']
    Key: gbkey, Value: ['CDS']
    Key: inference, Value: ['COORDINATES: ab initio prediction:GeneMarkS-2+']
    Key: locus_tag, Value: ['CALNI_RS08090']
    Key: phase, Value: ['0']
    Key: product, Value: ['hypothetical protein']
    Key: protein_id, Value: ['WP_013451722.1']
    Key: source, Value: ['GeneMarkS-2+']
    Key: transl_table, Value: ['11']

GF(None, 9138-9504 (-1))
type: CDS
location: [1654932:1656441](-)
id: cds-WP_013451723.1
qualifiers:
    Key: Dbxref, Value: ['GenBank:WP_013451723.1']
    Key: ID, Value: ['cds-WP_013451723.1']
    Key: Name, Value: ['WP_013451723.1']
    Key: Parent, Value: ['gene-CALNI_RS08095']
    Key: gbkey, Value: ['CDS']
    Key: inference, Value: ['COORDINATES: protein motif:HMM:NF033611.0']
    Key: locus_tag, Value: ['CALNI_RS08095']
    Key: phase, Value: ['0']
    Key: product, Value: ['SAVED domain-containing protein']
    Key: protein_id, Value: ['WP_013451723.1']
    Key: source, Value: ['Protein Homology']
    Key: transl_table, Value: ['11']

GF(SAVED domain-containing protein, 12603-14112 (-1))
type: CDS
location: [1656441:1657296](-)
id: cds-WP_013451724.1
qualifiers:
    Key: Dbxref, Value: ['GenBank:WP_013451724.1']
    Key: ID, Value: ['cds-WP_013451724.1']
    Key: Name, Value: ['WP_013451724.1']
    Key: Parent, Value: ['gene-CALNI_RS08100']
    Key: gbkey, Value: ['CDS']
    Key: inference, Value: ['COORDINATES: ab initio prediction:GeneMarkS-2+']
    Key: locus_tag, Value: ['CALNI_RS08100']
    Key: phase, Value: ['0']
    Key: product, Value: ['hypothetical protein']
    Key: protein_id, Value: ['WP_013451724.1']
    Key: source, Value: ['GeneMarkS-2+']
    Key: transl_table, Value: ['11']

GF(None, 14112-14967 (-1))
type: CDS
location: [1657304:1657940](-)
id: cds-WP_013451725.1
qualifiers:
    Key: Dbxref, Value: ['GenBank:WP_013451725.1']
    Key: ID, Value: ['cds-WP_013451725.1']
    Key: Name, Value: ['WP_013451725.1']
    Key: Parent, Value: ['gene-CALNI_RS08105']
    Key: gbkey, Value: ['CDS']
    Key: inference, Value: ['COORDINATES: ab initio prediction:GeneMarkS-2+']
    Key: locus_tag, Value: ['CALNI_RS08105']
    Key: phase, Value: ['0']
    Key: product, Value: ['hypothetical protein']
    Key: protein_id, Value: ['WP_013451725.1']
    Key: source, Value: ['GeneMarkS-2+']
    Key: transl_table, Value: ['11']

GF(None, 14975-15611 (-1))
type: CDS
location: [1657932:1658484](-)
id: cds-WP_013451726.1
qualifiers:
    Key: Dbxref, Value: ['GenBank:WP_013451726.1']
    Key: ID, Value: ['cds-WP_013451726.1']
    Key: Name, Value: ['WP_013451726.1']
    Key: Parent, Value: ['gene-CALNI_RS08110']
    Key: gbkey, Value: ['CDS']
    Key: inference, Value: ['COORDINATES: ab initio prediction:GeneMarkS-2+']
    Key: locus_tag, Value: ['CALNI_RS08110']
    Key: phase, Value: ['0']
    Key: product, Value: ['hypothetical protein']
    Key: protein_id, Value: ['WP_013451726.1']
    Key: source, Value: ['GeneMarkS-2+']
    Key: transl_table, Value: ['11']

GF(None, 15603-16155 (-1))
type: CDS
location: [1658660:1659050](-)
id: cds-WP_013451727.1
qualifiers:
    Key: Dbxref, Value: ['GenBank:WP_013451727.1']
    Key: ID, Value: ['cds-WP_013451727.1']
    Key: Name, Value: ['WP_013451727.1']
    Key: Parent, Value: ['gene-CALNI_RS08115']
    Key: gbkey, Value: ['CDS']
    Key: gene, Value: ['csx20']
    Key: inference, Value: ['COORDINATES: protein motif:HMM:NF040559.1']
    Key: locus_tag, Value: ['CALNI_RS08115']
    Key: phase, Value: ['0']
    Key: product, Value: ['CRISPR-associated protein Csx20']
    Key: protein_id, Value: ['WP_013451727.1']
    Key: source, Value: ['Protein Homology']
    Key: transl_table, Value: ['11']

GF(CRISPR-associated protein Csx20, 16331-16721 (-1))
type: CDS
location: [1659055:1660195](-)
id: cds-WP_013451728.1
qualifiers:
    Key: Dbxref, Value: ['GenBank:WP_013451728.1']
    Key: ID, Value: ['cds-WP_013451728.1']
    Key: Name, Value: ['WP_013451728.1']
    Key: Ontology_term, Value: ['GO:0043571', 'GO:0003674']
    Key: Parent, Value: ['gene-CALNI_RS08120']
    Key: gbkey, Value: ['CDS']
    Key: gene, Value: ['csm5']
    Key: go_function, Value: ['molecular_function|0003674||IEA']
    Key: go_process, Value: ['maintenance of CRISPR repeat elements|0043571||IEA']
    Key: inference, Value: ['COORDINATES: protein motif:HMM:NF015728.2']
    Key: locus_tag, Value: ['CALNI_RS08120']
    Key: phase, Value: ['0']
    Key: product, Value: ['type III-A CRISPR-associated RAMP protein Csm5']
    Key: protein_id, Value: ['WP_013451728.1']
    Key: source, Value: ['Protein Homology']
    Key: transl_table, Value: ['11']

GF(type III-A CRISPR-associated RAMP protein Csm5, 16726-17866 (-1))
type: CDS
location: [1660191:1661124](-)
id: cds-WP_013451729.1
qualifiers:
    Key: Dbxref, Value: ['GenBank:WP_013451729.1']
    Key: ID, Value: ['cds-WP_013451729.1']
    Key: Name, Value: ['WP_013451729.1']
    Key: Parent, Value: ['gene-CALNI_RS08125']
    Key: gbkey, Value: ['CDS']
    Key: inference, Value: ['COORDINATES: ab initio prediction:GeneMarkS-2+']
    Key: locus_tag, Value: ['CALNI_RS08125']
    Key: phase, Value: ['0']
    Key: product, Value: ['crispr-associated protein, csm4 family']
    Key: protein_id, Value: ['WP_013451729.1']
    Key: source, Value: ['GeneMarkS-2+']
    Key: transl_table, Value: ['11']

GF(crispr-associated protein, csm4 family, 17862-18795 (-1))
type: CDS
location: [1661131:1661809](-)
id: cds-WP_013451730.1
qualifiers:
    Key: Dbxref, Value: ['GenBank:WP_013451730.1']
    Key: ID, Value: ['cds-WP_013451730.1']
    Key: Name, Value: ['WP_013451730.1']
    Key: Ontology_term, Value: ['GO:0043571', 'GO:0003674']
    Key: Parent, Value: ['gene-CALNI_RS08130']
    Key: gbkey, Value: ['CDS']
    Key: gene, Value: ['csm3']
    Key: go_function, Value: ['molecular_function|0003674||IEA']
    Key: go_process, Value: ['maintenance of CRISPR repeat elements|0043571||IEA']
    Key: inference, Value: ['COORDINATES: similar to AA sequence:RefSeq:WP_013886475.1']
    Key: locus_tag, Value: ['CALNI_RS08130']
    Key: phase, Value: ['0']
    Key: product, Value: ['type III-A CRISPR-associated RAMP protein Csm3']
    Key: protein_id, Value: ['WP_013451730.1']
    Key: source, Value: ['Protein Homology']
    Key: transl_table, Value: ['11']

GF(type III-A CRISPR-associated RAMP protein Csm3, 18802-19480 (-1))
type: CDS
location: [1661827:1662295](-)
id: cds-WP_013451731.1
qualifiers:
    Key: Dbxref, Value: ['GenBank:WP_013451731.1']
    Key: ID, Value: ['cds-WP_013451731.1']
    Key: Name, Value: ['WP_013451731.1']
    Key: Ontology_term, Value: ['GO:0043571', 'GO:0003674']
    Key: Parent, Value: ['gene-CALNI_RS08135']
    Key: gbkey, Value: ['CDS']
    Key: gene, Value: ['csm2']
    Key: go_function, Value: ['molecular_function|0003674||IEA']
    Key: go_process, Value: ['maintenance of CRISPR repeat elements|0043571||IEA']
    Key: inference, Value: ['COORDINATES: protein motif:HMM:NF015695.2']
    Key: locus_tag, Value: ['CALNI_RS08135']
    Key: phase, Value: ['0']
    Key: product, Value: ['type III-A CRISPR-associated protein Csm2']
    Key: protein_id, Value: ['WP_013451731.1']
    Key: source, Value: ['Protein Homology']
    Key: transl_table, Value: ['11']

GF(type III-A CRISPR-associated protein Csm2, 19498-19966 (-1))
type: CDS
location: [1662291:1664670](-)
id: cds-WP_013451732.1
qualifiers:
    Key: Dbxref, Value: ['GenBank:WP_013451732.1']
    Key: ID, Value: ['cds-WP_013451732.1']
    Key: Name, Value: ['WP_013451732.1']
    Key: Ontology_term, Value: ['GO:0043571', 'GO:0003674']
    Key: Parent, Value: ['gene-CALNI_RS08140']
    Key: gbkey, Value: ['CDS']
    Key: gene, Value: ['cas10']
    Key: go_function, Value: ['molecular_function|0003674||IEA']
    Key: go_process, Value: ['maintenance of CRISPR repeat elements|0043571||IEA']
    Key: inference, Value: ['COORDINATES: protein motif:HMM:TIGR02578.1']
    Key: locus_tag, Value: ['CALNI_RS08140']
    Key: phase, Value: ['0']
    Key: product, Value: ['type III-A CRISPR-associated protein Cas10/Csm1']
    Key: protein_id, Value: ['WP_013451732.1']
    Key: source, Value: ['Protein Homology']
    Key: transl_table, Value: ['11']

GF(type III-A CRISPR-associated protein Cas10/Csm1, 19962-22341 (-1))
type: CDS
location: [1664670:1665828](-)
id: cds-WP_013451733.1
qualifiers:
    Key: Dbxref, Value: ['GenBank:WP_013451733.1']
    Key: ID, Value: ['cds-WP_013451733.1']
    Key: Name, Value: ['WP_013451733.1']
    Key: Parent, Value: ['gene-CALNI_RS08145']
    Key: gbkey, Value: ['CDS']
    Key: inference, Value: ['COORDINATES: protein motif:HMM:NF020571.2']
    Key: locus_tag, Value: ['CALNI_RS08145']
    Key: phase, Value: ['0']
    Key: product, Value: ['DUF1887 family CARF protein']
    Key: protein_id, Value: ['WP_013451733.1']
    Key: source, Value: ['Protein Homology']
    Key: transl_table, Value: ['11']

GF(DUF1887 family CARF protein, 22341-23499 (-1))
type: CDS
location: [1665824:1666730](-)
id: cds-WP_013451734.1
qualifiers:
    Key: Dbxref, Value: ['GenBank:WP_013451734.1']
    Key: ID, Value: ['cds-WP_013451734.1']
    Key: Name, Value: ['WP_013451734.1']
    Key: Parent, Value: ['gene-CALNI_RS08150']
    Key: gbkey, Value: ['CDS']
    Key: gene, Value: ['cas6']
    Key: inference, Value: ['COORDINATES: protein motif:HMM:NF021551.2']
    Key: locus_tag, Value: ['CALNI_RS08150']
    Key: phase, Value: ['0']
    Key: product, Value: ['CRISPR system precrRNA processing endoribonuclease RAMP protein Cas6']
    Key: protein_id, Value: ['WP_013451734.1']
    Key: source, Value: ['Protein Homology']
    Key: transl_table, Value: ['11']

GF(CRISPR system precrRNA processing endoribonuclease RAMP protein Cas6, 23495-24401 (-1))
type: CDS
location: [1666889:1667582](-)
id: cds-WP_013451735.1
qualifiers:
    Key: Dbxref, Value: ['GenBank:WP_013451735.1']
    Key: ID, Value: ['cds-WP_013451735.1']
    Key: Name, Value: ['WP_013451735.1']
    Key: Ontology_term, Value: ['GO:0009265', 'GO:0051353', 'GO:0051539']
    Key: Parent, Value: ['gene-CALNI_RS08155']
    Key: gbkey, Value: ['CDS']
    Key: go_function, Value: ['4 iron, 4 sulfur cluster binding|0051539||IEA']
    Key: go_process, Value: ["2'-deoxyribonucleotide biosynthetic process|0009265||IEA", 'positive regulation of oxidoreductase activity|0051353||IEA']
    Key: inference, Value: ['COORDINATES: protein motif:HMM:TIGR02495.1']
    Key: locus_tag, Value: ['CALNI_RS08155']
    Key: phase, Value: ['0']
    Key: product, Value: ['anaerobic ribonucleoside-triphosphate reductase activating protein']
    Key: protein_id, Value: ['WP_013451735.1']
    Key: source, Value: ['Protein Homology']
    Key: transl_table, Value: ['11']

GF(anaerobic ribonucleoside-triphosphate reductase activating protein, 24560-25253 (-1))
type: CDS
location: [1667553:1667733](-)
id: cds-WP_049770148.1
qualifiers:
    Key: Dbxref, Value: ['GenBank:WP_049770148.1']
    Key: ID, Value: ['cds-WP_049770148.1']
    Key: Name, Value: ['WP_049770148.1']
    Key: Ontology_term, Value: ['GO:0006260', 'GO:0008998', 'GO:0016491']
    Key: Parent, Value: ['gene-CALNI_RS08160']
    Key: gbkey, Value: ['CDS']
    Key: gene, Value: ['nrdD']
    Key: go_function, Value: ['ribonucleoside-triphosphate reductase activity|0008998||IEA', 'oxidoreductase activity|0016491||IEA']
    Key: go_process, Value: ['DNA replication|0006260||IEA']
    Key: inference, Value: ['COORDINATES: similar to AA sequence:RefSeq:WP_013885943.1']
    Key: locus_tag, Value: ['CALNI_RS08160']
    Key: phase, Value: ['0']
    Key: product, Value: ['anaerobic ribonucleoside-triphosphate reductase']
    Key: protein_id, Value: ['WP_049770148.1']
    Key: source, Value: ['Protein Homology']
    Key: transl_table, Value: ['11']

GF(anaerobic ribonucleoside-triphosphate reductase, 25224-25404 (-1))
type: CDS
location: [1667737:1669765](-)
id: cds-WP_083797372.1
qualifiers:
    Key: Dbxref, Value: ['GenBank:WP_083797372.1']
    Key: ID, Value: ['cds-WP_083797372.1']
    Key: Name, Value: ['WP_083797372.1']
    Key: Ontology_term, Value: ['GO:0006260', 'GO:0008998']
    Key: Parent, Value: ['gene-CALNI_RS08165']
    Key: gbkey, Value: ['CDS']
    Key: go_function, Value: ['ribonucleoside-triphosphate reductase activity|0008998||IEA']
    Key: go_process, Value: ['DNA replication|0006260||IEA']
    Key: inference, Value: ['COORDINATES: similar to AA sequence:RefSeq:WP_013885944.1']
    Key: locus_tag, Value: ['CALNI_RS08165']
    Key: phase, Value: ['0']
    Key: product, Value: ['ribonucleoside triphosphate reductase']
    Key: protein_id, Value: ['WP_083797372.1']
    Key: source, Value: ['Protein Homology']
    Key: transl_table, Value: ['11']

GF(ribonucleoside triphosphate reductase, 25408-27436 (-1))
type: repeat_region
location: [1652518:1654555](+)
id: NC_014758.1_1
qualifiers:
    Key: Dbxref, Value: ['SO:0001459']
    Key: ID, Value: ['NC_014758.1_1']
    Key: Note, Value: ['GTCGCAATCCCTTAAAGTCAGGTCAATGTTTCCAAC']
    Key: Ontology_term, Value: ['CRISPR']
    Key: score, Value: ['2037']
    Key: source, Value: ['CCTyper']

GF(Repeat region, 10189-12226 (0))
graphic feature from cctyper protein table: GF(Cas2, 4000-4281 (-1))
graphic feature from cctyper protein table: GF(PrimPol, 4400-6160 (1))
graphic feature from cctyper protein table: GF(Cas1, 6167-7174 (1))
graphic feature from cctyper protein table: GF(TPR, 7193-8464 (1))
graphic feature from cctyper protein table: GF(CasR, 12604-14112 (-1))
graphic feature from cctyper protein table: GF(Unk, 14113-14967 (-1))
graphic feature from cctyper protein table: GF(HTH, 14976-15611 (-1))
graphic feature from cctyper protein table: GF(Csx20, 16332-16721 (-1))
graphic feature from cctyper protein table: GF(Csm5gr7, 16727-17866 (-1))
graphic feature from cctyper protein table: GF(Csm4gr5, 17863-18795 (-1))
graphic feature from cctyper protein table: GF(Csm3gr7, 18803-19480 (-1))
graphic feature from cctyper protein table: GF(Csm2gr11, 19499-19966 (-1))
graphic feature from cctyper protein table: GF(Cas10, 19963-22341 (-1))
graphic feature from cctyper protein table: GF(Can2, 22342-23499 (-1))
graphic feature from cctyper protein table: GF(Cas6, 23496-24401 (-1))
Index(['protein_id', 'start', 'end', 'effector', 'locus', 'sample', 'strand',
       'sequence', 'type'],
      dtype='object')
graphic feature from known effectors: GF(calpl, 12604-14112 (-1))
graphic feature from known effectors: GF(can1-2, 22342-23499 (-1))
Index(['protein_id', 'start', 'end', 'effector', 'locus', 'sample', 'strand',
       'sequence', 'type'],
      dtype='object')
graphic feature from ring nucleases: GF(csx20, 16332-16721 (-1))
[GF(type I glyceraldehyde-3-phosphate dehydrogenase, 858-1857 (-1)), GF(PAS domain-containing protein, 1834-3175 (-1)), GF(phosphoribosyltransferase family protein, 3174-3840 (-1)), GF(CRISPR-associated endonuclease Cas2, 3999-4281 (-1)), GF(CRISPR-associated primase-polymerase type A1, 4399-6160 (1)), GF(CRISPR-associated endonuclease Cas1, 6166-7174 (1)), GF(tetratricopeptide repeat protein, 7192-8464 (1)), GF(None, 8698-9058 (-1)), GF(None, 9138-9504 (-1)), GF(SAVED domain-containing protein, 12603-14112 (-1)), GF(None, 14112-14967 (-1)), GF(None, 14975-15611 (-1)), GF(None, 15603-16155 (-1)), GF(CRISPR-associated protein Csx20, 16331-16721 (-1)), GF(type III-A CRISPR-associated RAMP protein Csm5, 16726-17866 (-1)), GF(crispr-associated protein, csm4 family, 17862-18795 (-1)), GF(type III-A CRISPR-associated RAMP protein Csm3, 18802-19480 (-1)), GF(type III-A CRISPR-associated protein Csm2, 19498-19966 (-1)), GF(type III-A CRISPR-associated protein Cas10/Csm1, 19962-22341 (-1)), GF(DUF1887 family CARF protein, 22341-23499 (-1)), GF(CRISPR system precrRNA processing endoribonuclease RAMP protein Cas6, 23495-24401 (-1)), GF(anaerobic ribonucleoside-triphosphate reductase activating protein, 24560-25253 (-1)), GF(anaerobic ribonucleoside-triphosphate reductase, 25224-25404 (-1)), GF(ribonucleoside triphosphate reductase, 25408-27436 (-1)), GF(Repeat region, 10189-12226 (0)), GF(Cas2, 4000-4281 (-1)), GF(PrimPol, 4400-6160 (1)), GF(Cas1, 6167-7174 (1)), GF(TPR, 7193-8464 (1)), GF(CasR, 12604-14112 (-1)), GF(Unk, 14113-14967 (-1)), GF(HTH, 14976-15611 (-1)), GF(Csx20, 16332-16721 (-1)), GF(Csm5gr7, 16727-17866 (-1)), GF(Csm4gr5, 17863-18795 (-1)), GF(Csm3gr7, 18803-19480 (-1)), GF(Csm2gr11, 19499-19966 (-1)), GF(Cas10, 19963-22341 (-1)), GF(Can2, 22342-23499 (-1)), GF(Cas6, 23496-24401 (-1)), GF(calpl, 12604-14112 (-1)), GF(can1-2, 22342-23499 (-1)), GF(csx20, 16332-16721 (-1)), GF(CRISPR-Cas locus, 4000-24401 (0))]
