Cas operons file:    Unnamed: 0       Contig  ...           locus_id           sample
0           5  NC_011831.1  ...  GCF_000021945.1_5  GCF_000021945.1

[1 rows x 19 columns]
The chosen contig: NC_011831.1
type: CDS
location: [4180053:4181028](+)
id: cds-WP_015942129.1
qualifiers:
    Key: Dbxref, Value: ['GenBank:WP_015942129.1']
    Key: ID, Value: ['cds-WP_015942129.1']
    Key: Name, Value: ['WP_015942129.1']
    Key: Parent, Value: ['gene-CAGG_RS17105']
    Key: gbkey, Value: ['CDS']
    Key: inference, Value: ['COORDINATES: similar to AA sequence:RefSeq:WP_012258645.1']
    Key: locus_tag, Value: ['CAGG_RS17105']
    Key: phase, Value: ['0']
    Key: product, Value: ['tripartite tricarboxylate transporter substrate binding protein']
    Key: protein_id, Value: ['WP_015942129.1']
    Key: source, Value: ['Protein Homology']
    Key: transl_table, Value: ['11']

GF(tripartite tricarboxylate transporter substrate binding protein, 731-1706 (1))
type: CDS
location: [4181024:4181516](+)
id: cds-WP_015942130.1
qualifiers:
    Key: Dbxref, Value: ['GenBank:WP_015942130.1']
    Key: ID, Value: ['cds-WP_015942130.1']
    Key: Name, Value: ['WP_015942130.1']
    Key: Ontology_term, Value: ['GO:0005215']
    Key: Parent, Value: ['gene-CAGG_RS17110']
    Key: gbkey, Value: ['CDS']
    Key: go_function, Value: ['transporter activity|0005215||IEA']
    Key: inference, Value: ['COORDINATES: similar to AA sequence:RefSeq:WP_012258644.1']
    Key: locus_tag, Value: ['CAGG_RS17110']
    Key: phase, Value: ['0']
    Key: product, Value: ['tripartite tricarboxylate transporter TctB family protein']
    Key: protein_id, Value: ['WP_015942130.1']
    Key: source, Value: ['Protein Homology']
    Key: transl_table, Value: ['11']

GF(tripartite tricarboxylate transporter TctB family protein, 1702-2194 (1))
type: CDS
location: [4181525:4183061](+)
id: cds-WP_015942131.1
qualifiers:
    Key: Dbxref, Value: ['GenBank:WP_015942131.1']
    Key: ID, Value: ['cds-WP_015942131.1']
    Key: Name, Value: ['WP_015942131.1']
    Key: Parent, Value: ['gene-CAGG_RS17115']
    Key: gbkey, Value: ['CDS']
    Key: inference, Value: ['COORDINATES: similar to AA sequence:RefSeq:WP_012258643.1']
    Key: locus_tag, Value: ['CAGG_RS17115']
    Key: phase, Value: ['0']
    Key: product, Value: ['tripartite tricarboxylate transporter permease']
    Key: protein_id, Value: ['WP_015942131.1']
    Key: source, Value: ['Protein Homology']
    Key: transl_table, Value: ['11']

GF(tripartite tricarboxylate transporter permease, 2203-3739 (1))
type: CDS
location: [4183321:4185481](+)
id: cds-WP_015942132.1
qualifiers:
    Key: Dbxref, Value: ['GenBank:WP_015942132.1']
    Key: ID, Value: ['cds-WP_015942132.1']
    Key: Name, Value: ['WP_015942132.1']
    Key: Parent, Value: ['gene-CAGG_RS17120']
    Key: gbkey, Value: ['CDS']
    Key: inference, Value: ['COORDINATES: similar to AA sequence:RefSeq:WP_012256465.1']
    Key: locus_tag, Value: ['CAGG_RS17120']
    Key: phase, Value: ['0']
    Key: product, Value: ['CRISPR-associated protein Csm1']
    Key: protein_id, Value: ['WP_015942132.1']
    Key: source, Value: ['Protein Homology']
    Key: transl_table, Value: ['11']

GF(CRISPR-associated protein Csm1, 3999-6159 (1))
type: CDS
location: [4185533:4185992](+)
id: cds-WP_015942133.1
qualifiers:
    Key: Dbxref, Value: ['GenBank:WP_015942133.1']
    Key: ID, Value: ['cds-WP_015942133.1']
    Key: Name, Value: ['WP_015942133.1']
    Key: Ontology_term, Value: ['GO:0043571', 'GO:0003674']
    Key: Parent, Value: ['gene-CAGG_RS17125']
    Key: gbkey, Value: ['CDS']
    Key: gene, Value: ['csm2']
    Key: go_function, Value: ['molecular_function|0003674||IEA']
    Key: go_process, Value: ['maintenance of CRISPR repeat elements|0043571||IEA']
    Key: inference, Value: ['COORDINATES: similar to AA sequence:RefSeq:WP_012120490.1']
    Key: locus_tag, Value: ['CAGG_RS17125']
    Key: phase, Value: ['0']
    Key: product, Value: ['type III-A CRISPR-associated protein Csm2']
    Key: protein_id, Value: ['WP_015942133.1']
    Key: source, Value: ['Protein Homology']
    Key: transl_table, Value: ['11']

GF(type III-A CRISPR-associated protein Csm2, 6211-6670 (1))
type: CDS
location: [4186011:4186824](+)
id: cds-WP_015942134.1
qualifiers:
    Key: Dbxref, Value: ['GenBank:WP_015942134.1']
    Key: ID, Value: ['cds-WP_015942134.1']
    Key: Name, Value: ['WP_015942134.1']
    Key: Ontology_term, Value: ['GO:0043571', 'GO:0003674']
    Key: Parent, Value: ['gene-CAGG_RS17130']
    Key: gbkey, Value: ['CDS']
    Key: gene, Value: ['csm3']
    Key: go_function, Value: ['molecular_function|0003674||IEA']
    Key: go_process, Value: ['maintenance of CRISPR repeat elements|0043571||IEA']
    Key: inference, Value: ['COORDINATES: similar to AA sequence:RefSeq:WP_012120491.1']
    Key: locus_tag, Value: ['CAGG_RS17130']
    Key: phase, Value: ['0']
    Key: product, Value: ['type III-A CRISPR-associated RAMP protein Csm3']
    Key: protein_id, Value: ['WP_015942134.1']
    Key: source, Value: ['Protein Homology']
    Key: transl_table, Value: ['11']

GF(type III-A CRISPR-associated RAMP protein Csm3, 6689-7502 (1))
type: CDS
location: [4186828:4187920](+)
id: cds-WP_015942135.1
qualifiers:
    Key: Dbxref, Value: ['GenBank:WP_015942135.1']
    Key: ID, Value: ['cds-WP_015942135.1']
    Key: Name, Value: ['WP_015942135.1']
    Key: Ontology_term, Value: ['GO:0043571', 'GO:0003674']
    Key: Parent, Value: ['gene-CAGG_RS17135']
    Key: gbkey, Value: ['CDS']
    Key: gene, Value: ['csm4']
    Key: go_function, Value: ['molecular_function|0003674||IEA']
    Key: go_process, Value: ['maintenance of CRISPR repeat elements|0043571||IEA']
    Key: inference, Value: ['COORDINATES: similar to AA sequence:RefSeq:WP_012256462.1']
    Key: locus_tag, Value: ['CAGG_RS17135']
    Key: phase, Value: ['0']
    Key: product, Value: ['type III-A CRISPR-associated RAMP protein Csm4']
    Key: protein_id, Value: ['WP_015942135.1']
    Key: source, Value: ['Protein Homology']
    Key: transl_table, Value: ['11']

GF(type III-A CRISPR-associated RAMP protein Csm4, 7506-8598 (1))
type: CDS
location: [4187981:4189397](+)
id: cds-WP_015942136.1
qualifiers:
    Key: Dbxref, Value: ['GenBank:WP_015942136.1']
    Key: ID, Value: ['cds-WP_015942136.1']
    Key: Name, Value: ['WP_015942136.1']
    Key: Ontology_term, Value: ['GO:0043571', 'GO:0003674']
    Key: Parent, Value: ['gene-CAGG_RS17140']
    Key: gbkey, Value: ['CDS']
    Key: gene, Value: ['csm5']
    Key: go_function, Value: ['molecular_function|0003674||IEA']
    Key: go_process, Value: ['maintenance of CRISPR repeat elements|0043571||IEA']
    Key: inference, Value: ['COORDINATES: similar to AA sequence:RefSeq:WP_012256461.1']
    Key: locus_tag, Value: ['CAGG_RS17140']
    Key: phase, Value: ['0']
    Key: product, Value: ['type III-A CRISPR-associated RAMP protein Csm5']
    Key: protein_id, Value: ['WP_015942136.1']
    Key: source, Value: ['Protein Homology']
    Key: transl_table, Value: ['11']

GF(type III-A CRISPR-associated RAMP protein Csm5, 8659-10075 (1))
type: CDS
location: [4189410:4190886](+)
id: cds-WP_015942137.1
qualifiers:
    Key: Dbxref, Value: ['GenBank:WP_015942137.1']
    Key: ID, Value: ['cds-WP_015942137.1']
    Key: Name, Value: ['WP_015942137.1']
    Key: Parent, Value: ['gene-CAGG_RS17145']
    Key: gbkey, Value: ['CDS']
    Key: inference, Value: ['COORDINATES: similar to AA sequence:RefSeq:WP_012256460.1']
    Key: locus_tag, Value: ['CAGG_RS17145']
    Key: phase, Value: ['0']
    Key: product, Value: ['hypothetical protein']
    Key: protein_id, Value: ['WP_015942137.1']
    Key: source, Value: ['Protein Homology']
    Key: transl_table, Value: ['11']

GF(None, 10088-11564 (1))
type: CDS
location: [4190890:4192327](+)
id: cds-WP_015942138.1
qualifiers:
    Key: Dbxref, Value: ['GenBank:WP_015942138.1']
    Key: ID, Value: ['cds-WP_015942138.1']
    Key: Name, Value: ['WP_015942138.1']
    Key: Parent, Value: ['gene-CAGG_RS17150']
    Key: gbkey, Value: ['CDS']
    Key: inference, Value: ['COORDINATES: similar to AA sequence:RefSeq:WP_012256459.1']
    Key: locus_tag, Value: ['CAGG_RS17150']
    Key: phase, Value: ['0']
    Key: product, Value: ['hypothetical protein']
    Key: protein_id, Value: ['WP_015942138.1']
    Key: source, Value: ['Protein Homology']
    Key: transl_table, Value: ['11']

GF(None, 11568-13005 (1))
type: CDS
location: [4192429:4193290](+)
id: cds-WP_015942139.1
qualifiers:
    Key: Dbxref, Value: ['GenBank:WP_015942139.1']
    Key: ID, Value: ['cds-WP_015942139.1']
    Key: Name, Value: ['WP_015942139.1']
    Key: Ontology_term, Value: ['GO:0043571', 'GO:0004521']
    Key: Parent, Value: ['gene-CAGG_RS17155']
    Key: gbkey, Value: ['CDS']
    Key: gene, Value: ['cas6']
    Key: go_function, Value: ['RNA endonuclease activity|0004521||IEA']
    Key: go_process, Value: ['maintenance of CRISPR repeat elements|0043571||IEA']
    Key: inference, Value: ['COORDINATES: similar to AA sequence:RefSeq:WP_012256458.1']
    Key: locus_tag, Value: ['CAGG_RS17155']
    Key: phase, Value: ['0']
    Key: product, Value: ['CRISPR-associated endoribonuclease Cas6']
    Key: protein_id, Value: ['WP_015942139.1']
    Key: source, Value: ['Protein Homology']
    Key: transl_table, Value: ['11']

GF(CRISPR-associated endoribonuclease Cas6, 13107-13968 (1))
type: CDS
location: [4193210:4194287](+)
id: cds-WP_232280636.1
qualifiers:
    Key: Dbxref, Value: ['GenBank:WP_232280636.1']
    Key: ID, Value: ['cds-WP_232280636.1']
    Key: Name, Value: ['WP_232280636.1']
    Key: Ontology_term, Value: ['GO:0043571', 'GO:0004520', 'GO:0046872']
    Key: Parent, Value: ['gene-CAGG_RS17160']
    Key: gbkey, Value: ['CDS']
    Key: gene, Value: ['cas1']
    Key: go_function, Value: ['DNA endonuclease activity|0004520||IEA', 'metal ion binding|0046872||IEA']
    Key: go_process, Value: ['maintenance of CRISPR repeat elements|0043571||IEA']
    Key: inference, Value: ['COORDINATES: similar to AA sequence:RefSeq:WP_012256457.1']
    Key: locus_tag, Value: ['CAGG_RS17160']
    Key: phase, Value: ['0']
    Key: product, Value: ['CRISPR-associated endonuclease Cas1']
    Key: protein_id, Value: ['WP_232280636.1']
    Key: source, Value: ['Protein Homology']
    Key: transl_table, Value: ['11']

GF(CRISPR-associated endonuclease Cas1, 13888-14965 (1))
type: CDS
location: [4194302:4194584](+)
id: cds-WP_015942141.1
qualifiers:
    Key: Dbxref, Value: ['GenBank:WP_015942141.1']
    Key: ID, Value: ['cds-WP_015942141.1']
    Key: Name, Value: ['WP_015942141.1']
    Key: Ontology_term, Value: ['GO:0043571', 'GO:0004521']
    Key: Parent, Value: ['gene-CAGG_RS17165']
    Key: gbkey, Value: ['CDS']
    Key: gene, Value: ['cas2']
    Key: go_function, Value: ['RNA endonuclease activity|0004521||IEA']
    Key: go_process, Value: ['maintenance of CRISPR repeat elements|0043571||IEA']
    Key: inference, Value: ['COORDINATES: similar to AA sequence:RefSeq:WP_012256456.1']
    Key: locus_tag, Value: ['CAGG_RS17165']
    Key: phase, Value: ['0']
    Key: product, Value: ['CRISPR-associated endonuclease Cas2']
    Key: protein_id, Value: ['WP_015942141.1']
    Key: source, Value: ['Protein Homology']
    Key: transl_table, Value: ['11']

GF(CRISPR-associated endonuclease Cas2, 14980-15262 (1))
graphic feature from known effectors: GF(csx1, 10089-11564 (1))
graphic feature from known effectors: GF(csx1, 11569-13005 (1))
[GF(tripartite tricarboxylate transporter substrate binding protein, 731-1706 (1)), GF(tripartite tricarboxylate transporter TctB family protein, 1702-2194 (1)), GF(tripartite tricarboxylate transporter permease, 2203-3739 (1)), GF(CRISPR-associated protein Csm1, 3999-6159 (1)), GF(type III-A CRISPR-associated protein Csm2, 6211-6670 (1)), GF(type III-A CRISPR-associated RAMP protein Csm3, 6689-7502 (1)), GF(type III-A CRISPR-associated RAMP protein Csm4, 7506-8598 (1)), GF(type III-A CRISPR-associated RAMP protein Csm5, 8659-10075 (1)), GF(None, 10088-11564 (1)), GF(None, 11568-13005 (1)), GF(CRISPR-associated endoribonuclease Cas6, 13107-13968 (1)), GF(CRISPR-associated endonuclease Cas1, 13888-14965 (1)), GF(CRISPR-associated endonuclease Cas2, 14980-15262 (1)), GF(csx1, 10089-11564 (1)), GF(csx1, 11569-13005 (1)), GF(CRISPR-Cas locus, 4000-15262 (0))]
