Cas operons file:    Unnamed: 0       Contig  ...           locus_id           sample
0           0  NC_003364.1  ...  GCF_000007225.1_0  GCF_000007225.1

[1 rows x 19 columns]
The chosen contig: NC_003364.1
type: CDS
location: [54120:54348](+)
id: cds-WP_011007032.1
qualifiers:
    Key: Dbxref, Value: ['GenBank:WP_011007032.1', 'GeneID:1464776']
    Key: ID, Value: ['cds-WP_011007032.1']
    Key: Name, Value: ['WP_011007032.1']
    Key: Parent, Value: ['gene-PAE_RS00300']
    Key: gbkey, Value: ['CDS']
    Key: inference, Value: ['COORDINATES: similar to AA sequence:RefSeq:WP_011901100.1']
    Key: locus_tag, Value: ['PAE_RS00300']
    Key: phase, Value: ['0']
    Key: product, Value: ['AbrB/MazE/SpoVT family DNA-binding domain-containing protein']
    Key: protein_id, Value: ['WP_011007032.1']
    Key: source, Value: ['Protein Homology']
    Key: transl_table, Value: ['11']

GF(AbrB/MazE/SpoVT family DNA-binding domain-containing protein, 315-543 (1))
type: CDS
location: [54322:54703](+)
id: cds-WP_011007033.1
qualifiers:
    Key: Dbxref, Value: ['GenBank:WP_011007033.1', 'GeneID:1464777']
    Key: ID, Value: ['cds-WP_011007033.1']
    Key: Name, Value: ['WP_011007033.1']
    Key: Parent, Value: ['gene-PAE_RS00305']
    Key: gbkey, Value: ['CDS']
    Key: inference, Value: ['COORDINATES: similar to AA sequence:RefSeq:WP_011901101.1']
    Key: locus_tag, Value: ['PAE_RS00305']
    Key: phase, Value: ['0']
    Key: product, Value: ['type II toxin-antitoxin system VapC family toxin']
    Key: protein_id, Value: ['WP_011007033.1']
    Key: source, Value: ['Protein Homology']
    Key: transl_table, Value: ['11']

GF(type II toxin-antitoxin system VapC family toxin, 517-898 (1))
type: CDS
location: [54938:55859](+)
id: cds-WP_011007034.1
qualifiers:
    Key: Dbxref, Value: ['GenBank:WP_011007034.1', 'GeneID:1464778']
    Key: ID, Value: ['cds-WP_011007034.1']
    Key: Name, Value: ['WP_011007034.1']
    Key: Parent, Value: ['gene-PAE_RS00310']
    Key: gbkey, Value: ['CDS']
    Key: inference, Value: ['COORDINATES: ab initio prediction:GeneMarkS-2+']
    Key: locus_tag, Value: ['PAE_RS00310']
    Key: phase, Value: ['0']
    Key: product, Value: ['ATP-binding protein']
    Key: protein_id, Value: ['WP_011007034.1']
    Key: source, Value: ['GeneMarkS-2+']
    Key: transl_table, Value: ['11']

GF(ATP-binding protein, 1133-2054 (1))
type: CDS
location: [56085:56712](+)
id: cds-WP_011007035.1
qualifiers:
    Key: Dbxref, Value: ['GenBank:WP_011007035.1', 'GeneID:1464779']
    Key: ID, Value: ['cds-WP_011007035.1']
    Key: Name, Value: ['WP_011007035.1']
    Key: Parent, Value: ['gene-PAE_RS00315']
    Key: gbkey, Value: ['CDS']
    Key: inference, Value: ['COORDINATES: similar to AA sequence:RefSeq:WP_014346655.1']
    Key: locus_tag, Value: ['PAE_RS00315']
    Key: phase, Value: ['0']
    Key: product, Value: ['hypothetical protein']
    Key: protein_id, Value: ['WP_011007035.1']
    Key: source, Value: ['Protein Homology']
    Key: transl_table, Value: ['11']

GF(None, 2280-2907 (1))
type: CDS
location: [56711:57329](+)
id: cds-WP_011007036.1
qualifiers:
    Key: Dbxref, Value: ['GenBank:WP_011007036.1', 'GeneID:1464780']
    Key: ID, Value: ['cds-WP_011007036.1']
    Key: Name, Value: ['WP_011007036.1']
    Key: Parent, Value: ['gene-PAE_RS00320']
    Key: gbkey, Value: ['CDS']
    Key: inference, Value: ['COORDINATES: ab initio prediction:GeneMarkS-2+']
    Key: locus_tag, Value: ['PAE_RS00320']
    Key: phase, Value: ['0']
    Key: product, Value: ['PIN domain-containing protein']
    Key: protein_id, Value: ['WP_011007036.1']
    Key: source, Value: ['GeneMarkS-2+']
    Key: transl_table, Value: ['11']

GF(PIN domain-containing protein, 2906-3524 (1))
type: CDS
location: [57433:57805](-)
id: cds-WP_011007037.1
qualifiers:
    Key: Dbxref, Value: ['GenBank:WP_011007037.1', 'GeneID:1464781']
    Key: ID, Value: ['cds-WP_011007037.1']
    Key: Name, Value: ['WP_011007037.1']
    Key: Parent, Value: ['gene-PAE_RS00325']
    Key: gbkey, Value: ['CDS']
    Key: inference, Value: ['COORDINATES: similar to AA sequence:RefSeq:WP_014346668.1']
    Key: locus_tag, Value: ['PAE_RS00325']
    Key: phase, Value: ['0']
    Key: product, Value: ['hypothetical protein']
    Key: protein_id, Value: ['WP_011007037.1']
    Key: source, Value: ['Protein Homology']
    Key: transl_table, Value: ['11']

GF(None, 3628-4000 (-1))
type: CDS
location: [57804:60177](-)
id: cds-WP_011007038.1
qualifiers:
    Key: Dbxref, Value: ['GenBank:WP_011007038.1', 'GeneID:1464782']
    Key: ID, Value: ['cds-WP_011007038.1']
    Key: Name, Value: ['WP_011007038.1']
    Key: Ontology_term, Value: ['GO:0043571', 'GO:0003674']
    Key: Parent, Value: ['gene-PAE_RS00330']
    Key: gbkey, Value: ['CDS']
    Key: gene, Value: ['cas10']
    Key: go_function, Value: ['molecular_function|0003674||IEA']
    Key: go_process, Value: ['maintenance of CRISPR repeat elements|0043571||IEA']
    Key: inference, Value: ['COORDINATES: similar to AA sequence:RefSeq:WP_014346669.1']
    Key: locus_tag, Value: ['PAE_RS00330']
    Key: phase, Value: ['0']
    Key: product, Value: ['type III-A CRISPR-associated protein Cas10/Csm1']
    Key: protein_id, Value: ['WP_011007038.1']
    Key: source, Value: ['Protein Homology']
    Key: transl_table, Value: ['11']

GF(type III-A CRISPR-associated protein Cas10/Csm1, 3999-6372 (-1))
type: CDS
location: [60163:61096](-)
id: cds-WP_011007039.1
qualifiers:
    Key: Dbxref, Value: ['GenBank:WP_011007039.1', 'GeneID:1464783']
    Key: ID, Value: ['cds-WP_011007039.1']
    Key: Name, Value: ['WP_011007039.1']
    Key: Parent, Value: ['gene-PAE_RS00335']
    Key: gbkey, Value: ['CDS']
    Key: inference, Value: ['COORDINATES: similar to AA sequence:RefSeq:WP_014127124.1']
    Key: locus_tag, Value: ['PAE_RS00335']
    Key: phase, Value: ['0']
    Key: product, Value: ['CRISPR-associated protein']
    Key: protein_id, Value: ['WP_011007039.1']
    Key: source, Value: ['Protein Homology']
    Key: transl_table, Value: ['11']

GF(CRISPR-associated protein, 6358-7291 (-1))
type: CDS
location: [61083:61968](-)
id: cds-WP_011007040.1
qualifiers:
    Key: Dbxref, Value: ['GenBank:WP_011007040.1', 'GeneID:1464784']
    Key: ID, Value: ['cds-WP_011007040.1']
    Key: Name, Value: ['WP_011007040.1']
    Key: Parent, Value: ['gene-PAE_RS00340']
    Key: gbkey, Value: ['CDS']
    Key: inference, Value: ['COORDINATES: similar to AA sequence:RefSeq:WP_014346671.1']
    Key: locus_tag, Value: ['PAE_RS00340']
    Key: phase, Value: ['0']
    Key: product, Value: ['hypothetical protein']
    Key: protein_id, Value: ['WP_011007040.1']
    Key: source, Value: ['Protein Homology']
    Key: transl_table, Value: ['11']

GF(None, 7278-8163 (-1))
type: CDS
location: [61964:62891](-)
id: cds-WP_011007041.1
qualifiers:
    Key: Dbxref, Value: ['GenBank:WP_011007041.1', 'GeneID:1464785']
    Key: ID, Value: ['cds-WP_011007041.1']
    Key: Name, Value: ['WP_011007041.1']
    Key: Ontology_term, Value: ['GO:0043571', 'GO:0003674']
    Key: Parent, Value: ['gene-PAE_RS00345']
    Key: gbkey, Value: ['CDS']
    Key: gene, Value: ['csm3']
    Key: go_function, Value: ['molecular_function|0003674||IEA']
    Key: go_process, Value: ['maintenance of CRISPR repeat elements|0043571||IEA']
    Key: inference, Value: ['COORDINATES: similar to AA sequence:RefSeq:WP_014346672.1']
    Key: locus_tag, Value: ['PAE_RS00345']
    Key: phase, Value: ['0']
    Key: product, Value: ['type III-A CRISPR-associated RAMP protein Csm3']
    Key: protein_id, Value: ['WP_011007041.1']
    Key: source, Value: ['Protein Homology']
    Key: transl_table, Value: ['11']

GF(type III-A CRISPR-associated RAMP protein Csm3, 8159-9086 (-1))
type: CDS
location: [62887:63334](-)
id: cds-WP_011007042.1
qualifiers:
    Key: Dbxref, Value: ['GenBank:WP_011007042.1', 'GeneID:1464786']
    Key: ID, Value: ['cds-WP_011007042.1']
    Key: Name, Value: ['WP_011007042.1']
    Key: Parent, Value: ['gene-PAE_RS00350']
    Key: gbkey, Value: ['CDS']
    Key: inference, Value: ['COORDINATES: similar to AA sequence:RefSeq:WP_014346673.1']
    Key: locus_tag, Value: ['PAE_RS00350']
    Key: phase, Value: ['0']
    Key: product, Value: ['hypothetical protein']
    Key: protein_id, Value: ['WP_011007042.1']
    Key: source, Value: ['Protein Homology']
    Key: transl_table, Value: ['11']

GF(None, 9082-9529 (-1))
type: CDS
location: [63418:64411](+)
id: cds-WP_011007043.1
qualifiers:
    Key: Dbxref, Value: ['GenBank:WP_011007043.1', 'GeneID:1464787']
    Key: ID, Value: ['cds-WP_011007043.1']
    Key: Name, Value: ['WP_011007043.1']
    Key: Parent, Value: ['gene-PAE_RS00355']
    Key: gbkey, Value: ['CDS']
    Key: inference, Value: ['COORDINATES: similar to AA sequence:RefSeq:WP_014346675.1']
    Key: locus_tag, Value: ['PAE_RS00355']
    Key: phase, Value: ['0']
    Key: product, Value: ['hypothetical protein']
    Key: protein_id, Value: ['WP_011007043.1']
    Key: source, Value: ['Protein Homology']
    Key: transl_table, Value: ['11']

GF(None, 9613-10606 (1))
type: CDS
location: [64615:66046](-)
id: cds-WP_011007044.1
qualifiers:
    Key: Dbxref, Value: ['GenBank:WP_011007044.1', 'GeneID:1464788']
    Key: ID, Value: ['cds-WP_011007044.1']
    Key: Name, Value: ['WP_011007044.1']
    Key: Ontology_term, Value: ['GO:0043571', 'GO:0003674']
    Key: Parent, Value: ['gene-PAE_RS00360']
    Key: gbkey, Value: ['CDS']
    Key: gene, Value: ['csx1']
    Key: go_function, Value: ['molecular_function|0003674||IEA']
    Key: go_process, Value: ['maintenance of CRISPR repeat elements|0043571||IEA']
    Key: inference, Value: ['COORDINATES: similar to AA sequence:RefSeq:WP_014288294.1']
    Key: locus_tag, Value: ['PAE_RS00360']
    Key: phase, Value: ['0']
    Key: product, Value: ['CRISPR-associated CARF protein Csx1']
    Key: protein_id, Value: ['WP_011007044.1']
    Key: source, Value: ['Protein Homology']
    Key: transl_table, Value: ['11']

GF(CRISPR-associated CARF protein Csx1, 10810-12241 (-1))
type: CDS
location: [66134:66389](+)
id: cds-WP_011007045.1
qualifiers:
    Key: Dbxref, Value: ['GenBank:WP_011007045.1', 'GeneID:1464789']
    Key: ID, Value: ['cds-WP_011007045.1']
    Key: Name, Value: ['WP_011007045.1']
    Key: Parent, Value: ['gene-PAE_RS00365']
    Key: gbkey, Value: ['CDS']
    Key: inference, Value: ['COORDINATES: similar to AA sequence:RefSeq:WP_013336189.1']
    Key: locus_tag, Value: ['PAE_RS00365']
    Key: phase, Value: ['0']
    Key: product, Value: ['hypothetical protein']
    Key: protein_id, Value: ['WP_011007045.1']
    Key: source, Value: ['Protein Homology']
    Key: transl_table, Value: ['11']

GF(None, 12329-12584 (1))
type: CDS
location: [66413:68069](+)
id: cds-WP_011007046.1
qualifiers:
    Key: Dbxref, Value: ['GenBank:WP_011007046.1', 'GeneID:1464790']
    Key: ID, Value: ['cds-WP_011007046.1']
    Key: Name, Value: ['WP_011007046.1']
    Key: Parent, Value: ['gene-PAE_RS00375']
    Key: gbkey, Value: ['CDS']
    Key: inference, Value: ['COORDINATES: protein motif:HMM:NF021006.3']
    Key: locus_tag, Value: ['PAE_RS00375']
    Key: phase, Value: ['0']
    Key: product, Value: ['TM1812 family CRISPR-associated protein']
    Key: protein_id, Value: ['WP_011007046.1']
    Key: source, Value: ['Protein Homology']
    Key: transl_table, Value: ['11']

GF(TM1812 family CRISPR-associated protein, 12608-14264 (1))
type: CDS
location: [68072:68603](-)
id: cds-WP_011007047.1
qualifiers:
    Key: Dbxref, Value: ['GenBank:WP_011007047.1', 'GeneID:1464791']
    Key: ID, Value: ['cds-WP_011007047.1']
    Key: Name, Value: ['WP_011007047.1']
    Key: Parent, Value: ['gene-PAE_RS00380']
    Key: gbkey, Value: ['CDS']
    Key: inference, Value: ['COORDINATES: ab initio prediction:GeneMarkS-2+']
    Key: locus_tag, Value: ['PAE_RS00380']
    Key: phase, Value: ['0']
    Key: product, Value: ['hypothetical protein']
    Key: protein_id, Value: ['WP_011007047.1']
    Key: source, Value: ['GeneMarkS-2+']
    Key: transl_table, Value: ['11']

GF(None, 14267-14798 (-1))
type: CDS
location: [68734:69724](-)
id: cds-WP_011007048.1
qualifiers:
    Key: Dbxref, Value: ['GenBank:WP_011007048.1', 'GeneID:1464792']
    Key: ID, Value: ['cds-WP_011007048.1']
    Key: Name, Value: ['WP_011007048.1']
    Key: Ontology_term, Value: ['GO:0043571', 'GO:0003674']
    Key: Parent, Value: ['gene-PAE_RS00385']
    Key: gbkey, Value: ['CDS']
    Key: go_function, Value: ['molecular_function|0003674||IEA']
    Key: go_process, Value: ['maintenance of CRISPR repeat elements|0043571||IEA']
    Key: inference, Value: ['COORDINATES: ab initio prediction:GeneMarkS-2+']
    Key: locus_tag, Value: ['PAE_RS00385']
    Key: phase, Value: ['0']
    Key: product, Value: ['CRISPR-associated DxTHG motif protein']
    Key: protein_id, Value: ['WP_011007048.1']
    Key: source, Value: ['GeneMarkS-2+']
    Key: transl_table, Value: ['11']

GF(CRISPR-associated DxTHG motif protein, 14929-15919 (-1))
type: CDS
location: [69827:70814](+)
id: cds-WP_011007049.1
qualifiers:
    Key: Dbxref, Value: ['GenBank:WP_011007049.1', 'GeneID:1464793']
    Key: ID, Value: ['cds-WP_011007049.1']
    Key: Name, Value: ['WP_011007049.1']
    Key: Parent, Value: ['gene-PAE_RS00390']
    Key: gbkey, Value: ['CDS']
    Key: inference, Value: ['COORDINATES: similar to AA sequence:RefSeq:WP_012350492.1']
    Key: locus_tag, Value: ['PAE_RS00390']
    Key: phase, Value: ['0']
    Key: product, Value: ['DNA double-strand break repair nuclease NurA']
    Key: protein_id, Value: ['WP_011007049.1']
    Key: source, Value: ['Protein Homology']
    Key: transl_table, Value: ['11']

GF(DNA double-strand break repair nuclease NurA, 16022-17009 (1))
type: CDS
location: [70862:71363](+)
id: cds-WP_226976148.1
qualifiers:
    Key: Dbxref, Value: ['GenBank:WP_226976148.1', 'GeneID:38937824']
    Key: ID, Value: ['cds-WP_226976148.1']
    Key: Name, Value: ['WP_226976148.1']
    Key: Parent, Value: ['gene-PAE_RS00395']
    Key: gbkey, Value: ['CDS']
    Key: inference, Value: ['COORDINATES: ab initio prediction:GeneMarkS-2+']
    Key: locus_tag, Value: ['PAE_RS00395']
    Key: phase, Value: ['0']
    Key: product, Value: ['hypothetical protein']
    Key: protein_id, Value: ['WP_226976148.1']
    Key: source, Value: ['GeneMarkS-2+']
    Key: transl_table, Value: ['11']

GF(None, 17057-17558 (1))
type: CDS
location: [71373:72024](+)
id: cds-WP_011007051.1
qualifiers:
    Key: Dbxref, Value: ['GenBank:WP_011007051.1', 'GeneID:1464795']
    Key: ID, Value: ['cds-WP_011007051.1']
    Key: Name, Value: ['WP_011007051.1']
    Key: Ontology_term, Value: ['GO:0043571', 'GO:0003674']
    Key: Parent, Value: ['gene-PAE_RS00400']
    Key: gbkey, Value: ['CDS']
    Key: go_function, Value: ['molecular_function|0003674||IEA']
    Key: go_process, Value: ['maintenance of CRISPR repeat elements|0043571||IEA']
    Key: inference, Value: ['COORDINATES: protein motif:HMM:TIGR02619.1']
    Key: locus_tag, Value: ['PAE_RS00400']
    Key: phase, Value: ['0']
    Key: product, Value: ['putative CRISPR-associated protein']
    Key: protein_id, Value: ['WP_011007051.1']
    Key: source, Value: ['Protein Homology']
    Key: transl_table, Value: ['11']

GF(putative CRISPR-associated protein, 17568-18219 (1))
type: CDS
location: [71995:72121](+)
id: cds-WP_264357549.1
qualifiers:
    Key: Dbxref, Value: ['GenBank:WP_264357549.1', 'GeneID:75933561']
    Key: ID, Value: ['cds-WP_264357549.1']
    Key: Name, Value: ['WP_264357549.1']
    Key: Parent, Value: ['gene-PAE_RS13800']
    Key: gbkey, Value: ['CDS']
    Key: inference, Value: ['COORDINATES: ab initio prediction:GeneMarkS-2+']
    Key: locus_tag, Value: ['PAE_RS13800']
    Key: phase, Value: ['0']
    Key: product, Value: ['hypothetical protein']
    Key: protein_id, Value: ['WP_264357549.1']
    Key: source, Value: ['GeneMarkS-2+']
    Key: transl_table, Value: ['11']

GF(None, 18190-18316 (1))
type: CDS
location: [72117:73725](+)
id: cds-WP_011007052.1
qualifiers:
    Key: Dbxref, Value: ['GenBank:WP_011007052.1', 'GeneID:1464796']
    Key: ID, Value: ['cds-WP_011007052.1']
    Key: Name, Value: ['WP_011007052.1']
    Key: Ontology_term, Value: ['GO:0005524', 'GO:0016887']
    Key: Parent, Value: ['gene-PAE_RS00405']
    Key: gbkey, Value: ['CDS']
    Key: go_function, Value: ['ATP binding|0005524||IEA', 'ATP hydrolysis activity|0016887||IEA']
    Key: inference, Value: ['COORDINATES: similar to AA sequence:RefSeq:WP_014288273.1']
    Key: locus_tag, Value: ['PAE_RS00405']
    Key: phase, Value: ['0']
    Key: product, Value: ['ATP-binding protein']
    Key: protein_id, Value: ['WP_011007052.1']
    Key: source, Value: ['Protein Homology']
    Key: transl_table, Value: ['11']

GF(ATP-binding protein, 18312-19920 (1))
type: CDS
location: [73721:74171](+)
id: cds-WP_011007053.1
qualifiers:
    Key: Dbxref, Value: ['GenBank:WP_011007053.1', 'GeneID:1464797']
    Key: ID, Value: ['cds-WP_011007053.1']
    Key: Name, Value: ['WP_011007053.1']
    Key: Parent, Value: ['gene-PAE_RS00410']
    Key: gbkey, Value: ['CDS']
    Key: inference, Value: ['COORDINATES: protein motif:HMM:NF037687.3']
    Key: locus_tag, Value: ['PAE_RS00410']
    Key: phase, Value: ['0']
    Key: product, Value: ['hypothetical protein']
    Key: protein_id, Value: ['WP_011007053.1']
    Key: source, Value: ['Protein Homology']
    Key: transl_table, Value: ['11']

GF(None, 19916-20366 (1))
type: CDS
location: [74223:74508](+)
id: cds-WP_128621378.1
qualifiers:
    Key: Dbxref, Value: ['GenBank:WP_128621378.1', 'GeneID:1464798']
    Key: ID, Value: ['cds-WP_128621378.1']
    Key: Name, Value: ['WP_128621378.1']
    Key: Parent, Value: ['gene-PAE_RS00415']
    Key: gbkey, Value: ['CDS']
    Key: gene, Value: ['cas6']
    Key: inference, Value: ['COORDINATES: protein motif:HMM:NF021551.3']
    Key: locus_tag, Value: ['PAE_RS00415']
    Key: phase, Value: ['0']
    Key: product, Value: ['CRISPR system precrRNA processing endoribonuclease RAMP protein Cas6']
    Key: protein_id, Value: ['WP_128621378.1']
    Key: source, Value: ['Protein Homology']
    Key: transl_table, Value: ['11']

GF(CRISPR system precrRNA processing endoribonuclease RAMP protein Cas6, 20418-20703 (1))
type: CDS
location: [74889:75330](-)
id: cds-WP_011007055.1
qualifiers:
    Key: Dbxref, Value: ['GenBank:WP_011007055.1', 'GeneID:1464799']
    Key: ID, Value: ['cds-WP_011007055.1']
    Key: Name, Value: ['WP_011007055.1']
    Key: Parent, Value: ['gene-PAE_RS00420']
    Key: gbkey, Value: ['CDS']
    Key: inference, Value: ['COORDINATES: ab initio prediction:GeneMarkS-2+']
    Key: locus_tag, Value: ['PAE_RS00420']
    Key: phase, Value: ['0']
    Key: product, Value: ['hypothetical protein']
    Key: protein_id, Value: ['WP_011007055.1']
    Key: source, Value: ['GeneMarkS-2+']
    Key: transl_table, Value: ['11']

GF(None, 21084-21525 (-1))
type: CDS
location: [75305:75926](-)
id: cds-WP_011007056.1
qualifiers:
    Key: Dbxref, Value: ['GenBank:WP_011007056.1', 'GeneID:1464800']
    Key: ID, Value: ['cds-WP_011007056.1']
    Key: Name, Value: ['WP_011007056.1']
    Key: Parent, Value: ['gene-PAE_RS00425']
    Key: gbkey, Value: ['CDS']
    Key: inference, Value: ['COORDINATES: ab initio prediction:GeneMarkS-2+']
    Key: locus_tag, Value: ['PAE_RS00425']
    Key: phase, Value: ['0']
    Key: product, Value: ['hypothetical protein']
    Key: protein_id, Value: ['WP_011007056.1']
    Key: source, Value: ['GeneMarkS-2+']
    Key: transl_table, Value: ['11']

GF(None, 21500-22121 (-1))
type: CDS
location: [75922:76297](-)
id: cds-WP_011007057.1
qualifiers:
    Key: Dbxref, Value: ['GenBank:WP_011007057.1', 'GeneID:1464801']
    Key: ID, Value: ['cds-WP_011007057.1']
    Key: Name, Value: ['WP_011007057.1']
    Key: Parent, Value: ['gene-PAE_RS00430']
    Key: gbkey, Value: ['CDS']
    Key: inference, Value: ['COORDINATES: protein motif:HMM:NF036688.3']
    Key: locus_tag, Value: ['PAE_RS00430']
    Key: phase, Value: ['0']
    Key: product, Value: ['DUF5518 domain-containing protein']
    Key: protein_id, Value: ['WP_011007057.1']
    Key: source, Value: ['Protein Homology']
    Key: transl_table, Value: ['11']

GF(DUF5518 domain-containing protein, 22117-22492 (-1))
type: CDS
location: [76372:76714](-)
id: cds-WP_011007058.1
qualifiers:
    Key: Dbxref, Value: ['GenBank:WP_011007058.1', 'GeneID:1464802']
    Key: ID, Value: ['cds-WP_011007058.1']
    Key: Name, Value: ['WP_011007058.1']
    Key: Parent, Value: ['gene-PAE_RS00435']
    Key: gbkey, Value: ['CDS']
    Key: inference, Value: ['COORDINATES: ab initio prediction:GeneMarkS-2+']
    Key: locus_tag, Value: ['PAE_RS00435']
    Key: phase, Value: ['0']
    Key: product, Value: ['hypothetical protein']
    Key: protein_id, Value: ['WP_011007058.1']
    Key: source, Value: ['GeneMarkS-2+']
    Key: transl_table, Value: ['11']

GF(None, 22567-22909 (-1))
type: CDS
location: [77848:78304](+)
id: cds-WP_011007062.1
qualifiers:
    Key: Dbxref, Value: ['GenBank:WP_011007062.1', 'GeneID:1464806']
    Key: ID, Value: ['cds-WP_011007062.1']
    Key: Name, Value: ['WP_011007062.1']
    Key: Parent, Value: ['gene-PAE_RS00440']
    Key: gbkey, Value: ['CDS']
    Key: inference, Value: ['COORDINATES: similar to AA sequence:RefSeq:WP_011900071.1']
    Key: locus_tag, Value: ['PAE_RS00440']
    Key: phase, Value: ['0']
    Key: product, Value: ['hypothetical protein']
    Key: protein_id, Value: ['WP_011007062.1']
    Key: source, Value: ['Protein Homology']
    Key: transl_table, Value: ['11']

GF(None, 24043-24499 (1))
graphic feature from cctyper protein table: GF(Cas10, 4000-6372 (-1))
graphic feature from cctyper protein table: GF(Csm5gr7, 6359-7291 (-1))
graphic feature from cctyper protein table: GF(Csm3, 8160-9086 (-1))
graphic feature from cctyper protein table: GF(Csm2gr11, 9083-9529 (-1))
graphic feature from cctyper protein table: GF(AbiEii, 9614-10606 (1))
graphic feature from cctyper protein table: GF(Csm6, 12609-14264 (1))
graphic feature from cctyper protein table: GF(Csm6, 14930-15919 (-1))
graphic feature from cctyper protein table: GF(Csm6, 17569-18219 (1))
graphic feature from cctyper protein table: GF(Cas6, 19917-20366 (1))
Index(['protein_id', 'start', 'end', 'effector', 'locus', 'sample', 'strand',
       'sequence', 'type'],
      dtype='object')
graphic feature from known effectors: GF(csx1, 10811-12241 (-1))
graphic feature from known effectors: GF(csx1, 12609-14264 (1))
graphic feature from known effectors: GF(cami1, 17569-18219 (1))
Index(['protein_id', 'start', 'end', 'effector', 'locus', 'sample', 'strand',
       'sequence'],
      dtype='object')
[GF(AbrB/MazE/SpoVT family DNA-binding domain-containing protein, 315-543 (1)), GF(type II toxin-antitoxin system VapC family toxin, 517-898 (1)), GF(ATP-binding protein, 1133-2054 (1)), GF(None, 2280-2907 (1)), GF(PIN domain-containing protein, 2906-3524 (1)), GF(None, 3628-4000 (-1)), GF(type III-A CRISPR-associated protein Cas10/Csm1, 3999-6372 (-1)), GF(CRISPR-associated protein, 6358-7291 (-1)), GF(None, 7278-8163 (-1)), GF(type III-A CRISPR-associated RAMP protein Csm3, 8159-9086 (-1)), GF(None, 9082-9529 (-1)), GF(None, 9613-10606 (1)), GF(CRISPR-associated CARF protein Csx1, 10810-12241 (-1)), GF(None, 12329-12584 (1)), GF(TM1812 family CRISPR-associated protein, 12608-14264 (1)), GF(None, 14267-14798 (-1)), GF(CRISPR-associated DxTHG motif protein, 14929-15919 (-1)), GF(DNA double-strand break repair nuclease NurA, 16022-17009 (1)), GF(None, 17057-17558 (1)), GF(putative CRISPR-associated protein, 17568-18219 (1)), GF(None, 18190-18316 (1)), GF(ATP-binding protein, 18312-19920 (1)), GF(None, 19916-20366 (1)), GF(CRISPR system precrRNA processing endoribonuclease RAMP protein Cas6, 20418-20703 (1)), GF(None, 21084-21525 (-1)), GF(None, 21500-22121 (-1)), GF(DUF5518 domain-containing protein, 22117-22492 (-1)), GF(None, 22567-22909 (-1)), GF(None, 24043-24499 (1)), GF(Cas10, 4000-6372 (-1)), GF(Csm5gr7, 6359-7291 (-1)), GF(Csm3, 8160-9086 (-1)), GF(Csm2gr11, 9083-9529 (-1)), GF(AbiEii, 9614-10606 (1)), GF(Csm6, 12609-14264 (1)), GF(Csm6, 14930-15919 (-1)), GF(Csm6, 17569-18219 (1)), GF(Cas6, 19917-20366 (1)), GF(csx1, 10811-12241 (-1)), GF(csx1, 12609-14264 (1)), GF(cami1, 17569-18219 (1)), GF(CRISPR-Cas locus, 4000-20703 (0))]
