Cas operons file:    Unnamed: 0       Contig  ...           locus_id           sample
0           2  NC_014377.1  ...  GCF_000144645.1_2  GCF_000144645.1

[1 rows x 19 columns]
The chosen contig: NC_014377.1
type: CDS
location: [530519:531602](+)
id: cds-WP_013275343.1
qualifiers:
    Key: Dbxref, Value: ['GenBank:WP_013275343.1']
    Key: ID, Value: ['cds-WP_013275343.1']
    Key: Name, Value: ['WP_013275343.1']
    Key: Parent, Value: ['gene-TOCE_RS02620']
    Key: gbkey, Value: ['CDS']
    Key: inference, Value: ['COORDINATES: protein motif:HMM:NF015535.2']
    Key: locus_tag, Value: ['TOCE_RS02620']
    Key: phase, Value: ['0']
    Key: product, Value: ['P1 family peptidase']
    Key: protein_id, Value: ['WP_013275343.1']
    Key: source, Value: ['Protein Homology']
    Key: transl_table, Value: ['11']

GF(P1 family peptidase, 1129-2212 (1))
type: CDS
location: [531658:531988](-)
id: cds-WP_013275344.1
qualifiers:
    Key: Dbxref, Value: ['GenBank:WP_013275344.1']
    Key: ID, Value: ['cds-WP_013275344.1']
    Key: Name, Value: ['WP_013275344.1']
    Key: Ontology_term, Value: ['GO:0003677']
    Key: Parent, Value: ['gene-TOCE_RS02625']
    Key: gbkey, Value: ['CDS']
    Key: go_function, Value: ['DNA binding|0003677||IEA']
    Key: inference, Value: ['COORDINATES: similar to AA sequence:RefSeq:WP_013275344.1']
    Key: locus_tag, Value: ['TOCE_RS02625']
    Key: phase, Value: ['0']
    Key: product, Value: ['type II toxin-antitoxin system PemK/MazF family toxin']
    Key: protein_id, Value: ['WP_013275344.1']
    Key: source, Value: ['Protein Homology']
    Key: transl_table, Value: ['11']

GF(type II toxin-antitoxin system PemK/MazF family toxin, 2268-2598 (-1))
type: CDS
location: [531987:532257](-)
id: cds-WP_013275345.1
qualifiers:
    Key: Dbxref, Value: ['GenBank:WP_013275345.1']
    Key: ID, Value: ['cds-WP_013275345.1']
    Key: Name, Value: ['WP_013275345.1']
    Key: Ontology_term, Value: ['GO:0003677']
    Key: Parent, Value: ['gene-TOCE_RS02630']
    Key: gbkey, Value: ['CDS']
    Key: go_function, Value: ['DNA binding|0003677||IEA']
    Key: inference, Value: ['COORDINATES: similar to AA sequence:RefSeq:WP_013275345.1']
    Key: locus_tag, Value: ['TOCE_RS02630']
    Key: phase, Value: ['0']
    Key: product, Value: ['AbrB/MazE/SpoVT family DNA-binding domain-containing protein']
    Key: protein_id, Value: ['WP_013275345.1']
    Key: source, Value: ['Protein Homology']
    Key: transl_table, Value: ['11']

GF(AbrB/MazE/SpoVT family DNA-binding domain-containing protein, 2597-2867 (-1))
type: CDS
location: [532469:532862](+)
id: cds-WP_013275346.1
qualifiers:
    Key: Dbxref, Value: ['GenBank:WP_013275346.1']
    Key: ID, Value: ['cds-WP_013275346.1']
    Key: Name, Value: ['WP_013275346.1']
    Key: Parent, Value: ['gene-TOCE_RS02635']
    Key: gbkey, Value: ['CDS']
    Key: inference, Value: ['COORDINATES: protein motif:HMM:NF017020.2']
    Key: locus_tag, Value: ['TOCE_RS02635']
    Key: phase, Value: ['0']
    Key: product, Value: ['HEPN domain-containing protein']
    Key: protein_id, Value: ['WP_013275346.1']
    Key: source, Value: ['Protein Homology']
    Key: transl_table, Value: ['11']

GF(HEPN domain-containing protein, 3079-3472 (1))
type: CDS
location: [532815:533178](+)
id: cds-WP_013275347.1
qualifiers:
    Key: Dbxref, Value: ['GenBank:WP_013275347.1']
    Key: ID, Value: ['cds-WP_013275347.1']
    Key: Name, Value: ['WP_013275347.1']
    Key: Ontology_term, Value: ['GO:0016779', 'GO:0046872']
    Key: Parent, Value: ['gene-TOCE_RS02640']
    Key: gbkey, Value: ['CDS']
    Key: go_function, Value: ['nucleotidyltransferase activity|0016779||IEA', 'metal ion binding|0046872||IEA']
    Key: inference, Value: ['COORDINATES: protein motif:HMM:NF014021.2']
    Key: locus_tag, Value: ['TOCE_RS02640']
    Key: phase, Value: ['0']
    Key: product, Value: ['nucleotidyltransferase domain-containing protein']
    Key: protein_id, Value: ['WP_013275347.1']
    Key: source, Value: ['Protein Homology']
    Key: transl_table, Value: ['11']

GF(nucleotidyltransferase domain-containing protein, 3425-3788 (1))
type: CDS
location: [533389:535756](+)
id: cds-WP_013275348.1
qualifiers:
    Key: Dbxref, Value: ['GenBank:WP_013275348.1']
    Key: ID, Value: ['cds-WP_013275348.1']
    Key: Name, Value: ['WP_013275348.1']
    Key: Ontology_term, Value: ['GO:0043571', 'GO:0003674']
    Key: Parent, Value: ['gene-TOCE_RS02645']
    Key: gbkey, Value: ['CDS']
    Key: gene, Value: ['cas10']
    Key: go_function, Value: ['molecular_function|0003674||IEA']
    Key: go_process, Value: ['maintenance of CRISPR repeat elements|0043571||IEA']
    Key: inference, Value: ['COORDINATES: protein motif:HMM:TIGR02578.1']
    Key: locus_tag, Value: ['TOCE_RS02645']
    Key: phase, Value: ['0']
    Key: product, Value: ['type III-A CRISPR-associated protein Cas10/Csm1']
    Key: protein_id, Value: ['WP_013275348.1']
    Key: source, Value: ['Protein Homology']
    Key: transl_table, Value: ['11']

GF(type III-A CRISPR-associated protein Cas10/Csm1, 3999-6366 (1))
type: CDS
location: [535769:536192](+)
id: cds-WP_013275349.1
qualifiers:
    Key: Dbxref, Value: ['GenBank:WP_013275349.1']
    Key: ID, Value: ['cds-WP_013275349.1']
    Key: Name, Value: ['WP_013275349.1']
    Key: Ontology_term, Value: ['GO:0043571', 'GO:0003674']
    Key: Parent, Value: ['gene-TOCE_RS02650']
    Key: gbkey, Value: ['CDS']
    Key: gene, Value: ['csm2']
    Key: go_function, Value: ['molecular_function|0003674||IEA']
    Key: go_process, Value: ['maintenance of CRISPR repeat elements|0043571||IEA']
    Key: inference, Value: ['COORDINATES: protein motif:HMM:NF015695.2']
    Key: locus_tag, Value: ['TOCE_RS02650']
    Key: phase, Value: ['0']
    Key: product, Value: ['type III-A CRISPR-associated protein Csm2']
    Key: protein_id, Value: ['WP_013275349.1']
    Key: source, Value: ['Protein Homology']
    Key: transl_table, Value: ['11']

GF(type III-A CRISPR-associated protein Csm2, 6379-6802 (1))
type: CDS
location: [536207:537026](+)
id: cds-WP_013275350.1
qualifiers:
    Key: Dbxref, Value: ['GenBank:WP_013275350.1']
    Key: ID, Value: ['cds-WP_013275350.1']
    Key: Name, Value: ['WP_013275350.1']
    Key: Ontology_term, Value: ['GO:0043571', 'GO:0003674']
    Key: Parent, Value: ['gene-TOCE_RS02655']
    Key: gbkey, Value: ['CDS']
    Key: gene, Value: ['csm3']
    Key: go_function, Value: ['molecular_function|0003674||IEA']
    Key: go_process, Value: ['maintenance of CRISPR repeat elements|0043571||IEA']
    Key: inference, Value: ['COORDINATES: protein motif:HMM:TIGR02582.1']
    Key: locus_tag, Value: ['TOCE_RS02655']
    Key: phase, Value: ['0']
    Key: product, Value: ['type III-A CRISPR-associated RAMP protein Csm3']
    Key: protein_id, Value: ['WP_013275350.1']
    Key: source, Value: ['Protein Homology']
    Key: transl_table, Value: ['11']

GF(type III-A CRISPR-associated RAMP protein Csm3, 6817-7636 (1))
type: CDS
location: [537032:537992](+)
id: cds-WP_013275351.1
qualifiers:
    Key: Dbxref, Value: ['GenBank:WP_013275351.1']
    Key: ID, Value: ['cds-WP_013275351.1']
    Key: Name, Value: ['WP_013275351.1']
    Key: Ontology_term, Value: ['GO:0043571', 'GO:0003674']
    Key: Parent, Value: ['gene-TOCE_RS02660']
    Key: gbkey, Value: ['CDS']
    Key: gene, Value: ['csm4']
    Key: go_function, Value: ['molecular_function|0003674||IEA']
    Key: go_process, Value: ['maintenance of CRISPR repeat elements|0043571||IEA']
    Key: inference, Value: ['COORDINATES: protein motif:HMM:TIGR01903.1']
    Key: locus_tag, Value: ['TOCE_RS02660']
    Key: phase, Value: ['0']
    Key: product, Value: ['type III-A CRISPR-associated RAMP protein Csm4']
    Key: protein_id, Value: ['WP_013275351.1']
    Key: source, Value: ['Protein Homology']
    Key: transl_table, Value: ['11']

GF(type III-A CRISPR-associated RAMP protein Csm4, 7642-8602 (1))
type: CDS
location: [538004:539126](+)
id: cds-WP_013275352.1
qualifiers:
    Key: Dbxref, Value: ['GenBank:WP_013275352.1']
    Key: ID, Value: ['cds-WP_013275352.1']
    Key: Name, Value: ['WP_013275352.1']
    Key: Ontology_term, Value: ['GO:0043571', 'GO:0003674']
    Key: Parent, Value: ['gene-TOCE_RS02665']
    Key: gbkey, Value: ['CDS']
    Key: gene, Value: ['csm5']
    Key: go_function, Value: ['molecular_function|0003674||IEA']
    Key: go_process, Value: ['maintenance of CRISPR repeat elements|0043571||IEA']
    Key: inference, Value: ['COORDINATES: protein motif:HMM:TIGR01899.1']
    Key: locus_tag, Value: ['TOCE_RS02665']
    Key: phase, Value: ['0']
    Key: product, Value: ['type III-A CRISPR-associated RAMP protein Csm5']
    Key: protein_id, Value: ['WP_013275352.1']
    Key: source, Value: ['Protein Homology']
    Key: transl_table, Value: ['11']

GF(type III-A CRISPR-associated RAMP protein Csm5, 8614-9736 (1))
type: CDS
location: [539131:539812](+)
id: cds-WP_013275353.1
qualifiers:
    Key: Dbxref, Value: ['GenBank:WP_013275353.1']
    Key: ID, Value: ['cds-WP_013275353.1']
    Key: Name, Value: ['WP_013275353.1']
    Key: Ontology_term, Value: ['GO:0043571', 'GO:0004521']
    Key: Parent, Value: ['gene-TOCE_RS11585']
    Key: gbkey, Value: ['CDS']
    Key: gene, Value: ['cas6']
    Key: go_function, Value: ['endoribonuclease activity|0004521||IEA']
    Key: go_process, Value: ['maintenance of CRISPR repeat elements|0043571||IEA']
    Key: inference, Value: ['COORDINATES: protein motif:HMM:TIGR01877.1']
    Key: locus_tag, Value: ['TOCE_RS11585']
    Key: phase, Value: ['0']
    Key: product, Value: ['CRISPR-associated endoribonuclease Cas6']
    Key: protein_id, Value: ['WP_013275353.1']
    Key: source, Value: ['Protein Homology']
    Key: transl_table, Value: ['11']

GF(CRISPR-associated endoribonuclease Cas6, 9741-10422 (1))
type: CDS
location: [539812:541177](+)
id: cds-WP_013275354.1
qualifiers:
    Key: Dbxref, Value: ['GenBank:WP_013275354.1']
    Key: ID, Value: ['cds-WP_013275354.1']
    Key: Name, Value: ['WP_013275354.1']
    Key: Ontology_term, Value: ['GO:0043571', 'GO:0003674']
    Key: Parent, Value: ['gene-TOCE_RS02675']
    Key: gbkey, Value: ['CDS']
    Key: gene, Value: ['csx1']
    Key: go_function, Value: ['molecular_function|0003674||IEA']
    Key: go_process, Value: ['maintenance of CRISPR repeat elements|0043571||IEA']
    Key: inference, Value: ['COORDINATES: protein motif:HMM:TIGR01897.1']
    Key: locus_tag, Value: ['TOCE_RS02675']
    Key: phase, Value: ['0']
    Key: product, Value: ['CRISPR-associated CARF protein Csx1']
    Key: protein_id, Value: ['WP_013275354.1']
    Key: source, Value: ['Protein Homology']
    Key: transl_table, Value: ['11']

GF(CRISPR-associated CARF protein Csx1, 10422-11787 (1))
type: CDS
location: [541216:541501](+)
id: cds-WP_013275355.1
qualifiers:
    Key: Dbxref, Value: ['GenBank:WP_013275355.1']
    Key: ID, Value: ['cds-WP_013275355.1']
    Key: Name, Value: ['WP_013275355.1']
    Key: Ontology_term, Value: ['GO:0043571', 'GO:0003674']
    Key: Parent, Value: ['gene-TOCE_RS02680']
    Key: gbkey, Value: ['CDS']
    Key: gene, Value: ['crn3']
    Key: go_function, Value: ['molecular_function|0003674||IEA']
    Key: go_process, Value: ['maintenance of CRISPR repeat elements|0043571||IEA']
    Key: inference, Value: ['COORDINATES: protein motif:HMM:TIGR02579.1']
    Key: locus_tag, Value: ['TOCE_RS02680']
    Key: phase, Value: ['0']
    Key: product, Value: ['CRISPR-associated ring nuclease Crn3/Csx3']
    Key: protein_id, Value: ['WP_013275355.1']
    Key: source, Value: ['Protein Homology']
    Key: transl_table, Value: ['11']

GF(CRISPR-associated ring nuclease Crn3/Csx3, 11826-12111 (1))
type: inferred_parent
location: [543529:544794](+)
id: gene-TOCE_RS02690
qualifiers:
    Key: ID, Value: ['gene-TOCE_RS02690']

GF(None, 14139-15404 (1))
type: repeat_region
location: [541722:543432](+)
id: NC_014377.1_3
qualifiers:
    Key: Dbxref, Value: ['SO:0001459']
    Key: ID, Value: ['NC_014377.1_3']
    Key: Note, Value: ['GTTTTTAGCCTACCTATAAGGGATTGAAAC']
    Key: Ontology_term, Value: ['CRISPR']
    Key: score, Value: ['1710']
    Key: source, Value: ['CCTyper']

GF(Repeat region, 12332-14042 (0))
type: repeat_region
location: [544867:545235](+)
id: NC_014377.1_4
qualifiers:
    Key: Dbxref, Value: ['SO:0001459']
    Key: ID, Value: ['NC_014377.1_4']
    Key: Note, Value: ['GTTTTTAGCCTACCTATAAGGGATTGAAAC']
    Key: Ontology_term, Value: ['CRISPR']
    Key: score, Value: ['368']
    Key: source, Value: ['CCTyper']

GF(Repeat region, 15477-15845 (0))
graphic feature from cctyper protein table: GF(Cas10, 4000-6366 (1))
graphic feature from cctyper protein table: GF(Csm2gr11, 6380-6802 (1))
graphic feature from cctyper protein table: GF(Csm3gr7, 6818-7636 (1))
graphic feature from cctyper protein table: GF(Csm4gr5, 7643-8602 (1))
graphic feature from cctyper protein table: GF(Csm5gr7, 8615-9736 (1))
graphic feature from cctyper protein table: GF(Cas6, 9742-10422 (1))
graphic feature from cctyper protein table: GF(Csx1, 10423-11787 (1))
graphic feature from cctyper protein table: GF(Csx3, 11827-12111 (1))
Index(['protein_id', 'start', 'end', 'effector', 'locus', 'sample', 'strand',
       'sequence', 'type'],
      dtype='object')
graphic feature from known effectors: GF(csx1, 10423-11787 (1))
Index(['protein_id', 'start', 'end', 'effector', 'locus', 'sample', 'strand',
       'sequence', 'type'],
      dtype='object')
graphic feature from ring nucleases: GF(crn3, 11827-12111 (1))
[GF(P1 family peptidase, 1129-2212 (1)), GF(type II toxin-antitoxin system PemK/MazF family toxin, 2268-2598 (-1)), GF(AbrB/MazE/SpoVT family DNA-binding domain-containing protein, 2597-2867 (-1)), GF(HEPN domain-containing protein, 3079-3472 (1)), GF(nucleotidyltransferase domain-containing protein, 3425-3788 (1)), GF(type III-A CRISPR-associated protein Cas10/Csm1, 3999-6366 (1)), GF(type III-A CRISPR-associated protein Csm2, 6379-6802 (1)), GF(type III-A CRISPR-associated RAMP protein Csm3, 6817-7636 (1)), GF(type III-A CRISPR-associated RAMP protein Csm4, 7642-8602 (1)), GF(type III-A CRISPR-associated RAMP protein Csm5, 8614-9736 (1)), GF(CRISPR-associated endoribonuclease Cas6, 9741-10422 (1)), GF(CRISPR-associated CARF protein Csx1, 10422-11787 (1)), GF(CRISPR-associated ring nuclease Crn3/Csx3, 11826-12111 (1)), GF(None, 14139-15404 (1)), GF(Repeat region, 12332-14042 (0)), GF(Repeat region, 15477-15845 (0)), GF(Cas10, 4000-6366 (1)), GF(Csm2gr11, 6380-6802 (1)), GF(Csm3gr7, 6818-7636 (1)), GF(Csm4gr5, 7643-8602 (1)), GF(Csm5gr7, 8615-9736 (1)), GF(Cas6, 9742-10422 (1)), GF(Csx1, 10423-11787 (1)), GF(Csx3, 11827-12111 (1)), GF(csx1, 10423-11787 (1)), GF(crn3, 11827-12111 (1)), GF(CRISPR-Cas locus, 4000-12111 (0))]
