Cas operons file:    Unnamed: 0         Contig  ...           locus_id           sample
0           0  NZ_CP021056.1  ...  GCF_019056575.1_0  GCF_019056575.1

[1 rows x 19 columns]
The chosen contig: NZ_CP021056.1
type: CDS
location: [5211209:5211749](-)
id: cds-WP_244997459.1
qualifiers:
    Key: Dbxref, Value: ['GenBank:WP_244997459.1']
    Key: ID, Value: ['cds-WP_244997459.1']
    Key: Name, Value: ['WP_244997459.1']
    Key: Parent, Value: ['gene-B6N60_RS21900']
    Key: gbkey, Value: ['CDS']
    Key: inference, Value: ['COORDINATES: ab initio prediction:GeneMarkS-2+']
    Key: locus_tag, Value: ['B6N60_RS21900']
    Key: phase, Value: ['0']
    Key: product, Value: ['hypothetical protein']
    Key: protein_id, Value: ['WP_244997459.1']
    Key: source, Value: ['GeneMarkS-2+']
    Key: transl_table, Value: ['11']

GF(None, 1285-1825 (-1))
type: CDS
location: [5211929:5212391](-)
id: cds-WP_190608552.1
qualifiers:
    Key: Dbxref, Value: ['GenBank:WP_190608552.1']
    Key: ID, Value: ['cds-WP_190608552.1']
    Key: Name, Value: ['WP_190608552.1']
    Key: Parent, Value: ['gene-B6N60_RS21905']
    Key: gbkey, Value: ['CDS']
    Key: inference, Value: ['COORDINATES: similar to AA sequence:RefSeq:WP_015217711.1']
    Key: locus_tag, Value: ['B6N60_RS21905']
    Key: phase, Value: ['0']
    Key: product, Value: ['hypothetical protein']
    Key: protein_id, Value: ['WP_190608552.1']
    Key: source, Value: ['Protein Homology']
    Key: transl_table, Value: ['11']

GF(None, 2005-2467 (-1))
type: CDS
location: [5212395:5213796](-)
id: cds-WP_190608550.1
qualifiers:
    Key: Dbxref, Value: ['GenBank:WP_190608550.1']
    Key: ID, Value: ['cds-WP_190608550.1']
    Key: Name, Value: ['WP_190608550.1']
    Key: Parent, Value: ['gene-B6N60_RS21910']
    Key: gbkey, Value: ['CDS']
    Key: inference, Value: ['COORDINATES: similar to AA sequence:RefSeq:WP_015217712.1']
    Key: locus_tag, Value: ['B6N60_RS21910']
    Key: phase, Value: ['0']
    Key: product, Value: ['MotA/TolQ/ExbB proton channel family protein']
    Key: protein_id, Value: ['WP_190608550.1']
    Key: source, Value: ['Protein Homology']
    Key: transl_table, Value: ['11']

GF(MotA/TolQ/ExbB proton channel family protein, 2471-3872 (-1))
type: CDS
location: [5213923:5215453](-)
id: cds-WP_199317833.1
qualifiers:
    Key: Dbxref, Value: ['GenBank:WP_199317833.1']
    Key: ID, Value: ['cds-WP_199317833.1']
    Key: Name, Value: ['WP_199317833.1']
    Key: Parent, Value: ['gene-B6N60_RS21915']
    Key: gbkey, Value: ['CDS']
    Key: inference, Value: ['COORDINATES: similar to AA sequence:RefSeq:WP_015217713.1']
    Key: locus_tag, Value: ['B6N60_RS21915']
    Key: phase, Value: ['0']
    Key: product, Value: ['hypothetical protein']
    Key: protein_id, Value: ['WP_199317833.1']
    Key: source, Value: ['Protein Homology']
    Key: transl_table, Value: ['11']

GF(None, 3999-5529 (-1))
type: CDS
location: [5215424:5216915](-)
id: cds-WP_190608548.1
qualifiers:
    Key: Dbxref, Value: ['GenBank:WP_190608548.1']
    Key: ID, Value: ['cds-WP_190608548.1']
    Key: Name, Value: ['WP_190608548.1']
    Key: Parent, Value: ['gene-B6N60_RS21920']
    Key: gbkey, Value: ['CDS']
    Key: inference, Value: ['COORDINATES: similar to AA sequence:RefSeq:WP_016874566.1']
    Key: locus_tag, Value: ['B6N60_RS21920']
    Key: phase, Value: ['0']
    Key: product, Value: ['hypothetical protein']
    Key: protein_id, Value: ['WP_190608548.1']
    Key: source, Value: ['Protein Homology']
    Key: transl_table, Value: ['11']

GF(None, 5500-6991 (-1))
type: CDS
location: [5216949:5218674](-)
id: cds-WP_190608546.1
qualifiers:
    Key: Dbxref, Value: ['GenBank:WP_190608546.1']
    Key: ID, Value: ['cds-WP_190608546.1']
    Key: Name, Value: ['WP_190608546.1']
    Key: Parent, Value: ['gene-B6N60_RS21925']
    Key: gbkey, Value: ['CDS']
    Key: inference, Value: ['COORDINATES: similar to AA sequence:RefSeq:WP_015217684.1']
    Key: locus_tag, Value: ['B6N60_RS21925']
    Key: phase, Value: ['0']
    Key: product, Value: ['RAMP superfamily CRISPR-associated protein']
    Key: protein_id, Value: ['WP_190608546.1']
    Key: source, Value: ['Protein Homology']
    Key: transl_table, Value: ['11']

GF(RAMP superfamily CRISPR-associated protein, 7025-8750 (-1))
type: CDS
location: [5218673:5219198](-)
id: cds-WP_199317832.1
qualifiers:
    Key: Dbxref, Value: ['GenBank:WP_199317832.1']
    Key: ID, Value: ['cds-WP_199317832.1']
    Key: Name, Value: ['WP_199317832.1']
    Key: Parent, Value: ['gene-B6N60_RS21930']
    Key: gbkey, Value: ['CDS']
    Key: inference, Value: ['COORDINATES: ab initio prediction:GeneMarkS-2+']
    Key: locus_tag, Value: ['B6N60_RS21930']
    Key: phase, Value: ['0']
    Key: product, Value: ['hypothetical protein']
    Key: protein_id, Value: ['WP_199317832.1']
    Key: source, Value: ['GeneMarkS-2+']
    Key: transl_table, Value: ['11']

GF(None, 8749-9274 (-1))
type: CDS
location: [5219212:5220085](-)
id: cds-WP_190608544.1
qualifiers:
    Key: Dbxref, Value: ['GenBank:WP_190608544.1']
    Key: ID, Value: ['cds-WP_190608544.1']
    Key: Name, Value: ['WP_190608544.1']
    Key: Ontology_term, Value: ['GO:0043571', 'GO:0003674']
    Key: Parent, Value: ['gene-B6N60_RS21935']
    Key: gbkey, Value: ['CDS']
    Key: gene, Value: ['cmr4']
    Key: go_function, Value: ['molecular_function|0003674||IEA']
    Key: go_process, Value: ['maintenance of CRISPR repeat elements|0043571||IEA']
    Key: inference, Value: ['COORDINATES: similar to AA sequence:RefSeq:WP_015217682.1']
    Key: locus_tag, Value: ['B6N60_RS21935']
    Key: phase, Value: ['0']
    Key: product, Value: ['type III-B CRISPR module RAMP protein Cmr4']
    Key: protein_id, Value: ['WP_190608544.1']
    Key: source, Value: ['Protein Homology']
    Key: transl_table, Value: ['11']

GF(type III-B CRISPR module RAMP protein Cmr4, 9288-10161 (-1))
type: CDS
location: [5220077:5221250](-)
id: cds-WP_242034285.1
qualifiers:
    Key: Dbxref, Value: ['GenBank:WP_242034285.1']
    Key: ID, Value: ['cds-WP_242034285.1']
    Key: Name, Value: ['WP_242034285.1']
    Key: Parent, Value: ['gene-B6N60_RS21940']
    Key: gbkey, Value: ['CDS']
    Key: inference, Value: ['COORDINATES: similar to AA sequence:RefSeq:WP_019489285.1']
    Key: locus_tag, Value: ['B6N60_RS21940']
    Key: phase, Value: ['0']
    Key: product, Value: ['type III-B CRISPR module-associated Cmr3 family protein']
    Key: protein_id, Value: ['WP_242034285.1']
    Key: source, Value: ['Protein Homology']
    Key: transl_table, Value: ['11']

GF(type III-B CRISPR module-associated Cmr3 family protein, 10153-11326 (-1))
type: CDS
location: [5221246:5224333](-)
id: cds-WP_190608542.1
qualifiers:
    Key: Dbxref, Value: ['GenBank:WP_190608542.1']
    Key: ID, Value: ['cds-WP_190608542.1']
    Key: Name, Value: ['WP_190608542.1']
    Key: Ontology_term, Value: ['GO:0043571', 'GO:0003674']
    Key: Parent, Value: ['gene-B6N60_RS21945']
    Key: gbkey, Value: ['CDS']
    Key: gene, Value: ['cas10']
    Key: go_function, Value: ['molecular_function|0003674||IEA']
    Key: go_process, Value: ['maintenance of CRISPR repeat elements|0043571||IEA']
    Key: inference, Value: ['COORDINATES: similar to AA sequence:RefSeq:WP_015217718.1']
    Key: locus_tag, Value: ['B6N60_RS21945']
    Key: phase, Value: ['0']
    Key: product, Value: ['type III-B CRISPR-associated protein Cas10/Cmr2']
    Key: protein_id, Value: ['WP_190608542.1']
    Key: source, Value: ['Protein Homology']
    Key: transl_table, Value: ['11']

GF(type III-B CRISPR-associated protein Cas10/Cmr2, 11322-14409 (-1))
type: CDS
location: [5225836:5226118](-)
id: cds-WP_190608539.1
qualifiers:
    Key: Dbxref, Value: ['GenBank:WP_190608539.1']
    Key: ID, Value: ['cds-WP_190608539.1']
    Key: Name, Value: ['WP_190608539.1']
    Key: Ontology_term, Value: ['GO:0043571', 'GO:0004521']
    Key: Parent, Value: ['gene-B6N60_RS21950']
    Key: gbkey, Value: ['CDS']
    Key: gene, Value: ['cas2']
    Key: go_function, Value: ['RNA endonuclease activity|0004521||IEA']
    Key: go_process, Value: ['maintenance of CRISPR repeat elements|0043571||IEA']
    Key: inference, Value: ['COORDINATES: similar to AA sequence:RefSeq:WP_015116143.1']
    Key: locus_tag, Value: ['B6N60_RS21950']
    Key: phase, Value: ['0']
    Key: product, Value: ['CRISPR-associated endonuclease Cas2']
    Key: protein_id, Value: ['WP_190608539.1']
    Key: source, Value: ['Protein Homology']
    Key: transl_table, Value: ['11']

GF(CRISPR-associated endonuclease Cas2, 15912-16194 (-1))
type: CDS
location: [5226127:5227264](-)
id: cds-WP_249221468.1-2
qualifiers:
    Key: Dbxref, Value: ['GenBank:WP_249221468.1']
    Key: ID, Value: ['cds-WP_249221468.1-2']
    Key: Name, Value: ['WP_249221468.1']
    Key: Parent, Value: ['gene-B6N60_RS21955']
    Key: gbkey, Value: ['CDS']
    Key: inference, Value: ['COORDINATES: similar to AA sequence:RefSeq:WP_012165498.1']
    Key: locus_tag, Value: ['B6N60_RS21955']
    Key: phase, Value: ['0']
    Key: product, Value: ['transposase']
    Key: protein_id, Value: ['WP_249221468.1']
    Key: source, Value: ['Protein Homology']
    Key: transl_table, Value: ['11']

GF(transposase, 16203-17340 (-1))
type: CDS
location: [5227571:5228561](-)
id: cds-WP_190606786.1
qualifiers:
    Key: Dbxref, Value: ['GenBank:WP_190606786.1']
    Key: ID, Value: ['cds-WP_190606786.1']
    Key: Name, Value: ['WP_190606786.1']
    Key: Ontology_term, Value: ['GO:0043571', 'GO:0004520', 'GO:0046872']
    Key: Parent, Value: ['gene-B6N60_RS21960']
    Key: gbkey, Value: ['CDS']
    Key: gene, Value: ['cas1']
    Key: go_function, Value: ['DNA endonuclease activity|0004520||IEA', 'metal ion binding|0046872||IEA']
    Key: go_process, Value: ['maintenance of CRISPR repeat elements|0043571||IEA']
    Key: inference, Value: ['COORDINATES: similar to AA sequence:RefSeq:WP_015116142.1']
    Key: locus_tag, Value: ['B6N60_RS21960']
    Key: phase, Value: ['0']
    Key: product, Value: ['CRISPR-associated endonuclease Cas1']
    Key: protein_id, Value: ['WP_190606786.1']
    Key: source, Value: ['Protein Homology']
    Key: transl_table, Value: ['11']

GF(CRISPR-associated endonuclease Cas1, 17647-18637 (-1))
type: CDS
location: [5228582:5228858](-)
id: cds-WP_190606784.1
qualifiers:
    Key: Dbxref, Value: ['GenBank:WP_190606784.1']
    Key: ID, Value: ['cds-WP_190606784.1']
    Key: Name, Value: ['WP_190606784.1']
    Key: Parent, Value: ['gene-B6N60_RS21965']
    Key: gbkey, Value: ['CDS']
    Key: gene, Value: ['csx18']
    Key: inference, Value: ['COORDINATES: similar to AA sequence:RefSeq:WP_015217722.1']
    Key: locus_tag, Value: ['B6N60_RS21965']
    Key: phase, Value: ['0']
    Key: product, Value: ['CRISPR-associated protein Csx18']
    Key: protein_id, Value: ['WP_190606784.1']
    Key: source, Value: ['Protein Homology']
    Key: transl_table, Value: ['11']

GF(CRISPR-associated protein Csx18, 18658-18934 (-1))
type: CDS
location: [5229074:5230262](+)
id: cds-WP_190606783.1
qualifiers:
    Key: Dbxref, Value: ['GenBank:WP_190606783.1']
    Key: ID, Value: ['cds-WP_190606783.1']
    Key: Name, Value: ['WP_190606783.1']
    Key: Ontology_term, Value: ['GO:0003676']
    Key: Parent, Value: ['gene-B6N60_RS21970']
    Key: gbkey, Value: ['CDS']
    Key: go_function, Value: ['nucleic acid binding|0003676||IEA']
    Key: inference, Value: ['COORDINATES: similar to AA sequence:RefSeq:WP_015116140.1']
    Key: locus_tag, Value: ['B6N60_RS21970']
    Key: phase, Value: ['0']
    Key: product, Value: ['WYL domain-containing protein']
    Key: protein_id, Value: ['WP_190606783.1']
    Key: source, Value: ['Protein Homology']
    Key: transl_table, Value: ['11']

GF(WYL domain-containing protein, 19150-20338 (1))
type: CDS
location: [5230419:5230620](+)
id: cds-WP_190606781.1
qualifiers:
    Key: Dbxref, Value: ['GenBank:WP_190606781.1']
    Key: ID, Value: ['cds-WP_190606781.1']
    Key: Name, Value: ['WP_190606781.1']
    Key: Parent, Value: ['gene-B6N60_RS21975']
    Key: gbkey, Value: ['CDS']
    Key: inference, Value: ['COORDINATES: similar to AA sequence:RefSeq:WP_010999876.1']
    Key: locus_tag, Value: ['B6N60_RS21975']
    Key: phase, Value: ['0']
    Key: product, Value: ['hypothetical protein']
    Key: protein_id, Value: ['WP_190606781.1']
    Key: source, Value: ['Protein Homology']
    Key: transl_table, Value: ['11']

GF(None, 20495-20696 (1))
type: CDS
location: [5230698:5233383](-)
id: cds-WP_190606779.1
qualifiers:
    Key: Dbxref, Value: ['GenBank:WP_190606779.1']
    Key: ID, Value: ['cds-WP_190606779.1']
    Key: Name, Value: ['WP_190606779.1']
    Key: Parent, Value: ['gene-B6N60_RS21980']
    Key: gbkey, Value: ['CDS']
    Key: inference, Value: ['COORDINATES: similar to AA sequence:RefSeq:WP_015217689.1']
    Key: locus_tag, Value: ['B6N60_RS21980']
    Key: phase, Value: ['0']
    Key: product, Value: ['hypothetical protein']
    Key: protein_id, Value: ['WP_190606779.1']
    Key: source, Value: ['Protein Homology']
    Key: transl_table, Value: ['11']

GF(None, 20774-23459 (-1))
type: repeat_region
location: [5224649:5225653](+)
id: NZ_CP021056.1_6
qualifiers:
    Key: Dbxref, Value: ['SO:0001459']
    Key: ID, Value: ['NZ_CP021056.1_6']
    Key: Note, Value: ['GTTTCCATTCAATTAATATCCCCAGCGAGTGGGAAT']
    Key: Ontology_term, Value: ['CRISPR']
    Key: score, Value: ['1004']
    Key: source, Value: ['CCTyper']

GF(Repeat region, 14725-15729 (0))
graphic feature from cctyper protein table: GF(Csx1, 4000-5529 (-1))
graphic feature from cctyper protein table: GF(Csx1, 5501-6991 (-1))
graphic feature from cctyper protein table: GF(Cmr6gr7, 7026-8750 (-1))
graphic feature from cctyper protein table: GF(Cmr5gr11, 8750-9274 (-1))
graphic feature from cctyper protein table: GF(Cmr4, 9289-10161 (-1))
graphic feature from cctyper protein table: GF(Cmr3gr5, 10154-11326 (-1))
graphic feature from cctyper protein table: GF(Cas10, 11323-14409 (-1))
graphic feature from cctyper protein table: GF(Cas2, 15913-16194 (-1))
graphic feature from cctyper protein table: GF(Cas1, 17648-18637 (-1))
graphic feature from cctyper protein table: GF(Csx18, 18659-18934 (-1))
graphic feature from cctyper protein table: GF(WYL, 19151-20338 (1))
Index(['protein_id', 'start', 'end', 'effector', 'locus', 'sample', 'strand',
       'sequence', 'type'],
      dtype='object')
graphic feature from known effectors: GF(csx1, 5501-6991 (-1))
Index(['protein_id', 'start', 'end', 'effector', 'locus', 'sample', 'strand',
       'sequence'],
      dtype='object')
[GF(None, 1285-1825 (-1)), GF(None, 2005-2467 (-1)), GF(MotA/TolQ/ExbB proton channel family protein, 2471-3872 (-1)), GF(None, 3999-5529 (-1)), GF(None, 5500-6991 (-1)), GF(RAMP superfamily CRISPR-associated protein, 7025-8750 (-1)), GF(None, 8749-9274 (-1)), GF(type III-B CRISPR module RAMP protein Cmr4, 9288-10161 (-1)), GF(type III-B CRISPR module-associated Cmr3 family protein, 10153-11326 (-1)), GF(type III-B CRISPR-associated protein Cas10/Cmr2, 11322-14409 (-1)), GF(CRISPR-associated endonuclease Cas2, 15912-16194 (-1)), GF(transposase, 16203-17340 (-1)), GF(CRISPR-associated endonuclease Cas1, 17647-18637 (-1)), GF(CRISPR-associated protein Csx18, 18658-18934 (-1)), GF(WYL domain-containing protein, 19150-20338 (1)), GF(None, 20495-20696 (1)), GF(None, 20774-23459 (-1)), GF(Repeat region, 14725-15729 (0)), GF(Csx1, 4000-5529 (-1)), GF(Csx1, 5501-6991 (-1)), GF(Cmr6gr7, 7026-8750 (-1)), GF(Cmr5gr11, 8750-9274 (-1)), GF(Cmr4, 9289-10161 (-1)), GF(Cmr3gr5, 10154-11326 (-1)), GF(Cas10, 11323-14409 (-1)), GF(Cas2, 15913-16194 (-1)), GF(Cas1, 17648-18637 (-1)), GF(Csx18, 18659-18934 (-1)), GF(WYL, 19151-20338 (1)), GF(csx1, 5501-6991 (-1)), GF(CRISPR-Cas locus, 4000-20338 (0))]
