Cas operons file:    Unnamed: 0       Contig  ...           locus_id           sample
0           0  NC_014212.1  ...  GCF_000092125.1_0  GCF_000092125.1

[1 rows x 19 columns]
The chosen contig: NC_014212.1
type: CDS
location: [684464:685385](+)
id: cds-WP_013157201.1
qualifiers:
    Key: Dbxref, Value: ['GenBank:WP_013157201.1']
    Key: ID, Value: ['cds-WP_013157201.1']
    Key: Name, Value: ['WP_013157201.1']
    Key: Parent, Value: ['gene-MESIL_RS03540']
    Key: gbkey, Value: ['CDS']
    Key: inference, Value: ['COORDINATES: similar to AA sequence:RefSeq:WP_018467019.1']
    Key: locus_tag, Value: ['MESIL_RS03540']
    Key: phase, Value: ['0']
    Key: product, Value: ['aldose 1-epimerase']
    Key: protein_id, Value: ['WP_013157201.1']
    Key: source, Value: ['Protein Homology']
    Key: transl_table, Value: ['11']

GF(aldose 1-epimerase, 70-991 (1))
type: CDS
location: [685593:687093](+)
id: cds-WP_013157202.1
qualifiers:
    Key: Dbxref, Value: ['GenBank:WP_013157202.1']
    Key: ID, Value: ['cds-WP_013157202.1']
    Key: Name, Value: ['WP_013157202.1']
    Key: Ontology_term, Value: ['GO:0005997', 'GO:0042732', 'GO:0004856', 'GO:0005515']
    Key: Parent, Value: ['gene-MESIL_RS03545']
    Key: gbkey, Value: ['CDS']
    Key: gene, Value: ['xylB']
    Key: go_function, Value: ['xylulokinase activity|0004856||IEA', 'protein binding|0005515||IEA']
    Key: go_process, Value: ['xylulose metabolic process|0005997||IEA', 'D-xylose metabolic process|0042732||IEA']
    Key: inference, Value: ['COORDINATES: similar to AA sequence:RefSeq:WP_018467020.1']
    Key: locus_tag, Value: ['MESIL_RS03545']
    Key: phase, Value: ['0']
    Key: product, Value: ['xylulokinase']
    Key: protein_id, Value: ['WP_013157202.1']
    Key: source, Value: ['Protein Homology']
    Key: transl_table, Value: ['11']

GF(xylulokinase, 1199-2699 (1))
type: CDS
location: [687169:687601](+)
id: cds-WP_041652297.1
qualifiers:
    Key: Dbxref, Value: ['GenBank:WP_041652297.1']
    Key: ID, Value: ['cds-WP_041652297.1']
    Key: Name, Value: ['WP_041652297.1']
    Key: Ontology_term, Value: ['GO:0004803']
    Key: Parent, Value: ['gene-MESIL_RS20295']
    Key: gbkey, Value: ['CDS']
    Key: go_function, Value: ['transposase activity|0004803||IEA']
    Key: inference, Value: ['COORDINATES: protein motif:HMM:NF033580.1']
    Key: locus_tag, Value: ['MESIL_RS20295']
    Key: phase, Value: ['0']
    Key: product, Value: ['IS5 family transposase']
    Key: protein_id, Value: ['WP_041652297.1']
    Key: source, Value: ['Protein Homology']
    Key: transl_table, Value: ['11']

GF(IS5 family transposase, 2775-3207 (1))
type: CDS
location: [687600:688029](+)
id: cds-WP_245393724.1
qualifiers:
    Key: Dbxref, Value: ['GenBank:WP_245393724.1']
    Key: ID, Value: ['cds-WP_245393724.1']
    Key: Name, Value: ['WP_245393724.1']
    Key: Ontology_term, Value: ['GO:0006313', 'GO:0003677', 'GO:0004803']
    Key: Parent, Value: ['gene-MESIL_RS20300']
    Key: gbkey, Value: ['CDS']
    Key: go_function, Value: ['DNA binding|0003677||IEA', 'transposase activity|0004803||IEA']
    Key: go_process, Value: ['DNA transposition|0006313||IEA']
    Key: inference, Value: ['COORDINATES: protein motif:HMM:NF013752.4']
    Key: locus_tag, Value: ['MESIL_RS20300']
    Key: phase, Value: ['0']
    Key: product, Value: ['transposase']
    Key: protein_id, Value: ['WP_245393724.1']
    Key: source, Value: ['Protein Homology']
    Key: transl_table, Value: ['11']

GF(transposase, 3206-3635 (1))
type: CDS
location: [688393:690820](+)
id: cds-WP_013157203.1
qualifiers:
    Key: Dbxref, Value: ['GenBank:WP_013157203.1']
    Key: ID, Value: ['cds-WP_013157203.1']
    Key: Name, Value: ['WP_013157203.1']
    Key: Ontology_term, Value: ['GO:0043571', 'GO:0003674']
    Key: Parent, Value: ['gene-MESIL_RS03560']
    Key: gbkey, Value: ['CDS']
    Key: gene, Value: ['cas10']
    Key: go_function, Value: ['molecular_function|0003674||IEA']
    Key: go_process, Value: ['maintenance of CRISPR repeat elements|0043571||IEA']
    Key: inference, Value: ['COORDINATES: similar to AA sequence:RefSeq:WP_018466921.1']
    Key: locus_tag, Value: ['MESIL_RS03560']
    Key: phase, Value: ['0']
    Key: product, Value: ['type III-A CRISPR-associated protein Cas10/Csm1']
    Key: protein_id, Value: ['WP_013157203.1']
    Key: source, Value: ['Protein Homology']
    Key: transl_table, Value: ['11']

GF(type III-A CRISPR-associated protein Cas10/Csm1, 3999-6426 (1))
type: CDS
location: [690829:691240](+)
id: cds-WP_013157204.1
qualifiers:
    Key: Dbxref, Value: ['GenBank:WP_013157204.1']
    Key: ID, Value: ['cds-WP_013157204.1']
    Key: Name, Value: ['WP_013157204.1']
    Key: Ontology_term, Value: ['GO:0043571', 'GO:0003674']
    Key: Parent, Value: ['gene-MESIL_RS03565']
    Key: gbkey, Value: ['CDS']
    Key: gene, Value: ['csm2']
    Key: go_function, Value: ['molecular_function|0003674||IEA']
    Key: go_process, Value: ['maintenance of CRISPR repeat elements|0043571||IEA']
    Key: inference, Value: ['COORDINATES: similar to AA sequence:RefSeq:WP_013012515.1']
    Key: locus_tag, Value: ['MESIL_RS03565']
    Key: phase, Value: ['0']
    Key: product, Value: ['type III-A CRISPR-associated protein Csm2']
    Key: protein_id, Value: ['WP_013157204.1']
    Key: source, Value: ['Protein Homology']
    Key: transl_table, Value: ['11']

GF(type III-A CRISPR-associated protein Csm2, 6435-6846 (1))
type: CDS
location: [691236:691914](+)
id: cds-WP_013157205.1
qualifiers:
    Key: Dbxref, Value: ['GenBank:WP_013157205.1']
    Key: ID, Value: ['cds-WP_013157205.1']
    Key: Name, Value: ['WP_013157205.1']
    Key: Ontology_term, Value: ['GO:0043571', 'GO:0003674']
    Key: Parent, Value: ['gene-MESIL_RS03570']
    Key: gbkey, Value: ['CDS']
    Key: gene, Value: ['csm3']
    Key: go_function, Value: ['molecular_function|0003674||IEA']
    Key: go_process, Value: ['maintenance of CRISPR repeat elements|0043571||IEA']
    Key: inference, Value: ['COORDINATES: similar to AA sequence:RefSeq:WP_013012516.1']
    Key: locus_tag, Value: ['MESIL_RS03570']
    Key: phase, Value: ['0']
    Key: product, Value: ['type III-A CRISPR-associated RAMP protein Csm3']
    Key: protein_id, Value: ['WP_013157205.1']
    Key: source, Value: ['Protein Homology']
    Key: transl_table, Value: ['11']

GF(type III-A CRISPR-associated RAMP protein Csm3, 6842-7520 (1))
type: CDS
location: [691910:692798](+)
id: cds-WP_013157206.1
qualifiers:
    Key: Dbxref, Value: ['GenBank:WP_013157206.1']
    Key: ID, Value: ['cds-WP_013157206.1']
    Key: Name, Value: ['WP_013157206.1']
    Key: Parent, Value: ['gene-MESIL_RS03575']
    Key: gbkey, Value: ['CDS']
    Key: inference, Value: ['COORDINATES: similar to AA sequence:RefSeq:WP_013012517.1']
    Key: locus_tag, Value: ['MESIL_RS03575']
    Key: phase, Value: ['0']
    Key: product, Value: ['RAMP superfamily CRISPR-associated protein']
    Key: protein_id, Value: ['WP_013157206.1']
    Key: source, Value: ['Protein Homology']
    Key: transl_table, Value: ['11']

GF(RAMP superfamily CRISPR-associated protein, 7516-8404 (1))
type: CDS
location: [692794:693925](+)
id: cds-WP_013157207.1
qualifiers:
    Key: Dbxref, Value: ['GenBank:WP_013157207.1']
    Key: ID, Value: ['cds-WP_013157207.1']
    Key: Name, Value: ['WP_013157207.1']
    Key: Ontology_term, Value: ['GO:0043571', 'GO:0003674']
    Key: Parent, Value: ['gene-MESIL_RS03580']
    Key: gbkey, Value: ['CDS']
    Key: gene, Value: ['csm5']
    Key: go_function, Value: ['molecular_function|0003674||IEA']
    Key: go_process, Value: ['maintenance of CRISPR repeat elements|0043571||IEA']
    Key: inference, Value: ['COORDINATES: similar to AA sequence:RefSeq:WP_018466917.1']
    Key: locus_tag, Value: ['MESIL_RS03580']
    Key: phase, Value: ['0']
    Key: product, Value: ['type III-A CRISPR-associated RAMP protein Csm5']
    Key: protein_id, Value: ['WP_013157207.1']
    Key: source, Value: ['Protein Homology']
    Key: transl_table, Value: ['11']

GF(type III-A CRISPR-associated RAMP protein Csm5, 8400-9531 (1))
type: CDS
location: [693955:694210](+)
id: cds-WP_013157208.1
qualifiers:
    Key: Dbxref, Value: ['GenBank:WP_013157208.1']
    Key: ID, Value: ['cds-WP_013157208.1']
    Key: Name, Value: ['WP_013157208.1']
    Key: Parent, Value: ['gene-MESIL_RS03585']
    Key: gbkey, Value: ['CDS']
    Key: inference, Value: ['COORDINATES: similar to AA sequence:RefSeq:WP_014630035.1']
    Key: locus_tag, Value: ['MESIL_RS03585']
    Key: phase, Value: ['0']
    Key: product, Value: ['type II toxin-antitoxin system VapB family antitoxin']
    Key: protein_id, Value: ['WP_013157208.1']
    Key: source, Value: ['Protein Homology']
    Key: transl_table, Value: ['11']

GF(type II toxin-antitoxin system VapB family antitoxin, 9561-9816 (1))
type: CDS
location: [694209:694551](+)
id: cds-WP_013157209.1
qualifiers:
    Key: Dbxref, Value: ['GenBank:WP_013157209.1']
    Key: ID, Value: ['cds-WP_013157209.1']
    Key: Name, Value: ['WP_013157209.1']
    Key: Parent, Value: ['gene-MESIL_RS03590']
    Key: gbkey, Value: ['CDS']
    Key: inference, Value: ['COORDINATES: similar to AA sequence:RefSeq:WP_013012520.1']
    Key: locus_tag, Value: ['MESIL_RS03590']
    Key: phase, Value: ['0']
    Key: product, Value: ['type II toxin-antitoxin system VapC family toxin']
    Key: protein_id, Value: ['WP_013157209.1']
    Key: source, Value: ['Protein Homology']
    Key: transl_table, Value: ['11']

GF(type II toxin-antitoxin system VapC family toxin, 9815-10157 (1))
type: CDS
location: [694547:695351](+)
id: cds-WP_013157210.1
qualifiers:
    Key: Dbxref, Value: ['GenBank:WP_013157210.1']
    Key: ID, Value: ['cds-WP_013157210.1']
    Key: Name, Value: ['WP_013157210.1']
    Key: Ontology_term, Value: ['GO:0043571', 'GO:0004521']
    Key: Parent, Value: ['gene-MESIL_RS03595']
    Key: gbkey, Value: ['CDS']
    Key: gene, Value: ['cas6']
    Key: go_function, Value: ['RNA endonuclease activity|0004521||IEA']
    Key: go_process, Value: ['maintenance of CRISPR repeat elements|0043571||IEA']
    Key: inference, Value: ['COORDINATES: similar to AA sequence:RefSeq:WP_018461507.1']
    Key: locus_tag, Value: ['MESIL_RS03595']
    Key: phase, Value: ['0']
    Key: product, Value: ['CRISPR-associated endoribonuclease Cas6']
    Key: protein_id, Value: ['WP_013157210.1']
    Key: source, Value: ['Protein Homology']
    Key: transl_table, Value: ['11']

GF(CRISPR-associated endoribonuclease Cas6, 10153-10957 (1))
type: CDS
location: [695289:696690](+)
id: cds-WP_013157211.1
qualifiers:
    Key: Dbxref, Value: ['GenBank:WP_013157211.1']
    Key: ID, Value: ['cds-WP_013157211.1']
    Key: Name, Value: ['WP_013157211.1']
    Key: Ontology_term, Value: ['GO:0043571', 'GO:0003674']
    Key: Parent, Value: ['gene-MESIL_RS03600']
    Key: gbkey, Value: ['CDS']
    Key: go_function, Value: ['molecular_function|0003674||IEA']
    Key: go_process, Value: ['maintenance of CRISPR repeat elements|0043571||IEA']
    Key: inference, Value: ['COORDINATES: protein motif:HMM:NF021207.4']
    Key: locus_tag, Value: ['MESIL_RS03600']
    Key: phase, Value: ['0']
    Key: product, Value: ['TIGR02710 family CRISPR-associated CARF protein']
    Key: protein_id, Value: ['WP_013157211.1']
    Key: source, Value: ['Protein Homology']
    Key: transl_table, Value: ['11']

GF(TIGR02710 family CRISPR-associated CARF protein, 10895-12296 (1))
type: CDS
location: [696686:697658](+)
id: cds-WP_013157212.1
qualifiers:
    Key: Dbxref, Value: ['GenBank:WP_013157212.1']
    Key: ID, Value: ['cds-WP_013157212.1']
    Key: Name, Value: ['WP_013157212.1']
    Key: Ontology_term, Value: ['GO:0043571', 'GO:0004520', 'GO:0046872']
    Key: Parent, Value: ['gene-MESIL_RS03605']
    Key: gbkey, Value: ['CDS']
    Key: gene, Value: ['cas1']
    Key: go_function, Value: ['DNA endonuclease activity|0004520||IEA', 'metal ion binding|0046872||IEA']
    Key: go_process, Value: ['maintenance of CRISPR repeat elements|0043571||IEA']
    Key: inference, Value: ['COORDINATES: similar to AA sequence:RefSeq:WP_013012523.1']
    Key: locus_tag, Value: ['MESIL_RS03605']
    Key: phase, Value: ['0']
    Key: product, Value: ['CRISPR-associated endonuclease Cas1']
    Key: protein_id, Value: ['WP_013157212.1']
    Key: source, Value: ['Protein Homology']
    Key: transl_table, Value: ['11']

GF(CRISPR-associated endonuclease Cas1, 12292-13264 (1))
type: CDS
location: [697659:697935](+)
id: cds-WP_013157213.1
qualifiers:
    Key: Dbxref, Value: ['GenBank:WP_013157213.1']
    Key: ID, Value: ['cds-WP_013157213.1']
    Key: Name, Value: ['WP_013157213.1']
    Key: Ontology_term, Value: ['GO:0043571', 'GO:0004521']
    Key: Parent, Value: ['gene-MESIL_RS03610']
    Key: gbkey, Value: ['CDS']
    Key: gene, Value: ['cas2']
    Key: go_function, Value: ['RNA endonuclease activity|0004521||IEA']
    Key: go_process, Value: ['maintenance of CRISPR repeat elements|0043571||IEA']
    Key: inference, Value: ['COORDINATES: similar to AA sequence:RefSeq:WP_016329083.1']
    Key: locus_tag, Value: ['MESIL_RS03610']
    Key: phase, Value: ['0']
    Key: product, Value: ['CRISPR-associated endonuclease Cas2']
    Key: protein_id, Value: ['WP_013157213.1']
    Key: source, Value: ['Protein Homology']
    Key: transl_table, Value: ['11']

GF(CRISPR-associated endonuclease Cas2, 13265-13541 (1))
type: CDS
location: [699166:700375](+)
id: cds-WP_013157214.1
qualifiers:
    Key: Dbxref, Value: ['GenBank:WP_013157214.1']
    Key: ID, Value: ['cds-WP_013157214.1']
    Key: Name, Value: ['WP_013157214.1']
    Key: Ontology_term, Value: ['GO:0043571', 'GO:0003674']
    Key: Parent, Value: ['gene-MESIL_RS03615']
    Key: gbkey, Value: ['CDS']
    Key: go_function, Value: ['molecular_function|0003674||IEA']
    Key: go_process, Value: ['maintenance of CRISPR repeat elements|0043571||IEA']
    Key: inference, Value: ['COORDINATES: similar to AA sequence:RefSeq:WP_018467910.1']
    Key: locus_tag, Value: ['MESIL_RS03615']
    Key: phase, Value: ['0']
    Key: product, Value: ['TIGR02710 family CRISPR-associated CARF protein']
    Key: protein_id, Value: ['WP_013157214.1']
    Key: source, Value: ['Protein Homology']
    Key: transl_table, Value: ['11']

GF(TIGR02710 family CRISPR-associated CARF protein, 14772-15981 (1))
type: CDS
location: [700683:701763](+)
id: cds-WP_013157215.1
qualifiers:
    Key: Dbxref, Value: ['GenBank:WP_013157215.1']
    Key: ID, Value: ['cds-WP_013157215.1']
    Key: Name, Value: ['WP_013157215.1']
    Key: Ontology_term, Value: ['GO:0015074']
    Key: Parent, Value: ['gene-MESIL_RS03625']
    Key: gbkey, Value: ['CDS']
    Key: go_process, Value: ['DNA integration|0015074||IEA']
    Key: inference, Value: ['COORDINATES: similar to AA sequence:RefSeq:WP_013159781.1']
    Key: locus_tag, Value: ['MESIL_RS03625']
    Key: phase, Value: ['0']
    Key: product, Value: ['integrase core domain-containing protein']
    Key: protein_id, Value: ['WP_013157215.1']
    Key: source, Value: ['Protein Homology']
    Key: transl_table, Value: ['11']

GF(integrase core domain-containing protein, 16289-17369 (1))
type: CDS
location: [702083:703211](-)
id: cds-WP_013157216.1
qualifiers:
    Key: Dbxref, Value: ['GenBank:WP_013157216.1']
    Key: ID, Value: ['cds-WP_013157216.1']
    Key: Name, Value: ['WP_013157216.1']
    Key: Ontology_term, Value: ['GO:0030170']
    Key: Parent, Value: ['gene-MESIL_RS03635']
    Key: gbkey, Value: ['CDS']
    Key: go_function, Value: ['pyridoxal phosphate binding|0030170||IEA']
    Key: inference, Value: ['COORDINATES: similar to AA sequence:RefSeq:WP_018465173.1']
    Key: locus_tag, Value: ['MESIL_RS03635']
    Key: phase, Value: ['0']
    Key: product, Value: ['PLP-dependent aminotransferase family protein']
    Key: protein_id, Value: ['WP_013157216.1']
    Key: source, Value: ['Protein Homology']
    Key: transl_table, Value: ['11']

GF(PLP-dependent aminotransferase family protein, 17689-18817 (-1))
type: CDS
location: [703219:703957](-)
id: cds-WP_013157217.1
qualifiers:
    Key: Dbxref, Value: ['GenBank:WP_013157217.1']
    Key: ID, Value: ['cds-WP_013157217.1']
    Key: Name, Value: ['WP_013157217.1']
    Key: Ontology_term, Value: ['GO:0005524', 'GO:0016887', 'GO:0042626', 'GO:0140359']
    Key: Parent, Value: ['gene-MESIL_RS03640']
    Key: gbkey, Value: ['CDS']
    Key: go_function, Value: ['ATP binding|0005524||IEA', 'ATP hydrolysis activity|0016887||IEA', 'ATPase-coupled transmembrane transporter activity|0042626||IEA', 'ABC-type transporter activity|0140359||IEA']
    Key: inference, Value: ['COORDINATES: similar to AA sequence:RefSeq:WP_013013331.1']
    Key: locus_tag, Value: ['MESIL_RS03640']
    Key: phase, Value: ['0']
    Key: product, Value: ['amino acid ABC transporter ATP-binding protein']
    Key: protein_id, Value: ['WP_013157217.1']
    Key: source, Value: ['Protein Homology']
    Key: transl_table, Value: ['11']

GF(amino acid ABC transporter ATP-binding protein, 18825-19563 (-1))
type: CDS
location: [703953:704901](-)
id: cds-WP_013157218.1
qualifiers:
    Key: Dbxref, Value: ['GenBank:WP_013157218.1']
    Key: ID, Value: ['cds-WP_013157218.1']
    Key: Name, Value: ['WP_013157218.1']
    Key: Ontology_term, Value: ['GO:0008295', 'GO:0008783']
    Key: Parent, Value: ['gene-MESIL_RS03645']
    Key: gbkey, Value: ['CDS']
    Key: gene, Value: ['speB']
    Key: go_function, Value: ['agmatinase activity|0008783||IEA']
    Key: go_process, Value: ['spermidine biosynthetic process|0008295||IEA']
    Key: inference, Value: ['COORDINATES: similar to AA sequence:RefSeq:WP_013013330.1']
    Key: locus_tag, Value: ['MESIL_RS03645']
    Key: phase, Value: ['0']
    Key: product, Value: ['agmatinase']
    Key: protein_id, Value: ['WP_013157218.1']
    Key: source, Value: ['Protein Homology']
    Key: transl_table, Value: ['11']

GF(agmatinase, 19559-20507 (-1))
type: CDS
location: [704911:705475](-)
id: cds-WP_013157219.1
qualifiers:
    Key: Dbxref, Value: ['GenBank:WP_013157219.1']
    Key: ID, Value: ['cds-WP_013157219.1']
    Key: Name, Value: ['WP_013157219.1']
    Key: Parent, Value: ['gene-MESIL_RS03650']
    Key: gbkey, Value: ['CDS']
    Key: inference, Value: ['COORDINATES: similar to AA sequence:RefSeq:WP_013013329.1']
    Key: locus_tag, Value: ['MESIL_RS03650']
    Key: phase, Value: ['0']
    Key: product, Value: ['cupin domain-containing protein']
    Key: protein_id, Value: ['WP_013157219.1']
    Key: source, Value: ['Protein Homology']
    Key: transl_table, Value: ['11']

GF(cupin domain-containing protein, 20517-21081 (-1))
type: CDS
location: [705477:706128](-)
id: cds-WP_013157220.1
qualifiers:
    Key: Dbxref, Value: ['GenBank:WP_013157220.1']
    Key: ID, Value: ['cds-WP_013157220.1']
    Key: Name, Value: ['WP_013157220.1']
    Key: Ontology_term, Value: ['GO:0006865', 'GO:0042626', 'GO:0140359']
    Key: Parent, Value: ['gene-MESIL_RS03655']
    Key: gbkey, Value: ['CDS']
    Key: go_function, Value: ['ATPase-coupled transmembrane transporter activity|0042626||IEA', 'ABC-type transporter activity|0140359||IEA']
    Key: go_process, Value: ['amino acid transport|0006865||IEA']
    Key: inference, Value: ['COORDINATES: similar to AA sequence:RefSeq:WP_013013328.1']
    Key: locus_tag, Value: ['MESIL_RS03655']
    Key: phase, Value: ['0']
    Key: product, Value: ['amino acid ABC transporter permease']
    Key: protein_id, Value: ['WP_013157220.1']
    Key: source, Value: ['Protein Homology']
    Key: transl_table, Value: ['11']

GF(amino acid ABC transporter permease, 21083-21734 (-1))
type: CDS
location: [706222:706966](-)
id: cds-WP_013157221.1
qualifiers:
    Key: Dbxref, Value: ['GenBank:WP_013157221.1']
    Key: ID, Value: ['cds-WP_013157221.1']
    Key: Name, Value: ['WP_013157221.1']
    Key: Parent, Value: ['gene-MESIL_RS03660']
    Key: gbkey, Value: ['CDS']
    Key: inference, Value: ['COORDINATES: similar to AA sequence:RefSeq:WP_013157221.1']
    Key: locus_tag, Value: ['MESIL_RS03660']
    Key: phase, Value: ['0']
    Key: product, Value: ['basic amino acid ABC transporter substrate-binding protein']
    Key: protein_id, Value: ['WP_013157221.1']
    Key: source, Value: ['Protein Homology']
    Key: transl_table, Value: ['11']

GF(basic amino acid ABC transporter substrate-binding protein, 21828-22572 (-1))
type: repeat_region
location: [698281:699146](+)
id: NC_014212.1_1
qualifiers:
    Key: Dbxref, Value: ['SO:0001459']
    Key: ID, Value: ['NC_014212.1_1']
    Key: Note, Value: ['GTCGCAAACAAAAAGCCCCGTAAGGGGATTGCAAC']
    Key: Ontology_term, Value: ['CRISPR']
    Key: score, Value: ['865']
    Key: source, Value: ['CCTyper']

GF(Repeat region, 13887-14752 (0))
graphic feature from known effectors: GF(csx1, 10896-12296 (1))
graphic feature from known effectors: GF(csx1, 14773-15981 (1))
[GF(aldose 1-epimerase, 70-991 (1)), GF(xylulokinase, 1199-2699 (1)), GF(IS5 family transposase, 2775-3207 (1)), GF(transposase, 3206-3635 (1)), GF(type III-A CRISPR-associated protein Cas10/Csm1, 3999-6426 (1)), GF(type III-A CRISPR-associated protein Csm2, 6435-6846 (1)), GF(type III-A CRISPR-associated RAMP protein Csm3, 6842-7520 (1)), GF(RAMP superfamily CRISPR-associated protein, 7516-8404 (1)), GF(type III-A CRISPR-associated RAMP protein Csm5, 8400-9531 (1)), GF(type II toxin-antitoxin system VapB family antitoxin, 9561-9816 (1)), GF(type II toxin-antitoxin system VapC family toxin, 9815-10157 (1)), GF(CRISPR-associated endoribonuclease Cas6, 10153-10957 (1)), GF(TIGR02710 family CRISPR-associated CARF protein, 10895-12296 (1)), GF(CRISPR-associated endonuclease Cas1, 12292-13264 (1)), GF(CRISPR-associated endonuclease Cas2, 13265-13541 (1)), GF(TIGR02710 family CRISPR-associated CARF protein, 14772-15981 (1)), GF(integrase core domain-containing protein, 16289-17369 (1)), GF(PLP-dependent aminotransferase family protein, 17689-18817 (-1)), GF(amino acid ABC transporter ATP-binding protein, 18825-19563 (-1)), GF(agmatinase, 19559-20507 (-1)), GF(cupin domain-containing protein, 20517-21081 (-1)), GF(amino acid ABC transporter permease, 21083-21734 (-1)), GF(basic amino acid ABC transporter substrate-binding protein, 21828-22572 (-1)), GF(Repeat region, 13887-14752 (0)), GF(csx1, 10896-12296 (1)), GF(csx1, 14773-15981 (1)), GF(CRISPR-Cas locus, 4000-19563 (0))]
