Cas operons file:    Unnamed: 0         Contig  ...           locus_id           sample
0           1  NZ_CP113264.1  ...  GCF_026642255.1_1  GCF_026642255.1

[1 rows x 19 columns]
The chosen contig: NZ_CP113264.1
type: CDS
location: [2090815:2092609](+)
id: cds-WP_267949002.1
qualifiers:
    Key: Dbxref, Value: ['GenBank:WP_267949002.1']
    Key: ID, Value: ['cds-WP_267949002.1']
    Key: Name, Value: ['WP_267949002.1']
    Key: Parent, Value: ['gene-OUQ99_RS09205']
    Key: gbkey, Value: ['CDS']
    Key: inference, Value: ['COORDINATES: similar to AA sequence:RefSeq:WP_017598452.1']
    Key: locus_tag, Value: ['OUQ99_RS09205']
    Key: phase, Value: ['0']
    Key: product, Value: ['cation acetate symporter']
    Key: protein_id, Value: ['WP_267949002.1']
    Key: source, Value: ['Protein Homology']
    Key: transl_table, Value: ['11']

GF(cation acetate symporter, 326-2120 (1))
type: CDS
location: [2092621:2093647](-)
id: cds-WP_267949003.1
qualifiers:
    Key: Dbxref, Value: ['GenBank:WP_267949003.1']
    Key: ID, Value: ['cds-WP_267949003.1']
    Key: Name, Value: ['WP_267949003.1']
    Key: Parent, Value: ['gene-OUQ99_RS09210']
    Key: gbkey, Value: ['CDS']
    Key: inference, Value: ['COORDINATES: similar to AA sequence:RefSeq:WP_013154010.1']
    Key: locus_tag, Value: ['OUQ99_RS09210']
    Key: phase, Value: ['0']
    Key: product, Value: ['hypothetical protein']
    Key: protein_id, Value: ['WP_267949003.1']
    Key: source, Value: ['Protein Homology']
    Key: transl_table, Value: ['11']

GF(None, 2132-3158 (-1))
type: CDS
location: [2093842:2094502](+)
id: cds-WP_267949004.1
qualifiers:
    Key: Dbxref, Value: ['GenBank:WP_267949004.1']
    Key: ID, Value: ['cds-WP_267949004.1']
    Key: Name, Value: ['WP_267949004.1']
    Key: Parent, Value: ['gene-OUQ99_RS09215']
    Key: gbkey, Value: ['CDS']
    Key: inference, Value: ['COORDINATES: protein motif:HMM:NF019614.2']
    Key: locus_tag, Value: ['OUQ99_RS09215']
    Key: phase, Value: ['0']
    Key: product, Value: ['DUF1697 domain-containing protein']
    Key: protein_id, Value: ['WP_267949004.1']
    Key: source, Value: ['Protein Homology']
    Key: transl_table, Value: ['11']

GF(DUF1697 domain-containing protein, 3353-4013 (1))
type: CDS
location: [2094461:2095421](+)
id: cds-WP_267949005.1
qualifiers:
    Key: Dbxref, Value: ['GenBank:WP_267949005.1']
    Key: ID, Value: ['cds-WP_267949005.1']
    Key: Name, Value: ['WP_267949005.1']
    Key: Parent, Value: ['gene-OUQ99_RS09220']
    Key: gbkey, Value: ['CDS']
    Key: gene, Value: ['cas6']
    Key: inference, Value: ['COORDINATES: similar to AA sequence:RefSeq:WP_019610520.1']
    Key: locus_tag, Value: ['OUQ99_RS09220']
    Key: phase, Value: ['0']
    Key: product, Value: ['CRISPR system precrRNA processing endoribonuclease RAMP protein Cas6']
    Key: protein_id, Value: ['WP_267949005.1']
    Key: source, Value: ['Protein Homology']
    Key: transl_table, Value: ['11']

GF(CRISPR system precrRNA processing endoribonuclease RAMP protein Cas6, 3972-4932 (1))
type: CDS
location: [2095684:2095864](-)
id: cds-WP_267949006.1
qualifiers:
    Key: Dbxref, Value: ['GenBank:WP_267949006.1']
    Key: ID, Value: ['cds-WP_267949006.1']
    Key: Name, Value: ['WP_267949006.1']
    Key: Parent, Value: ['gene-OUQ99_RS09225']
    Key: gbkey, Value: ['CDS']
    Key: inference, Value: ['COORDINATES: similar to AA sequence:RefSeq:WP_017589757.1']
    Key: locus_tag, Value: ['OUQ99_RS09225']
    Key: phase, Value: ['0']
    Key: product, Value: ['hypothetical protein']
    Key: protein_id, Value: ['WP_267949006.1']
    Key: source, Value: ['Protein Homology']
    Key: transl_table, Value: ['11']

GF(None, 5195-5375 (-1))
type: CDS
location: [2096239:2098072](+)
id: cds-WP_267950319.1
qualifiers:
    Key: Dbxref, Value: ['GenBank:WP_267950319.1']
    Key: ID, Value: ['cds-WP_267950319.1']
    Key: Name, Value: ['WP_267950319.1']
    Key: Parent, Value: ['gene-OUQ99_RS09230']
    Key: gbkey, Value: ['CDS']
    Key: inference, Value: ['COORDINATES: similar to AA sequence:RefSeq:WP_013154006.1']
    Key: locus_tag, Value: ['OUQ99_RS09230']
    Key: phase, Value: ['0']
    Key: product, Value: ['hypothetical protein']
    Key: protein_id, Value: ['WP_267950319.1']
    Key: source, Value: ['Protein Homology']
    Key: transl_table, Value: ['11']

GF(None, 5750-7583 (1))
type: CDS
location: [2098068:2098749](+)
id: cds-WP_267949007.1
qualifiers:
    Key: Dbxref, Value: ['GenBank:WP_267949007.1']
    Key: ID, Value: ['cds-WP_267949007.1']
    Key: Name, Value: ['WP_267949007.1']
    Key: Parent, Value: ['gene-OUQ99_RS09235']
    Key: gbkey, Value: ['CDS']
    Key: inference, Value: ['COORDINATES: similar to AA sequence:RefSeq:WP_017573000.1']
    Key: locus_tag, Value: ['OUQ99_RS09235']
    Key: phase, Value: ['0']
    Key: product, Value: ['hypothetical protein']
    Key: protein_id, Value: ['WP_267949007.1']
    Key: source, Value: ['Protein Homology']
    Key: transl_table, Value: ['11']

GF(None, 7579-8260 (1))
type: CDS
location: [2098831:2100799](+)
id: cds-WP_267949008.1
qualifiers:
    Key: Dbxref, Value: ['GenBank:WP_267949008.1']
    Key: ID, Value: ['cds-WP_267949008.1']
    Key: Name, Value: ['WP_267949008.1']
    Key: Parent, Value: ['gene-OUQ99_RS09240']
    Key: gbkey, Value: ['CDS']
    Key: inference, Value: ['COORDINATES: similar to AA sequence:RefSeq:WP_019610524.1']
    Key: locus_tag, Value: ['OUQ99_RS09240']
    Key: phase, Value: ['0']
    Key: product, Value: ['hypothetical protein']
    Key: protein_id, Value: ['WP_267949008.1']
    Key: source, Value: ['Protein Homology']
    Key: transl_table, Value: ['11']

GF(None, 8342-10310 (1))
type: CDS
location: [2100795:2102430](+)
id: cds-WP_267949009.1
qualifiers:
    Key: Dbxref, Value: ['GenBank:WP_267949009.1']
    Key: ID, Value: ['cds-WP_267949009.1']
    Key: Name, Value: ['WP_267949009.1']
    Key: Parent, Value: ['gene-OUQ99_RS09245']
    Key: gbkey, Value: ['CDS']
    Key: inference, Value: ['COORDINATES: similar to AA sequence:RefSeq:WP_019610525.1']
    Key: locus_tag, Value: ['OUQ99_RS09245']
    Key: phase, Value: ['0']
    Key: product, Value: ['RAMP superfamily CRISPR-associated protein']
    Key: protein_id, Value: ['WP_267949009.1']
    Key: source, Value: ['Protein Homology']
    Key: transl_table, Value: ['11']

GF(RAMP superfamily CRISPR-associated protein, 10306-11941 (1))
type: CDS
location: [2102478:2103240](+)
id: cds-WP_267949010.1
qualifiers:
    Key: Dbxref, Value: ['GenBank:WP_267949010.1']
    Key: ID, Value: ['cds-WP_267949010.1']
    Key: Name, Value: ['WP_267949010.1']
    Key: Parent, Value: ['gene-OUQ99_RS09250']
    Key: gbkey, Value: ['CDS']
    Key: inference, Value: ['COORDINATES: similar to AA sequence:RefSeq:WP_017610592.1']
    Key: locus_tag, Value: ['OUQ99_RS09250']
    Key: phase, Value: ['0']
    Key: product, Value: ['hypothetical protein']
    Key: protein_id, Value: ['WP_267949010.1']
    Key: source, Value: ['Protein Homology']
    Key: transl_table, Value: ['11']

GF(None, 11989-12751 (1))
type: CDS
location: [2103233:2105516](+)
id: cds-WP_267949011.1
qualifiers:
    Key: Dbxref, Value: ['GenBank:WP_267949011.1']
    Key: ID, Value: ['cds-WP_267949011.1']
    Key: Name, Value: ['WP_267949011.1']
    Key: Parent, Value: ['gene-OUQ99_RS09255']
    Key: gbkey, Value: ['CDS']
    Key: inference, Value: ['COORDINATES: similar to AA sequence:RefSeq:WP_017610591.1']
    Key: locus_tag, Value: ['OUQ99_RS09255']
    Key: phase, Value: ['0']
    Key: product, Value: ['TIGR03986 family CRISPR-associated RAMP protein']
    Key: protein_id, Value: ['WP_267949011.1']
    Key: source, Value: ['Protein Homology']
    Key: transl_table, Value: ['11']

GF(TIGR03986 family CRISPR-associated RAMP protein, 12744-15027 (1))
type: CDS
location: [2105661:2106813](-)
id: cds-WP_267949012.1
qualifiers:
    Key: Dbxref, Value: ['GenBank:WP_267949012.1']
    Key: ID, Value: ['cds-WP_267949012.1']
    Key: Name, Value: ['WP_267949012.1']
    Key: Parent, Value: ['gene-OUQ99_RS09260']
    Key: gbkey, Value: ['CDS']
    Key: inference, Value: ['COORDINATES: similar to AA sequence:RefSeq:WP_017582608.1']
    Key: locus_tag, Value: ['OUQ99_RS09260']
    Key: phase, Value: ['0']
    Key: product, Value: ['hypothetical protein']
    Key: protein_id, Value: ['WP_267949012.1']
    Key: source, Value: ['Protein Homology']
    Key: transl_table, Value: ['11']

GF(None, 15172-16324 (-1))
type: CDS
location: [2107188:2107563](+)
id: cds-WP_267949013.1
qualifiers:
    Key: Dbxref, Value: ['GenBank:WP_267949013.1']
    Key: ID, Value: ['cds-WP_267949013.1']
    Key: Name, Value: ['WP_267949013.1']
    Key: Parent, Value: ['gene-OUQ99_RS09265']
    Key: gbkey, Value: ['CDS']
    Key: inference, Value: ['COORDINATES: similar to AA sequence:RefSeq:WP_017577720.1']
    Key: locus_tag, Value: ['OUQ99_RS09265']
    Key: phase, Value: ['0']
    Key: product, Value: ['hypothetical protein']
    Key: protein_id, Value: ['WP_267949013.1']
    Key: source, Value: ['Protein Homology']
    Key: transl_table, Value: ['11']

GF(None, 16699-17074 (1))
type: CDS
location: [2107727:2109890](+)
id: cds-WP_267949014.1
qualifiers:
    Key: Dbxref, Value: ['GenBank:WP_267949014.1']
    Key: ID, Value: ['cds-WP_267949014.1']
    Key: Name, Value: ['WP_267949014.1']
    Key: Parent, Value: ['gene-OUQ99_RS09270']
    Key: gbkey, Value: ['CDS']
    Key: inference, Value: ['COORDINATES: similar to AA sequence:RefSeq:WP_017572993.1']
    Key: locus_tag, Value: ['OUQ99_RS09270']
    Key: phase, Value: ['0']
    Key: product, Value: ['CRISPR-associated protein']
    Key: protein_id, Value: ['WP_267949014.1']
    Key: source, Value: ['Protein Homology']
    Key: transl_table, Value: ['11']

GF(CRISPR-associated protein, 17238-19401 (1))
graphic feature from cctyper protein table: GF(Cas10, 5751-7583 (1))
graphic feature from cctyper protein table: GF(Csm3gr7, 7580-8260 (1))
graphic feature from cctyper protein table: GF(Csm3gr7, 10307-11941 (1))
graphic feature from cctyper protein table: GF(Csx25, 11990-12751 (1))
graphic feature from cctyper protein table: GF(Csm3, 12745-15027 (1))
graphic feature from cctyper protein table: GF(Unk, 15173-16324 (-1))
graphic feature from cctyper protein table: GF(Unk, 16700-17074 (1))
Index(['protein_id', 'start', 'end', 'effector', 'locus', 'sample', 'strand',
       'sequence', 'type'],
      dtype='object')
graphic feature from known effectors: GF(can1-2, 17239-19401 (1))
Index(['protein_id', 'start', 'end', 'effector', 'locus', 'sample', 'strand',
       'sequence'],
      dtype='object')
[GF(cation acetate symporter, 326-2120 (1)), GF(None, 2132-3158 (-1)), GF(DUF1697 domain-containing protein, 3353-4013 (1)), GF(CRISPR system precrRNA processing endoribonuclease RAMP protein Cas6, 3972-4932 (1)), GF(None, 5195-5375 (-1)), GF(None, 5750-7583 (1)), GF(None, 7579-8260 (1)), GF(None, 8342-10310 (1)), GF(RAMP superfamily CRISPR-associated protein, 10306-11941 (1)), GF(None, 11989-12751 (1)), GF(TIGR03986 family CRISPR-associated RAMP protein, 12744-15027 (1)), GF(None, 15172-16324 (-1)), GF(None, 16699-17074 (1)), GF(CRISPR-associated protein, 17238-19401 (1)), GF(Cas10, 5751-7583 (1)), GF(Csm3gr7, 7580-8260 (1)), GF(Csm3gr7, 10307-11941 (1)), GF(Csx25, 11990-12751 (1)), GF(Csm3, 12745-15027 (1)), GF(Unk, 15173-16324 (-1)), GF(Unk, 16700-17074 (1)), GF(can1-2, 17239-19401 (1)), GF(CRISPR-Cas locus, 4000-17074 (0))]
