Cas operons file:    Unnamed: 0         Contig  ...           locus_id           sample
0           0  NZ_CP121679.1  ...  GCF_029760895.1_0  GCF_029760895.1

[1 rows x 19 columns]
The chosen contig: NZ_CP121679.1
type: CDS
location: [2422630:2424193](-)
id: cds-WP_279314158.1
qualifiers:
    Key: Dbxref, Value: ['GenBank:WP_279314158.1']
    Key: ID, Value: ['cds-WP_279314158.1']
    Key: Name, Value: ['WP_279314158.1']
    Key: Ontology_term, Value: ['GO:0043571', 'GO:0003674']
    Key: Parent, Value: ['gene-AncyloWKF20_RS11250']
    Key: gbkey, Value: ['CDS']
    Key: gene, Value: ['csx16']
    Key: go_function, Value: ['molecular_function|0003674||IEA']
    Key: go_process, Value: ['maintenance of CRISPR repeat elements|0043571||IEA']
    Key: inference, Value: ['COORDINATES: protein motif:HMM:NF021006.2']
    Key: locus_tag, Value: ['AncyloWKF20_RS11250']
    Key: phase, Value: ['0']
    Key: product, Value: ['CRISPR-associated protein Csx16']
    Key: protein_id, Value: ['WP_279314158.1']
    Key: source, Value: ['Protein Homology']
    Key: transl_table, Value: ['11']

GF(CRISPR-associated protein Csx16, 169-1732 (-1))
type: CDS
location: [2425213:2426464](+)
id: cds-WP_279314159.1
qualifiers:
    Key: Dbxref, Value: ['GenBank:WP_279314159.1']
    Key: ID, Value: ['cds-WP_279314159.1']
    Key: Name, Value: ['WP_279314159.1']
    Key: Parent, Value: ['gene-AncyloWKF20_RS11255']
    Key: gbkey, Value: ['CDS']
    Key: inference, Value: ['COORDINATES: ab initio prediction:GeneMarkS-2+']
    Key: locus_tag, Value: ['AncyloWKF20_RS11255']
    Key: phase, Value: ['0']
    Key: product, Value: ['hypothetical protein']
    Key: protein_id, Value: ['WP_279314159.1']
    Key: source, Value: ['GeneMarkS-2+']
    Key: transl_table, Value: ['11']

GF(None, 2752-4003 (1))
type: CDS
location: [2426460:2428857](+)
id: cds-WP_279314160.1
qualifiers:
    Key: Dbxref, Value: ['GenBank:WP_279314160.1']
    Key: ID, Value: ['cds-WP_279314160.1']
    Key: Name, Value: ['WP_279314160.1']
    Key: Parent, Value: ['gene-AncyloWKF20_RS11260']
    Key: gbkey, Value: ['CDS']
    Key: inference, Value: ['COORDINATES: protein motif:HMM:NF023885.2']
    Key: locus_tag, Value: ['AncyloWKF20_RS11260']
    Key: phase, Value: ['0']
    Key: product, Value: ['type III-B CRISPR-associated protein Cas10/Cmr2']
    Key: protein_id, Value: ['WP_279314160.1']
    Key: source, Value: ['Protein Homology']
    Key: transl_table, Value: ['11']

GF(type III-B CRISPR-associated protein Cas10/Cmr2, 3999-6396 (1))
type: CDS
location: [2428853:2430056](+)
id: cds-WP_279314161.1
qualifiers:
    Key: Dbxref, Value: ['GenBank:WP_279314161.1']
    Key: ID, Value: ['cds-WP_279314161.1']
    Key: Name, Value: ['WP_279314161.1']
    Key: Parent, Value: ['gene-AncyloWKF20_RS11265']
    Key: gbkey, Value: ['CDS']
    Key: inference, Value: ['COORDINATES: protein motif:HMM:NF021236.2']
    Key: locus_tag, Value: ['AncyloWKF20_RS11265']
    Key: phase, Value: ['0']
    Key: product, Value: ['type III-B CRISPR module-associated Cmr3 family protein']
    Key: protein_id, Value: ['WP_279314161.1']
    Key: source, Value: ['Protein Homology']
    Key: transl_table, Value: ['11']

GF(type III-B CRISPR module-associated Cmr3 family protein, 6392-7595 (1))
type: CDS
location: [2430059:2430986](+)
id: cds-WP_279314162.1
qualifiers:
    Key: Dbxref, Value: ['GenBank:WP_279314162.1']
    Key: ID, Value: ['cds-WP_279314162.1']
    Key: Name, Value: ['WP_279314162.1']
    Key: Ontology_term, Value: ['GO:0043571', 'GO:0003674']
    Key: Parent, Value: ['gene-AncyloWKF20_RS11270']
    Key: gbkey, Value: ['CDS']
    Key: gene, Value: ['cmr4']
    Key: go_function, Value: ['molecular_function|0003674||IEA']
    Key: go_process, Value: ['maintenance of CRISPR repeat elements|0043571||IEA']
    Key: inference, Value: ['COORDINATES: protein motif:HMM:TIGR02580.1']
    Key: locus_tag, Value: ['AncyloWKF20_RS11270']
    Key: phase, Value: ['0']
    Key: product, Value: ['type III-B CRISPR module RAMP protein Cmr4']
    Key: protein_id, Value: ['WP_279314162.1']
    Key: source, Value: ['Protein Homology']
    Key: transl_table, Value: ['11']

GF(type III-B CRISPR module RAMP protein Cmr4, 7598-8525 (1))
type: CDS
location: [2430982:2431396](+)
id: cds-WP_279314163.1
qualifiers:
    Key: Dbxref, Value: ['GenBank:WP_279314163.1']
    Key: ID, Value: ['cds-WP_279314163.1']
    Key: Name, Value: ['WP_279314163.1']
    Key: Parent, Value: ['gene-AncyloWKF20_RS11275']
    Key: gbkey, Value: ['CDS']
    Key: inference, Value: ['COORDINATES: ab initio prediction:GeneMarkS-2+']
    Key: locus_tag, Value: ['AncyloWKF20_RS11275']
    Key: phase, Value: ['0']
    Key: product, Value: ['hypothetical protein']
    Key: protein_id, Value: ['WP_279314163.1']
    Key: source, Value: ['GeneMarkS-2+']
    Key: transl_table, Value: ['11']

GF(None, 8521-8935 (1))
type: CDS
location: [2431382:2432342](+)
id: cds-WP_279314164.1
qualifiers:
    Key: Dbxref, Value: ['GenBank:WP_279314164.1']
    Key: ID, Value: ['cds-WP_279314164.1']
    Key: Name, Value: ['WP_279314164.1']
    Key: Ontology_term, Value: ['GO:0043571', 'GO:0003674']
    Key: Parent, Value: ['gene-AncyloWKF20_RS11280']
    Key: gbkey, Value: ['CDS']
    Key: gene, Value: ['cmr6']
    Key: go_function, Value: ['molecular_function|0003674||IEA']
    Key: go_process, Value: ['maintenance of CRISPR repeat elements|0043571||IEA']
    Key: inference, Value: ['COORDINATES: protein motif:HMM:NF015728.2']
    Key: locus_tag, Value: ['AncyloWKF20_RS11280']
    Key: phase, Value: ['0']
    Key: product, Value: ['type III-B CRISPR module RAMP protein Cmr6']
    Key: protein_id, Value: ['WP_279314164.1']
    Key: source, Value: ['Protein Homology']
    Key: transl_table, Value: ['11']

GF(type III-B CRISPR module RAMP protein Cmr6, 8921-9881 (1))
type: CDS
location: [2432296:2433322](-)
id: cds-WP_279314165.1
qualifiers:
    Key: Dbxref, Value: ['GenBank:WP_279314165.1']
    Key: ID, Value: ['cds-WP_279314165.1']
    Key: Name, Value: ['WP_279314165.1']
    Key: Parent, Value: ['gene-AncyloWKF20_RS11285']
    Key: gbkey, Value: ['CDS']
    Key: inference, Value: ['COORDINATES: ab initio prediction:GeneMarkS-2+']
    Key: locus_tag, Value: ['AncyloWKF20_RS11285']
    Key: phase, Value: ['0']
    Key: product, Value: ['hypothetical protein']
    Key: protein_id, Value: ['WP_279314165.1']
    Key: source, Value: ['GeneMarkS-2+']
    Key: transl_table, Value: ['11']

GF(None, 9835-10861 (-1))
type: CDS
location: [2433955:2436019](+)
id: cds-WP_279314166.1
qualifiers:
    Key: Dbxref, Value: ['GenBank:WP_279314166.1']
    Key: ID, Value: ['cds-WP_279314166.1']
    Key: Name, Value: ['WP_279314166.1']
    Key: Ontology_term, Value: ['GO:0043571', 'GO:0004520', 'GO:0046872']
    Key: Parent, Value: ['gene-AncyloWKF20_RS11290']
    Key: gbkey, Value: ['CDS']
    Key: gene, Value: ['cas1']
    Key: go_function, Value: ['endodeoxyribonuclease activity|0004520||IEA', 'metal ion binding|0046872||IEA']
    Key: go_process, Value: ['maintenance of CRISPR repeat elements|0043571||IEA']
    Key: inference, Value: ['COORDINATES: protein motif:HMM:TIGR00287.1']
    Key: locus_tag, Value: ['AncyloWKF20_RS11290']
    Key: phase, Value: ['0']
    Key: product, Value: ['CRISPR-associated endonuclease Cas1']
    Key: protein_id, Value: ['WP_279314166.1']
    Key: source, Value: ['Protein Homology']
    Key: transl_table, Value: ['11']

GF(CRISPR-associated endonuclease Cas1, 11494-13558 (1))
type: CDS
location: [2436021:2436306](+)
id: cds-WP_279314167.1
qualifiers:
    Key: Dbxref, Value: ['GenBank:WP_279314167.1']
    Key: ID, Value: ['cds-WP_279314167.1']
    Key: Name, Value: ['WP_279314167.1']
    Key: Ontology_term, Value: ['GO:0043571', 'GO:0004521']
    Key: Parent, Value: ['gene-AncyloWKF20_RS11295']
    Key: gbkey, Value: ['CDS']
    Key: gene, Value: ['cas2']
    Key: go_function, Value: ['endoribonuclease activity|0004521||IEA']
    Key: go_process, Value: ['maintenance of CRISPR repeat elements|0043571||IEA']
    Key: inference, Value: ['COORDINATES: protein motif:HMM:NF021356.2']
    Key: locus_tag, Value: ['AncyloWKF20_RS11295']
    Key: phase, Value: ['0']
    Key: product, Value: ['CRISPR-associated endonuclease Cas2']
    Key: protein_id, Value: ['WP_279314167.1']
    Key: source, Value: ['Protein Homology']
    Key: transl_table, Value: ['11']

GF(CRISPR-associated endonuclease Cas2, 13560-13845 (1))
type: CDS
location: [2436259:2437192](+)
id: cds-WP_279314168.1
qualifiers:
    Key: Dbxref, Value: ['GenBank:WP_279314168.1']
    Key: ID, Value: ['cds-WP_279314168.1']
    Key: Name, Value: ['WP_279314168.1']
    Key: Parent, Value: ['gene-AncyloWKF20_RS11300']
    Key: gbkey, Value: ['CDS']
    Key: inference, Value: ['COORDINATES: ab initio prediction:GeneMarkS-2+']
    Key: locus_tag, Value: ['AncyloWKF20_RS11300']
    Key: phase, Value: ['0']
    Key: product, Value: ['hypothetical protein']
    Key: protein_id, Value: ['WP_279314168.1']
    Key: source, Value: ['GeneMarkS-2+']
    Key: transl_table, Value: ['11']

GF(None, 13798-14731 (1))
type: CDS
location: [2437310:2438276](+)
id: cds-WP_279314169.1
qualifiers:
    Key: Dbxref, Value: ['GenBank:WP_279314169.1']
    Key: ID, Value: ['cds-WP_279314169.1']
    Key: Name, Value: ['WP_279314169.1']
    Key: Parent, Value: ['gene-AncyloWKF20_RS11305']
    Key: gbkey, Value: ['CDS']
    Key: inference, Value: ['COORDINATES: similar to AA sequence:RefSeq:WP_018389670.1']
    Key: locus_tag, Value: ['AncyloWKF20_RS11305']
    Key: phase, Value: ['0']
    Key: product, Value: ['aldo/keto reductase']
    Key: protein_id, Value: ['WP_279314169.1']
    Key: source, Value: ['Protein Homology']
    Key: transl_table, Value: ['11']

GF(aldo/keto reductase, 14849-15815 (1))
type: CDS
location: [2438272:2439985](+)
id: cds-WP_279314170.1
qualifiers:
    Key: Dbxref, Value: ['GenBank:WP_279314170.1']
    Key: ID, Value: ['cds-WP_279314170.1']
    Key: Name, Value: ['WP_279314170.1']
    Key: Ontology_term, Value: ['GO:0006168', 'GO:0000034']
    Key: Parent, Value: ['gene-AncyloWKF20_RS11310']
    Key: gbkey, Value: ['CDS']
    Key: gene, Value: ['ade']
    Key: go_function, Value: ['adenine deaminase activity|0000034||IEA']
    Key: go_process, Value: ['adenine salvage|0006168||IEA']
    Key: inference, Value: ['COORDINATES: similar to AA sequence:RefSeq:WP_013165317.1']
    Key: locus_tag, Value: ['AncyloWKF20_RS11310']
    Key: phase, Value: ['0']
    Key: product, Value: ['adenine deaminase']
    Key: protein_id, Value: ['WP_279314170.1']
    Key: source, Value: ['Protein Homology']
    Key: transl_table, Value: ['11']

GF(adenine deaminase, 15811-17524 (1))
type: CDS
location: [2439989:2440775](-)
id: cds-WP_279314171.1
qualifiers:
    Key: Dbxref, Value: ['GenBank:WP_279314171.1']
    Key: ID, Value: ['cds-WP_279314171.1']
    Key: Name, Value: ['WP_279314171.1']
    Key: Ontology_term, Value: ['GO:0006355', 'GO:0003700']
    Key: Parent, Value: ['gene-AncyloWKF20_RS11315']
    Key: gbkey, Value: ['CDS']
    Key: go_function, Value: ['DNA-binding transcription factor activity|0003700||IEA']
    Key: go_process, Value: ['regulation of DNA-templated transcription|0006355||IEA']
    Key: inference, Value: ['COORDINATES: similar to AA sequence:RefSeq:WP_018389669.1']
    Key: locus_tag, Value: ['AncyloWKF20_RS11315']
    Key: phase, Value: ['0']
    Key: product, Value: ['DeoR family transcriptional regulator']
    Key: protein_id, Value: ['WP_279314171.1']
    Key: source, Value: ['Protein Homology']
    Key: transl_table, Value: ['11']

GF(DeoR family transcriptional regulator, 17528-18314 (-1))
type: repeat_region
location: [2424343:2424926](+)
id: NZ_CP121679.1_1
qualifiers:
    Key: Dbxref, Value: ['SO:0001459']
    Key: ID, Value: ['NZ_CP121679.1_1']
    Key: Note, Value: ['GTTTGCAGCGCCTCCGCGCGCCCTAGCGCTTAGAAAC']
    Key: Ontology_term, Value: ['CRISPR']
    Key: score, Value: ['583']
    Key: source, Value: ['CCTyper']

GF(Repeat region, 1882-2465 (0))
type: repeat_region
location: [2433551:2433858](+)
id: NZ_CP121679.1_2
qualifiers:
    Key: Dbxref, Value: ['SO:0001459']
    Key: ID, Value: ['NZ_CP121679.1_2']
    Key: Note, Value: ['GTTTCTAAGCGCTCGGGCGCGCTGAGGTGCGCCTAAC']
    Key: Ontology_term, Value: ['CRISPR']
    Key: score, Value: ['307']
    Key: source, Value: ['CCTyper']

GF(Repeat region, 11090-11397 (0))
graphic feature from cctyper protein table: GF(Cas10, 4000-6396 (1))
graphic feature from cctyper protein table: GF(Cmr3gr5, 6393-7595 (1))
graphic feature from cctyper protein table: GF(Cmr4gr7, 7599-8525 (1))
graphic feature from cctyper protein table: GF(Cmr6gr7, 8922-9881 (1))
graphic feature from cctyper protein table: GF(CasR, 9836-10861 (-1))
graphic feature from cctyper protein table: GF(RT, 11495-13558 (1))
graphic feature from cctyper protein table: GF(Cas2, 13561-13845 (1))
graphic feature from cctyper protein table: GF(Cas6, 13799-14731 (1))
Index(['protein_id', 'start', 'end', 'effector', 'locus', 'sample', 'strand',
       'sequence', 'type'],
      dtype='object')
graphic feature from known effectors: GF(csx1, 170-1732 (-1))
graphic feature from known effectors: GF(cam1, 9836-10861 (-1))
Index(['protein_id', 'start', 'end', 'effector', 'locus', 'sample', 'strand',
       'sequence', 'type'],
      dtype='object')
graphic feature from ring nucleases: GF(csx16, 170-1732 (-1))
[GF(CRISPR-associated protein Csx16, 169-1732 (-1)), GF(None, 2752-4003 (1)), GF(type III-B CRISPR-associated protein Cas10/Cmr2, 3999-6396 (1)), GF(type III-B CRISPR module-associated Cmr3 family protein, 6392-7595 (1)), GF(type III-B CRISPR module RAMP protein Cmr4, 7598-8525 (1)), GF(None, 8521-8935 (1)), GF(type III-B CRISPR module RAMP protein Cmr6, 8921-9881 (1)), GF(None, 9835-10861 (-1)), GF(CRISPR-associated endonuclease Cas1, 11494-13558 (1)), GF(CRISPR-associated endonuclease Cas2, 13560-13845 (1)), GF(None, 13798-14731 (1)), GF(aldo/keto reductase, 14849-15815 (1)), GF(adenine deaminase, 15811-17524 (1)), GF(DeoR family transcriptional regulator, 17528-18314 (-1)), GF(Repeat region, 1882-2465 (0)), GF(Repeat region, 11090-11397 (0)), GF(Cas10, 4000-6396 (1)), GF(Cmr3gr5, 6393-7595 (1)), GF(Cmr4gr7, 7599-8525 (1)), GF(Cmr6gr7, 8922-9881 (1)), GF(CasR, 9836-10861 (-1)), GF(RT, 11495-13558 (1)), GF(Cas2, 13561-13845 (1)), GF(Cas6, 13799-14731 (1)), GF(csx1, 170-1732 (-1)), GF(cam1, 9836-10861 (-1)), GF(csx16, 170-1732 (-1)), GF(CRISPR-Cas locus, 4000-14731 (0))]
