Cas operons file:    Unnamed: 0         Contig  ...           locus_id           sample
0           1  NZ_CP110854.1  ...  GCF_027594745.1_1  GCF_027594745.1

[1 rows x 19 columns]
The chosen contig: NZ_CP110854.1
type: CDS
location: [415834:417385](-)
id: cds-WP_270099565.1
qualifiers:
    Key: Dbxref, Value: ['GenBank:WP_270099565.1']
    Key: ID, Value: ['cds-WP_270099565.1']
    Key: Name, Value: ['WP_270099565.1']
    Key: Parent, Value: ['gene-OP864_RS01600']
    Key: gbkey, Value: ['CDS']
    Key: inference, Value: ['COORDINATES: protein motif:HMM:NF021006.2']
    Key: locus_tag, Value: ['OP864_RS01600']
    Key: phase, Value: ['0']
    Key: product, Value: ['TM1812 family CRISPR-associated protein']
    Key: protein_id, Value: ['WP_270099565.1']
    Key: source, Value: ['Protein Homology']
    Key: transl_table, Value: ['11']

GF(TM1812 family CRISPR-associated protein, 3999-5550 (-1))
type: CDS
location: [417388:417907](-)
id: cds-WP_270099566.1
qualifiers:
    Key: Dbxref, Value: ['GenBank:WP_270099566.1']
    Key: ID, Value: ['cds-WP_270099566.1']
    Key: Name, Value: ['WP_270099566.1']
    Key: Parent, Value: ['gene-OP864_RS01605']
    Key: gbkey, Value: ['CDS']
    Key: inference, Value: ['COORDINATES: ab initio prediction:GeneMarkS-2+']
    Key: locus_tag, Value: ['OP864_RS01605']
    Key: phase, Value: ['0']
    Key: product, Value: ['hypothetical protein']
    Key: protein_id, Value: ['WP_270099566.1']
    Key: source, Value: ['GeneMarkS-2+']
    Key: transl_table, Value: ['11']

GF(None, 5553-6072 (-1))
type: CDS
location: [417957:420270](-)
id: cds-WP_270099567.1
qualifiers:
    Key: Dbxref, Value: ['GenBank:WP_270099567.1']
    Key: ID, Value: ['cds-WP_270099567.1']
    Key: Name, Value: ['WP_270099567.1']
    Key: Parent, Value: ['gene-OP864_RS01610']
    Key: gbkey, Value: ['CDS']
    Key: inference, Value: ['COORDINATES: protein motif:HMM:TIGR03986.1']
    Key: locus_tag, Value: ['OP864_RS01610']
    Key: phase, Value: ['0']
    Key: product, Value: ['TIGR03986 family CRISPR-associated RAMP protein']
    Key: protein_id, Value: ['WP_270099567.1']
    Key: source, Value: ['Protein Homology']
    Key: transl_table, Value: ['11']

GF(TIGR03986 family CRISPR-associated RAMP protein, 6122-8435 (-1))
type: CDS
location: [420271:420841](-)
id: cds-WP_270099568.1
qualifiers:
    Key: Dbxref, Value: ['GenBank:WP_270099568.1']
    Key: ID, Value: ['cds-WP_270099568.1']
    Key: Name, Value: ['WP_270099568.1']
    Key: Parent, Value: ['gene-OP864_RS01615']
    Key: gbkey, Value: ['CDS']
    Key: inference, Value: ['COORDINATES: protein motif:HMM:TIGR04423.1']
    Key: locus_tag, Value: ['OP864_RS01615']
    Key: phase, Value: ['0']
    Key: product, Value: ['TIGR04423 family type III CRISPR-associated protein']
    Key: protein_id, Value: ['WP_270099568.1']
    Key: source, Value: ['Protein Homology']
    Key: transl_table, Value: ['11']

GF(TIGR04423 family type III CRISPR-associated protein, 8436-9006 (-1))
type: CDS
location: [421022:422594](-)
id: cds-WP_270099569.1
qualifiers:
    Key: Dbxref, Value: ['GenBank:WP_270099569.1']
    Key: ID, Value: ['cds-WP_270099569.1']
    Key: Name, Value: ['WP_270099569.1']
    Key: Parent, Value: ['gene-OP864_RS01620']
    Key: gbkey, Value: ['CDS']
    Key: inference, Value: ['COORDINATES: protein motif:HMM:NF015728.2']
    Key: locus_tag, Value: ['OP864_RS01620']
    Key: phase, Value: ['0']
    Key: product, Value: ['RAMP superfamily CRISPR-associated protein']
    Key: protein_id, Value: ['WP_270099569.1']
    Key: source, Value: ['Protein Homology']
    Key: transl_table, Value: ['11']

GF(RAMP superfamily CRISPR-associated protein, 9187-10759 (-1))
type: CDS
location: [422675:424271](-)
id: cds-WP_270099570.1
qualifiers:
    Key: Dbxref, Value: ['GenBank:WP_270099570.1']
    Key: ID, Value: ['cds-WP_270099570.1']
    Key: Name, Value: ['WP_270099570.1']
    Key: Parent, Value: ['gene-OP864_RS01625']
    Key: gbkey, Value: ['CDS']
    Key: inference, Value: ['COORDINATES: ab initio prediction:GeneMarkS-2+']
    Key: locus_tag, Value: ['OP864_RS01625']
    Key: phase, Value: ['0']
    Key: product, Value: ['hypothetical protein']
    Key: protein_id, Value: ['WP_270099570.1']
    Key: source, Value: ['GeneMarkS-2+']
    Key: transl_table, Value: ['11']

GF(None, 10840-12436 (-1))
type: CDS
location: [424272:424953](-)
id: cds-WP_270099571.1
qualifiers:
    Key: Dbxref, Value: ['GenBank:WP_270099571.1']
    Key: ID, Value: ['cds-WP_270099571.1']
    Key: Name, Value: ['WP_270099571.1']
    Key: Parent, Value: ['gene-OP864_RS01630']
    Key: gbkey, Value: ['CDS']
    Key: inference, Value: ['COORDINATES: protein motif:HMM:NF015728.2']
    Key: locus_tag, Value: ['OP864_RS01630']
    Key: phase, Value: ['0']
    Key: product, Value: ['RAMP superfamily CRISPR-associated protein']
    Key: protein_id, Value: ['WP_270099571.1']
    Key: source, Value: ['Protein Homology']
    Key: transl_table, Value: ['11']

GF(RAMP superfamily CRISPR-associated protein, 12437-13118 (-1))
type: CDS
location: [424961:426485](-)
id: cds-WP_270099572.1
qualifiers:
    Key: Dbxref, Value: ['GenBank:WP_270099572.1']
    Key: ID, Value: ['cds-WP_270099572.1']
    Key: Name, Value: ['WP_270099572.1']
    Key: Parent, Value: ['gene-OP864_RS01635']
    Key: gbkey, Value: ['CDS']
    Key: inference, Value: ['COORDINATES: ab initio prediction:GeneMarkS-2+']
    Key: locus_tag, Value: ['OP864_RS01635']
    Key: phase, Value: ['0']
    Key: product, Value: ['hypothetical protein']
    Key: protein_id, Value: ['WP_270099572.1']
    Key: source, Value: ['GeneMarkS-2+']
    Key: transl_table, Value: ['11']

GF(None, 13126-14650 (-1))
type: CDS
location: [426489:427245](-)
id: cds-WP_270099573.1
qualifiers:
    Key: Dbxref, Value: ['GenBank:WP_270099573.1']
    Key: ID, Value: ['cds-WP_270099573.1']
    Key: Name, Value: ['WP_270099573.1']
    Key: Ontology_term, Value: ['GO:0008150', 'GO:0003674', 'GO:0005575']
    Key: Parent, Value: ['gene-OP864_RS01640']
    Key: gbkey, Value: ['CDS']
    Key: go_component, Value: ['cellular_component|0005575||IEA']
    Key: go_function, Value: ['molecular_function|0003674||IEA']
    Key: go_process, Value: ['biological_process|0008150||IEA']
    Key: inference, Value: ['COORDINATES: protein motif:HMM:TIGR02646.1']
    Key: locus_tag, Value: ['OP864_RS01640']
    Key: phase, Value: ['0']
    Key: product, Value: ['retron system putative HNH endonuclease']
    Key: protein_id, Value: ['WP_270099573.1']
    Key: source, Value: ['Protein Homology']
    Key: transl_table, Value: ['11']

GF(retron system putative HNH endonuclease, 14654-15410 (-1))
type: CDS
location: [427246:429586](-)
id: cds-WP_270099574.1
qualifiers:
    Key: Dbxref, Value: ['GenBank:WP_270099574.1']
    Key: ID, Value: ['cds-WP_270099574.1']
    Key: Name, Value: ['WP_270099574.1']
    Key: Parent, Value: ['gene-OP864_RS01645']
    Key: gbkey, Value: ['CDS']
    Key: inference, Value: ['COORDINATES: protein motif:HMM:NF024573.2']
    Key: locus_tag, Value: ['OP864_RS01645']
    Key: phase, Value: ['0']
    Key: product, Value: ['AAA family ATPase']
    Key: protein_id, Value: ['WP_270099574.1']
    Key: source, Value: ['Protein Homology']
    Key: transl_table, Value: ['11']

GF(AAA family ATPase, 15411-17751 (-1))
graphic feature from cctyper protein table: GF(Csx1, 4000-5550 (-1))
graphic feature from cctyper protein table: GF(Csm3gr7, 6123-8435 (-1))
graphic feature from cctyper protein table: GF(Csx19, 8437-9006 (-1))
graphic feature from cctyper protein table: GF(Csm3gr7, 9188-10759 (-1))
graphic feature from cctyper protein table: GF(Csx10gr5, 10841-12436 (-1))
graphic feature from cctyper protein table: GF(Csm3gr7, 12438-13118 (-1))
graphic feature from cctyper protein table: GF(Cas10, 13127-14650 (-1))
Index(['protein_id', 'start', 'end', 'effector', 'locus', 'sample', 'strand',
       'sequence', 'type'],
      dtype='object')
graphic feature from known effectors: GF(csx1, 4000-5550 (-1))
Index(['protein_id', 'start', 'end', 'effector', 'locus', 'sample', 'strand',
       'sequence'],
      dtype='object')
[GF(TM1812 family CRISPR-associated protein, 3999-5550 (-1)), GF(None, 5553-6072 (-1)), GF(TIGR03986 family CRISPR-associated RAMP protein, 6122-8435 (-1)), GF(TIGR04423 family type III CRISPR-associated protein, 8436-9006 (-1)), GF(RAMP superfamily CRISPR-associated protein, 9187-10759 (-1)), GF(None, 10840-12436 (-1)), GF(RAMP superfamily CRISPR-associated protein, 12437-13118 (-1)), GF(None, 13126-14650 (-1)), GF(retron system putative HNH endonuclease, 14654-15410 (-1)), GF(AAA family ATPase, 15411-17751 (-1)), GF(Csx1, 4000-5550 (-1)), GF(Csm3gr7, 6123-8435 (-1)), GF(Csx19, 8437-9006 (-1)), GF(Csm3gr7, 9188-10759 (-1)), GF(Csx10gr5, 10841-12436 (-1)), GF(Csm3gr7, 12438-13118 (-1)), GF(Cas10, 13127-14650 (-1)), GF(csx1, 4000-5550 (-1)), GF(CRISPR-Cas locus, 4000-14650 (0))]
