Cas operons file:    Unnamed: 0         Contig  ...           locus_id           sample
0           0  NZ_CP139957.1  ...  GCF_034343125.1_0  GCF_034343125.1

[1 rows x 19 columns]
The chosen contig: NZ_CP139957.1
type: CDS
location: [2718442:2719630](-)
id: cds-WP_045173299.1
qualifiers:
    Key: Dbxref, Value: ['GenBank:WP_045173299.1']
    Key: ID, Value: ['cds-WP_045173299.1']
    Key: Name, Value: ['WP_045173299.1']
    Key: Ontology_term, Value: ['GO:0043571', 'GO:0003674']
    Key: Parent, Value: ['gene-SOJ16_RS13320']
    Key: gbkey, Value: ['CDS']
    Key: gene, Value: ['csm5']
    Key: go_function, Value: ['molecular_function|0003674||IEA']
    Key: go_process, Value: ['maintenance of CRISPR repeat elements|0043571||IEA']
    Key: inference, Value: ['COORDINATES: similar to AA sequence:RefSeq:WP_015908999.1']
    Key: locus_tag, Value: ['SOJ16_RS13320']
    Key: phase, Value: ['0']
    Key: product, Value: ['type III-A CRISPR-associated RAMP protein Csm5']
    Key: protein_id, Value: ['WP_045173299.1']
    Key: source, Value: ['Protein Homology']
    Key: transl_table, Value: ['11']

GF(type III-A CRISPR-associated RAMP protein Csm5, 3999-5187 (-1))
type: CDS
location: [2719619:2720624](-)
id: cds-WP_045173300.1
qualifiers:
    Key: Dbxref, Value: ['GenBank:WP_045173300.1']
    Key: ID, Value: ['cds-WP_045173300.1']
    Key: Name, Value: ['WP_045173300.1']
    Key: Ontology_term, Value: ['GO:0043571', 'GO:0003674']
    Key: Parent, Value: ['gene-SOJ16_RS13325']
    Key: gbkey, Value: ['CDS']
    Key: gene, Value: ['csm4']
    Key: go_function, Value: ['molecular_function|0003674||IEA']
    Key: go_process, Value: ['maintenance of CRISPR repeat elements|0043571||IEA']
    Key: inference, Value: ['COORDINATES: similar to AA sequence:RefSeq:WP_013404383.1']
    Key: locus_tag, Value: ['SOJ16_RS13325']
    Key: phase, Value: ['0']
    Key: product, Value: ['type III-A CRISPR-associated RAMP protein Csm4']
    Key: protein_id, Value: ['WP_045173300.1']
    Key: source, Value: ['Protein Homology']
    Key: transl_table, Value: ['11']

GF(type III-A CRISPR-associated RAMP protein Csm4, 5176-6181 (-1))
type: CDS
location: [2720652:2721474](-)
id: cds-WP_045173301.1
qualifiers:
    Key: Dbxref, Value: ['GenBank:WP_045173301.1']
    Key: ID, Value: ['cds-WP_045173301.1']
    Key: Name, Value: ['WP_045173301.1']
    Key: Ontology_term, Value: ['GO:0043571', 'GO:0003674']
    Key: Parent, Value: ['gene-SOJ16_RS13330']
    Key: gbkey, Value: ['CDS']
    Key: gene, Value: ['csm3']
    Key: go_function, Value: ['molecular_function|0003674||IEA']
    Key: go_process, Value: ['maintenance of CRISPR repeat elements|0043571||IEA']
    Key: inference, Value: ['COORDINATES: similar to AA sequence:RefSeq:WP_013431392.1']
    Key: locus_tag, Value: ['SOJ16_RS13330']
    Key: phase, Value: ['0']
    Key: product, Value: ['type III-A CRISPR-associated RAMP protein Csm3']
    Key: protein_id, Value: ['WP_045173301.1']
    Key: source, Value: ['Protein Homology']
    Key: transl_table, Value: ['11']

GF(type III-A CRISPR-associated RAMP protein Csm3, 6209-7031 (-1))
type: CDS
location: [2721498:2721957](-)
id: cds-WP_045173302.1
qualifiers:
    Key: Dbxref, Value: ['GenBank:WP_045173302.1']
    Key: ID, Value: ['cds-WP_045173302.1']
    Key: Name, Value: ['WP_045173302.1']
    Key: Ontology_term, Value: ['GO:0043571', 'GO:0003674']
    Key: Parent, Value: ['gene-SOJ16_RS13335']
    Key: gbkey, Value: ['CDS']
    Key: gene, Value: ['csm2']
    Key: go_function, Value: ['molecular_function|0003674||IEA']
    Key: go_process, Value: ['maintenance of CRISPR repeat elements|0043571||IEA']
    Key: inference, Value: ['COORDINATES: protein motif:HMM:NF015695.4']
    Key: locus_tag, Value: ['SOJ16_RS13335']
    Key: phase, Value: ['0']
    Key: product, Value: ['type III-A CRISPR-associated protein Csm2']
    Key: protein_id, Value: ['WP_045173302.1']
    Key: source, Value: ['Protein Homology']
    Key: transl_table, Value: ['11']

GF(type III-A CRISPR-associated protein Csm2, 7055-7514 (-1))
type: CDS
location: [2721991:2724460](-)
id: cds-WP_045173303.1
qualifiers:
    Key: Dbxref, Value: ['GenBank:WP_045173303.1']
    Key: ID, Value: ['cds-WP_045173303.1']
    Key: Name, Value: ['WP_045173303.1']
    Key: Ontology_term, Value: ['GO:0043571', 'GO:0003674']
    Key: Parent, Value: ['gene-SOJ16_RS13340']
    Key: gbkey, Value: ['CDS']
    Key: gene, Value: ['cas10']
    Key: go_function, Value: ['molecular_function|0003674||IEA']
    Key: go_process, Value: ['maintenance of CRISPR repeat elements|0043571||IEA']
    Key: inference, Value: ['COORDINATES: similar to AA sequence:RefSeq:WP_011915692.1']
    Key: locus_tag, Value: ['SOJ16_RS13340']
    Key: phase, Value: ['0']
    Key: product, Value: ['type III-A CRISPR-associated protein Cas10/Csm1']
    Key: protein_id, Value: ['WP_045173303.1']
    Key: source, Value: ['Protein Homology']
    Key: transl_table, Value: ['11']

GF(type III-A CRISPR-associated protein Cas10/Csm1, 7548-10017 (-1))
type: CDS
location: [2724814:2726122](-)
id: cds-WP_045173306.1
qualifiers:
    Key: Dbxref, Value: ['GenBank:WP_045173306.1']
    Key: ID, Value: ['cds-WP_045173306.1']
    Key: Name, Value: ['WP_045173306.1']
    Key: Ontology_term, Value: ['GO:0043571', 'GO:0003674']
    Key: Parent, Value: ['gene-SOJ16_RS13345']
    Key: gbkey, Value: ['CDS']
    Key: gene, Value: ['csx2']
    Key: go_function, Value: ['molecular_function|0003674||IEA']
    Key: go_process, Value: ['maintenance of CRISPR repeat elements|0043571||IEA']
    Key: inference, Value: ['COORDINATES: similar to AA sequence:RefSeq:WP_013291495.1']
    Key: locus_tag, Value: ['SOJ16_RS13345']
    Key: phase, Value: ['0']
    Key: product, Value: ['TIGR02221 family CRISPR-associated protein']
    Key: protein_id, Value: ['WP_045173306.1']
    Key: source, Value: ['Protein Homology']
    Key: transl_table, Value: ['11']

GF(TIGR02221 family CRISPR-associated protein, 10371-11679 (-1))
type: CDS
location: [2726480:2726675](+)
id: cds-WP_045173307.1
qualifiers:
    Key: Dbxref, Value: ['GenBank:WP_045173307.1']
    Key: ID, Value: ['cds-WP_045173307.1']
    Key: Name, Value: ['WP_045173307.1']
    Key: Parent, Value: ['gene-SOJ16_RS13350']
    Key: gbkey, Value: ['CDS']
    Key: inference, Value: ['COORDINATES: similar to AA sequence:RefSeq:WP_018036095.1']
    Key: locus_tag, Value: ['SOJ16_RS13350']
    Key: phase, Value: ['0']
    Key: product, Value: ['hypothetical protein']
    Key: protein_id, Value: ['WP_045173307.1']
    Key: source, Value: ['Protein Homology']
    Key: transl_table, Value: ['11']

GF(None, 12037-12232 (1))
type: CDS
location: [2726685:2727291](-)
id: cds-WP_045173309.1
qualifiers:
    Key: Dbxref, Value: ['GenBank:WP_045173309.1']
    Key: ID, Value: ['cds-WP_045173309.1']
    Key: Name, Value: ['WP_045173309.1']
    Key: Parent, Value: ['gene-SOJ16_RS13355']
    Key: gbkey, Value: ['CDS']
    Key: inference, Value: ['COORDINATES: similar to AA sequence:RefSeq:WP_013291496.1']
    Key: locus_tag, Value: ['SOJ16_RS13355']
    Key: phase, Value: ['0']
    Key: product, Value: ['hypothetical protein']
    Key: protein_id, Value: ['WP_045173309.1']
    Key: source, Value: ['Protein Homology']
    Key: transl_table, Value: ['11']

GF(None, 12242-12848 (-1))
type: CDS
location: [2727322:2727517](-)
id: cds-WP_235375124.1
qualifiers:
    Key: Dbxref, Value: ['GenBank:WP_235375124.1']
    Key: ID, Value: ['cds-WP_235375124.1']
    Key: Name, Value: ['WP_235375124.1']
    Key: Parent, Value: ['gene-SOJ16_RS13360']
    Key: gbkey, Value: ['CDS']
    Key: inference, Value: ['COORDINATES: ab initio prediction:GeneMarkS-2+']
    Key: locus_tag, Value: ['SOJ16_RS13360']
    Key: phase, Value: ['0']
    Key: product, Value: ['hypothetical protein']
    Key: protein_id, Value: ['WP_235375124.1']
    Key: source, Value: ['GeneMarkS-2+']
    Key: transl_table, Value: ['11']

GF(None, 12879-13074 (-1))
type: CDS
location: [2727536:2727980](-)
id: cds-WP_235375125.1
qualifiers:
    Key: Dbxref, Value: ['GenBank:WP_235375125.1']
    Key: ID, Value: ['cds-WP_235375125.1']
    Key: Name, Value: ['WP_235375125.1']
    Key: Parent, Value: ['gene-SOJ16_RS13365']
    Key: gbkey, Value: ['CDS']
    Key: inference, Value: ['COORDINATES: ab initio prediction:GeneMarkS-2+']
    Key: locus_tag, Value: ['SOJ16_RS13365']
    Key: phase, Value: ['0']
    Key: product, Value: ['hypothetical protein']
    Key: protein_id, Value: ['WP_235375125.1']
    Key: source, Value: ['GeneMarkS-2+']
    Key: transl_table, Value: ['11']

GF(None, 13093-13537 (-1))
type: CDS
location: [2727940:2728366](-)
id: cds-WP_235375126.1
qualifiers:
    Key: Dbxref, Value: ['GenBank:WP_235375126.1']
    Key: ID, Value: ['cds-WP_235375126.1']
    Key: Name, Value: ['WP_235375126.1']
    Key: Parent, Value: ['gene-SOJ16_RS13370']
    Key: gbkey, Value: ['CDS']
    Key: inference, Value: ['COORDINATES: ab initio prediction:GeneMarkS-2+']
    Key: locus_tag, Value: ['SOJ16_RS13370']
    Key: phase, Value: ['0']
    Key: product, Value: ['TM1812 family CRISPR-associated protein']
    Key: protein_id, Value: ['WP_235375126.1']
    Key: source, Value: ['GeneMarkS-2+']
    Key: transl_table, Value: ['11']

GF(TM1812 family CRISPR-associated protein, 13497-13923 (-1))
type: CDS
location: [2728391:2728643](-)
id: cds-WP_045173310.1
qualifiers:
    Key: Dbxref, Value: ['GenBank:WP_045173310.1']
    Key: ID, Value: ['cds-WP_045173310.1']
    Key: Name, Value: ['WP_045173310.1']
    Key: Parent, Value: ['gene-SOJ16_RS13375']
    Key: gbkey, Value: ['CDS']
    Key: inference, Value: ['COORDINATES: ab initio prediction:GeneMarkS-2+']
    Key: locus_tag, Value: ['SOJ16_RS13375']
    Key: phase, Value: ['0']
    Key: product, Value: ['hypothetical protein']
    Key: protein_id, Value: ['WP_045173310.1']
    Key: source, Value: ['GeneMarkS-2+']
    Key: transl_table, Value: ['11']

GF(None, 13948-14200 (-1))
type: CDS
location: [2728711:2729809](-)
id: cds-WP_045173311.1
qualifiers:
    Key: Dbxref, Value: ['GenBank:WP_045173311.1']
    Key: ID, Value: ['cds-WP_045173311.1']
    Key: Name, Value: ['WP_045173311.1']
    Key: Parent, Value: ['gene-SOJ16_RS13380']
    Key: gbkey, Value: ['CDS']
    Key: inference, Value: ['COORDINATES: similar to AA sequence:RefSeq:WP_013431379.1']
    Key: locus_tag, Value: ['SOJ16_RS13380']
    Key: phase, Value: ['0']
    Key: product, Value: ['DUF1848 domain-containing protein']
    Key: protein_id, Value: ['WP_045173311.1']
    Key: source, Value: ['Protein Homology']
    Key: transl_table, Value: ['11']

GF(DUF1848 domain-containing protein, 14268-15366 (-1))
type: CDS
location: [2730046:2730442](-)
id: cds-WP_045173312.1
qualifiers:
    Key: Dbxref, Value: ['GenBank:WP_045173312.1']
    Key: ID, Value: ['cds-WP_045173312.1']
    Key: Name, Value: ['WP_045173312.1']
    Key: Parent, Value: ['gene-SOJ16_RS13385']
    Key: gbkey, Value: ['CDS']
    Key: inference, Value: ['COORDINATES: ab initio prediction:GeneMarkS-2+']
    Key: locus_tag, Value: ['SOJ16_RS13385']
    Key: phase, Value: ['0']
    Key: product, Value: ['hypothetical protein']
    Key: protein_id, Value: ['WP_045173312.1']
    Key: source, Value: ['GeneMarkS-2+']
    Key: transl_table, Value: ['11']

GF(None, 15603-15999 (-1))
type: repeat_region
location: [2715280:2718252](+)
id: NZ_CP139957.1_3
qualifiers:
    Key: Dbxref, Value: ['SO:0001459']
    Key: ID, Value: ['NZ_CP139957.1_3']
    Key: Note, Value: ['GTTTGTAGCCTTCCCTTTGGGGATTGAAAC']
    Key: Ontology_term, Value: ['CRISPR']
    Key: score, Value: ['2972']
    Key: source, Value: ['CCTyper']

GF(Repeat region, 837-3809 (0))
graphic feature from cctyper protein table: GF(Csm5, 4000-5187 (-1))
graphic feature from cctyper protein table: GF(Csm4gr5, 5177-6181 (-1))
graphic feature from cctyper protein table: GF(Csm3gr7, 6210-7031 (-1))
graphic feature from cctyper protein table: GF(Csm2gr11, 7056-7514 (-1))
graphic feature from cctyper protein table: GF(Cas10, 7549-10017 (-1))
graphic feature from cctyper protein table: GF(Csx1, 10372-11679 (-1))
graphic feature from cctyper protein table: GF(Cas6, 12243-12848 (-1))
Index(['protein_id', 'start', 'end', 'effector', 'locus', 'sample', 'strand',
       'sequence', 'type'],
      dtype='object')
graphic feature from known effectors: GF(csx1, 10372-11679 (-1))
Index(['protein_id', 'start', 'end', 'effector', 'locus', 'sample', 'strand',
       'sequence'],
      dtype='object')
[GF(type III-A CRISPR-associated RAMP protein Csm5, 3999-5187 (-1)), GF(type III-A CRISPR-associated RAMP protein Csm4, 5176-6181 (-1)), GF(type III-A CRISPR-associated RAMP protein Csm3, 6209-7031 (-1)), GF(type III-A CRISPR-associated protein Csm2, 7055-7514 (-1)), GF(type III-A CRISPR-associated protein Cas10/Csm1, 7548-10017 (-1)), GF(TIGR02221 family CRISPR-associated protein, 10371-11679 (-1)), GF(None, 12037-12232 (1)), GF(None, 12242-12848 (-1)), GF(None, 12879-13074 (-1)), GF(None, 13093-13537 (-1)), GF(TM1812 family CRISPR-associated protein, 13497-13923 (-1)), GF(None, 13948-14200 (-1)), GF(DUF1848 domain-containing protein, 14268-15366 (-1)), GF(None, 15603-15999 (-1)), GF(Repeat region, 837-3809 (0)), GF(Csm5, 4000-5187 (-1)), GF(Csm4gr5, 5177-6181 (-1)), GF(Csm3gr7, 6210-7031 (-1)), GF(Csm2gr11, 7056-7514 (-1)), GF(Cas10, 7549-10017 (-1)), GF(Csx1, 10372-11679 (-1)), GF(Cas6, 12243-12848 (-1)), GF(csx1, 10372-11679 (-1)), GF(CRISPR-Cas locus, 4000-12848 (0))]
