Cas operons file:    Unnamed: 0       Contig  ...           locus_id           sample
0           0  NC_017584.1  ...  GCF_000225955.1_0  GCF_000225955.1

[1 rows x 19 columns]
The chosen contig: NC_017584.1
type: CDS
location: [198221:198455](-)
id: cds-WP_011387926.1
qualifiers:
    Key: Dbxref, Value: ['GenBank:WP_011387926.1']
    Key: ID, Value: ['cds-WP_011387926.1']
    Key: Name, Value: ['WP_011387926.1']
    Key: Parent, Value: ['gene-F11_RS00870']
    Key: gbkey, Value: ['CDS']
    Key: inference, Value: ['COORDINATES: similar to AA sequence:RefSeq:WP_011387926.1']
    Key: locus_tag, Value: ['F11_RS00870']
    Key: phase, Value: ['0']
    Key: product, Value: ['hypothetical protein']
    Key: protein_id, Value: ['WP_011387926.1']
    Key: source, Value: ['Protein Homology']
    Key: transl_table, Value: ['11']

GF(None, 2209-2443 (-1))
type: CDS
location: [200011:200305](-)
id: cds-WP_014625880.1
qualifiers:
    Key: Dbxref, Value: ['GenBank:WP_014625880.1']
    Key: ID, Value: ['cds-WP_014625880.1']
    Key: Name, Value: ['WP_014625880.1']
    Key: Ontology_term, Value: ['GO:0043571', 'GO:0004521']
    Key: Parent, Value: ['gene-F11_RS00875']
    Key: gbkey, Value: ['CDS']
    Key: gene, Value: ['cas2e']
    Key: go_function, Value: ['RNA endonuclease activity|0004521||IEA']
    Key: go_process, Value: ['maintenance of CRISPR repeat elements|0043571||IEA']
    Key: inference, Value: ['COORDINATES: similar to AA sequence:RefSeq:WP_014104758.1']
    Key: locus_tag, Value: ['F11_RS00875']
    Key: phase, Value: ['0']
    Key: product, Value: ['type I-E CRISPR-associated endoribonuclease Cas2e']
    Key: protein_id, Value: ['WP_014625880.1']
    Key: source, Value: ['Protein Homology']
    Key: transl_table, Value: ['11']

GF(type I-E CRISPR-associated endoribonuclease Cas2e, 3999-4293 (-1))
type: CDS
location: [200285:201227](-)
id: cds-WP_011387928.1
qualifiers:
    Key: Dbxref, Value: ['GenBank:WP_011387928.1']
    Key: ID, Value: ['cds-WP_011387928.1']
    Key: Name, Value: ['WP_011387928.1']
    Key: Ontology_term, Value: ['GO:0043571', 'GO:0051607', 'GO:0003676', 'GO:0004520', 'GO:0046872']
    Key: Parent, Value: ['gene-F11_RS00880']
    Key: gbkey, Value: ['CDS']
    Key: gene, Value: ['cas1e']
    Key: go_function, Value: ['nucleic acid binding|0003676||IEA', 'DNA endonuclease activity|0004520||IEA', 'metal ion binding|0046872||IEA']
    Key: go_process, Value: ['maintenance of CRISPR repeat elements|0043571||IEA', 'defense response to virus|0051607||IEA']
    Key: inference, Value: ['COORDINATES: similar to AA sequence:RefSeq:WP_011387928.1']
    Key: locus_tag, Value: ['F11_RS00880']
    Key: phase, Value: ['0']
    Key: product, Value: ['type I-E CRISPR-associated endonuclease Cas1e']
    Key: protein_id, Value: ['WP_011387928.1']
    Key: source, Value: ['Protein Homology']
    Key: transl_table, Value: ['11']

GF(type I-E CRISPR-associated endonuclease Cas1e, 4273-5215 (-1))
type: CDS
location: [201232:201895](-)
id: cds-WP_011387929.1
qualifiers:
    Key: Dbxref, Value: ['GenBank:WP_011387929.1']
    Key: ID, Value: ['cds-WP_011387929.1']
    Key: Name, Value: ['WP_011387929.1']
    Key: Ontology_term, Value: ['GO:0043571', 'GO:0003674']
    Key: Parent, Value: ['gene-F11_RS00885']
    Key: gbkey, Value: ['CDS']
    Key: gene, Value: ['cas6e']
    Key: go_function, Value: ['molecular_function|0003674||IEA']
    Key: go_process, Value: ['maintenance of CRISPR repeat elements|0043571||IEA']
    Key: inference, Value: ['COORDINATES: similar to AA sequence:RefSeq:WP_011387929.1']
    Key: locus_tag, Value: ['F11_RS00885']
    Key: phase, Value: ['0']
    Key: product, Value: ['type I-E CRISPR-associated protein Cas6/Cse3/CasE']
    Key: protein_id, Value: ['WP_011387929.1']
    Key: source, Value: ['Protein Homology']
    Key: transl_table, Value: ['11']

GF(type I-E CRISPR-associated protein Cas6/Cse3/CasE, 5220-5883 (-1))
type: CDS
location: [201891:202677](-)
id: cds-WP_011387930.1
qualifiers:
    Key: Dbxref, Value: ['GenBank:WP_011387930.1']
    Key: ID, Value: ['cds-WP_011387930.1']
    Key: Name, Value: ['WP_011387930.1']
    Key: Ontology_term, Value: ['GO:0043571', 'GO:0003674']
    Key: Parent, Value: ['gene-F11_RS00890']
    Key: gbkey, Value: ['CDS']
    Key: gene, Value: ['cas5e']
    Key: go_function, Value: ['molecular_function|0003674||IEA']
    Key: go_process, Value: ['maintenance of CRISPR repeat elements|0043571||IEA']
    Key: inference, Value: ['COORDINATES: similar to AA sequence:RefSeq:WP_011387930.1']
    Key: locus_tag, Value: ['F11_RS00890']
    Key: phase, Value: ['0']
    Key: product, Value: ['type I-E CRISPR-associated protein Cas5/CasD']
    Key: protein_id, Value: ['WP_011387930.1']
    Key: source, Value: ['Protein Homology']
    Key: transl_table, Value: ['11']

GF(type I-E CRISPR-associated protein Cas5/CasD, 5879-6665 (-1))
type: CDS
location: [202681:203761](-)
id: cds-WP_011387931.1
qualifiers:
    Key: Dbxref, Value: ['GenBank:WP_011387931.1']
    Key: ID, Value: ['cds-WP_011387931.1']
    Key: Name, Value: ['WP_011387931.1']
    Key: Ontology_term, Value: ['GO:0043571', 'GO:0003674']
    Key: Parent, Value: ['gene-F11_RS00895']
    Key: gbkey, Value: ['CDS']
    Key: gene, Value: ['cas7e']
    Key: go_function, Value: ['molecular_function|0003674||IEA']
    Key: go_process, Value: ['maintenance of CRISPR repeat elements|0043571||IEA']
    Key: inference, Value: ['COORDINATES: similar to AA sequence:RefSeq:WP_011387931.1']
    Key: locus_tag, Value: ['F11_RS00895']
    Key: phase, Value: ['0']
    Key: product, Value: ['type I-E CRISPR-associated protein Cas7/Cse4/CasC']
    Key: protein_id, Value: ['WP_011387931.1']
    Key: source, Value: ['Protein Homology']
    Key: transl_table, Value: ['11']

GF(type I-E CRISPR-associated protein Cas7/Cse4/CasC, 6669-7749 (-1))
type: CDS
location: [203763:204366](-)
id: cds-WP_011387932.1
qualifiers:
    Key: Dbxref, Value: ['GenBank:WP_011387932.1']
    Key: ID, Value: ['cds-WP_011387932.1']
    Key: Name, Value: ['WP_011387932.1']
    Key: Ontology_term, Value: ['GO:0043571', 'GO:0003674']
    Key: Parent, Value: ['gene-F11_RS00900']
    Key: gbkey, Value: ['CDS']
    Key: gene, Value: ['casB']
    Key: go_function, Value: ['molecular_function|0003674||IEA']
    Key: go_process, Value: ['maintenance of CRISPR repeat elements|0043571||IEA']
    Key: inference, Value: ['COORDINATES: similar to AA sequence:RefSeq:WP_011387932.1']
    Key: locus_tag, Value: ['F11_RS00900']
    Key: phase, Value: ['0']
    Key: product, Value: ['type I-E CRISPR-associated protein Cse2/CasB']
    Key: protein_id, Value: ['WP_011387932.1']
    Key: source, Value: ['Protein Homology']
    Key: transl_table, Value: ['11']

GF(type I-E CRISPR-associated protein Cse2/CasB, 7751-8354 (-1))
type: CDS
location: [204362:206030](-)
id: cds-WP_011387933.1
qualifiers:
    Key: Dbxref, Value: ['GenBank:WP_011387933.1']
    Key: ID, Value: ['cds-WP_011387933.1']
    Key: Name, Value: ['WP_011387933.1']
    Key: Ontology_term, Value: ['GO:0043571', 'GO:0003674']
    Key: Parent, Value: ['gene-F11_RS00905']
    Key: gbkey, Value: ['CDS']
    Key: gene, Value: ['casA']
    Key: go_function, Value: ['molecular_function|0003674||IEA']
    Key: go_process, Value: ['maintenance of CRISPR repeat elements|0043571||IEA']
    Key: inference, Value: ['COORDINATES: similar to AA sequence:RefSeq:WP_011387933.1']
    Key: locus_tag, Value: ['F11_RS00905']
    Key: phase, Value: ['0']
    Key: product, Value: ['type I-E CRISPR-associated protein Cse1/CasA']
    Key: protein_id, Value: ['WP_011387933.1']
    Key: source, Value: ['Protein Homology']
    Key: transl_table, Value: ['11']

GF(type I-E CRISPR-associated protein Cse1/CasA, 8350-10018 (-1))
type: CDS
location: [206318:209000](-)
id: cds-WP_237703813.1
qualifiers:
    Key: Dbxref, Value: ['GenBank:WP_237703813.1']
    Key: ID, Value: ['cds-WP_237703813.1']
    Key: Name, Value: ['WP_237703813.1']
    Key: Ontology_term, Value: ['GO:0043571', 'GO:0004386']
    Key: Parent, Value: ['gene-F11_RS00910']
    Key: gbkey, Value: ['CDS']
    Key: gene, Value: ['cas3']
    Key: go_function, Value: ['helicase activity|0004386||IEA']
    Key: go_process, Value: ['maintenance of CRISPR repeat elements|0043571||IEA']
    Key: inference, Value: ['COORDINATES: similar to AA sequence:RefSeq:WP_011387934.1']
    Key: locus_tag, Value: ['F11_RS00910']
    Key: phase, Value: ['0']
    Key: product, Value: ["CRISPR-associated helicase Cas3'"]
    Key: protein_id, Value: ['WP_237703813.1']
    Key: source, Value: ['Protein Homology']
    Key: transl_table, Value: ['11']

GF(CRISPR-associated helicase Cas3', 10306-12988 (-1))
type: CDS
location: [209160:210102](-)
id: cds-WP_011387935.1
qualifiers:
    Key: Dbxref, Value: ['GenBank:WP_011387935.1']
    Key: ID, Value: ['cds-WP_011387935.1']
    Key: Name, Value: ['WP_011387935.1']
    Key: Parent, Value: ['gene-F11_RS00915']
    Key: gbkey, Value: ['CDS']
    Key: inference, Value: ['COORDINATES: similar to AA sequence:RefSeq:WP_011387935.1']
    Key: locus_tag, Value: ['F11_RS00915']
    Key: phase, Value: ['0']
    Key: product, Value: ['aspartate aminotransferase family protein']
    Key: protein_id, Value: ['WP_011387935.1']
    Key: source, Value: ['Protein Homology']
    Key: transl_table, Value: ['11']

GF(aspartate aminotransferase family protein, 13148-14090 (-1))
type: CDS
location: [210682:211045](-)
id: cds-WP_011387936.1
qualifiers:
    Key: Dbxref, Value: ['GenBank:WP_011387936.1']
    Key: ID, Value: ['cds-WP_011387936.1']
    Key: Name, Value: ['WP_011387936.1']
    Key: Ontology_term, Value: ['GO:0016798']
    Key: Parent, Value: ['gene-F11_RS00920']
    Key: gbkey, Value: ['CDS']
    Key: go_function, Value: ['hydrolase activity, acting on glycosyl bonds|0016798||IEA']
    Key: inference, Value: ['COORDINATES: similar to AA sequence:RefSeq:WP_011387936.1']
    Key: locus_tag, Value: ['F11_RS00920']
    Key: phase, Value: ['0']
    Key: product, Value: ['lytic transglycosylase domain-containing protein']
    Key: protein_id, Value: ['WP_011387936.1']
    Key: source, Value: ['Protein Homology']
    Key: transl_table, Value: ['11']

GF(lytic transglycosylase domain-containing protein, 14670-15033 (-1))
type: CDS
location: [210993:211200](-)
id: cds-WP_148265466.1
qualifiers:
    Key: Dbxref, Value: ['GenBank:WP_148265466.1']
    Key: ID, Value: ['cds-WP_148265466.1']
    Key: Name, Value: ['WP_148265466.1']
    Key: Parent, Value: ['gene-F11_RS19960']
    Key: gbkey, Value: ['CDS']
    Key: inference, Value: ['COORDINATES: ab initio prediction:GeneMarkS-2+']
    Key: locus_tag, Value: ['F11_RS19960']
    Key: phase, Value: ['0']
    Key: product, Value: ['hypothetical protein']
    Key: protein_id, Value: ['WP_148265466.1']
    Key: source, Value: ['GeneMarkS-2+']
    Key: transl_table, Value: ['11']

GF(None, 14981-15188 (-1))
type: CDS
location: [211267:211576](-)
id: cds-WP_011387937.1
qualifiers:
    Key: Dbxref, Value: ['GenBank:WP_011387937.1']
    Key: ID, Value: ['cds-WP_011387937.1']
    Key: Name, Value: ['WP_011387937.1']
    Key: Ontology_term, Value: ['GO:0043571', 'GO:0004521']
    Key: Parent, Value: ['gene-F11_RS00925']
    Key: gbkey, Value: ['CDS']
    Key: gene, Value: ['cas2']
    Key: go_function, Value: ['RNA endonuclease activity|0004521||IEA']
    Key: go_process, Value: ['maintenance of CRISPR repeat elements|0043571||IEA']
    Key: inference, Value: ['COORDINATES: similar to AA sequence:RefSeq:WP_011387937.1']
    Key: locus_tag, Value: ['F11_RS00925']
    Key: phase, Value: ['0']
    Key: product, Value: ['CRISPR-associated endonuclease Cas2']
    Key: protein_id, Value: ['WP_011387937.1']
    Key: source, Value: ['Protein Homology']
    Key: transl_table, Value: ['11']

GF(CRISPR-associated endonuclease Cas2, 15255-15564 (-1))
type: CDS
location: [211592:213335](-)
id: cds-WP_011387938.1
qualifiers:
    Key: Dbxref, Value: ['GenBank:WP_011387938.1']
    Key: ID, Value: ['cds-WP_011387938.1']
    Key: Name, Value: ['WP_011387938.1']
    Key: Ontology_term, Value: ['GO:0043571', 'GO:0004520', 'GO:0046872']
    Key: Parent, Value: ['gene-F11_RS00930']
    Key: gbkey, Value: ['CDS']
    Key: gene, Value: ['cas1']
    Key: go_function, Value: ['DNA endonuclease activity|0004520||IEA', 'metal ion binding|0046872||IEA']
    Key: go_process, Value: ['maintenance of CRISPR repeat elements|0043571||IEA']
    Key: inference, Value: ['COORDINATES: similar to AA sequence:RefSeq:WP_011387938.1']
    Key: locus_tag, Value: ['F11_RS00930']
    Key: phase, Value: ['0']
    Key: product, Value: ['CRISPR-associated endonuclease Cas1']
    Key: protein_id, Value: ['WP_011387938.1']
    Key: source, Value: ['Protein Homology']
    Key: transl_table, Value: ['11']

GF(CRISPR-associated endonuclease Cas1, 15580-17323 (-1))
type: CDS
location: [214302:215115](-)
id: cds-WP_237703814.1
qualifiers:
    Key: Dbxref, Value: ['GenBank:WP_237703814.1']
    Key: ID, Value: ['cds-WP_237703814.1']
    Key: Name, Value: ['WP_237703814.1']
    Key: Parent, Value: ['gene-F11_RS00935']
    Key: gbkey, Value: ['CDS']
    Key: inference, Value: ['COORDINATES: similar to AA sequence:RefSeq:WP_011390095.1']
    Key: locus_tag, Value: ['F11_RS00935']
    Key: phase, Value: ['0']
    Key: product, Value: ['hypothetical protein']
    Key: protein_id, Value: ['WP_237703814.1']
    Key: source, Value: ['Protein Homology']
    Key: transl_table, Value: ['11']

GF(None, 18290-19103 (-1))
type: CDS
location: [215188:215983](-)
id: cds-WP_011387940.1
qualifiers:
    Key: Dbxref, Value: ['GenBank:WP_011387940.1']
    Key: ID, Value: ['cds-WP_011387940.1']
    Key: Name, Value: ['WP_011387940.1']
    Key: Parent, Value: ['gene-F11_RS20315']
    Key: gbkey, Value: ['CDS']
    Key: inference, Value: ['COORDINATES: ab initio prediction:GeneMarkS-2+']
    Key: locus_tag, Value: ['F11_RS20315']
    Key: phase, Value: ['0']
    Key: product, Value: ['hypothetical protein']
    Key: protein_id, Value: ['WP_011387940.1']
    Key: source, Value: ['GeneMarkS-2+']
    Key: transl_table, Value: ['11']

GF(None, 19176-19971 (-1))
type: CDS
location: [215979:217629](-)
id: cds-WP_014625883.1
qualifiers:
    Key: Dbxref, Value: ['GenBank:WP_014625883.1']
    Key: ID, Value: ['cds-WP_014625883.1']
    Key: Name, Value: ['WP_014625883.1']
    Key: Parent, Value: ['gene-F11_RS00945']
    Key: gbkey, Value: ['CDS']
    Key: inference, Value: ['COORDINATES: similar to AA sequence:RefSeq:WP_011387941.1']
    Key: locus_tag, Value: ['F11_RS00945']
    Key: phase, Value: ['0']
    Key: product, Value: ['hypothetical protein']
    Key: protein_id, Value: ['WP_014625883.1']
    Key: source, Value: ['Protein Homology']
    Key: transl_table, Value: ['11']

GF(None, 19967-21617 (-1))
type: CDS
location: [217784:220433](-)
id: cds-WP_011387942.1
qualifiers:
    Key: Dbxref, Value: ['GenBank:WP_011387942.1']
    Key: ID, Value: ['cds-WP_011387942.1']
    Key: Name, Value: ['WP_011387942.1']
    Key: Parent, Value: ['gene-F11_RS00950']
    Key: gbkey, Value: ['CDS']
    Key: inference, Value: ['COORDINATES: similar to AA sequence:RefSeq:WP_011387942.1']
    Key: locus_tag, Value: ['F11_RS00950']
    Key: phase, Value: ['0']
    Key: product, Value: ['TIGR03986 family CRISPR-associated RAMP protein']
    Key: protein_id, Value: ['WP_011387942.1']
    Key: source, Value: ['Protein Homology']
    Key: transl_table, Value: ['11']

GF(TIGR03986 family CRISPR-associated RAMP protein, 21772-24421 (-1))
type: CDS
location: [220432:222079](-)
id: cds-WP_011387943.1
qualifiers:
    Key: Dbxref, Value: ['GenBank:WP_011387943.1']
    Key: ID, Value: ['cds-WP_011387943.1']
    Key: Name, Value: ['WP_011387943.1']
    Key: Parent, Value: ['gene-F11_RS00955']
    Key: gbkey, Value: ['CDS']
    Key: inference, Value: ['COORDINATES: similar to AA sequence:RefSeq:WP_011387943.1']
    Key: locus_tag, Value: ['F11_RS00955']
    Key: phase, Value: ['0']
    Key: product, Value: ['RAMP superfamily CRISPR-associated protein']
    Key: protein_id, Value: ['WP_011387943.1']
    Key: source, Value: ['Protein Homology']
    Key: transl_table, Value: ['11']

GF(RAMP superfamily CRISPR-associated protein, 24420-26067 (-1))
type: CDS
location: [222075:224034](-)
id: cds-WP_011387944.1
qualifiers:
    Key: Dbxref, Value: ['GenBank:WP_011387944.1']
    Key: ID, Value: ['cds-WP_011387944.1']
    Key: Name, Value: ['WP_011387944.1']
    Key: Parent, Value: ['gene-F11_RS00960']
    Key: gbkey, Value: ['CDS']
    Key: inference, Value: ['COORDINATES: similar to AA sequence:RefSeq:WP_011387944.1']
    Key: locus_tag, Value: ['F11_RS00960']
    Key: phase, Value: ['0']
    Key: product, Value: ['RAMP superfamily CRISPR-associated protein']
    Key: protein_id, Value: ['WP_011387944.1']
    Key: source, Value: ['Protein Homology']
    Key: transl_table, Value: ['11']

GF(RAMP superfamily CRISPR-associated protein, 26063-28022 (-1))
type: CDS
location: [224030:225644](-)
id: cds-WP_014625884.1
qualifiers:
    Key: Dbxref, Value: ['GenBank:WP_014625884.1']
    Key: ID, Value: ['cds-WP_014625884.1']
    Key: Name, Value: ['WP_014625884.1']
    Key: Parent, Value: ['gene-F11_RS00965']
    Key: gbkey, Value: ['CDS']
    Key: inference, Value: ['COORDINATES: similar to AA sequence:RefSeq:WP_011387945.1']
    Key: locus_tag, Value: ['F11_RS00965']
    Key: phase, Value: ['0']
    Key: product, Value: ['hypothetical protein']
    Key: protein_id, Value: ['WP_014625884.1']
    Key: source, Value: ['Protein Homology']
    Key: transl_table, Value: ['11']

GF(None, 28018-29632 (-1))
type: CDS
location: [225999:226177](+)
id: cds-F11_RS19965
qualifiers:
    Key: ID, Value: ['cds-F11_RS19965']
    Key: Note, Value: ['frameshifted; incomplete; partial in the middle of a contig; missing N-terminus']
    Key: Parent, Value: ['gene-F11_RS19965']
    Key: gbkey, Value: ['CDS']
    Key: inference, Value: ['COORDINATES: similar to AA sequence:RefSeq:WP_012973506.1']
    Key: locus_tag, Value: ['F11_RS19965']
    Key: partial, Value: ['true']
    Key: phase, Value: ['0']
    Key: product, Value: ['ISAs1 family transposase']
    Key: pseudo, Value: ['true']
    Key: source, Value: ['Protein Homology']
    Key: start_range, Value: ['.', '226000']
    Key: transl_table, Value: ['11']

GF(ISAs1 family transposase, 29987-30165 (1))
type: CDS
location: [226372:226513](+)
id: cds-F11_RS19970
qualifiers:
    Key: ID, Value: ['cds-F11_RS19970']
    Key: Note, Value: ['incomplete; partial in the middle of a contig; missing N-terminus and C-terminus']
    Key: Parent, Value: ['gene-F11_RS19970']
    Key: end_range, Value: ['226513', '.']
    Key: gbkey, Value: ['CDS']
    Key: inference, Value: ['COORDINATES: similar to AA sequence:RefSeq:WP_076611133.1']
    Key: locus_tag, Value: ['F11_RS19970']
    Key: partial, Value: ['true']
    Key: phase, Value: ['0']
    Key: product, Value: ['IS256 family transposase']
    Key: pseudo, Value: ['true']
    Key: source, Value: ['Protein Homology']
    Key: start_range, Value: ['.', '226373']
    Key: transl_table, Value: ['11']

GF(IS256 family transposase, 30360-30501 (1))
type: CDS
location: [227084:228815](-)
id: cds-WP_011387947.1
qualifiers:
    Key: Dbxref, Value: ['GenBank:WP_011387947.1']
    Key: ID, Value: ['cds-WP_011387947.1']
    Key: Name, Value: ['WP_011387947.1']
    Key: Ontology_term, Value: ['GO:0005524', 'GO:0042626']
    Key: Parent, Value: ['gene-F11_RS00975']
    Key: gbkey, Value: ['CDS']
    Key: go_function, Value: ['ATP binding|0005524||IEA', 'ATPase-coupled transmembrane transporter activity|0042626||IEA']
    Key: inference, Value: ['COORDINATES: similar to AA sequence:RefSeq:WP_011387947.1']
    Key: locus_tag, Value: ['F11_RS00975']
    Key: phase, Value: ['0']
    Key: product, Value: ['ABC transporter ATP-binding protein']
    Key: protein_id, Value: ['WP_011387947.1']
    Key: source, Value: ['Protein Homology']
    Key: transl_table, Value: ['11']

GF(ABC transporter ATP-binding protein, 31072-32803 (-1))
type: repeat_region
location: [198677:199866](+)
id: NC_017584.1_1
qualifiers:
    Key: Dbxref, Value: ['SO:0001459']
    Key: ID, Value: ['NC_017584.1_1']
    Key: Note, Value: ['CGGTTCATCCCCGCGCATGCGGGGAACAG']
    Key: Ontology_term, Value: ['CRISPR']
    Key: score, Value: ['1189']
    Key: source, Value: ['CCTyper']

GF(Repeat region, 2665-3854 (0))
type: repeat_region
location: [213597:214173](+)
id: NC_017584.1_2
qualifiers:
    Key: Dbxref, Value: ['SO:0001459']
    Key: ID, Value: ['NC_017584.1_2']
    Key: Note, Value: ['GTTTCAATGAGGCCGAGGCATTACTGCCTCGGGAGAC']
    Key: Ontology_term, Value: ['CRISPR']
    Key: score, Value: ['576']
    Key: source, Value: ['CCTyper']

GF(Repeat region, 17585-18161 (0))
graphic feature from known effectors: GF(cora, 19968-21617 (-1))
[GF(None, 2209-2443 (-1)), GF(type I-E CRISPR-associated endoribonuclease Cas2e, 3999-4293 (-1)), GF(type I-E CRISPR-associated endonuclease Cas1e, 4273-5215 (-1)), GF(type I-E CRISPR-associated protein Cas6/Cse3/CasE, 5220-5883 (-1)), GF(type I-E CRISPR-associated protein Cas5/CasD, 5879-6665 (-1)), GF(type I-E CRISPR-associated protein Cas7/Cse4/CasC, 6669-7749 (-1)), GF(type I-E CRISPR-associated protein Cse2/CasB, 7751-8354 (-1)), GF(type I-E CRISPR-associated protein Cse1/CasA, 8350-10018 (-1)), GF(CRISPR-associated helicase Cas3', 10306-12988 (-1)), GF(aspartate aminotransferase family protein, 13148-14090 (-1)), GF(lytic transglycosylase domain-containing protein, 14670-15033 (-1)), GF(None, 14981-15188 (-1)), GF(CRISPR-associated endonuclease Cas2, 15255-15564 (-1)), GF(CRISPR-associated endonuclease Cas1, 15580-17323 (-1)), GF(None, 18290-19103 (-1)), GF(None, 19176-19971 (-1)), GF(None, 19967-21617 (-1)), GF(TIGR03986 family CRISPR-associated RAMP protein, 21772-24421 (-1)), GF(RAMP superfamily CRISPR-associated protein, 24420-26067 (-1)), GF(RAMP superfamily CRISPR-associated protein, 26063-28022 (-1)), GF(None, 28018-29632 (-1)), GF(ISAs1 family transposase, 29987-30165 (1)), GF(IS256 family transposase, 30360-30501 (1)), GF(ABC transporter ATP-binding protein, 31072-32803 (-1)), GF(Repeat region, 2665-3854 (0)), GF(Repeat region, 17585-18161 (0)), GF(cora, 19968-21617 (-1)), GF(CRISPR-Cas locus, 4000-29632 (0))]
