Cas operons file:    Unnamed: 0       Contig  ...           locus_id           sample
0           1  NC_003551.1  ...  GCF_000007185.1_1  GCF_000007185.1

[1 rows x 19 columns]
The chosen contig: NC_003551.1
type: CDS
location: [1290369:1291122](+)
id: cds-WP_011019658.1
qualifiers:
    Key: Dbxref, Value: ['GenBank:WP_011019658.1', 'GeneID:1477885']
    Key: ID, Value: ['cds-WP_011019658.1']
    Key: Name, Value: ['WP_011019658.1']
    Key: Parent, Value: ['gene-MK_RS06885']
    Key: gbkey, Value: ['CDS']
    Key: inference, Value: ['COORDINATES: ab initio prediction:GeneMarkS-2+']
    Key: locus_tag, Value: ['MK_RS06885']
    Key: phase, Value: ['0']
    Key: product, Value: ['hypothetical protein']
    Key: protein_id, Value: ['WP_011019658.1']
    Key: source, Value: ['GeneMarkS-2+']
    Key: transl_table, Value: ['11']

GF(None, 1530-2283 (1))
type: CDS
location: [1291278:1291923](-)
id: cds-WP_011019659.1
qualifiers:
    Key: Dbxref, Value: ['GenBank:WP_011019659.1', 'GeneID:1477886']
    Key: ID, Value: ['cds-WP_011019659.1']
    Key: Name, Value: ['WP_011019659.1']
    Key: Parent, Value: ['gene-MK_RS06890']
    Key: gbkey, Value: ['CDS']
    Key: inference, Value: ['COORDINATES: similar to AA sequence:RefSeq:WP_011020004.1']
    Key: locus_tag, Value: ['MK_RS06890']
    Key: phase, Value: ['0']
    Key: product, Value: ['DUF1678 family protein']
    Key: protein_id, Value: ['WP_011019659.1']
    Key: source, Value: ['Protein Homology']
    Key: transl_table, Value: ['11']

GF(DUF1678 family protein, 2439-3084 (-1))
type: CDS
location: [1292091:1292805](-)
id: cds-WP_158295971.1
qualifiers:
    Key: Dbxref, Value: ['GenBank:WP_158295971.1', 'GeneID:1477887']
    Key: ID, Value: ['cds-WP_158295971.1']
    Key: Name, Value: ['WP_158295971.1']
    Key: Parent, Value: ['gene-MK_RS06895']
    Key: gbkey, Value: ['CDS']
    Key: inference, Value: ['COORDINATES: protein motif:HMM:NF017020.4']
    Key: locus_tag, Value: ['MK_RS06895']
    Key: phase, Value: ['0']
    Key: product, Value: ['HEPN domain-containing protein']
    Key: protein_id, Value: ['WP_158295971.1']
    Key: source, Value: ['Protein Homology']
    Key: transl_table, Value: ['11']

GF(HEPN domain-containing protein, 3252-3966 (-1))
type: CDS
location: [1292952:1294143](+)
id: cds-WP_011019661.1
qualifiers:
    Key: Dbxref, Value: ['GenBank:WP_011019661.1', 'GeneID:1477888']
    Key: ID, Value: ['cds-WP_011019661.1']
    Key: Name, Value: ['WP_011019661.1']
    Key: Ontology_term, Value: ['GO:0043571', 'GO:0003674']
    Key: Parent, Value: ['gene-MK_RS06900']
    Key: gbkey, Value: ['CDS']
    Key: go_function, Value: ['molecular_function|0003674||IEA']
    Key: go_process, Value: ['maintenance of CRISPR repeat elements|0043571||IEA']
    Key: inference, Value: ['COORDINATES: protein motif:HMM:TIGR02619.1']
    Key: locus_tag, Value: ['MK_RS06900']
    Key: phase, Value: ['0']
    Key: product, Value: ['putative CRISPR-associated protein']
    Key: protein_id, Value: ['WP_011019661.1']
    Key: source, Value: ['Protein Homology']
    Key: transl_table, Value: ['11']

GF(putative CRISPR-associated protein, 4113-5304 (1))
type: CDS
location: [1294370:1295660](+)
id: cds-WP_011019662.1
qualifiers:
    Key: Dbxref, Value: ['GenBank:WP_011019662.1', 'GeneID:1477889']
    Key: ID, Value: ['cds-WP_011019662.1']
    Key: Name, Value: ['WP_011019662.1']
    Key: Parent, Value: ['gene-MK_RS06905']
    Key: gbkey, Value: ['CDS']
    Key: inference, Value: ['COORDINATES: ab initio prediction:GeneMarkS-2+']
    Key: locus_tag, Value: ['MK_RS06905']
    Key: phase, Value: ['0']
    Key: product, Value: ['hypothetical protein']
    Key: protein_id, Value: ['WP_011019662.1']
    Key: source, Value: ['GeneMarkS-2+']
    Key: transl_table, Value: ['11']

GF(None, 5531-6821 (1))
type: CDS
location: [1295770:1296877](-)
id: cds-WP_011019663.1
qualifiers:
    Key: Dbxref, Value: ['GenBank:WP_011019663.1', 'GeneID:1477890']
    Key: ID, Value: ['cds-WP_011019663.1']
    Key: Name, Value: ['WP_011019663.1']
    Key: Parent, Value: ['gene-MK_RS06910']
    Key: gbkey, Value: ['CDS']
    Key: inference, Value: ['COORDINATES: ab initio prediction:GeneMarkS-2+']
    Key: locus_tag, Value: ['MK_RS06910']
    Key: phase, Value: ['0']
    Key: product, Value: ['hypothetical protein']
    Key: protein_id, Value: ['WP_011019663.1']
    Key: source, Value: ['GeneMarkS-2+']
    Key: transl_table, Value: ['11']

GF(None, 6931-8038 (-1))
type: CDS
location: [1298181:1299390](-)
id: cds-WP_335316697.1
qualifiers:
    Key: Dbxref, Value: ['GenBank:WP_335316697.1', 'GeneID:88557675']
    Key: ID, Value: ['cds-WP_335316697.1']
    Key: Name, Value: ['WP_335316697.1']
    Key: Ontology_term, Value: ['GO:0043571', 'GO:0003674']
    Key: Parent, Value: ['gene-MK_RS09400']
    Key: gbkey, Value: ['CDS']
    Key: gene, Value: ['cmr6']
    Key: go_function, Value: ['molecular_function|0003674||IEA']
    Key: go_process, Value: ['maintenance of CRISPR repeat elements|0043571||IEA']
    Key: inference, Value: ['COORDINATES: protein motif:HMM:TIGR01898.1']
    Key: locus_tag, Value: ['MK_RS09400']
    Key: phase, Value: ['0']
    Key: product, Value: ['type III-B CRISPR module RAMP protein Cmr6']
    Key: protein_id, Value: ['WP_335316697.1']
    Key: source, Value: ['Protein Homology']
    Key: transl_table, Value: ['11']

GF(type III-B CRISPR module RAMP protein Cmr6, 9342-10551 (-1))
type: CDS
location: [1299609:1300188](-)
id: cds-MK_RS09405
qualifiers:
    Key: Dbxref, Value: ['GeneID:88557676']
    Key: ID, Value: ['cds-MK_RS09405']
    Key: Note, Value: ['incomplete; partial in the middle of a contig; missing N-terminus and C-terminus']
    Key: Parent, Value: ['gene-MK_RS09405']
    Key: end_range, Value: ['1300188', '.']
    Key: gbkey, Value: ['CDS']
    Key: inference, Value: ['COORDINATES: protein motif:HMM:TIGR02580.1']
    Key: locus_tag, Value: ['MK_RS09405']
    Key: partial, Value: ['true']
    Key: phase, Value: ['0']
    Key: product, Value: ['RAMP superfamily CRISPR-associated protein']
    Key: pseudo, Value: ['true']
    Key: source, Value: ['Protein Homology']
    Key: start_range, Value: ['.', '1299610']
    Key: transl_table, Value: ['11']

GF(RAMP superfamily CRISPR-associated protein, 10770-11349 (-1))
type: CDS
location: [1300072:1301350](-)
id: cds-WP_335316698.1
qualifiers:
    Key: Dbxref, Value: ['GenBank:WP_335316698.1', 'GeneID:88557677']
    Key: ID, Value: ['cds-WP_335316698.1']
    Key: Name, Value: ['WP_335316698.1']
    Key: Parent, Value: ['gene-MK_RS09410']
    Key: gbkey, Value: ['CDS']
    Key: inference, Value: ['COORDINATES: protein motif:HMM:NF015728.4']
    Key: locus_tag, Value: ['MK_RS09410']
    Key: phase, Value: ['0']
    Key: product, Value: ['RAMP superfamily CRISPR-associated protein']
    Key: protein_id, Value: ['WP_335316698.1']
    Key: source, Value: ['Protein Homology']
    Key: transl_table, Value: ['11']

GF(RAMP superfamily CRISPR-associated protein, 11233-12511 (-1))
type: CDS
location: [1301483:1303472](+)
id: cds-WP_158295972.1
qualifiers:
    Key: Dbxref, Value: ['GenBank:WP_158295972.1', 'GeneID:1477892']
    Key: ID, Value: ['cds-WP_158295972.1']
    Key: Name, Value: ['WP_158295972.1']
    Key: Ontology_term, Value: ['GO:0043571', 'GO:0003674']
    Key: Parent, Value: ['gene-MK_RS06925']
    Key: gbkey, Value: ['CDS']
    Key: gene, Value: ['cas10']
    Key: go_function, Value: ['molecular_function|0003674||IEA']
    Key: go_process, Value: ['maintenance of CRISPR repeat elements|0043571||IEA']
    Key: inference, Value: ['COORDINATES: protein motif:HMM:TIGR02577.1']
    Key: locus_tag, Value: ['MK_RS06925']
    Key: phase, Value: ['0']
    Key: product, Value: ['type III-B CRISPR-associated protein Cas10/Cmr2']
    Key: protein_id, Value: ['WP_158295972.1']
    Key: source, Value: ['Protein Homology']
    Key: transl_table, Value: ['11']

GF(type III-B CRISPR-associated protein Cas10/Cmr2, 12644-14633 (1))
type: CDS
location: [1303468:1304803](+)
id: cds-WP_011019666.1
qualifiers:
    Key: Dbxref, Value: ['GenBank:WP_011019666.1', 'GeneID:1477893']
    Key: ID, Value: ['cds-WP_011019666.1']
    Key: Name, Value: ['WP_011019666.1']
    Key: Ontology_term, Value: ['GO:0043571', 'GO:0003674', 'GO:0005575']
    Key: Parent, Value: ['gene-MK_RS06930']
    Key: gbkey, Value: ['CDS']
    Key: gene, Value: ['cmr3']
    Key: go_component, Value: ['cellular_component|0005575||IEA']
    Key: go_function, Value: ['molecular_function|0003674||IEA']
    Key: go_process, Value: ['maintenance of CRISPR repeat elements|0043571||IEA']
    Key: inference, Value: ['COORDINATES: protein motif:HMM:TIGR01888.1']
    Key: locus_tag, Value: ['MK_RS06930']
    Key: phase, Value: ['0']
    Key: product, Value: ['type III-B CRISPR module-associated protein Cmr3']
    Key: protein_id, Value: ['WP_011019666.1']
    Key: source, Value: ['Protein Homology']
    Key: transl_table, Value: ['11']

GF(type III-B CRISPR module-associated protein Cmr3, 14629-15964 (1))
type: CDS
location: [1304799:1305828](+)
id: cds-WP_011019667.1
qualifiers:
    Key: Dbxref, Value: ['GenBank:WP_011019667.1', 'GeneID:1477894']
    Key: ID, Value: ['cds-WP_011019667.1']
    Key: Name, Value: ['WP_011019667.1']
    Key: Ontology_term, Value: ['GO:0043571', 'GO:0003674']
    Key: Parent, Value: ['gene-MK_RS06935']
    Key: gbkey, Value: ['CDS']
    Key: gene, Value: ['cmr4']
    Key: go_function, Value: ['molecular_function|0003674||IEA']
    Key: go_process, Value: ['maintenance of CRISPR repeat elements|0043571||IEA']
    Key: inference, Value: ['COORDINATES: protein motif:HMM:TIGR02580.1']
    Key: locus_tag, Value: ['MK_RS06935']
    Key: phase, Value: ['0']
    Key: product, Value: ['type III-B CRISPR module RAMP protein Cmr4']
    Key: protein_id, Value: ['WP_011019667.1']
    Key: source, Value: ['Protein Homology']
    Key: transl_table, Value: ['11']

GF(type III-B CRISPR module RAMP protein Cmr4, 15960-16989 (1))
type: CDS
location: [1305831:1306332](+)
id: cds-WP_148679769.1
qualifiers:
    Key: Dbxref, Value: ['GenBank:WP_148679769.1', 'GeneID:41583449']
    Key: ID, Value: ['cds-WP_148679769.1']
    Key: Name, Value: ['WP_148679769.1']
    Key: Parent, Value: ['gene-MK_RS06940']
    Key: gbkey, Value: ['CDS']
    Key: inference, Value: ['COORDINATES: protein motif:HMM:NF021237.4']
    Key: locus_tag, Value: ['MK_RS06940']
    Key: phase, Value: ['0']
    Key: product, Value: ['type III-B CRISPR module-associated protein Cmr5']
    Key: protein_id, Value: ['WP_148679769.1']
    Key: source, Value: ['Protein Homology']
    Key: transl_table, Value: ['11']

GF(type III-B CRISPR module-associated protein Cmr5, 16992-17493 (1))
type: CDS
location: [1308019:1308559](-)
id: cds-WP_158295973.1
qualifiers:
    Key: Dbxref, Value: ['GenBank:WP_158295973.1', 'GeneID:43496569']
    Key: ID, Value: ['cds-WP_158295973.1']
    Key: Name, Value: ['WP_158295973.1']
    Key: Parent, Value: ['gene-MK_RS09145']
    Key: gbkey, Value: ['CDS']
    Key: inference, Value: ['COORDINATES: ab initio prediction:GeneMarkS-2+']
    Key: locus_tag, Value: ['MK_RS09145']
    Key: phase, Value: ['0']
    Key: product, Value: ['hypothetical protein']
    Key: protein_id, Value: ['WP_158295973.1']
    Key: source, Value: ['GeneMarkS-2+']
    Key: transl_table, Value: ['11']

GF(None, 19180-19720 (-1))
type: CDS
location: [1308524:1310213](-)
id: cds-WP_011019669.1
qualifiers:
    Key: Dbxref, Value: ['GenBank:WP_011019669.1', 'GeneID:1477896']
    Key: ID, Value: ['cds-WP_011019669.1']
    Key: Name, Value: ['WP_011019669.1']
    Key: Parent, Value: ['gene-MK_RS06945']
    Key: gbkey, Value: ['CDS']
    Key: inference, Value: ['COORDINATES: ab initio prediction:GeneMarkS-2+']
    Key: locus_tag, Value: ['MK_RS06945']
    Key: phase, Value: ['0']
    Key: product, Value: ['Terpene cyclase/mutase']
    Key: protein_id, Value: ['WP_011019669.1']
    Key: source, Value: ['GeneMarkS-2+']
    Key: transl_table, Value: ['11']

GF(Terpene cyclase/mutase, 19685-21374 (-1))
type: repeat_region
location: [1297216:1297617](+)
id: NC_003551.1_1
qualifiers:
    Key: Dbxref, Value: ['SO:0001459']
    Key: ID, Value: ['NC_003551.1_1']
    Key: Note, Value: ['GTTTCATTACCCGTGTTATTACGGGTTAATTGCGAG']
    Key: Ontology_term, Value: ['CRISPR']
    Key: score, Value: ['401']
    Key: source, Value: ['CCTyper']

GF(Repeat region, 8377-8778 (0))
type: repeat_region
location: [1306913:1307701](+)
id: NC_003551.1_2
qualifiers:
    Key: Dbxref, Value: ['SO:0001459']
    Key: ID, Value: ['NC_003551.1_2']
    Key: Note, Value: ['CTCGCAATTAACCCGTAATAATATGGGTAATGAAAC']
    Key: Ontology_term, Value: ['CRISPR']
    Key: score, Value: ['788']
    Key: source, Value: ['CCTyper']

GF(Repeat region, 18074-18862 (0))
graphic feature from cctyper protein table: GF(Csm6, 4114-5304 (1))
graphic feature from cctyper protein table: GF(Cas10, 12645-14633 (1))
graphic feature from cctyper protein table: GF(Cmr3gr5, 14630-15964 (1))
graphic feature from cctyper protein table: GF(Cmr4, 15961-16989 (1))
graphic feature from cctyper protein table: GF(Cmr5gr11, 16993-17493 (1))
Index(['protein_id', 'start', 'end', 'effector', 'locus', 'sample', 'strand',
       'sequence', 'type'],
      dtype='object')
graphic feature from known effectors: GF(cami1, 4114-5304 (1))
Index(['protein_id', 'start', 'end', 'effector', 'locus', 'sample', 'strand',
       'sequence'],
      dtype='object')
[GF(None, 1530-2283 (1)), GF(DUF1678 family protein, 2439-3084 (-1)), GF(HEPN domain-containing protein, 3252-3966 (-1)), GF(putative CRISPR-associated protein, 4113-5304 (1)), GF(None, 5531-6821 (1)), GF(None, 6931-8038 (-1)), GF(type III-B CRISPR module RAMP protein Cmr6, 9342-10551 (-1)), GF(RAMP superfamily CRISPR-associated protein, 10770-11349 (-1)), GF(RAMP superfamily CRISPR-associated protein, 11233-12511 (-1)), GF(type III-B CRISPR-associated protein Cas10/Cmr2, 12644-14633 (1)), GF(type III-B CRISPR module-associated protein Cmr3, 14629-15964 (1)), GF(type III-B CRISPR module RAMP protein Cmr4, 15960-16989 (1)), GF(type III-B CRISPR module-associated protein Cmr5, 16992-17493 (1)), GF(None, 19180-19720 (-1)), GF(Terpene cyclase/mutase, 19685-21374 (-1)), GF(Repeat region, 8377-8778 (0)), GF(Repeat region, 18074-18862 (0)), GF(Csm6, 4114-5304 (1)), GF(Cas10, 12645-14633 (1)), GF(Cmr3gr5, 14630-15964 (1)), GF(Cmr4, 15961-16989 (1)), GF(Cmr5gr11, 16993-17493 (1)), GF(cami1, 4114-5304 (1)), GF(CRISPR-Cas locus, 4000-17493 (0))]
