Cas operons file:    Unnamed: 0         Contig  ...           locus_id           sample
0           0  NZ_CP058984.1  ...  GCF_019278485.1_0  GCF_019278485.1

[1 rows x 19 columns]
The chosen contig: NZ_CP058984.1
type: CDS
location: [259502:259823](-)
id: cds-WP_218754144.1
qualifiers:
    Key: Dbxref, Value: ['GenBank:WP_218754144.1']
    Key: ID, Value: ['cds-WP_218754144.1']
    Key: Name, Value: ['WP_218754144.1']
    Key: Parent, Value: ['gene-H0I29_RS01280']
    Key: gbkey, Value: ['CDS']
    Key: inference, Value: ['COORDINATES: ab initio prediction:GeneMarkS-2+']
    Key: locus_tag, Value: ['H0I29_RS01280']
    Key: phase, Value: ['0']
    Key: product, Value: ['hypothetical protein']
    Key: protein_id, Value: ['WP_218754144.1']
    Key: source, Value: ['GeneMarkS-2+']
    Key: transl_table, Value: ['11']

GF(None, 103-424 (-1))
type: CDS
location: [259910:260984](+)
id: cds-WP_218754145.1
qualifiers:
    Key: Dbxref, Value: ['GenBank:WP_218754145.1']
    Key: ID, Value: ['cds-WP_218754145.1']
    Key: Name, Value: ['WP_218754145.1']
    Key: Ontology_term, Value: ['GO:0003676']
    Key: Parent, Value: ['gene-H0I29_RS01285']
    Key: gbkey, Value: ['CDS']
    Key: go_function, Value: ['nucleic acid binding|0003676||IEA']
    Key: inference, Value: ['COORDINATES: protein motif:HMM:NF024676.2']
    Key: locus_tag, Value: ['H0I29_RS01285']
    Key: phase, Value: ['0']
    Key: product, Value: ['WYL domain-containing protein']
    Key: protein_id, Value: ['WP_218754145.1']
    Key: source, Value: ['Protein Homology']
    Key: transl_table, Value: ['11']

GF(WYL domain-containing protein, 511-1585 (1))
type: CDS
location: [260988:261306](-)
id: cds-WP_218754146.1
qualifiers:
    Key: Dbxref, Value: ['GenBank:WP_218754146.1']
    Key: ID, Value: ['cds-WP_218754146.1']
    Key: Name, Value: ['WP_218754146.1']
    Key: Parent, Value: ['gene-H0I29_RS01290']
    Key: gbkey, Value: ['CDS']
    Key: inference, Value: ['COORDINATES: ab initio prediction:GeneMarkS-2+']
    Key: locus_tag, Value: ['H0I29_RS01290']
    Key: phase, Value: ['0']
    Key: product, Value: ['hypothetical protein']
    Key: protein_id, Value: ['WP_218754146.1']
    Key: source, Value: ['GeneMarkS-2+']
    Key: transl_table, Value: ['11']

GF(None, 1589-1907 (-1))
type: CDS
location: [262102:262255](-)
id: cds-WP_218754147.1
qualifiers:
    Key: Dbxref, Value: ['GenBank:WP_218754147.1']
    Key: ID, Value: ['cds-WP_218754147.1']
    Key: Name, Value: ['WP_218754147.1']
    Key: Parent, Value: ['gene-H0I29_RS01295']
    Key: gbkey, Value: ['CDS']
    Key: inference, Value: ['COORDINATES: ab initio prediction:GeneMarkS-2+']
    Key: locus_tag, Value: ['H0I29_RS01295']
    Key: phase, Value: ['0']
    Key: product, Value: ['hypothetical protein']
    Key: protein_id, Value: ['WP_218754147.1']
    Key: source, Value: ['GeneMarkS-2+']
    Key: transl_table, Value: ['11']

GF(None, 2703-2856 (-1))
type: CDS
location: [262350:262590](-)
id: cds-WP_218754148.1
qualifiers:
    Key: Dbxref, Value: ['GenBank:WP_218754148.1']
    Key: ID, Value: ['cds-WP_218754148.1']
    Key: Name, Value: ['WP_218754148.1']
    Key: Parent, Value: ['gene-H0I29_RS01300']
    Key: gbkey, Value: ['CDS']
    Key: inference, Value: ['COORDINATES: ab initio prediction:GeneMarkS-2+']
    Key: locus_tag, Value: ['H0I29_RS01300']
    Key: phase, Value: ['0']
    Key: product, Value: ['hypothetical protein']
    Key: protein_id, Value: ['WP_218754148.1']
    Key: source, Value: ['GeneMarkS-2+']
    Key: transl_table, Value: ['11']

GF(None, 2951-3191 (-1))
type: CDS
location: [262666:262906](-)
id: cds-WP_218754149.1
qualifiers:
    Key: Dbxref, Value: ['GenBank:WP_218754149.1']
    Key: ID, Value: ['cds-WP_218754149.1']
    Key: Name, Value: ['WP_218754149.1']
    Key: Parent, Value: ['gene-H0I29_RS01305']
    Key: gbkey, Value: ['CDS']
    Key: inference, Value: ['COORDINATES: ab initio prediction:GeneMarkS-2+']
    Key: locus_tag, Value: ['H0I29_RS01305']
    Key: phase, Value: ['0']
    Key: product, Value: ['hypothetical protein']
    Key: protein_id, Value: ['WP_218754149.1']
    Key: source, Value: ['GeneMarkS-2+']
    Key: transl_table, Value: ['11']

GF(None, 3267-3507 (-1))
type: CDS
location: [262982:263222](-)
id: cds-WP_218754150.1
qualifiers:
    Key: Dbxref, Value: ['GenBank:WP_218754150.1']
    Key: ID, Value: ['cds-WP_218754150.1']
    Key: Name, Value: ['WP_218754150.1']
    Key: Parent, Value: ['gene-H0I29_RS01310']
    Key: gbkey, Value: ['CDS']
    Key: inference, Value: ['COORDINATES: ab initio prediction:GeneMarkS-2+']
    Key: locus_tag, Value: ['H0I29_RS01310']
    Key: phase, Value: ['0']
    Key: product, Value: ['hypothetical protein']
    Key: protein_id, Value: ['WP_218754150.1']
    Key: source, Value: ['GeneMarkS-2+']
    Key: transl_table, Value: ['11']

GF(None, 3583-3823 (-1))
type: CDS
location: [263398:264769](-)
id: cds-WP_218754151.1
qualifiers:
    Key: Dbxref, Value: ['GenBank:WP_218754151.1']
    Key: ID, Value: ['cds-WP_218754151.1']
    Key: Name, Value: ['WP_218754151.1']
    Key: Parent, Value: ['gene-H0I29_RS01315']
    Key: gbkey, Value: ['CDS']
    Key: inference, Value: ['COORDINATES: protein motif:HMM:NF017754.2']
    Key: locus_tag, Value: ['H0I29_RS01315']
    Key: phase, Value: ['0']
    Key: product, Value: ['AAA family ATPase']
    Key: protein_id, Value: ['WP_218754151.1']
    Key: source, Value: ['Protein Homology']
    Key: transl_table, Value: ['11']

GF(AAA family ATPase, 3999-5370 (-1))
type: CDS
location: [264831:265224](-)
id: cds-WP_218754152.1
qualifiers:
    Key: Dbxref, Value: ['GenBank:WP_218754152.1']
    Key: ID, Value: ['cds-WP_218754152.1']
    Key: Name, Value: ['WP_218754152.1']
    Key: Parent, Value: ['gene-H0I29_RS01320']
    Key: gbkey, Value: ['CDS']
    Key: gene, Value: ['csx20']
    Key: inference, Value: ['COORDINATES: protein motif:HMM:NF040559.1']
    Key: locus_tag, Value: ['H0I29_RS01320']
    Key: phase, Value: ['0']
    Key: product, Value: ['CRISPR-associated protein Csx20']
    Key: protein_id, Value: ['WP_218754152.1']
    Key: source, Value: ['Protein Homology']
    Key: transl_table, Value: ['11']

GF(CRISPR-associated protein Csx20, 5432-5825 (-1))
type: CDS
location: [265242:266460](-)
id: cds-WP_218754153.1
qualifiers:
    Key: Dbxref, Value: ['GenBank:WP_218754153.1']
    Key: ID, Value: ['cds-WP_218754153.1']
    Key: Name, Value: ['WP_218754153.1']
    Key: Ontology_term, Value: ['GO:0043571', 'GO:0003674']
    Key: Parent, Value: ['gene-H0I29_RS01325']
    Key: gbkey, Value: ['CDS']
    Key: gene, Value: ['csx2']
    Key: go_function, Value: ['molecular_function|0003674||IEA']
    Key: go_process, Value: ['maintenance of CRISPR repeat elements|0043571||IEA']
    Key: inference, Value: ['COORDINATES: protein motif:HMM:NF021006.2']
    Key: locus_tag, Value: ['H0I29_RS01325']
    Key: phase, Value: ['0']
    Key: product, Value: ['TIGR02221 family CRISPR-associated protein']
    Key: protein_id, Value: ['WP_218754153.1']
    Key: source, Value: ['Protein Homology']
    Key: transl_table, Value: ['11']

GF(TIGR02221 family CRISPR-associated protein, 5843-7061 (-1))
type: CDS
location: [266462:268856](-)
id: cds-WP_218754154.1
qualifiers:
    Key: Dbxref, Value: ['GenBank:WP_218754154.1']
    Key: ID, Value: ['cds-WP_218754154.1']
    Key: Name, Value: ['WP_218754154.1']
    Key: Parent, Value: ['gene-H0I29_RS01330']
    Key: gbkey, Value: ['CDS']
    Key: inference, Value: ['COORDINATES: protein motif:HMM:TIGR03986.1']
    Key: locus_tag, Value: ['H0I29_RS01330']
    Key: phase, Value: ['0']
    Key: product, Value: ['TIGR03986 family CRISPR-associated RAMP protein']
    Key: protein_id, Value: ['WP_218754154.1']
    Key: source, Value: ['Protein Homology']
    Key: transl_table, Value: ['11']

GF(TIGR03986 family CRISPR-associated RAMP protein, 7063-9457 (-1))
type: CDS
location: [268866:269280](-)
id: cds-WP_218754155.1
qualifiers:
    Key: Dbxref, Value: ['GenBank:WP_218754155.1']
    Key: ID, Value: ['cds-WP_218754155.1']
    Key: Name, Value: ['WP_218754155.1']
    Key: Parent, Value: ['gene-H0I29_RS01335']
    Key: gbkey, Value: ['CDS']
    Key: inference, Value: ['COORDINATES: protein motif:HMM:TIGR04423.1']
    Key: locus_tag, Value: ['H0I29_RS01335']
    Key: phase, Value: ['0']
    Key: product, Value: ['TIGR04423 family type III CRISPR-associated protein']
    Key: protein_id, Value: ['WP_218754155.1']
    Key: source, Value: ['Protein Homology']
    Key: transl_table, Value: ['11']

GF(TIGR04423 family type III CRISPR-associated protein, 9467-9881 (-1))
type: CDS
location: [269279:270659](-)
id: cds-WP_218754156.1
qualifiers:
    Key: Dbxref, Value: ['GenBank:WP_218754156.1']
    Key: ID, Value: ['cds-WP_218754156.1']
    Key: Name, Value: ['WP_218754156.1']
    Key: Parent, Value: ['gene-H0I29_RS01340']
    Key: gbkey, Value: ['CDS']
    Key: inference, Value: ['COORDINATES: protein motif:HMM:NF015728.2']
    Key: locus_tag, Value: ['H0I29_RS01340']
    Key: phase, Value: ['0']
    Key: product, Value: ['RAMP superfamily CRISPR-associated protein']
    Key: protein_id, Value: ['WP_218754156.1']
    Key: source, Value: ['Protein Homology']
    Key: transl_table, Value: ['11']

GF(RAMP superfamily CRISPR-associated protein, 9880-11260 (-1))
type: CDS
location: [270661:272128](-)
id: cds-WP_218754157.1
qualifiers:
    Key: Dbxref, Value: ['GenBank:WP_218754157.1']
    Key: ID, Value: ['cds-WP_218754157.1']
    Key: Name, Value: ['WP_218754157.1']
    Key: Parent, Value: ['gene-H0I29_RS01345']
    Key: gbkey, Value: ['CDS']
    Key: inference, Value: ['COORDINATES: ab initio prediction:GeneMarkS-2+']
    Key: locus_tag, Value: ['H0I29_RS01345']
    Key: phase, Value: ['0']
    Key: product, Value: ['hypothetical protein']
    Key: protein_id, Value: ['WP_218754157.1']
    Key: source, Value: ['GeneMarkS-2+']
    Key: transl_table, Value: ['11']

GF(None, 11262-12729 (-1))
type: CDS
location: [272131:272707](-)
id: cds-WP_218754158.1
qualifiers:
    Key: Dbxref, Value: ['GenBank:WP_218754158.1']
    Key: ID, Value: ['cds-WP_218754158.1']
    Key: Name, Value: ['WP_218754158.1']
    Key: Parent, Value: ['gene-H0I29_RS01350']
    Key: gbkey, Value: ['CDS']
    Key: inference, Value: ['COORDINATES: protein motif:HMM:NF015728.2']
    Key: locus_tag, Value: ['H0I29_RS01350']
    Key: phase, Value: ['0']
    Key: product, Value: ['RAMP superfamily CRISPR-associated protein']
    Key: protein_id, Value: ['WP_218754158.1']
    Key: source, Value: ['Protein Homology']
    Key: transl_table, Value: ['11']

GF(RAMP superfamily CRISPR-associated protein, 12732-13308 (-1))
type: CDS
location: [272687:274202](-)
id: cds-WP_218754159.1
qualifiers:
    Key: Dbxref, Value: ['GenBank:WP_218754159.1']
    Key: ID, Value: ['cds-WP_218754159.1']
    Key: Name, Value: ['WP_218754159.1']
    Key: Parent, Value: ['gene-H0I29_RS01355']
    Key: gbkey, Value: ['CDS']
    Key: inference, Value: ['COORDINATES: ab initio prediction:GeneMarkS-2+']
    Key: locus_tag, Value: ['H0I29_RS01355']
    Key: phase, Value: ['0']
    Key: product, Value: ['hypothetical protein']
    Key: protein_id, Value: ['WP_218754159.1']
    Key: source, Value: ['GeneMarkS-2+']
    Key: transl_table, Value: ['11']

GF(None, 13288-14803 (-1))
type: CDS
location: [274218:274887](-)
id: cds-WP_218754160.1
qualifiers:
    Key: Dbxref, Value: ['GenBank:WP_218754160.1']
    Key: ID, Value: ['cds-WP_218754160.1']
    Key: Name, Value: ['WP_218754160.1']
    Key: Parent, Value: ['gene-H0I29_RS01360']
    Key: gbkey, Value: ['CDS']
    Key: inference, Value: ['COORDINATES: protein motif:HMM:NF036560.2']
    Key: locus_tag, Value: ['H0I29_RS01360']
    Key: phase, Value: ['0']
    Key: product, Value: ['CRISPR-associated endonuclease Cas6']
    Key: protein_id, Value: ['WP_218754160.1']
    Key: source, Value: ['Protein Homology']
    Key: transl_table, Value: ['11']

GF(CRISPR-associated endonuclease Cas6, 14819-15488 (-1))
type: CDS
location: [275029:276064](-)
id: cds-WP_218754161.1
qualifiers:
    Key: Dbxref, Value: ['GenBank:WP_218754161.1']
    Key: ID, Value: ['cds-WP_218754161.1']
    Key: Name, Value: ['WP_218754161.1']
    Key: Ontology_term, Value: ['GO:0003676']
    Key: Parent, Value: ['gene-H0I29_RS01365']
    Key: gbkey, Value: ['CDS']
    Key: go_function, Value: ['nucleic acid binding|0003676||IEA']
    Key: inference, Value: ['COORDINATES: protein motif:HMM:NF024676.2']
    Key: locus_tag, Value: ['H0I29_RS01365']
    Key: phase, Value: ['0']
    Key: product, Value: ['WYL domain-containing protein']
    Key: protein_id, Value: ['WP_218754161.1']
    Key: source, Value: ['Protein Homology']
    Key: transl_table, Value: ['11']

GF(WYL domain-containing protein, 15630-16665 (-1))
type: CDS
location: [276217:277417](-)
id: cds-WP_218754162.1
qualifiers:
    Key: Dbxref, Value: ['GenBank:WP_218754162.1']
    Key: ID, Value: ['cds-WP_218754162.1']
    Key: Name, Value: ['WP_218754162.1']
    Key: Parent, Value: ['gene-H0I29_RS01370']
    Key: gbkey, Value: ['CDS']
    Key: inference, Value: ['COORDINATES: protein motif:HMM:NF037501.2']
    Key: locus_tag, Value: ['H0I29_RS01370']
    Key: phase, Value: ['0']
    Key: product, Value: ['Swt1 family HEPN domain-containing protein']
    Key: protein_id, Value: ['WP_218754162.1']
    Key: source, Value: ['Protein Homology']
    Key: transl_table, Value: ['11']

GF(Swt1 family HEPN domain-containing protein, 16818-18018 (-1))
type: CDS
location: [277731:278394](-)
id: cds-WP_254712675.1
qualifiers:
    Key: Dbxref, Value: ['GenBank:WP_254712675.1']
    Key: ID, Value: ['cds-WP_254712675.1']
    Key: Name, Value: ['WP_254712675.1']
    Key: Ontology_term, Value: ['GO:0006310', 'GO:0015074', 'GO:0003677']
    Key: Parent, Value: ['gene-H0I29_RS18285']
    Key: gbkey, Value: ['CDS']
    Key: go_function, Value: ['DNA binding|0003677||IEA']
    Key: go_process, Value: ['DNA recombination|0006310||IEA', 'DNA integration|0015074||IEA']
    Key: inference, Value: ['COORDINATES: protein motif:HMM:NF012798.2']
    Key: locus_tag, Value: ['H0I29_RS18285']
    Key: phase, Value: ['0']
    Key: product, Value: ['tyrosine-type recombinase/integrase']
    Key: protein_id, Value: ['WP_254712675.1']
    Key: source, Value: ['Protein Homology']
    Key: transl_table, Value: ['11']

GF(tyrosine-type recombinase/integrase, 18332-18995 (-1))
type: CDS
location: [278400:278934](-)
id: cds-WP_254712676.1
qualifiers:
    Key: Dbxref, Value: ['GenBank:WP_254712676.1']
    Key: ID, Value: ['cds-WP_254712676.1']
    Key: Name, Value: ['WP_254712676.1']
    Key: Parent, Value: ['gene-H0I29_RS18290']
    Key: gbkey, Value: ['CDS']
    Key: inference, Value: ['COORDINATES: protein motif:HMM:NF024502.2']
    Key: locus_tag, Value: ['H0I29_RS18290']
    Key: phase, Value: ['0']
    Key: product, Value: ['phage integrase SAM-like domain-containing protein']
    Key: protein_id, Value: ['WP_254712676.1']
    Key: source, Value: ['Protein Homology']
    Key: transl_table, Value: ['11']

GF(phage integrase SAM-like domain-containing protein, 19001-19535 (-1))
type: CDS
location: [279558:279909](+)
id: cds-WP_218731082.1
qualifiers:
    Key: Dbxref, Value: ['GenBank:WP_218731082.1']
    Key: ID, Value: ['cds-WP_218731082.1']
    Key: Name, Value: ['WP_218731082.1']
    Key: Parent, Value: ['gene-H0I29_RS01380']
    Key: gbkey, Value: ['CDS']
    Key: inference, Value: ['COORDINATES: protein motif:HMM:NF027688.2']
    Key: locus_tag, Value: ['H0I29_RS01380']
    Key: phase, Value: ['0']
    Key: product, Value: ['hypothetical protein']
    Key: protein_id, Value: ['WP_218731082.1']
    Key: source, Value: ['Protein Homology']
    Key: transl_table, Value: ['11']

GF(None, 20159-20510 (1))
graphic feature from cctyper protein table: GF(RecD, 4000-5370 (-1))
graphic feature from cctyper protein table: GF(Csx20, 5433-5825 (-1))
graphic feature from cctyper protein table: GF(Csx1, 5844-7061 (-1))
graphic feature from cctyper protein table: GF(Csm3gr7, 7064-9457 (-1))
graphic feature from cctyper protein table: GF(Csx19, 9468-9881 (-1))
graphic feature from cctyper protein table: GF(Csm3gr7, 9881-11260 (-1))
graphic feature from cctyper protein table: GF(Csx10gr5, 11263-12729 (-1))
graphic feature from cctyper protein table: GF(Csm3gr7, 12733-13308 (-1))
graphic feature from cctyper protein table: GF(Cas10, 13289-14803 (-1))
graphic feature from cctyper protein table: GF(Cas6, 14820-15488 (-1))
graphic feature from cctyper protein table: GF(WYL, 15631-16665 (-1))
Index(['protein_id', 'start', 'end', 'effector', 'locus', 'sample', 'strand',
       'sequence', 'type'],
      dtype='object')
graphic feature from known effectors: GF(csx1, 5844-7061 (-1))
Index(['protein_id', 'start', 'end', 'effector', 'locus', 'sample', 'strand',
       'sequence', 'type'],
      dtype='object')
graphic feature from ring nucleases: GF(csx20, 5433-5825 (-1))
[GF(None, 103-424 (-1)), GF(WYL domain-containing protein, 511-1585 (1)), GF(None, 1589-1907 (-1)), GF(None, 2703-2856 (-1)), GF(None, 2951-3191 (-1)), GF(None, 3267-3507 (-1)), GF(None, 3583-3823 (-1)), GF(AAA family ATPase, 3999-5370 (-1)), GF(CRISPR-associated protein Csx20, 5432-5825 (-1)), GF(TIGR02221 family CRISPR-associated protein, 5843-7061 (-1)), GF(TIGR03986 family CRISPR-associated RAMP protein, 7063-9457 (-1)), GF(TIGR04423 family type III CRISPR-associated protein, 9467-9881 (-1)), GF(RAMP superfamily CRISPR-associated protein, 9880-11260 (-1)), GF(None, 11262-12729 (-1)), GF(RAMP superfamily CRISPR-associated protein, 12732-13308 (-1)), GF(None, 13288-14803 (-1)), GF(CRISPR-associated endonuclease Cas6, 14819-15488 (-1)), GF(WYL domain-containing protein, 15630-16665 (-1)), GF(Swt1 family HEPN domain-containing protein, 16818-18018 (-1)), GF(tyrosine-type recombinase/integrase, 18332-18995 (-1)), GF(phage integrase SAM-like domain-containing protein, 19001-19535 (-1)), GF(None, 20159-20510 (1)), GF(RecD, 4000-5370 (-1)), GF(Csx20, 5433-5825 (-1)), GF(Csx1, 5844-7061 (-1)), GF(Csm3gr7, 7064-9457 (-1)), GF(Csx19, 9468-9881 (-1)), GF(Csm3gr7, 9881-11260 (-1)), GF(Csx10gr5, 11263-12729 (-1)), GF(Csm3gr7, 12733-13308 (-1)), GF(Cas10, 13289-14803 (-1)), GF(Cas6, 14820-15488 (-1)), GF(WYL, 15631-16665 (-1)), GF(csx1, 5844-7061 (-1)), GF(csx20, 5433-5825 (-1)), GF(CRISPR-Cas locus, 4000-16665 (0))]
