Cas operons file:    Unnamed: 0       Contig  ...           locus_id           sample
0           0  NC_019702.1  ...  GCF_000317085.1_0  GCF_000317085.1

[1 rows x 19 columns]
The chosen contig: NC_019702.1
type: CDS
location: [2791116:2791395](-)
id: cds-WP_015169427.1
qualifiers:
    Key: Dbxref, Value: ['GenBank:WP_015169427.1']
    Key: ID, Value: ['cds-WP_015169427.1']
    Key: Name, Value: ['WP_015169427.1']
    Key: Ontology_term, Value: ['GO:0043571', 'GO:0004521']
    Key: Parent, Value: ['gene-SYN7502_RS13920']
    Key: gbkey, Value: ['CDS']
    Key: gene, Value: ['cas2']
    Key: go_function, Value: ['RNA endonuclease activity|0004521||IEA']
    Key: go_process, Value: ['maintenance of CRISPR repeat elements|0043571||IEA']
    Key: inference, Value: ['COORDINATES: similar to AA sequence:RefSeq:WP_011153761.1']
    Key: locus_tag, Value: ['SYN7502_RS13920']
    Key: phase, Value: ['0']
    Key: product, Value: ['CRISPR-associated endonuclease Cas2']
    Key: protein_id, Value: ['WP_015169427.1']
    Key: source, Value: ['Protein Homology']
    Key: transl_table, Value: ['11']

GF(CRISPR-associated endonuclease Cas2, 3999-4278 (-1))
type: CDS
location: [2791402:2792392](-)
id: cds-WP_015169428.1
qualifiers:
    Key: Dbxref, Value: ['GenBank:WP_015169428.1']
    Key: ID, Value: ['cds-WP_015169428.1']
    Key: Name, Value: ['WP_015169428.1']
    Key: Ontology_term, Value: ['GO:0043571', 'GO:0004520', 'GO:0046872']
    Key: Parent, Value: ['gene-SYN7502_RS13925']
    Key: gbkey, Value: ['CDS']
    Key: gene, Value: ['cas1']
    Key: go_function, Value: ['DNA endonuclease activity|0004520||IEA', 'metal ion binding|0046872||IEA']
    Key: go_process, Value: ['maintenance of CRISPR repeat elements|0043571||IEA']
    Key: inference, Value: ['COORDINATES: similar to AA sequence:RefSeq:WP_011153760.1']
    Key: locus_tag, Value: ['SYN7502_RS13925']
    Key: phase, Value: ['0']
    Key: product, Value: ['CRISPR-associated endonuclease Cas1']
    Key: protein_id, Value: ['WP_015169428.1']
    Key: source, Value: ['Protein Homology']
    Key: transl_table, Value: ['11']

GF(CRISPR-associated endonuclease Cas1, 4285-5275 (-1))
type: CDS
location: [2792403:2792679](-)
id: cds-WP_015169429.1
qualifiers:
    Key: Dbxref, Value: ['GenBank:WP_015169429.1']
    Key: ID, Value: ['cds-WP_015169429.1']
    Key: Name, Value: ['WP_015169429.1']
    Key: Parent, Value: ['gene-SYN7502_RS13930']
    Key: gbkey, Value: ['CDS']
    Key: gene, Value: ['csx18']
    Key: inference, Value: ['COORDINATES: protein motif:HMM:NF040558.1']
    Key: locus_tag, Value: ['SYN7502_RS13930']
    Key: phase, Value: ['0']
    Key: product, Value: ['CRISPR-associated protein Csx18']
    Key: protein_id, Value: ['WP_015169429.1']
    Key: source, Value: ['Protein Homology']
    Key: transl_table, Value: ['11']

GF(CRISPR-associated protein Csx18, 5286-5562 (-1))
type: CDS
location: [2792707:2793046](-)
id: cds-WP_015169430.1
qualifiers:
    Key: Dbxref, Value: ['GenBank:WP_015169430.1']
    Key: ID, Value: ['cds-WP_015169430.1']
    Key: Name, Value: ['WP_015169430.1']
    Key: Parent, Value: ['gene-SYN7502_RS13935']
    Key: gbkey, Value: ['CDS']
    Key: inference, Value: ['COORDINATES: similar to AA sequence:RefSeq:WP_006195609.1']
    Key: locus_tag, Value: ['SYN7502_RS13935']
    Key: phase, Value: ['0']
    Key: product, Value: ['XisI protein']
    Key: protein_id, Value: ['WP_015169430.1']
    Key: source, Value: ['Protein Homology']
    Key: transl_table, Value: ['11']

GF(XisI protein, 5590-5929 (-1))
type: CDS
location: [2793094:2794345](-)
id: cds-WP_015169431.1
qualifiers:
    Key: Dbxref, Value: ['GenBank:WP_015169431.1']
    Key: ID, Value: ['cds-WP_015169431.1']
    Key: Name, Value: ['WP_015169431.1']
    Key: Parent, Value: ['gene-SYN7502_RS13940']
    Key: gbkey, Value: ['CDS']
    Key: inference, Value: ['COORDINATES: ab initio prediction:GeneMarkS-2+']
    Key: locus_tag, Value: ['SYN7502_RS13940']
    Key: phase, Value: ['0']
    Key: product, Value: ['hypothetical protein']
    Key: protein_id, Value: ['WP_015169431.1']
    Key: source, Value: ['GeneMarkS-2+']
    Key: transl_table, Value: ['11']

GF(None, 5977-7228 (-1))
type: CDS
location: [2794347:2795847](-)
id: cds-WP_015169432.1
qualifiers:
    Key: Dbxref, Value: ['GenBank:WP_015169432.1']
    Key: ID, Value: ['cds-WP_015169432.1']
    Key: Name, Value: ['WP_015169432.1']
    Key: Parent, Value: ['gene-SYN7502_RS18440']
    Key: gbkey, Value: ['CDS']
    Key: inference, Value: ['COORDINATES: ab initio prediction:GeneMarkS-2+']
    Key: locus_tag, Value: ['SYN7502_RS18440']
    Key: phase, Value: ['0']
    Key: product, Value: ['hypothetical protein']
    Key: protein_id, Value: ['WP_015169432.1']
    Key: source, Value: ['GeneMarkS-2+']
    Key: transl_table, Value: ['11']

GF(None, 7230-8730 (-1))
type: CDS
location: [2795908:2797837](-)
id: cds-WP_015169433.1
qualifiers:
    Key: Dbxref, Value: ['GenBank:WP_015169433.1']
    Key: ID, Value: ['cds-WP_015169433.1']
    Key: Name, Value: ['WP_015169433.1']
    Key: Parent, Value: ['gene-SYN7502_RS13950']
    Key: gbkey, Value: ['CDS']
    Key: inference, Value: ['COORDINATES: similar to AA sequence:RefSeq:WP_015125473.1']
    Key: locus_tag, Value: ['SYN7502_RS13950']
    Key: phase, Value: ['0']
    Key: product, Value: ['RAMP superfamily CRISPR-associated protein']
    Key: protein_id, Value: ['WP_015169433.1']
    Key: source, Value: ['Protein Homology']
    Key: transl_table, Value: ['11']

GF(RAMP superfamily CRISPR-associated protein, 8791-10720 (-1))
type: CDS
location: [2797873:2798518](-)
id: cds-WP_015169434.1
qualifiers:
    Key: Dbxref, Value: ['GenBank:WP_015169434.1']
    Key: ID, Value: ['cds-WP_015169434.1']
    Key: Name, Value: ['WP_015169434.1']
    Key: Ontology_term, Value: ['GO:0003676', 'GO:0004519']
    Key: Parent, Value: ['gene-SYN7502_RS13955']
    Key: gbkey, Value: ['CDS']
    Key: go_function, Value: ['nucleic acid binding|0003676||IEA', 'endonuclease activity|0004519||IEA']
    Key: inference, Value: ['COORDINATES: similar to AA sequence:RefSeq:WP_017328210.1']
    Key: locus_tag, Value: ['SYN7502_RS13955']
    Key: phase, Value: ['0']
    Key: product, Value: ['Uma2 family endonuclease']
    Key: protein_id, Value: ['WP_015169434.1']
    Key: source, Value: ['Protein Homology']
    Key: transl_table, Value: ['11']

GF(Uma2 family endonuclease, 10756-11401 (-1))
type: CDS
location: [2798520:2798913](-)
id: cds-WP_015169435.1
qualifiers:
    Key: Dbxref, Value: ['GenBank:WP_015169435.1']
    Key: ID, Value: ['cds-WP_015169435.1']
    Key: Name, Value: ['WP_015169435.1']
    Key: Parent, Value: ['gene-SYN7502_RS13960']
    Key: gbkey, Value: ['CDS']
    Key: inference, Value: ['COORDINATES: similar to AA sequence:RefSeq:WP_011432476.1']
    Key: locus_tag, Value: ['SYN7502_RS13960']
    Key: phase, Value: ['0']
    Key: product, Value: ['hypothetical protein']
    Key: protein_id, Value: ['WP_015169435.1']
    Key: source, Value: ['Protein Homology']
    Key: transl_table, Value: ['11']

GF(None, 11403-11796 (-1))
type: CDS
location: [2798925:2799708](-)
id: cds-WP_041430200.1
qualifiers:
    Key: Dbxref, Value: ['GenBank:WP_041430200.1']
    Key: ID, Value: ['cds-WP_041430200.1']
    Key: Name, Value: ['WP_041430200.1']
    Key: Ontology_term, Value: ['GO:0043571', 'GO:0003674']
    Key: Parent, Value: ['gene-SYN7502_RS13965']
    Key: gbkey, Value: ['CDS']
    Key: gene, Value: ['cmr4']
    Key: go_function, Value: ['molecular_function|0003674||IEA']
    Key: go_process, Value: ['maintenance of CRISPR repeat elements|0043571||IEA']
    Key: inference, Value: ['COORDINATES: similar to AA sequence:RefSeq:WP_011432477.1']
    Key: locus_tag, Value: ['SYN7502_RS13965']
    Key: phase, Value: ['0']
    Key: product, Value: ['type III-B CRISPR module RAMP protein Cmr4']
    Key: protein_id, Value: ['WP_041430200.1']
    Key: source, Value: ['Protein Homology']
    Key: transl_table, Value: ['11']

GF(type III-B CRISPR module RAMP protein Cmr4, 11808-12591 (-1))
type: CDS
location: [2799713:2800844](-)
id: cds-WP_015169437.1
qualifiers:
    Key: Dbxref, Value: ['GenBank:WP_015169437.1']
    Key: ID, Value: ['cds-WP_015169437.1']
    Key: Name, Value: ['WP_015169437.1']
    Key: Parent, Value: ['gene-SYN7502_RS13970']
    Key: gbkey, Value: ['CDS']
    Key: inference, Value: ['COORDINATES: similar to AA sequence:RefSeq:WP_015125476.1']
    Key: locus_tag, Value: ['SYN7502_RS13970']
    Key: phase, Value: ['0']
    Key: product, Value: ['type III-B CRISPR module-associated Cmr3 family protein']
    Key: protein_id, Value: ['WP_015169437.1']
    Key: source, Value: ['Protein Homology']
    Key: transl_table, Value: ['11']

GF(type III-B CRISPR module-associated Cmr3 family protein, 12596-13727 (-1))
type: CDS
location: [2800840:2803870](-)
id: cds-WP_015169438.1
qualifiers:
    Key: Dbxref, Value: ['GenBank:WP_015169438.1']
    Key: ID, Value: ['cds-WP_015169438.1']
    Key: Name, Value: ['WP_015169438.1']
    Key: Ontology_term, Value: ['GO:0043571', 'GO:0003674']
    Key: Parent, Value: ['gene-SYN7502_RS13975']
    Key: gbkey, Value: ['CDS']
    Key: gene, Value: ['cas10']
    Key: go_function, Value: ['molecular_function|0003674||IEA']
    Key: go_process, Value: ['maintenance of CRISPR repeat elements|0043571||IEA']
    Key: inference, Value: ['COORDINATES: similar to AA sequence:RefSeq:WP_015125477.1']
    Key: locus_tag, Value: ['SYN7502_RS13975']
    Key: phase, Value: ['0']
    Key: product, Value: ['type III-B CRISPR-associated protein Cas10/Cmr2']
    Key: protein_id, Value: ['WP_015169438.1']
    Key: source, Value: ['Protein Homology']
    Key: transl_table, Value: ['11']

GF(type III-B CRISPR-associated protein Cas10/Cmr2, 13723-16753 (-1))
type: CDS
location: [2804050:2805223](+)
id: cds-WP_015169439.1
qualifiers:
    Key: Dbxref, Value: ['GenBank:WP_015169439.1']
    Key: ID, Value: ['cds-WP_015169439.1']
    Key: Name, Value: ['WP_015169439.1']
    Key: Ontology_term, Value: ['GO:0003676']
    Key: Parent, Value: ['gene-SYN7502_RS13980']
    Key: gbkey, Value: ['CDS']
    Key: go_function, Value: ['nucleic acid binding|0003676||IEA']
    Key: inference, Value: ['COORDINATES: protein motif:HMM:NF024676.2']
    Key: locus_tag, Value: ['SYN7502_RS13980']
    Key: phase, Value: ['0']
    Key: product, Value: ['WYL domain-containing protein']
    Key: protein_id, Value: ['WP_015169439.1']
    Key: source, Value: ['Protein Homology']
    Key: transl_table, Value: ['11']

GF(WYL domain-containing protein, 16933-18106 (1))
type: CDS
location: [2805231:2807091](+)
id: cds-WP_015169440.1
qualifiers:
    Key: Dbxref, Value: ['GenBank:WP_015169440.1']
    Key: ID, Value: ['cds-WP_015169440.1']
    Key: Name, Value: ['WP_015169440.1']
    Key: Ontology_term, Value: ['GO:0005524', 'GO:0016787']
    Key: Parent, Value: ['gene-SYN7502_RS13985']
    Key: gbkey, Value: ['CDS']
    Key: go_function, Value: ['ATP binding|0005524||IEA', 'hydrolase activity|0016787||IEA']
    Key: inference, Value: ['COORDINATES: similar to AA sequence:RefSeq:WP_015159319.1']
    Key: locus_tag, Value: ['SYN7502_RS13985']
    Key: phase, Value: ['0']
    Key: product, Value: ['nuclease-related domain-containing DEAD/DEAH box helicase']
    Key: protein_id, Value: ['WP_015169440.1']
    Key: source, Value: ['Protein Homology']
    Key: transl_table, Value: ['11']

GF(nuclease-related domain-containing DEAD/DEAH box helicase, 18114-19974 (1))
type: CDS
location: [2807276:2807969](+)
id: cds-WP_051023635.1
qualifiers:
    Key: Dbxref, Value: ['GenBank:WP_051023635.1']
    Key: ID, Value: ['cds-WP_051023635.1']
    Key: Name, Value: ['WP_051023635.1']
    Key: Ontology_term, Value: ['GO:0016787', 'GO:0005576']
    Key: Parent, Value: ['gene-SYN7502_RS18445']
    Key: gbkey, Value: ['CDS']
    Key: go_component, Value: ['extracellular region|0005576||IEA']
    Key: go_function, Value: ['hydrolase activity|0016787||IEA']
    Key: inference, Value: ['COORDINATES: protein motif:HMM:NF021982.2']
    Key: locus_tag, Value: ['SYN7502_RS18445']
    Key: phase, Value: ['0']
    Key: product, Value: ['PHB depolymerase family esterase']
    Key: protein_id, Value: ['WP_051023635.1']
    Key: source, Value: ['Protein Homology']
    Key: transl_table, Value: ['11']

GF(PHB depolymerase family esterase, 20159-20852 (1))
type: CDS
location: [2807938:2808181](+)
id: cds-WP_144050223.1
qualifiers:
    Key: Dbxref, Value: ['GenBank:WP_144050223.1']
    Key: ID, Value: ['cds-WP_144050223.1']
    Key: Name, Value: ['WP_144050223.1']
    Key: Parent, Value: ['gene-SYN7502_RS13995']
    Key: gbkey, Value: ['CDS']
    Key: inference, Value: ['COORDINATES: ab initio prediction:GeneMarkS-2+']
    Key: locus_tag, Value: ['SYN7502_RS13995']
    Key: phase, Value: ['0']
    Key: product, Value: ['hypothetical protein']
    Key: protein_id, Value: ['WP_144050223.1']
    Key: source, Value: ['GeneMarkS-2+']
    Key: transl_table, Value: ['11']

GF(None, 20821-21064 (1))
type: CDS
location: [2808425:2808791](-)
id: cds-WP_015169441.1
qualifiers:
    Key: Dbxref, Value: ['GenBank:WP_015169441.1']
    Key: ID, Value: ['cds-WP_015169441.1']
    Key: Name, Value: ['WP_015169441.1']
    Key: Parent, Value: ['gene-SYN7502_RS14000']
    Key: gbkey, Value: ['CDS']
    Key: inference, Value: ['COORDINATES: protein motif:HMM:NF040430.1']
    Key: locus_tag, Value: ['SYN7502_RS14000']
    Key: phase, Value: ['0']
    Key: product, Value: ['DUF6464 family protein']
    Key: protein_id, Value: ['WP_015169441.1']
    Key: source, Value: ['Protein Homology']
    Key: transl_table, Value: ['11']

GF(DUF6464 family protein, 21308-21674 (-1))
graphic feature from known effectors: GF(csx1, 7231-8730 (-1))
[GF(CRISPR-associated endonuclease Cas2, 3999-4278 (-1)), GF(CRISPR-associated endonuclease Cas1, 4285-5275 (-1)), GF(CRISPR-associated protein Csx18, 5286-5562 (-1)), GF(XisI protein, 5590-5929 (-1)), GF(None, 5977-7228 (-1)), GF(None, 7230-8730 (-1)), GF(RAMP superfamily CRISPR-associated protein, 8791-10720 (-1)), GF(Uma2 family endonuclease, 10756-11401 (-1)), GF(None, 11403-11796 (-1)), GF(type III-B CRISPR module RAMP protein Cmr4, 11808-12591 (-1)), GF(type III-B CRISPR module-associated Cmr3 family protein, 12596-13727 (-1)), GF(type III-B CRISPR-associated protein Cas10/Cmr2, 13723-16753 (-1)), GF(WYL domain-containing protein, 16933-18106 (1)), GF(nuclease-related domain-containing DEAD/DEAH box helicase, 18114-19974 (1)), GF(PHB depolymerase family esterase, 20159-20852 (1)), GF(None, 20821-21064 (1)), GF(DUF6464 family protein, 21308-21674 (-1)), GF(csx1, 7231-8730 (-1)), GF(CRISPR-Cas locus, 4000-18106 (0))]
