Cas operons file:    Unnamed: 0         Contig  ...           locus_id           sample
0           1  NZ_AP024565.1  ...  GCF_019704275.1_1  GCF_019704275.1

[1 rows x 19 columns]
The chosen contig: NZ_AP024565.1
type: CDS
location: [1800719:1800866](+)
id: cds-WP_192845982.1
qualifiers:
    Key: Dbxref, Value: ['GenBank:WP_192845982.1']
    Key: ID, Value: ['cds-WP_192845982.1']
    Key: Name, Value: ['WP_192845982.1']
    Key: Parent, Value: ['gene-LC603172_RS08805']
    Key: gbkey, Value: ['CDS']
    Key: inference, Value: ['COORDINATES: ab initio prediction:GeneMarkS-2+']
    Key: locus_tag, Value: ['LC603172_RS08805']
    Key: phase, Value: ['0']
    Key: product, Value: ['hypothetical protein']
    Key: protein_id, Value: ['WP_192845982.1']
    Key: source, Value: ['GeneMarkS-2+']
    Key: transl_table, Value: ['11']

GF(None, 519-666 (1))
type: CDS
location: [1801555:1801774](-)
id: cds-WP_002733908.1
qualifiers:
    Key: Dbxref, Value: ['GenBank:WP_002733908.1']
    Key: ID, Value: ['cds-WP_002733908.1']
    Key: Name, Value: ['WP_002733908.1']
    Key: Parent, Value: ['gene-LC603172_RS08810']
    Key: gbkey, Value: ['CDS']
    Key: inference, Value: ['COORDINATES: similar to AA sequence:RefSeq:WP_002753712.1']
    Key: locus_tag, Value: ['LC603172_RS08810']
    Key: phase, Value: ['0']
    Key: product, Value: ['hypothetical protein']
    Key: protein_id, Value: ['WP_002733908.1']
    Key: source, Value: ['Protein Homology']
    Key: transl_table, Value: ['11']

GF(None, 1355-1574 (-1))
type: CDS
location: [1801828:1801969](+)
id: cds-WP_002741153.1
qualifiers:
    Key: Dbxref, Value: ['GenBank:WP_002741153.1']
    Key: ID, Value: ['cds-WP_002741153.1']
    Key: Name, Value: ['WP_002741153.1']
    Key: Parent, Value: ['gene-LC603172_RS08815']
    Key: gbkey, Value: ['CDS']
    Key: inference, Value: ['COORDINATES: ab initio prediction:GeneMarkS-2+']
    Key: locus_tag, Value: ['LC603172_RS08815']
    Key: phase, Value: ['0']
    Key: product, Value: ['hypothetical protein']
    Key: protein_id, Value: ['WP_002741153.1']
    Key: source, Value: ['GeneMarkS-2+']
    Key: transl_table, Value: ['11']

GF(None, 1628-1769 (1))
type: CDS
location: [1802008:1802224](+)
id: cds-WP_002732549.1
qualifiers:
    Key: Dbxref, Value: ['GenBank:WP_002732549.1']
    Key: ID, Value: ['cds-WP_002732549.1']
    Key: Name, Value: ['WP_002732549.1']
    Key: Parent, Value: ['gene-LC603172_RS08820']
    Key: gbkey, Value: ['CDS']
    Key: inference, Value: ['COORDINATES: similar to AA sequence:RefSeq:WP_002732549.1']
    Key: locus_tag, Value: ['LC603172_RS08820']
    Key: phase, Value: ['0']
    Key: product, Value: ['hypothetical protein']
    Key: protein_id, Value: ['WP_002732549.1']
    Key: source, Value: ['Protein Homology']
    Key: transl_table, Value: ['11']

GF(None, 1808-2024 (1))
type: CDS
location: [1802408:1802483](+)
id: cds-WP_238560405.1
qualifiers:
    Key: Dbxref, Value: ['GenBank:WP_238560405.1']
    Key: ID, Value: ['cds-WP_238560405.1']
    Key: Name, Value: ['WP_238560405.1']
    Key: Parent, Value: ['gene-LC603172_RS27900']
    Key: gbkey, Value: ['CDS']
    Key: inference, Value: ['COORDINATES: protein motif:HMM:NF016876.3']
    Key: locus_tag, Value: ['LC603172_RS27900']
    Key: phase, Value: ['0']
    Key: product, Value: ['hypothetical protein']
    Key: protein_id, Value: ['WP_238560405.1']
    Key: source, Value: ['Protein Homology']
    Key: transl_table, Value: ['11']

GF(None, 2208-2283 (1))
type: CDS
location: [1804199:1805891](+)
id: cds-WP_061431189.1
qualifiers:
    Key: Dbxref, Value: ['GenBank:WP_061431189.1']
    Key: ID, Value: ['cds-WP_061431189.1']
    Key: Name, Value: ['WP_061431189.1']
    Key: Parent, Value: ['gene-LC603172_RS08830']
    Key: gbkey, Value: ['CDS']
    Key: inference, Value: ['COORDINATES: similar to AA sequence:RefSeq:WP_002786864.1']
    Key: locus_tag, Value: ['LC603172_RS08830']
    Key: phase, Value: ['0']
    Key: product, Value: ['type III-B CRISPR-associated protein Cas10/Cmr2']
    Key: protein_id, Value: ['WP_061431189.1']
    Key: source, Value: ['Protein Homology']
    Key: transl_table, Value: ['11']

GF(type III-B CRISPR-associated protein Cas10/Cmr2, 3999-5691 (1))
type: CDS
location: [1806365:1807373](+)
id: cds-WP_061431409.1
qualifiers:
    Key: Dbxref, Value: ['GenBank:WP_061431409.1']
    Key: ID, Value: ['cds-WP_061431409.1']
    Key: Name, Value: ['WP_061431409.1']
    Key: Parent, Value: ['gene-LC603172_RS08835']
    Key: gbkey, Value: ['CDS']
    Key: inference, Value: ['COORDINATES: similar to AA sequence:RefSeq:WP_002794072.1']
    Key: locus_tag, Value: ['LC603172_RS08835']
    Key: phase, Value: ['0']
    Key: product, Value: ['CRISPR-associated protein']
    Key: protein_id, Value: ['WP_061431409.1']
    Key: source, Value: ['Protein Homology']
    Key: transl_table, Value: ['11']

GF(CRISPR-associated protein, 6165-7173 (1))
type: CDS
location: [1807728:1808613](+)
id: cds-WP_061431188.1
qualifiers:
    Key: Dbxref, Value: ['GenBank:WP_061431188.1']
    Key: ID, Value: ['cds-WP_061431188.1']
    Key: Name, Value: ['WP_061431188.1']
    Key: Parent, Value: ['gene-LC603172_RS08840']
    Key: gbkey, Value: ['CDS']
    Key: inference, Value: ['COORDINATES: similar to AA sequence:RefSeq:WP_002786866.1']
    Key: locus_tag, Value: ['LC603172_RS08840']
    Key: phase, Value: ['0']
    Key: product, Value: ['RAMP superfamily CRISPR-associated protein']
    Key: protein_id, Value: ['WP_061431188.1']
    Key: source, Value: ['Protein Homology']
    Key: transl_table, Value: ['11']

GF(RAMP superfamily CRISPR-associated protein, 7528-8413 (1))
type: CDS
location: [1808609:1809080](+)
id: cds-WP_061431187.1
qualifiers:
    Key: Dbxref, Value: ['GenBank:WP_061431187.1']
    Key: ID, Value: ['cds-WP_061431187.1']
    Key: Name, Value: ['WP_061431187.1']
    Key: Parent, Value: ['gene-LC603172_RS08845']
    Key: gbkey, Value: ['CDS']
    Key: inference, Value: ['COORDINATES: similar to AA sequence:RefSeq:WP_002794081.1']
    Key: locus_tag, Value: ['LC603172_RS08845']
    Key: phase, Value: ['0']
    Key: product, Value: ['hypothetical protein']
    Key: protein_id, Value: ['WP_061431187.1']
    Key: source, Value: ['Protein Homology']
    Key: transl_table, Value: ['11']

GF(None, 8409-8880 (1))
type: CDS
location: [1809081:1810827](+)
id: cds-WP_061431186.1
qualifiers:
    Key: Dbxref, Value: ['GenBank:WP_061431186.1']
    Key: ID, Value: ['cds-WP_061431186.1']
    Key: Name, Value: ['WP_061431186.1']
    Key: Parent, Value: ['gene-LC603172_RS08850']
    Key: gbkey, Value: ['CDS']
    Key: inference, Value: ['COORDINATES: similar to AA sequence:RefSeq:WP_002753702.1']
    Key: locus_tag, Value: ['LC603172_RS08850']
    Key: phase, Value: ['0']
    Key: product, Value: ['hypothetical protein']
    Key: protein_id, Value: ['WP_061431186.1']
    Key: source, Value: ['Protein Homology']
    Key: transl_table, Value: ['11']

GF(None, 8881-10627 (1))
type: CDS
location: [1811071:1812733](+)
id: cds-WP_061431185.1
qualifiers:
    Key: Dbxref, Value: ['GenBank:WP_061431185.1']
    Key: ID, Value: ['cds-WP_061431185.1']
    Key: Name, Value: ['WP_061431185.1']
    Key: Parent, Value: ['gene-LC603172_RS08855']
    Key: gbkey, Value: ['CDS']
    Key: inference, Value: ['COORDINATES: similar to AA sequence:RefSeq:WP_002794085.1']
    Key: locus_tag, Value: ['LC603172_RS08855']
    Key: phase, Value: ['0']
    Key: product, Value: ['hypothetical protein']
    Key: protein_id, Value: ['WP_061431185.1']
    Key: source, Value: ['Protein Homology']
    Key: transl_table, Value: ['11']

GF(None, 10871-12533 (1))
type: CDS
location: [1813000:1813165](-)
id: cds-WP_192845993.1
qualifiers:
    Key: Dbxref, Value: ['GenBank:WP_192845993.1']
    Key: ID, Value: ['cds-WP_192845993.1']
    Key: Name, Value: ['WP_192845993.1']
    Key: Parent, Value: ['gene-LC603172_RS08860']
    Key: gbkey, Value: ['CDS']
    Key: inference, Value: ['COORDINATES: ab initio prediction:GeneMarkS-2+']
    Key: locus_tag, Value: ['LC603172_RS08860']
    Key: phase, Value: ['0']
    Key: product, Value: ['hypothetical protein']
    Key: protein_id, Value: ['WP_192845993.1']
    Key: source, Value: ['GeneMarkS-2+']
    Key: transl_table, Value: ['11']

GF(None, 12800-12965 (-1))
type: CDS
location: [1813394:1813463](+)
id: cds-LC603172_RS28820
qualifiers:
    Key: ID, Value: ['cds-LC603172_RS28820']
    Key: Note, Value: ['incomplete; partial in the middle of a contig; missing N-terminus and C-terminus']
    Key: Parent, Value: ['gene-LC603172_RS28820']
    Key: end_range, Value: ['1813463', '.']
    Key: gbkey, Value: ['CDS']
    Key: inference, Value: ['COORDINATES: similar to AA sequence:RefSeq:WP_002767083.1']
    Key: locus_tag, Value: ['LC603172_RS28820']
    Key: partial, Value: ['true']
    Key: phase, Value: ['0']
    Key: product, Value: ['type II toxin-antitoxin system VapB family antitoxin']
    Key: pseudo, Value: ['true']
    Key: source, Value: ['Protein Homology']
    Key: start_range, Value: ['.', '1813395']
    Key: transl_table, Value: ['11']

GF(type II toxin-antitoxin system VapB family antitoxin, 13194-13263 (1))
type: CDS
location: [1813606:1813807](-)
id: cds-WP_239698027.1
qualifiers:
    Key: Dbxref, Value: ['GenBank:WP_239698027.1']
    Key: ID, Value: ['cds-WP_239698027.1']
    Key: Name, Value: ['WP_239698027.1']
    Key: Parent, Value: ['gene-LC603172_RS08865']
    Key: gbkey, Value: ['CDS']
    Key: inference, Value: ['COORDINATES: ab initio prediction:GeneMarkS-2+']
    Key: locus_tag, Value: ['LC603172_RS08865']
    Key: phase, Value: ['0']
    Key: product, Value: ['ribbon-helix-helix domain-containing protein']
    Key: protein_id, Value: ['WP_239698027.1']
    Key: source, Value: ['GeneMarkS-2+']
    Key: transl_table, Value: ['11']

GF(ribbon-helix-helix domain-containing protein, 13406-13607 (-1))
type: CDS
location: [1814297:1816022](-)
id: cds-WP_061431184.1
qualifiers:
    Key: Dbxref, Value: ['GenBank:WP_061431184.1']
    Key: ID, Value: ['cds-WP_061431184.1']
    Key: Name, Value: ['WP_061431184.1']
    Key: Parent, Value: ['gene-LC603172_RS08870']
    Key: gbkey, Value: ['CDS']
    Key: inference, Value: ['COORDINATES: similar to AA sequence:RefSeq:WP_016516677.1']
    Key: locus_tag, Value: ['LC603172_RS08870']
    Key: phase, Value: ['0']
    Key: product, Value: ['diflavin flavoprotein']
    Key: protein_id, Value: ['WP_061431184.1']
    Key: source, Value: ['Protein Homology']
    Key: transl_table, Value: ['11']

GF(diflavin flavoprotein, 14097-15822 (-1))
type: CDS
location: [1816359:1816686](-)
id: cds-WP_061431183.1
qualifiers:
    Key: Dbxref, Value: ['GenBank:WP_061431183.1']
    Key: ID, Value: ['cds-WP_061431183.1']
    Key: Name, Value: ['WP_061431183.1']
    Key: Parent, Value: ['gene-LC603172_RS08875']
    Key: gbkey, Value: ['CDS']
    Key: inference, Value: ['COORDINATES: similar to AA sequence:RefSeq:WP_002797527.1']
    Key: locus_tag, Value: ['LC603172_RS08875']
    Key: phase, Value: ['0']
    Key: product, Value: ['hypothetical protein']
    Key: protein_id, Value: ['WP_061431183.1']
    Key: source, Value: ['Protein Homology']
    Key: transl_table, Value: ['11']

GF(None, 16159-16486 (-1))
type: repeat_region
location: [1800327:1800658](+)
id: NZ_AP024565.1_2
qualifiers:
    Key: Dbxref, Value: ['SO:0001459']
    Key: ID, Value: ['NZ_AP024565.1_2']
    Key: Note, Value: ['CTTGCTTCCAATTCGTGAAGCGTATGAATGGAAAC']
    Key: Ontology_term, Value: ['CRISPR']
    Key: score, Value: ['331']
    Key: source, Value: ['CCTyper']

GF(Repeat region, 127-458 (0))
type: repeat_region
location: [1802935:1803985](+)
id: NZ_AP024565.1_3
qualifiers:
    Key: Dbxref, Value: ['SO:0001459']
    Key: ID, Value: ['NZ_AP024565.1_3']
    Key: Note, Value: ['CTTGCTTCCAATTCGTGAAGCGTATGAATGGAAAC']
    Key: Ontology_term, Value: ['CRISPR']
    Key: score, Value: ['1050']
    Key: source, Value: ['CCTyper']

GF(Repeat region, 2735-3785 (0))
graphic feature from known effectors: GF(csx1, 10872-12533 (1))
[GF(None, 519-666 (1)), GF(None, 1355-1574 (-1)), GF(None, 1628-1769 (1)), GF(None, 1808-2024 (1)), GF(None, 2208-2283 (1)), GF(type III-B CRISPR-associated protein Cas10/Cmr2, 3999-5691 (1)), GF(CRISPR-associated protein, 6165-7173 (1)), GF(RAMP superfamily CRISPR-associated protein, 7528-8413 (1)), GF(None, 8409-8880 (1)), GF(None, 8881-10627 (1)), GF(None, 10871-12533 (1)), GF(None, 12800-12965 (-1)), GF(type II toxin-antitoxin system VapB family antitoxin, 13194-13263 (1)), GF(ribbon-helix-helix domain-containing protein, 13406-13607 (-1)), GF(diflavin flavoprotein, 14097-15822 (-1)), GF(None, 16159-16486 (-1)), GF(Repeat region, 127-458 (0)), GF(Repeat region, 2735-3785 (0)), GF(csx1, 10872-12533 (1)), GF(CRISPR-Cas locus, 4000-12533 (0))]
