Cas operons file:    Unnamed: 0         Contig  ...           locus_id           sample
0           0  NZ_CP019240.1  ...  GCF_001955735.1_0  GCF_001955735.1

[1 rows x 19 columns]
The chosen contig: NZ_CP019240.1
type: CDS
location: [1602094:1603738](+)
id: cds-WP_075586931.1
qualifiers:
    Key: Dbxref, Value: ['GenBank:WP_075586931.1']
    Key: ID, Value: ['cds-WP_075586931.1']
    Key: Name, Value: ['WP_075586931.1']
    Key: Ontology_term, Value: ['GO:0016874']
    Key: Parent, Value: ['gene-RA876_RS07790']
    Key: gbkey, Value: ['CDS']
    Key: go_function, Value: ['ligase activity|0016874||IEA']
    Key: inference, Value: ['COORDINATES: similar to AA sequence:RefSeq:WP_019575517.1']
    Key: locus_tag, Value: ['RA876_RS07790']
    Key: phase, Value: ['0']
    Key: product, Value: ['3-(methylthio)propionyl-CoA ligase']
    Key: protein_id, Value: ['WP_075586931.1']
    Key: source, Value: ['Protein Homology']
    Key: transl_table, Value: ['11']

GF(3-(methylthio)propionyl-CoA ligase, 149-1793 (1))
type: CDS
location: [1603762:1604668](+)
id: cds-WP_075586932.1
qualifiers:
    Key: Dbxref, Value: ['GenBank:WP_075586932.1']
    Key: ID, Value: ['cds-WP_075586932.1']
    Key: Name, Value: ['WP_075586932.1']
    Key: Ontology_term, Value: ['GO:0015658', 'GO:0140359', 'GO:0016020', 'GO:0043190']
    Key: Parent, Value: ['gene-RA876_RS07795']
    Key: gbkey, Value: ['CDS']
    Key: go_component, Value: ['membrane|0016020||IEA', 'ATP-binding cassette (ABC) transporter complex|0043190||IEA']
    Key: go_function, Value: ['branched-chain amino acid transmembrane transporter activity|0015658||IEA', 'ABC-type transporter activity|0140359||IEA']
    Key: inference, Value: ['COORDINATES: similar to AA sequence:RefSeq:WP_017454647.1']
    Key: locus_tag, Value: ['RA876_RS07795']
    Key: phase, Value: ['0']
    Key: product, Value: ['branched-chain amino acid ABC transporter permease']
    Key: protein_id, Value: ['WP_075586932.1']
    Key: source, Value: ['Protein Homology']
    Key: transl_table, Value: ['11']

GF(branched-chain amino acid ABC transporter permease, 1817-2723 (1))
type: CDS
location: [1604694:1605948](+)
id: cds-WP_241839142.1
qualifiers:
    Key: Dbxref, Value: ['GenBank:WP_241839142.1']
    Key: ID, Value: ['cds-WP_241839142.1']
    Key: Name, Value: ['WP_241839142.1']
    Key: Ontology_term, Value: ['GO:0015803', 'GO:0042626', 'GO:0140359']
    Key: Parent, Value: ['gene-RA876_RS07800']
    Key: gbkey, Value: ['CDS']
    Key: go_function, Value: ['ATPase-coupled transmembrane transporter activity|0042626||IEA', 'ABC-type transporter activity|0140359||IEA']
    Key: go_process, Value: ['branched-chain amino acid transport|0015803||IEA']
    Key: inference, Value: ['COORDINATES: similar to AA sequence:RefSeq:WP_019560775.1']
    Key: locus_tag, Value: ['RA876_RS07800']
    Key: phase, Value: ['0']
    Key: product, Value: ['branched-chain amino acid ABC transporter permease']
    Key: protein_id, Value: ['WP_241839142.1']
    Key: source, Value: ['Protein Homology']
    Key: transl_table, Value: ['11']

GF(branched-chain amino acid ABC transporter permease, 2749-4003 (1))
type: CDS
location: [1605944:1606763](+)
id: cds-WP_075587243.1
qualifiers:
    Key: Dbxref, Value: ['GenBank:WP_075587243.1']
    Key: ID, Value: ['cds-WP_075587243.1']
    Key: Name, Value: ['WP_075587243.1']
    Key: Ontology_term, Value: ['GO:0005524', 'GO:0016887', 'GO:0042626', 'GO:0140359']
    Key: Parent, Value: ['gene-RA876_RS07805']
    Key: gbkey, Value: ['CDS']
    Key: go_function, Value: ['ATP binding|0005524||IEA', 'ATP hydrolysis activity|0016887||IEA', 'ATPase-coupled transmembrane transporter activity|0042626||IEA', 'ABC-type transporter activity|0140359||IEA']
    Key: inference, Value: ['COORDINATES: similar to AA sequence:RefSeq:WP_012838914.1']
    Key: locus_tag, Value: ['RA876_RS07805']
    Key: phase, Value: ['0']
    Key: product, Value: ['ABC transporter ATP-binding protein']
    Key: protein_id, Value: ['WP_075587243.1']
    Key: source, Value: ['Protein Homology']
    Key: transl_table, Value: ['11']

GF(ABC transporter ATP-binding protein, 3999-4818 (1))
type: CDS
location: [1606769:1607465](+)
id: cds-WP_075586933.1
qualifiers:
    Key: Dbxref, Value: ['GenBank:WP_075586933.1']
    Key: ID, Value: ['cds-WP_075586933.1']
    Key: Name, Value: ['WP_075586933.1']
    Key: Parent, Value: ['gene-RA876_RS07810']
    Key: gbkey, Value: ['CDS']
    Key: inference, Value: ['COORDINATES: similar to AA sequence:RefSeq:WP_012205150.1']
    Key: locus_tag, Value: ['RA876_RS07810']
    Key: phase, Value: ['0']
    Key: product, Value: ['ABC transporter ATP-binding protein']
    Key: protein_id, Value: ['WP_075586933.1']
    Key: source, Value: ['Protein Homology']
    Key: transl_table, Value: ['11']

GF(ABC transporter ATP-binding protein, 4824-5520 (1))
type: CDS
location: [1607531:1608704](+)
id: cds-WP_075586934.1
qualifiers:
    Key: Dbxref, Value: ['GenBank:WP_075586934.1']
    Key: ID, Value: ['cds-WP_075586934.1']
    Key: Name, Value: ['WP_075586934.1']
    Key: Ontology_term, Value: ['GO:0043571', 'GO:0003674']
    Key: Parent, Value: ['gene-RA876_RS07815']
    Key: gbkey, Value: ['CDS']
    Key: gene, Value: ['csm6']
    Key: go_function, Value: ['molecular_function|0003674||IEA']
    Key: go_process, Value: ['maintenance of CRISPR repeat elements|0043571||IEA']
    Key: inference, Value: ['COORDINATES: protein motif:HMM:NF021162.2']
    Key: locus_tag, Value: ['RA876_RS07815']
    Key: phase, Value: ['0']
    Key: product, Value: ['CRISPR-associated ring nuclease Csm6']
    Key: protein_id, Value: ['WP_075586934.1']
    Key: source, Value: ['Protein Homology']
    Key: transl_table, Value: ['11']

GF(CRISPR-associated ring nuclease Csm6, 5586-6759 (1))
type: CDS
location: [1608703:1609849](+)
id: cds-WP_075586935.1
qualifiers:
    Key: Dbxref, Value: ['GenBank:WP_075586935.1']
    Key: ID, Value: ['cds-WP_075586935.1']
    Key: Name, Value: ['WP_075586935.1']
    Key: Parent, Value: ['gene-RA876_RS07820']
    Key: gbkey, Value: ['CDS']
    Key: inference, Value: ['COORDINATES: ab initio prediction:GeneMarkS-2+']
    Key: locus_tag, Value: ['RA876_RS07820']
    Key: phase, Value: ['0']
    Key: product, Value: ['hypothetical protein']
    Key: protein_id, Value: ['WP_075586935.1']
    Key: source, Value: ['GeneMarkS-2+']
    Key: transl_table, Value: ['11']

GF(None, 6758-7904 (1))
type: CDS
location: [1609845:1612992](+)
id: cds-WP_075586936.1
qualifiers:
    Key: Dbxref, Value: ['GenBank:WP_075586936.1']
    Key: ID, Value: ['cds-WP_075586936.1']
    Key: Name, Value: ['WP_075586936.1']
    Key: Ontology_term, Value: ['GO:0043571', 'GO:0003674']
    Key: Parent, Value: ['gene-RA876_RS07825']
    Key: gbkey, Value: ['CDS']
    Key: gene, Value: ['cas10']
    Key: go_function, Value: ['molecular_function|0003674||IEA']
    Key: go_process, Value: ['maintenance of CRISPR repeat elements|0043571||IEA']
    Key: inference, Value: ['COORDINATES: protein motif:HMM:TIGR02577.1']
    Key: locus_tag, Value: ['RA876_RS07825']
    Key: phase, Value: ['0']
    Key: product, Value: ['type III-B CRISPR-associated protein Cas10/Cmr2']
    Key: protein_id, Value: ['WP_075586936.1']
    Key: source, Value: ['Protein Homology']
    Key: transl_table, Value: ['11']

GF(type III-B CRISPR-associated protein Cas10/Cmr2, 7900-11047 (1))
type: CDS
location: [1612988:1614149](+)
id: cds-WP_075586937.1
qualifiers:
    Key: Dbxref, Value: ['GenBank:WP_075586937.1']
    Key: ID, Value: ['cds-WP_075586937.1']
    Key: Name, Value: ['WP_075586937.1']
    Key: Ontology_term, Value: ['GO:0043571', 'GO:0003674', 'GO:0005575']
    Key: Parent, Value: ['gene-RA876_RS07830']
    Key: gbkey, Value: ['CDS']
    Key: gene, Value: ['cmr3']
    Key: go_component, Value: ['cellular_component|0005575||IEA']
    Key: go_function, Value: ['molecular_function|0003674||IEA']
    Key: go_process, Value: ['maintenance of CRISPR repeat elements|0043571||IEA']
    Key: inference, Value: ['COORDINATES: protein motif:HMM:TIGR01888.1']
    Key: locus_tag, Value: ['RA876_RS07830']
    Key: phase, Value: ['0']
    Key: product, Value: ['type III-B CRISPR module-associated protein Cmr3']
    Key: protein_id, Value: ['WP_075586937.1']
    Key: source, Value: ['Protein Homology']
    Key: transl_table, Value: ['11']

GF(type III-B CRISPR module-associated protein Cmr3, 11043-12204 (1))
type: CDS
location: [1614196:1615183](+)
id: cds-WP_075586938.1
qualifiers:
    Key: Dbxref, Value: ['GenBank:WP_075586938.1']
    Key: ID, Value: ['cds-WP_075586938.1']
    Key: Name, Value: ['WP_075586938.1']
    Key: Ontology_term, Value: ['GO:0043571', 'GO:0003674']
    Key: Parent, Value: ['gene-RA876_RS07835']
    Key: gbkey, Value: ['CDS']
    Key: gene, Value: ['cmr4']
    Key: go_function, Value: ['molecular_function|0003674||IEA']
    Key: go_process, Value: ['maintenance of CRISPR repeat elements|0043571||IEA']
    Key: inference, Value: ['COORDINATES: protein motif:HMM:TIGR02580.1']
    Key: locus_tag, Value: ['RA876_RS07835']
    Key: phase, Value: ['0']
    Key: product, Value: ['type III-B CRISPR module RAMP protein Cmr4']
    Key: protein_id, Value: ['WP_075586938.1']
    Key: source, Value: ['Protein Homology']
    Key: transl_table, Value: ['11']

GF(type III-B CRISPR module RAMP protein Cmr4, 12251-13238 (1))
type: CDS
location: [1615223:1615490](+)
id: cds-WP_075586939.1
qualifiers:
    Key: Dbxref, Value: ['GenBank:WP_075586939.1']
    Key: ID, Value: ['cds-WP_075586939.1']
    Key: Name, Value: ['WP_075586939.1']
    Key: Parent, Value: ['gene-RA876_RS20615']
    Key: gbkey, Value: ['CDS']
    Key: inference, Value: ['COORDINATES: ab initio prediction:GeneMarkS-2+']
    Key: locus_tag, Value: ['RA876_RS20615']
    Key: phase, Value: ['0']
    Key: product, Value: ['hypothetical protein']
    Key: protein_id, Value: ['WP_075586939.1']
    Key: source, Value: ['GeneMarkS-2+']
    Key: transl_table, Value: ['11']

GF(None, 13278-13545 (1))
type: CDS
location: [1615407:1615926](+)
id: cds-WP_158025691.1
qualifiers:
    Key: Dbxref, Value: ['GenBank:WP_158025691.1']
    Key: ID, Value: ['cds-WP_158025691.1']
    Key: Name, Value: ['WP_158025691.1']
    Key: Parent, Value: ['gene-RA876_RS07845']
    Key: gbkey, Value: ['CDS']
    Key: inference, Value: ['COORDINATES: protein motif:HMM:NF013970.2']
    Key: locus_tag, Value: ['RA876_RS07845']
    Key: phase, Value: ['0']
    Key: product, Value: ['PIN domain-containing protein']
    Key: protein_id, Value: ['WP_158025691.1']
    Key: source, Value: ['Protein Homology']
    Key: transl_table, Value: ['11']

GF(PIN domain-containing protein, 13462-13981 (1))
type: CDS
location: [1615909:1616302](+)
id: cds-WP_075586940.1
qualifiers:
    Key: Dbxref, Value: ['GenBank:WP_075586940.1']
    Key: ID, Value: ['cds-WP_075586940.1']
    Key: Name, Value: ['WP_075586940.1']
    Key: Ontology_term, Value: ['GO:0043571', 'GO:0003674']
    Key: Parent, Value: ['gene-RA876_RS07850']
    Key: gbkey, Value: ['CDS']
    Key: gene, Value: ['cmr5']
    Key: go_function, Value: ['molecular_function|0003674||IEA']
    Key: go_process, Value: ['maintenance of CRISPR repeat elements|0043571||IEA']
    Key: inference, Value: ['COORDINATES: protein motif:HMM:NF021237.2']
    Key: locus_tag, Value: ['RA876_RS07850']
    Key: phase, Value: ['0']
    Key: product, Value: ['type III-B CRISPR module-associated protein Cmr5']
    Key: protein_id, Value: ['WP_075586940.1']
    Key: source, Value: ['Protein Homology']
    Key: transl_table, Value: ['11']

GF(type III-B CRISPR module-associated protein Cmr5, 13964-14357 (1))
type: CDS
location: [1616305:1617493](+)
id: cds-WP_075586941.1
qualifiers:
    Key: Dbxref, Value: ['GenBank:WP_075586941.1']
    Key: ID, Value: ['cds-WP_075586941.1']
    Key: Name, Value: ['WP_075586941.1']
    Key: Ontology_term, Value: ['GO:0043571', 'GO:0003674']
    Key: Parent, Value: ['gene-RA876_RS07855']
    Key: gbkey, Value: ['CDS']
    Key: gene, Value: ['cmr6']
    Key: go_function, Value: ['molecular_function|0003674||IEA']
    Key: go_process, Value: ['maintenance of CRISPR repeat elements|0043571||IEA']
    Key: inference, Value: ['COORDINATES: protein motif:HMM:TIGR01898.1']
    Key: locus_tag, Value: ['RA876_RS07855']
    Key: phase, Value: ['0']
    Key: product, Value: ['type III-B CRISPR module RAMP protein Cmr6']
    Key: protein_id, Value: ['WP_075586941.1']
    Key: source, Value: ['Protein Homology']
    Key: transl_table, Value: ['11']

GF(type III-B CRISPR module RAMP protein Cmr6, 14360-15548 (1))
type: CDS
location: [1617489:1617894](+)
id: cds-WP_075586942.1
qualifiers:
    Key: Dbxref, Value: ['GenBank:WP_075586942.1']
    Key: ID, Value: ['cds-WP_075586942.1']
    Key: Name, Value: ['WP_075586942.1']
    Key: Parent, Value: ['gene-RA876_RS07860']
    Key: gbkey, Value: ['CDS']
    Key: inference, Value: ['COORDINATES: ab initio prediction:GeneMarkS-2+']
    Key: locus_tag, Value: ['RA876_RS07860']
    Key: phase, Value: ['0']
    Key: product, Value: ['hypothetical protein']
    Key: protein_id, Value: ['WP_075586942.1']
    Key: source, Value: ['GeneMarkS-2+']
    Key: transl_table, Value: ['11']

GF(None, 15544-15949 (1))
type: CDS
location: [1617890:1618199](+)
id: cds-WP_075586943.1
qualifiers:
    Key: Dbxref, Value: ['GenBank:WP_075586943.1']
    Key: ID, Value: ['cds-WP_075586943.1']
    Key: Name, Value: ['WP_075586943.1']
    Key: Ontology_term, Value: ['GO:0043571', 'GO:0003674']
    Key: Parent, Value: ['gene-RA876_RS07865']
    Key: gbkey, Value: ['CDS']
    Key: gene, Value: ['csx16']
    Key: go_function, Value: ['molecular_function|0003674||IEA']
    Key: go_process, Value: ['maintenance of CRISPR repeat elements|0043571||IEA']
    Key: inference, Value: ['COORDINATES: protein motif:HMM:TIGR02620.1']
    Key: locus_tag, Value: ['RA876_RS07865']
    Key: phase, Value: ['0']
    Key: product, Value: ['CRISPR-associated protein Csx16']
    Key: protein_id, Value: ['WP_075586943.1']
    Key: source, Value: ['Protein Homology']
    Key: transl_table, Value: ['11']

GF(CRISPR-associated protein Csx16, 15945-16254 (1))
type: CDS
location: [1618205:1619396](+)
id: cds-WP_075586944.1
qualifiers:
    Key: Dbxref, Value: ['GenBank:WP_075586944.1']
    Key: ID, Value: ['cds-WP_075586944.1']
    Key: Name, Value: ['WP_075586944.1']
    Key: Parent, Value: ['gene-RA876_RS07870']
    Key: gbkey, Value: ['CDS']
    Key: inference, Value: ['COORDINATES: protein motif:HMM:NF020571.2']
    Key: locus_tag, Value: ['RA876_RS07870']
    Key: phase, Value: ['0']
    Key: product, Value: ['DUF1887 family CARF protein']
    Key: protein_id, Value: ['WP_075586944.1']
    Key: source, Value: ['Protein Homology']
    Key: transl_table, Value: ['11']

GF(DUF1887 family CARF protein, 16260-17451 (1))
type: CDS
location: [1619408:1620407](+)
id: cds-WP_075586945.1
qualifiers:
    Key: Dbxref, Value: ['GenBank:WP_075586945.1']
    Key: ID, Value: ['cds-WP_075586945.1']
    Key: Name, Value: ['WP_075586945.1']
    Key: Parent, Value: ['gene-RA876_RS07875']
    Key: gbkey, Value: ['CDS']
    Key: gene, Value: ['cas6']
    Key: inference, Value: ['COORDINATES: protein motif:HMM:NF021551.2']
    Key: locus_tag, Value: ['RA876_RS07875']
    Key: phase, Value: ['0']
    Key: product, Value: ['CRISPR system precrRNA processing endoribonuclease RAMP protein Cas6']
    Key: protein_id, Value: ['WP_075586945.1']
    Key: source, Value: ['Protein Homology']
    Key: transl_table, Value: ['11']

GF(CRISPR system precrRNA processing endoribonuclease RAMP protein Cas6, 17463-18462 (1))
type: CDS
location: [1620560:1620845](+)
id: cds-WP_075587246.1
qualifiers:
    Key: Dbxref, Value: ['GenBank:WP_075587246.1']
    Key: ID, Value: ['cds-WP_075587246.1']
    Key: Name, Value: ['WP_075587246.1']
    Key: Parent, Value: ['gene-RA876_RS07880']
    Key: gbkey, Value: ['CDS']
    Key: inference, Value: ['COORDINATES: protein motif:HMM:NF021356.2']
    Key: locus_tag, Value: ['RA876_RS07880']
    Key: phase, Value: ['0']
    Key: product, Value: ['CRISPR-associated endonuclease Cas2']
    Key: protein_id, Value: ['WP_075587246.1']
    Key: source, Value: ['Protein Homology']
    Key: transl_table, Value: ['11']

GF(CRISPR-associated endonuclease Cas2, 18615-18900 (1))
type: CDS
location: [1621064:1622072](+)
id: cds-WP_075587247.1
qualifiers:
    Key: Dbxref, Value: ['GenBank:WP_075587247.1']
    Key: ID, Value: ['cds-WP_075587247.1']
    Key: Name, Value: ['WP_075587247.1']
    Key: Ontology_term, Value: ['GO:0043571', 'GO:0004520', 'GO:0046872']
    Key: Parent, Value: ['gene-RA876_RS07885']
    Key: gbkey, Value: ['CDS']
    Key: gene, Value: ['cas1']
    Key: go_function, Value: ['endodeoxyribonuclease activity|0004520||IEA', 'metal ion binding|0046872||IEA']
    Key: go_process, Value: ['maintenance of CRISPR repeat elements|0043571||IEA']
    Key: inference, Value: ['COORDINATES: protein motif:HMM:NF013984.2']
    Key: locus_tag, Value: ['RA876_RS07885']
    Key: phase, Value: ['0']
    Key: product, Value: ['CRISPR-associated endonuclease Cas1']
    Key: protein_id, Value: ['WP_075587247.1']
    Key: source, Value: ['Protein Homology']
    Key: transl_table, Value: ['11']

GF(CRISPR-associated endonuclease Cas1, 19119-20127 (1))
type: CDS
location: [1622068:1622854](+)
id: cds-WP_075586946.1
qualifiers:
    Key: Dbxref, Value: ['GenBank:WP_075586946.1']
    Key: ID, Value: ['cds-WP_075586946.1']
    Key: Name, Value: ['WP_075586946.1']
    Key: Ontology_term, Value: ['GO:0043571', 'GO:0051607', 'GO:0003676', 'GO:0004519', 'GO:0046872']
    Key: Parent, Value: ['gene-RA876_RS07890']
    Key: gbkey, Value: ['CDS']
    Key: go_function, Value: ['nucleic acid binding|0003676||IEA', 'endonuclease activity|0004519||IEA', 'metal ion binding|0046872||IEA']
    Key: go_process, Value: ['maintenance of CRISPR repeat elements|0043571||IEA', 'defense response to virus|0051607||IEA']
    Key: inference, Value: ['COORDINATES: protein motif:HMM:NF013984.2']
    Key: locus_tag, Value: ['RA876_RS07890']
    Key: phase, Value: ['0']
    Key: product, Value: ['CRISPR-associated endonuclease Cas1']
    Key: protein_id, Value: ['WP_075586946.1']
    Key: source, Value: ['Protein Homology']
    Key: transl_table, Value: ['11']

GF(CRISPR-associated endonuclease Cas1, 20123-20909 (1))
type: CDS
location: [1622850:1623150](+)
id: cds-WP_075586947.1
qualifiers:
    Key: Dbxref, Value: ['GenBank:WP_075586947.1']
    Key: ID, Value: ['cds-WP_075586947.1']
    Key: Name, Value: ['WP_075586947.1']
    Key: Ontology_term, Value: ['GO:0043571', 'GO:0004521']
    Key: Parent, Value: ['gene-RA876_RS07895']
    Key: gbkey, Value: ['CDS']
    Key: gene, Value: ['cas2']
    Key: go_function, Value: ['endoribonuclease activity|0004521||IEA']
    Key: go_process, Value: ['maintenance of CRISPR repeat elements|0043571||IEA']
    Key: inference, Value: ['COORDINATES: protein motif:HMM:NF021356.2']
    Key: locus_tag, Value: ['RA876_RS07895']
    Key: phase, Value: ['0']
    Key: product, Value: ['CRISPR-associated endonuclease Cas2']
    Key: protein_id, Value: ['WP_075586947.1']
    Key: source, Value: ['Protein Homology']
    Key: transl_table, Value: ['11']

GF(CRISPR-associated endonuclease Cas2, 20905-21205 (1))
type: CDS
location: [1624086:1626183](+)
id: cds-WP_075586948.1
qualifiers:
    Key: Dbxref, Value: ['GenBank:WP_075586948.1']
    Key: ID, Value: ['cds-WP_075586948.1']
    Key: Name, Value: ['WP_075586948.1']
    Key: Ontology_term, Value: ['GO:0006631', 'GO:0070403']
    Key: Parent, Value: ['gene-RA876_RS07900']
    Key: gbkey, Value: ['CDS']
    Key: go_function, Value: ['NAD+ binding|0070403||IEA']
    Key: go_process, Value: ['fatty acid metabolic process|0006631||IEA']
    Key: inference, Value: ['COORDINATES: similar to AA sequence:RefSeq:WP_011801233.1']
    Key: locus_tag, Value: ['RA876_RS07900']
    Key: phase, Value: ['0']
    Key: product, Value: ['3-hydroxyacyl-CoA dehydrogenase NAD-binding domain-containing protein']
    Key: protein_id, Value: ['WP_075586948.1']
    Key: source, Value: ['Protein Homology']
    Key: transl_table, Value: ['11']

GF(3-hydroxyacyl-CoA dehydrogenase NAD-binding domain-containing protein, 22141-24238 (1))
type: repeat_region
location: [1623233:1623967](+)
id: NZ_CP019240.1_2
qualifiers:
    Key: Dbxref, Value: ['SO:0001459']
    Key: ID, Value: ['NZ_CP019240.1_2']
    Key: Note, Value: ['GAACGAATACCAGCCCTGAATTCAAAGGGATTAAGAC']
    Key: Ontology_term, Value: ['CRISPR']
    Key: score, Value: ['734']
    Key: source, Value: ['CCTyper']

GF(Repeat region, 21288-22022 (0))
graphic feature from cctyper protein table: GF(AbiEii, 4000-4818 (1))
graphic feature from cctyper protein table: GF(Csx1, 5587-6759 (1))
graphic feature from cctyper protein table: GF(Cas10, 7901-11047 (1))
graphic feature from cctyper protein table: GF(Cmr3gr5, 11044-12204 (1))
graphic feature from cctyper protein table: GF(Cmr4gr7, 12252-13238 (1))
graphic feature from cctyper protein table: GF(Cmr5gr11, 13965-14357 (1))
graphic feature from cctyper protein table: GF(Cmr6gr7, 14361-15548 (1))
graphic feature from cctyper protein table: GF(Csx16, 15946-16254 (1))
graphic feature from cctyper protein table: GF(Can2, 16261-17451 (1))
graphic feature from cctyper protein table: GF(Cas6, 17464-18462 (1))
graphic feature from cctyper protein table: GF(Cas2, 18616-18900 (1))
graphic feature from cctyper protein table: GF(Cas1, 19120-20127 (1))
graphic feature from cctyper protein table: GF(Cas1, 20124-20909 (1))
graphic feature from cctyper protein table: GF(Cas2, 20906-21205 (1))
Index(['protein_id', 'start', 'end', 'effector', 'locus', 'sample', 'strand',
       'sequence', 'type'],
      dtype='object')
graphic feature from known effectors: GF(can1-2, 16261-17451 (1))
Index(['protein_id', 'start', 'end', 'effector', 'locus', 'sample', 'strand',
       'sequence', 'type'],
      dtype='object')
graphic feature from ring nucleases: GF(csx16, 15946-16254 (1))
[GF(3-(methylthio)propionyl-CoA ligase, 149-1793 (1)), GF(branched-chain amino acid ABC transporter permease, 1817-2723 (1)), GF(branched-chain amino acid ABC transporter permease, 2749-4003 (1)), GF(ABC transporter ATP-binding protein, 3999-4818 (1)), GF(ABC transporter ATP-binding protein, 4824-5520 (1)), GF(CRISPR-associated ring nuclease Csm6, 5586-6759 (1)), GF(None, 6758-7904 (1)), GF(type III-B CRISPR-associated protein Cas10/Cmr2, 7900-11047 (1)), GF(type III-B CRISPR module-associated protein Cmr3, 11043-12204 (1)), GF(type III-B CRISPR module RAMP protein Cmr4, 12251-13238 (1)), GF(None, 13278-13545 (1)), GF(PIN domain-containing protein, 13462-13981 (1)), GF(type III-B CRISPR module-associated protein Cmr5, 13964-14357 (1)), GF(type III-B CRISPR module RAMP protein Cmr6, 14360-15548 (1)), GF(None, 15544-15949 (1)), GF(CRISPR-associated protein Csx16, 15945-16254 (1)), GF(DUF1887 family CARF protein, 16260-17451 (1)), GF(CRISPR system precrRNA processing endoribonuclease RAMP protein Cas6, 17463-18462 (1)), GF(CRISPR-associated endonuclease Cas2, 18615-18900 (1)), GF(CRISPR-associated endonuclease Cas1, 19119-20127 (1)), GF(CRISPR-associated endonuclease Cas1, 20123-20909 (1)), GF(CRISPR-associated endonuclease Cas2, 20905-21205 (1)), GF(3-hydroxyacyl-CoA dehydrogenase NAD-binding domain-containing protein, 22141-24238 (1)), GF(Repeat region, 21288-22022 (0)), GF(AbiEii, 4000-4818 (1)), GF(Csx1, 5587-6759 (1)), GF(Cas10, 7901-11047 (1)), GF(Cmr3gr5, 11044-12204 (1)), GF(Cmr4gr7, 12252-13238 (1)), GF(Cmr5gr11, 13965-14357 (1)), GF(Cmr6gr7, 14361-15548 (1)), GF(Csx16, 15946-16254 (1)), GF(Can2, 16261-17451 (1)), GF(Cas6, 17464-18462 (1)), GF(Cas2, 18616-18900 (1)), GF(Cas1, 19120-20127 (1)), GF(Cas1, 20124-20909 (1)), GF(Cas2, 20906-21205 (1)), GF(can1-2, 16261-17451 (1)), GF(csx16, 15946-16254 (1)), GF(CRISPR-Cas locus, 4000-21205 (0))]
