Cas operons file:    Unnamed: 0         Contig  ...           locus_id           sample
0           1  NZ_CP047056.1  ...  GCF_011065405.1_1  GCF_011065405.1

[1 rows x 19 columns]
The chosen contig: NZ_CP047056.1
type: CDS
location: [639780:640059](+)
id: cds-WP_074842014.1
qualifiers:
    Key: Dbxref, Value: ['GenBank:WP_074842014.1']
    Key: ID, Value: ['cds-WP_074842014.1']
    Key: Name, Value: ['WP_074842014.1']
    Key: Parent, Value: ['gene-SDZ_RS02730']
    Key: gbkey, Value: ['CDS']
    Key: inference, Value: ['COORDINATES: protein motif:HMM:TIGR01439.1']
    Key: locus_tag, Value: ['SDZ_RS02730']
    Key: phase, Value: ['0']
    Key: product, Value: ['AbrB/MazE/SpoVT family DNA-binding domain-containing protein']
    Key: protein_id, Value: ['WP_074842014.1']
    Key: source, Value: ['Protein Homology']
    Key: transl_table, Value: ['11']

GF(AbrB/MazE/SpoVT family DNA-binding domain-containing protein, 21-300 (1))
type: CDS
location: [640051:640204](+)
id: cds-WP_206735619.1
qualifiers:
    Key: Dbxref, Value: ['GenBank:WP_206735619.1']
    Key: ID, Value: ['cds-WP_206735619.1']
    Key: Name, Value: ['WP_206735619.1']
    Key: Parent, Value: ['gene-SDZ_RS02735']
    Key: gbkey, Value: ['CDS']
    Key: inference, Value: ['COORDINATES: ab initio prediction:GeneMarkS-2+']
    Key: locus_tag, Value: ['SDZ_RS02735']
    Key: phase, Value: ['0']
    Key: product, Value: ['hypothetical protein']
    Key: protein_id, Value: ['WP_206735619.1']
    Key: source, Value: ['GeneMarkS-2+']
    Key: transl_table, Value: ['11']

GF(None, 292-445 (1))
type: CDS
location: [640526:642065](+)
id: cds-WP_164954202.1
qualifiers:
    Key: Dbxref, Value: ['GenBank:WP_164954202.1']
    Key: ID, Value: ['cds-WP_164954202.1']
    Key: Name, Value: ['WP_164954202.1']
    Key: Ontology_term, Value: ['GO:0004803']
    Key: Parent, Value: ['gene-SDZ_RS02740']
    Key: gbkey, Value: ['CDS']
    Key: go_function, Value: ['transposase activity|0004803||IEA']
    Key: inference, Value: ['COORDINATES: protein motif:HMM:NF033517.1']
    Key: locus_tag, Value: ['SDZ_RS02740']
    Key: phase, Value: ['0']
    Key: product, Value: ['IS66 family transposase']
    Key: protein_id, Value: ['WP_164954202.1']
    Key: source, Value: ['Protein Homology']
    Key: transl_table, Value: ['11']

GF(IS66 family transposase, 767-2306 (1))
type: CDS
location: [642691:643411](-)
id: cds-WP_164954203.1
qualifiers:
    Key: Dbxref, Value: ['GenBank:WP_164954203.1']
    Key: ID, Value: ['cds-WP_164954203.1']
    Key: Name, Value: ['WP_164954203.1']
    Key: Ontology_term, Value: ['GO:0004518']
    Key: Parent, Value: ['gene-SDZ_RS02745']
    Key: gbkey, Value: ['CDS']
    Key: go_function, Value: ['nuclease activity|0004518||IEA']
    Key: inference, Value: ['COORDINATES: protein motif:HMM:NF016146.2']
    Key: locus_tag, Value: ['SDZ_RS02745']
    Key: phase, Value: ['0']
    Key: product, Value: ['endonuclease']
    Key: protein_id, Value: ['WP_164954203.1']
    Key: source, Value: ['Protein Homology']
    Key: transl_table, Value: ['11']

GF(endonuclease, 2932-3652 (-1))
type: CDS
location: [643758:644784](-)
id: cds-WP_164954204.1
qualifiers:
    Key: Dbxref, Value: ['GenBank:WP_164954204.1']
    Key: ID, Value: ['cds-WP_164954204.1']
    Key: Name, Value: ['WP_164954204.1']
    Key: Parent, Value: ['gene-SDZ_RS02750']
    Key: gbkey, Value: ['CDS']
    Key: inference, Value: ['COORDINATES: protein motif:HMM:NF018009.2']
    Key: locus_tag, Value: ['SDZ_RS02750']
    Key: phase, Value: ['0']
    Key: product, Value: ['PDDEXK nuclease domain-containing protein']
    Key: protein_id, Value: ['WP_164954204.1']
    Key: source, Value: ['Protein Homology']
    Key: transl_table, Value: ['11']

GF(PDDEXK nuclease domain-containing protein, 3999-5025 (-1))
type: CDS
location: [644890:645130](+)
id: cds-WP_164954205.1
qualifiers:
    Key: Dbxref, Value: ['GenBank:WP_164954205.1']
    Key: ID, Value: ['cds-WP_164954205.1']
    Key: Name, Value: ['WP_164954205.1']
    Key: Parent, Value: ['gene-SDZ_RS02755']
    Key: gbkey, Value: ['CDS']
    Key: inference, Value: ['COORDINATES: ab initio prediction:GeneMarkS-2+']
    Key: locus_tag, Value: ['SDZ_RS02755']
    Key: phase, Value: ['0']
    Key: product, Value: ['hypothetical protein']
    Key: protein_id, Value: ['WP_164954205.1']
    Key: source, Value: ['GeneMarkS-2+']
    Key: transl_table, Value: ['11']

GF(None, 5131-5371 (1))
type: CDS
location: [646406:647381](+)
id: cds-WP_074841767.1
qualifiers:
    Key: Dbxref, Value: ['GenBank:WP_074841767.1']
    Key: ID, Value: ['cds-WP_074841767.1']
    Key: Name, Value: ['WP_074841767.1']
    Key: Ontology_term, Value: ['GO:0043571', 'GO:0004520', 'GO:0046872']
    Key: Parent, Value: ['gene-SDZ_RS02760']
    Key: gbkey, Value: ['CDS']
    Key: gene, Value: ['cas1']
    Key: go_function, Value: ['endodeoxyribonuclease activity|0004520||IEA', 'metal ion binding|0046872||IEA']
    Key: go_process, Value: ['maintenance of CRISPR repeat elements|0043571||IEA']
    Key: inference, Value: ['COORDINATES: protein motif:HMM:TIGR00287.1']
    Key: locus_tag, Value: ['SDZ_RS02760']
    Key: phase, Value: ['0']
    Key: product, Value: ['CRISPR-associated endonuclease Cas1']
    Key: protein_id, Value: ['WP_074841767.1']
    Key: source, Value: ['Protein Homology']
    Key: transl_table, Value: ['11']

GF(CRISPR-associated endonuclease Cas1, 6647-7622 (1))
type: CDS
location: [647395:647737](+)
id: cds-WP_083397051.1
qualifiers:
    Key: Dbxref, Value: ['GenBank:WP_083397051.1']
    Key: ID, Value: ['cds-WP_083397051.1']
    Key: Name, Value: ['WP_083397051.1']
    Key: Ontology_term, Value: ['GO:0043571', 'GO:0004521']
    Key: Parent, Value: ['gene-SDZ_RS02765']
    Key: gbkey, Value: ['CDS']
    Key: gene, Value: ['cas2']
    Key: go_function, Value: ['endoribonuclease activity|0004521||IEA']
    Key: go_process, Value: ['maintenance of CRISPR repeat elements|0043571||IEA']
    Key: inference, Value: ['COORDINATES: protein motif:HMM:TIGR01573.1']
    Key: locus_tag, Value: ['SDZ_RS02765']
    Key: phase, Value: ['0']
    Key: product, Value: ['CRISPR-associated endonuclease Cas2']
    Key: protein_id, Value: ['WP_083397051.1']
    Key: source, Value: ['Protein Homology']
    Key: transl_table, Value: ['11']

GF(CRISPR-associated endonuclease Cas2, 7636-7978 (1))
type: CDS
location: [647777:649217](+)
id: cds-WP_074841766.1
qualifiers:
    Key: Dbxref, Value: ['GenBank:WP_074841766.1']
    Key: ID, Value: ['cds-WP_074841766.1']
    Key: Name, Value: ['WP_074841766.1']
    Key: Parent, Value: ['gene-SDZ_RS02770']
    Key: gbkey, Value: ['CDS']
    Key: inference, Value: ['COORDINATES: protein motif:HMM:NF021196.2']
    Key: locus_tag, Value: ['SDZ_RS02770']
    Key: phase, Value: ['0']
    Key: product, Value: ['hypothetical protein']
    Key: protein_id, Value: ['WP_074841766.1']
    Key: source, Value: ['Protein Homology']
    Key: transl_table, Value: ['11']

GF(None, 8018-9458 (1))
type: CDS
location: [649338:651657](+)
id: cds-WP_074841765.1
qualifiers:
    Key: Dbxref, Value: ['GenBank:WP_074841765.1']
    Key: ID, Value: ['cds-WP_074841765.1']
    Key: Name, Value: ['WP_074841765.1']
    Key: Ontology_term, Value: ['GO:0043571', 'GO:0003674']
    Key: Parent, Value: ['gene-SDZ_RS02775']
    Key: gbkey, Value: ['CDS']
    Key: gene, Value: ['cas10']
    Key: go_function, Value: ['molecular_function|0003674||IEA']
    Key: go_process, Value: ['maintenance of CRISPR repeat elements|0043571||IEA']
    Key: inference, Value: ['COORDINATES: protein motif:HMM:TIGR02578.1']
    Key: locus_tag, Value: ['SDZ_RS02775']
    Key: phase, Value: ['0']
    Key: product, Value: ['type III-A CRISPR-associated protein Cas10/Csm1']
    Key: protein_id, Value: ['WP_074841765.1']
    Key: source, Value: ['Protein Homology']
    Key: transl_table, Value: ['11']

GF(type III-A CRISPR-associated protein Cas10/Csm1, 9579-11898 (1))
type: CDS
location: [651659:652172](+)
id: cds-WP_083397048.1
qualifiers:
    Key: Dbxref, Value: ['GenBank:WP_083397048.1']
    Key: ID, Value: ['cds-WP_083397048.1']
    Key: Name, Value: ['WP_083397048.1']
    Key: Ontology_term, Value: ['GO:0043571', 'GO:0003674']
    Key: Parent, Value: ['gene-SDZ_RS02780']
    Key: gbkey, Value: ['CDS']
    Key: gene, Value: ['csm2']
    Key: go_function, Value: ['molecular_function|0003674||IEA']
    Key: go_process, Value: ['maintenance of CRISPR repeat elements|0043571||IEA']
    Key: inference, Value: ['COORDINATES: protein motif:HMM:NF015695.2']
    Key: locus_tag, Value: ['SDZ_RS02780']
    Key: phase, Value: ['0']
    Key: product, Value: ['type III-A CRISPR-associated protein Csm2']
    Key: protein_id, Value: ['WP_083397048.1']
    Key: source, Value: ['Protein Homology']
    Key: transl_table, Value: ['11']

GF(type III-A CRISPR-associated protein Csm2, 11900-12413 (1))
type: CDS
location: [652193:652862](+)
id: cds-WP_143075464.1
qualifiers:
    Key: Dbxref, Value: ['GenBank:WP_143075464.1']
    Key: ID, Value: ['cds-WP_143075464.1']
    Key: Name, Value: ['WP_143075464.1']
    Key: Ontology_term, Value: ['GO:0043571', 'GO:0003674']
    Key: Parent, Value: ['gene-SDZ_RS02785']
    Key: gbkey, Value: ['CDS']
    Key: gene, Value: ['csm3']
    Key: go_function, Value: ['molecular_function|0003674||IEA']
    Key: go_process, Value: ['maintenance of CRISPR repeat elements|0043571||IEA']
    Key: inference, Value: ['COORDINATES: similar to AA sequence:RefSeq:WP_019001912.1']
    Key: locus_tag, Value: ['SDZ_RS02785']
    Key: phase, Value: ['0']
    Key: product, Value: ['type III-A CRISPR-associated RAMP protein Csm3']
    Key: protein_id, Value: ['WP_143075464.1']
    Key: source, Value: ['Protein Homology']
    Key: transl_table, Value: ['11']

GF(type III-A CRISPR-associated RAMP protein Csm3, 12434-13103 (1))
type: CDS
location: [652873:653827](+)
id: cds-WP_074841763.1
qualifiers:
    Key: Dbxref, Value: ['GenBank:WP_074841763.1']
    Key: ID, Value: ['cds-WP_074841763.1']
    Key: Name, Value: ['WP_074841763.1']
    Key: Ontology_term, Value: ['GO:0043571', 'GO:0003674']
    Key: Parent, Value: ['gene-SDZ_RS02790']
    Key: gbkey, Value: ['CDS']
    Key: gene, Value: ['csm4']
    Key: go_function, Value: ['molecular_function|0003674||IEA']
    Key: go_process, Value: ['maintenance of CRISPR repeat elements|0043571||IEA']
    Key: inference, Value: ['COORDINATES: protein motif:HMM:TIGR01903.1']
    Key: locus_tag, Value: ['SDZ_RS02790']
    Key: phase, Value: ['0']
    Key: product, Value: ['type III-A CRISPR-associated RAMP protein Csm4']
    Key: protein_id, Value: ['WP_074841763.1']
    Key: source, Value: ['Protein Homology']
    Key: transl_table, Value: ['11']

GF(type III-A CRISPR-associated RAMP protein Csm4, 13114-14068 (1))
type: CDS
location: [653823:655017](+)
id: cds-WP_074841762.1
qualifiers:
    Key: Dbxref, Value: ['GenBank:WP_074841762.1']
    Key: ID, Value: ['cds-WP_074841762.1']
    Key: Name, Value: ['WP_074841762.1']
    Key: Ontology_term, Value: ['GO:0043571', 'GO:0003674']
    Key: Parent, Value: ['gene-SDZ_RS02795']
    Key: gbkey, Value: ['CDS']
    Key: gene, Value: ['csm5']
    Key: go_function, Value: ['molecular_function|0003674||IEA']
    Key: go_process, Value: ['maintenance of CRISPR repeat elements|0043571||IEA']
    Key: inference, Value: ['COORDINATES: protein motif:HMM:NF015728.2']
    Key: locus_tag, Value: ['SDZ_RS02795']
    Key: phase, Value: ['0']
    Key: product, Value: ['type III-A CRISPR-associated RAMP protein Csm5']
    Key: protein_id, Value: ['WP_074841762.1']
    Key: source, Value: ['Protein Homology']
    Key: transl_table, Value: ['11']

GF(type III-A CRISPR-associated RAMP protein Csm5, 14064-15258 (1))
type: CDS
location: [655684:656029](+)
id: cds-WP_164954113.1-3
qualifiers:
    Key: Dbxref, Value: ['GenBank:WP_164954113.1']
    Key: ID, Value: ['cds-WP_164954113.1-3']
    Key: Name, Value: ['WP_164954113.1']
    Key: Parent, Value: ['gene-SDZ_RS02800']
    Key: gbkey, Value: ['CDS']
    Key: inference, Value: ['COORDINATES: ab initio prediction:GeneMarkS-2+']
    Key: locus_tag, Value: ['SDZ_RS02800']
    Key: phase, Value: ['0']
    Key: product, Value: ['hypothetical protein']
    Key: protein_id, Value: ['WP_164954113.1']
    Key: source, Value: ['GeneMarkS-2+']
    Key: transl_table, Value: ['11']

GF(None, 15925-16270 (1))
type: CDS
location: [656038:657226](+)
id: cds-WP_164954206.1
qualifiers:
    Key: Dbxref, Value: ['GenBank:WP_164954206.1']
    Key: ID, Value: ['cds-WP_164954206.1']
    Key: Name, Value: ['WP_164954206.1']
    Key: Ontology_term, Value: ['GO:0004803']
    Key: Parent, Value: ['gene-SDZ_RS02805']
    Key: gbkey, Value: ['CDS']
    Key: go_function, Value: ['transposase activity|0004803||IEA']
    Key: inference, Value: ['COORDINATES: protein motif:HMM:NF033545.0']
    Key: locus_tag, Value: ['SDZ_RS02805']
    Key: phase, Value: ['0']
    Key: product, Value: ['IS630 family transposase']
    Key: protein_id, Value: ['WP_164954206.1']
    Key: source, Value: ['Protein Homology']
    Key: transl_table, Value: ['11']

GF(IS630 family transposase, 16279-17467 (1))
type: CDS
location: [657511:658600](+)
id: cds-WP_074841407.1
qualifiers:
    Key: Dbxref, Value: ['GenBank:WP_074841407.1']
    Key: ID, Value: ['cds-WP_074841407.1']
    Key: Name, Value: ['WP_074841407.1']
    Key: Ontology_term, Value: ['GO:0005515']
    Key: Parent, Value: ['gene-SDZ_RS02810']
    Key: gbkey, Value: ['CDS']
    Key: go_function, Value: ['protein binding|0005515||IEA']
    Key: inference, Value: ['COORDINATES: protein motif:HMM:NF019843.2']
    Key: locus_tag, Value: ['SDZ_RS02810']
    Key: phase, Value: ['0']
    Key: product, Value: ['tetratricopeptide repeat protein']
    Key: protein_id, Value: ['WP_074841407.1']
    Key: source, Value: ['Protein Homology']
    Key: transl_table, Value: ['11']

GF(tetratricopeptide repeat protein, 17752-18841 (1))
type: repeat_region
location: [645641:646239](+)
id: NZ_CP047056.1_2
qualifiers:
    Key: Dbxref, Value: ['SO:0001459']
    Key: ID, Value: ['NZ_CP047056.1_2']
    Key: Note, Value: ['GTTCTAAAACCTTTTCCCCGTAAGGGGACGAAAAC']
    Key: Ontology_term, Value: ['CRISPR']
    Key: score, Value: ['598']
    Key: source, Value: ['CCTyper']

GF(Repeat region, 5882-6480 (0))
type: repeat_region
location: [655209:655465](+)
id: NZ_CP047056.1_3
qualifiers:
    Key: Dbxref, Value: ['SO:0001459']
    Key: ID, Value: ['NZ_CP047056.1_3']
    Key: Note, Value: ['GTTTTATTTTTATTTCCCCGTTAGGGGACGAGAACT']
    Key: Ontology_term, Value: ['CRISPR']
    Key: score, Value: ['256']
    Key: source, Value: ['CCTyper']

GF(Repeat region, 15450-15706 (0))
graphic feature from cctyper protein table: GF(PD, 4000-5025 (-1))
graphic feature from cctyper protein table: GF(Cas1, 6648-7622 (1))
graphic feature from cctyper protein table: GF(Cas2, 7637-7978 (1))
graphic feature from cctyper protein table: GF(Csm6, 8019-9458 (1))
graphic feature from cctyper protein table: GF(Cas10, 9580-11898 (1))
graphic feature from cctyper protein table: GF(Csm2gr11, 11901-12413 (1))
graphic feature from cctyper protein table: GF(Csm3gr7, 12435-13103 (1))
graphic feature from cctyper protein table: GF(Csm4gr5, 13115-14068 (1))
graphic feature from cctyper protein table: GF(Csm5gr7, 14065-15258 (1))
Index(['protein_id', 'start', 'end', 'effector', 'locus', 'sample', 'strand',
       'sequence', 'type'],
      dtype='object')
graphic feature from known effectors: GF(csm6-ca6, 8019-9458 (1))
Index(['protein_id', 'start', 'end', 'effector', 'locus', 'sample', 'strand',
       'sequence'],
      dtype='object')
[GF(AbrB/MazE/SpoVT family DNA-binding domain-containing protein, 21-300 (1)), GF(None, 292-445 (1)), GF(IS66 family transposase, 767-2306 (1)), GF(endonuclease, 2932-3652 (-1)), GF(PDDEXK nuclease domain-containing protein, 3999-5025 (-1)), GF(None, 5131-5371 (1)), GF(CRISPR-associated endonuclease Cas1, 6647-7622 (1)), GF(CRISPR-associated endonuclease Cas2, 7636-7978 (1)), GF(None, 8018-9458 (1)), GF(type III-A CRISPR-associated protein Cas10/Csm1, 9579-11898 (1)), GF(type III-A CRISPR-associated protein Csm2, 11900-12413 (1)), GF(type III-A CRISPR-associated RAMP protein Csm3, 12434-13103 (1)), GF(type III-A CRISPR-associated RAMP protein Csm4, 13114-14068 (1)), GF(type III-A CRISPR-associated RAMP protein Csm5, 14064-15258 (1)), GF(None, 15925-16270 (1)), GF(IS630 family transposase, 16279-17467 (1)), GF(tetratricopeptide repeat protein, 17752-18841 (1)), GF(Repeat region, 5882-6480 (0)), GF(Repeat region, 15450-15706 (0)), GF(PD, 4000-5025 (-1)), GF(Cas1, 6648-7622 (1)), GF(Cas2, 7637-7978 (1)), GF(Csm6, 8019-9458 (1)), GF(Cas10, 9580-11898 (1)), GF(Csm2gr11, 11901-12413 (1)), GF(Csm3gr7, 12435-13103 (1)), GF(Csm4gr5, 13115-14068 (1)), GF(Csm5gr7, 14065-15258 (1)), GF(csm6-ca6, 8019-9458 (1)), GF(CRISPR-Cas locus, 4000-15258 (0))]
