Cas operons file:    Unnamed: 0         Contig  ...           locus_id           sample
0           1  NZ_CP010822.1  ...  GCF_001399775.1_1  GCF_001399775.1

[1 rows x 19 columns]
The chosen contig: NZ_CP010822.1
type: CDS
location: [1231085:1231838](+)
id: cds-WP_003047951.1
qualifiers:
    Key: Dbxref, Value: ['GenBank:WP_003047951.1']
    Key: ID, Value: ['cds-WP_003047951.1']
    Key: Name, Value: ['WP_003047951.1']
    Key: Parent, Value: ['gene-TO73_RS06640']
    Key: gbkey, Value: ['CDS']
    Key: inference, Value: ['COORDINATES: similar to AA sequence:RefSeq:WP_018112158.1']
    Key: locus_tag, Value: ['TO73_RS06640']
    Key: phase, Value: ['0']
    Key: product, Value: ['hypothetical protein']
    Key: protein_id, Value: ['WP_003047951.1']
    Key: source, Value: ['Protein Homology']
    Key: transl_table, Value: ['11']

GF(None, 703-1456 (1))
type: CDS
location: [1231821:1232811](-)
id: cds-WP_003047954.1
qualifiers:
    Key: Dbxref, Value: ['GenBank:WP_003047954.1']
    Key: ID, Value: ['cds-WP_003047954.1']
    Key: Name, Value: ['WP_003047954.1']
    Key: Ontology_term, Value: ['GO:0016787']
    Key: Parent, Value: ['gene-TO73_RS06645']
    Key: gbkey, Value: ['CDS']
    Key: go_function, Value: ['hydrolase activity|0016787||IEA']
    Key: inference, Value: ['COORDINATES: similar to AA sequence:RefSeq:WP_008632708.1']
    Key: locus_tag, Value: ['TO73_RS06645']
    Key: phase, Value: ['0']
    Key: product, Value: ['pectin acetylesterase-family hydrolase']
    Key: protein_id, Value: ['WP_003047954.1']
    Key: source, Value: ['Protein Homology']
    Key: transl_table, Value: ['11']

GF(pectin acetylesterase-family hydrolase, 1439-2429 (-1))
type: CDS
location: [1234381:1236799](+)
id: cds-WP_003047956.1
qualifiers:
    Key: Dbxref, Value: ['GenBank:WP_003047956.1']
    Key: ID, Value: ['cds-WP_003047956.1']
    Key: Name, Value: ['WP_003047956.1']
    Key: Ontology_term, Value: ['GO:0043571', 'GO:0003674']
    Key: Parent, Value: ['gene-TO73_RS06650']
    Key: gbkey, Value: ['CDS']
    Key: gene, Value: ['cas10']
    Key: go_function, Value: ['molecular_function|0003674||IEA']
    Key: go_process, Value: ['maintenance of CRISPR repeat elements|0043571||IEA']
    Key: inference, Value: ['COORDINATES: similar to AA sequence:RefSeq:WP_011174462.1']
    Key: locus_tag, Value: ['TO73_RS06650']
    Key: phase, Value: ['0']
    Key: product, Value: ['type III-A CRISPR-associated protein Cas10/Csm1']
    Key: protein_id, Value: ['WP_003047956.1']
    Key: source, Value: ['Protein Homology']
    Key: transl_table, Value: ['11']

GF(type III-A CRISPR-associated protein Cas10/Csm1, 3999-6417 (1))
type: CDS
location: [1236799:1237204](+)
id: cds-WP_003047959.1
qualifiers:
    Key: Dbxref, Value: ['GenBank:WP_003047959.1']
    Key: ID, Value: ['cds-WP_003047959.1']
    Key: Name, Value: ['WP_003047959.1']
    Key: Ontology_term, Value: ['GO:0043571', 'GO:0003674']
    Key: Parent, Value: ['gene-TO73_RS06655']
    Key: gbkey, Value: ['CDS']
    Key: gene, Value: ['csm2']
    Key: go_function, Value: ['molecular_function|0003674||IEA']
    Key: go_process, Value: ['maintenance of CRISPR repeat elements|0043571||IEA']
    Key: inference, Value: ['COORDINATES: similar to AA sequence:RefSeq:WP_018461515.1']
    Key: locus_tag, Value: ['TO73_RS06655']
    Key: phase, Value: ['0']
    Key: product, Value: ['type III-A CRISPR-associated protein Csm2']
    Key: protein_id, Value: ['WP_003047959.1']
    Key: source, Value: ['Protein Homology']
    Key: transl_table, Value: ['11']

GF(type III-A CRISPR-associated protein Csm2, 6417-6822 (1))
type: CDS
location: [1237212:1237944](+)
id: cds-WP_003047961.1
qualifiers:
    Key: Dbxref, Value: ['GenBank:WP_003047961.1']
    Key: ID, Value: ['cds-WP_003047961.1']
    Key: Name, Value: ['WP_003047961.1']
    Key: Ontology_term, Value: ['GO:0043571', 'GO:0003674']
    Key: Parent, Value: ['gene-TO73_RS06660']
    Key: gbkey, Value: ['CDS']
    Key: gene, Value: ['csm3']
    Key: go_function, Value: ['molecular_function|0003674||IEA']
    Key: go_process, Value: ['maintenance of CRISPR repeat elements|0043571||IEA']
    Key: inference, Value: ['COORDINATES: similar to AA sequence:RefSeq:WP_011229151.1']
    Key: locus_tag, Value: ['TO73_RS06660']
    Key: phase, Value: ['0']
    Key: product, Value: ['type III-A CRISPR-associated RAMP protein Csm3']
    Key: protein_id, Value: ['WP_003047961.1']
    Key: source, Value: ['Protein Homology']
    Key: transl_table, Value: ['11']

GF(type III-A CRISPR-associated RAMP protein Csm3, 6830-7562 (1))
type: CDS
location: [1237945:1238812](+)
id: cds-WP_060474009.1
qualifiers:
    Key: Dbxref, Value: ['GenBank:WP_060474009.1']
    Key: ID, Value: ['cds-WP_060474009.1']
    Key: Name, Value: ['WP_060474009.1']
    Key: Parent, Value: ['gene-TO73_RS06665']
    Key: gbkey, Value: ['CDS']
    Key: inference, Value: ['COORDINATES: similar to AA sequence:RefSeq:WP_011229150.1']
    Key: locus_tag, Value: ['TO73_RS06665']
    Key: phase, Value: ['0']
    Key: product, Value: ['hypothetical protein']
    Key: protein_id, Value: ['WP_060474009.1']
    Key: source, Value: ['Protein Homology']
    Key: transl_table, Value: ['11']

GF(None, 7563-8430 (1))
type: CDS
location: [1238808:1239936](+)
id: cds-WP_003047967.1
qualifiers:
    Key: Dbxref, Value: ['GenBank:WP_003047967.1']
    Key: ID, Value: ['cds-WP_003047967.1']
    Key: Name, Value: ['WP_003047967.1']
    Key: Ontology_term, Value: ['GO:0043571', 'GO:0003674']
    Key: Parent, Value: ['gene-TO73_RS06670']
    Key: gbkey, Value: ['CDS']
    Key: gene, Value: ['csm5']
    Key: go_function, Value: ['molecular_function|0003674||IEA']
    Key: go_process, Value: ['maintenance of CRISPR repeat elements|0043571||IEA']
    Key: inference, Value: ['COORDINATES: similar to AA sequence:RefSeq:WP_018461513.1']
    Key: locus_tag, Value: ['TO73_RS06670']
    Key: phase, Value: ['0']
    Key: product, Value: ['type III-A CRISPR-associated RAMP protein Csm5']
    Key: protein_id, Value: ['WP_003047967.1']
    Key: source, Value: ['Protein Homology']
    Key: transl_table, Value: ['11']

GF(type III-A CRISPR-associated RAMP protein Csm5, 8426-9554 (1))
type: CDS
location: [1240099:1240384](+)
id: cds-WP_003047969.1
qualifiers:
    Key: Dbxref, Value: ['GenBank:WP_003047969.1']
    Key: ID, Value: ['cds-WP_003047969.1']
    Key: Name, Value: ['WP_003047969.1']
    Key: Parent, Value: ['gene-TO73_RS06675']
    Key: gbkey, Value: ['CDS']
    Key: inference, Value: ['COORDINATES: ab initio prediction:GeneMarkS-2+']
    Key: locus_tag, Value: ['TO73_RS06675']
    Key: phase, Value: ['0']
    Key: product, Value: ['hypothetical protein']
    Key: protein_id, Value: ['WP_003047969.1']
    Key: source, Value: ['GeneMarkS-2+']
    Key: transl_table, Value: ['11']

GF(None, 9717-10002 (1))
type: CDS
location: [1240346:1241297](+)
id: cds-WP_003047971.1
qualifiers:
    Key: Dbxref, Value: ['GenBank:WP_003047971.1']
    Key: ID, Value: ['cds-WP_003047971.1']
    Key: Name, Value: ['WP_003047971.1']
    Key: Parent, Value: ['gene-TO73_RS06680']
    Key: gbkey, Value: ['CDS']
    Key: inference, Value: ['COORDINATES: ab initio prediction:GeneMarkS-2+']
    Key: locus_tag, Value: ['TO73_RS06680']
    Key: phase, Value: ['0']
    Key: product, Value: ['hypothetical protein']
    Key: protein_id, Value: ['WP_003047971.1']
    Key: source, Value: ['GeneMarkS-2+']
    Key: transl_table, Value: ['11']

GF(None, 9964-10915 (1))
type: CDS
location: [1241293:1242007](+)
id: cds-WP_003047973.1
qualifiers:
    Key: Dbxref, Value: ['GenBank:WP_003047973.1']
    Key: ID, Value: ['cds-WP_003047973.1']
    Key: Name, Value: ['WP_003047973.1']
    Key: Parent, Value: ['gene-TO73_RS06685']
    Key: gbkey, Value: ['CDS']
    Key: inference, Value: ['COORDINATES: similar to AA sequence:RefSeq:WP_011174452.1']
    Key: locus_tag, Value: ['TO73_RS06685']
    Key: phase, Value: ['0']
    Key: product, Value: ['hypothetical protein']
    Key: protein_id, Value: ['WP_003047973.1']
    Key: source, Value: ['Protein Homology']
    Key: transl_table, Value: ['11']

GF(None, 10911-11625 (1))
type: repeat_region
location: [1232916:1233864](+)
id: NZ_CP010822.1_5
qualifiers:
    Key: Dbxref, Value: ['SO:0001459']
    Key: ID, Value: ['NZ_CP010822.1_5']
    Key: Note, Value: ['GTCGCAATCCCCTTACGGGGCTAAGTGG']
    Key: Ontology_term, Value: ['CRISPR']
    Key: score, Value: ['948']
    Key: source, Value: ['CCTyper']

GF(Repeat region, 2534-3482 (0))
[GF(None, 703-1456 (1)), GF(pectin acetylesterase-family hydrolase, 1439-2429 (-1)), GF(type III-A CRISPR-associated protein Cas10/Csm1, 3999-6417 (1)), GF(type III-A CRISPR-associated protein Csm2, 6417-6822 (1)), GF(type III-A CRISPR-associated RAMP protein Csm3, 6830-7562 (1)), GF(None, 7563-8430 (1)), GF(type III-A CRISPR-associated RAMP protein Csm5, 8426-9554 (1)), GF(None, 9717-10002 (1)), GF(None, 9964-10915 (1)), GF(None, 10911-11625 (1)), GF(Repeat region, 2534-3482 (0)), GF(CRISPR-Cas locus, 4000-9554 (0))]
