Cas operons file:    Unnamed: 0         Contig  ...           locus_id           sample
0           3  NZ_CP040297.1  ...  GCF_013393945.1_3  GCF_013393945.1

[1 rows x 19 columns]
The chosen contig: NZ_CP040297.1
type: CDS
location: [4339296:4340039](+)
id: cds-FD725_RS18925
qualifiers:
    Key: ID, Value: ['cds-FD725_RS18925']
    Key: Note, Value: ['frameshifted']
    Key: Ontology_term, Value: ['GO:0004803']
    Key: Parent, Value: ['gene-FD725_RS18925']
    Key: gbkey, Value: ['CDS']
    Key: go_function, Value: ['transposase activity|0004803||IEA']
    Key: inference, Value: ['COORDINATES: similar to AA sequence:RefSeq:WP_076612309.1']
    Key: locus_tag, Value: ['FD725_RS18925']
    Key: phase, Value: ['0']
    Key: product, Value: ['IS1 family transposase']
    Key: pseudo, Value: ['true']
    Key: source, Value: ['Protein Homology']
    Key: transl_table, Value: ['11']

GF(IS1 family transposase, 231-974 (1))
type: CDS
location: [4340243:4342325](+)
id: cds-WP_179049574.1
qualifiers:
    Key: Dbxref, Value: ['GenBank:WP_179049574.1']
    Key: ID, Value: ['cds-WP_179049574.1']
    Key: Name, Value: ['WP_179049574.1']
    Key: Parent, Value: ['gene-FD725_RS18930']
    Key: gbkey, Value: ['CDS']
    Key: inference, Value: ['COORDINATES: protein motif:HMM:NF017539.2']
    Key: locus_tag, Value: ['FD725_RS18930']
    Key: phase, Value: ['0']
    Key: product, Value: ['NACHT domain-containing protein']
    Key: protein_id, Value: ['WP_179049574.1']
    Key: source, Value: ['Protein Homology']
    Key: transl_table, Value: ['11']

GF(NACHT domain-containing protein, 1178-3260 (1))
type: CDS
location: [4342539:4342803](+)
id: cds-WP_179049575.1
qualifiers:
    Key: Dbxref, Value: ['GenBank:WP_179049575.1']
    Key: ID, Value: ['cds-WP_179049575.1']
    Key: Name, Value: ['WP_179049575.1']
    Key: Parent, Value: ['gene-FD725_RS18935']
    Key: gbkey, Value: ['CDS']
    Key: inference, Value: ['COORDINATES: ab initio prediction:GeneMarkS-2+']
    Key: locus_tag, Value: ['FD725_RS18935']
    Key: phase, Value: ['0']
    Key: product, Value: ['hypothetical protein']
    Key: protein_id, Value: ['WP_179049575.1']
    Key: source, Value: ['GeneMarkS-2+']
    Key: transl_table, Value: ['11']

GF(None, 3474-3738 (1))
type: CDS
location: [4343064:4346289](+)
id: cds-WP_179049576.1
qualifiers:
    Key: Dbxref, Value: ['GenBank:WP_179049576.1']
    Key: ID, Value: ['cds-WP_179049576.1']
    Key: Name, Value: ['WP_179049576.1']
    Key: Ontology_term, Value: ['GO:0043571', 'GO:0003674']
    Key: Parent, Value: ['gene-FD725_RS18940']
    Key: gbkey, Value: ['CDS']
    Key: gene, Value: ['cas10']
    Key: go_function, Value: ['molecular_function|0003674||IEA']
    Key: go_process, Value: ['maintenance of CRISPR repeat elements|0043571||IEA']
    Key: inference, Value: ['COORDINATES: similar to AA sequence:RefSeq:WP_015217680.1']
    Key: locus_tag, Value: ['FD725_RS18940']
    Key: phase, Value: ['0']
    Key: product, Value: ['type III-B CRISPR-associated protein Cas10/Cmr2']
    Key: protein_id, Value: ['WP_179049576.1']
    Key: source, Value: ['Protein Homology']
    Key: transl_table, Value: ['11']

GF(type III-B CRISPR-associated protein Cas10/Cmr2, 3999-7224 (1))
type: CDS
location: [4346266:4347421](+)
id: cds-WP_179049577.1
qualifiers:
    Key: Dbxref, Value: ['GenBank:WP_179049577.1']
    Key: ID, Value: ['cds-WP_179049577.1']
    Key: Name, Value: ['WP_179049577.1']
    Key: Parent, Value: ['gene-FD725_RS18945']
    Key: gbkey, Value: ['CDS']
    Key: inference, Value: ['COORDINATES: similar to AA sequence:RefSeq:WP_006278123.1']
    Key: locus_tag, Value: ['FD725_RS18945']
    Key: phase, Value: ['0']
    Key: product, Value: ['type III-B CRISPR module-associated Cmr3 family protein']
    Key: protein_id, Value: ['WP_179049577.1']
    Key: source, Value: ['Protein Homology']
    Key: transl_table, Value: ['11']

GF(type III-B CRISPR module-associated Cmr3 family protein, 7201-8356 (1))
type: CDS
location: [4347417:4348284](+)
id: cds-WP_179049578.1
qualifiers:
    Key: Dbxref, Value: ['GenBank:WP_179049578.1']
    Key: ID, Value: ['cds-WP_179049578.1']
    Key: Name, Value: ['WP_179049578.1']
    Key: Ontology_term, Value: ['GO:0043571', 'GO:0003674']
    Key: Parent, Value: ['gene-FD725_RS18950']
    Key: gbkey, Value: ['CDS']
    Key: gene, Value: ['cmr4']
    Key: go_function, Value: ['molecular_function|0003674||IEA']
    Key: go_process, Value: ['maintenance of CRISPR repeat elements|0043571||IEA']
    Key: inference, Value: ['COORDINATES: similar to AA sequence:RefSeq:WP_017317331.1']
    Key: locus_tag, Value: ['FD725_RS18950']
    Key: phase, Value: ['0']
    Key: product, Value: ['type III-B CRISPR module RAMP protein Cmr4']
    Key: protein_id, Value: ['WP_179049578.1']
    Key: source, Value: ['Protein Homology']
    Key: transl_table, Value: ['11']

GF(type III-B CRISPR module RAMP protein Cmr4, 8352-9219 (1))
type: CDS
location: [4348286:4348700](+)
id: cds-WP_179049579.1
qualifiers:
    Key: Dbxref, Value: ['GenBank:WP_179049579.1']
    Key: ID, Value: ['cds-WP_179049579.1']
    Key: Name, Value: ['WP_179049579.1']
    Key: Parent, Value: ['gene-FD725_RS18955']
    Key: gbkey, Value: ['CDS']
    Key: inference, Value: ['COORDINATES: similar to AA sequence:RefSeq:WP_017317332.1']
    Key: locus_tag, Value: ['FD725_RS18955']
    Key: phase, Value: ['0']
    Key: product, Value: ['hypothetical protein']
    Key: protein_id, Value: ['WP_179049579.1']
    Key: source, Value: ['Protein Homology']
    Key: transl_table, Value: ['11']

GF(None, 9221-9635 (1))
type: CDS
location: [4348702:4350496](+)
id: cds-WP_179049580.1
qualifiers:
    Key: Dbxref, Value: ['GenBank:WP_179049580.1']
    Key: ID, Value: ['cds-WP_179049580.1']
    Key: Name, Value: ['WP_179049580.1']
    Key: Parent, Value: ['gene-FD725_RS18960']
    Key: gbkey, Value: ['CDS']
    Key: inference, Value: ['COORDINATES: ab initio prediction:GeneMarkS-2+']
    Key: locus_tag, Value: ['FD725_RS18960']
    Key: phase, Value: ['0']
    Key: product, Value: ['CRISPR-associated protein Cmr6']
    Key: protein_id, Value: ['WP_179049580.1']
    Key: source, Value: ['GeneMarkS-2+']
    Key: transl_table, Value: ['11']

GF(CRISPR-associated protein Cmr6, 9637-11431 (1))
type: CDS
location: [4350534:4350693](+)
id: cds-WP_179049581.1
qualifiers:
    Key: Dbxref, Value: ['GenBank:WP_179049581.1']
    Key: ID, Value: ['cds-WP_179049581.1']
    Key: Name, Value: ['WP_179049581.1']
    Key: Parent, Value: ['gene-FD725_RS18965']
    Key: gbkey, Value: ['CDS']
    Key: inference, Value: ['COORDINATES: ab initio prediction:GeneMarkS-2+']
    Key: locus_tag, Value: ['FD725_RS18965']
    Key: phase, Value: ['0']
    Key: product, Value: ['hypothetical protein']
    Key: protein_id, Value: ['WP_179049581.1']
    Key: source, Value: ['GeneMarkS-2+']
    Key: transl_table, Value: ['11']

GF(None, 11469-11628 (1))
type: CDS
location: [4350966:4352661](+)
id: cds-WP_179049582.1
qualifiers:
    Key: Dbxref, Value: ['GenBank:WP_179049582.1']
    Key: ID, Value: ['cds-WP_179049582.1']
    Key: Name, Value: ['WP_179049582.1']
    Key: Parent, Value: ['gene-FD725_RS18970']
    Key: gbkey, Value: ['CDS']
    Key: inference, Value: ['COORDINATES: ab initio prediction:GeneMarkS-2+']
    Key: locus_tag, Value: ['FD725_RS18970']
    Key: phase, Value: ['0']
    Key: product, Value: ['hypothetical protein']
    Key: protein_id, Value: ['WP_179049582.1']
    Key: source, Value: ['GeneMarkS-2+']
    Key: transl_table, Value: ['11']

GF(None, 11901-13596 (1))
type: CDS
location: [4354060:4356271](+)
id: cds-WP_306296877.1
qualifiers:
    Key: Dbxref, Value: ['GenBank:WP_306296877.1']
    Key: ID, Value: ['cds-WP_306296877.1']
    Key: Name, Value: ['WP_306296877.1']
    Key: Parent, Value: ['gene-FD725_RS18975']
    Key: gbkey, Value: ['CDS']
    Key: inference, Value: ['COORDINATES: similar to AA sequence:RefSeq:WP_016953595.1']
    Key: locus_tag, Value: ['FD725_RS18975']
    Key: phase, Value: ['0']
    Key: product, Value: ['WYL domain-containing protein']
    Key: protein_id, Value: ['WP_306296877.1']
    Key: source, Value: ['Protein Homology']
    Key: transl_table, Value: ['11']

GF(WYL domain-containing protein, 14995-17206 (1))
type: CDS
location: [4356403:4357279](-)
id: cds-WP_179049583.1
qualifiers:
    Key: Dbxref, Value: ['GenBank:WP_179049583.1']
    Key: ID, Value: ['cds-WP_179049583.1']
    Key: Name, Value: ['WP_179049583.1']
    Key: Parent, Value: ['gene-FD725_RS18980']
    Key: gbkey, Value: ['CDS']
    Key: inference, Value: ['COORDINATES: similar to AA sequence:RefSeq:WP_015139313.1']
    Key: locus_tag, Value: ['FD725_RS18980']
    Key: phase, Value: ['0']
    Key: product, Value: ['DUF4351 domain-containing protein']
    Key: protein_id, Value: ['WP_179049583.1']
    Key: source, Value: ['Protein Homology']
    Key: transl_table, Value: ['11']

GF(DUF4351 domain-containing protein, 17338-18214 (-1))
type: CDS
location: [4357330:4357546](+)
id: cds-WP_179049584.1
qualifiers:
    Key: Dbxref, Value: ['GenBank:WP_179049584.1']
    Key: ID, Value: ['cds-WP_179049584.1']
    Key: Name, Value: ['WP_179049584.1']
    Key: Parent, Value: ['gene-FD725_RS18985']
    Key: gbkey, Value: ['CDS']
    Key: inference, Value: ['COORDINATES: ab initio prediction:GeneMarkS-2+']
    Key: locus_tag, Value: ['FD725_RS18985']
    Key: phase, Value: ['0']
    Key: product, Value: ['hypothetical protein']
    Key: protein_id, Value: ['WP_179049584.1']
    Key: source, Value: ['GeneMarkS-2+']
    Key: transl_table, Value: ['11']

GF(None, 18265-18481 (1))
type: CDS
location: [4357805:4358177](+)
id: cds-WP_179049585.1
qualifiers:
    Key: Dbxref, Value: ['GenBank:WP_179049585.1']
    Key: ID, Value: ['cds-WP_179049585.1']
    Key: Name, Value: ['WP_179049585.1']
    Key: Parent, Value: ['gene-FD725_RS18990']
    Key: gbkey, Value: ['CDS']
    Key: inference, Value: ['COORDINATES: similar to AA sequence:RefSeq:WP_012408223.1']
    Key: locus_tag, Value: ['FD725_RS18990']
    Key: phase, Value: ['0']
    Key: product, Value: ['hypothetical protein']
    Key: protein_id, Value: ['WP_179049585.1']
    Key: source, Value: ['Protein Homology']
    Key: transl_table, Value: ['11']

GF(None, 18740-19112 (1))
type: CDS
location: [4358374:4358758](+)
id: cds-WP_179049586.1
qualifiers:
    Key: Dbxref, Value: ['GenBank:WP_179049586.1']
    Key: ID, Value: ['cds-WP_179049586.1']
    Key: Name, Value: ['WP_179049586.1']
    Key: Parent, Value: ['gene-FD725_RS18995']
    Key: gbkey, Value: ['CDS']
    Key: inference, Value: ['COORDINATES: similar to AA sequence:RefSeq:WP_019496272.1']
    Key: locus_tag, Value: ['FD725_RS18995']
    Key: phase, Value: ['0']
    Key: product, Value: ['hypothetical protein']
    Key: protein_id, Value: ['WP_179049586.1']
    Key: source, Value: ['Protein Homology']
    Key: transl_table, Value: ['11']

GF(None, 19309-19693 (1))
type: repeat_region
location: [4352920:4354050](+)
id: NZ_CP040297.1_8
qualifiers:
    Key: Dbxref, Value: ['SO:0001459']
    Key: ID, Value: ['NZ_CP040297.1_8']
    Key: Note, Value: ['TTCTCTACTAACAATGTGGAGACGATTTAATGGAAAC']
    Key: Ontology_term, Value: ['CRISPR']
    Key: score, Value: ['1130']
    Key: source, Value: ['CCTyper']

GF(Repeat region, 13855-14985 (0))
graphic feature from known effectors: GF(csx1, 11902-13596 (1))
[GF(IS1 family transposase, 231-974 (1)), GF(NACHT domain-containing protein, 1178-3260 (1)), GF(None, 3474-3738 (1)), GF(type III-B CRISPR-associated protein Cas10/Cmr2, 3999-7224 (1)), GF(type III-B CRISPR module-associated Cmr3 family protein, 7201-8356 (1)), GF(type III-B CRISPR module RAMP protein Cmr4, 8352-9219 (1)), GF(None, 9221-9635 (1)), GF(CRISPR-associated protein Cmr6, 9637-11431 (1)), GF(None, 11469-11628 (1)), GF(None, 11901-13596 (1)), GF(WYL domain-containing protein, 14995-17206 (1)), GF(DUF4351 domain-containing protein, 17338-18214 (-1)), GF(None, 18265-18481 (1)), GF(None, 18740-19112 (1)), GF(None, 19309-19693 (1)), GF(Repeat region, 13855-14985 (0)), GF(csx1, 11902-13596 (1)), GF(CRISPR-Cas locus, 4000-17206 (0))]
