Cas operons file:    Unnamed: 0         Contig  ...           locus_id           sample
0           1  NZ_AP018254.1  ...  GCF_002368395.1_1  GCF_002368395.1

[1 rows x 19 columns]
The chosen contig: NZ_AP018254.1
type: CDS
location: [2557288:2558509](-)
id: cds-WP_096621702.1
qualifiers:
    Key: Dbxref, Value: ['GenBank:WP_096621702.1']
    Key: ID, Value: ['cds-WP_096621702.1']
    Key: Name, Value: ['WP_096621702.1']
    Key: Parent, Value: ['gene-CDC37_RS10135']
    Key: gbkey, Value: ['CDS']
    Key: inference, Value: ['COORDINATES: similar to AA sequence:RefSeq:WP_015138099.1']
    Key: locus_tag, Value: ['CDC37_RS10135']
    Key: phase, Value: ['0']
    Key: product, Value: ['FAD/NAD(P)-binding protein']
    Key: protein_id, Value: ['WP_096621702.1']
    Key: source, Value: ['Protein Homology']
    Key: transl_table, Value: ['11']

GF(FAD/NAD(P)-binding protein, 727-1948 (-1))
type: CDS
location: [2558692:2559418](+)
id: cds-WP_096621703.1
qualifiers:
    Key: Dbxref, Value: ['GenBank:WP_096621703.1']
    Key: ID, Value: ['cds-WP_096621703.1']
    Key: Name, Value: ['WP_096621703.1']
    Key: Ontology_term, Value: ['GO:0006096', 'GO:0004807']
    Key: Parent, Value: ['gene-CDC37_RS10140']
    Key: gbkey, Value: ['CDS']
    Key: gene, Value: ['tpiA']
    Key: go_function, Value: ['triose-phosphate isomerase activity|0004807||IEA']
    Key: go_process, Value: ['glycolytic process|0006096||IEA']
    Key: inference, Value: ['COORDINATES: similar to AA sequence:RefSeq:WP_012410662.1']
    Key: locus_tag, Value: ['CDC37_RS10140']
    Key: phase, Value: ['0']
    Key: product, Value: ['triose-phosphate isomerase']
    Key: protein_id, Value: ['WP_096621703.1']
    Key: source, Value: ['Protein Homology']
    Key: transl_table, Value: ['11']

GF(triose-phosphate isomerase, 2131-2857 (1))
type: CDS
location: [2559513:2559963](-)
id: cds-WP_096621705.1
qualifiers:
    Key: Dbxref, Value: ['GenBank:WP_096621705.1']
    Key: ID, Value: ['cds-WP_096621705.1']
    Key: Name, Value: ['WP_096621705.1']
    Key: Ontology_term, Value: ['GO:0004550']
    Key: Parent, Value: ['gene-CDC37_RS10145']
    Key: gbkey, Value: ['CDS']
    Key: gene, Value: ['ndk']
    Key: go_function, Value: ['nucleoside diphosphate kinase activity|0004550||IEA']
    Key: inference, Value: ['COORDINATES: similar to AA sequence:RefSeq:WP_015113141.1']
    Key: locus_tag, Value: ['CDC37_RS10145']
    Key: phase, Value: ['0']
    Key: product, Value: ['nucleoside-diphosphate kinase']
    Key: protein_id, Value: ['WP_096621705.1']
    Key: source, Value: ['Protein Homology']
    Key: transl_table, Value: ['11']

GF(nucleoside-diphosphate kinase, 2952-3402 (-1))
type: CDS
location: [2560560:2561067](-)
id: cds-WP_096621706.1
qualifiers:
    Key: Dbxref, Value: ['GenBank:WP_096621706.1']
    Key: ID, Value: ['cds-WP_096621706.1']
    Key: Name, Value: ['WP_096621706.1']
    Key: Parent, Value: ['gene-CDC37_RS10150']
    Key: gbkey, Value: ['CDS']
    Key: inference, Value: ['COORDINATES: similar to AA sequence:RefSeq:WP_016871233.1']
    Key: locus_tag, Value: ['CDC37_RS10150']
    Key: phase, Value: ['0']
    Key: product, Value: ['hypothetical protein']
    Key: protein_id, Value: ['WP_096621706.1']
    Key: source, Value: ['Protein Homology']
    Key: transl_table, Value: ['11']

GF(None, 3999-4506 (-1))
type: CDS
location: [2561253:2561874](-)
id: cds-WP_096621708.1
qualifiers:
    Key: Dbxref, Value: ['GenBank:WP_096621708.1']
    Key: ID, Value: ['cds-WP_096621708.1']
    Key: Name, Value: ['WP_096621708.1']
    Key: Parent, Value: ['gene-CDC37_RS10155']
    Key: gbkey, Value: ['CDS']
    Key: inference, Value: ['COORDINATES: similar to AA sequence:RefSeq:WP_006197828.1']
    Key: locus_tag, Value: ['CDC37_RS10155']
    Key: phase, Value: ['0']
    Key: product, Value: ['hypothetical protein']
    Key: protein_id, Value: ['WP_096621708.1']
    Key: source, Value: ['Protein Homology']
    Key: transl_table, Value: ['11']

GF(None, 4692-5313 (-1))
type: CDS
location: [2562091:2563327](-)
id: cds-WP_096621709.1
qualifiers:
    Key: Dbxref, Value: ['GenBank:WP_096621709.1']
    Key: ID, Value: ['cds-WP_096621709.1']
    Key: Name, Value: ['WP_096621709.1']
    Key: Ontology_term, Value: ['GO:0043571', 'GO:0003674']
    Key: Parent, Value: ['gene-CDC37_RS10160']
    Key: gbkey, Value: ['CDS']
    Key: gene, Value: ['csx2']
    Key: go_function, Value: ['molecular_function|0003674||IEA']
    Key: go_process, Value: ['maintenance of CRISPR repeat elements|0043571||IEA']
    Key: inference, Value: ['COORDINATES: similar to AA sequence:RefSeq:WP_016873398.1']
    Key: locus_tag, Value: ['CDC37_RS10160']
    Key: phase, Value: ['0']
    Key: product, Value: ['TIGR02221 family CRISPR-associated protein']
    Key: protein_id, Value: ['WP_096621709.1']
    Key: source, Value: ['Protein Homology']
    Key: transl_table, Value: ['11']

GF(TIGR02221 family CRISPR-associated protein, 5530-6766 (-1))
type: CDS
location: [2563337:2564117](-)
id: cds-WP_096621710.1
qualifiers:
    Key: Dbxref, Value: ['GenBank:WP_096621710.1']
    Key: ID, Value: ['cds-WP_096621710.1']
    Key: Name, Value: ['WP_096621710.1']
    Key: Parent, Value: ['gene-CDC37_RS10165']
    Key: gbkey, Value: ['CDS']
    Key: gene, Value: ['cas6']
    Key: inference, Value: ['COORDINATES: similar to AA sequence:RefSeq:WP_016873399.1']
    Key: locus_tag, Value: ['CDC37_RS10165']
    Key: phase, Value: ['0']
    Key: product, Value: ['CRISPR system precrRNA processing endoribonuclease RAMP protein Cas6']
    Key: protein_id, Value: ['WP_096621710.1']
    Key: source, Value: ['Protein Homology']
    Key: transl_table, Value: ['11']

GF(CRISPR system precrRNA processing endoribonuclease RAMP protein Cas6, 6776-7556 (-1))
type: CDS
location: [2564139:2564595](-)
id: cds-WP_096621711.1
qualifiers:
    Key: Dbxref, Value: ['GenBank:WP_096621711.1']
    Key: ID, Value: ['cds-WP_096621711.1']
    Key: Name, Value: ['WP_096621711.1']
    Key: Parent, Value: ['gene-CDC37_RS10170']
    Key: gbkey, Value: ['CDS']
    Key: inference, Value: ['COORDINATES: ab initio prediction:GeneMarkS-2+']
    Key: locus_tag, Value: ['CDC37_RS10170']
    Key: phase, Value: ['0']
    Key: product, Value: ['hypothetical protein']
    Key: protein_id, Value: ['WP_096621711.1']
    Key: source, Value: ['GeneMarkS-2+']
    Key: transl_table, Value: ['11']

GF(None, 7578-8034 (-1))
type: CDS
location: [2564635:2565946](-)
id: cds-WP_096621712.1
qualifiers:
    Key: Dbxref, Value: ['GenBank:WP_096621712.1']
    Key: ID, Value: ['cds-WP_096621712.1']
    Key: Name, Value: ['WP_096621712.1']
    Key: Ontology_term, Value: ['GO:0043571', 'GO:0003674']
    Key: Parent, Value: ['gene-CDC37_RS10175']
    Key: gbkey, Value: ['CDS']
    Key: gene, Value: ['csm5']
    Key: go_function, Value: ['molecular_function|0003674||IEA']
    Key: go_process, Value: ['maintenance of CRISPR repeat elements|0043571||IEA']
    Key: inference, Value: ['COORDINATES: similar to AA sequence:RefSeq:WP_009756704.1']
    Key: locus_tag, Value: ['CDC37_RS10175']
    Key: phase, Value: ['0']
    Key: product, Value: ['type III-A CRISPR-associated RAMP protein Csm5']
    Key: protein_id, Value: ['WP_096621712.1']
    Key: source, Value: ['Protein Homology']
    Key: transl_table, Value: ['11']

GF(type III-A CRISPR-associated RAMP protein Csm5, 8074-9385 (-1))
type: CDS
location: [2565963:2567025](-)
id: cds-WP_096621713.1
qualifiers:
    Key: Dbxref, Value: ['GenBank:WP_096621713.1']
    Key: ID, Value: ['cds-WP_096621713.1']
    Key: Name, Value: ['WP_096621713.1']
    Key: Ontology_term, Value: ['GO:0043571', 'GO:0003674']
    Key: Parent, Value: ['gene-CDC37_RS10180']
    Key: gbkey, Value: ['CDS']
    Key: gene, Value: ['csm4']
    Key: go_function, Value: ['molecular_function|0003674||IEA']
    Key: go_process, Value: ['maintenance of CRISPR repeat elements|0043571||IEA']
    Key: inference, Value: ['COORDINATES: similar to AA sequence:RefSeq:WP_016871237.1']
    Key: locus_tag, Value: ['CDC37_RS10180']
    Key: phase, Value: ['0']
    Key: product, Value: ['type III-A CRISPR-associated RAMP protein Csm4']
    Key: protein_id, Value: ['WP_096621713.1']
    Key: source, Value: ['Protein Homology']
    Key: transl_table, Value: ['11']

GF(type III-A CRISPR-associated RAMP protein Csm4, 9402-10464 (-1))
type: CDS
location: [2567026:2568004](-)
id: cds-WP_096621714.1
qualifiers:
    Key: Dbxref, Value: ['GenBank:WP_096621714.1']
    Key: ID, Value: ['cds-WP_096621714.1']
    Key: Name, Value: ['WP_096621714.1']
    Key: Ontology_term, Value: ['GO:0043571', 'GO:0003674']
    Key: Parent, Value: ['gene-CDC37_RS10185']
    Key: gbkey, Value: ['CDS']
    Key: gene, Value: ['csm3']
    Key: go_function, Value: ['molecular_function|0003674||IEA']
    Key: go_process, Value: ['maintenance of CRISPR repeat elements|0043571||IEA']
    Key: inference, Value: ['COORDINATES: similar to AA sequence:RefSeq:WP_016873403.1']
    Key: locus_tag, Value: ['CDC37_RS10185']
    Key: phase, Value: ['0']
    Key: product, Value: ['type III-A CRISPR-associated RAMP protein Csm3']
    Key: protein_id, Value: ['WP_096621714.1']
    Key: source, Value: ['Protein Homology']
    Key: transl_table, Value: ['11']

GF(type III-A CRISPR-associated RAMP protein Csm3, 10465-11443 (-1))
type: CDS
location: [2568006:2568402](-)
id: cds-WP_096621715.1
qualifiers:
    Key: Dbxref, Value: ['GenBank:WP_096621715.1']
    Key: ID, Value: ['cds-WP_096621715.1']
    Key: Name, Value: ['WP_096621715.1']
    Key: Ontology_term, Value: ['GO:0043571', 'GO:0003674']
    Key: Parent, Value: ['gene-CDC37_RS10190']
    Key: gbkey, Value: ['CDS']
    Key: gene, Value: ['csm2']
    Key: go_function, Value: ['molecular_function|0003674||IEA']
    Key: go_process, Value: ['maintenance of CRISPR repeat elements|0043571||IEA']
    Key: inference, Value: ['COORDINATES: similar to AA sequence:RefSeq:WP_016870166.1']
    Key: locus_tag, Value: ['CDC37_RS10190']
    Key: phase, Value: ['0']
    Key: product, Value: ['type III-A CRISPR-associated protein Csm2']
    Key: protein_id, Value: ['WP_096621715.1']
    Key: source, Value: ['Protein Homology']
    Key: transl_table, Value: ['11']

GF(type III-A CRISPR-associated protein Csm2, 11445-11841 (-1))
type: CDS
location: [2568467:2570828](-)
id: cds-WP_096621717.1
qualifiers:
    Key: Dbxref, Value: ['GenBank:WP_096621717.1']
    Key: ID, Value: ['cds-WP_096621717.1']
    Key: Name, Value: ['WP_096621717.1']
    Key: Ontology_term, Value: ['GO:0043571', 'GO:0003674']
    Key: Parent, Value: ['gene-CDC37_RS10195']
    Key: gbkey, Value: ['CDS']
    Key: gene, Value: ['cas10']
    Key: go_function, Value: ['molecular_function|0003674||IEA']
    Key: go_process, Value: ['maintenance of CRISPR repeat elements|0043571||IEA']
    Key: inference, Value: ['COORDINATES: similar to AA sequence:RefSeq:WP_016870165.1']
    Key: locus_tag, Value: ['CDC37_RS10195']
    Key: phase, Value: ['0']
    Key: product, Value: ['type III-A CRISPR-associated protein Cas10/Csm1']
    Key: protein_id, Value: ['WP_096621717.1']
    Key: source, Value: ['Protein Homology']
    Key: transl_table, Value: ['11']

GF(type III-A CRISPR-associated protein Cas10/Csm1, 11906-14267 (-1))
type: CDS
location: [2571554:2573486](-)
id: cds-WP_096621718.1
qualifiers:
    Key: Dbxref, Value: ['GenBank:WP_096621718.1']
    Key: ID, Value: ['cds-WP_096621718.1']
    Key: Name, Value: ['WP_096621718.1']
    Key: Parent, Value: ['gene-CDC37_RS10200']
    Key: gbkey, Value: ['CDS']
    Key: inference, Value: ['COORDINATES: protein motif:HMM:NF024907.4']
    Key: locus_tag, Value: ['CDC37_RS10200']
    Key: phase, Value: ['0']
    Key: product, Value: ['FG-GAP-like repeat-containing protein']
    Key: protein_id, Value: ['WP_096621718.1']
    Key: source, Value: ['Protein Homology']
    Key: transl_table, Value: ['11']

GF(FG-GAP-like repeat-containing protein, 14993-16925 (-1))
graphic feature from cctyper protein table: GF(Csx1, 4000-4506 (-1))
graphic feature from cctyper protein table: GF(PD, 4693-5313 (-1))
graphic feature from cctyper protein table: GF(Csx1, 5531-6766 (-1))
graphic feature from cctyper protein table: GF(Cas6, 6777-7556 (-1))
graphic feature from cctyper protein table: GF(Csm5gr7, 8075-9385 (-1))
graphic feature from cctyper protein table: GF(Csm4, 9403-10464 (-1))
graphic feature from cctyper protein table: GF(Csm3gr7, 10466-11443 (-1))
graphic feature from cctyper protein table: GF(Csm2gr11, 11446-11841 (-1))
graphic feature from cctyper protein table: GF(Cas10, 11907-14267 (-1))
Index(['protein_id', 'start', 'end', 'effector', 'locus', 'sample', 'strand',
       'sequence', 'type'],
      dtype='object')
graphic feature from known effectors: GF(csx1, 5531-6766 (-1))
Index(['protein_id', 'start', 'end', 'effector', 'locus', 'sample', 'strand',
       'sequence'],
      dtype='object')
[GF(FAD/NAD(P)-binding protein, 727-1948 (-1)), GF(triose-phosphate isomerase, 2131-2857 (1)), GF(nucleoside-diphosphate kinase, 2952-3402 (-1)), GF(None, 3999-4506 (-1)), GF(None, 4692-5313 (-1)), GF(TIGR02221 family CRISPR-associated protein, 5530-6766 (-1)), GF(CRISPR system precrRNA processing endoribonuclease RAMP protein Cas6, 6776-7556 (-1)), GF(None, 7578-8034 (-1)), GF(type III-A CRISPR-associated RAMP protein Csm5, 8074-9385 (-1)), GF(type III-A CRISPR-associated RAMP protein Csm4, 9402-10464 (-1)), GF(type III-A CRISPR-associated RAMP protein Csm3, 10465-11443 (-1)), GF(type III-A CRISPR-associated protein Csm2, 11445-11841 (-1)), GF(type III-A CRISPR-associated protein Cas10/Csm1, 11906-14267 (-1)), GF(FG-GAP-like repeat-containing protein, 14993-16925 (-1)), GF(Csx1, 4000-4506 (-1)), GF(PD, 4693-5313 (-1)), GF(Csx1, 5531-6766 (-1)), GF(Cas6, 6777-7556 (-1)), GF(Csm5gr7, 8075-9385 (-1)), GF(Csm4, 9403-10464 (-1)), GF(Csm3gr7, 10466-11443 (-1)), GF(Csm2gr11, 11446-11841 (-1)), GF(Cas10, 11907-14267 (-1)), GF(csx1, 5531-6766 (-1)), GF(CRISPR-Cas locus, 4000-14267 (0))]
